518 189
104 517
660 354
679 494
643 766
334 363
345 966
692 917
790 132
250 938
169 227
77 992
745 396
496 197
826 306
624 558
545 46
138 28
81 442
837 251
114 869
449 858
635 954
837 414
717 206
539 3
250 31
986 107
191 775
444 892
653 911
914 915
738 441
627 319
927 706
721 506
422 557
315 372
334 215
686 895
105 346
97 183
539 595
365 28
741 60
721 72
3 595
603 876
506 72
251 414
970 443
514 915
524 397
281 553
852 266
317 856
961 947
430 728
148 825
409 769
466 512
363 215
729 528
955 107
459 678
944 290
232 942
938 31
459 858
288 358
620 755
525 784
109 698
678 858
653 540
288 998
734 175
842 899
842 208
914 495
985 159
855 728
974 130
986 626
12 573
838 15
459 449
642 558
867 15
899 208
531 73
665 833
796 321
575 900
85 219
514 495
367 248
568 205
907 418
669 616
318 698
842 284
907 17
459 190
157 174
911 540
774 473
624 299
770 160
924 473
545 621
317 8
968 972
924 774
550 306
150 354
592 632
849 954
18 856
48 443
418 17
729 377
867 838
955 626
265 343
991 490
5 644
941 743
57 200
786 23
902 892
34 155
748 358
427 358
427 748
427 998
748 998
124 544
899 284
77 195
642 299
358 998
449 190
71 644
505 152
745 876
18 8
244 654
608 647
459 754
181 15
678 190
434 897
837 231
575 425
127 602
586 528
867 294
611 53
838 294
914 216
908 634
208 284
71 5
776 379
317 344
514 216
199 597
627 364
440 197
806 342
744 266
171 482
170 460
598 869
964 895
721 602
14 4
678 449
642 624
499 200
138 766
365 766
802 248
506 602
721 127
184 794
531 949
13 713
18 344
609 391
586 377
180 482
745 603
466 992
287 132
97 38
365 138
721 370
181 294
57 731
506 127
576 554
303 752
900 425
653 983
506 370
514 914
243 60
77 716
765 60
351 882
127 370
514 126
914 126
22 998
867 811
765 243
143 869
838 811
718 999
410 394
332 175
22 358
62 295
625 107
499 731
224 898
690 197
413 155
276 769
896 379
117 641
433 807
445 476
786 274
848 60
911 983
167 197
392 871
896 776
318 109
181 811
635 812
316 237
841 869
463 140
663 353
388 845
609 441
589 132
221 399
252 923
678 754
622 235
962 89
941 494
950 713
18 317
301 152
987 509
142 285
512 992
848 243
528 377
499 57
77 412
167 690
625 626
15 294
830 573
538 237
800 992
272 400
391 441
456 773
449 754
105 491
94 554
877 107
985 758
608 197
319 364
618 204
229 698
550 826
800 512
85 404
113 709
540 983
791 570
368 509
622 123
67 860
466 195
849 812
120 39
941 679
958 566
647 197
87 396
147 554
426 327
386 107
861 687
576 397
538 316
877 626
598 114
72 602
958 981
459 482
907 7
609 738
149 933
184 934
32 869
334 557
672 53
386 626
745 601
15 811
837 65
598 47
72 370
13 813
466 716
416 875
953 469
856 8
568 327
143 114
915 495
642 673
463 390
218 407
950 813
143 47
139 460
273 283
701 910
743 494
150 660
848 765
347 916
459 180
459 171
567 460
541 922
216 126
180 171
848 741
281 807
94 397
765 741
235 123
393 473
87 876
828 107
461 236
276 409
365 643
114 47
609 394
800 195
692 648
52 780
147 397
646 278
712 42
466 412
828 626
841 47
930 123
542 194
419 952
272 662
841 114
555 10
568 426
386 877
531 2
930 235
608 690
997 728
913 782
297 998
627 73
681 219
138 643
738 394
611 951
836 566
526 200
28 766
858 190
34 206
170 892
391 394
287 790
273 821
293 471
512 195
836 981
958 873
543 763
221 495
410 795
79 387
629 558
800 716
986 103
819 227
950 13
218 289
413 206
249 269
399 495
221 915
297 358
391 738
646 994
592 872
927 952
147 94
870 954
221 126
32 47
319 73
256 348
718 832
463 159
399 915
955 103
881 523
288 878
800 412
81 942
143 598
526 731
836 873
399 126
896 364
552 282
244 976
218 45
262 219
378 313
915 126
970 451
168 435
896 73
221 216
54 446
893 189
550 726
148 91
92 112
32 114
717 222
294 811
386 625
624 673
202 396
288 132
427 878
492 973
627 949
364 73
444 239
512 716
118 654
415 313
613 107
202 876
201 183
927 419
399 216
613 626
250 219
678 482
764 779
427 132
328 973
111 674
864 379
609 795
441 394
743 679
576 524
139 892
567 892
629 299
681 404
672 951
756 515
580 60
413 34
167 440
589 790
896 319
993 695
396 876
181 838
459 771
87 603
902 239
162 425
878 132
575 763
748 132
48 451
981 873
870 812
748 878
250 262
29 554
281 433
72 127
495 126
647 690
692 809
250 404
896 949
140 390
371 762
107 626
262 404
566 873
713 813
512 412
246 876
532 197
422 570
941 50
382 342
29 397
149 735
328 492
250 681
193 616
319 949
828 877
608 440
362 554
334 570
656 562
328 596
969 417
492 596
958 209
246 396
164 869
699 623
46 621
69 356
362 397
864 776
334 422
349 329
413 222
430 406
864 73
85 296
449 482
776 73
553 807
22 132
655 897
34 222
522 21
334 791
386 103
232 322
85 971
826 726
391 795
579 873
147 524
422 791
836 209
262 681
250 296
855 406
415 378
554 397
96 782
250 971
941 223
288 790
727 632
240 983
140 159
201 38
828 625
427 790
111 197
169 292
363 557
250 85
608 167
379 73
848 217
674 197
364 949
22 878
828 103
463 758
288 589
692 270
977 621
853 42
296 971
915 216
427 589
579 566
153 374
514 425
153 211
625 103
262 971
262 296
694 197
94 524
374 211
87 601
413 717
900 763
609 410
110 742
390 159
579 981
681 971
170 239
681 296
864 949
977 46
738 795
288 287
81 322
907 19
541 715
427 287
877 103
856 344
748 790
729 804
646 875
162 763
436 123
518 63
108 561
49 862
914 425
776 949
567 139
34 717
896 627
864 364
371 895
135 666
447 112
427 288
841 598
765 217
822 652
688 883
514 763
448 310
748 589
428 869
74 898
794 934
954 812
162 900
9 476
567 239
205 327
941 536
139 239
531 529
896 2
514 900
531 746
81 232
379 949
262 85
748 287
514 162
529 746
22 790
914 763
919 189
202 603
745 901
846 709
627 2
432 306
466 77
362 29
931 710
254 342
809 270
762 895
857 615
92 811
999 832
404 971
858 754
874 876
579 209
278 994
37 377
22 589
914 900
786 291
241 682
929 73
177 39
537 190
702 123
902 444
164 47
508 197
613 103
565 973
92 294
22 287
646 416
404 296
202 601
192 574
514 575
32 598
629 673
345 443
297 132
246 603
864 319
180 771
514 543
914 162
454 407
464 935
459 258
776 364
586 804
836 958
137 595
864 2
541 314
413 233
867 121
18 607
461 397
678 171
61 405
319 2
181 121
582 460
565 596
531 650
550 947
571 511
447 811
678 771
514 302
929 949
537 754
171 771
413 710
575 543
170 444
18 612
219 971
442 942
587 709
170 902
413 931
888 897
537 858
913 682
838 121
441 795
246 601
874 396
454 289
914 543
428 47
425 763
436 235
914 575
488 8
34 233
461 554
689 197
427 760
914 302
582 892
678 180
648 270
647 440
877 625
681 85
34 710
499 450
454 45
575 302
221 763
386 955
447 294
459 649
721 600
221 425
288 760
32 841
567 444
828 955
776 2
829 813
135 590
537 482
421 73
139 444
694 674
181 867
188 423
541 389
981 209
543 302
399 763
34 931
567 902
112 811
488 344
120 490
466 283
896 746
139 902
363 570
162 302
566 209
219 296
828 386
399 425
183 38
181 408
867 408
913 241
466 821
364 2
140 758
162 543
618 122
155 206
449 771
748 760
233 710
398 175
828 986
497 129
243 741
379 2
702 235
362 524
386 986
858 482
149 775
421 949
506 600
857 452
236 397
488 856
838 408
253 106
90 873
995 145
460 892
318 585
878 790
896 529
850 869
745 871
667 957
798 414
607 612
164 114
29 524
430 882
22 760
244 30
77 283
118 976
855 882
627 746
297 790
929 2
363 791
77 821
181 126
162 575
864 746
896 650
297 878
867 126
379 364
609 102
221 900
442 322
938 971
567 170
35 159
428 114
800 283
745 392
838 126
147 576
864 627
800 821
514 824
50 223
112 294
221 302
96 682
613 625
323 628
717 710
582 239
281 346
318 623
754 482
427 917
281 491
399 900
139 170
391 410
466 273
259 123
550 961
399 302
236 554
948 942
325 691
545 677
613 877
300 959
938 296
545 921
864 529
826 947
346 491
221 543
580 741
92 15
926 869
181 495
968 342
537 771
929 364
717 233
900 302
345 451
418 7
677 921
914 824
867 495
288 917
32 143
864 650
663 394
319 746
181 216
427 270
317 612
278 875
421 2
867 216
177 490
104 476
874 603
627 529
972 342
874 601
428 164
903 60
297 589
541 544
627 650
721 23
463 985
303 978
721 274
915 763
776 746
800 77
838 495
427 648
408 126
399 543
798 251
317 607
526 57
37 528
580 243
702 436
427 809
838 216
748 917
179 341
297 287
288 270
221 575
929 379
461 524
181 763
603 601
529 650
250 320
449 171
867 763
87 901
81 767
948 322
155 222
181 915
639 773
743 223
169 212
190 482
525 298
838 763
867 915
929 746
580 217
90 209
32 462
31 971
748 270
288 648
119 739
379 746
22 917
829 713
850 47
276 423
288 809
717 931
506 23
506 274
938 219
552 722
143 462
221 162
909 342
777 992
399 575
390 758
181 425
743 50
618 275
735 775
567 834
276 188
243 217
432 726
433 491
867 425
838 915
800 273
459 166
121 126
139 834
22 270
109 585
836 753
748 648
289 45
364 746
240 540
351 890
459 125
216 763
109 623
748 809
427 692
798 231
838 425
495 763
18 937
319 650
585 623
855 430
367 574
433 346
391 102
229 623
328 115
170 834
77 273
841 462
776 650
229 585
848 160
421 746
181 302
486 684
22 648
973 596
49 755
867 302
447 15
221 824
514 887
517 476
22 809
933 775
434 523
31 296
319 529
929 650
938 404
994 875
169 159
894 234
62 133
858 771
905 812
1000 801
96 241
915 425
202 901
351 174
640 742
399 162
776 529
849 635
449 180
838 302
802 574
727 872
672 611
135 220
953 485
297 760
288 692
664 414
721 291
181 900
421 364
958 753
929 529
399 824
926 47
23 274
35 758
553 491
583 869
867 900
461 29
179 402
379 650
514 534
408 763
741 217
382 806
162 824
663 795
181 543
410 102
212 159
92 126
572 397
593 116
678 258
427 906
748 692
781 321
867 543
838 900
537 171
246 901
914 887
121 763
776 319
407 45
192 39
496 196
421 650
318 699
613 955
848 770
51 493
309 641
622 807
393 774
929 319
427 123
460 239
743 536
18 873
929 776
553 346
838 543
229 109
730 971
379 529
166 125
608 196
62 248
855 890
855 174
751 446
92 763
506 291
430 890
1 698
430 174
512 283
890 174
22 692
358 132
364 650
181 575
613 986
915 302
512 821
914 534
35 390
177 120
549 285
421 529
942 322
867 575
447 126
288 906
259 235
87 871
495 216
777 195
993 959
181 824
288 123
608 496
526 450
598 462
754 771
537 180
367 39
867 824
92 121
184 960
90 566
672 784
906 123
447 763
937 873
721 786
748 123
748 906
90 981
838 575
349 676
135 339
463 920
802 39
92 408
838 824
686 805
421 379
893 63
51 176
461 362
730 296
611 784
678 649
808 869
181 162
22 123
190 771
92 216
407 289
664 251
427 235
579 753
353 394
92 495
133 248
334 998
22 906
557 570
456 892
92 425
427 259
629 624
622 491
867 162
982 742
15 126
855 351
492 115
575 824
861 728
854 813
92 302
718 584
87 392
15 763
430 351
408 216
966 443
262 320
169 758
664 231
639 892
917 270
364 529
236 524
495 425
408 425
202 871
850 114
408 495
155 710
297 270
997 406
297 917
126 763
862 755
216 425
317 873
572 554
638 8
583 47
531 257
121 425
852 194
537 449
838 162
896 257
288 235
221 887
817 515
18 209
622 346
121 216
388 895
777 716
896 531
408 302
648 809
121 495
447 425
777 412
846 113
121 302
995 210
765 160
930 807
495 302
506 786
447 216
537 258
20 775
748 235
334 132
447 302
447 495
216 302
449 258
447 121
288 259
221 534
92 915
246 871
738 102
692 123
447 408
22 235
602 370
338 863
638 344
399 887
427 436
181 887
53 951
421 319
181 399
655 523
456 239
773 892
645 312
748 259
92 900
202 392
31 219
308 628
745 467
867 887
639 239
428 462
167 196
181 534
112 763
367 192
297 809
92 543
930 491
215 570
297 648
826 961
399 534
367 490
868 535
192 490
997 882
425 302
574 39
867 534
22 259
608 563
849 546
427 702
902 834
466 569
864 257
565 115
888 523
919 63
802 490
838 887
867 399
81 203
144 93
315 479
334 358
206 222
58 38
461 94
169 390
218 383
121 408
607 873
57 450
587 113
92 824
112 126
537 649
432 947
838 534
518 182
246 392
447 915
427 807
622 553
15 302
635 546
118 30
447 900
483 615
427 491
288 436
802 192
229 699
15 425
693 892
909 972
930 346
421 776
874 901
716 412
447 543
181 221
937 209
808 47
915 900
582 444
926 114
730 219
250 457
427 346
773 239
92 575
180 258
488 612
212 758
748 436
427 930
297 123
488 873
31 404
449 649
317 209
612 873
647 196
447 824
725 700
532 690
885 385
765 770
117 17
838 399
251 231
905 954
22 436
639 456
915 543
807 491
610 628
993 300
288 702
855 157
721 588
993 775
703 840
300 775
288 491
288 807
458 394
693 239
867 221
730 404
702 491
685 443
430 157
702 807
427 553
622 433
605 95
748 491
748 807
582 834
15 216
822 606
112 302
155 233
748 702
288 346
427 433
317 937
798 65
427 622
22 491
406 882
730 31
998 132
292 159
111 690
707 473
22 807
109 699
447 575
496 563
15 495
748 346
365 630
545 644
112 425
639 460
22 702
915 824
121 900
661 811
878 589
22 346
213 158
482 771
800 569
288 930
20 933
428 598
456 460
318 657
121 543
638 856
924 322
461 576
20 735
819 159
297 692
702 346
715 314
408 900
92 162
6 158
848 827
681 320
215 557
6 213
687 728
297 906
92 887
172 129
488 607
171 258
748 930
508 674
121 824
672 298
341 402
408 543
371 964
422 132
288 553
92 534
929 627
353 795
389 544
512 273
427 281
164 462
145 210
506 588
76 295
838 221
162 887
948 442
408 824
693 773
177 991
288 433
294 763
22 930
706 952
748 553
513 266
18 566
155 931
297 235
18 981
422 998
436 491
648 123
618 700
929 257
748 433
694 690
692 906
22 553
162 534
334 790
444 834
62 39
472 869
288 622
627 257
663 441
809 123
488 209
27 769
819 292
997 174
582 902
22 433
244 366
878 287
15 900
744 194
933 735
447 887
232 767
851 471
818 93
715 544
864 531
15 543
15 824
878 760
993 735
993 933
543 824
748 622
874 871
447 534
287 760
112 216
822 453
427 105
363 132
607 209
900 824
121 915
953 654
180 649
618 725
583 114
966 451
447 162
459 375
909 968
421 257
924 942
22 622
314 544
886 811
112 495
816 935
572 524
692 235
980 380
288 281
436 807
661 763
948 767
888 655
215 791
66 211
589 760
900 543
167 563
748 281
659 116
611 298
930 553
516 197
225 471
693 460
541 124
574 490
993 20
442 767
672 525
436 346
112 824
906 235
22 281
363 998
50 536
61 530
948 232
181 914
280 992
985 920
300 735
112 543
686 723
541 697
112 900
715 389
300 933
371 805
886 763
459 793
169 35
664 65
297 259
842 397
612 209
288 105
663 102
587 846
638 873
508 690
776 257
938 85
283 821
62 490
297 491
421 627
610 308
126 302
748 105
124 697
874 392
15 408
461 147
326 788
15 915
225 851
495 824
408 915
259 491
22 105
930 433
997 890
48 970
62 574
811 763
982 640
328 558
867 914
229 657
297 807
557 791
297 346
782 682
647 563
121 575
917 123
133 39
761 266
171 649
807 346
518 621
773 460
67 60
959 775
685 451
206 710
550 705
326 965
214 832
442 232
216 824
458 795
856 873
788 965
678 125
855 787
904 641
254 806
138 630
478 825
938 320
887 534
294 302
351 157
297 436
401 763
661 302
15 575
661 294
659 593
695 775
430 787
545 5
950 342
466 267
483 452
818 144
702 553
881 369
463 632
696 348
319 257
661 126
674 690
552 494
495 543
58 183
466 835
334 760
441 102
379 257
819 758
408 575
551 875
112 915
85 320
406 174
309 17
401 811
294 126
259 346
367 120
886 302
187 597
92 399
918 400
695 959
808 114
111 532
32 763
849 614
112 575
77 569
702 433
121 534
802 120
495 900
334 589
15 534
838 914
121 887
15 887
963 285
250 417
259 807
661 425
611 525
537 125
334 287
472 47
600 274
964 805
15 121
297 553
678 166
112 408
422 358
909 806
169 140
955 986
2 746
297 433
850 462
886 126
328 299
427 847
90 753
37 804
848 16
297 702
692 491
112 534
109 657
892 239
638 209
112 887
730 320
216 543
133 490
334 878
371 723
181 514
143 763
87 467
317 566
344 873
915 575
693 456
111 440
408 534
622 281
317 981
212 390
32 811
855 556
362 94
334 270
993 149
334 123
841 763
408 887
294 425
532 440
270 123
886 425
297 930
117 7
428 763
878 123
886 294
48 437
347 573
430 556
878 270
18 753
8 873
401 302
111 196
454 383
532 196
202 467
970 437
280 195
591 197
244 873
909 254
32 302
92 221
635 614
537 166
858 258
292 758
300 20
367 991
977 921
730 85
440 196
796 596
488 937
968 806
244 8
879 755
802 991
915 534
363 358
393 322
216 900
580 160
276 940
25 876
903 217
661 824
287 123
694 196
32 401
379 319
589 123
915 887
692 346
297 281
334 917
215 132
757 489
600 23
565 492
112 121
800 267
567 771
598 763
244 344
80 197
288 847
246 467
906 491
428 841
32 126
867 514
345 437
508 196
396 601
718 820
18 90
800 835
76 248
748 847
297 622
842 554
575 534
139 771
401 126
143 811
694 440
143 302
32 425
22 847
811 302
447 399
422 790
328 673
848 431
297 105
141 471
428 302
314 389
886 824
841 302
76 39
428 811
401 425
841 811
366 873
692 807
870 546
761 513
689 690
164 763
248 39
508 440
510 73
287 270
661 543
557 132
856 209
156 204
565 558
836 247
926 462
575 887
510 949
796 973
345 970
589 270
492 558
278 416
622 105
334 809
848 468
661 900
32 294
972 806
363 790
280 412
32 824
222 710
975 971
334 648
488 566
143 126
488 981
432 961
428 126
345 48
294 824
661 216
143 425
791 132
118 873
428 425
334 235
190 754
765 827
841 126
850 763
55 778
886 543
841 425
567 482
181 335
15 162
428 143
598 302
182 621
228 983
244 209
760 123
13 342
401 824
112 162
886 900
280 716
139 482
463 872
661 495
508 694
170 771
76 490
648 235
32 543
334 491
295 39
674 196
858 649
906 346
447 221
449 125
774 322
877 986
838 514
181 370
364 257
126 425
926 763
428 824
32 900
777 821
997 157
164 302
143 824
181 602
867 335
777 283
695 735
510 746
35 140
732 992
886 216
583 462
841 824
92 914
401 294
882 174
32 216
31 320
357 769
583 763
867 370
598 811
462 763
661 534
695 933
112 15
32 886
334 346
693 639
428 294
964 723
867 602
303 845
752 978
809 235
309 7
32 495
689 196
968 254
428 401
878 917
877 955
730 938
143 294
661 887
693 834
886 495
639 834
334 906
598 425
428 543
648 491
167 496
850 302
133 574
565 299
838 335
32 534
702 930
478 91
244 856
598 126
401 543
344 209
436 553
334 807
143 543
937 566
248 490
518 46
797 978
841 294
937 981
838 370
428 900
32 887
510 2
886 534
580 770
169 920
143 401
838 602
545 71
841 543
164 811
393 942
948 203
143 900
661 575
300 149
422 123
809 491
492 299
8 209
401 900
808 763
164 425
570 132
317 753
886 887
111 563
295 490
830 12
366 209
924 767
32 575
1 623
514 335
164 126
841 900
514 370
906 807
428 216
508 532
926 302
294 543
371 686
335 370
436 433
598 824
811 425
121 162
192 120
363 123
514 602
495 534
118 209
366 8
238 641
30 873
918 662
32 661
405 530
537 678
893 621
508 563
953 976
428 534
941 268
143 216
428 495
841 401
583 302
532 563
262 457
797 752
202 87
428 887
894 465
560 780
164 824
335 602
638 612
62 120
73 949
170 482
143 534
702 281
841 216
118 8
886 575
235 491
694 563
421 929
702 105
850 425
143 495
919 621
401 216
485 654
878 491
841 534
215 998
92 370
199 509
143 887
721 860
878 235
32 915
811 126
62 192
62 991
192 991
406 890
92 602
294 900
281 105
850 126
401 534
449 166
850 811
295 248
422 760
841 495
92 335
841 887
582 771
428 575
366 344
456 834
565 673
930 105
118 344
495 887
462 302
297 847
191 978
930 281
118 366
975 296
358 790
904 17
334 692
610 323
850 824
669 683
401 887
488 753
722 494
216 534
967 869
598 543
510 650
661 915
401 495
808 302
648 346
439 348
334 259
926 425
143 575
363 760
917 491
447 914
428 886
334 553
242 385
334 433
492 673
422 270
841 575
598 900
272 952
993 978
583 425
164 543
926 126
819 390
61 778
811 824
447 370
345 21
685 966
854 713
926 824
22 748
428 915
447 602
809 346
993 191
690 196
334 436
926 811
287 491
808 462
259 553
589 491
583 126
914 370
119 863
363 270
49 620
32 408
164 900
114 763
993 752
692 553
598 294
92 514
583 824
917 235
598 534
878 346
993 797
914 602
692 259
282 494
730 681
674 440
896 26
732 195
294 534
692 433
886 915
401 575
583 811
689 440
447 335
259 433
216 887
32 162
689 674
442 203
850 543
191 752
120 991
598 887
428 661
164 534
598 216
250 969
579 958
303 895
143 915
73 746
842 524
72 274
874 467
164 294
878 809
472 763
508 111
190 258
306 726
729 100
287 235
859 469
589 235
850 900
164 887
808 425
953 873
422 491
841 915
126 824
164 216
949 746
663 738
267 835
143 886
802 367
371 992
598 495
893 182
294 887
754 258
995 934
506 860
959 735
421 531
363 491
32 121
850 534
557 998
334 105
689 563
808 824
739 863
926 543
914 335
462 425
428 408
972 254
808 126
590 220
164 495
434 369
334 281
674 563
428 162
358 123
583 543
850 887
30 209
551 994
647 496
22 288
422 235
922 544
686 992
169 985
598 575
648 807
141 851
997 351
693 444
567 258
919 182
926 900
61 55
786 588
861 174
802 177
841 886
367 177
512 569
461 863
850 294
850 216
363 235
294 216
878 807
462 824
929 531
287 917
287 346
917 346
977 677
334 930
589 346
583 900
191 797
589 917
221 370
567 754
164 575
926 534
976 873
72 23
732 412
41 473
139 258
808 811
422 346
902 771
579 247
462 126
582 482
461 739
583 534
552 679
567 190
764 173
878 648
221 602
721 60
997 787
422 917
271 984
363 346
850 495
926 887
440 563
422 589
694 532
334 702
422 287
566 981
864 26
338 197
774 942
408 162
35 920
958 247
398 332
661 162
114 302
143 162
143 661
143 408
661 408
583 887
76 574
139 754
428 121
20 149
950 806
363 917
959 933
472 302
790 123
809 807
318 530
850 575
773 834
139 190
363 589
363 287
841 162
351 787
401 915
808 543
353 102
926 216
841 408
472 114
567 649
692 436
424 666
66 374
461 119
583 216
48 21
589 287
926 294
270 491
118 856
937 753
841 661
139 649
463 727
334 622
808 900
583 294
926 495
422 807
808 534
32 15
760 491
693 771
732 716
399 370
886 162
244 612
583 495
363 807
598 915
215 123
418 19
926 575
399 602
639 444
533 616
808 887
900 534
447 514
583 575
953 209
458 102
422 809
164 915
748 288
587 129
427 749
886 408
461 197
371 195
272 706
462 811
363 809
506 60
607 981
607 566
970 21
638 981
143 121
638 566
964 992
638 607
639 771
294 495
119 197
117 19
924 232
362 576
444 771
897 523
589 807
287 807
246 87
760 270
181 127
190 649
215 790
318 405
462 543
235 346
221 335
841 121
422 648
739 197
77 835
850 915
997 556
117 418
32 112
808 216
363 648
538 844
77 267
765 16
861 882
791 998
472 425
428 15
365 523
692 105
294 575
598 401
462 534
472 824
754 649
781 596
811 543
300 978
365 897
686 195
845 895
238 17
371 412
557 123
663 410
808 495
863 197
462 900
170 258
309 19
164 401
904 7
867 127
808 575
917 807
456 771
808 294
924 203
598 162
993 895
114 425
229 530
829 342
888 369
462 887
950 254
164 162
696 256
993 845
114 824
870 614
583 926
583 915
926 915
180 125
47 763
169 632
485 873
472 126
309 418
401 162
967 763
334 847
699 657
422 878
811 534
846 129
899 397
919 893
967 47
661 121
363 878
805 723
147 197
32 370
150 507
244 981
244 566
976 209
428 112
850 162
422 906
909 382
32 602
363 906
371 716
598 408
164 408
586 100
9 445
358 491
686 412
838 127
950 972
164 598
552 223
495 575
760 346
98 227
638 753
436 105
318 778
140 920
521 746
425 824
170 649
215 491
878 906
850 401
428 370
791 123
977 644
805 992
692 281
693 902
300 752
428 602
236 29
723 992
54 44
422 553
363 553
850 408
422 433
363 433
133 991
22 749
282 722
363 422
399 335
92 127
112 370
114 126
270 346
472 543
98 159
773 771
695 149
583 162
811 900
748 749
472 534
926 162
401 408
288 749
362 197
112 602
762 992
730 457
215 358
654 873
232 203
811 887
259 105
263 414
351 556
576 197
143 15
886 121
836 227
836 159
227 159
808 915
557 790
170 754
225 293
388 992
309 117
950 968
998 123
366 856
878 553
244 607
964 195
244 753
878 433
607 753
145 934
693 482
472 900
472 887
900 887
589 809
462 216
687 174
686 716
421 26
938 681
72 600
836 98
760 235
207 321
841 15
472 811
32 335
637 746
287 809
996 39
170 190
461 338
143 370
765 431
458 353
94 197
300 797
967 302
583 408
82 312
143 602
543 534
164 121
557 491
902 482
841 370
277 652
926 408
215 346
229 405
510 529
841 602
598 121
15 370
462 575
32 399
521 949
147 863
388 762
318 55
388 723
393 767
762 723
428 335
236 197
567 858
582 258
781 973
138 523
29 197
613 386
850 121
15 602
583 401
919 46
572 197
114 534
358 346
462 495
262 417
447 127
790 491
996 490
363 105
133 120
929 26
114 543
906 553
422 105
808 162
164 886
570 123
906 433
859 873
76 991
552 536
964 412
47 302
893 46
215 270
765 468
521 73
388 805
869 763
2 650
639 482
229 778
181 274
646 443
926 401
215 235
428 399
860 60
572 29
62 177
363 259
139 858
118 612
363 436
598 886
114 887
422 259
14 932
485 209
553 433
499 728
181 23
422 436
762 805
850 886
456 444
300 191
143 112
20 978
664 798
834 771
655 369
583 121
472 216
791 491
114 900
270 235
109 530
903 741
469 873
215 760
363 281
164 661
582 649
32 221
118 981
850 598
695 978
118 566
557 346
472 575
422 281
993 303
926 121
808 408
867 274
164 370
171 125
661 370
950 382
164 602
850 370
841 112
143 335
637 949
215 807
598 370
521 650
580 827
472 495
388 195
358 235
263 231
861 890
661 602
850 602
850 661
295 574
138 897
598 602
964 716
867 23
76 120
841 335
428 221
886 370
521 2
695 20
551 416
488 317
967 824
598 661
567 125
878 105
118 753
762 195
300 895
358 270
67 217
112 335
583 370
886 602
405 778
589 648
395 710
424 220
760 807
612 981
953 30
953 8
567 171
583 602
30 8
462 294
537 375
805 195
612 566
967 425
637 73
646 451
926 370
448 211
456 482
31 85
819 212
838 274
139 125
401 121
181 600
583 886
926 602
92 274
287 648
114 811
791 790
18 247
388 412
169 872
259 436
572 236
953 344
589 433
72 291
557 235
486 33
690 563
589 553
229 55
25 601
191 895
161 504
287 433
207 596
61 891
32 914
287 553
723 195
998 491
648 433
838 23
444 482
570 491
92 23
648 553
139 171
181 291
639 902
950 909
363 692
570 998
796 115
791 346
181 72
762 412
30 344
637 650
808 121
583 661
777 273
401 370
488 90
259 281
318 891
557 270
799 597
654 209
358 807
92 838
579 159
842 197
808 370
472 294
428 914
926 886
916 573
363 930
238 7
436 281
422 692
514 127
401 602
790 346
612 753
398 734
244 638
825 91
759 898
808 602
836 758
318 61
143 399
859 209
805 412
867 600
121 370
808 401
531 26
164 15
557 807
422 930
637 2
869 302
406 157
850 15
208 397
582 754
317 90
695 752
244 937
362 863
669 132
841 399
371 732
47 824
280 821
121 602
388 716
967 126
867 291
855 989
926 661
460 771
447 274
638 937
164 335
462 915
300 845
850 335
693 258
250 45
958 159
967 534
723 412
472 915
114 216
114 575
216 575
985 632
321 596
867 72
280 283
692 930
582 190
859 654
149 978
938 457
878 281
537 793
598 15
557 358
447 23
270 807
472 462
109 778
598 335
92 600
583 15
850 164
583 335
572 94
15 335
809 433
797 895
32 127
838 600
762 716
47 425
206 233
404 320
773 482
583 598
809 553
552 50
557 760
967 543
567 180
567 166
878 436
20 752
92 291
428 127
363 702
180 166
215 917
967 887
469 209
858 125
430 989
566 753
13 806
926 335
570 346
838 291
791 235
695 895
363 622
924 442
981 753
576 863
73 650
143 221
363 847
358 760
878 259
693 649
345 522
677 644
422 702
796 558
926 15
250 289
114 495
472 162
139 166
802 801
366 753
92 72
126 534
118 607
589 906
366 981
695 797
422 622
422 847
366 566
730 417
622 847
993 992
32 514
841 221
139 180
805 716
967 900
367 801
589 105
661 335
838 72
904 19
998 346
229 891
518 921
287 906
791 807
215 433
428 514
287 105
462 162
639 258
215 553
906 105
678 375
297 749
808 886
20 895
609 11
109 405
702 847
837 866
1 585
579 227
808 335
886 335
745 768
219 320
181 588
543 887
681 457
447 600
408 370
826 705
721 217
683 132
850 112
572 863
808 661
447 291
215 809
236 94
170 125
207 973
508 496
70 763
791 270
295 991
687 882
18 159
164 112
723 716
250 407
424 590
902 258
35 632
408 602
980 266
143 914
819 920
292 390
752 895
774 767
62 801
463 592
459 652
427 803
583 112
76 133
187 509
850 399
808 15
98 758
639 649
472 370
143 127
110 86
689 532
648 105
47 534
32 274
841 914
428 274
867 588
236 863
993 195
424 339
472 602
707 322
164 399
526 728
841 127
215 105
447 72
917 433
583 399
570 790
94 863
869 824
32 23
215 648
975 320
428 23
914 127
510 257
472 408
401 335
993 412
917 553
702 622
570 235
170 858
191 845
587 172
953 856
47 126
109 55
181 786
92 588
456 258
811 575
229 61
303 992
953 753
958 227
147 739
790 235
20 797
462 370
692 847
856 753
949 650
669 123
524 197
695 845
570 807
215 906
428 32
598 112
926 112
967 575
39 490
926 598
583 164
462 602
902 649
427 990
579 758
975 219
557 433
967 811
47 887
879 862
838 588
852 542
926 399
395 222
695 191
598 399
557 553
371 821
393 203
590 339
796 299
953 981
967 216
572 576
850 221
953 566
47 543
790 807
366 612
993 716
294 915
600 291
678 793
506 217
371 283
263 251
112 399
557 917
869 425
661 15
149 895
809 105
428 291
583 221
428 600
32 291
796 673
32 600
70 302
975 404
867 786
512 835
850 127
861 157
514 274
164 221
456 649
587 497
212 920
669 491
583 127
693 754
714 384
791 760
276 889
164 127
589 281
29 863
275 700
215 287
206 931
967 495
447 588
582 125
215 281
92 786
170 171
904 418
459 277
114 915
143 274
641 17
115 558
287 281
808 399
215 589
958 758
221 127
856 981
811 216
841 274
512 267
35 985
514 23
886 15
579 98
856 566
926 127
114 294
300 992
808 112
557 105
472 121
444 258
428 72
993 723
693 190
850 914
143 23
982 86
18 227
926 221
118 937
462 408
32 72
143 514
773 258
170 166
995 794
598 127
30 753
126 887
321 973
583 914
47 900
998 235
841 23
732 821
358 433
977 5
998 807
683 123
838 786
570 270
295 120
598 221
520 356
358 553
303 195
841 514
164 914
651 279
818 204
557 809
878 930
808 127
20 845
878 847
18 758
109 891
147 119
472 335
732 283
773 444
930 847
235 807
721 67
114 162
869 534
215 436
22 803
993 805
428 588
627 26
303 412
181 60
25 396
488 247
114 370
669 346
32 588
791 433
808 221
683 491
850 274
131 789
112 127
583 274
171 166
306 947
791 553
926 914
917 105
447 786
773 649
193 132
114 602
499 174
62 367
686 821
141 293
748 803
444 649
488 159
687 890
143 291
162 370
182 46
215 259
850 23
164 274
695 992
583 23
953 612
143 600
692 622
841 291
959 978
776 26
300 195
434 881
288 803
686 283
30 981
988 775
70 824
63 621
841 600
30 566
334 749
557 648
926 274
294 370
867 60
164 23
76 192
247 159
598 914
899 554
13 254
987 561
557 906
92 60
300 412
869 887
854 342
22 990
162 602
899 197
399 127
583 850
939 372
428 786
808 914
554 197
926 23
121 335
358 105
959 895
598 274
317 159
294 602
227 758
557 281
808 274
589 436
32 786
967 915
791 105
639 754
191 992
303 716
905 546
693 125
967 370
317 247
294 162
111 496
748 990
869 126
149 752
459 606
598 23
914 274
456 902
888 881
583 514
808 23
838 60
62 802
469 654
850 514
583 291
170 180
388 964
215 847
850 291
967 602
582 858
993 762
287 436
648 906
147 338
238 19
514 291
580 16
405 55
869 543
20 992
143 72
808 598
915 370
583 600
582 166
288 990
850 600
70 425
938 417
760 433
967 162
841 72
62 1000
683 346
695 195
978 895
661 127
447 60
300 716
462 335
967 294
689 694
164 291
791 358
193 123
802 1000
169 727
18 958
886 127
858 166
458 441
648 281
639 190
551 278
282 679
514 600
692 702
428 60
745 78
143 588
18 98
388 821
572 362
906 281
695 412
837 134
914 23
926 291
760 553
466 279
164 600
92 867
299 673
915 602
574 991
958 98
964 821
834 482
215 930
791 917
181 860
570 433
32 60
164 514
841 588
193 491
669 807
1 657
926 600
367 1000
919 921
459 453
388 283
582 171
570 553
842 863
846 172
797 845
358 917
828 387
428 447
344 753
70 534
808 291
73 2
380 266
964 283
926 514
669 235
415 935
570 760
236 576
221 274
466 651
598 291
462 121
47 575
797 992
982 110
953 366
208 197
808 600
177 801
846 497
845 992
90 159
583 72
112 274
243 160
8 753
819 140
521 529
993 821
126 543
888 434
850 72
557 436
368 561
689 496
318 720
15 127
630 523
6 763
598 600
589 259
439 256
869 900
460 482
878 622
30 856
401 127
583 588
993 283
144 204
92 860
572 739
850 588
331 490
112 221
695 716
20 191
401 15
867 860
526 174
20 195
609 350
191 195
808 514
811 495
472 127
661 399
428 838
893 921
112 23
694 496
466 290
282 223
70 887
836 390
570 105
221 23
886 399
300 303
892 771
639 125
589 847
32 447
287 259
164 72
143 786
20 412
149 992
608 628
191 412
472 15
518 644
926 72
406 787
244 159
993 964
164 588
609 151
841 786
287 847
213 763
488 758
331 39
791 809
819 632
472 401
861 787
926 588
393 232
210 934
35 872
259 847
557 847
557 259
598 514
428 860
158 763
861 406
218 597
362 739
791 281
113 129
752 992
577 284
47 216
762 821
215 622
193 346
808 72
976 753
998 790
557 287
808 588
661 274
143 60
133 192
57 728
70 543
886 274
760 105
781 558
580 431
172 497
838 860
982 840
32 860
506 67
32 838
70 126
841 60
693 166
809 281
878 702
456 754
993 388
114 408
123 491
583 786
762 283
557 589
72 588
572 119
447 860
953 607
399 274
598 588
598 72
850 786
365 369
968 382
572 338
140 632
661 23
637 529
959 992
886 23
472 274
686 732
683 807
215 702
485 753
791 906
472 399
583 60
110 840
358 281
488 227
20 716
998 270
580 468
797 195
379 26
13 972
774 203
317 758
914 291
681 417
850 60
119 338
114 335
472 23
395 233
428 867
215 878
191 716
721 741
401 274
722 679
797 412
229 720
456 190
514 588
149 845
967 408
164 786
6 302
70 900
582 180
791 648
926 786
861 556
308 323
244 90
886 661
508 647
683 235
248 991
358 809
109 61
399 23
47 495
112 291
149 195
508 167
132 491
967 335
669 790
215 692
638 159
669 270
164 60
244 247
263 65
926 60
118 159
902 754
845 195
693 858
460 834
808 786
790 270
651 290
859 753
456 125
401 23
514 72
926 164
428 92
472 661
282 536
472 886
149 412
15 274
76 801
90 247
118 638
808 60
557 930
669 998
836 292
272 419
845 412
993 732
41 322
408 335
800 279
545 815
693 171
914 600
432 705
115 673
362 338
132 123
300 723
25 603
401 399
436 847
722 223
213 302
993 686
371 280
464 38
669 433
112 600
395 931
221 291
47 811
472 291
406 556
472 221
878 692
190 125
786 60
752 195
13 382
158 302
598 60
669 553
647 167
598 786
47 370
32 867
31 457
15 23
959 195
397 197
879 620
214 999
811 370
362 119
886 291
998 433
799 509
570 917
661 291
976 8
752 412
207 558
805 821
902 125
959 412
791 847
570 281
47 602
143 860
13 968
996 991
112 914
317 227
472 600
181 217
959 752
358 906
978 992
428 217
366 607
917 281
449 375
841 860
791 436
462 127
902 190
669 105
689 111
998 553
967 114
800 290
115 299
244 758
687 157
781 673
797 716
829 806
811 602
428 181
193 807
869 575
639 166
318 354
886 221
805 283
777 569
405 891
976 344
472 914
583 860
88 631
349 477
300 821
933 895
485 8
92 217
661 221
886 600
32 217
149 716
589 930
577 197
460 258
661 600
790 433
472 112
567 375
221 600
800 651
238 418
976 981
781 299
202 768
32 92
300 283
401 291
236 739
850 860
57 174
521 257
976 566
447 838
373 84
246 768
699 530
485 344
485 981
495 370
867 217
344 981
284 197
953 937
485 566
781 115
773 754
18 579
532 496
239 771
834 258
466 944
297 803
541 480
300 805
773 125
839 873
287 930
344 566
567 449
193 235
472 588
790 553
250 383
90 758
557 622
998 105
967 121
959 845
6 824
842 29
139 375
93 204
463 198
754 125
730 262
695 303
648 847
70 575
959 716
514 60
30 612
518 677
926 860
8 981
695 723
845 716
570 809
133 801
996 248
506 741
358 847
303 723
112 588
859 981
401 600
56 812
164 860
808 860
715 697
236 338
695 821
270 433
808 164
399 291
443 451
8 566
859 566
859 8
933 992
495 602
485 976
303 821
791 259
985 872
358 648
462 274
76 177
218 509
277 606
447 217
472 72
118 247
114 121
903 160
723 821
752 716
953 159
460 649
838 217
669 760
695 283
693 180
859 344
469 753
319 26
388 732
735 895
32 181
570 906
722 536
303 283
15 291
773 190
914 588
213 824
685 437
118 758
18 390
567 793
1 530
244 227
462 23
699 778
886 588
472 60
207 673
790 105
570 847
967 127
661 588
139 449
158 824
735 992
229 354
212 632
937 159
297 990
637 257
723 283
869 216
996 574
679 223
557 702
533 491
886 914
842 94
270 553
855 311
836 920
514 786
834 649
579 390
683 433
978 195
577 397
638 247
583 841
869 370
895 992
858 171
638 758
906 847
598 860
919 644
661 914
149 797
70 216
978 412
143 217
139 793
683 553
247 758
207 299
70 370
328 624
395 206
112 72
350 151
608 323
114 127
208 554
454 597
669 281
583 217
683 270
993 280
488 98
1 778
707 942
456 166
841 217
236 119
472 786
401 221
869 602
608 308
463 971
776 627
721 160
399 600
138 369
216 370
358 436
70 602
401 588
112 60
444 125
221 588
683 105
533 123
809 847
6 425
192 801
472 514
570 648
6 534
819 872
449 793
15 600
695 805
859 976
500 742
850 217
967 274
366 159
70 869
791 930
363 749
240 911
572 147
425 534
72 60
639 171
886 60
886 72
639 858
568 101
933 195
661 60
751 44
428 67
654 753
967 23
661 72
752 845
933 412
721 903
570 436
70 495
20 821
739 338
997 989
926 217
216 602
270 105
169 592
462 291
808 217
47 915
118 90
430 311
728 174
914 60
132 346
121 127
683 790
893 644
884 634
669 917
869 495
671 377
47 162
583 143
164 217
114 274
576 338
20 283
428 741
207 115
685 21
607 159
401 60
213 534
15 399
353 441
213 425
819 985
576 739
669 847
735 195
1 699
158 534
735 412
6 887
109 720
214 584
32 67
422 749
218 799
321 558
158 425
914 72
616 491
557 692
246 202
842 338
193 433
114 23
993 371
533 346
401 72
499 882
334 803
221 60
118 227
839 209
461 80
842 739
401 914
610 128
444 754
713 342
917 847
462 600
112 786
808 926
800 944
32 741
193 553
721 243
894 348
191 821
248 574
669 809
583 838
284 397
658 684
541 771
902 166
967 291
613 387
842 576
953 758
978 716
669 906
996 120
988 992
859 485
15 588
198 971
533 132
193 105
886 786
570 358
760 281
14 494
87 768
598 217
18 292
399 588
70 811
143 838
191 283
661 786
915 162
589 622
472 860
666 220
294 335
428 506
773 166
213 887
958 390
648 436
454 509
90 227
303 805
388 686
959 797
300 762
428 160
933 716
145 794
193 270
737 746
158 887
791 287
583 447
277 453
570 259
967 600
334 990
469 981
616 123
181 67
993 273
791 622
506 160
608 128
841 838
186 763
469 566
15 60
30 159
20 723
31 417
62 226
462 588
121 274
669 436
475 746
6 543
287 622
92 67
502 491
221 72
683 998
401 786
358 259
842 119
953 247
669 648
730 969
428 903
181 741
608 610
638 227
399 60
924 948
995 960
76 1000
114 291
92 741
480 771
687 787
461 591
32 160
499 890
428 243
809 906
735 716
895 195
791 589
836 632
317 98
18 920
895 412
450 174
721 770
462 60
850 838
988 195
988 412
972 382
761 194
967 588
32 506
149 821
143 447
683 281
444 190
988 895
366 937
639 180
25 901
170 375
959 821
428 770
583 867
371 273
179 547
967 60
448 374
246 78
816 38
462 399
869 811
121 23
202 78
48 522
149 283
428 721
914 786
6 126
25 871
195 412
32 903
950 91
797 821
244 98
583 67
998 281
616 346
583 741
959 283
321 673
579 292
570 930
70 162
886 112
640 86
488 390
213 543
193 790
32 243
899 524
70 915
867 67
867 741
472 217
67 741
114 600
841 447
94 338
683 760
641 7
922 389
366 758
669 259
158 543
557 878
925 197
143 741
502 123
797 283
6 900
143 67
638 90
612 159
773 902
518 5
47 335
575 370
463 296
456 171
32 770
967 399
687 556
937 758
841 741
640 840
850 447
530 778
841 67
683 847
850 741
447 741
711 266
808 838
850 67
933 978
636 197
295 801
447 67
109 354
791 702
300 964
541 239
108 810
579 920
695 762
143 867
462 15
988 716
514 860
221 786
462 72
181 160
358 930
92 160
15 72
926 838
760 847
808 741
977 71
114 588
953 227
114 60
967 72
669 930
506 903
808 67
29 338
456 858
213 126
32 721
926 741
967 15
669 358
588 60
179 519
856 159
583 160
86 840
321 299
838 741
415 38
85 457
859 159
730 45
92 181
186 302
193 281
926 67
300 732
170 793
533 807
502 346
576 119
609 304
859 856
244 317
886 860
506 243
841 867
158 126
850 867
967 462
838 67
575 602
959 149
485 159
213 900
112 860
752 821
1 55
904 117
661 860
850 841
998 847
582 375
282 50
164 741
262 969
583 181
169 971
967 786
143 160
20 805
583 92
428 827
462 786
444 166
158 900
850 160
841 160
553 105
408 127
361 873
836 212
164 67
808 447
905 614
70 335
469 8
1 891
867 160
752 283
193 847
661 112
401 860
583 903
18 632
831 310
583 243
829 254
802 226
869 162
808 160
15 786
469 344
607 758
967 221
399 72
97 573
506 770
13 909
292 920
386 387
616 132
447 160
92 903
92 243
133 177
654 981
919 677
845 821
901 871
191 723
926 160
244 390
583 770
976 159
181 903
413 719
181 243
94 739
886 514
583 506
654 566
950 825
808 867
896 42
589 702
683 917
485 856
926 447
903 243
869 915
193 998
859 612
570 622
450 728
655 881
121 291
122 700
92 770
164 838
32 827
317 390
6 370
248 120
738 410
526 882
47 294
181 770
836 140
193 760
462 221
669 622
828 79
693 375
695 964
30 758
143 243
143 903
842 236
850 243
895 716
967 914
689 167
845 283
850 903
118 98
698 623
367 226
164 160
163 596
836 872
730 289
695 732
841 243
408 274
6 602
737 650
841 903
92 506
143 770
838 160
850 770
683 906
926 867
598 741
608 595
533 235
669 570
841 770
808 243
181 506
808 903
661 514
373 876
582 793
475 650
585 657
998 760
488 958
808 770
428 16
140 872
790 281
926 243
683 809
6 575
262 45
399 786
886 217
143 506
707 767
547 519
287 702
953 90
926 903
850 506
585 778
29 739
366 247
600 60
114 72
657 778
598 67
926 770
488 920
867 243
213 370
526 890
967 860
964 732
661 217
841 506
683 436
867 903
958 920
459 822
428 431
43 979
143 181
850 181
447 243
112 514
842 362
428 468
462 914
112 217
158 370
867 770
514 217
850 143
808 506
300 686
485 612
447 903
213 602
365 881
415 816
583 721
169 198
186 824
999 584
447 770
114 786
456 180
242 885
408 23
401 217
133 1000
70 294
488 292
466 245
388 280
469 159
164 243
933 821
158 602
993 569
699 55
689 647
164 903
597 509
693 793
279 290
388 273
164 770
773 171
850 92
154 491
616 807
585 530
970 522
508 628
579 632
864 42
462 860
699 891
502 132
926 506
280 273
598 160
869 335
841 181
143 92
32 16
47 127
669 702
583 827
903 770
182 921
679 536
499 157
118 390
121 60
775 992
365 655
401 514
859 758
212 872
933 283
808 181
790 847
958 292
114 399
914 860
874 768
193 917
472 741
460 125
55 891
190 166
70 127
657 530
47 274
30 607
893 677
107 103
213 575
669 287
966 437
32 431
838 243
735 978
358 622
32 468
735 821
300 273
978 821
967 217
959 723
643 523
838 770
683 648
70 274
344 159
164 447
730 407
193 906
988 821
838 903
791 692
158 575
454 799
808 841
8 159
808 92
61 720
841 92
966 21
570 702
121 600
18 872
809 436
850 721
485 758
669 589
988 978
164 867
300 280
850 827
84 876
409 423
325 385
244 920
143 721
143 827
721 827
735 283
221 860
472 67
988 283
47 23
87 78
164 506
18 212
836 985
250 509
988 735
193 436
541 892
70 23
808 827
978 283
502 807
193 809
215 749
841 827
808 721
366 227
926 181
401 112
773 858
867 506
975 457
841 721
294 127
92 827
902 171
361 209
250 597
177 1000
447 506
70 47
149 723
18 140
169 296
62 511
472 160
683 259
686 273
414 231
630 897
15 860
462 217
926 827
598 243
695 273
598 770
349 596
262 289
695 686
92 721
612 758
6 216
121 588
969 45
541 482
181 827
186 534
949 2
294 274
932 494
674 496
480 239
598 903
926 721
428 580
583 16
919 5
243 770
967 514
437 21
447 867
533 433
244 292
862 620
300 388
488 632
683 930
856 758
926 92
533 105
114 860
937 247
775 412
744 542
646 21
541 258
808 143
317 920
646 437
583 431
953 638
570 287
953 98
70 408
638 98
181 721
583 468
976 758
164 827
25 392
892 482
533 553
775 195
695 280
427 400
154 123
654 159
616 235
1 405
70 291
639 375
914 217
193 648
94 119
154 346
541 649
850 16
967 112
294 23
20 303
774 232
447 827
472 770
953 390
321 115
186 425
70 60
47 408
867 827
808 16
472 243
191 805
27 423
6 495
47 291
143 16
408 291
638 390
170 449
164 721
118 920
221 217
841 16
850 431
193 259
472 903
85 417
213 216
186 887
15 217
570 589
958 632
114 217
32 580
850 468
967 401
47 60
114 15
29 119
808 431
592 971
926 16
892 258
127 274
808 468
72 786
244 632
777 835
18 985
399 860
132 807
421 42
143 431
114 221
408 60
811 162
565 624
143 468
976 856
67 160
574 120
193 930
433 105
834 125
902 858
158 216
646 966
212 140
244 958
841 431
618 491
754 166
469 758
236 362
722 50
669 692
459 343
427 662
841 468
838 506
281 847
30 247
926 431
731 174
502 235
92 16
516 196
926 468
869 274
27 409
829 382
967 661
988 933
598 506
869 127
800 245
15 221
317 292
70 600
461 196
473 322
842 147
975 417
126 900
996 801
893 5
164 181
838 827
70 588
773 180
598 827
579 872
689 628
917 906
598 838
683 622
642 615
915 335
461 516
164 16
114 914
428 765
927 992
291 60
181 16
639 793
937 227
92 431
314 697
463 320
976 612
506 827
391 11
92 468
959 805
447 721
98 390
859 607
695 388
892 649
869 23
964 273
200 174
213 495
118 292
378 935
262 407
164 431
526 157
198 296
164 468
975 85
967 886
47 600
775 716
123 346
30 227
181 431
867 721
47 588
988 845
399 217
797 723
158 495
181 468
583 580
777 267
124 771
317 632
371 569
364 26
859 247
472 827
413 633
686 280
499 787
363 803
488 872
477 596
163 973
882 890
917 436
294 60
447 16
927 412
118 632
953 920
61 354
358 702
472 506
41 942
193 622
811 335
462 514
737 2
829 972
998 906
927 195
867 16
926 841
250 799
557 749
567 678
164 92
294 291
616 105
998 436
537 652
475 2
600 588
76 226
607 247
859 227
737 949
32 765
295 192
616 433
447 431
20 762
499 556
869 60
967 741
30 937
447 468
270 847
732 273
20 273
186 543
20 732
808 850
598 721
647 628
81 562
90 390
762 273
475 949
998 917
598 16
456 375
993 835
163 558
244 872
126 370
482 258
867 431
721 16
579 140
533 847
70 121
459 265
762 732
808 580
638 920
618 346
850 580
933 845
6 162
867 468
551 451
616 553
783 489
533 270
149 805
365 434
566 159
118 317
869 291
886 741
344 758
408 588
465 348
618 123
906 436
6 335
8 758
981 159
598 431
363 990
502 105
408 600
533 281
598 468
900 370
579 212
508 323
683 702
349 973
502 433
15 914
582 449
303 273
22 400
838 16
480 258
707 203
967 160
300 569
413 446
993 267
143 580
472 16
661 741
802 511
57 890
29 94
607 227
926 580
480 482
485 247
472 838
349 558
488 140
401 741
6 811
654 758
693 449
841 580
874 78
111 167
902 180
422 803
927 716
861 351
295 1000
856 612
331 991
6 915
111 628
502 553
472 721
167 628
189 621
57 882
70 786
508 308
472 431
859 937
162 335
472 468
953 292
583 765
953 632
292 632
625 986
488 212
721 431
838 431
648 259
139 678
250 454
270 281
838 721
485 227
126 602
973 558
460 166
90 98
378 38
425 887
145 960
570 692
967 67
480 649
838 468
695 569
13 91
208 524
163 673
598 867
721 468
869 294
469 612
886 160
829 968
186 370
70 72
469 856
831 211
895 821
958 872
461 563
926 143
112 741
683 358
648 930
214 820
154 807
303 732
693 582
193 702
367 511
213 335
669 791
929 42
244 140
969 289
186 900
192 1000
456 793
35 727
508 128
186 602
213 162
22 662
748 400
661 160
993 777
922 697
20 964
349 673
401 160
118 872
694 628
811 915
900 602
186 126
158 335
485 607
836 819
164 580
959 191
967 770
6 274
869 588
244 212
462 741
259 930
158 162
837 943
138 881
551 443
836 727
169 320
579 985
488 985
869 600
70 860
121 786
808 765
317 872
422 990
998 809
819 727
895 283
836 35
294 588
118 958
541 125
488 579
967 243
70 217
850 765
859 30
638 632
6 127
182 644
97 916
654 8
366 390
737 73
6 23
886 67
393 442
18 727
988 752
288 400
213 915
112 160
18 819
475 73
388 569
773 375
444 171
577 554
654 344
572 80
839 753
213 811
663 11
6 60
598 447
669 878
303 762
92 580
294 600
18 35
725 491
244 985
472 867
47 786
748 662
462 160
638 292
926 765
136 626
967 903
428 848
466 763
158 915
661 67
213 274
143 765
401 67
272 992
526 787
585 891
250 218
250 187
193 358
218 187
886 770
860 217
156 700
935 38
158 811
841 765
959 273
163 299
559 813
158 274
62 571
27 188
506 16
591 196
938 45
811 274
651 944
349 299
247 227
191 273
300 371
953 872
114 514
819 35
127 23
670 873
114 741
514 741
988 723
669 749
401 661
572 196
90 920
213 23
213 127
275 491
401 770
661 770
526 556
121 72
616 847
460 754
47 72
213 60
47 121
854 806
775 821
288 662
272 412
6 291
482 649
516 563
181 580
735 845
915 274
118 140
477 558
154 132
158 23
244 579
20 280
158 127
886 243
973 673
158 60
927 821
572 591
340 197
613 79
896 853
896 712
976 227
683 287
127 60
18 836
518 71
537 606
472 447
967 827
462 112
47 217
272 195
18 971
80 196
976 247
724 873
836 971
502 847
852 438
23 60
598 580
791 878
927 775
121 217
791 749
47 860
164 765
878 749
927 283
122 491
114 160
349 163
869 408
318 660
775 283
508 610
462 67
401 243
508 595
800 763
661 243
239 258
472 580
506 431
469 227
112 67
463 219
118 212
773 793
811 60
463 404
610 595
1 720
366 98
149 273
618 807
121 860
842 196
506 468
447 580
689 323
811 23
462 770
859 390
616 281
715 771
469 247
533 790
683 589
156 491
694 167
154 235
980 513
112 770
427 918
466 302
32 848
700 491
514 160
72 217
41 767
477 673
811 127
317 958
915 60
310 211
752 723
886 903
118 985
529 257
366 920
213 291
695 371
193 287
998 930
585 55
598 181
6 588
485 937
186 575
502 281
334 297
317 140
158 291
902 375
30 390
853 712
689 308
819 971
958 140
842 80
1 354
472 181
915 23
462 243
537 453
272 716
567 652
689 128
818 491
207 781
401 903
239 649
867 580
899 863
638 872
6 600
687 406
661 903
193 589
532 628
98 920
477 973
35 971
14 223
998 259
67 770
111 647
57 157
725 346
112 243
864 712
864 853
953 140
13 825
616 270
967 16
583 848
915 127
927 895
20 686
472 598
950 478
797 805
144 491
997 311
20 569
683 692
162 274
480 892
686 569
633 446
114 770
92 765
760 436
938 289
659 197
365 888
510 26
139 652
114 67
15 741
886 827
967 431
76 511
317 212
839 159
800 302
239 482
72 860
834 166
147 196
953 958
213 588
642 452
967 468
303 964
502 270
842 591
959 732
162 60
295 177
250 199
229 660
856 227
460 190
541 166
869 786
244 488
70 399
90 632
909 91
859 920
462 903
93 491
158 588
541 834
533 436
953 212
275 346
317 985
193 692
485 390
472 765
401 827
138 655
154 105
533 760
236 196
725 123
444 858
466 824
657 891
244 727
598 765
18 592
274 60
661 827
953 985
14 536
869 217
488 727
699 405
213 600
18 296
666 339
469 976
859 98
958 212
114 243
132 235
838 580
308 128
366 632
808 848
15 160
362 196
158 600
953 317
533 906
543 370
967 506
612 227
133 226
219 404
592 296
244 971
154 433
300 835
427 952
112 903
988 805
477 299
572 563
419 992
958 985
488 971
501 812
914 741
122 346
797 273
836 296
462 827
181 765
856 247
902 793
77 290
869 860
30 920
850 848
937 390
836 592
314 771
221 741
156 346
303 280
756 322
514 770
996 1000
389 697
275 123
81 656
670 209
570 749
988 273
695 835
998 648
811 291
472 92
786 217
154 553
568 772
318 507
391 151
922 771
169 404
169 219
6 294
933 723
869 72
618 235
162 23
466 534
700 346
689 595
419 412
447 765
272 821
191 732
842 563
83 237
408 217
278 451
730 383
204 491
300 267
926 848
677 5
70 741
533 917
114 903
859 632
618 132
603 871
988 797
724 209
303 569
800 824
112 827
408 786
593 197
805 273
212 985
244 35
415 464
914 160
818 346
245 763
579 727
272 283
28 523
335 60
458 410
419 195
514 67
221 160
566 758
579 971
122 123
421 712
248 801
454 187
907 491
421 853
6 217
485 920
695 267
70 160
567 606
488 35
981 758
156 123
480 125
727 971
886 16
70 221
280 569
533 809
118 971
118 727
6 786
30 98
612 247
143 848
116 197
366 90
775 895
186 216
114 827
964 569
533 930
70 914
389 771
598 92
144 346
841 848
543 602
689 610
959 762
967 721
244 819
294 217
541 754
444 180
18 198
6 408
697 771
587 474
401 16
493 176
925 397
867 765
466 887
607 390
964 280
700 123
886 431
111 323
591 563
683 749
829 91
638 140
915 291
77 279
618 105
514 243
661 16
886 468
139 606
371 835
861 989
118 579
938 969
6 860
193 749
636 397
919 71
800 534
678 652
533 259
162 127
334 400
30 632
959 569
93 346
818 123
469 390
663 151
938 407
576 196
15 770
213 217
14 679
401 431
229 507
466 425
244 296
401 468
462 16
408 860
492 624
567 453
366 292
488 819
762 569
399 741
111 128
973 299
809 930
294 786
953 971
969 407
22 918
998 622
149 732
158 217
822 343
661 431
641 19
618 433
661 468
976 390
164 848
80 563
469 607
720 354
444 375
6 72
124 258
495 60
676 596
693 170
488 296
959 280
760 906
419 716
839 758
213 786
70 770
29 196
953 727
485 98
647 323
908 330
892 125
111 308
215 803
462 431
144 123
186 60
462 468
485 632
694 323
735 723
57 787
90 292
541 190
608 137
391 350
937 920
94 196
366 872
186 495
213 294
331 120
811 588
297 400
193 683
638 985
639 449
819 296
244 592
158 786
836 198
502 616
139 453
618 553
959 964
98 632
564 617
859 292
752 273
399 160
334 662
154 847
654 227
147 563
124 649
533 648
335 274
980 194
57 556
317 971
213 860
859 90
647 128
694 128
236 563
18 320
694 647
800 887
191 569
475 737
838 765
859 872
674 628
638 212
371 267
967 580
118 35
93 123
36 231
703 928
294 860
158 860
114 112
90 872
158 294
70 15
657 55
533 622
608 3
186 274
70 67
62 675
114 16
488 592
112 16
15 67
186 335
450 890
466 370
70 243
180 375
458 738
933 273
469 920
676 558
694 308
839 981
907 204
118 296
800 425
914 770
907 346
362 563
204 346
15 243
681 45
647 308
22 952
245 302
317 727
457 417
221 770
466 602
839 566
213 408
149 569
663 350
725 807
818 700
114 431
114 468
748 918
62 746
132 105
361 753
213 72
186 23
463 417
297 662
463 457
112 431
34 719
802 571
427 706
676 673
112 468
41 203
645 769
533 998
514 903
215 990
607 920
47 741
976 920
466 543
124 482
958 971
292 872
147 80
976 607
1 61
408 72
472 848
35 296
158 72
158 408
836 320
514 827
579 296
118 819
216 60
357 423
790 436
579 35
762 280
236 80
167 323
47 160
244 198
953 296
495 274
589 692
427 992
654 247
349 115
572 516
156 122
675 746
275 807
186 127
278 443
111 595
735 273
162 291
953 35
67 243
118 592
70 903
167 128
444 793
361 159
70 827
119 196
693 652
154 281
800 370
427 412
104 445
917 930
811 600
869 121
502 436
915 588
859 366
388 835
953 579
272 895
138 434
419 821
618 847
462 661
502 790
36 414
907 123
30 872
748 952
893 71
903 827
937 632
616 436
469 632
800 602
469 937
706 992
732 569
475 257
427 195
653 619
170 652
737 257
288 918
648 622
638 971
191 280
598 848
70 514
858 375
541 460
204 123
244 320
186 291
988 569
367 571
616 790
967 765
30 292
488 198
156 807
694 595
122 807
988 732
419 283
819 592
842 516
485 872
169 417
706 412
186 162
466 900
699 354
739 196
295 226
596 558
169 457
15 827
294 72
800 543
651 763
236 147
399 770
589 749
386 79
958 727
167 308
953 592
236 591
20 835
147 591
976 632
914 243
15 903
886 506
191 762
829 909
221 243
647 595
646 685
856 390
427 716
485 292
953 819
502 906
582 652
317 296
450 882
488 320
208 863
818 807
288 952
692 749
62 650
495 335
344 227
6 121
360 197
914 67
8 227
706 195
466 126
221 67
537 277
309 491
576 563
388 267
607 632
132 433
323 128
616 906
996 192
700 807
118 198
495 23
186 588
149 280
731 728
47 770
469 98
234 348
401 506
92 848
579 592
699 720
723 273
636 925
678 606
663 391
753 159
502 760
287 749
193 570
70 16
331 574
596 673
698 778
34 446
335 23
221 914
358 749
46 921
533 702
29 563
638 727
22 992
245 824
272 775
144 807
462 506
362 80
118 320
646 522
676 299
929 712
20 267
22 412
944 763
618 281
303 686
70 431
929 853
94 563
70 468
18 404
475 529
616 760
18 219
31 45
829 825
859 140
427 821
869 741
737 529
982 928
163 115
480 166
502 930
959 686
800 900
661 506
447 181
612 390
6 741
681 289
77 763
22 195
752 805
953 198
186 915
869 160
797 569
427 283
111 610
93 807
959 303
693 606
730 509
685 522
6 160
904 491
748 992
550 336
953 320
532 128
358 287
579 819
191 964
186 600
908 951
845 273
811 217
167 595
933 805
317 35
616 930
922 314
52 626
532 323
748 412
502 917
859 985
76 571
133 511
47 399
817 322
193 878
149 762
856 920
514 16
366 140
216 274
331 801
212 971
654 390
706 716
6 869
800 126
513 194
469 872
428 402
358 692
958 296
221 827
937 98
109 660
988 280
244 836
218 199
748 195
914 827
288 992
162 588
909 825
300 777
962 174
715 258
47 243
77 944
466 575
22 716
834 754
502 809
541 171
993 512
976 98
915 600
124 239
170 606
502 259
638 296
63 921
786 860
557 803
725 235
154 270
288 412
678 453
121 741
362 591
132 553
399 243
616 917
933 752
859 971
683 570
317 592
976 937
22 706
695 777
693 453
651 302
450 157
37 100
287 692
200 728
121 160
245 534
694 610
715 649
186 217
447 848
213 741
514 431
809 259
366 985
330 951
198 320
514 468
213 160
288 195
181 848
47 67
462 401
693 678
117 491
361 758
721 580
238 491
726 947
180 793
338 196
859 212
329 558
114 506
284 554
968 91
20 388
15 16
158 741
213 121
579 320
616 259
638 958
907 807
329 673
466 60
616 809
725 105
158 160
967 838
975 45
582 606
532 308
996 177
579 198
221 903
748 716
683 878
262 383
244 404
577 524
244 219
978 273
914 903
149 964
6 770
567 277
179 779
428 341
309 346
366 971
886 580
238 117
275 235
976 872
541 375
612 920
654 920
22 821
802 746
583 32
993 290
469 292
544 771
654 612
502 622
959 835
836 404
399 67
869 770
886 721
462 580
47 827
836 219
170 453
570 878
158 121
669 803
396 871
937 872
988 762
15 431
787 556
819 320
461 690
401 580
77 302
279 763
15 468
574 801
760 930
22 283
288 716
34 633
463 85
18 417
186 811
485 30
521 26
918 952
427 419
275 105
462 721
63 46
124 125
676 973
303 835
119 563
858 793
532 595
856 632
156 235
204 807
405 354
485 90
800 575
495 127
18 457
401 721
216 23
30 90
915 217
706 821
317 320
993 763
367 746
725 433
748 821
25 467
557 990
318 150
927 273
790 906
616 622
819 198
944 302
748 706
988 964
800 60
582 453
647 610
139 277
675 650
122 235
661 580
366 212
918 992
639 652
47 903
502 648
985 971
399 827
741 160
996 226
583 402
344 247
952 992
156 105
8 247
329 596
842 572
748 283
32 402
213 770
488 404
904 346
415 183
933 569
488 219
317 198
918 412
845 723
993 279
466 274
144 700
818 235
35 592
706 283
756 473
859 727
959 267
952 412
122 105
98 872
169 85
31 289
288 821
541 793
334 992
982 703
186 860
158 770
118 404
6 243
495 291
752 569
618 270
118 219
485 140
607 872
317 819
575 60
725 553
76 746
334 412
686 835
603 901
867 848
114 580
739 563
290 763
735 805
607 98
512 763
654 632
558 673
30 140
818 105
715 482
275 433
186 786
245 887
334 952
512 290
669 990
136 103
972 91
485 971
288 283
373 601
62 2
109 507
466 23
541 858
661 721
351 989
454 199
730 597
30 971
859 296
797 732
244 417
334 918
334 195
918 195
967 848
309 123
239 125
485 985
953 404
466 216
616 648
541 180
953 219
14 50
428 519
638 592
303 267
612 632
90 140
90 971
651 824
976 292
988 149
144 235
846 474
140 971
927 978
288 706
998 702
462 886
6 67
244 457
982 812
156 433
808 402
30 985
583 341
869 243
409 188
952 195
700 235
993 302
466 335
6 827
638 35
275 553
922 258
456 449
719 446
121 770
32 341
144 105
533 749
924 562
735 569
114 721
62 949
703 812
975 289
967 867
238 346
314 258
221 16
811 860
700 105
630 369
122 433
63 644
77 824
170 678
117 346
899 196
725 132
428 547
643 897
800 274
399 903
914 16
177 226
466 127
922 649
47 16
191 835
427 895
637 26
47 914
334 716
466 291
297 992
818 433
638 320
988 835
802 650
357 188
213 243
854 254
600 217
681 407
314 649
156 553
297 412
93 235
90 985
229 150
425 370
366 727
112 506
927 723
805 569
67 827
836 417
149 835
357 409
47 221
917 259
510 364
329 299
93 105
462 765
366 296
958 592
158 243
988 191
800 23
466 495
344 390
8 390
850 402
47 431
460 171
47 468
725 847
6 903
460 375
886 765
221 431
869 827
171 375
245 370
122 553
608 539
904 123
35 320
221 468
297 195
869 67
811 786
250 561
808 341
488 417
245 425
118 417
358 589
162 217
70 506
279 302
932 223
918 716
914 431
818 553
838 848
836 457
466 588
914 468
118 488
927 845
401 765
428 779
334 821
686 267
367 650
144 433
993 944
213 827
450 556
308 595
651 534
937 292
892 166
926 402
958 320
674 128
727 296
418 491
6 399
477 115
639 606
698 530
118 457
638 198
485 212
213 67
8 344
245 602
488 457
428 179
469 971
77 534
18 85
953 417
450 787
70 112
512 302
993 824
275 132
334 283
46 644
127 291
700 433
800 216
158 827
167 610
800 335
988 267
76 650
162 600
275 847
408 160
62 73
952 716
907 235
158 67
496 628
294 160
944 824
70 580
790 930
186 72
953 457
907 105
132 847
216 335
191 267
800 291
800 127
297 716
428 173
958 35
663 304
582 678
583 519
389 258
144 553
988 686
30 212
894 256
839 227
77 651
272 273
6 16
661 765
112 580
93 433
508 137
502 702
297 952
295 511
408 741
114 765
156 847
149 267
495 588
932 536
466 217
294 741
8 920
344 920
834 190
850 341
508 3
192 226
118 836
156 132
964 835
114 661
802 675
674 323
389 649
880 348
27 940
469 140
463 45
32 519
485 296
695 300
700 553
869 903
993 534
169 45
6 431
466 600
405 720
6 468
585 354
235 105
213 903
592 320
978 723
238 123
122 847
762 835
818 847
399 16
290 302
800 588
918 821
583 547
485 727
154 436
466 162
639 453
413 44
427 775
859 320
926 341
856 872
469 985
822 265
859 592
512 279
244 85
30 296
800 495
93 553
117 123
297 821
669 557
158 903
169 463
213 869
294 408
488 836
654 872
456 652
425 602
216 291
122 132
818 132
818 122
143 402
32 547
907 433
22 419
571 746
338 563
297 918
670 159
297 283
976 971
18 45
808 519
918 283
958 198
841 402
30 727
695 763
300 763
674 595
607 292
579 404
724 159
77 887
399 431
579 219
309 807
191 686
953 836
144 847
616 702
399 468
70 721
502 998
800 217
641 491
216 127
213 16
583 779
567 537
22 895
927 569
922 482
952 821
944 534
869 16
460 793
126 60
121 243
993 651
967 181
577 863
31 407
532 610
993 887
361 981
975 407
651 887
859 35
638 819
204 105
317 404
975 31
907 553
158 16
744 438
247 390
480 754
317 219
953 488
808 547
314 482
149 686
212 296
583 179
674 308
213 431
164 402
204 235
213 468
6 914
428 764
700 847
169 289
361 566
367 675
654 856
715 125
461 440
76 675
8 632
512 824
344 632
32 779
533 692
859 198
687 989
791 803
800 600
335 291
244 45
697 258
76 367
18 463
18 289
463 289
90 296
236 516
869 431
93 847
419 895
928 812
869 468
583 173
77 370
158 431
15 514
618 436
952 283
809 622
466 915
334 706
186 160
6 221
158 468
70 765
993 370
144 132
208 196
506 580
466 860
850 519
427 273
993 77
18 169
899 563
697 649
62 257
90 212
32 179
19 491
797 280
279 824
213 399
158 869
186 741
964 267
143 341
262 509
993 602
725 281
118 85
587 771
800 162
77 602
469 296
428 684
808 779
841 341
391 304
612 872
882 157
366 320
651 370
748 895
993 425
472 402
32 173
915 860
20 371
762 267
495 217
904 807
937 971
121 827
953 85
138 888
193 803
35 198
244 289
77 425
858 180
466 786
154 906
926 519
907 847
124 166
695 302
967 447
300 302
859 958
488 85
469 212
748 419
245 543
363 400
596 299
839 390
449 652
850 547
808 179
418 346
158 399
294 770
976 140
651 602
512 534
18 407
182 5
500 840
154 930
731 890
499 406
992 412
700 132
852 873
204 433
814 742
137 3
808 173
164 341
533 287
90 727
408 770
275 281
93 132
976 985
502 749
469 727
366 592
113 497
845 569
244 463
118 45
996 511
839 247
836 85
869 399
112 721
839 920
18 31
288 895
926 547
607 971
156 281
579 417
469 90
953 45
777 763
651 425
247 920
169 407
693 277
317 417
638 404
456 606
927 805
800 860
18 975
796 624
638 219
7 491
244 407
797 835
272 723
485 320
917 622
585 720
646 970
850 779
382 91
654 98
216 588
623 778
244 169
112 765
136 107
977 815
488 45
472 341
616 998
186 770
428 658
147 516
279 534
389 482
204 553
818 281
583 764
791 990
290 824
978 569
999 820
800 915
463 407
842 690
683 803
110 812
773 652
618 906
698 891
363 662
933 732
533 589
480 190
238 807
149 191
944 887
244 31
118 289
18 681
317 579
988 303
62 529
122 281
776 531
900 60
926 779
317 457
579 457
760 259
800 786
907 132
193 990
618 930
93 700
335 127
953 289
689 3
850 179
22 775
721 765
200 890
466 811
689 137
133 746
993 543
154 790
416 451
244 975
380 194
288 419
994 451
272 569
30 320
850 173
695 824
583 684
839 632
121 67
836 45
976 296
616 749
300 824
69 668
17 491
117 807
18 969
143 519
859 819
169 31
251 65
32 764
186 408
856 98
261 983
366 198
328 629
22 273
485 592
280 835
427 723
244 681
488 289
213 914
899 338
994 416
841 519
139 537
926 179
944 370
456 453
272 978
572 690
144 281
576 80
466 72
695 290
926 173
512 887
641 346
212 727
427 569
20 763
998 749
541 444
915 786
802 2
859 404
97 347
323 595
154 259
171 793
670 753
300 290
204 847
244 969
859 219
186 294
533 358
216 217
744 873
428 33
118 407
363 412
193 791
808 764
363 992
32 684
154 760
854 91
953 407
213 221
638 417
598 402
695 534
245 60
987 810
724 753
922 125
371 763
654 292
329 973
776 42
300 534
169 975
512 370
76 2
993 60
164 519
944 602
331 248
427 978
77 543
797 267
654 971
158 914
438 873
143 547
819 404
154 622
775 273
272 845
464 183
993 245
531 42
252 742
808 684
466 160
366 35
670 758
846 771
836 289
292 971
819 219
841 547
363 195
290 534
730 799
427 845
505 673
334 895
29 80
748 273
577 196
773 449
618 790
723 569
114 401
314 125
993 900
309 105
93 281
724 758
512 602
683 990
362 516
748 775
469 320
427 272
777 302
30 592
488 407
485 198
154 917
472 519
158 221
463 31
466 741
700 281
638 457
583 658
245 900
118 31
367 2
953 31
118 463
169 681
297 706
618 259
953 463
179 173
856 971
121 903
662 412
933 835
976 727
924 656
186 243
154 809
505 558
802 949
19 346
388 763
164 547
715 239
907 281
143 779
84 601
662 992
859 417
418 123
208 563
309 235
618 760
953 118
953 975
118 975
422 400
958 404
169 969
618 622
841 779
854 382
76 949
288 273
576 591
13 478
570 803
958 219
247 632
186 827
800 811
953 681
495 600
118 681
850 764
718 75
976 212
77 60
363 716
800 72
8 872
121 16
856 292
70 661
906 930
114 886
344 872
944 425
953 969
279 887
6 47
760 622
118 969
512 425
695 887
993 126
959 763
472 547
695 279
811 72
735 752
512 944
6 514
773 606
753 758
20 302
300 887
90 320
571 650
598 341
47 514
32 658
480 834
422 412
170 277
937 140
953 169
695 370
618 917
850 684
859 457
800 160
300 279
836 407
937 985
98 971
118 169
422 992
110 928
288 775
300 370
164 779
143 173
279 370
466 770
937 296
926 764
488 31
485 35
363 821
651 543
143 179
460 180
583 33
904 105
30 198
427 805
618 809
335 588
808 658
29 591
697 482
841 173
687 351
695 602
985 296
294 243
309 433
582 277
140 296
841 179
662 195
367 949
300 602
585 405
982 501
800 741
400 412
133 650
462 848
463 975
121 431
542 873
162 860
926 684
121 468
472 779
124 892
988 763
335 217
363 283
371 302
449 606
422 195
22 569
967 92
852 209
938 383
811 160
790 259
400 992
735 732
469 592
301 673
295 746
279 602
575 274
640 812
731 157
463 681
77 900
488 975
735 835
762 964
422 662
7 346
294 827
567 343
463 969
578 327
839 872
488 681
389 125
588 217
933 280
869 914
732 835
488 969
164 173
140 985
334 419
752 835
907 700
76 802
488 463
6 15
752 732
904 235
681 969
460 858
408 243
164 179
133 571
607 296
651 60
18 383
933 267
244 383
303 763
52 103
309 553
411 211
993 274
22 723
695 425
18 938
612 971
993 575
244 938
334 273
975 969
32 33
331 1000
472 173
280 267
94 80
773 453
300 425
186 67
301 558
819 417
244 18
472 179
777 824
958 417
808 33
646 48
366 404
408 827
245 126
72 160
975 681
927 835
607 985
976 320
474 771
388 302
366 219
127 217
958 819
607 140
76 73
903 16
419 273
114 848
156 275
480 375
800 770
422 716
993 23
802 73
641 123
6 580
748 569
204 132
400 195
272 805
85 45
149 763
309 847
959 302
469 198
17 346
20 824
850 658
191 763
904 433
139 343
869 221
811 741
518 815
790 622
290 887
428 486
499 989
297 895
238 105
927 732
317 45
886 848
186 16
290 370
317 85
570 990
186 903
200 157
154 648
508 539
674 610
715 166
401 848
422 821
466 243
836 31
427 835
485 404
47 15
996 746
244 509
485 219
368 810
466 827
70 848
30 35
863 196
396 901
47 580
361 227
627 42
15 580
18 509
89 174
926 658
662 716
186 431
186 468
988 302
598 519
654 296
422 283
695 944
22 978
77 126
334 775
953 383
756 942
887 370
288 569
993 291
927 752
427 732
262 597
657 354
748 723
777 534
290 602
958 457
579 45
390 920
505 299
22 845
618 648
488 169
904 553
543 60
279 425
836 969
117 105
731 882
834 375
127 588
118 383
143 764
70 401
967 402
735 267
466 408
20 534
366 417
512 60
300 944
512 543
932 679
993 217
579 85
427 752
371 824
367 73
559 342
744 209
143 684
841 764
238 235
756 767
94 591
927 267
532 167
70 886
836 681
192 177
427 267
686 763
953 938
204 281
449 453
850 33
427 927
577 563
993 588
841 684
993 127
839 344
819 457
842 440
317 289
427 735
725 270
752 267
662 821
695 60
839 8
904 847
836 975
118 938
927 735
968 825
466 294
695 543
300 60
303 302
485 417
537 343
76 257
651 900
20 777
993 335
718 983
36 65
427 280
638 45
654 985
164 764
300 543
90 592
953 509
213 514
524 196
598 547
926 33
730 187
164 684
661 848
612 98
92 402
120 801
245 274
19 123
654 140
472 764
248 1000
30 404
944 60
859 45
802 257
238 433
800 243
288 723
400 716
213 580
472 684
30 219
800 827
366 457
118 509
117 235
388 824
959 824
438 209
638 85
418 807
544 258
77 274
808 32
927 280
149 302
480 793
6 506
466 67
662 283
959 388
856 296
937 727
22 805
579 289
371 534
334 569
514 580
212 320
948 562
295 650
676 115
567 265
921 644
711 194
859 85
156 270
544 649
191 302
297 273
851 293
466 16
583 486
469 35
762 763
488 383
839 971
964 763
158 580
748 978
275 270
485 457
902 652
427 933
612 292
575 23
697 125
944 543
6 765
731 556
598 779
272 835
748 845
72 741
361 920
466 903
587 258
988 824
244 597
158 514
20 370
967 341
732 267
400 821
735 280
466 431
695 512
466 468
587 649
878 803
200 882
818 270
361 390
317 407
639 678
328 615
20 887
8 971
243 827
238 553
77 245
502 692
638 289
366 819
344 971
993 216
117 433
77 23
154 702
245 23
859 289
777 370
186 121
976 592
797 763
77 575
469 404
993 600
907 93
20 602
959 534
36 251
245 575
18 597
811 770
30 417
367 257
469 219
618 702
764 684
572 440
62 737
388 534
301 299
777 887
420 220
244 262
587 544
238 847
859 638
22 835
143 658
942 767
695 900
154 749
698 55
836 463
598 173
427 763
777 602
90 198
300 512
239 166
70 114
169 383
139 265
607 727
361 632
67 16
618 749
400 283
294 16
294 67
938 509
505 596
841 658
488 509
62 475
800 408
488 938
988 534
731 787
996 650
290 425
903 431
300 900
861 311
31 969
757 984
109 150
903 468
485 819
512 900
937 320
675 2
506 765
7 123
808 486
334 723
216 600
200 556
291 217
686 302
541 652
259 622
117 553
213 15
748 805
32 486
279 60
18 262
579 407
288 978
303 824
643 369
162 786
953 597
933 763
800 16
598 179
288 845
472 164
469 417
272 267
800 67
47 765
993 495
75 983
371 370
122 270
472 658
164 658
427 797
993 860
859 407
919 815
752 280
976 198
35 404
542 209
47 506
117 847
22 267
651 126
98 292
30 457
447 402
77 217
927 763
461 628
800 294
638 407
495 860
800 431
800 468
144 270
77 291
118 597
92 341
618 154
215 412
294 431
192 511
800 903
294 468
371 887
641 807
149 824
35 219
284 196
707 232
654 727
761 873
371 602
132 281
730 199
607 320
22 272
859 579
294 903
856 985
748 835
639 277
378 816
427 964
143 33
215 992
959 370
702 749
191 824
408 16
245 217
22 732
427 762
20 425
735 763
915 160
213 765
841 33
922 166
363 952
695 126
309 281
953 262
272 732
76 529
245 291
200 787
309 132
836 383
427 302
388 370
612 296
250 810
17 123
959 887
158 15
177 511
303 534
834 793
988 370
959 602
77 588
762 302
155 717
967 519
752 763
856 140
818 275
651 274
300 126
469 457
817 473
654 320
213 506
964 302
215 195
706 895
288 805
169 509
408 67
695 274
472 33
280 763
993 786
480 171
567 822
158 765
6 721
297 419
972 825
164 33
236 690
388 887
388 602
988 887
22 763
978 845
695 651
988 602
118 262
77 127
775 569
797 302
907 270
300 274
149 534
869 580
937 212
993 162
689 539
15 765
874 87
748 267
297 569
22 280
466 121
582 170
288 835
408 431
408 468
297 775
988 388
272 763
111 3
887 602
191 534
279 543
314 166
334 845
334 978
777 425
419 569
290 60
93 270
20 60
695 23
20 290
158 506
245 588
850 486
882 556
512 126
317 969
406 989
802 529
181 402
463 383
693 343
22 752
902 606
541 606
300 651
976 90
839 292
366 958
300 23
636 554
732 763
922 239
244 799
836 509
651 23
401 886
349 321
541 902
638 579
250 368
512 274
254 91
408 903
427 686
748 763
77 335
967 547
317 31
488 597
111 137
927 933
598 684
994 443
35 417
839 98
215 716
927 302
695 575
933 302
678 277
537 265
485 958
427 824
926 486
748 732
839 296
526 989
67 431
366 45
67 468
245 127
272 280
189 644
419 775
22 735
215 821
485 45
98 296
695 217
904 281
459 266
686 824
288 267
958 45
598 764
295 571
303 370
124 754
878 990
993 160
859 969
300 575
683 791
85 289
169 938
502 287
1 660
334 805
944 900
334 835
854 825
805 835
777 60
300 217
371 425
694 3
139 822
301 596
317 681
967 779
756 203
695 291
361 247
288 763
19 807
447 341
587 482
22 302
616 692
379 42
727 320
215 283
149 370
512 23
669 412
846 258
144 122
15 506
859 31
18 799
959 425
427 534
303 602
846 649
976 404
526 406
300 291
292 296
485 366
575 217
915 741
524 863
725 436
303 887
904 132
735 302
651 217
953 799
541 453
976 219
191 370
607 212
748 280
651 575
367 529
993 741
70 462
669 992
20 543
126 274
993 915
988 425
695 588
533 803
250 987
267 763
638 969
149 602
836 938
90 404
213 47
371 60
182 677
654 212
859 681
694 137
629 615
700 270
334 763
361 872
244 187
149 887
856 320
463 509
959 60
967 173
706 273
334 267
90 219
300 588
752 302
925 554
156 436
485 289
272 302
579 969
191 602
30 819
388 425
416 443
366 289
189 921
686 534
245 335
762 824
92 519
288 732
695 127
640 928
748 302
192 746
988 60
669 195
133 2
512 217
976 417
272 752
856 727
22 933
191 887
485 85
357 940
902 453
147 690
118 799
964 824
651 291
317 975
818 436
654 607
797 824
77 600
366 85
413 751
427 370
314 239
29 576
748 752
638 31
553 847
431 468
993 72
300 127
953 18
748 272
512 575
854 972
502 589
993 770
388 60
458 11
488 262
958 289
275 436
675 949
794 960
244 199
427 602
797 964
177 746
280 302
418 105
859 975
90 417
297 723
514 765
805 763
1 507
800 121
996 571
587 125
427 887
967 179
22 927
288 302
22 824
927 824
695 335
980 873
512 291
213 721
30 45
867 402
72 770
638 681
579 31
389 166
8 296
376 491
288 280
524 563
551 21
344 296
958 85
953 187
836 169
959 371
469 819
112 848
651 588
7 807
238 281
432 826
18 187
362 690
181 341
748 735
247 872
300 335
52 107
933 824
669 716
469 45
762 534
47 721
669 821
290 543
978 835
390 632
334 732
393 562
863 563
557 412
598 658
797 534
20 279
978 763
334 302
485 407
835 763
732 302
964 534
466 186
22 534
819 45
317 383
845 763
976 35
22 964
512 588
77 216
695 245
579 681
859 383
777 543
869 765
77 860
158 721
252 814
811 827
845 835
716 821
22 797
221 580
976 457
366 407
216 860
636 196
953 199
748 824
427 191
693 265
22 762
686 370
927 534
557 992
669 283
118 187
859 317
944 274
852 159
422 952
35 457
444 652
425 60
648 749
20 900
472 841
144 436
533 990
612 985
18 199
303 60
695 600
92 547
728 890
303 425
836 597
777 290
651 127
703 501
190 375
839 985
496 128
735 824
334 280
288 752
959 543
988 371
272 824
363 918
244 730
790 760
122 436
859 509
638 975
839 612
30 289
133 949
124 375
149 60
925 196
988 543
361 971
882 787
300 245
427 60
933 534
454 218
371 543
686 602
317 509
158 47
124 190
512 127
300 600
427 149
427 425
149 425
557 195
143 486
272 735
17 807
575 291
279 900
245 600
22 370
761 209
169 597
748 534
288 824
8 292
284 563
297 763
472 486
363 895
907 436
118 199
496 595
967 684
191 60
238 132
993 827
469 289
841 486
797 762
598 33
250 108
811 243
373 871
117 281
958 407
344 292
90 457
927 964
839 140
748 933
752 824
162 160
363 273
22 602
686 887
725 930
191 425
944 126
92 779
447 519
427 303
915 770
638 383
993 243
695 860
797 370
488 799
959 290
762 370
839 320
30 85
918 895
869 514
244 218
244 454
466 399
993 811
334 824
927 370
914 580
22 887
893 815
272 534
544 482
612 140
156 930
988 290
944 23
164 486
641 105
842 628
964 370
20 274
288 735
418 235
297 835
937 592
967 764
378 183
288 534
918 273
695 216
554 196
657 720
735 534
511 746
325 885
300 860
388 543
818 930
612 320
469 85
805 267
680 491
461 128
22 686
748 370
838 402
927 762
133 675
334 752
654 592
461 595
797 602
512 651
927 602
579 975
582 343
140 320
762 602
93 436
638 509
953 730
944 217
288 272
899 739
718 261
512 335
371 290
557 821
418 433
895 273
300 216
651 335
334 534
964 602
927 797
748 602
748 964
933 370
829 478
170 343
557 716
90 35
817 767
77 495
472 143
126 23
579 383
297 845
172 771
77 786
20 23
461 496
215 400
20 126
275 930
752 534
927 887
744 159
959 777
92 173
30 407
797 887
805 302
748 762
819 289
280 824
748 887
245 860
988 777
654 937
953 218
839 727
953 454
762 887
20 217
288 370
297 978
469 407
186 399
748 797
495 786
907 122
867 341
557 283
272 370
933 602
725 906
654 198
227 920
267 302
466 580
723 763
297 302
427 543
297 267
859 463
22 60
964 887
618 998
208 338
937 198
334 735
748 927
993 16
607 592
978 302
288 602
279 274
156 906
193 412
988 959
334 370
6 848
975 383
418 847
859 938
579 509
736 778
869 506
29 516
284 863
988 900
959 900
790 917
735 370
818 906
18 730
845 302
126 217
695 786
297 805
244 561
272 602
978 267
966 522
328 452
295 2
419 763
993 468
695 495
993 431
420 339
22 425
732 824
288 933
117 132
488 187
288 887
777 900
846 482
933 887
334 602
466 914
790 809
20 944
576 516
854 968
502 358
686 60
118 730
8 98
193 992
447 547
18 218
513 873
418 553
124 793
18 454
77 160
331 226
300 786
512 600
499 351
144 930
485 969
181 519
985 320
735 602
480 180
118 218
463 938
20 291
272 887
118 454
128 595
748 60
868 359
544 125
371 900
300 495
859 597
334 887
541 449
344 98
192 650
505 973
817 942
303 543
752 370
845 267
616 287
612 727
996 2
334 272
380 873
907 930
537 822
944 291
695 160
280 534
988 274
993 67
967 658
288 964
927 60
186 580
607 198
444 606
959 274
193 195
275 906
993 903
245 216
651 600
953 561
149 543
317 938
724 670
461 323
572 628
466 221
113 771
363 706
438 159
748 686
488 199
122 930
447 779
575 588
20 588
20 575
422 273
388 290
427 290
427 388
215 662
797 60
133 73
533 878
23 217
279 217
279 23
300 160
366 969
92 179
456 277
288 762
317 463
334 933
735 887
748 425
752 602
775 763
846 125
288 60
777 274
641 235
915 72
219 417
419 723
762 60
730 218
427 900
469 30
413 54
191 543
204 270
421 864
976 45
686 425
297 824
988 217
371 274
512 860
317 597
388 900
988 23
964 60
363 569
732 534
800 399
334 60
700 436
975 509
959 217
288 797
730 454
77 162
641 433
334 964
133 257
959 23
422 895
247 971
917 809
82 769
835 302
944 588
177 650
819 85
77 741
695 162
725 622
856 212
118 18
711 873
156 622
933 60
463 597
695 741
427 274
927 425
552 743
623 530
329 115
967 33
683 412
272 60
800 580
818 622
258 649
19 105
193 821
836 262
290 900
654 404
625 955
485 31
944 575
334 762
376 346
118 561
466 765
18 561
154 998
988 279
695 77
988 126
279 126
162 741
20 127
654 417
752 887
144 906
288 425
654 219
706 569
777 217
693 822
651 860
207 624
959 126
93 930
193 716
297 534
22 543
300 741
907 906
447 173
846 544
371 217
300 162
227 632
777 23
427 217
388 274
272 933
980 209
959 279
427 371
34 44
485 681
514 506
641 847
838 341
389 239
156 725
280 370
427 23
70 402
334 797
334 425
371 23
797 425
683 992
193 283
427 777
698 354
399 580
461 308
295 949
542 159
819 407
638 938
156 259
8 320
725 259
937 404
361 296
735 60
697 166
818 259
937 417
791 412
695 770
474 649
344 320
474 258
638 597
495 160
419 302
636 563
805 824
288 927
647 3
427 126
186 914
988 291
937 219
480 858
122 906
616 589
762 425
288 686
297 732
77 770
275 622
978 824
67 903
272 964
996 949
760 809
404 417
388 217
213 848
366 31
181 547
816 183
297 370
92 684
683 195
927 686
959 291
641 553
818 725
245 786
976 289
290 274
280 602
732 370
811 16
715 892
300 770
272 425
236 440
469 958
777 126
938 597
485 383
427 279
964 425
388 23
371 126
845 824
565 615
791 992
723 302
933 425
20 335
988 588
907 144
427 291
512 216
444 453
748 543
297 602
366 681
752 60
836 799
993 408
365 490
334 686
607 417
582 265
363 763
309 270
485 509
22 191
925 563
959 588
607 404
800 914
587 166
760 917
279 291
469 969
502 803
944 127
90 45
303 900
158 848
181 779
427 588
300 77
334 927
297 280
149 900
988 575
859 169
867 519
732 602
371 777
638 463
607 219
958 969
272 762
30 969
245 160
907 622
275 259
98 320
852 758
144 622
30 958
791 195
290 217
419 835
297 887
427 959
170 265
93 906
86 812
427 575
22 900
695 72
371 291
683 821
959 575
8 985
777 291
221 765
933 964
7 105
303 274
654 457
790 749
366 383
149 274
15 721
811 468
186 765
805 534
811 431
388 126
20 600
978 534
344 985
22 274
288 543
186 221
800 765
280 887
458 151
669 400
839 212
191 900
94 516
693 537
485 975
800 221
512 786
462 402
647 137
988 127
366 509
279 588
695 915
683 716
735 425
