178 103
530 415
412 392
608 118
616 125
525 245
189 742
353 630
927 931
459 848
749 667
725 876
120 267
646 754
344 132
582 977
925 875
551 458
284 173
209 111
669 433
868 664
404 261
195 854
165 473
675 294
779 802
540 966
636 299
916 162
178 956
918 982
91 712
281 570
747 357
408 884
189 583
922 570
879 817
136 392
846 278
226 4
208 442
265 261
912 975
646 723
209 972
878 792
551 974
845 523
758 632
330 848
928 87
1000 48
209 192
240 442
10 410
436 999
734 430
753 788
507 96
168 298
922 281
704 413
514 947
927 884
437 445
145 657
988 978
464 625
525 819
998 987
297 200
231 894
235 270
208 853
837 554
452 592
102 256
782 667
77 995
198 271
240 853
954 474
7 531
728 802
731 666
698 395
837 394
764 613
7 917
771 342
961 220
877 6
737 172
574 79
623 39
687 620
879 915
124 966
532 150
498 780
531 917
419 258
958 125
14 889
918 709
347 842
722 490
754 723
101 214
408 282
10 920
176 533
738 48
998 175
764 401
309 244
672 341
579 860
767 626
571 249
340 170
589 283
461 38
266 518
204 870
435 67
931 884
815 164
927 282
501 261
492 455
734 701
836 210
852 458
387 430
851 797
356 94
190 656
629 251
817 915
186 397
406 941
865 259
2 58
635 588
302 316
628 949
637 445
121 392
521 193
542 153
491 864
453 902
965 673
387 701
280 369
414 862
340 232
328 465
140 1
335 781
440 872
744 632
805 692
782 749
371 665
159 324
268 402
493 56
297 789
795 423
233 134
319 867
229 568
120 524
777 56
265 404
157 785
309 257
532 405
25 832
353 244
672 44
387 734
793 86
815 724
984 50
958 616
412 937
838 576
166 541
988 814
460 502
275 847
821 283
647 227
364 824
678 757
831 570
14 273
380 89
852 974
180 24
19 876
243 174
908 483
716 445
107 115
882 478
715 29
240 208
777 493
826 59
927 408
698 736
332 617
729 378
591 139
171 590
655 426
417 138
958 883
90 702
525 857
922 842
410 920
319 485
931 282
368 593
428 775
364 804
828 786
143 784
805 359
233 684
309 967
170 232
897 407
461 389
124 540
418 569
561 645
268 979
777 818
753 225
226 595
240 688
928 172
302 727
548 465
221 276
493 818
208 688
318 193
934 239
760 474
15 252
535 277
469 798
774 665
353 257
529 718
582 78
764 96
579 337
461 203
188 40
560 326
669 545
992 880
578 929
519 433
761 773
383 271
567 543
157 163
616 883
767 278
834 228
240 201
235 980
309 421
555 893
747 31
93 810
281 842
834 835
440 977
208 201
782 246
542 605
833 224
309 63
756 686
547 468
608 5
635 304
912 573
7 569
575 982
288 938
336 592
744 758
760 954
178 164
10 320
529 17
90 642
708 254
328 342
265 122
344 618
286 251
813 768
477 799
141 79
579 111
262 615
646 970
166 52
965 824
431 4
297 241
121 136
434 517
940 474
404 122
7 418
744 566
153 605
158 135
696 656
176 426
961 317
655 909
838 603
150 405
758 566
579 972
367 624
659 812
41 194
452 651
579 192
767 846
364 247
250 611
535 740
280 385
763 503
497 617
297 49
143 539
361 59
327 118
965 804
434 119
907 785
307 830
360 47
548 342
608 112
591 752
867 485
105 479
353 967
305 902
328 771
827 104
940 954
159 267
582 919
529 355
181 433
71 252
598 187
289 601
659 291
571 135
858 125
619 450
240 211
42 776
560 139
945 997
575 709
155 588
865 372
331 301
904 12
571 158
208 211
308 125
851 901
907 163
307 456
331 670
178 724
927 134
1000 786
769 468
813 219
272 258
402 979
308 858
673 824
328 966
812 291
715 126
698 572
262 652
749 246
377 515
176 909
353 421
659 563
637 437
637 693
465 342
437 693
501 122
513 72
137 664
9 996
408 134
353 63
813 97
560 752
250 72
301 670
636 617
266 57
611 72
131 847
548 771
542 745
725 914
936 38
774 371
268 762
708 703
728 779
965 247
898 829
77 441
91 969
305 453
54 232
761 641
416 183
471 568
700 517
548 966
380 445
647 3
925 676
361 826
971 345
761 466
460 735
963 6
435 270
412 621
519 545
673 804
318 521
904 871
921 983
532 191
629 391
683 884
51 40
777 624
559 237
250 513
737 518
390 600
179 407
782 13
903 496
78 919
384 11
560 591
542 475
771 966
19 914
309 613
700 119
784 539
314 86
520 182
961 232
805 581
497 332
153 745
367 625
414 612
739 634
305 881
812 563
240 489
477 924
493 624
659 482
927 684
74 146
105 788
958 24
32 987
309 401
904 820
813 995
599 245
960 770
828 523
235 405
208 489
292 860
65 274
907 157
777 625
774 68
99 255
333 294
308 883
384 932
120 11
833 843
143 215
945 657
7 677
641 466
744 552
465 966
738 786
102 723
66 692
116 366
765 933
535 46
838 631
365 783
765 234
622 996
777 367
637 259
204 1
54 170
19 725
408 684
195 664
658 626
910 381
396 251
268 554
632 566
120 932
877 33
307 935
795 864
493 625
140 444
936 389
289 515
159 524
544 981
28 661
395 736
32 175
330 459
268 394
153 475
961 170
155 304
760 76
861 227
761 823
714 315
66 359
221 132
398 994
230 182
763 254
437 259
327 5
497 944
936 203
317 232
436 88
371 68
216 915
940 76
992 953
9 557
937 621
484 996
305 470
500 341
181 545
465 771
460 239
673 247
928 518
683 282
42 742
672 369
65 161
9 156
65 108
431 595
286 391
107 433
368 543
968 902
440 919
961 54
635 870
235 150
988 223
589 213
747 750
885 182
636 332
560 224
9 103
531 569
555 596
699 450
636 944
18 800
493 367
36 454
327 112
280 894
834 62
858 883
332 944
453 881
716 693
877 70
731 832
120 384
464 341
682 502
233 654
336 651
12 871
589 930
845 860
716 259
639 915
226 876
754 970
139 752
514 667
435 980
176 655
837 194
326 752
693 259
352 277
305 633
326 139
586 376
753 994
434 193
289 377
461 999
9 956
101 467
353 613
121 621
160 505
940 760
562 566
959 979
567 546
440 78
364 872
809 874
398 151
77 169
812 482
599 819
309 96
833 792
675 605
116 290
330 40
353 401
36 888
557 156
166 895
66 581
763 703
785 163
758 552
793 665
15 854
500 44
302 757
65 602
213 930
229 399
422 413
838 620
459 40
463 717
218 822
698 941
753 151
658 278
965 872
971 269
986 556
744 185
629 92
879 89
308 616
393 874
968 881
904 455
105 225
813 441
622 156
464 44
510 522
916 550
622 557
231 718
639 216
653 871
715 859
562 632
555 751
344 962
412 533
231 17
591 224
331 438
560 843
279 123
534 913
622 103
484 156
838 687
931 134
503 254
749 13
352 740
484 557
41 486
711 666
968 453
284 366
286 92
101 285
845 292
699 619
231 355
646 277
484 103
235 191
737 57
107 545
120 553
527 354
498 564
833 878
519 669
419 79
753 398
380 259
672 385
71 854
12 820
571 990
417 411
230 520
457 915
317 170
834 67
753 447
525 238
885 520
368 546
622 956
308 24
653 820
675 745
364 977
398 447
328 540
582 736
968 470
653 12
1000 523
845 337
885 230
484 956
10 274
821 930
959 402
700 193
739 989
934 601
965 977
578 472
109 373
297 468
774 900
436 889
635 1
36 205
286 629
527 420
918 187
507 183
856 362
828 860
921 866
646 740
560 792
529 400
160 606
927 654
384 553
796 496
739 325
764 183
993 957
435 405
102 970
314 665
698 406
845 111
557 103
628 237
925 386
292 337
532 707
41 451
885 423
658 846
361 626
519 947
340 770
10 161
774 357
10 108
230 423
708 775
65 55
347 884
279 27
477 39
168 260
173 366
821 213
262 850
968 633
813 169
121 937
113 114
758 185
387 905
845 972
18 342
897 670
675 475
845 192
520 423
18 966
928 57
136 621
764 507
491 125
436 273
575 187
7 933
7 234
66 805
943 590
616 24
784 215
669 947
514 246
560 878
137 868
421 63
544 649
922 884
262 803
342 966
353 96
218 590
782 848
735 239
453 470
484 622
959 762
9 164
598 880
155 870
936 999
965 364
608 668
10 602
36 674
408 654
292 111
907 886
910 163
231 400
305 829
793 68
368 567
923 597
998 130
822 590
380 693
877 34
300 306
558 197
347 282
159 11
548 540
233 485
120 509
143 345
93 258
582 395
418 677
284 290
586 392
565 450
910 785
959 554
503 703
774 31
959 394
903 329
375 517
412 426
22 476
292 972
16 614
836 381
160 660
440 736
231 529
319 692
159 932
964 686
865 661
646 352
887 75
292 192
922 282
961 770
624 625
1000 860
218 943
361 278
121 533
777 341
375 119
903 343
971 87
697 152
828 337
730 985
9 724
41 59
547 512
229 957
992 82
460 601
344 726
673 872
844 766
561 236
747 942
986 721
869 358
7 765
15 664
756 679
646 46
683 134
10 55
414 348
300 841
123 27
591 843
327 668
319 359
265 871
221 618
828 111
582 572
682 239
562 552
908 276
767 526
937 533
352 46
753 702
897 301
769 512
575 918
435 150
562 185
599 857
180 690
412 909
464 500
307 370
828 972
560 833
547 154
828 192
623 354
484 164
360 824
912 798
885 864
314 68
289 242
429 743
176 251
763 775
672 894
281 884
530 996
435 191
99 462
934 515
231 58
371 900
431 876
233 867
777 44
653 455
265 820
965 919
429 630
622 164
623 420
552 185
682 735
493 341
772 499
795 125
743 630
18 771
173 290
195 868
7 35
230 864
558 830
561 593
384 509
589 588
855 694
774 750
404 871
716 437
491 883
800 966
396 391
90 686
907 95
940 671
71 664
181 947
769 154
636 497
25 913
839 323
91 29
547 296
115 433
179 670
558 456
364 919
143 269
753 642
958 690
637 372
931 684
555 94
713 85
150 191
514 13
659 407
453 633
762 554
229 993
235 707
14 556
879 445
7 732
858 24
360 804
101 430
371 357
729 349
326 224
856 997
523 860
968 829
484 724
404 820
336 452
769 296
54 770
828 292
635 204
268 194
796 329
520 864
361 846
160 363
738 860
571 981
105 994
440 395
531 677
281 282
760 671
1000 337
440 572
678 566
101 701
800 342
673 977
559 752
622 724
834 270
762 394
813 77
498 797
116 938
906 84
493 44
347 134
738 523
155 1
796 343
927 485
236 593
525 614
772 896
945 145
761 366
266 397
594 802
617 944
395 572
319 581
107 947
398 702
402 554
655 251
501 871
704 816
30 902
461 88
261 122
295 27
91 126
591 792
922 134
1000 111
198 287
817 89
558 935
387 539
460 515
226 914
159 553
166 37
265 12
333 605
280 718
402 394
121 426
105 151
793 900
321 917
589 304
305 898
280 17
1000 972
708 428
795 883
1000 192
457 216
636 454
594 779
897 438
768 219
574 263
904 492
280 355
158 990
594 728
557 956
623 527
497 454
998 717
501 820
774 942
793 357
328 124
525 16
434 521
958 180
529 58
862 612
559 139
402 762
335 733
177 448
14 721
240 592
157 886
555 356
578 118
861 3
530 156
10 65
186 210
137 264
309 183
262 106
25 534
464 369
904 481
141 263
197 830
41 826
143 87
560 926
375 193
451 59
964 679
530 103
398 642
571 649
636 888
233 692
698 245
371 31
105 447
945 443
360 247
265 455
327 608
500 369
121 909
498 901
41 626
497 888
318 759
647 388
312 86
865 28
90 679
961 340
510 47
208 592
761 290
639 89
404 12
813 949
815 283
233 359
387 215
856 657
594 98
746 382
30 881
197 456
408 485
708 217
314 900
333 745
198 480
836 163
530 956
565 619
344 487
559 224
937 426
738 337
486 59
821 588
10 56
586 621
117 334
312 665
793 31
148 955
713 27
519 667
530 557
297 512
927 867
289 214
748 72
195 264
647 110
314 357
317 770
711 832
965 78
637 661
839 6
908 132
879 259
698 819
91 859
179 301
826 626
851 840
86 665
404 455
435 707
85 27
231 2
280 400
834 980
336 182
229 863
347 683
738 111
145 443
347 684
41 278
683 684
965 736
910 886
682 601
35 732
159 509
328 665
65 56
904 634
297 154
279 439
542 433
295 123
836 785
102 754
831 842
328 86
362 997
922 684
936 88
582 941
738 972
308 690
636 205
591 878
532 299
90 964
10 818
774 747
738 192
281 134
658 526
417 929
716 372
77 949
765 732
336 423
922 683
768 97
233 581
275 306
793 371
837 59
297 296
22 627
30 470
497 205
190 409
166 207
78 736
704 939
25 915
708 643
744 810
461 889
833 926
124 665
523 337
765 35
561 543
436 556
136 533
333 475
314 31
380 437
559 326
578 5
90 756
937 909
559 843
109 212
42 583
130 717
793 750
885 125
575 880
179 438
763 428
508 691
598 953
628 752
12 455
589 870
551 997
286 720
326 843
364 736
632 185
262 975
927 692
923 899
440 941
763 217
697 220
548 665
14 986
636 674
598 82
399 957
380 372
704 248
501 455
284 938
578 112
115 545
371 750
266 210
964 756
141 574
131 306
940 152
821 304
65 818
396 92
364 78
321 569
461 273
428 217
30 633
501 12
708 712
882 252
959 194
275 841
837 486
328 312
280 58
182 423
910 157
491 24
102 277
387 784
927 359
523 111
452 423
457 89
562 758
452 182
464 385
437 372
41 846
124 86
497 674
953 82
777 369
1000 292
837 451
230 125
698 857
795 24
865 778
436 721
910 95
822 943
639 817
968 898
93 272
434 759
559 792
716 661
129 382
367 341
754 277
523 972
965 572
673 919
160 350
991 979
548 86
361 526
171 502
963 33
675 153
336 864
197 935
749 848
523 192
330 51
481 634
912 469
14 705
140 597
105 702
500 385
519 246
558 370
157 95
551 362
931 654
135 990
93 79
314 750
492 634
571 544
221 962
279 488
380 661
496 329
542 545
347 654
713 123
763 643
209 329
383 287
682 515
885 883
131 841
408 867
328 68
912 303
922 654
209 496
795 491
882 854
288 294
347 931
769 547
272 79
503 775
168 474
744 258
834 405
387 345
922 931
107 181
437 661
102 740
927 581
117 568
7 604
209 343
548 124
312 68
18 465
229 978
469 303
514 848
332 454
235 299
918 880
635 444
253 966
793 942
855 84
463 522
492 481
280 529
628 139
659 670
586 533
534 915
105 642
647 415
936 889
10 625
530 164
904 989
760 152
486 451
945 615
763 712
675 433
606 660
542 115
307 773
669 667
986 705
496 343
188 966
408 692
678 185
353 183
216 89
36 424
561 546
230 883
904 325
446 650
877 50
331 902
628 224
176 391
19 830
559 878
589 1
826 278
314 371
429 244
364 572
452 864
153 433
7 811
493 369
477 354
696 409
737 397
372 661
672 718
734 905
19 456
754 740
85 123
548 68
551 657
172 518
408 359
936 273
520 125
965 395
672 17
761 173
477 420
107 667
761 938
769 293
10 624
571 448
173 938
326 792
281 684
560 710
316 727
580 499
124 68
940 220
15 868
547 293
945 652
672 355
188 253
387 269
181 667
332 888
368 346
923 442
314 942
922 347
963 70
301 438
262 573
993 863
683 654
514 749
229 814
777 385
436 705
774 505
530 724
252 854
715 645
579 329
954 76
383 480
367 44
331 881
330 966
99 75
289 467
41 526
519 13
869 662
746 100
30 453
190 585
427 27
140 899
865 114
371 942
555 982
436 986
380 716
579 343
934 377
51 966
867 692
460 377
362 657
610 727
136 426
351 334
586 426
412 251
594 378
729 985
610 316
161 108
28 778
586 136
743 244
882 664
279 256
521 759
19 935
837 626
320 274
628 843
923 853
836 886
143 971
428 643
460 934
675 545
408 581
852 997
165 291
116 294
107 669
582 406
821 870
928 397
784 345
331 470
22 950
753 686
700 759
22 808
714 802
580 896
182 864
289 285
321 677
99 887
737 210
435 299
15 264
120 249
129 100
188 342
965 941
885 24
440 406
387 87
782 40
139 224
510 824
498 840
912 570
815 930
140 442
700 521
520 883
328 900
678 632
30 829
233 319
360 872
419 263
907 219
579 496
559 591
839 33
834 191
331 633
586 909
422 816
973 727
672 400
578 668
141 473
65 625
459 966
140 853
713 295
266 186
907 97
544 448
940 697
328 357
973 316
623 379
714 779
867 359
281 654
86 68
178 283
300 458
165 563
760 220
102 46
810 258
714 728
510 804
628 792
446 719
713 439
18 540
548 312
71 868
253 342
837 278
153 545
991 554
295 439
908 618
558 773
189 382
991 394
140 923
91 645
464 894
928 210
493 385
364 395
243 450
685 147
332 205
330 342
571 177
280 2
739 666
855 906
907 768
305 590
320 108
320 161
714 98
560 149
107 246
18 665
129 746
230 24
839 70
696 585
302 566
574 473
136 909
307 466
221 726
297 293
637 778
562 258
78 572
653 634
330 253
861 388
659 438
168 76
903 206
708 969
25 89
836 95
698 599
429 257
812 407
639 445
540 665
774 660
831 884
440 582
548 900
36 425
328 31
562 810
268 59
148 133
865 113
145 615
195 137
418 933
418 234
463 47
428 712
344 199
51 342
286 483
992 376
669 246
312 900
559 926
907 995
298 260
531 933
85 439
865 4
531 234
847 306
71 264
548 357
500 894
181 246
19 197
774 606
861 110
672 58
168 954
364 941
675 115
265 634
158 981
628 326
286 276
922 485
837 826
460 242
735 601
510 247
659 301
453 829
99 21
436 14
116 288
236 543
65 624
542 947
312 357
753 679
336 125
347 485
327 324
140 688
165 482
821 1
731 913
763 969
368 374
560 48
903 338
531 418
673 736
351 568
628 878
890 138
723 970
10 341
852 657
639 259
793 747
332 674
113 4
754 46
532 944
641 823
629 720
777 894
140 201
637 28
945 850
844 254
124 900
41 361
166 875
101 905
465 665
181 669
360 977
713 488
328 750
460 214
229 223
176 92
738 292
950 808
289 430
548 31
431 914
417 472
558 466
774 363
800 771
934 242
190 516
678 552
459 342
940 232
945 803
145 652
758 258
397 210
492 989
331 829
486 626
320 602
839 963
124 357
41 658
698 238
252 664
991 762
91 715
809 260
694 84
90 255
461 556
793 505
289 701
847 841
240 651
575 82
326 878
865 595
171 239
968 590
121 251
440 245
555 709
416 306
107 13
10 44
764 306
483 276
222 517
331 453
837 846
18 68
743 257
307 823
693 661
591 926
492 325
764 416
393 260
380 778
295 488
143 518
7 612
422 939
582 245
307 641
51 253
404 634
934 214
140 211
312 31
636 424
809 298
998 522
336 883
796 206
764 841
281 683
699 138
481 989
833 710
222 119
784 269
637 114
416 841
314 747
233 805
744 79
520 24
922 692
314 505
74 174
831 282
286 132
764 847
375 759
851 200
195 727
716 778
393 298
85 488
761 284
451 626
655 391
675 947
747 505
461 721
440 819
327 267
519 848
422 248
137 727
347 692
548 750
965 406
416 847
922 359
481 325
195 316
150 707
958 413
867 581
395 941
558 823
361 658
897 902
842 884
235 944
32 717
795 858
907 441
124 31
328 942
25 216
616 690
429 967
558 641
137 316
844 703
834 707
318 987
181 13
910 219
347 359
368 64
497 424
457 817
170 770
761 294
218 502
796 338
582 819
795 690
333 433
834 150
160 72
731 915
155 204
936 556
910 97
242 214
858 690
284 294
696 516
795 616
140 489
653 989
469 570
669 13
452 125
36 630
457 445
265 989
760 697
493 894
266 381
777 500
318 175
923 688
19 370
477 527
599 238
449 311
877 984
653 325
897 881
993 978
885 491
265 325
28 114
498 200
879 661
281 931
817 445
714 378
815 213
922 581
486 278
673 572
713 256
457 259
158 649
992 392
598 376
635 597
279 970
18 86
208 651
758 810
312 750
815 588
501 634
321 933
321 234
960 227
608 324
959 59
189 100
836 157
838 917
907 169
265 653
540 68
971 518
851 789
335 584
910 768
936 721
817 259
123 439
347 581
427 439
423 864
865 876
760 232
427 123
344 776
793 660
922 867
213 588
471 957
610 757
869 849
437 778
837 526
279 723
923 201
877 490
861 415
434 987
973 757
927 319
261 871
265 481
548 942
910 995
435 944
503 217
964 255
463 824
897 470
725 830
15 727
558 307
268 626
628 926
380 114
465 68
653 481
99 644
498 789
10 367
429 63
327 524
124 750
436 790
965 245
347 867
440 857
945 106
672 529
434 175
772 691
845 329
384 249
559 710
682 377
320 55
159 249
15 316
463 804
314 660
697 232
774 350
725 456
330 188
571 339
637 4
722 23
699 890
398 686
275 458
445 259
159 384
143 172
885 690
221 487
858 616
461 705
897 633
18 900
333 545
7 862
153 115
532 617
809 474
240 864
845 343
459 253
9 283
380 28
404 989
793 606
839 34
295 256
498 851
647 996
452 883
240 423
682 214
998 47
171 601
105 686
636 425
451 278
393 474
629 276
856 443
308 180
429 421
336 24
18 357
973 610
387 518
734 539
85 256
41 767
265 492
330 771
586 937
404 325
510 872
153 947
815 304
716 114
36 244
822 502
961 227
582 857
965 819
739 832
188 771
743 967
782 966
793 363
166 676
281 485
567 346
991 402
261 820
908 962
414 537
268 278
414 43
231 650
286 618
813 237
115 947
903 122
753 756
190 271
195 757
637 113
262 798
826 846
537 43
131 458
463 247
314 606
491 690
988 38
927 805
71 727
179 902
377 214
268 451
828 329
682 242
984 490
344 742
868 264
918 82
575 953
236 546
25 259
312 942
484 283
653 492
698 614
904 666
498 241
635 899
314 363
562 79
105 398
460 467
101 539
198 323
943 502
477 379
364 406
137 757
936 705
427 488
828 343
637 595
71 316
465 540
25 445
155 444
586 251
419 473
503 643
399 863
18 31
387 971
36 257
186 381
993 814
85 295
885 616
10 369
497 425
498 49
65 341
7 348
833 149
608 267
230 690
945 975
208 864
764 458
663 528
852 362
879 693
885 858
179 881
531 732
42 382
629 483
86 900
784 87
598 392
222 193
19 773
725 935
842 282
124 942
910 441
555 187
173 294
178 930
831 134
116 605
851 241
371 505
925 403
647 156
542 667
302 185
507 306
940 770
308 413
91 593
937 251
281 692
380 4
628 591
14 790
208 423
991 194
235 617
923 211
647 103
921 313
335 794
737 381
107 848
460 285
635 442
565 138
735 515
409 585
559 149
15 757
414 73
764 131
501 989
965 857
410 274
360 919
143 57
672 2
510 977
331 30
36 967
716 28
786 860
330 800
321 418
93 263
231 719
120 990
281 359
266 163
796 122
101 734
148 825
813 752
135 981
635 853
685 755
743 63
86 357
501 325
647 956
195 610
507 841
503 712
437 114
179 470
851 49
309 306
696 271
180 413
931 485
41 874
321 732
836 219
838 569
268 486
910 169
417 118
18 750
404 481
168 671
171 515
988 389
561 346
928 381
36 63
328 505
364 245
230 491
854 664
809 76
897 829
988 203
836 97
375 521
195 973
65 44
623 8
629 132
51 771
105 679
36 743
764 275
101 215
559 833
3 388
25 817
309 841
393 76
416 458
673 78
36 421
934 467
683 485
903 871
297 547
720 276
737 186
179 633
418 732
675 667
708 29
844 775
171 735
226 830
90 462
940 170
636 630
145 850
197 370
761 288
763 29
959 626
768 995
589 204
387 172
66 517
716 4
734 215
744 272
139 843
188 800
380 113
700 987
559 48
116 745
380 595
10 385
435 617
743 421
226 456
622 283
113 595
815 870
327 11
606 363
66 119
281 581
398 679
673 941
833 48
71 757
903 820
286 962
992 621
637 876
945 573
364 819
747 660
410 108
300 974
327 932
402 194
145 803
534 89
700 175
782 342
834 299
410 161
328 371
427 256
753 255
396 276
793 350
319 805
198 6
137 610
532 454
436 322
387 57
279 277
123 488
459 771
19 466
465 900
461 986
464 718
836 995
796 871
289 905
321 531
589 444
836 768
36 429
934 285
28 4
78 941
647 557
452 24
240 182
1000 329
608 524
998 824
464 17
268 846
777 718
628 710
708 126
280 650
763 126
314 350
554 394
3 110
367 369
404 492
463 872
777 17
959 278
635 688
578 324
18 942
15 610
907 949
931 692
464 355
465 357
659 902
181 848
548 505
813 224
683 692
298 474
1000 343
998 804
266 785
216 259
777 355
678 258
763 708
713 970
166 386
213 304
958 816
809 954
856 615
497 630
542 246
117 957
635 201
230 616
728 98
309 507
796 820
333 947
540 900
928 186
532 888
279 740
560 860
137 973
393 954
716 595
240 125
682 467
15 973
368 495
86 31
767 874
636 244
328 660
647 164
659 881
683 931
913 915
908 726
15 137
330 665
396 720
683 359
235 454
931 359
226 935
176 276
777 464
218 239
761 605
716 113
540 357
36 613
684 654
936 986
91 543
460 430
758 79
594 349
340 227
141 291
561 567
560 786
774 72
675 246
268 826
760 770
897 453
998 247
527 379
36 401
19 823
230 858
815 1
923 489
417 5
558 366
651 864
331 898
699 411
731 89
483 132
635 211
856 652
460 701
437 4
412 391
659 470
328 747
463 977
598 621
380 876
326 926
879 372
235 888
682 285
904 832
416 131
364 857
636 257
647 724
520 690
280 719
435 454
160 748
410 602
551 443
188 665
155 597
737 163
309 847
268 526
179 829
286 726
141 563
321 35
963 34
879 778
713 723
465 31
500 718
371 660
813 843
377 242
182 125
486 846
578 267
865 914
772 508
417 112
669 848
763 859
172 57
372 778
500 17
659 633
240 883
327 553
764 974
532 205
328 363
708 859
116 475
396 132
331 590
560 337
500 355
435 888
862 348
507 847
281 867
361 874
761 745
375 987
928 163
237 752
25 457
519 749
715 593
591 710
777 400
836 441
19 641
561 374
813 139
261 455
497 244
958 939
826 526
328 606
157 219
636 967
396 483
589 597
140 592
838 677
855 27
135 649
10 894
208 125
440 238
903 455
74 450
772 576
560 111
575 376
262 303
464 400
510 919
286 908
628 149
279 46
623 358
548 660
85 970
722 799
157 97
375 175
903 261
560 972
141 482
542 13
560 192
683 581
958 248
216 445
501 481
636 63
813 792
635 489
66 193
416 275
498 468
101 345
176 720
120 981
208 182
540 31
916 948
235 205
965 582
176 132
698 16
971 57
28 595
800 665
931 581
747 363
91 546
330 68
389 203
720 132
636 421
51 665
812 670
71 610
266 886
836 169
961 960
532 674
959 451
51 800
204 444
885 795
336 690
567 374
434 318
109 791
629 618
497 257
580 691
437 595
675 13
465 86
845 496
9 930
839 50
716 876
309 458
796 455
910 949
764 300
176 483
493 718
435 205
461 790
289 539
295 970
639 661
673 395
333 115
186 163
408 805
508 576
493 17
912 884
772 603
655 92
531 35
842 134
459 665
437 28
578 524
635 923
548 371
988 999
312 505
898 590
36 96
744 263
992 533
465 750
414 781
493 355
253 771
218 601
153 667
288 605
42 100
429 613
383 323
428 969
208 883
628 48
387 143
327 509
332 424
235 674
558 290
964 462
548 363
934 430
297 769
71 973
86 750
965 238
484 930
574 291
936 790
738 329
165 407
779 98
777 58
959 846
497 967
188 68
636 743
737 785
30 590
406 245
371 363
124 505
658 874
507 458
122 871
632 552
599 614
284 605
478 664
809 671
760 170
714 349
890 411
393 671
731 534
435 674
796 261
101 269
659 829
209 206
934 701
693 778
695 196
155 899
308 816
582 238
738 343
971 172
399 978
491 616
589 899
548 747
178 588
429 401
548 606
720 483
497 63
30 898
437 113
486 526
158 448
265 666
704 228
747 606
998 872
459 800
286 487
704 835
14 322
85 723
54 227
561 64
574 563
879 114
266 95
15 195
120 649
351 957
464 58
822 239
579 206
485 692
289 215
682 430
500 400
284 288
928 785
828 496
589 155
307 366
168 152
463 919
992 426
497 421
197 773
240 24
729 730
198 33
130 522
761 475
129 979
367 385
682 701
598 533
471 863
328 350
636 613
711 915
233 517
145 106
209 338
844 217
772 631
722 924
959 526
182 883
521 987
608 11
410 55
636 401
793 72
501 492
786 337
589 442
159 990
579 338
314 72
93 473
262 570
371 606
233 119
540 750
18 505
368 20
416 974
651 423
868 727
157 995
139 792
360 736
155 442
636 429
51 68
765 604
136 251
305 502
589 853
22 61
813 878
25 661
713 277
753 462
198 70
221 199
28 113
427 970
608 932
123 256
992 909
179 453
575 392
877 23
912 282
574 482
998 977
155 853
551 615
15 566
598 426
959 486
493 400
514 40
451 846
521 175
284 745
459 68
503 969
295 723
368 506
583 382
101 87
945 798
734 345
204 597
65 369
195 566
993 223
465 942
861 996
508 603
772 620
943 239
120 135
122 820
330 900
333 667
437 876
218 515
834 944
713 740
562 272
408 319
321 604
308 939
436 60
320 56
672 650
91 236
737 886
756 255
371 747
177 339
178 304
844 643
882 264
157 768
497 743
908 487
330 357
598 909
176 396
297 656
176 618
396 618
959 826
653 666
831 654
856 850
579 209
312 660
623 662
800 68
308 248
288 745
711 913
117 863
555 880
927 517
208 24
368 184
565 411
786 111
321 765
485 359
353 306
383 6
497 613
928 886
551 652
629 962
847 458
764 997
404 666
457 661
500 58
548 350
298 76
769 656
253 665
782 771
927 119
578 11
882 727
837 874
153 246
417 668
497 401
124 660
314 793
525 664
856 803
90 75
477 8
675 542
530 283
622 930
868 316
478 854
844 712
180 816
682 934
321 811
636 96
589 688
567 64
968 502
579 871
444 597
637 914
591 149
440 614
578 932
961 388
361 767
209 871
353 841
786 972
137 566
435 235
822 601
879 4
562 263
26 311
399 814
250 84
105 255
589 201
559 860
810 79
71 566
330 31
372 114
289 345
865 431
786 192
18 660
922 805
188 900
493 58
571 334
961 110
544 339
782 665
427 723
3 415
763 645
836 949
579 820
461 322
765 811
737 95
86 942
851 468
558 938
168 220
451 526
772 687
514 966
188 357
209 820
882 316
264 727
105 756
672 719
28 876
155 688
813 926
557 164
861 156
510 736
675 848
743 613
275 974
377 467
936 322
497 429
186 785
145 975
965 614
71 137
537 73
129 394
189 746
384 990
659 453
418 35
130 47
129 554
542 848
540 942
861 103
77 752
960 388
912 134
764 657
233 193
713 46
852 443
155 201
85 277
589 211
928 95
697 770
243 619
320 818
715 543
312 363
406 819
734 269
838 933
838 234
809 152
916 891
831 684
393 152
877 799
678 79
547 656
673 245
289 269
364 238
579 122
725 370
272 263
498 512
655 276
289 734
885 413
333 246
124 363
861 956
708 645
452 690
882 868
865 830
991 59
998 919
525 854
335 146
855 439
307 290
463 736
960 110
897 590
486 826
209 122
743 401
608 553
943 601
865 456
693 114
330 750
18 363
879 595
309 131
782 253
559 337
65 385
173 605
121 391
503 428
51 900
171 214
85 740
360 572
309 974
540 86
774 748
498 154
704 62
332 425
188 31
821 597
753 964
729 45
497 96
434 717
237 224
571 568
559 111
409 516
435 532
731 259
265 832
477 358
498 296
190 287
176 962
380 914
404 653
459 900
51 357
559 972
617 454
877 924
347 805
559 192
460 905
678 810
501 666
578 553
131 974
918 953
155 211
589 489
197 466
371 350
513 84
10 718
7 43
18 124
632 258
771 665
414 733
19 366
459 357
782 68
10 17
9 588
525 478
153 13
141 407
309 275
673 819
623 849
591 48
115 667
289 87
15 185
629 726
180 939
328 72
10 355
865 935
117 471
286 199
916 80
419 291
231 446
575 621
582 614
559 786
927 193
312 606
396 962
744 473
178 213
508 631
284 475
295 277
611 84
90 887
431 830
680 766
882 757
317 227
18 606
120 448
594 985
822 515
484 588
12 634
377 285
253 68
318 717
795 413
204 899
580 576
90 21
124 606
116 433
178 870
673 406
393 809
812 438
918 376
159 981
628 833
431 456
180 248
157 441
598 992
821 444
18 312
961 415
419 563
440 599
936 461
945 303
330 942
229 38
351 863
51 31
699 929
150 299
117 978
7 73
531 604
213 870
578 608
393 220
809 220
188 750
922 319
338 871
416 300
333 13
579 455
226 370
459 31
988 88
463 510
986 790
190 480
463 572
264 316
195 185
510 572
427 277
720 618
855 488
167 504
109 893
173 745
973 566
435 424
295 740
552 258
7 537
221 776
953 376
696 287
747 350
155 489
586 391
368 373
32 522
416 997
471 978
240 690
209 455
725 773
578 509
965 599
412 92
222 759
655 132
856 106
580 603
734 87
532 424
714 985
186 886
300 997
336 520
218 735
608 509
639 778
235 424
242 467
113 876
85 46
260 474
336 616
635 592
761 433
520 616
868 757
906 27
398 255
40 966
897 898
25 778
839 490
408 517
206 871
10 400
879 876
419 482
77 224
704 67
879 113
821 899
9 304
519 966
36 183
157 169
730 45
101 784
427 740
519 40
266 219
71 185
176 726
292 329
230 413
561 495
145 573
266 97
408 119
837 658
861 164
25 639
715 546
617 888
961 3
943 515
204 442
1000 496
189 979
91 346
887 21
18 350
412 276
484 304
429 96
903 634
548 72
683 867
404 832
229 203
813 326
198 34
235 532
74 619
960 415
507 974
51 750
229 389
159 649
179 590
292 343
800 900
531 811
116 545
673 857
117 814
459 750
861 557
922 517
796 634
338 820
551 850
544 177
431 935
653 832
262 469
182 24
508 620
535 127
852 615
312 350
813 710
204 853
821 442
696 480
838 732
330 86
998 736
922 119
491 858
782 900
682 905
18 747
243 138
197 823
137 185
817 661
124 350
188 942
19 290
628 860
945 570
383 33
534 259
844 969
741 946
226 773
877 722
800 357
493 500
694 27
492 666
861 724
396 726
782 357
912 842
821 853
387 210
92 276
286 776
716 914
551 803
416 657
580 631
598 251
782 800
731 445
178 1
372 4
610 566
367 894
753 75
353 458
266 995
659 590
206 820
10 58
32 47
463 360
761 545
326 710
279 754
903 12
74 138
965 440
460 539
309 997
729 538
821 204
746 979
693 4
444 899
637 830
107 749
221 742
465 505
66 759
855 256
477 662
368 212
711 89
565 890
637 456
992 251
834 454
208 690
364 614
383 70
332 630
589 923
295 46
629 487
940 227
319 517
77 237
796 12
471 814
347 517
856 975
330 540
846 526
305 239
852 652
562 473
427 46
168 232
936 14
782 31
885 816
991 626
347 319
186 95
105 462
74 243
580 620
25 114
651 125
347 119
485 581
327 249
77 843
319 119
312 747
435 425
314 748
574 407
575 533
51 942
266 768
934 905
834 888
65 894
129 762
622 588
286 742
459 942
268 874
833 860
988 889
333 153
124 747
628 337
321 612
936 60
412 132
237 843
636 183
171 467
739 915
231 766
351 978
302 258
422 228
90 644
422 835
300 657
463 941
427 295
165 670
637 935
998 572
101 518
336 858
14 60
800 31
918 392
99 499
288 475
514 342
461 60
639 114
558 294
460 215
575 426
912 654
628 111
793 748
907 752
242 285
432 807
176 487
461 14
628 972
964 75
129 194
725 466
309 657
628 192
507 131
384 981
130 824
331 502
140 864
700 717
393 232
307 938
289 784
821 688
580 508
737 219
235 425
809 232
501 832
737 97
693 372
834 617
813 149
380 830
91 374
344 382
336 491
988 273
280 446
782 750
309 300
380 456
362 443
991 278
408 193
821 201
928 219
532 425
928 97
418 604
286 221
771 68
922 193
253 900
763 593
171 285
9 870
18 371
130 804
575 909
305 601
320 625
960 3
758 263
266 441
457 778
879 28
655 483
968 239
360 941
903 989
647 283
834 205
77 792
921 607
171 242
484 870
885 939
99 896
904 915
115 246
796 989
253 357
955 133
135 448
444 442
530 930
903 325
510 941
395 245
922 408
189 394
141 670
330 505
693 595
7 781
226 466
266 169
189 554
796 325
931 867
845 871
122 455
351 814
885 248
577 69
333 848
753 21
714 594
289 518
557 724
372 595
958 228
958 835
204 688
436 81
380 935
264 757
837 767
828 871
71 195
821 211
65 367
622 304
813 48
910 752
507 275
25 4
520 858
280 766
580 687
340 388
682 539
398 756
637 431
737 995
375 717
619 138
481 666
753 887
865 370
332 244
655 618
231 680
229 999
963 50
173 475
815 597
795 816
477 849
842 654
396 487
435 630
153 848
834 674
565 929
510 360
204 201
444 853
845 820
928 995
561 20
856 573
720 962
555 82
782 942
529 2
571 957
828 820
465 660
179 898
907 224
586 121
107 966
347 193
19 938
143 210
833 337
218 214
91 64
968 601
704 270
397 381
497 183
130 247
340 110
459 51
659 898
507 997
800 750
628 786
708 593
436 133
230 816
865 773
908 199
617 205
725 823
41 474
777 2
436 955
965 16
764 443
560 523
651 883
384 649
777 529
18 72
410 56
418 811
762 194
561 506
353 847
761 116
188 86
589 592
877 39
446 766
198 50
253 31
959 874
393 168
540 505
560 329
761 947
116 947
93 291
833 111
275 997
551 106
406 857
399 223
586 276
25 595
682 215
737 768
120 158
92 132
821 489
523 329
833 972
560 343
237 792
235 630
166 403
124 312
141 165
148 787
890 929
833 192
912 684
240 452
809 168
639 4
332 257
121 276
659 179
213 1
928 768
197 641
377 430
250 27
998 941
460 345
9 1
525 252
226 823
233 759
9 213
78 245
743 96
305 515
354 420
117 223
519 342
93 563
198 963
730 538
851 512
520 491
440 16
484 1
764 362
140 423
414 584
523 343
437 914
435 244
869 479
910 224
532 630
561 184
484 213
298 954
330 660
907 843
582 599
961 996
41 260
159 448
204 211
216 661
498 293
336 413
746 394
131 997
117 399
796 903
377 701
508 687
815 899
371 72
503 29
763 543
465 363
746 554
176 629
737 441
395 819
74 411
188 505
795 939
155 923
716 830
25 372
319 193
302 552
784 518
839 984
598 136
32 824
772 917
171 430
716 456
928 441
851 154
507 657
435 257
412 483
457 114
958 422
412 618
764 615
934 539
280 680
8 358
460 269
865 466
739 913
953 392
483 618
284 433
230 939
109 596
93 482
737 169
332 967
262 884
845 206
12 989
77 139
851 296
964 21
828 206
973 185
171 701
101 57
795 248
123 970
928 169
32 804
907 792
933 234
368 791
380 431
124 72
904 913
749 966
940 317
845 338
120 339
312 72
828 338
436 825
15 258
675 669
958 62
815 442
230 248
266 157
289 57
968 515
927 759
882 566
235 244
140 125
579 261
639 595
855 970
141 438
25 693
351 471
910 843
410 818
107 40
828 845
253 750
332 63
326 149
764 652
586 132
330 363
435 967
419 407
422 62
173 288
12 325
513 27
41 76
171 377
815 853
877 420
877 354
855 123
828 455
845 455
961 156
7 733
25 876
760 227
655 962
822 735
694 906
805 517
753 644
328 748
951 83
844 428
961 103
42 979
435 63
831 692
54 388
520 413
459 86
907 237
716 935
800 942
729 128
289 101
693 876
459 505
838 35
611 27
704 980
417 324
393 770
551 975
86 505
51 505
571 863
904 739
51 86
852 850
865 823
532 244
414 794
964 887
961 956
567 495
121 132
809 770
622 870
332 421
78 819
460 87
805 119
579 634
235 257
435 421
435 332
308 228
998 360
503 126
308 835
910 792
176 199
398 462
338 455
531 765
918 621
115 13
731 661
266 949
763 546
934 215
831 359
281 517
897 30
32 247
54 110
578 249
491 413
321 348
362 615
158 339
275 657
140 883
298 671
159 135
682 345
340 415
617 674
852 803
708 543
81 133
281 119
206 455
365 801
836 752
26 449
165 438
204 489
1000 871
629 199
774 160
699 472
230 795
744 291
945 469
124 371
958 67
586 92
261 634
532 257
235 967
66 222
372 876
281 805
188 540
168 770
991 526
574 670
777 650
815 444
284 545
351 223
838 604
155 592
19 307
463 245
772 569
910 237
904 89
815 688
828 122
188 660
673 238
235 63
869 788
744 563
623 479
782 505
720 726
725 641
1000 820
71 258
312 371
540 660
209 634
845 122
637 370
444 688
815 201
25 113
464 2
131 657
682 269
960 996
637 773
412 962
739 89
226 641
368 893
157 949
262 282
907 139
235 421
435 613
109 751
583 100
534 445
532 967
647 930
678 263
330 465
514 665
272 473
435 401
844 29
417 267
77 878
858 413
209 261
218 467
105 75
236 346
253 942
837 361
457 4
897 502
560 292
444 201
330 606
463 819
422 67
387 381
694 439
822 214
532 63
610 185
782 86
571 978
744 482
998 510
838 811
639 876
383 34
465 606
195 258
130 872
961 164
991 846
471 223
492 832
575 251
815 211
327 990
831 581
362 652
711 259
558 605
761 667
865 641
925 315
836 224
813 591
331 239
140 651
459 660
698 664
561 373
326 48
229 88
992 136
906 439
145 798
708 546
66 987
464 529
330 350
91 495
409 271
655 726
764 850
532 421
30 502
51 660
910 139
622 1
188 363
682 87
908 776
484 9
344 100
525 727
309 416
839 23
879 914
353 974
370 773
623 788
465 350
764 803
218 285
66 175
332 613
380 773
380 370
121 92
961 724
551 573
181 966
15 552
571 814
336 816
222 987
503 859
704 405
331 601
844 126
332 401
140 24
738 496
530 588
777 719
81 955
988 556
434 522
226 725
396 199
907 878
945 884
189 194
960 156
559 329
672 766
243 411
364 599
463 78
737 949
960 103
176 776
637 466
928 949
865 725
116 667
782 660
437 830
548 748
579 989
865 226
559 343
222 175
434 47
42 394
815 489
235 613
308 62
344 583
437 456
731 216
922 759
262 134
586 618
519 665
235 401
961 557
42 554
540 363
281 193
579 325
463 395
558 745
836 843
435 96
514 68
960 956
457 595
639 372
297 585
402 59
19 294
833 786
772 677
459 363
912 692
855 723
463 857
910 878
231 254
758 473
265 915
531 612
882 185
998 245
771 900
834 424
176 908
417 524
54 415
747 72
940 388
412 726
943 735
356 982
77 926
190 323
129 59
51 363
988 721
934 345
368 596
107 342
659 502
651 24
240 616
309 443
902 881
954 671
912 359
130 977
74 929
756 462
525 316
964 644
459 540
582 16
129 402
635 864
923 592
986 322
693 113
395 857
936 133
562 291
1000 455
907 926
235 332
958 270
493 2
940 110
532 613
637 823
836 792
771 357
623 869
444 211
428 29
761 246
782 363
943 214
855 277
629 776
416 443
41 671
632 79
176 742
737 157
817 778
532 401
91 567
41 954
380 466
928 157
437 935
289 172
198 490
302 79
250 439
464 650
586 483
813 860
998 819
865 197
510 245
655 720
137 258
78 857
336 939
384 448
562 563
856 798
713 754
280 254
302 632
32 872
561 212
189 762
209 989
307 294
623 225
347 408
910 926
936 955
15 79
907 77
729 142
368 751
105 21
520 816
694 488
844 859
186 219
121 618
308 67
331 515
735 214
209 325
51 540
608 249
928 737
908 742
519 68
574 438
186 97
336 248
435 743
542 669
530 304
855 740
436 787
387 397
65 718
351 399
15 632
507 300
86 660
764 852
936 81
869 225
934 269
525 757
229 889
945 282
347 759
842 684
734 518
675 966
408 759
65 17
15 302
764 106
22 549
722 39
353 997
179 502
260 76
696 323
173 433
240 413
639 113
461 133
831 485
463 406
446 680
852 106
35 604
235 96
309 615
782 540
65 355
912 581
839 799
231 703
562 482
729 511
586 962
380 823
695 541
242 430
765 612
7 584
233 987
882 610
571 223
622 213
522 47
510 819
229 273
116 246
387 163
493 529
419 670
906 488
815 204
910 77
579 12
188 606
188 350
233 175
297 516
813 337
629 742
71 552
218 430
332 96
93 407
416 615
918 533
309 652
918 426
655 487
782 51
606 350
960 164
839 924
91 20
761 13
10 500
461 955
821 592
218 242
998 857
936 825
533 426
318 47
704 191
813 111
218 701
105 887
280 703
805 193
493 650
190 6
327 981
813 972
318 522
958 980
460 518
580 917
457 876
813 192
32 977
879 830
364 16
945 134
513 439
368 109
738 871
659 30
879 456
99 691
796 666
410 625
865 366
284 947
91 506
78 395
532 96
242 701
383 50
988 705
396 776
934 87
877 379
764 975
461 81
940 415
481 832
250 488
836 237
10 2
769 585
514 900
431 773
317 388
416 652
565 472
904 259
591 860
206 338
960 724
464 719
491 816
41 298
611 439
918 909
720 487
927 987
637 641
459 350
353 657
647 588
1000 338
92 618
1000 206
397 163
514 357
903 666
529 650
226 197
520 939
71 79
771 31
428 126
121 483
855 46
998 395
120 177
261 989
412 487
673 614
360 245
459 606
998 78
782 350
434 824
171 905
698 854
639 693
101 172
738 820
7 794
716 773
412 720
435 429
414 146
782 606
927 175
730 128
477 479
709 187
500 2
834 425
885 180
91 184
186 995
836 139
404 915
51 350
422 270
330 72
616 413
434 804
423 125
697 170
520 248
393 170
261 325
286 382
821 923
393 697
731 778
460 734
320 624
317 110
695 52
838 418
822 467
559 523
444 489
51 606
879 935
121 962
578 990
542 966
461 825
716 431
372 113
159 339
696 6
772 234
772 933
571 471
758 272
235 743
716 370
586 726
368 94
173 545
809 170
327 649
10 650
715 346
885 228
885 835
782 459
519 900
141 812
431 370
486 874
417 11
809 697
116 13
320 341
65 400
558 475
305 214
279 102
532 332
519 357
86 363
129 626
180 228
180 835
722 420
746 194
514 31
567 20
510 857
722 354
396 742
836 878
41 152
629 908
288 433
417 932
182 690
309 362
469 884
852 975
10 529
380 641
960 557
25 28
589 864
907 710
694 256
1000 122
434 247
912 485
800 505
250 906
998 406
764 573
699 118
910 710
314 160
744 407
723 277
240 858
308 270
958 405
647 304
669 966
452 413
500 650
822 285
540 350
360 819
436 148
493 719
828 634
682 518
763 346
140 690
208 413
635 125
837 474
321 862
195 552
226 366
739 259
514 771
107 665
672 680
477 788
105 644
513 488
71 632
130 919
240 816
598 937
483 962
580 569
953 621
375 700
195 79
785 886
209 12
635 423
628 329
453 590
519 31
140 182
301 881
836 926
231 775
624 341
868 566
817 114
913 89
141 881
252 727
3 996
129 278
530 870
208 452
845 634
628 343
552 79
968 214
141 301
716 466
567 506
262 654
784 57
858 816
150 944
141 902
540 606
36 306
309 850
611 488
861 283
250 256
623 994
838 612
725 197
678 473
74 890
143 381
571 399
769 516
265 89
301 902
910 907
280 775
598 391
555 376
236 374
514 750
865 290
265 913
309 803
253 505
725 366
208 616
435 183
297 271
465 72
197 366
10 719
25 914
145 303
36 841
419 438
763 715
496 871
141 470
749 40
532 743
653 915
491 939
834 630
591 337
547 585
22 311
330 747
521 717
623 151
525 264
636 306
460 57
623 447
239 601
635 883
906 256
375 47
646 127
452 616
714 45
320 44
519 771
35 811
367 718
305 735
761 115
700 47
141 633
216 778
460 784
463 238
598 276
298 152
500 529
897 601
897 239
636 841
519 750
18 748
711 445
367 17
65 58
228 835
491 248
41 220
121 726
922 987
534 661
109 94
812 881
77 710
943 467
375 522
107 68
731 114
856 303
14 133
591 111
716 823
416 362
561 791
340 996
123 277
772 732
74 472
591 972
235 429
32 919
451 826
367 355
289 971
240 939
910 149
22 449
431 466
738 455
729 892
922 175
181 40
700 522
586 487
761 848
591 192
771 750
42 194
729 952
907 149
422 980
120 544
812 902
308 980
71 302
882 973
937 391
308 422
844 503
885 62
567 184
289 210
815 592
186 768
22 26
237 139
387 886
2 650
318 824
91 373
477 225
416 850
417 553
398 75
984 23
332 743
436 920
240 248
501 915
507 443
81 825
151 447
361 474
418 612
672 446
916 310
496 820
387 785
958 191
637 366
971 210
318 804
945 654
171 539
510 395
527 358
186 441
416 803
498 656
659 601
937 276
186 169
514 942
190 33
965 664
362 850
760 388
500 719
659 239
301 470
266 752
181 749
428 859
578 981
115 848
763 374
123 723
834 244
317 415
551 798
675 40
943 285
852 573
513 256
812 470
837 76
580 677
682 734
647 870
910 48
434 872
457 113
188 72
519 942
559 292
782 72
19 605
391 276
340 3
240 491
760 110
796 832
598 132
812 301
360 857
530 1
890 472
708 346
968 735
178 597
907 48
25 830
704 707
782 188
288 545
25 456
672 254
828 989
92 962
637 197
682 57
123 740
813 786
190 70
936 787
99 576
611 256
562 407
510 78
362 803
230 835
230 228
137 79
844 645
699 5
380 366
828 325
318 247
208 816
838 765
812 633
998 238
93 670
507 615
885 67
800 660
14 955
834 257
865 938
309 106
571 351
180 62
897 515
340 156
235 183
822 430
387 95
675 749
141 829
28 914
171 215
734 57
589 125
340 103
335 174
858 939
233 222
268 658
459 72
529 719
510 406
903 832
547 516
763 236
635 24
347 987
344 979
696 33
836 710
845 989
793 160
319 759
503 645
301 633
446 254
699 112
229 556
637 725
822 701
731 817
250 694
578 649
921 706
120 334
25 935
91 212
904 445
297 409
99 603
746 762
845 325
417 509
347 175
179 30
340 956
7 146
525 566
281 759
308 405
623 702
431 823
434 977
3 156
715 374
723 740
437 773
561 893
266 224
532 429
327 448
195 632
452 816
834 967
305 467
507 652
655 199
659 515
856 145
856 570
145 570
858 248
51 72
368 982
253 660
19 745
3 103
589 423
682 784
412 199
763 64
731 4
218 377
837 260
696 70
834 63
116 848
558 433
675 181
623 642
589 883
107 900
78 406
284 667
594 45
663 681
497 306
281 319
229 721
237 878
963 490
404 89
441 169
817 4
675 342
252 316
107 357
991 826
647 1
555 392
764 798
181 342
940 54
331 214
189 59
912 831
795 835
795 228
380 197
714 538
531 348
769 271
672 703
333 966
14 825
121 487
599 16
179 601
10 493
231 217
15 810
375 824
309 975
928 752
226 290
280 217
497 841
461 787
940 996
243 929
834 421
208 939
560 871
54 996
3 956
305 285
90 499
168 170
422 405
402 626
744 670
154 296
683 517
408 987
586 720
869 994
716 641
375 804
99 631
636 36
412 655
737 752
41 232
1000 634
968 467
266 843
77 149
440 664
15 263
173 947
637 290
30 601
711 661
179 239
137 552
129 526
368 356
532 183
815 923
991 451
120 568
768 169
208 248
683 119
393 227
280 231
408 175
437 370
992 276
700 824
396 908
937 132
882 258
367 400
178 899
236 64
416 106
934 518
800 363
560 820
180 67
579 666
768 441
961 283
107 31
286 100
218 905
760 415
637 226
198 23
361 76
842 692
700 804
925 802
809 227
463 614
99 620
544 334
869 447
42 762
836 149
519 514
30 239
574 165
731 595
280 643
636 458
39 420
810 263
404 913
869 151
231 643
513 906
216 114
36 458
708 374
380 725
266 792
101 210
771 942
423 883
86 350
116 115
375 247
749 342
252 757
130 736
968 285
991 874
90 896
383 490
558 545
904 661
958 707
143 163
353 131
730 142
398 21
14 81
300 443
253 363
616 816
879 773
484 597
565 118
940 156
729 648
437 466
230 62
380 290
280 712
457 372
940 103
877 358
619 411
178 442
452 939
237 926
231 712
262 684
477 994
39 354
308 191
842 359
836 77
928 224
298 220
268 767
988 790
344 394
685 104
148 920
834 613
725 290
885 270
940 956
943 430
598 618
561 596
834 401
265 259
92 483
992 391
9 597
155 864
571 117
309 573
700 247
925 98
171 345
178 853
477 447
74 118
344 554
737 224
782 465
208 858
451 874
204 592
250 970
452 248
85 754
340 164
32 736
836 48
477 151
580 234
580 933
589 24
446 703
54 156
107 750
608 990
229 705
943 701
822 242
93 438
318 872
945 684
434 919
54 103
730 511
525 868
817 595
586 199
838 348
179 515
77 48
918 251
916 946
321 43
135 339
715 64
377 905
927 222
478 727
206 122
469 282
307 605
916 741
198 984
782 747
54 956
416 975
28 830
940 3
992 132
685 827
28 456
772 604
519 505
571 993
66 717
998 614
611 906
383 963
123 46
74 565
284 246
928 843
353 275
561 751
624 44
839 420
437 823
574 881
879 370
675 665
412 776
171 269
402 278
839 354
340 724
542 40
71 263
514 505
694 970
268 474
764 551
653 89
974 997
910 326
332 429
812 829
637 938
477 869
796 481
737 843
230 67
904 711
332 183
708 64
861 930
300 615
510 238
839 39
560 496
525 185
427 754
429 183
639 914
973 258
574 902
384 339
826 874
655 776
672 775
129 846
575 136
209 666
925 779
547 271
851 293
560 455
92 726
847 997
465 747
877 527
772 811
879 466
380 226
84 27
198 799
507 850
30 515
828 261
221 382
695 895
598 962
928 792
540 72
574 470
795 62
764 303
496 455
731 876
744 438
739 445
328 160
321 73
305 430
501 89
107 942
847 974
925 728
318 977
767 474
165 881
91 791
99 687
685 783
544 568
837 671
578 448
885 980
484 899
507 803
965 854
737 792
198 924
562 670
753 499
1000 989
940 164
659 897
936 920
181 665
574 633
834 96
305 701
735 467
551 303
380 938
945 262
178 688
71 810
197 290
758 291
558 288
422 191
1000 325
698 727
364 582
168 697
708 715
542 342
716 366
331 467
171 87
391 132
165 902
178 201
675 68
945 692
367 58
10 464
436 274
412 742
720 199
635 651
130 572
868 185
9 899
262 692
907 326
395 406
331 735
226 938
865 294
139 878
74 5
842 581
594 538
336 835
336 228
877 8
513 970
300 652
117 993
685 801
384 135
307 745
361 260
940 724
483 726
375 872
877 662
968 430
945 359
86 606
188 747
436 108
484 442
233 717
28 935
567 373
879 823
32 572
176 382
436 161
758 563
639 830
639 456
189 626
772 35
165 470
262 359
708 236
2 719
74 112
704 299
186 949
753 896
519 660
774 27
166 315
416 573
218 539
968 701
655 742
936 148
931 517
635 690
934 57
338 122
580 732
22 536
680 254
484 853
477 702
54 3
195 302
611 970
763 495
683 193
436 602
331 285
111 972
107 771
264 566
497 458
931 119
616 939
398 887
41 770
8 662
559 871
658 474
9 442
284 13
165 633
959 474
42 746
903 481
647 530
764 570
19 475
984 799
959 658
289 381
586 776
124 748
280 969
738 122
178 211
25 773
795 67
565 5
514 660
477 642
555 621
910 860
598 726
904 534
774 84
738 338
734 784
739 661
845 261
266 878
821 864
9 853
180 270
700 872
54 164
699 668
266 139
653 913
945 581
266 926
216 4
459 747
181 68
927 717
559 820
698 478
598 483
469 134
714 128
558 947
777 766
368 187
91 893
139 926
651 690
639 935
885 405
308 707
375 977
758 482
813 833
925 378
953 426
628 523
231 969
715 236
616 248
340 557
387 219
153 966
362 106
268 76
387 97
561 94
189 278
353 443
565 112
800 350
436 55
738 206
958 299
460 172
519 363
262 581
769 409
906 970
314 27
253 350
571 38
574 301
218 215
434 736
579 832
3 164
15 473
921 806
397 886
501 913
992 937
961 930
817 876
461 920
735 285
698 316
176 221
945 842
286 583
404 259
984 924
195 263
54 724
32 130
159 158
907 860
312 748
586 742
725 938
101 971
877 849
574 829
813 329
749 665
698 757
330 371
230 270
869 702
121 199
910 337
353 615
137 632
837 954
940 557
598 92
828 12
398 644
838 531
813 343
551 570
514 363
178 489
360 406
988 322
484 688
309 852
364 664
266 237
410 341
542 665
910 972
904 778
910 111
188 465
431 641
700 977
910 192
25 370
571 203
575 276
419 881
533 909
25 466
478 316
484 201
675 900
222 717
314 84
527 662
286 979
302 263
833 329
562 438
659 214
318 919
675 357
368 709
898 502
507 106
582 664
51 747
765 348
155 125
571 389
844 593
953 909
253 800
309 798
882 79
953 533
542 749
833 343
647 213
281 987
78 238
353 652
992 618
878 926
208 491
419 902
589 690
869 642
639 28
9 688
190 34
959 767
847 657
141 590
297 287
288 947
177 334
960 283
437 641
262 842
336 62
478 757
943 242
446 775
370 466
419 470
387 995
281 175
608 981
897 214
168 227
301 829
830 456
9 201
250 277
738 634
922 717
928 926
852 798
928 878
42 59
344 194
672 217
327 339
793 27
907 337
331 430
685 365
360 395
598 487
91 596
716 290
419 633
3 724
959 76
434 572
928 139
559 455
25 823
675 31
216 595
484 211
885 191
331 701
173 667
622 597
907 972
837 152
937 618
678 272
907 111
737 926
321 537
907 192
737 878
685 83
682 172
822 905
275 443
767 76
583 979
815 864
143 886
507 362
685 951
589 651
180 980
542 68
940 340
437 431
40 342
250 740
452 858
189 402
320 369
155 883
107 505
737 139
461 148
508 917
440 854
986 60
845 12
328 27
610 258
746 59
772 612
763 20
361 671
534 778
91 751
530 213
623 686
711 778
460 210
230 980
120 957
672 643
9 211
266 710
678 291
375 919
696 34
760 317
575 132
567 212
305 242
71 473
637 294
519 350
527 8
289 163
279 352
922 222
297 480
711 534
159 334
693 914
879 641
240 520
749 68
760 996
958 704
32 941
165 829
410 44
209 832
763 506
74 668
272 291
317 996
253 606
14 787
507 975
240 835
436 56
240 228
904 114
708 495
510 614
672 712
336 67
992 962
520 835
181 900
520 228
286 394
675 750
275 615
836 326
117 38
678 563
218 345
459 465
890 118
693 456
181 357
795 270
693 830
484 489
800 606
608 649
360 238
286 554
836 860
418 348
131 443
130 941
658 76
928 237
380 294
793 84
921 587
861 588
190 50
828 666
730 892
326 860
206 634
730 952
92 487
436 818
763 184
629 382
414 174
140 413
335 450
229 790
230 180
54 557
268 260
457 914
265 445
427 85
397 785
387 169
968 242
19 433
514 350
513 694
159 177
272 563
457 456
457 830
435 306
155 423
197 938
931 193
121 720
9 489
362 975
834 743
165 301
397 95
571 999
628 292
697 227
365 83
393 388
250 723
387 441
105 964
737 237
945 485
218 269
700 919
821 125
422 707
417 249
121 776
351 993
669 342
513 277
195 810
682 210
653 259
131 615
435 841
265 661
158 334
328 84
914 456
839 722
678 482
694 277
501 259
716 938
720 776
914 830
159 568
143 785
419 829
338 634
181 31
308 299
137 263
760 156
143 95
347 717
10 766
393 110
760 103
395 238
250 46
714 142
837 220
275 652
675 942
836 337
809 388
266 149
575 391
774 439
333 342
785 95
107 660
936 274
716 197
685 873
796 492
928 710
622 899
696 50
698 252
377 539
834 183
559 496
783 801
117 203
561 109
365 951
230 405
387 768
845 666
937 962
760 956
611 277
519 606
503 593
879 431
693 935
839 379
961 588
836 972
580 604
836 111
143 397
936 108
934 784
136 276
659 467
836 192
680 703
177 568
171 518
319 987
558 667
936 161
513 740
809 110
636 997
714 511
300 850
91 94
844 543
764 145
865 605
99 917
437 366
555 426
309 303
317 156
623 679
457 935
298 232
180 405
737 710
333 669
333 40
669 40
317 103
160 27
594 128
904 4
434 941
694 740
396 382
351 38
936 602
319 175
821 883
284 848
141 453
507 573
353 850
561 982
416 798
117 389
314 439
578 339
173 246
542 900
179 214
992 726
560 122
731 113
861 304
738 989
722 379
218 87
318 736
955 825
958 944
560 634
155 24
635 182
611 740
542 357
622 442
266 48
580 811
419 301
300 803
22 504
659 285
189 526
140 816
131 652
317 956
7 174
574 812
353 803
122 634
272 482
795 980
121 742
738 325
327 135
19 545
436 625
756 75
410 624
501 653
330 748
885 707
280 29
353 300
25 641
965 727
107 363
547 409
993 38
555 909
622 853
268 671
216 876
711 114
879 366
628 871
181 750
240 62
457 693
66 521
974 657
943 905
368 880
157 752
897 467
548 27
560 338
305 905
333 665
320 385
936 55
961 304
865 745
555 533
586 655
445 661
519 800
912 867
36 997
109 982
101 381
815 125
262 485
715 495
904 595
959 260
525 258
636 657
805 759
628 820
598 199
120 863
86 72
464 766
99 508
636 974
704 944
42 626
723 46
713 102
514 606
928 149
739 778
774 488
375 736
200 789
542 31
856 884
669 665
93 881
560 206
243 472
892 952
305 943
822 539
90 691
991 486
280 126
336 270
158 568
129 874
994 447
351 203
321 781
316 757
720 742
393 415
383 23
565 668
611 694
309 570
968 905
520 62
897 285
431 366
744 881
231 29
761 966
493 766
326 337
743 183
737 149
519 253
763 373
208 835
22 167
672 969
99 569
208 228
93 902
708 20
575 618
140 939
93 470
760 164
419 165
195 473
821 423
844 546
314 488
772 348
617 424
513 46
230 191
769 287
527 849
351 389
534 114
934 734
809 415
815 883
558 246
198 420
289 886
744 902
377 215
513 723
333 68
744 470
519 72
344 762
140 248
93 633
176 100
428 645
331 242
240 67
928 48
198 354
793 439
406 238
461 274
782 371
764 884
328 439
253 72
708 506
307 475
744 633
226 294
318 572
42 278
286 194
326 972
181 942
796 915
992 483
461 108
231 126
326 111
360 78
959 671
834 429
611 46
326 192
988 60
583 394
548 160
542 750
760 724
461 161
36 657
639 773
960 930
280 859
561 356
233 521
292 871
632 263
659 735
40 665
822 215
737 48
622 688
12 666
749 900
219 97
821 24
408 717
361 954
519 86
902 470
173 13
694 46
795 405
611 723
659 430
961 861
965 757
229 322
25 366
508 569
477 686
993 203
749 357
361 152
885 422
965 316
461 602
622 201
903 492
235 306
904 876
237 710
973 79
800 72
698 566
36 974
659 701
992 487
589 182
583 554
937 726
708 184
669 68
180 191
434 130
560 989
700 736
435 458
375 572
580 35
758 407
882 552
735 430
171 57
771 505
136 132
890 5
694 723
575 962
560 325
235 841
877 479
571 88
954 152
498 585
852 303
105 499
774 256
822 377
906 277
520 67
746 626
387 949
107 350
336 980
289 95
769 480
961 870
120 978
317 164
51 465
362 573
925 349
628 455
763 212
837 232
828 832
353 106
636 847
711 4
292 820
328 793
331 905
675 505
598 776
444 592
861 870
321 733
993 389
910 591
198 39
166 802
461 55
735 701
558 13
314 256
890 112
753 691
261 666
289 785
815 423
936 56
372 456
514 72
25 431
404 661
231 859
402 526
99 677
446 217
372 830
548 84
328 488
675 771
903 915
77 860
793 488
622 211
647 597
739 114
150 454
542 942
910 786
437 290
157 224
637 605
764 856
15 291
91 982
383 799
782 748
777 254
105 896
497 997
815 24
772 418
912 517
525 610
914 935
236 495
744 93
940 283
906 740
927 521
120 814
714 952
714 892
559 634
383 924
749 31
877 788
897 430
936 818
744 829
93 829
912 119
436 341
317 724
879 290
887 644
30 214
404 445
179 467
15 563
166 98
1000 666
503 543
416 303
772 765
764 282
483 487
305 539
885 299
964 499
897 701
492 915
716 725
598 742
639 466
172 210
208 62
308 944
145 884
730 648
591 786
380 605
265 778
253 86
74 699
684 692
608 448
498 516
856 282
178 592
695 37
491 835
746 278
333 900
491 228
862 43
117 999
562 881
19 947
302 810
333 357
268 152
3 557
160 84
845 832
264 185
436 44
961 1
764 134
700 572
904 216
971 381
897 735
968 943
364 854
575 726
344 59
477 679
240 270
968 539
637 745
943 539
908 382
716 294
711 595
158 177
189 846
15 482
66 47
179 285
622 489
571 889
190 490
446 643
268 954
580 612
302 473
795 191
514 800
91 109
562 470
353 975
574 590
440 727
150 888
336 405
1000 261
562 902
856 134
675 660
300 106
347 222
372 935
725 294
562 633
578 135
18 27
810 473
877 225
497 657
360 614
328 256
422 299
571 273
101 163
275 850
233 47
639 370
305 215
594 142
380 745
559 122
178 444
443 615
767 260
333 31
861 1
964 896
361 220
639 823
230 707
547 287
548 439
77 337
318 941
32 245
793 256
760 557
729 780
289 397
647 899
1000 12
460 381
827 801
414 450
434 245
532 306
25 290
446 712
206 989
822 345
40 68
208 67
7 450
988 986
375 941
555 953
107 606
558 173
936 625
534 4
166 779
852 570
594 511
275 803
137 473
958 454
514 86
916 640
8 849
434 32
922 521
111 192
968 215
77 972
14 920
436 624
767 671
372 914
696 490
532 841
561 187
157 843
777 703
77 192
77 111
749 750
760 3
41 170
865 475
206 325
927 47
351 999
36 847
739 4
437 938
684 359
91 356
416 570
484 592
452 835
708 373
882 263
647 442
452 228
129 826
879 938
507 798
943 215
7 414
959 152
166 728
141 502
525 79
675 363
90 576
218 518
497 974
327 384
958 888
907 786
131 850
137 810
266 860
698 185
460 971
434 819
250 123
370 823
176 979
295 754
28 773
418 765
331 539
647 853
559 338
837 298
992 92
155 690
423 24
500 766
678 407
739 534
71 291
265 114
523 871
461 56
559 989
658 260
32 819
744 301
333 750
822 269
240 980
288 667
598 720
669 900
658 671
471 399
559 325
99 234
78 614
99 933
116 966
567 791
338 989
682 381
340 283
416 852
530 597
252 566
669 357
582 854
520 270
503 546
41 227
131 803
368 82
286 762
260 671
922 47
71 563
937 487
623 255
958 150
90 603
268 220
683 759
93 301
959 954
417 990
715 20
731 456
559 206
140 616
120 223
514 253
731 830
547 480
160 439
461 818
353 573
906 46
879 437
261 12
371 748
9 592
338 325
548 488
235 458
838 43
544 957
575 487
65 650
912 193
910 329
307 433
280 645
130 245
562 829
673 16
159 957
166 378
159 544
375 318
910 343
10 254
698 264
25 938
393 996
336 191
266 337
333 749
711 876
331 215
958 205
907 591
242 905
523 820
763 791
739 595
181 505
685 911
157 792
107 72
862 73
440 757
221 100
42 526
839 358
266 972
960 588
575 937
66 522
266 192
266 111
436 410
71 482
179 430
501 661
457 773
412 382
74 324
715 506
233 522
965 478
391 618
672 29
498 271
714 648
928 860
440 316
992 199
579 481
180 707
800 86
934 210
822 87
809 996
469 654
333 942
434 857
558 848
179 701
756 21
731 935
669 31
774 970
647 688
796 89
700 941
521 47
419 812
763 567
619 929
342 665
575 483
534 595
377 345
708 212
821 690
300 975
281 717
314 970
508 677
90 631
647 201
586 382
229 60
484 444
958 674
764 654
292 455
753 576
877 447
320 894
419 590
653 661
680 775
764 469
838 73
836 786
749 942
771 660
143 97
143 219
305 345
431 290
682 971
344 626
542 505
877 994
286 59
436 369
137 302
812 590
130 819
176 394
240 405
837 770
867 517
393 156
150 205
959 220
393 103
297 323
737 860
659 905
927 522
66 824
265 4
90 620
877 151
463 16
233 824
672 126
32 857
305 377
551 884
937 483
176 554
66 804
940 930
867 119
555 251
233 804
675 350
393 956
842 485
91 187
198 379
928 337
695 207
838 862
239 515
561 709
327 334
491 62
208 270
173 848
99 732
968 345
753 603
865 433
168 388
815 690
659 242
851 656
231 645
15 272
715 184
145 282
610 79
731 914
548 256
928 972
647 211
461 625
493 464
928 192
809 156
928 111
885 944
704 454
960 304
777 775
635 413
809 103
998 16
520 980
317 557
233 66
305 269
965 566
289 97
922 522
460 163
289 219
74 267
906 723
763 893
10 703
927 824
404 778
383 984
344 278
809 956
530 899
129 451
168 110
153 665
927 804
266 77
795 707
699 324
501 445
309 884
580 348
160 488
936 341
436 385
233 247
170 227
92 199
737 337
307 545
1000 832
66 247
968 377
218 57
777 680
335 138
758 670
122 989
145 134
882 632
925 985
237 149
907 329
968 269
739 876
459 188
609 976
831 517
265 595
934 172
669 750
737 972
704 888
230 299
907 343
328 970
377 269
153 342
459 748
737 192
452 62
188 748
737 111
943 345
922 824
903 89
28 466
831 119
858 835
19 667
672 859
30 467
457 466
858 228
314 774
186 752
589 413
181 660
922 804
629 100
384 334
635 816
457 28
331 345
579 915
904 817
327 568
753 631
347 47
983 866
243 118
280 428
9 444
936 44
18 84
836 591
122 325
54 283
109 356
647 489
530 442
927 247
693 773
682 163
904 113
410 369
865 545
18 439
308 454
525 973
655 382
65 719
353 362
266 326
653 445
305 87
993 999
753 620
877 702
571 556
331 943
793 970
297 6
15 407
530 853
813 871
542 660
817 113
637 475
839 662
393 164
240 191
179 735
902 633
922 247
923 864
589 816
567 893
497 847
877 642
532 458
856 654
599 664
331 269
507 303
84 439
298 770
628 496
943 269
963 23
478 566
308 888
153 68
289 143
208 980
968 87
141 898
150 674
992 776
130 857
361 232
309 551
716 226
836 329
148 274
562 301
289 995
965 252
74 524
30 285
628 634
22 600
571 721
836 343
813 820
143 995
380 475
396 100
275 106
417 981
491 67
953 251
897 905
321 584
159 863
101 886
393 724
457 823
636 615
181 771
435 997
763 596
809 164
286 626
578 334
364 727
594 952
496 634
463 673
25 437
288 246
704 205
181 363
265 534
831 867
594 892
268 232
639 641
331 377
42 402
330 312
865 307
659 539
844 346
336 707
91 709
635 939
731 372
771 363
636 443
265 876
520 405
945 517
300 573
148 108
913 259
869 686
586 412
945 119
452 67
384 568
375 245
729 564
365 873
699 267
404 114
669 942
746 526
391 962
331 87
761 665
635 248
493 254
534 876
552 263
542 363
809 724
560 738
636 652
148 161
165 590
716 605
28 823
591 329
197 294
117 88
763 751
457 370
464 254
936 624
477 255
446 969
7 138
575 199
136 618
308 205
51 748
998 673
542 771
286 278
589 939
204 864
18 488
481 915
431 938
992 742
395 614
347 521
591 343
10 775
744 590
309 282
675 606
943 377
960 870
195 291
131 106
879 294
943 87
589 248
459 371
160 256
561 880
436 894
928 77
377 87
171 784
19 246
90 687
659 215
890 668
226 605
586 908
318 245
186 224
523 455
578 568
560 666
513 123
417 649
761 342
309 134
928 326
744 165
704 674
868 258
233 872
140 835
882 473
41 697
272 407
25 294
140 228
435 657
168 415
879 197
333 505
314 277
375 819
188 371
971 163
734 210
738 666
839 849
767 152
412 908
897 242
148 602
799 924
222 47
684 581
623 462
195 563
774 277
856 469
530 688
761 68
107 86
77 326
66 872
308 674
25 197
965 185
289 169
176 583
437 294
507 570
959 232
208 405
551 282
571 705
347 522
530 201
81 787
708 791
834 332
658 152
314 740
531 43
574 453
176 194
945 867
101 95
678 670
141 601
772 43
927 872
93 590
675 72
940 588
772 531
716 745
321 794
261 832
693 466
351 88
461 341
639 366
347 824
637 433
268 361
774 740
922 872
22 390
551 134
318 819
237 48
236 20
231 428
583 194
347 804
28 370
422 944
519 540
189 874
289 441
19 288
813 455
353 798
280 593
380 433
71 407
340 930
195 482
233 977
931 759
414 138
737 326
578 384
704 150
764 692
180 299
159 978
317 3
99 604
308 150
575 92
25 879
548 970
40 900
437 197
611 123
410 385
628 989
713 352
461 44
308 704
143 169
758 438
521 522
364 757
685 866
582 727
772 73
764 359
18 256
387 752
936 369
40 357
904 456
945 831
328 277
42 846
460 886
628 325
839 8
685 983
737 77
10 680
463 664
904 830
404 4
434 238
753 687
544 863
501 778
998 664
36 615
960 1
777 217
91 880
186 843
347 247
409 287
66 977
375 857
344 526
530 211
865 947
226 745
452 491
136 962
945 193
927 977
834 306
275 975
988 133
19 13
383 420
815 821
922 977
99 811
763 94
209 915
158 957
699 524
622 592
521 824
104 801
493 703
940 304
107 800
221 979
520 191
813 523
831 193
998 463
328 740
795 299
74 11
918 276
383 354
342 68
436 320
240 707
153 900
760 283
796 259
834 841
236 506
897 539
958 424
153 357
333 660
471 38
435 974
521 804
243 5
36 443
159 814
71 272
991 474
695 875
364 316
637 545
844 374
464 703
700 245
190 23
531 73
105 691
181 350
629 979
74 932
314 46
904 935
714 730
764 581
36 652
575 776
659 345
542 350
143 441
492 89
229 986
715 373
682 886
885 454
332 306
922 927
673 664
393 557
141 515
693 823
30 430
297 33
936 385
380 545
289 768
708 893
567 596
922 66
12 832
764 684
777 643
288 13
7 335
153 40
636 850
93 165
774 46
140 858
608 339
653 778
140 62
598 121
243 112
858 62
927 66
318 857
921 476
166 349
179 905
937 199
101 785
208 191
793 277
204 923
230 944
148 55
822 518
954 220
542 181
186 792
404 595
30 701
885 888
672 645
617 425
636 803
761 900
332 841
131 975
761 357
659 269
141 239
7 411
525 263
252 185
698 258
796 913
519 747
936 410
465 748
777 712
171 210
460 95
396 979
15 670
731 773
440 566
562 590
628 122
897 215
387 224
297 70
117 889
700 819
729 797
124 27
530 489
309 145
696 23
809 557
632 473
744 812
41 388
335 411
408 47
153 31
286 526
793 740
333 363
629 221
397 97
399 38
575 742
330 27
198 722
452 270
528 681
397 219
598 382
963 924
559 666
336 299
231 593
284 115
307 947
769 323
41 110
761 40
963 799
521 247
869 679
328 46
368 376
92 776
121 382
761 31
491 270
594 648
117 273
14 274
682 95
749 505
580 765
838 537
461 624
233 919
309 654
280 543
659 87
236 184
522 824
885 205
589 635
139 710
579 89
772 862
471 203
140 67
34 50
416 884
767 220
567 751
40 31
14 108
10 217
198 358
501 114
35 612
497 615
922 919
867 193
14 161
351 889
693 370
330 124
387 843
918 132
903 259
904 914
658 220
443 652
844 64
32 238
988 825
347 872
940 870
582 757
927 919
145 654
998 599
235 997
805 987
574 502
190 924
262 517
74 553
155 651
965 264
314 723
305 518
312 27
729 901
262 119
157 926
190 799
84 488
14 602
51 371
767 954
66 919
678 438
961 213
268 770
885 674
419 453
560 832
54 930
782 27
708 596
725 605
525 552
404 876
508 234
463 599
805 175
815 651
209 481
153 750
508 933
761 750
761 153
351 273
362 798
968 518
497 652
629 394
289 949
497 443
700 857
658 954
460 785
319 717
222 824
10 643
877 686
331 518
434 406
143 768
327 177
722 358
387 792
565 324
793 46
731 466
107 253
762 59
18 160
774 723
580 418
137 291
522 804
222 804
222 522
936 894
629 554
471 389
782 312
882 810
991 76
477 462
858 67
628 338
961 597
10 712
493 775
696 924
275 573
190 963
327 957
653 114
221 394
280 546
817 456
815 155
399 203
582 316
347 977
696 799
136 391
912 759
402 846
898 601
647 592
708 751
698 868
461 369
414 411
396 394
756 644
817 830
361 770
266 786
417 448
636 106
821 651
639 290
813 292
159 223
496 989
137 563
333 771
353 303
41 415
178 864
958 425
715 212
548 277
682 785
136 726
409 480
769 6
934 381
940 1
235 657
331 968
221 554
344 746
434 614
396 554
109 187
179 242
36 850
464 775
14 55
328 723
560 12
457 641
452 980
177 957
897 345
396 221
959 770
669 505
436 718
496 325
544 978
391 726
903 913
15 438
333 350
839 527
436 17
637 947
761 942
436 355
171 734
93 812
92 742
240 299
988 955
99 612
266 329
74 509
478 185
25 605
372 773
763 982
36 803
266 343
179 539
548 740
683 987
383 39
731 823
222 247
71 670
795 180
659 377
738 832
628 206
380 947
855 754
865 667
579 492
90 917
18 970
586 100
500 254
7 929
484 864
230 422
393 3
99 35
571 790
683 175
131 573
231 543
501 4
368 392
208 520
828 915
229 133
153 942
461 385
834 458
897 269
822 57
137 482
958 617
771 350
413 816
498 287
725 745
561 82
491 980
877 679
856 692
208 707
399 389
19 848
308 424
928 786
140 270
520 707
408 824
160 970
696 963
817 935
551 654
242 539
198 662
699 11
879 605
708 567
408 804
578 957
213 597
457 366
286 746
542 606
922 233
636 975
309 469
921 627
961 899
856 359
928 329
116 665
25 745
542 72
419 502
928 343
964 691
179 215
959 361
440 185
777 969
922 736
340 588
408 522
233 736
958 630
749 660
91 82
885 150
616 835
375 130
699 932
565 267
412 100
838 781
639 938
616 228
973 263
436 400
753 917
544 814
937 776
416 282
204 125
40 750
176 59
809 3
416 134
25 725
685 313
105 576
331 305
943 518
157 878
171 172
961 442
897 87
216 113
772 537
353 570
428 593
375 238
262 193
578 177
760 930
562 165
501 595
181 606
927 736
181 72
344 846
435 847
9 864
697 388
548 46
731 370
408 247
793 723
347 919
961 853
331 57
653 4
559 832
623 75
606 72
130 238
305 57
176 762
503 346
286 846
321 146
716 475
158 863
744 453
708 94
795 944
737 786
498 480
398 499
302 291
195 407
231 546
737 329
838 733
904 773
116 68
968 57
737 343
143 949
879 745
497 850
105 603
786 329
560 261
90 569
265 739
865 246
891 80
540 747
281 47
856 581
180 944
839 479
66 736
284 966
452 405
135 334
547 323
437 605
497 803
397 995
440 478
286 344
525 473
166 985
663 689
786 343
697 110
330 439
698 79
140 980
198 849
784 210
910 833
436 58
317 283
209 89
852 884
845 915
922 572
434 395
229 825
286 402
704 424
302 563
958 244
813 634
965 258
910 871
669 660
344 402
636 573
532 997
336 944
659 518
327 863
230 454
168 996
406 614
521 872
833 871
233 572
340 304
42 874
580 43
586 979
461 410
567 94
65 2
10 969
14 148
393 283
7 619
746 846
204 883
877 869
36 106
101 97
937 742
675 86
764 485
335 929
993 88
498 409
71 438
101 219
910 820
749 363
653 595
753 569
961 688
235 974
680 217
617 630
782 124
230 888
500 703
398 896
927 572
961 201
461 894
744 502
958 257
836 907
672 593
105 631
923 125
364 566
116 342
738 12
387 186
782 439
309 692
129 486
839 788
318 238
711 113
124 439
372 466
282 134
984 420
332 458
833 820
904 466
658 767
904 372
427 102
562 812
387 926
393 317
571 322
91 561
501 876
265 113
309 359
514 747
435 615
300 798
460 97
105 620
414 929
580 73
437 745
491 405
186 926
460 219
637 307
729 840
809 283
936 320
865 13
15 678
32 614
141 214
772 781
945 759
99 348
763 356
179 345
589 835
302 482
589 228
218 210
565 524
716 433
129 474
265 711
958 967
327 158
120 38
958 63
410 894
262 867
422 454
761 505
739 113
961 211
971 886
384 957
380 307
412 979
222 872
66 572
714 780
934 163
578 863
682 97
984 354
368 621
856 684
673 599
682 219
435 652
532 657
772 733
32 406
879 725
330 488
735 905
176 626
140 405
14 56
242 215
486 474
157 710
90 677
672 428
669 363
168 156
333 72
22 162
629 194
383 379
230 205
821 155
336 180
168 103
514 540
308 425
904 823
93 453
885 424
699 553
637 667
882 291
272 670
446 29
579 259
309 581
683 805
18 277
243 668
435 443
694 123
179 269
918 618
229 955
695 676
178 125
7 472
380 667
559 12
769 33
493 217
635 835
844 495
635 228
136 487
547 6
314 906
268 298
328 774
218 784
120 203
54 588
815 182
168 956
431 294
839 225
333 606
422 888
36 975
266 591
548 723
508 732
734 172
858 270
623 21
658 232
135 568
396 194
404 534
921 808
936 718
208 299
484 125
767 232
408 872
958 421
861 597
586 394
521 977
240 944
936 17
882 563
307 667
347 736
796 661
936 355
84 256
18 740
507 884
116 900
327 978
116 357
265 216
961 489
782 488
898 515
176 278
265 456
440 252
763 187
312 439
14 818
216 456
756 887
753 677
628 666
636 131
230 674
452 191
265 830
40 942
586 554
922 941
140 491
910 455
459 27
497 106
988 787
659 943
722 662
414 335
93 502
120 389
653 876
655 908
769 70
216 830
387 878
813 989
659 57
700 238
900 357
198 8
943 57
716 545
28 641
815 816
464 217
372 823
918 962
711 456
481 89
813 325
837 227
921 950
178 923
148 56
41 996
493 680
622 444
531 862
809 317
179 87
178 883
493 643
711 830
124 488
281 824
101 995
739 456
680 643
222 977
188 27
471 999
589 616
923 883
233 941
281 804
460 995
520 299
739 830
882 482
327 814
375 614
991 671
158 978
446 126
484 883
265 935
761 660
958 613
958 401
815 413
484 923
171 381
992 720
116 31
308 630
286 874
503 374
416 654
493 712
309 684
868 79
115 966
330 256
904 370
927 941
288 848
408 977
928 591
877 255
672 543
331 822
682 995
260 152
340 870
460 101
522 247
483 199
578 978
936 400
153 505
559 738
457 290
292 634
562 453
655 100
636 275
525 632
574 601
558 966
589 62
836 871
28 366
412 394
140 191
236 373
186 878
328 906
54 304
30 905
422 205
387 710
9 125
558 115
347 572
711 216
637 246
281 247
464 643
760 588
330 84
380 246
739 216
281 522
562 502
711 935
129 76
739 935
527 479
477 75
708 982
375 406
216 935
764 842
693 641
18 46
41 156
907 871
680 712
412 554
578 158
36 573
41 103
836 820
782 256
221 194
739 711
117 556
815 939
828 89
182 816
280 346
959 298
519 748
908 100
699 509
226 475
497 975
320 718
41 956
774 906
821 816
675 800
578 814
761 363
397 169
815 248
464 712
308 617
821 182
500 775
213 899
344 874
160 277
157 139
544 223
435 850
148 818
907 820
158 814
320 17
731 641
51 27
491 191
377 518
971 95
530 592
434 78
616 62
155 816
320 355
693 366
464 680
758 881
746 402
168 164
116 750
763 109
297 50
897 518
312 488
635 62
435 803
598 100
861 899
66 941
715 791
582 566
833 455
782 84
897 377
367 650
635 616
492 259
204 24
351 556
986 133
936 58
9 883
729 789
190 420
731 366
308 244
839 447
117 721
589 67
460 169
861 213
141 467
155 182
25 475
821 413
453 502
903 661
697 415
992 382
364 185
422 674
998 854
107 747
817 914
958 96
393 930
704 425
598 908
408 222
749 350
160 740
672 546
90 234
190 354
90 933
559 261
195 670
852 134
446 859
758 470
457 938
847 615
964 576
14 625
101 169
885 425
682 169
137 407
408 521
682 101
124 256
639 294
729 200
460 397
965 79
7 118
186 710
760 304
387 139
155 413
1000 915
861 442
865 848
77 329
852 282
120 399
758 633
737 591
391 487
168 724
918 726
637 13
731 693
839 994
120 999
77 343
368 426
145 469
636 798
380 13
340 1
529 766
571 60
105 687
222 521
15 881
351 721
308 257
931 987
839 151
157 149
669 350
399 999
141 285
579 913
696 420
3 283
858 980
828 481
885 704
730 780
753 234
753 933
318 130
307 246
297 34
318 614
130 614
417 339
861 853
418 43
574 515
993 889
387 149
931 175
821 939
484 178
177 863
25 226
647 444
777 29
682 397
809 930
912 987
484 24
696 354
460 441
178 24
729 241
30 735
15 470
182 413
387 157
368 909
623 644
362 303
925 45
912 175
635 67
821 248
507 134
463 854
419 601
758 902
41 164
414 619
15 633
213 442
964 603
116 942
497 573
655 979
503 64
22 550
682 441
9 923
836 455
229 787
327 223
101 397
289 752
729 49
176 526
153 660
308 967
507 282
308 63
155 939
795 454
598 979
844 20
25 433
617 244
145 692
336 454
722 849
408 919
384 863
532 974
685 607
91 376
613 401
720 382
101 441
731 28
280 374
155 248
486 76
15 902
16 664
197 605
988 81
414 472
763 709
912 931
781 733
347 941
41 724
738 261
226 433
598 655
993 273
885 630
565 11
845 89
309 856
140 452
145 359
222 919
777 126
428 543
397 441
761 350
965 868
387 48
795 888
586 194
380 637
844 506
336 888
907 455
865 288
281 872
813 496
10 29
213 853
461 718
124 84
847 652
190 984
716 947
7 5
461 17
312 256
477 21
580 862
678 881
461 355
565 932
812 502
578 223
469 692
74 249
521 919
704 630
435 106
998 727
898 239
54 870
7 112
551 692
552 473
209 259
934 886
839 702
882 302
622 864
628 832
308 421
265 914
744 601
336 795
171 163
575 382
551 469
107 540
547 33
275 798
384 177
437 725
523 634
120 471
714 564
839 642
610 263
527 788
879 475
208 944
700 614
90 732
484 204
140 707
551 359
198 479
616 67
160 46
834 997
574 239
908 979
157 48
318 406
418 73
372 370
922 245
25 545
763 880
368 533
678 470
589 270
904 641
15 758
9 24
844 184
231 346
904 366
561 376
728 378
861 688
869 255
772 838
153 363
317 930
897 57
574 898
289 224
964 631
663 638
10 126
182 939
165 502
180 454
678 633
861 201
440 264
469 359
452 707
753 732
235 615
178 204
831 759
991 152
18 723
836 833
877 462
575 720
772 584
715 893
336 205
964 620
15 829
641 366
777 859
619 472
547 70
117 705
493 969
598 394
301 590
796 445
419 515
240 454
885 244
113 456
795 205
280 64
141 430
281 977
696 984
838 584
335 472
507 852
272 438
760 870
531 537
335 619
440 258
463 727
758 829
327 544
186 139
308 401
647 864
308 613
189 826
186 149
922 819
307 13
669 749
141 701
182 248
116 40
145 581
139 149
320 400
598 554
764 517
945 987
764 119
180 888
459 439
361 298
30 539
461 400
330 970
131 798
678 902
300 303
945 175
813 122
235 652
240 888
461 320
85 102
675 253
937 92
580 537
746 874
837 170
435 975
130 406
351 705
796 778
460 768
236 212
885 617
198 788
195 438
761 749
371 27
782 970
655 394
885 257
113 830
264 258
918 487
233 245
289 843
960 597
761 669
240 180
336 674
404 456
412 194
682 768
879 433
218 172
226 545
551 581
580 531
617 257
861 211
230 150
32 395
77 786
10 859
734 381
583 59
179 518
834 657
91 392
265 817
404 830
230 424
744 515
795 674
934 95
525 810
404 113
375 395
71 881
623 887
510 664
927 245
635 270
188 439
525 291
150 424
655 554
708 356
812 453
54 1
858 405
286 42
847 443
739 914
393 588
375 32
973 473
704 244
342 357
698 263
810 291
197 745
198 527
961 592
589 980
235 443
793 906
464 969
783 83
41 168
885 967
885 63
195 272
235 847
636 303
265 773
342 900
262 759
998 757
292 989
465 27
71 470
693 28
520 944
923 24
695 386
353 884
233 819
289 792
567 982
525 563
988 920
922 857
991 260
582 185
121 100
71 633
240 205
772 794
578 544
910 634
314 123
404 935
708 187
384 978
380 848
292 325
186 48
925 538
760 1
817 773
312 84
158 223
637 848
927 819
198 225
940 597
461 58
30 215
165 453
700 406
148 625
967 63
460 949
129 671
180 205
968 305
882 407
93 601
419 239
308 96
731 290
682 949
101 768
484 423
907 833
809 588
771 72
704 257
71 902
711 914
36 798
65 766
435 573
408 736
266 871
580 733
231 374
861 489
7 668
367 719
437 475
636 300
383 358
525 482
885 421
639 431
838 794
331 210
120 88
459 488
240 674
629 59
560 915
879 545
810 563
678 829
393 304
218 381
416 692
328 123
362 570
396 59
178 423
764 193
580 781
510 16
765 43
51 439
463 757
266 820
565 553
309 485
562 601
190 39
280 503
658 770
561 392
416 359
744 239
445 778
986 825
500 217
384 814
928 871
991 220
229 81
527 225
469 581
608 334
281 919
704 617
477 644
90 508
402 874
761 72
507 654
206 666
998 316
735 539
414 118
698 610
635 980
904 28
918 391
827 83
586 221
498 323
233 857
180 674
960 899
968 822
589 405
66 245
265 466
828 259
491 707
704 63
121 979
704 967
116 505
188 488
636 570
714 797
428 546
753 508
928 820
767 770
729 468
796 114
885 401
419 898
908 394
885 613
99 43
958 183
25 947
579 661
153 350
105 917
904 693
305 822
302 407
555 276
927 857
14 341
731 938
297 490
761 771
140 299
809 304
739 773
242 345
617 63
910 523
99 765
124 970
617 967
177 978
696 39
782 330
636 362
377 57
101 949
531 733
512 296
960 442
715 596
940 899
437 433
71 829
222 736
844 373
903 778
137 670
845 481
209 492
41 557
416 581
213 688
235 850
136 199
173 966
783 951
519 27
904 290
908 554
945 931
99 73
300 570
66 819
629 583
744 898
960 853
903 445
700 130
347 245
500 643
93 515
265 823
725 475
484 690
551 145
231 64
444 864
320 58
396 583
235 803
497 798
940 442
113 935
623 756
165 812
218 734
179 57
213 201
737 871
408 572
716 667
675 747
813 338
852 654
598 194
14 44
669 72
910 989
514 748
968 210
624 369
416 469
608 568
305 210
268 227
971 785
910 325
198 447
940 853
693 290
463 316
91 621
531 781
9 204
822 210
1000 89
387 237
562 515
171 886
500 712
459 256
9 423
