192 193
871 872
25 26
565 566
834 835
155 156
3 4
491 492
651 652
607 608
180 181
442 443
208 209
373 374
603 604
912 913
3 5
617 618
629 630
102 103
191 193
721 722
704 705
223 224
135 136
533 534
965 966
76 77
227 228
240 241
436 437
223 225
40 41
348 349
850 851
644 645
304 305
1 2
173 174
554 555
4 5
224 225
697 698
373 375
930 931
414 415
271 272
353 354
602 604
173 175
926 927
830 831
374 375
981 982
544 545
685 686
925 927
965 967
678 679
504 505
950 951
573 574
94 95
36 37
699 700
356 357
100 101
958 959
390 391
786 787
495 496
270 272
892 893
250 251
866 867
11 12
989 990
564 566
729 730
14 15
523 524
830 832
643 645
321 322
826 827
925 926
202 203
655 656
924 927
1 5
669 670
484 485
302 303
315 316
425 426
553 555
858 859
436 438
93 95
956 957
222 225
752 753
360 361
956 959
957 959
847 848
552 555
35 37
831 832
632 633
522 524
715 716
46 47
659 660
731 732
61 62
746 747
968 969
267 268
755 756
222 224
208 210
919 920
262 263
552 553
329 330
599 600
563 566
996 997
911 913
774 775
814 815
116 117
331 332
529 530
191 192
14 16
786 788
778 779
744 745
894 895
1 4
135 137
626 627
324 325
124 125
390 392
301 303
768 769
924 926
511 512
903 904
173 176
93 94
839 840
489 490
963 964
726 727
588 589
924 925
208 211
514 515
202 204
643 644
755 757
138 139
284 285
770 771
116 118
249 251
651 653
400 401
436 439
683 684
899 900
963 966
575 576
778 780
463 464
482 483
371 372
723 724
654 656
182 183
964 966
345 346
86 87
828 829
799 800
302 305
278 279
955 959
412 413
858 860
116 119
99 101
963 967
378 379
740 741
352 354
726 728
964 967
293 294
531 532
166 167
573 576
765 766
563 564
371 375
182 184
721 724
727 728
744 747
909 910
581 582
721 723
378 380
713 714
300 303
573 575
203 204
301 305
170 171
779 780
38 39
797 798
195 196
140 141
759 760
756 757
379 380
597 598
385 386
489 492
790 791
298 299
117 118
799 801
549 550
834 836
456 457
971 972
778 781
194 196
162 163
453 454
179 181
892 895
287 288
923 927
10 12
440 441
646 647
32 33
66 67
329 332
841 842
210 211
19 20
710 711
300 305
822 823
568 569
170 172
174 175
559 560
78 79
745 747
198 199
754 757
71 72
342 343
743 747
783 784
743 745
816 817
824 825
992 993
916 917
92 95
726 730
763 764
772 773
814 817
513 515
814 816
846 848
963 965
409 410
646 648
619 620
678 680
934 935
509 510
370 372
796 798
821 823
124 126
370 375
659 661
940 941
952 953
461 462
815 817
593 594
554 556
110 111
643 647
201 204
813 817
588 590
500 501
470 471
544 546
815 816
531 534
813 816
529 532
813 815
54 55
421 422
854 855
981 983
70 72
162 164
104 105
435 437
435 438
727 730
31 33
779 781
624 625
558 560
643 648
473 474
437 438
372 375
713 716
796 797
9 12
783 785
697 700
404 405
7 8
523 525
497 498
58 59
719 720
274 275
875 876
938 939
719 722
572 574
909 913
433 434
720 722
858 861
752 757
342 344
629 631
117 119
963 969
140 142
190 193
320 322
616 618
964 965
545 546
182 185
563 565
373 376
800 801
634 635
487 488
644 647
949 951
522 525
230 231
789 791
813 814
644 648
754 756
85 87
721 725
765 767
116 120
647 648
138 141
219 220
916 918
989 991
348 350
881 882
221 225
14 17
163 164
708 709
694 695
331 333
824 827
197 199
903 905
529 534
100 103
748 749
593 595
704 706
343 344
933 935
388 389
146 147
846 847
198 200
719 724
646 649
319 322
964 969
950 953
412 415
571 574
182 186
452 454
552 556
804 805
490 492
14 18
208 212
845 848
902 904
261 263
643 649
821 822
955 957
915 917
729 732
866 868
303 305
563 567
995 997
726 732
632 635
599 601
256 257
752 756
691 692
66 68
794 795
720 724
685 687
717 718
74 75
694 696
726 729
826 829
412 414
551 555
679 680
44 45
777 780
116 121
73 75
409 411
624 627
906 907
777 781
719 723
605 606
139 141
180 183
522 523
171 172
276 277
435 439
329 333
470 472
133 134
351 354
704 707
659 662
780 781
571 572
963 968
603 606
209 211
854 856
427 428
934 936
708 711
123 125
883 884
104 106
643 646
113 114
671 672
160 161
632 634
981 984
207 211
491 493
36 39
644 649
809 810
50 51
839 842
742 747
207 209
974 975
752 754
901 904
27 28
719 725
727 732
348 354
593 596
580 582
35 39
40 42
783 787
180 184
695 696
57 59
387 389
302 304
370 371
533 535
565 567
965 969
425 428
482 485
715 718
83 84
408 410
980 982
334 335
266 268
461 464
562 566
495 498
616 617
529 531
748 750
994 997
923 926
743 744
9 10
374 376
901 902
267 269
720 723
553 556
465 466
458 459
3 6
940 942
558 559
915 918
579 582
191 196
350 354
245 246
761 762
720 725
281 282
197 200
723 725
286 288
301 304
384 386
402 403
378 381
138 142
207 210
786 791
866 869
812 817
597 600
826 828
862 863
235 236
265 268
825 827
899 904
681 682
855 856
229 231
420 422
726 731
179 183
355 357
923 925
348 351
846 849
436 441
256 258
356 358
259 260
624 626
812 816
307 308
489 493
503 505
168 169
486 488
17 18
933 936
99 103
320 321
694 698
743 746
38 41
248 251
24 26
943 944
671 673
368 369
431 432
182 187
571 576
93 96
949 953
948 951
179 184
54 56
899 902
36 41
217 218
35 41
173 177
727 729
934 937
192 196
259 263
36 38
983 984
35 38
370 376
689 690
742 745
709 711
713 718
924 928
603 605
768 771
93 97
471 472
112 114
651 656
71 75
821 827
722 724
748 751
854 857
9 11
964 968
487 492
384 385
826 832
180 185
359 361
981 985
916 920
260 263
364 365
35 36
645 648
898 900
65 67
955 956
46 48
630 631
637 638
901 905
853 856
124 127
537 538
877 878
899 905
821 825
70 75
409 413
629 633
625 627
473 475
407 410
300 304
824 829
632 636
108 109
899 901
170 175
96 97
883 885
911 912
852 856
345 347
83 87
543 546
549 555
105 106
368 375
892 894
384 389
462 464
892 896
198 204
894 896
528 530
758 760
182 188
603 608
897 900
378 382
170 174
605 608
792 793
522 526
554 557
370 374
743 749
568 570
195 199
820 823
430 432
349 354
98 101
9 13
548 550
179 185
822 827
239 241
983 985
319 321
561 566
722 725
178 181
727 731
522 527
342 346
744 746
854 859
368 372
841 843
160 164
23 26
385 389
549 551
371 376
408 411
113 115
487 490
678 682
744 749
474 475
746 749
984 985
265 266
923 928
400 403
194 199
852 853
523 526
7 12
58 60
628 631
82 84
564 567
695 698
206 211
455 457
597 601
523 527
786 789
435 441
324 326
168 172
874 876
761 764
897 898
952 954
116 122
506 507
44 47
845 847
893 895
25 28
526 527
154 156
298 305
489 491
467 468
724 725
599 604
777 779
366 367
623 627
933 937
821 829
740 747
104 107
647 649
902 905
909 912
180 186
822 825
11 13
429 432
191 199
610 611
529 535
369 375
858 863
379 381
518 519
706 707
571 575
378 383
342 347
840 842
419 422
100 102
973 975
10 13
694 700
769 771
9 15
207 212
34 37
318 322
542 546
168 171
179 186
45 47
799 802
292 294
693 696
301 302
804 806
925 928
642 648
10 11
112 115
990 991
245 247
82 87
909 911
139 142
837 838
238 241
643 650
406 410
808 810
950 954
264 268
742 749
688 690
146 148
743 750
822 829
205 211
628 630
761 763
948 953
284 288
868 869
729 731
387 388
408 413
774 776
259 261
958 960
807 810
484 488
979 982
191 194
958 961
323 325
809 811
726 733
960 961
828 832
108 111
852 855
131 132
416 417
926 928
486 492
825 829
623 625
420 421
123 126
170 176
290 291
845 849
109 111
43 47
384 388
467 469
192 199
306 308
197 204
572 576
384 387
180 187
852 857
645 649
206 209
91 95
179 187
672 673
666 667
341 344
759 762
549 556
407 411
855 857
744 750
710 712
25 27
875 878
531 535
468 469
377 380
915 920
824 832
853 857
179 180
547 550
577 578
22 26
613 614
689 692
629 635
906 908
671 674
952 959
10 15
227 231
342 345
746 750
646 650
419 421
208 213
509 512
642 649
693 698
195 200
671 675
206 210
120 121
191 200
160 163
679 682
583 584
824 828
852 859
65 68
191 195
369 372
597 604
419 420
84 87
346 347
513 514
402 405
315 317
480 481
3 8
978 982
726 734
140 143
844 848
853 855
280 282
981 986
366 375
554 560
835 836
710 714
431 434
742 750
642 645
425 427
573 578
708 712
807 808
11 15
826 831
853 859
628 633
499 501
407 413
821 832
855 859
74 77
642 647
685 690
433 438
759 764
198 201
573 577
950 959
721 728
194 200
483 485
367 375
622 627
135 141
748 753
739 741
940 944
552 557
324 327
179 188
799 803
719 728
621 627
94 97
495 497
708 714
19 21
949 954
919 921
796 801
827 829
386 389
99 102
593 598
678 681
329 331
271 273
343 347
621 622
180 188
105 107
205 209
150 151
821 828
585 586
168 175
9 16
509 511
645 647
761 766
981 987
748 757
64 67
348 352
644 650
166 169
730 732
9 18
458 460
955 961
745 749
558 566
178 183
30 33
487 493
73 77
783 788
54 59
742 746
366 372
978 979
719 721
727 733
150 152
123 127
688 692
847 849
683 686
205 210
298 303
785 787
862 864
977 982
525 527
186 187
630 633
16 18
743 751
658 660
486 490
168 174
368 376
980 985
192 200
80 81
250 252
178 184
799 805
373 380
276 279
356 361
833 836
713 715
782 784
822 832
755 760
850 856
343 346
49 51
238 239
384 391
983 986
76 79
78 81
178 185
151 152
416 418
941 942
370 380
306 307
719 732
198 203
866 870
287 289
367 372
759 763
287 291
57 60
568 574
484 492
424 426
873 876
289 291
528 532
770 773
712 714
721 732
782 787
536 538
719 730
506 508
9 17
430 434
783 791
7 13
366 369
992 997
804 810
740 749
379 382
704 711
166 172
458 464
615 618
833 835
899 903
710 716
49 50
727 734
34 39
90 95
782 785
641 648
409 415
384 392
721 730
78 80
858 864
116 125
278 282
949 959
35 42
713 717
932 935
629 634
189 193
548 555
884 885
674 675
695 700
685 692
866 872
977 979
790 793
71 77
124 128
460 464
476 477
708 716
753 757
206 212
924 929
559 566
657 660
7 15
243 244
295 296
36 42
479 481
56 59
341 347
406 411
400 405
623 626
552 560
632 638
265 269
983 987
70 77
738 741
880 882
742 744
788 791
762 764
442 444
237 241
100 106
693 700
178 187
803 805
822 828
956 961
774 781
742 751
373 377
370 377
744 751
543 545
370 373
871 876
191 204
394 395
287 290
233 234
978 985
271 275
100 107
406 413
830 836
687 690
184 185
112 113
854 860
168 176
977 985
955 960
562 567
166 171
899 907
442 445
547 555
509 515
629 636
243 246
55 59
46 51
348 353
429 434
621 625
99 106
93 101
522 530
892 900
603 607
44 48
243 247
984 986
740 745
613 618
313 314
262 268
784 787
99 107
463 466
619 627
192 194
313 316
671 676
759 766
643 652
408 415
772 775
10 18
628 635
46 50
938 942
412 417
246 247
904 905
709 714
977 978
958 962
34 41
281 283
988 991
106 107
665 667
244 247
202 211
178 186
693 695
367 369
244 246
903 907
518 520
641 649
205 212
571 578
923 929
825 832
740 750
409 414
979 985
821 824
138 143
765 771
379 383
906 910
314 316
300 302
834 838
830 835
419 423
232 234
32 37
786 793
341 346
363 365
7 11
871 873
655 660
768 773
221 224
424 428
881 885
704 714
605 607
745 750
886 887
870 872
523 530
249 252
232 233
161 164
897 905
851 856
746 751
267 272
254 255
368 371
522 532
713 725
217 220
643 653
219 225
102 107
374 380
510 512
897 904
661 662
720 728
854 861
393 395
862 865
178 188
431 438
358 361
794 798
453 457
407 415
348 357
951 953
857 859
166 175
687 692
858 865
46 49
336 337
658 662
806 810
658 661
820 829
442 446
458 462
7 18
709 712
368 380
71 73
433 437
173 181
858 862
958 966
891 895
162 165
371 380
710 718
571 577
45 48
257 258
408 414
287 294
64 68
735 736
102 106
958 967
368 374
486 493
32 39
10 16
778 787
166 174
717 725
378 389
715 725
881 884
704 712
984 987
579 580
708 718
955 962
195 204
459 464
858 867
934 939
715 717
183 185
938 941
43 48
894 900
131 134
720 732
614 618
482 488
906 913
523 532
548 551
932 936
862 867
522 528
799 810
974 976
752 760
11 18
561 567
850 859
192 204
657 662
266 269
484 490
444 445
207 213
680 682
621 626
796 800
924 931
834 837
70 73
778 784
850 857
943 945
557 560
657 661
599 602
549 553
286 291
733 734
729 734
729 733
7 16
91 92
407 414
10 17
324 328
597 602
613 615
573 582
547 551
704 709
548 556
32 41
184 187
66 69
948 954
871 874
411 413
7 17
711 714
743 757
192 195
126 127
646 652
230 234
930 935
86 88
209 210
778 785
799 806
597 599
547 556
606 608
774 780
955 966
7 10
960 962
194 204
901 907
112 118
641 647
570 574
703 705
425 432
217 225
525 526
704 716
955 967
311 312
609 611
690 692
655 662
568 576
186 188
496 498
440 443
541 546
522 534
412 418
183 187
230 233
702 705
709 716
360 362
289 290
320 325
3 12
846 856
713 724
755 758
821 831
655 661
982 985
646 653
923 931
71 74
720 730
694 697
523 528
642 650
348 355
470 475
223 226
99 100
58 62
166 176
430 438
871 878
726 736
427 432
289 294
630 635
786 790
290 294
563 569
113 118
387 391
368 377
549 560
854 863
886 888
378 386
980 986
104 111
742 757
439 441
89 95
629 638
341 343
743 753
78 87
977 986
809 817
671 677
551 556
726 735
897 902
155 157
116 127
802 805
592 594
977 980
826 836
185 187
197 201
319 325
719 731
519 520
571 582
370 381
726 737
70 74
588 591
54 60
116 126
644 652
818 819
426 428
460 462
807 811
442 447
761 767
66 72
510 511
956 962
408 409
159 164
596 598
547 548
276 282
960 966
332 333
99 105
198 211
948 959
80 87
973 976
678 684
286 294
131 133
619 622
523 534
202 210
728 732
366 376
824 831
803 810
202 209
123 128
619 625
100 105
841 848
960 967
691 696
549 557
16 17
691 698
644 653
480 485
624 631
628 634
592 595
465 469
91 97
160 165
553 560
874 878
622 625
431 437
978 986
992 994
482 492
301 308
407 409
359 362
597 608
37 39
217 219
696 698
977 987
429 438
827 832
768 770
339 340
933 939
522 535
830 833
537 539
744 757
286 290
748 756
804 808
735 737
593 600
919 922
742 753
253 255
809 816
264 269
719 734
300 308
6 8
554 566
311 316
624 633
740 751
708 710
484 493
715 724
393 394
112 119
373 381
956 966
31 39
628 636
216 218
704 718
826 835
971 975
189 190
420 423
387 392
980 987
31 37
641 645
683 692
254 258
407 408
879 882
956 967
597 606
510 515
851 859
865 867
85 88
664 667
533 538
315 322
348 361
988 990
599 608
957 961
632 637
406 415
342 354
311 314
717 724
543 544
286 289
930 936
804 811
495 501
719 733
802 810
699 701
63 67
173 187
302 308
32 34
487 491
11 17
525 530
366 380
135 142
603 611
897 907
473 477
873 878
81 87
506 512
31 41
216 220
581 584
208 214
796 805
839 843
820 832
619 626
202 212
449 450
523 535
542 545
452 457
808 811
613 617
671 682
285 288
852 860
43 45
558 567
938 944
103 107
796 810
277 279
433 441
950 952
359 360
674 676
978 987
216 225
846 859
329 335
341 345
914 917
709 718
368 381
14 20
851 857
721 731
124 129
782 791
254 257
173 185
805 810
281 288
312 316
197 203
825 828
711 712
568 572
925 929
11 16
218 220
453 455
992 995
746 757
281 285
113 119
525 532
892 898
229 234
120 122
536 539
425 434
25 29
713 722
526 530
25 33
344 347
711 716
777 787
844 849
355 361
727 736
29 33
218 225
769 773
759 767
599 606
393 396
675 676
374 377
721 734
846 857
916 921
605 611
37 41
631 633
265 272
694 701
110 114
892 905
431 441
371 377
593 601
577 582
666 668
712 716
852 861
657 658
367 376
14 21
794 797
220 225
171 175
796 802
683 690
273 275
104 109
351 352
932 937
671 680
177 181
274 279
406 414
713 723
727 737
312 314
654 660
297 299
979 986
744 753
149 152
196 199
691 700
44 51
370 382
800 810
427 434
820 827
652 653
318 321
914 918
593 604
436 443
394 396
854 864
739 747
686 692
813 819
528 534
898 905
116 128
526 532
253 258
479 485
970 972
104 108
367 380
169 172
259 268
173 183
821 836
592 598
786 792
846 851
731 734
56 60
892 904
940 945
655 658
32 38
973 974
184 188
822 831
110 115
331 335
66 75
44 50
727 735
494 498
511 515
232 236
191 201
173 188
471 475
721 733
92 97
55 60
71 79
229 233
83 88
655 657
621 623
70 79
13 15
902 907
173 184
370 383
754 760
506 515
719 729
250 255
521 524
189 199
852 863
585 587
197 211
506 511
371 374
271 279
376 380
694 699
622 626
419 428
628 638
430 437
159 161
222 226
223 228
497 501
642 653
93 98
189 196
368 373
453 456
433 439
799 811
642 652
183 188
431 439
198 210
1 8
206 213
431 433
926 929
69 72
740 757
947 953
957 962
624 635
238 240
145 147
941 944
20 21
970 975
553 557
32 42
777 784
262 269
602 608
804 807
585 589
198 209
603 609
230 236
356 362
393 397
253 257
778 791
977 984
459 462
480 483
958 969
765 773
318 325
973 985
934 942
665 668
435 443
357 361
324 330
250 258
458 461
972 975
824 836
536 537
957 966
562 564
150 153
629 637
270 275
800 805
755 764
552 566
378 385
706 714
974 985
854 867
203 211
368 382
99 111
353 361
274 277
61 67
672 676
425 438
24 28
587 589
198 212
641 650
324 333
957 967
777 785
191 211
379 389
177 187
979 987
561 564
643 656
891 893
70 71
739 749
762 763
796 803
321 325
892 907
821 835
191 203
529 538
981 991
43 51
956 960
132 134
528 535
654 662
839 848
708 725
924 935
93 107
271 277
601 604
430 441
502 505
359 365
205 213
90 97
404 410
883 887
341 354
78 84
351 361
76 87
419 426
854 865
45 51
368 383
873 874
762 766
899 908
100 111
677 682
615 617
373 382
713 732
216 219
465 468
271 274
249 255
407 417
561 562
63 68
898 904
3 15
711 718
853 860
710 725
568 575
768 775
250 257
868 872
242 247
494 496
738 747
3 13
666 670
287 292
595 598
43 50
160 162
923 935
746 753
266 272
763 766
697 701
427 438
955 969
590 591
594 598
324 332
217 224
249 258
371 381
473 476
892 902
45 50
813 818
429 437
421 423
748 760
799 808
352 361
343 345
978 980
34 38
866 876
571 573
394 397
182 193
474 477
270 273
374 381
173 186
772 776
745 751
579 584
525 534
98 107
909 917
681 684
761 771
373 383
665 670
720 734
34 42
794 801
822 836
256 263
264 272
189 200
651 660
463 469
616 620
525 535
547 560
243 245
82 88
853 861
116 123
841 849
144 147
853 863
366 377
804 817
38 42
891 896
408 417
861 863
399 401
843 848
201 211
654 661
719 736
713 728
3 18
550 555
482 490
830 838
70 87
74 79
794 810
715 722
71 87
336 338
429 441
181 187
534 535
533 539
738 749
894 905
934 944
930 937
86 95
351 353
90 92
360 365
330 333
378 388
719 737
356 365
796 806
356 360
924 936
605 609
801 810
578 582
255 258
807 817
449 451
96 101
549 566
40 47
227 234
378 391
580 584
845 856
249 257
559 567
284 291
284 294
94 101
909 918
291 294
116 129
759 771
271 282
715 723
826 833
740 753
755 766
707 714
540 546
23 28
923 936
65 72
973 982
824 835
779 787
883 888
351 357
22 28
517 520
563 574
370 389
94 96
369 380
852 864
755 763
217 221
300 301
223 231
525 528
171 174
366 381
168 170
343 354
772 781
897 901
989 993
420 428
893 896
250 253
925 931
548 560
149 151
190 199
739 750
22 23
378 392
478 481
262 272
866 878
860 863
665 666
114 115
80 84
526 535
390 395
674 682
880 885
799 817
755 762
973 986
274 282
752 758
112 117
651 662
585 591
877 882
898 907
500 505
345 354
177 185
530 532
976 985
933 942
192 211
858 869
594 595
402 410
407 418
388 391
961 962
123 129
177 188
782 788
315 325
826 838
719 735
207 214
686 690
9 21
765 769
961 966
804 816
368 389
669 673
963 975
93 103
797 810
85 95
237 239
679 684
61 68
675 682
185 188
720 731
634 636
465 467
526 534
717 722
713 730
430 439
894 904
689 698
568 582
813 823
704 725
813 829
715 732
337 338
509 514
962 966
209 212
671 684
31 42
712 718
216 224
823 829
961 967
672 682
350 361
720 733
243 251
409 417
852 867
768 776
914 920
158 164
621 633
105 111
482 493
7 21
437 441
74 87
112 121
614 617
717 723
694 705
729 736
558 564
130 134
833 838
671 679
310 316
112 122
603 610
229 236
25 30
974 982
796 811
93 106
506 510
949 952
974 986
894 907
277 282
264 266
73 79
934 941
641 653
65 69
568 578
982 986
121 122
384 395
222 228
768 781
83 95
774 787
425 441
747 749
973 987
818 829
102 111
629 632
808 817
646 656
706 716
472 475
425 437
3 17
822 835
166 170
691 695
91 101
875 882
339 347
729 737
818 823
721 736
53 59
717 732
748 754
663 667
689 696
651 661
807 816
671 681
421 428
946 953
799 816
297 305
440 445
738 750
70 76
708 724
436 445
189 204
340 347
73 87
348 358
44 49
830 837
353 357
983 991
721 737
40 48
435 445
99 109
408 418
933 944
197 210
9 20
799 807
745 757
919 927
950 966
39 41
453 464
688 698
366 374
436 440
587 591
202 213
191 210
950 962
192 201
950 967
693 701
227 233
31 38
831 836
286 292
641 652
71 76
723 732
527 532
852 865
79 87
435 440
904 907
64 72
943 953
731 733
479 483
444 446
585 590
65 75
7 20
230 232
373 389
820 828
99 108
197 212
427 441
191 212
191 197
850 855
722 732
300 307
261 268
770 775
777 791
949 966
102 105
216 221
516 520
310 314
916 922
367 377
623 633
593 608
435 436
250 254
710 724
669 676
592 596
949 962
949 967
974 987
191 209
301 307
950 961
962 967
367 381
926 931
554 567
197 209
841 844
721 729
853 864
423 428
894 898
943 946
3 16
871 882
527 530
644 656
776 781
117 122
621 631
630 636
826 837
952 966
427 437
238 247
276 278
752 764
645 650
393 398
366 371
911 917
740 746
377 381
406 417
952 967
168 187
952 962
166 187
866 874
903 908
688 696
245 251
858 872
480 488
166 168
195 211
82 95
336 347
103 106
624 636
841 847
630 634
619 633
629 639
685 698
715 728
89 97
845 859
543 555
570 576
429 439
924 937
949 961
699 705
850 863
100 109
794 805
628 637
624 634
672 675
803 806
400 410
542 544
91 96
533 537
529 539
669 682
923 937
706 718
323 326
458 466
624 630
252 258
486 491
370 379
977 991
179 193
154 157
315 321
956 969
783 789
821 838
803 811
813 832
388 392
104 115
378 387
603 612
69 75
558 562
7 9
743 756
806 811
853 867
605 610
796 817
855 863
768 772
866 873
742 756
262 266
774 779
170 187
689 700
270 279
819 829
674 677
100 108
897 908
366 382
349 361
287 293
547 557
435 446
52 59
116 124
384 390
844 847
368 379
13 18
778 788
952 961
178 180
981 990
104 114
721 735
337 347
242 246
190 196
668 670
436 446
435 444
709 725
198 213
249 253
713 734
911 918
113 122
362 365
280 283
940 953
366 383
420 426
509 513
958 965
808 816
110 118
222 231
526 528
685 696
64 75
632 639
629 640
436 444
621 635
543 550
480 492
625 626
192 203
194 211
276 283
371 382
112 120
442 448
565 569
892 901
742 743
774 784
899 910
676 682
846 863
425 439
717 728
722 723
155 164
624 638
619 623
323 327
889 890
783 793
600 604
276 280
177 183
672 677
543 556
440 446
91 94
218 219
561 569
57 62
518 524
989 997
568 577
575 582
673 682
818 832
323 328
770 781
707 716
916 927
166 181
276 288
909 920
798 810
729 735
742 760
64 69
743 760
166 188
688 700
767 771
802 811
55 56
642 656
982 987
336 340
774 785
93 111
280 288
117 121
862 869
131 136
371 383
370 386
368 386
150 156
368 370
181 188
404 413
850 860
919 928
440 444
973 979
897 903
295 299
113 121
553 566
409 418
850 861
1 6
531 538
697 705
113 117
779 784
923 924
659 667
892 908
561 565
675 677
509 520
619 631
374 382
826 830
720 736
422 428
899 913
846 855
960 969
287 296
463 468
168 188
262 264
177 184
558 569
478 485
673 676
752 766
605 612
356 359
894 902
708 732
348 365
964 975
327 328
800 811
796 816
955 965
550 556
630 638
168 181
845 857
720 737
912 917
853 865
871 875
499 505
589 591
839 849
819 823
278 283
715 730
795 810
623 631
704 724
336 339
770 776
281 294
790 792
278 288
27 33
607 611
260 268
833 837
306 309
364 375
693 705
674 680
70 81
500 502
3 11
130 132
283 288
978 984
706 712
435 447
406 418
336 344
166 185
54 62
374 383
691 701
593 602
940 946
366 389
726 741
302 307
593 606
755 771
522 538
542 555
348 362
513 520
672 680
685 700
339 344
821 837
270 282
803 817
602 606
31 34
210 212
976 986
846 860
632 640
527 535
765 775
846 861
182 199
901 908
779 785
427 439
167 172
558 565
249 254
710 732
338 347
619 635
679 681
430 433
71 81
629 648
402 413
227 236
252 255
436 447
758 764
547 566
789 793
425 429
664 670
886 890
562 569
240 247
943 947
192 212
765 781
237 247
821 833
394 398
131 137
424 432
473 481
860 861
192 210
237 240
850 864
99 115
786 810
707 718
752 763
273 279
63 72
223 234
879 885
385 391
10 21
824 838
925 935
452 455
393 401
583 586
756 760
726 749
755 767
43 49
880 884
470 477
922 927
286 293
168 185
806 817
178 193
850 867
286 296
190 200
379 386
949 950
794 811
293 296
252 257
933 941
886 889
70 84
170 188
675 680
58 67
495 505
932 939
775 781
846 864
544 555
340 344
61 72
912 918
452 456
858 868
623 635
358 365
802 817
708 723
825 836
713 733
963 972
881 887
112 125
846 867
858 870
708 722
796 808
130 133
603 618
800 817
71 84
916 928
326 328
371 389
892 903
479 488
862 872
765 776
629 649
522 531
797 801
40 51
99 114
419 432
717 730
905 907
942 944
597 611
192 209
664 668
406 409
259 269
672 674
542 556
613 620
100 115
180 193
98 106
866 882
693 697
25 41
281 291
83 85
871 877
440 447
259 272
494 501
868 870
337 344
906 917
218 224
768 780
369 376
632 648
169 175
774 791
977 983
691 705
971 985
669 677
943 951
558 561
442 450
367 382
269 272
726 747
317 322
63 75
794 817
855 861
25 39
177 186
523 538
822 838
834 842
543 551
563 576
726 750
61 75
708 728
40 50
645 653
655 667
713 731
978 991
473 485
786 795
149 153
93 105
751 757
140 147
374 389
855 860
841 856
669 680
255 257
367 383
404 411
421 426
54 57
802 806
304 308
45 49
542 550
548 557
597 607
295 305
155 158
19 26
90 101
337 340
819 832
855 864
160 172
786 798
86 97
855 867
509 516
465 475
846 850
479 492
315 318
138 147
800 806
508 512
203 212
860 864
110 119
554 559
860 867
752 762
452 464
605 618
710 723
100 114
170 181
906 918
533 536
864 867
508 515
976 987
704 732
155 161
547 553
628 639
923 930
741 749
239 247
393 399
455 456
463 467
747 750
881 888
861 867
940 947
640 648
132 133
166 183
544 556
854 869
61 63
861 864
710 722
189 211
715 734
402 411
484 491
442 451
146 152
984 991
512 515
610 612
182 196
926 935
761 773
632 649
81 84
385 392
671 678
720 735
925 936
800 802
419 424
206 214
949 957
616 627
203 210
273 282
846 865
166 184
713 736
803 816
572 582
759 773
425 433
548 566
628 648
3 21
769 781
713 737
191 213
182 200
765 770
549 552
367 389
158 161
710 728
850 865
443 445
924 930
83 97
970 985
794 806
795 798
677 680
15 18
558 574
384 396
813 827
336 346
820 836
243 248
167 175
940 951
915 921
170 185
238 246
812 815
337 339
628 640
85 97
474 476
358 362
458 469
923 939
561 574
958 968
892 897
284 290
950 957
244 251
336 354
489 498
639 648
854 872
223 233
592 604
708 730
518 521
271 288
794 802
93 102
455 464
352 357
669 675
453 462
160 175
14 26
924 939
840 848
711 725
166 186
657 667
800 816
549 567
851 863
794 816
980 991
91 107
46 59
943 954
456 464
276 285
58 68
671 692
400 413
313 322
794 800
205 214
802 816
943 959
814 829
744 760
145 148
628 649
557 566
922 928
346 354
442 449
89 92
530 535
552 567
61 69
717 734
634 638
930 939
93 109
949 969
779 791
24 33
160 167
116 134
799 804
892 910
419 434
393 403
631 635
514 520
543 560
160 169
222 234
368 391
739 757
824 837
544 550
167 169
402 404
722 728
955 968
891 900
806 816
841 859
182 190
529 537
463 475
963 985
974 979
811 817
897 910
687 698
394 401
256 268
63 69
752 771
378 395
243 258
497 505
104 118
973 991
196 200
93 108
583 591
892 913
731 736
509 517
950 969
678 692
168 183
368 392
843 849
640 649
487 498
311 322
954 959
93 115
641 656
292 296
373 386
102 109
813 828
337 354
731 737
22 33
940 959
940 954
871 885
691 697
108 115
201 212
364 372
710 730
271 283
82 97
425 430
424 434
790 810
708 734
103 111
197 213
748 764
368 385
897 913
168 184
977 990
219 224
769 775
313 317
88 95
926 936
565 574
35 47
113 120
337 346
509 519
629 647
769 776
102 115
772 780
179 199
160 174
740 760
562 574
419 438
223 236
166 177
739 751
203 209
339 354
467 475
342 361
592 600
522 539
704 723
610 618
704 728
906 912
542 551
639 649
805 817
351 355
701 705
972 985
370 391
98 111
723 728
822 837
973 980
658 667
669 674
250 263
797 817
109 115
609 612
149 156
894 908
113 125
775 776
248 258
587 590
368 388
195 212
473 478
25 37
792 810
427 429
794 803
76 84
155 159
102 108
622 633
957 969
704 722
898 902
323 333
181 185
93 114
703 714
35 48
311 317
495 499
11 21
759 761
971 986
564 569
162 172
911 920
797 805
340 354
727 749
1 12
702 714
370 392
873 882
855 865
554 569
481 485
168 186
14 19
201 210
23 33
645 652
182 204
351 365
554 564
562 565
10 20
934 938
713 735
710 734
313 325
216 217
235 241
851 867
355 365
384 397
801 817
506 520
797 811
367 374
144 148
390 396
758 766
167 174
609 618
695 705
973 984
383 389
120 125
932 944
823 832
527 534
7 26
202 214
311 325
275 279
923 944
745 753
813 836
427 433
805 811
198 214
424 438
94 107
195 210
545 555
826 842
651 654
877 885
923 932
844 856
348 360
672 684
563 570
738 757
768 787
339 346
629 650
841 857
25 42
334 347
382 389
762 771
198 202
708 717
218 221
693 699
709 724
719 749
612 618
474 485
3 20
369 381
517 519
669 684
924 944
952 969
363 375
621 636
869 872
370 385
105 115
326 327
523 531
592 601
99 118
831 835
243 257
400 411
765 780
36 47
78 95
875 885
851 864
629 653
858 876
542 560
480 490
102 114
741 750
786 817
621 638
993 997
402 415
596 604
983 990
366 386
474 481
53 60
195 201
726 757
356 375
970 986
275 282
704 730
98 103
58 72
687 696
317 325
796 807
480 493
976 982
748 766
138 140
249 263
858 878
509 524
588 598
58 75
613 627
695 701
727 750
36 48
154 164
801 811
674 684
691 699
736 737
116 133
923 942
364 380
162 175
727 741
886 895
744 756
429 433
866 885
694 714
370 388
52 60
243 255
3 10
311 313
669 672
947 951
356 363
287 299
194 212
715 733
468 475
726 738
523 539
971 987
924 932
621 634
126 128
883 890
812 829
500 503
748 758
786 811
949 960
506 514
746 760
423 426
72 75
155 163
915 927
704 734
559 569
340 346
160 171
274 288
814 832
719 750
554 574
637 648
324 335
924 942
715 737
963 986
533 546
715 736
974 991
691 693
689 705
545 556
852 872
903 910
404 415
583 589
716 718
178 199
818 827
89 101
83 86
306 316
628 632
707 712
932 942
531 539
726 751
934 945
586 591
866 875
599 611
160 176
981 988
786 801
839 847
624 648
78 88
100 118
108 114
719 741
815 829
655 659
279 282
222 233
948 966
476 485
765 772
628 647
276 294
952 957
195 209
629 652
419 441
632 647
420 432
852 869
706 725
948 967
755 773
906 920
786 805
286 299
9 26
673 680
782 793
116 132
930 944
624 637
581 591
675 684
179 200
192 213
74 84
329 347
866 877
237 246
112 127
532 535
619 636
619 638
636 638
688 705
579 591
189 212
727 747
958 975
104 119
947 959
394 399
733 737
287 305
752 767
709 732
490 493
797 816
708 737
860 865
814 823
903 913
323 330
708 733
708 736
733 736
585 598
687 700
500 504
394 403
194 210
955 975
190 204
544 551
874 882
738 751
46 60
581 586
825 835
862 870
964 985
70 80
970 987
830 842
270 277
629 645
579 586
809 829
951 959
359 375
289 296
719 747
280 285
563 582
915 928
145 152
740 756
786 816
393 405
487 489
689 701
201 209
624 649
494 505
6 12
70 95
416 428
854 870
748 763
124 134
399 403
821 842
47 48
83 92
341 361
179 196
80 95
222 236
278 285
109 114
443 446
685 705
189 210
30 41
353 365
461 466
286 305
105 114
938 945
818 828
683 698
795 817
947 954
271 285
650 653
402 414
628 653
619 634
628 650
655 663
801 805
352 365
37 42
458 475
105 109
271 278
717 737
579 581
71 95
86 92
963 987
717 736
580 591
162 169
171 176
883 889
52 53
323 332
651 667
271 280
603 617
96 107
818 836
948 962
7 19
544 560
162 174
382 383
536 546
637 649
245 258
778 793
748 771
876 878
786 797
688 701
854 862
632 653
801 816
564 574
821 830
376 381
950 960
861 865
483 488
525 538
839 856
144 152
93 118
632 650
387 395
110 122
805 816
189 194
559 574
710 737
973 978
476 481
710 736
717 733
444 447
925 937
338 344
44 59
655 670
357 365
170 183
851 865
597 618
368 395
912 920
517 524
46 53
55 62
703 718
689 695
559 564
350 365
828 836
654 667
46 52
169 174
470 485
83 101
726 739
770 780
972 986
368 387
702 718
422 426
851 861
809 815
543 566
765 787
367 371
180 199
951 954
384 398
710 733
281 290
306 314
189 209
694 718
979 991
703 716
820 835
71 80
338 354
460 466
798 817
720 729
719 727
483 492
663 670
248 257
940 943
570 582
702 716
86 101
412 428
934 953
170 184
77 87
350 357
356 372
694 716
230 241
509 521
198 205
424 441
487 496
155 165
284 296
99 119
73 84
715 731
90 107
708 731
846 853
708 715
173 193
56 62
844 859
685 701
763 771
694 702
930 942
344 354
800 803
215 225
659 670
228 231
759 781
85 92
435 448
194 209
628 652
336 345
813 835
730 734
35 51
191 214
777 788
614 615
980 984
189 201
4 8
529 546
688 695
824 833
694 703
30 39
580 586
710 717
70 88
794 808
58 69
761 781
182 211
331 347
356 380
956 965
704 737
486 498
116 130
554 565
691 714
704 736
541 555
178 200
489 496
106 111
592 608
271 294
105 108
373 379
879 884
278 280
404 414
827 836
758 771
390 397
270 288
419 437
253 254
400 415
435 450
85 101
551 560
851 860
458 468
825 831
722 734
170 186
785 791
946 959
76 81
351 362
813 820
768 784
622 635
179 204
510 520
886 896
421 432
921 927
585 588
116 136
470 481
901 910
632 652
605 617
71 88
32 48
809 812
98 115
253 263
659 663
809 832
471 477
721 749
812 832
254 263
516 519
35 50
854 868
473 488
593 611
795 811
384 401
243 252
772 787
629 656
82 92
377 389
768 791
846 872
198 206
370 395
473 492
871 884
22 24
420 434
768 785
704 733
366 379
168 177
549 569
276 291
516 524
487 501
693 714
722 730
82 101
244 258
783 810
919 929
642 644
901 913
541 556
427 430
597 612
949 965
519 524
938 953
25 38
250 268
167 176
558 576
495 502
32 47
671 690
748 762
130 136
153 156
460 461
853 872
309 316
628 645
624 639
261 272
609 610
278 294
894 910
90 96
148 152
100 119
708 735
826 834
280 294
813 831
968 975
80 88
921 928
116 137
972 987
673 677
54 67
981 997
839 859
624 640
420 438
758 763
91 111
790 817
277 288
435 451
366 373
549 574
274 283
92 101
178 196
894 913
685 695
795 816
898 908
871 879
36 51
348 375
916 929
334 354
473 483
815 832
854 878
103 115
858 882
683 696
232 241
489 501
782 789
655 668
707 725
723 734
719 757
813 825
845 863
847 856
300 316
367 386
322 325
742 754
195 203
138 152
946 954
281 296
436 448
845 867
596 600
883 895
123 134
726 753
349 365
964 986
102 118
554 562
665 682
669 681
91 106
443 447
710 731
854 876
623 638
630 648
949 956
363 372
40 49
43 59
436 450
863 867
479 493
973 990
875 877
140 152
846 869
866 884
329 354
189 203
721 750
363 380
715 735
366 391
138 148
488 492
931 935
542 566
295 297
93 119
112 128
66 87
926 937
894 901
786 806
784 791
470 476
301 316
727 757
189 195
880 887
742 764
256 260
506 513
657 670
407 428
933 945
713 729
131 141
373 391
484 498
822 833
248 255
167 171
454 457
372 380
402 417
179 190
431 445
809 823
799 829
366 392
971 982
699 714
679 692
862 868
36 50
691 718
862 878
543 557
868 878
359 380
547 567
267 282
194 201
249 268
479 490
22 27
140 148
359 372
754 764
820 831
355 362
233 236
334 344
683 700
300 309
448 450
545 550
495 503
61 64
571 584
893 900
371 386
7 14
752 773
813 838
162 176
130 137
623 636
506 524
778 789
369 389
154 161
621 648
373 392
624 647
792 817
724 732
880 888
632 645
329 344
83 89
500 507
76 95
862 876
691 716
245 257
495 504
370 387
352 353
740 744
579 589
853 869
866 879
624 653
24 27
400 414
710 735
963 970
45 59
110 121
759 776
717 731
850 872
933 953
500 515
563 572
337 345
628 656
669 692
436 451
950 965
755 781
178 204
769 780
958 985
770 787
955 985
112 126
630 649
798 811
180 200
927 928
166 193
513 524
826 848
899 917
81 95
74 95
104 122
868 876
949 975
74 81
798 816
459 466
923 941
16 21
526 538
709 728
596 601
981 993
507 515
704 731
506 519
379 391
98 114
811 816
841 867
575 578
117 125
812 823
287 297
443 444
619 648
569 574
552 574
552 569
378 396
673 684
804 829
458 467
509 518
624 650
719 751
561 576
825 838
845 864
384 403
329 334
68 75
614 620
858 874
302 316
955 958
964 987
743 764
892 917
581 589
693 718
496 501
988 997
761 776
704 717
963 982
621 649
256 272
765 791
549 564
841 863
697 714
419 439
599 607
162 171
267 279
453 466
425 445
970 982
639 640
208 225
956 975
394 405
647 653
723 730
286 297
906 911
669 679
301 309
3 26
44 60
487 505
146 151
435 449
285 294
271 291
287 295
548 553
91 115
820 838
765 784
741 747
7 28
819 836
704 735
83 107
239 240
452 462
529 536
659 668
672 681
899 918
834 848
522 537
615 620
742 766
359 363
839 844
978 990
824 842
320 328
379 392
545 560
790 816
585 595
73 95
774 788
852 870
300 314
93 100
290 296
717 735
113 127
453 459
619 649
892 918
765 785
465 472
693 716
421 434
260 272
506 516
709 734
974 984
66 77
672 692
742 771
726 745
721 747
421 438
189 213
160 187
924 941
712 725
286 295
54 75
790 811
105 118
420 441
9 19
721 741
727 751
14 28
950 975
866 871
977 997
622 631
660 662
916 919
522 546
89 107
624 652
681 692
478 492
311 321
197 214
632 656
331 354
623 634
402 418
99 122
216 226
945 953
799 832
949 968
348 380
32 51
329 338
946 951
301 314
202 205
639 653
621 630
489 505
827 828
841 864
818 835
821 848
179 211
720 749
640 653
713 749
892 899
366 385
902 908
57 67
839 857
366 388
831 838
585 594
822 842
350 353
54 68
713 720
440 450
580 589
658 670
155 172
952 960
914 928
599 618
238 242
478 488
677 684
228 234
284 289
103 114
948 961
342 365
124 133
883 896
537 546
786 802
336 343
244 257
495 515
743 754
759 775
78 97
597 610
86 107
739 753
916 935
374 386
891 907
500 512
850 869
815 823
155 175
748 767
404 417
919 935
639 647
585 604
914 927
309 314
563 578
424 437
348 372
766 771
82 85
390 398
110 125
431 446
384 399
293 299
844 857
689 714
640 647
554 576
571 591
385 388
782 810
329 346
796 829
694 725
502 503
180 196
312 325
558 582
769 787
319 328
245 255
229 241
54 72
688 714
32 50
434 438
513 519
934 959
270 283
663 668
150 157
243 263
607 618
974 980
778 810
70 97
82 107
743 771
563 575
334 338
699 718
146 156
587 598
506 517
85 107
593 618
711 732
366 395
423 432
350 352
499 503
593 607
440 448
743 766
977 988
239 246
502 504
273 288
508 511
162 167
709 730
754 771
216 231
408 428
674 692
509 535
713 750
390 401
852 878
499 504
61 65
694 712
710 715
393 410
422 432
310 325
453 461
544 566
93 122
821 834
603 620
854 882
685 714
364 381
792 816
499 502
262 265
594 604
657 668
360 375
597 609
550 560
91 114
643 662
460 469
720 750
495 507
916 931
195 213
336 361
425 446
436 449
804 832
71 97
866 887
614 627
858 873
356 381
761 775
334 346
845 865
687 705
541 560
74 76
11 20
596 608
754 766
108 118
216 234
897 917
786 803
643 660
293 305
40 59
541 550
965 975
274 294
910 913
369 377
182 212
525 539
934 954
427 445
240 246
909 928
287 303
442 457
356 364
866 888
583 590
919 931
949 985
939 944
619 630
207 225
731 735
916 936
440 451
540 555
178 190
755 776
955 986
545 551
110 117
100 122
400 417
155 174
709 723
286 303
894 903
639 650
302 314
795 805
315 328
726 760
958 986
841 865
666 682
746 756
29 41
474 492
830 848
431 447
852 876
657 663
625 633
729 749
790 798
871 887
858 885
919 936
950 956
783 817
180 204
326 333
143 147
373 388
615 627
523 546
651 670
843 856
486 501
106 115
463 472
168 193
640 650
338 346
813 837
453 469
202 206
385 395
909 927
697 718
833 842
675 692
540 556
373 395
925 944
216 228
331 344
373 385
699 716
881 890
820 825
542 557
952 975
7 33
369 383
178 211
102 119
549 559
343 361
871 888
506 521
722 737
719 738
192 214
499 515
603 627
388 395
792 811
368 396
474 488
925 939
425 447
748 773
509 532
897 918
43 60
86 89
711 724
799 823
691 702
376 389
173 199
624 645
742 763
378 397
109 118
281 289
312 322
977 993
406 428
502 515
603 615
460 475
886 900
471 485
495 512
31 48
841 845
818 838
691 703
873 885
184 186
721 757
292 299
91 103
588 595
453 475
689 718
223 227
624 656
190 211
217 226
584 591
160 188
155 169
310 322
688 718
931 936
709 737
846 870
722 736
231 234
151 156
503 504
952 965
786 800
57 75
691 725
104 121
369 382
814 836
230 235
398 401
588 604
889 895
159 163
453 460
963 971
789 810
923 953
623 648
950 968
950 985
968 985
377 383
703 725
68 72
84 95
496 505
421 441
158 163
637 653
182 210
786 808
98 118
960 975
158 159
313 321
752 781
709 736
702 725
139 147
70 78
875 884
518 535
82 89
358 375
238 251
956 985
796 832
674 681
422 423
244 255
685 718
503 515
83 96
719 753
728 734
595 604
504 515
292 305
253 268
562 576
976 991
486 505
9 28
217 234
862 882
846 878
250 272
629 641
324 347
442 454
341 365
645 656
963 991
14 33
356 389
603 614
973 983
431 444
585 600
709 722
262 282
800 808
794 807
278 291
672 679
593 599
310 312
971 991
809 836
963 976
847 859
484 501
274 285
425 444
217 231
621 653
934 951
561 582
697 716
605 620
955 987
778 782
270 294
689 716
337 361
146 153
80 97
116 141
585 601
729 750
470 492
689 697
723 737
688 716
583 598
430 445
461 469
10 26
958 987
486 496
286 287
132 136
877 884
350 362
276 296
461 475
819 828
1 18
367 391
688 697
772 791
191 205
307 316
469 475
45 60
384 405
686 698
98 109
73 81
840 849
956 968
914 921
448 451
425 431
254 268
971 976
22 41
356 376
265 282
230 247
704 715
541 551
404 418
924 953
799 815
284 299
923 945
523 537
619 653
855 872
585 608
155 176
654 670
238 258
112 129
104 125
267 275
203 213
281 299
166 199
509 530
554 582
549 565
605 627
280 291
82 86
713 747
639 652
691 712
145 156
970 991
226 234
547 574
459 475
623 649
846 876
685 716
621 637
794 829
588 594
470 488
198 225
708 749
91 118
379 395
99 121
194 213
367 392
484 505
94 111
284 305
281 305
759 780
352 362
364 389
755 775
723 736
177 193
154 163
281 284
974 990
482 491
235 247
597 617
427 446
123 133
797 806
242 251
459 469
191 206
30 42
768 779
621 647
973 997
85 89
938 959
934 946
400 418
807 829
31 47
548 567
315 319
988 993
640 652
243 268
390 403
24 41
695 714
144 156
182 209
150 164
74 88
841 861
302 309
573 591
926 944
154 159
949 986
377 382
933 959
378 401
713 741
517 521
818 831
745 760
249 272
759 787
194 203
621 650
57 72
804 823
743 763
637 647
552 564
242 258
353 362
422 438
852 868
870 878
619 647
93 121
952 985
819 827
879 887
499 507
619 637
738 753
29 39
348 363
327 333
685 697
44 53
58 63
423 438
706 732
683 705
497 515
783 816
145 151
289 299
216 236
983 997
665 676
630 653
138 156
99 125
378 398
742 758
719 739
154 158
155 171
809 814
693 725
619 650
708 750
879 888
425 443
881 895
331 346
172 175
251 258
851 872
23 27
90 111
76 88
271 296
770 791
427 447
103 118
368 397
94 115
162 187
720 747
98 108
924 945
416 426
499 512
549 576
243 254
289 305
665 680
688 689
637 650
843 859
217 228
422 434
761 780
554 561
57 68
91 109
93 125
671 698
359 381
934 947
601 608
886 893
585 596
727 753
281 292
852 882
778 817
514 524
256 261
694 707
113 128
933 938
124 136
568 591
634 648
892 920
135 147
841 860
140 156
761 787
664 682
337 343
824 848
621 652
22 39
854 874
590 598
620 627
547 569
191 202
782 817
970 976
295 303
764 771
484 496
262 279
423 434
256 269
144 151
658 668
473 493
351 375
713 757
90 115
933 954
688 699
926 939
149 157
261 269
730 737
431 443
459 461
689 699
703 712
9 33
938 954
767 773
853 878
501 505
909 921
367 395
360 380
619 652
866 880
822 848
180 211
61 87
710 749
40 60
965 985
356 383
727 738
82 96
868 882
370 396
191 225
531 546
957 975
675 681
702 712
420 437
642 646
950 986
267 288
518 532
894 917
132 137
202 225
960 985
600 608
506 535
138 151
780 787
25 34
91 108
494 515
223 241
507 512
799 812
364 376
226 231
440 449
949 987
845 861
721 751
252 263
854 885
720 741
777 793
509 534
592 606
400 404
356 382
216 233
243 253
368 401
704 749
799 836
412 426
348 381
19 28
881 889
104 117
22 29
621 640
500 511
55 67
790 805
853 870
748 781
167 187
154 165
796 823
812 836
605 615
24 39
284 292
329 340
609 617
83 111
786 829
105 119
516 521
71 78
772 784
474 478
270 285
110 120
948 969
23 41
356 377
358 380
651 668
73 88
424 439
794 832
740 771
673 692
416 432
86 96
232 247
883 900
83 115
474 483
940 966
960 965
206 225
324 354
579 598
124 137
173 200
655 682
502 512
429 445
755 787
540 560
497 504
940 967
478 483
46 62
783 811
820 837
100 121
265 279
643 661
630 647
593 612
685 699
55 75
205 225
619 640
676 680
621 639
31 51
665 684
49 59
755 780
708 729
769 791
846 882
925 942
719 760
850 878
894 918
368 398
237 258
543 553
44 52
710 750
427 444
281 293
183 186
409 428
378 403
730 736
196 204
543 567
331 338
565 576
956 986
839 867
276 290
559 576
27 41
155 187
740 764
140 151
671 686
91 98
720 757
980 990
553 567
637 652
630 650
502 507
497 503
473 490
559 565
772 785
208 215
510 524
915 922
742 762
359 389
93 99
320 333
853 876
111 115
715 749
709 733
54 69
179 212
704 750
100 125
774 793
412 432
85 96
217 236
138 144
363 381
124 132
972 982
619 639
843 847
79 95
166 200
56 67
227 241
695 718
315 333
899 920
1 15
874 885
393 413
545 566
809 828
93 117
70 101
56 75
371 391
155 167
430 446
923 959
277 283
99 117
476 492
688 725
891 905
825 837
744 771
145 153
579 590
541 566
366 387
495 511
549 562
689 725
277 294
379 388
528 538
348 389
588 608
558 570
549 582
846 868
65 87
283 294
634 649
562 582
916 937
407 426
752 776
67 75
465 477
687 701
275 288
826 849
357 362
311 318
973 993
932 941
950 987
887 888
628 641
605 614
201 213
581 598
841 872
903 917
657 659
3 28
102 122
850 870
90 94
807 832
250 260
526 539
138 153
506 532
31 50
139 143
149 164
685 725
245 248
968 986
770 784
693 712
82 115
81 88
329 339
189 214
422 441
957 985
170 193
315 320
621 656
356 369
58 64
482 498
394 410
17 21
25 48
237 251
706 724
368 403
458 472
407 432
800 829
74 97
881 896
371 392
463 477
964 982
71 101
144 153
815 836
82 111
636 648
952 986
765 779
630 652
619 656
850 876
466 475
691 707
541 545
588 600
471 481
580 598
571 586
845 860
58 87
497 512
470 483
777 810
778 816
91 119
696 700
238 257
715 750
355 375
494 504
708 747
588 601
809 827
719 745
158 165
315 327
168 199
423 441
264 282
754 763
64 87
804 836
86 115
770 785
351 380
923 954
24 29
78 101
319 333
513 521
573 584
123 136
741 757
306 325
694 732
442 464
430 447
915 929
610 617
555 556
786 832
774 810
699 725
906 928
336 365
500 508
818 837
952 968
371 395
782 816
671 700
940 962
425 450
742 773
106 114
671 696
23 39
83 94
284 293
320 327
599 612
274 291
307 314
924 959
367 388
85 115
744 764
494 503
739 760
271 290
416 438
138 145
943 966
140 153
349 362
626 633
86 111
819 835
854 873
76 97
943 967
98 119
919 937
651 658
426 432
858 884
329 345
299 305
90 114
814 828
476 488
743 758
711 734
903 918
182 213
933 951
804 815
83 114
364 383
616 633
875 888
647 650
121 125
3 19
870 876
363 389
83 90
821 849
568 584
875 887
92 107
497 507
956 987
616 626
494 512
3 33
85 111
179 210
379 385
803 808
708 757
83 106
311 328
572 578
932 953
19 33
90 106
487 515
412 438
759 791
740 766
922 929
639 656
713 751
58 65
55 72
162 188
94 114
160 185
839 863
358 360
329 361
217 233
465 485
178 212
166 173
323 335
886 907
803 829
898 913
155 188
796 836
808 829
367 385
708 741
470 478
623 653
655 664
73 97
540 550
392 395
727 760
463 485
563 577
155 162
862 885
613 633
358 372
113 126
717 749
367 379
687 714
695 716
154 175
629 644
360 372
691 732
506 518
978 997
89 96
533 556
182 201
972 991
789 817
34 48
139 152
123 137
533 555
973 988
243 272
786 807
621 645
833 848
597 627
63 87
364 382
416 434
697 725
665 677
93 104
495 508
855 869
809 835
407 438
370 397
229 247
613 626
964 991
89 115
250 269
924 954
769 784
154 172
425 451
228 236
431 450
619 645
503 512
877 888
345 361
370 401
143 152
96 115
506 530
726 756
93 120
678 690
709 735
901 917
839 864
435 457
419 433
427 443
104 120
166 204
548 574
898 910
795 801
877 887
802 829
94 106
654 668
640 656
853 882
568 573
348 359
22 42
819 838
262 288
552 576
494 507
397 401
906 927
845 872
56 72
952 987
558 578
729 747
27 39
173 204
665 692
412 434
110 127
559 582
813 842
518 530
941 953
276 305
348 376
208 220
774 777
510 514
818 825
769 785
180 190
339 361
742 767
219 221
581 590
276 299
897 920
270 291
342 362
359 376
600 601
558 572
25 47
35 59
543 574
851 869
583 587
960 986
391 395
242 257
926 942
809 838
761 791
686 700
390 399
571 589
916 944
674 679
915 935
938 951
166 196
642 662
273 294
82 114
458 477
527 538
727 739
384 410
930 953
964 972
517 535
112 134
852 885
743 762
657 682
259 266
984 990
407 434
688 712
83 118
636 649
402 428
743 773
677 692
135 152
686 696
866 890
504 512
315 326
585 606
350 375
755 791
197 225
778 811
844 867
889 896
794 823
850 882
762 773
799 828
99 120
717 750
793 810
318 328
89 111
91 105
46 75
710 747
70 107
374 395
597 620
704 747
482 505
525 546
689 712
222 241
271 305
968 987
693 702
580 590
173 196
81 97
458 485
540 551
930 941
425 448
271 299
858 888
100 117
809 819
989 994
796 815
337 365
901 918
429 446
452 475
729 757
659 682
339 345
179 209
542 567
348 383
814 827
694 724
858 887
319 327
685 712
509 538
249 260
489 515
324 344
278 296
421 437
707 732
355 380
416 441
90 118
629 646
923 951
374 391
24 42
862 874
516 535
629 662
25 51
370 398
710 757
800 832
252 268
965 986
704 757
728 737
304 316
693 703
646 662
364 377
192 225
366 396
154 174
651 663
974 997
782 811
711 737
431 451
594 608
565 582
846 885
704 710
748 776
744 766
82 106
687 718
711 728
543 548
866 895
7 41
359 383
427 450
420 439
349 357
140 144
419 445
630 637
841 869
943 962
624 632
178 210
911 928
86 114
704 729
630 656
509 527
412 441
43 53
637 656
710 729
93 127
348 382
975 985
393 411
613 616
922 935
71 107
340 361
775 787
883 893
103 109
860 872
625 635
352 375
933 946
116 131
55 68
642 660
919 944
390 405
676 684
253 272
96 111
85 114
351 372
237 257
370 403
701 714
306 322
463 465
46 67
407 441
70 92
623 650
983 993
265 288
752 787
249 269
742 781
629 660
583 604
923 938
167 188
671 705
759 784
799 827
378 399
374 392
453 468
758 773
826 840
915 936
430 444
94 118
310 317
752 775
182 203
691 724
148 156
477 485
280 296
359 382
238 255
429 447
544 557
108 119
814 835
711 736
245 263
166 211
720 751
499 511
497 502
721 753
513 535
623 647
82 118
91 122
839 865
506 534
629 642
611 618
368 399
558 575
858 877
353 375
334 361
774 817
262 275
704 741
933 947
738 760
66 95
104 127
755 761
843 857
82 94
759 785
25 50
799 835
619 621
871 880
710 741
593 617
552 582
957 986
487 512
36 59
244 248
814 838
777 817
797 829
540 566
799 838
378 405
171 187
587 604
683 714
267 294
78 107
623 652
799 814
368 405
852 874
529 556
786 823
300 325
177 199
638 648
706 734
963 979
99 127
348 377
794 836
768 788
226 236
522 536
494 502
792 798
982 991
250 261
646 660
342 357
173 211
80 101
554 570
13 21
790 801
427 451
916 939
254 272
529 555
159 165
948 985
622 648
168 200
883 907
320 326
368 378
103 119
746 771
6 18
803 832
46 72
472 485
509 528
264 279
813 848
533 560
260 269
443 450
622 638
56 68
71 92
486 515
7 39
105 122
841 851
436 457
140 145
841 855
487 504
29 42
1 21
924 951
960 987
244 263
728 736
86 106
866 896
708 751
350 380
86 118
543 569
851 855
32 59
651 682
683 701
123 132
747 757
223 247
729 741
858 875
923 946
106 118
914 929
85 118
827 835
311 333
644 662
85 106
553 574
431 448
755 784
948 975
482 501
1 13
331 361
248 263
301 325
846 874
426 438
726 771
955 991
215 220
694 734
484 515
687 716
554 578
158 175
259 282
471 492
752 780
491 498
495 500
398 403
273 283
609 627
804 812
342 349
23 42
923 947
130 141
452 466
109 119
613 635
342 375
349 375
178 209
808 832
408 432
334 340
693 732
628 662
359 377
356 386
658 663
487 503
802 832
922 936
755 785
761 784
93 110
827 838
313 328
407 412
425 449
955 982
909 929
669 690
154 169
767 781
595 608
494 497
324 346
35 49
802 808
157 164
691 734
89 114
743 781
628 644
958 991
433 445
709 731
552 565
542 574
547 564
841 878
715 757
792 805
743 767
866 889
818 820
160 181
357 375
786 836
315 330
207 220
761 785
472 477
643 667
487 507
189 225
368 390
616 635
914 935
154 176
348 364
198 220
274 296
658 682
854 884
366 401
715 747
290 305
592 602
548 569
861 872
352 380
150 161
138 146
663 682
911 927
722 733
726 746
554 572
198 207
23 29
835 838
61 77
830 834
419 446
713 753
851 878
683 718
40 45
315 332
406 432
821 840
98 122
628 660
334 345
343 365
909 935
281 297
622 649
958 982
688 702
630 640
198 215
88 97
158 172
399 405
706 737
703 732
871 890
400 428
855 878
688 732
727 745
765 788
135 143
102 125
694 737
207 215
266 282
571 598
702 732
474 493
688 703
585 602
542 553
748 787
826 856
103 108
796 812
893 907
323 347
230 246
393 415
353 380
965 987
830 849
82 90
470 493
579 604
740 763
427 448
44 62
491 505
290 299
694 706
100 120
28 33
881 900
871 895
691 737
270 296
83 119
419 447
834 849
919 939
11 26
949 991
689 732
804 828
685 732
613 625
435 454
245 268
376 383
585 592
789 816
685 689
547 576
182 194
721 760
583 608
806 829
408 438
7 27
281 303
932 945
40 53
341 362
407 416
694 736
644 660
494 511
570 578
34 47
57 69
695 725
495 520
957 987
870 882
489 512
46 68
232 235
14 41
685 702
93 128
471 488
78 92
689 702
894 920
691 706
623 656
691 736
796 828
706 736
378 390
868 885
155 185
795 829
854 888
914 936
510 519
790 829
34 51
83 109
342 380
340 345
685 703
798 805
497 511
629 661
45 53
500 520
807 823
689 703
768 810
43 52
754 773
329 365
180 212
267 283
880 890
470 474
154 187
208 224
366 397
302 325
854 887
909 936
708 720
583 595
774 816
518 534
938 946
73 76
244 268
498 505
841 876
790 795
701 718
522 556
89 118
406 438
686 705
831 837
35 60
170 199
262 294
628 646
916 942
804 838
949 982
138 164
704 751
593 610
593 627
711 730
924 946
610 627
880 895
821 856
694 728
349 380
554 575
924 938
366 403
452 469
675 679
923 933
113 129
691 728
47 51
7 42
812 828
242 255
86 94
796 838
804 835
453 467
191 220
924 947
239 258
363 383
970 971
799 819
100 127
373 387
666 680
522 555
599 617
311 327
790 806
443 451
529 560
331 345
435 464
853 885
179 213
915 931
938 947
710 751
797 832
699 712
506 538
351 360
85 94
430 450
102 121
726 764
796 835
83 108
521 535
96 114
503 507
146 164
551 566
647 652
585 618
517 532
408 426
655 680
795 806
624 641
286 298
138 157
237 255
348 369
801 829
748 775
638 649
547 582
666 684
404 428
319 326
44 75
110 128
355 372
331 340
765 810
655 684
890 895
616 625
770 772
58 77
168 204
654 682
691 694
363 376
752 791
397 403
357 380
850 885
366 398
588 596
844 863
82 119
480 505
196 211
140 164
777 816
231 236
227 247
655 666
713 760
271 276
341 375
358 381
852 862
83 103
809 837
774 789
70 115
706 728
356 395
762 781
812 838
564 576
841 882
264 288
248 268
932 959
665 673
373 396
758 781
844 864
249 261
807 836
169 176
639 645
408 434
516 532
329 343
154 171
846 862
980 997
371 388
826 859
429 444
715 741
358 389
948 986
683 716
431 449
587 608
871 896
858 879
592 618
886 905
27 42
536 556
509 539
804 827
480 498
809 831
845 869
957 965
630 645
717 757
748 780
80 107
363 382
145 164
693 707
581 604
526 546
989 995
583 594
840 856
851 876
486 512
9 41
709 749
796 827
580 604
146 157
846 852
952 956
603 633
91 125
90 119
891 904
630 639
144 164
406 426
74 101
320 330
218 234
812 835
940 961
408 441
191 215
583 601
758 762
510 535
159 175
930 945
502 511
687 725
853 868
140 157
759 769
841 870
719 756
237 242
394 413
71 115
387 396
158 174
1 17
300 322
499 508
568 586
112 133
406 434
34 50
470 490
783 805
628 642
195 214
104 128
671 714
513 532
463 481
688 707
912 928
99 128
484 512
243 269
370 405
583 600
585 611
536 555
342 353
453 485
950 991
866 900
846 873
609 620
286 308
271 289
828 838
489 504
7 29
320 332
323 354
265 275
393 414
14 39
634 653
579 608
427 449
852 873
855 876
304 314
533 550
99 104
963 990
406 441
10 33
669 678
82 109
334 339
676 692
474 490
49 60
740 773
726 766
821 859
140 146
655 692
796 804
426 434
419 444
655 676
351 381
533 566
312 317
691 730
680 684
276 289
594 601
313 318
287 298
351 389
929 935
407 423
822 824
561 578
542 569
198 224
487 511
46 56
914 922
685 707
970 979
465 481
719 771
930 959
813 833
510 521
83 122
368 410
168 211
341 380
568 589
454 464
708 753
822 849
693 724
824 849
628 661
909 922
688 724
145 157
919 942
624 662
717 747
839 872
54 87
563 591
430 451
768 793
271 292
850 868
862 873
489 507
746 764
694 730
36 60
89 106
851 882
688 693
783 798
160 186
665 681
549 578
697 712
799 837
271 293
32 60
381 389
689 707
267 273
971 979
550 566
96 118
709 750
376 382
144 157
768 817
370 399
311 326
222 247
421 439
86 119
458 481
61 95
85 119
666 692
40 52
533 551
925 953
759 772
178 213
402 409
359 364
426 441
685 724
629 667
580 581
880 896
790 832
265 294
112 136
301 322
793 817
139 156
360 389
240 258
36 49
898 917
384 413
91 121
82 108
356 391
276 292
487 502
22 30
149 161
863 864
360 381
845 878
489 503
32 49
721 738
549 561
467 485
722 735
909 914
689 724
182 214
276 293
602 618
480 491
522 560
350 372
671 718
154 188
969 985
168 196
892 928
843 867
85 86
855 882
593 620
32 36
742 776
642 661
362 375
496 515
523 556
519 535
978 993
597 615
135 156
564 582
93 126
10 28
356 392
754 781
765 817
795 832
688 734
22 37
759 770
373 401
906 921
419 429
259 279
287 308
284 297
73 101
792 829
338 361
58 95
744 763
70 111
748 791
44 67
284 303
3 41
275 294
756 771
974 993
62 75
765 793
799 831
624 660
693 734
666 676
599 627
331 339
313 333
393 417
755 769
160 183
946 947
823 836
78 115
419 450
378 410
932 954
277 285
371 385
788 810
685 734
207 224
720 753
412 416
180 210
940 985
800 836
297 303
44 72
159 172
429 450
800 823
945 959
155 181
794 815
112 137
76 101
523 555
579 587
238 263
707 724
549 570
228 233
324 361
689 734
579 595
594 600
359 369
463 492
909 931
9 39
191 224
688 737
311 319
755 772
691 711
948 987
587 595
311 330
243 260
292 293
7 23
177 200
160 184
319 330
794 838
192 197
202 220
116 142
120 127
708 760
914 931
30 37
458 465
685 693
348 386
205 206
103 122
950 982
262 283
94 119
336 375
478 493
436 464
82 122
847 857
940 969
603 626
815 838
143 156
506 527
311 332
568 598
783 829
434 441
82 103
90 109
685 737
367 396
440 457
693 737
453 477
549 572
324 338
216 241
818 842
891 908
230 258
252 272
898 918
482 515
806 832
342 352
949 958
871 889
412 423
974 978
458 492
309 325
319 332
689 737
514 535
334 365
605 633
622 636
465 492
774 811
592 611
786 838
494 508
318 333
486 504
251 257
336 362
664 684
740 781
580 608
416 423
755 770
688 736
191 207
777 789
71 111
182 195
581 608
70 114
331 365
812 827
43 75
278 305
846 884
46 55
486 507
794 828
640 645
124 141
390 410
561 570
794 835
685 736
769 772
846 888
579 601
699 732
786 815
499 520
683 725
798 829
641 662
937 944
506 528
819 837
484 504
364 369
664 680
286 316
693 736
632 662
858 895
828 835
689 736
342 372
801 832
169 187
165 175
484 507
238 268
637 645
628 667
387 401
671 701
422 437
713 738
336 380
593 609
558 577
729 751
930 954
419 451
281 295
166 190
436 454
603 635
579 600
934 966
632 641
339 365
844 865
854 877
166 212
786 835
707 734
775 780
851 870
984 997
67 72
744 773
731 749
74 107
818 848
752 784
852 884
723 733
786 828
259 288
846 887
694 711
852 888
561 572
46 69
689 693
934 967
373 403
99 110
704 753
352 372
190 212
407 437
147 152
43 62
40 75
160 193
70 118
85 109
884 888
579 594
587 601
742 787
232 246
839 861
952 991
86 109
673 681
892 912
480 501
840 859
529 566
588 606
509 546
278 299
720 760
671 716
45 52
250 256
622 653
277 291
486 503
752 785
549 575
858 890
71 114
706 730
230 240
367 401
363 377
407 422
90 108
14 42
664 692
55 69
536 560
179 201
543 576
715 751
815 835
3 39
348 395
922 931
963 997
182 225
852 887
961 985
573 586
100 128
841 885
267 285
289 293
805 829
883 905
494 520
637 640
484 503
573 589
90 122
881 907
691 733
915 944
402 432
287 316
902 913
245 272
331 334
707 737
280 305
587 600
429 451
543 582
623 645
362 380
956 991
815 828
691 723
270 274
697 732
746 766
463 488
862 888
393 418
778 829
710 753
646 661
703 724
311 320
482 496
845 876
892 927
31 59
40 62
93 129
366 405
244 272
108 122
430 443
71 118
866 907
586 589
427 431
803 836
302 322
636 653
669 698
541 557
845 882
271 303
963 984
651 659
195 225
553 569
862 884
458 488
155 186
702 724
105 125
85 122
915 937
704 760
98 125
504 507
940 975
906 935
597 614
688 728
858 896
367 387
85 108
353 372
402 438
778 805
86 122
768 816
497 508
270 305
717 741
610 620
926 953
624 644
523 560
701 716
274 305
267 291
970 990
869 878
98 105
570 572
820 842
703 734
743 776
86 108
632 660
691 735
176 187
162 185
981 994
412 437
573 598
271 297
777 811
529 550
341 357
719 764
702 734
506 539
442 456
814 837
685 728
876 882
518 538
623 640
912 927
765 816
77 95
489 511
113 134
355 389
416 437
531 537
796 837
468 485
298 308
15 21
45 75
862 887
547 565
24 37
340 365
433 446
465 488
796 814
425 457
587 594
150 163
866 881
170 200
694 733
854 875
715 729
218 236
623 637
802 836
655 677
820 848
89 119
280 299
83 125
703 737
971 990
104 110
755 759
73 107
680 692
943 985
359 386
349 372
194 214
855 870
702 737
689 728
155 183
529 551
871 900
977 994
906 929
794 827
909 944
276 303
180 209
903 920
792 832
497 520
367 403
710 760
558 591
430 448
9 42
270 299
744 781
99 126
586 598
613 631
517 530
707 736
642 667
940 986
613 648
853 874
786 827
487 508
631 648
726 763
783 832
274 299
155 184
150 175
782 829
804 837
850 874
672 690
694 723
92 115
826 857
52 75
155 193
289 292
726 773
724 734
914 944
6 21
510 532
641 660
135 139
727 771
433 447
455 462
654 663
516 530
571 590
158 187
624 661
487 520
589 598
355 381
444 450
694 735
544 567
916 953
78 111
237 263
561 575
409 432
337 375
906 936
657 684
306 317
7 37
184 193
159 174
56 69
693 728
83 105
803 823
580 595
76 107
387 403
276 297
44 68
91 102
84 97
687 695
696 705
909 937
554 577
513 530
514 519
25 59
267 277
763 773
270 280
522 566
104 126
786 794
842 848
83 98
370 410
731 750
423 437
373 397
264 294
544 574
453 472
373 398
235 246
691 722
580 601
458 463
70 96
226 233
397 398
581 595
657 692
671 725
158 176
543 564
215 224
508 520
723 735
402 441
47 50
80 115
789 811
409 438
335 347
266 279
703 736
58 61
109 122
150 165
110 126
205 220
748 784
460 485
443 448
571 604
123 141
783 792
949 955
702 736
206 220
183 193
237 268
605 626
914 937
821 857
743 787
350 389
81 101
581 601
486 511
267 296
839 860
719 766
6 15
850 853
337 380
359 395
830 856
85 90
384 394
724 737
366 399
657 680
554 591
605 635
665 679
484 511
78 114
941 959
273 285
808 836
7 24
748 785
480 515
711 733
43 72
580 600
924 933
624 646
277 296
341 372
778 798
826 847
419 448
150 172
3 42
576 582
356 374
740 754
243 261
761 772
273 291
879 895
726 781
402 434
163 175
7 30
688 730
166 210
886 904
91 117
923 966
40 72
704 720
419 443
79 97
202 224
356 388
802 823
487 497
964 976
65 95
884 887
686 714
613 649
923 967
943 961
709 757
66 97
208 221
64 95
82 125
619 662
786 812
581 600
173 212
364 386
804 814
63 95
495 524
934 962
285 291
902 910
481 492
266 288
567 574
685 730
78 118
886 908
626 635
45 62
24 30
796 819
80 92
577 591
797 836
66 79
342 389
274 280
523 536
788 817
374 388
590 604
198 221
248 272
298 316
171 188
43 67
949 972
242 263
624 667
262 291
194 225
83 121
778 832
262 285
479 505
873 888
794 812
85 103
678 698
40 67
779 810
880 889
491 501
796 831
179 203
616 648
86 90
775 791
177 204
93 134
866 893
664 676
102 117
552 559
854 895
782 805
202 215
350 381
899 928
644 661
348 391
711 735
740 762
599 620
595 601
154 167
603 625
588 618
232 258
623 639
689 730
217 241
621 662
798 832
459 485
178 201
63 64
721 739
242 268
580 594
86 103
94 122
357 372
514 521
821 847
286 314
851 885
769 770
839 878
151 153
384 411
198 208
158 169
684 692
955 972
646 667
348 392
970 997
952 982
977 981
813 849
262 273
90 103
819 831
177 211
651 692
40 43
825 848
651 684
742 780
940 987
522 550
713 739
345 365
145 146
364 395
63 65
133 136
324 365
326 330
482 512
308 316
230 239
694 722
324 345
765 768
506 546
70 106
66 84
342 381
337 362
394 411
150 174
71 96
904 908
313 327
854 879
230 257
581 594
356 385
734 737
522 551
809 848
467 477
239 257
262 296
975 986
929 936
826 867
691 749
790 836
265 283
619 660
358 383
801 806
971 997
708 738
98 121
921 935
367 398
742 791
617 627
922 944
352 389
216 247
901 920
822 834
191 221
719 746
238 272
144 146
754 762
409 441
583 596
973 994
229 246
165 172
273 296
925 959
858 889
396 401
279 288
91 127
513 516
326 332
713 721
916 926
412 422
809 825
64 65
799 848
686 718
854 890
822 856
717 751
368 413
367 397
804 831
919 953
192 220
336 372
548 582
329 375
854 896
782 832
960 968
659 692
631 649
419 430
693 730
351 383
834 856
786 837
453 492
244 245
711 723
809 842
70 119
977 995
310 321
419 449
651 680
742 775
821 867
271 284
668 682
542 582
873 887
839 869
583 606
571 608
430 449
763 781
634 650
824 856
442 462
643 670
455 475
99 129
500 524
400 432
713 745
138 161
400 438
659 684
880 900
151 164
825 842
149 175
860 878
597 633
476 483
186 193
621 660
214 225
616 649
981 995
329 380
943 969
843 864
513 517
890 896
721 745
634 652
198 219
548 576
549 591
858 900
691 750
855 885
688 706
629 670
287 314
153 164
74 115
218 231
432 438
712 732
478 490
542 576
794 837
879 896
727 756
761 770
45 72
799 842
804 819
105 121
879 890
82 121
379 401
82 105
353 389
427 457
307 325
402 426
830 859
858 880
797 808
453 481
875 895
502 520
943 986
349 389
824 834
197 220
494 499
263 268
393 428
542 548
758 767
424 445
14 27
616 631
528 539
259 294
799 825
94 109
112 132
724 736
442 475
150 159
89 122
807 838
160 199
629 643
924 966
703 707
909 915
407 439
685 706
797 823
71 106
694 749
881 893
523 566
358 382
527 539
924 967
897 928
622 650
166 209
969 986
379 396
687 732
740 767
808 823
644 667
603 648
204 211
491 515
845 870
624 642
622 652
440 464
341 389
23 37
805 832
336 357
795 836
409 434
943 975
102 127
923 962
484 486
208 219
740 758
85 125
956 982
761 769
841 868
352 381
149 163
386 395
71 119
230 251
687 712
104 129
489 520
780 791
148 164
839 882
366 410
155 199
700 705
170 211
306 312
516 517
351 382
369 395
843 863
902 917
519 521
425 464
53 75
170 204
765 811
57 87
814 831
86 125
726 744
369 386
669 705
285 296
873 884
46 87
596 606
669 700
189 220
442 455
91 120
699 737
431 457
709 747
235 258
63 77
702 707
619 641
46 57
509 526
452 461
768 811
688 733
179 225
657 676
79 84
150 187
191 219
583 618
149 172
81 107
429 448
688 735
82 98
783 806
45 67
315 347
223 246
349 353
699 734
850 888
416 422
19 41
536 566
289 303
140 161
400 441
659 680
925 941
462 475
685 733
106 119
871 907
460 468
632 661
685 735
262 277
425 440
90 125
812 837
719 773
527 528
244 252
933 966
694 750
853 888
173 190
691 731
496 512
93 113
64 77
790 823
779 817
484 520
149 165
933 967
665 675
963 980
486 520
979 990
452 485
222 227
552 562
622 634
949 976
713 771
154 185
473 505
650 652
371 401
960 991
73 115
489 502
472 492
31 60
689 706
909 939
336 389
945 954
847 867
793 816
782 798
701 725
229 258
100 126
603 649
65 77
755 810
883 908
179 214
783 801
135 164
461 485
155 160
541 574
349 381
921 936
839 876
580 587
719 781
379 403
191 208
845 885
353 381
753 760
658 692
341 381
453 488
110 129
342 350
549 577
922 937
822 859
501 515
341 353
695 732
595 600
585 607
889 900
721 771
159 187
800 838
585 612
844 872
245 252
841 874
52 62
178 203
356 401
613 638
420 445
689 733
958 972
689 735
510 530
632 667
114 118
697 737
968 991
607 612
111 118
238 248
139 164
513 534
699 736
111 114
850 887
25 60
733 735
961 986
710 720
877 895
585 627
237 272
40 68
207 221
292 303
915 939
973 995
628 670
341 349
774 829
270 278
384 415
916 959
969 975
331 343
824 859
743 791
335 354
706 735
875 896
373 405
516 534
180 213
607 627
374 385
853 887
706 733
148 153
722 749
561 591
311 347
150 176
205 224
149 174
357 389
925 954
7 22
612 627
406 408
517 534
579 606
271 295
759 810
902 918
54 95
697 734
144 145
669 696
14 29
400 434
883 904
323 344
688 723
329 362
70 122
371 396
568 604
76 115
356 396
621 641
356 371
58 97
666 677
715 760
914 939
313 330
815 827
163 172
206 224
313 332
932 951
250 282
869 882
703 728
786 831
846 895
44 69
983 988
622 647
178 225
925 945
99 134
685 723
658 684
96 119
158 188
80 118
715 753
743 780
173 210
613 653
906 931
223 258
324 340
910 917
570 575
866 905
103 125
702 728
9 27
356 403
253 269
94 108
622 656
80 114
790 808
655 681
796 848
336 381
378 413
43 68
480 512
387 398
585 617
444 451
412 439
850 884
291 296
596 618
906 944
834 859
579 618
603 631
371 403
579 596
783 836
80 111
189 197
719 763
359 391
799 809
625 648
699 724
471 483
754 767
746 773
943 987
433 450
541 567
89 109
315 354
846 877
697 736
807 835
489 508
514 532
484 502
584 598
875 890
755 817
112 141
619 661
921 929
495 535
310 328
203 225
911 935
351 358
704 738
605 648
765 789
651 676
83 117
192 224
443 449
708 739
948 965
540 545
619 667
590 608
695 712
861 878
853 884
351 376
926 959
52 72
270 290
358 376
359 392
955 976
61 97
550 551
647 656
746 781
486 502
11 33
931 944
899 927
654 692
801 836
3 27
934 985
634 656
614 633
605 625
135 153
634 647
367 405
143 164
870 885
745 771
394 415
581 587
168 212
707 728
71 122
708 771
860 882
150 169
941 954
416 439
313 326
708 745
531 556
239 251
552 578
85 121
846 896
689 723
924 962
404 438
843 865
711 749
406 437
597 635
104 134
776 787
786 814
66 88
102 120
688 749
265 296
858 907
688 711
693 735
83 127
315 335
408 437
661 667
792 806
683 732
523 551
293 303
25 31
957 991
540 557
375 380
523 550
739 771
337 372
148 151
685 749
794 831
909 942
396 403
338 365
311 354
267 305
854 900
144 161
487 499
149 187
726 762
479 498
145 161
484 508
792 836
356 379
693 733
778 806
265 291
841 888
759 817
914 915
86 121
778 836
850 873
806 836
74 92
189 224
242 272
804 848
727 764
979 997
685 711
795 823
694 731
638 653
740 787
93 136
691 757
621 667
778 792
571 601
404 432
91 128
486 508
289 297
278 290
877 896
740 776
852 895
545 557
240 257
178 214
768 789
621 661
230 255
930 951
599 610
606 618
135 151
786 819
846 890
503 511
131 142
198 234
190 210
363 395
543 565
7 38
139 153
513 538
686 716
429 449
360 383
923 985
796 842
197 224
336 353
281 316
330 332
446 447
9 29
229 235
480 496
133 137
78 119
602 611
482 507
422 439
494 524
658 680
55 87
722 750
135 148
689 749
605 649
472 481
217 247
799 820
854 889
264 275
688 750
894 928
249 256
688 722
35 75
773 781
3 29
916 954
146 161
568 608
654 684
800 835
970 984
516 538
743 775
357 381
672 698
697 724
685 750
93 137
348 388
218 233
138 175
911 936
826 864
93 133
62 72
116 152
841 887
191 234
249 282
685 722
276 284
853 873
632 644
571 600
150 188
262 305
311 335
961 975
517 538
256 282
562 578
726 767
427 464
761 810
177 196
89 108
166 213
914 942
671 732
336 349
387 397
777 829
70 109
778 801
487 524
813 856
479 515
729 760
100 129
267 299
833 849
531 555
774 832
331 380
821 864
809 820
963 993
476 493
915 942
404 441
786 848
425 454
588 611
916 941
846 875
711 750
687 737
607 617
460 477
110 134
337 389
755 779
192 206
331 375
274 290
527 546
906 937
559 578
571 595
852 896
155 200
266 294
74 118
860 869
597 626
139 151
542 564
374 401
742 784
334 343
892 935
276 295
300 317
689 750
90 121
570 591
499 524
309 322
803 838
3 9
916 945
341 352
232 257
964 990
588 602
949 990
324 339
456 475
949 964
910 918
683 712
641 667
82 117
826 863
616 653
580 618
663 692
500 535
370 390
689 711
742 785
678 705
32 75
502 508
913 917
790 797
704 771
82 127
625 649
368 411
482 504
919 959
74 114
207 219
265 285
669 714
149 159
782 836
471 493
528 546
568 590
603 653
897 927
96 106
758 787
949 997
208 234
674 690
958 976
769 810
726 754
329 372
284 295
165 174
665 690
323 346
149 176
429 443
841 884
710 738
964 997
709 741
262 299
665 674
83 120
687 734
351 377
22 38
726 787
525 537
739 745
819 848
575 591
821 863
877 890
689 722
138 172
754 787
70 108
593 615
723 749
192 205
624 670
320 347
159 176
113 136
933 962
948 991
466 469
727 766
140 175
726 758
619 644
581 618
802 838
804 842
655 673
629 682
472 488
807 828
694 757
814 848
56 87
580 606
510 534
498 515
687 736
384 414
868 874
603 616
201 225
7 48
880 907
911 929
525 556
636 652
839 885
181 193
628 643
794 848
363 386
729 753
356 398
761 817
547 578
431 464
158 171
544 569
78 106
19 39
348 385
358 377
292 297
243 282
726 776
519 532
360 382
852 890
74 111
537 556
334 380
92 118
189 206
23 30
117 127
336 352
58 84
693 706
892 936
139 148
52 67
891 917
45 68
770 810
973 981
783 823
693 749
603 638
706 749
424 447
223 235
794 814
886 917
374 403
459 468
765 829
671 712
792 801
348 401
78 96
583 611
400 409
536 551
424 446
641 661
482 511
94 125
969 987
433 451
654 680
419 457
669 718
329 389
230 268
861 882
616 638
71 109
924 985
815 837
160 200
10 41
941 945
886 891
81 115
135 157
334 375
540 574
758 776
866 908
711 722
138 163
852 877
686 725
232 240
593 633
306 321
794 819
862 895
636 650
85 105
886 913
343 380
587 618
754 776
384 417
385 401
693 723
370 413
891 913
189 205
536 550
202 221
990 997
467 492
173 209
788 816
138 174
342 355
659 676
971 984
926 954
581 606
254 269
337 381
786 842
533 557
813 859
473 515
572 591
717 760
73 118
342 383
471 476
949 979
89 125
113 137
755 816
355 383
510 538
246 258
583 602
826 865
277 305
435 475
710 771
138 165
400 426
70 125
150 171
348 403
846 879
755 788
703 730
934 986
155 211
768 829
571 594
356 397
790 838
657 664
100 134
198 236
559 562
70 89
271 316
40 69
706 723
14 37
531 560
323 361
691 747
420 447
404 434
459 477
955 997
657 677
860 876
343 375
886 918
754 758
664 677
319 347
769 817
977 989
702 730
704 745
573 604
36 75
821 865
149 169
390 413
619 632
778 823
767 787
140 172
923 986
420 446
955 990
961 987
139 157
585 620
854 907
497 524
693 750
965 991
744 762
797 838
482 503
336 341
92 114
479 501
306 328
304 325
286 325
409 426
891 918
191 236
286 304
704 739
364 391
800 828
163 174
162 193
713 756
138 187
58 79
44 87
170 196
615 633
605 631
881 905
798 836
78 122
230 263
868 888
525 555
841 873
892 929
73 114
974 988
473 498
113 133
311 315
458 483
86 105
149 188
301 317
71 108
167 185
796 825
709 751
373 399
612 617
846 900
154 193
73 92
70 94
150 158
83 102
281 308
839 870
552 591
545 574
547 562
264 283
3 37
83 128
468 477
192 215
759 779
102 128
320 354
628 682
484 489
189 215
148 157
706 750
613 652
866 904
862 896
744 787
695 737
547 559
374 396
597 648
348 396
116 147
770 817
621 644
373 410
22 48
348 374
154 162
663 684
274 278
273 305
250 288
189 192
619 646
364 392
356 387
886 910
678 700
155 204
179 194
580 596
440 454
143 153
683 737
82 120
688 731
909 953
350 383
762 787
613 650
298 314
964 979
738 771
814 819
533 574
76 118
329 381
723 750
342 382
71 125
385 403
782 806
687 724
685 731
671 737
140 174
874 888
9 37
879 900
840 857
727 781
759 816
777 832
772 810
720 771
54 77
207 234
154 181
717 753
958 997
435 456
58 88
923 934
746 763
356 405
96 122
587 606
399 410
140 163
655 679
34 59
487 494
720 738
688 757
794 842
324 380
367 410
537 555
643 682
605 653
919 954
913 918
7 51
458 493
906 922
367 399
871 893
480 507
73 111
685 757
579 611
368 415
744 767
779 816
46 95
169 188
355 382
632 646
792 823
683 695
424 450
35 53
394 414
66 101
518 539
495 521
752 810
651 677
168 210
144 175
487 535
140 165
933 985
310 333
140 187
494 535
843 872
552 572
162 181
547 591
671 695
116 156
553 582
629 668
145 175
165 187
958 990
387 405
495 532
160 211
393 438
481 488
891 910
229 257
911 921
533 545
671 683
973 989
482 520
765 832
460 492
223 257
264 296
402 437
277 299
324 375
222 258
883 917
727 773
319 354
61 84
318 327
25 49
89 94
559 591
76 114
420 450
671 734
613 636
671 736
379 398
43 69
613 656
683 734
683 736
276 316
854 880
808 838
223 229
636 656
734 736
740 791
803 835
287 325
203 214
597 649
926 945
35 72
744 776
205 215
562 591
980 993
321 328
713 764
525 560
98 127
243 256
695 736
840 867
695 734
672 705
914 953
789 829
394 417
699 728
752 772
208 236
423 439
583 588
351 395
371 398
581 596
801 823
3 14
923 975
731 757
940 991
504 511
280 290
868 887
846 889
540 567
689 757
132 141
938 966
869 876
548 564
689 731
163 187
108 125
950 972
759 788
336 383
743 784
106 122
592 627
786 804
85 127
521 532
579 602
923 987
892 921
313 347
752 817
938 967
393 432
774 805
852 875
573 608
858 893
99 136
138 176
452 477
534 538
384 418
934 975
393 441
831 848
82 128
719 787
350 382
772 817
755 793
230 272
568 601
883 918
222 246
281 314
906 939
795 838
924 986
53 72
862 890
852 900
273 299
463 483
563 598
388 401
665 698
721 756
782 823
743 785
934 987
768 832
151 157
767 776
726 791
430 457
232 251
830 857
146 175
518 546
875 900
32 72
92 111
358 395
495 519
802 835
708 756
814 842
480 511
143 157
7 50
159 188
826 872
642 670
341 383
484 524
206 215
748 810
32 53
693 722
143 151
86 127
707 730
473 501
293 297
552 575
561 577
103 121
85 98
249 288
239 255
631 653
480 504
509 556
603 652
821 872
79 88
435 462
184 199
459 492
621 646
710 745
80 119
694 747
265 305
883 913
571 618
950 976
926 941
950 997
892 911
976 997
708 721
819 842
812 848
543 578
419 464
830 867
337 357
19 42
675 690
894 927
85 117
284 316
372 389
915 953
489 524
432 441
658 676
790 835
235 257
44 56
613 647
339 380
499 535
491 512
227 258
486 524
99 137
463 493
144 172
98 117
470 505
154 186
421 445
66 107
955 979
259 275
76 111
603 650
822 857
160 204
70 121
975 987
774 836
145 172
782 801
433 444
593 614
71 94
827 837
783 838
972 997
568 600
336 382
183 199
593 635
250 279
371 379
182 220
605 638
283 296
844 878
614 635
366 413
822 867
138 188
765 777
669 716
197 215
202 219
243 288
533 567
147 156
70 103
919 945
748 817
762 776
149 171
547 572
313 354
651 664
40 87
713 766
91 126
846 907
691 741
710 739
537 560
624 682
916 925
76 92
778 838
697 728
86 117
35 62
922 939
719 776
324 343
786 825
61 88
761 816
58 101
557 574
202 234
264 291
812 831
543 591
719 762
259 296
503 520
866 917
923 961
603 656
388 403
850 895
506 526
619 670
708 764
38 48
238 252
892 944
541 569
406 439
138 159
10 39
923 969
71 89
331 362
950 990
342 360
138 169
346 361
189 221
824 857
378 411
237 248
452 468
874 887
259 283
898 920
140 176
281 298
696 714
824 867
486 489
509 555
219 234
104 136
11 28
452 492
851 888
271 308
805 836
797 835
99 133
359 401
628 668
554 558
424 451
721 764
468 492
719 767
339 375
341 382
420 451
24 48
256 288
911 944
713 781
159 169
703 735
144 174
22 51
348 398
275 296
262 267
180 225
31 49
61 79
818 849
857 867
671 724
144 187
691 751
974 983
480 520
442 469
790 802
86 98
145 174
702 735
883 910
678 714
866 918
35 67
154 199
145 187
393 434
806 823
906 942
166 225
312 328
529 574
24 38
940 965
239 268
663 680
32 62
408 439
265 299
427 454
420 424
852 879
547 575
352 383
467 488
853 895
359 403
384 428
919 941
972 976
669 725
804 825
841 895
740 780
480 503
109 125
146 172
207 236
436 475
218 226
845 855
616 652
912 935
841 853
356 410
678 696
192 221
497 535
850 896
371 397
3 30
568 595
197 206
630 662
306 333
71 121
623 662
807 837
329 357
621 632
529 557
844 882
932 947
471 490
623 630
726 780
858 871
168 190
981 989
271 314
104 137
63 97
483 493
442 466
191 198
7 47
174 187
140 188
479 512
82 102
227 246
154 183
336 350
368 414
58 107
458 476
597 625
331 389
626 648
371 405
795 808
340 380
603 636
924 987
32 67
509 560
349 383
877 900
287 304
861 876
379 397
621 670
934 961
934 969
961 969
711 757
250 294
866 913
800 837
693 757
89 121
578 591
748 772
619 642
632 670
105 127
712 737
154 184
368 417
858 905
799 849
342 376
886 902
603 647
693 711
553 576
173 213
683 724
972 990
232 255
970 993
359 388
654 676
688 747
759 793
674 698
93 141
826 843
379 405
580 611
36 72
687 728
821 843
685 747
616 650
754 791
871 905
295 316
841 896
116 164
708 766
665 705
465 493
678 718
713 773
672 700
57 95
223 240
545 567
552 570
74 119
708 781
166 180
522 574
191 231
924 975
571 606
144 163
500 532
852 889
323 365
726 740
331 372
198 231
465 483
853 896
90 127
397 405
976 990
155 196
539 546
144 165
351 386
851 887
921 944
957 968
821 826
270 303
933 986
145 163
275 283
766 781
146 187
973 977
232 268
348 405
178 194
807 827
830 840
153 157
442 485
514 530
916 951
636 647
348 397
91 129
145 165
43 87
140 169
792 838
146 174
733 749
168 209
385 396
45 69
696 718
81 118
958 979
960 982
363 369
616 656
597 653
769 816
782 838
559 572
356 399
460 488
703 749
407 445
721 781
655 690
1 16
14 30
71 103
394 418
703 733
78 125
64 97
704 756
709 760
702 749
813 834
783 808
61 101
90 105
822 840
94 121
866 910
862 900
609 633
484 535
800 827
522 557
796 820
318 332
495 530
244 269
758 791
