68 72
20 29
64 72
37 89
37 80
89 80
13 32
65 21
95 21
95 65
1 73
35 73
33 99
13 97
2 92
64 68
57 23
35 1
37 71
13 56
35 15
1 15
32 97
59 21
13 85
59 65
32 56
55 51
97 56
20 86
32 85
97 85
96 61
56 85
2 79
34 75
37 3
44 42
96 12
11 67
29 86
44 21
46 41
44 65
42 21
42 65
76 25
20 78
61 12
34 48
19 63
2 75
2 48
2 34
5 25
31 72
57 21
57 65
29 78
5 76
75 48
96 25
96 76
2 94
77 8
23 21
28 7
23 65
89 71
96 5
45 74
54 41
89 3
57 42
61 25
44 59
45 22
71 3
12 25
50 100
61 76
57 59
96 70
57 44
12 76
96 43
92 79
23 42
57 95
5 70
98 74
5 43
2 16
98 22
34 94
64 25
17 27
20 80
2 67
36 52
9 85
23 59
20 3
68 25
90 74
64 76
61 70
92 48
10 41
61 43
80 3
20 71
90 22
91 85
39 18
19 27
62 86
17 21
19 21
27 21
68 76
17 65
19 65
19 17
12 70
27 65
12 43
44 95
16 67
23 95
2 11
23 44
38 72
20 89
29 3
50 8
31 25
79 48
64 70
45 41
36 84
29 80
64 43
98 41
63 21
36 83
63 65
37 48
92 75
31 76
29 71
2 49
37 79
68 70
68 43
40 21
90 41
64 12
40 65
37 75
92 94
98 45
37 94
37 92
62 78
84 83
35 72
98 10
37 34
38 25
2 51
93 85
88 21
57 26
45 10
35 25
31 70
31 43
88 65
64 61
19 42
37 67
29 89
75 94
90 10
68 12
62 3
72 25
87 85
38 76
35 76
35 38
52 83
90 45
19 59
37 16
78 3
91 9
64 5
62 80
34 67
19 95
96 81
35 70
50 77
35 43
62 71
92 67
17 42
37 11
79 94
1 25
40 63
38 70
58 21
38 43
37 49
72 76
20 48
19 44
68 61
58 65
22 41
91 56
37 51
74 41
20 94
9 56
92 34
20 79
17 59
23 26
20 75
40 27
20 67
40 42
1 76
27 42
75 67
98 54
2 55
79 67
86 3
50 41
63 42
31 12
69 85
79 75
50 74
50 22
20 34
68 5
63 27
20 92
90 54
77 41
40 59
19 26
17 95
64 81
96 18
96 39
29 48
94 67
100 8
72 70
72 43
1 70
1 43
1 72
78 80
2 7
63 59
62 89
77 74
29 67
77 22
60 8
40 95
78 71
27 59
29 94
33 21
20 16
20 11
68 81
20 49
35 12
88 42
60 100
20 51
33 65
29 75
19 23
29 79
63 95
16 11
57 82
5 81
16 49
16 51
11 49
11 51
74 22
87 93
49 51
88 59
70 43
96 83
2 28
17 44
27 95
61 81
37 55
31 81
31 61
40 44
62 48
62 67
29 34
48 67
47 85
40 17
14 85
35 81
64 18
37 7
64 39
60 41
96 52
35 61
96 84
98 46
88 95
29 92
50 10
40 26
29 51
62 94
92 51
100 41
29 49
90 46
17 26
36 99
35 31
29 11
80 71
35 5
31 5
15 25
89 67
92 49
29 16
73 25
62 75
45 54
68 18
88 27
68 39
96 99
8 41
63 44
36 21
62 79
12 81
14 47
55 7
92 11
34 51
96 21
89 48
64 83
63 26
99 21
37 28
96 36
96 65
86 71
36 65
60 22
60 74
44 26
86 80
87 56
53 85
35 18
62 51
35 39
52 84
99 65
38 81
64 84
64 52
88 26
64 21
52 21
84 21
19 82
62 34
62 49
31 18
34 49
6 85
20 7
31 39
88 44
78 67
64 65
68 83
20 55
62 11
52 65
84 65
68 21
93 56
89 94
27 26
90 98
58 42
64 99
83 21
35 21
79 51
35 83
68 65
100 22
50 54
100 74
31 21
5 18
35 65
62 92
62 16
77 10
92 16
5 39
83 65
1 81
68 84
31 65
68 52
15 76
61 18
31 83
5 21
78 48
61 39
61 21
39 21
86 67
73 76
38 12
18 21
35 84
35 52
34 11
57 41
50 45
27 44
64 36
5 65
68 99
75 51
61 65
58 59
35 99
39 65
20 28
18 65
38 21
89 51
12 21
80 67
38 65
71 67
89 75
31 84
1 21
12 65
79 49
31 52
78 94
5 83
29 7
31 99
35 68
61 83
1 65
19 41
58 95
38 18
15 43
38 39
50 46
78 51
15 70
35 36
81 21
73 43
89 49
52 99
73 70
68 36
86 48
57 8
29 55
57 22
84 99
57 74
12 18
72 21
81 65
8 22
38 83
12 39
1 18
96 33
23 82
1 39
8 74
72 65
5 99
89 79
94 51
88 63
58 26
78 75
61 99
60 10
96 42
5 84
78 49
1 12
62 7
24 85
5 52
86 51
61 84
19 22
40 82
89 11
75 49
19 74
1 83
33 42
61 52
86 94
19 8
12 83
31 36
96 59
38 99
72 81
40 23
29 28
79 11
38 84
57 100
64 42
96 95
38 52
1 99
78 11
15 21
73 21
37 2
40 41
62 55
90 3
78 79
35 42
96 26
33 59
64 59
98 3
80 48
64 33
1 84
12 99
23 41
15 65
86 49
1 52
73 65
80 51
19 100
77 54
68 42
88 17
35 59
48 51
64 95
57 10
70 21
43 21
90 67
71 51
89 34
35 33
98 67
58 44
64 26
50 3
35 95
71 48
19 10
68 59
86 75
33 95
31 42
12 84
96 44
35 26
70 65
50 67
76 21
43 65
12 52
62 28
96 58
39 83
68 95
4 85
88 82
45 46
88 41
61 5
82 41
78 34
33 26
31 59
89 16
86 11
68 26
17 41
69 56
76 65
68 33
38 5
63 41
38 61
17 82
18 83
31 95
3 67
64 44
80 94
78 16
63 82
40 22
31 26
19 57
40 74
35 44
96 27
38 36
90 51
100 10
19 60
19 54
61 36
38 42
60 54
57 54
57 60
98 51
5 36
61 42
5 42
36 42
50 51
1 42
1 36
25 21
64 58
80 49
45 67
86 79
31 33
1 5
30 85
35 58
46 67
90 48
92 7
38 59
68 44
1 61
71 94
96 41
72 83
39 99
1 59
98 48
19 77
61 59
19 67
50 48
77 67
5 59
40 8
45 3
25 65
57 67
64 27
78 89
50 98
71 49
19 46
23 22
35 27
38 95
18 99
72 99
72 18
19 3
37 66
38 26
23 74
1 95
60 67
36 59
90 94
96 82
12 42
57 77
1 26
31 44
90 49
64 41
19 45
61 95
46 3
35 41
72 39
5 95
75 11
50 94
57 3
61 26
50 49
57 46
5 26
98 94
90 71
77 3
98 49
78 7
88 22
89 7
94 49
50 71
54 67
88 74
14 56
19 51
27 41
35 64
77 46
98 71
57 45
12 59
68 58
86 34
35 82
60 3
64 82
47 56
57 51
90 80
68 41
36 95
36 26
95 26
50 80
96 63
96 17
58 41
45 51
63 17
40 10
86 16
96 22
50 90
68 27
96 74
77 51
33 44
63 22
50 11
15 81
17 22
19 48
98 80
90 11
12 26
31 41
46 51
12 95
73 81
63 74
50 75
17 74
60 51
90 75
2 66
100 67
19 49
98 11
35 22
35 74
19 94
40 67
64 22
78 92
88 23
57 48
52 42
1 38
64 74
60 46
83 99
31 58
98 75
96 23
35 17
96 88
1 44
68 82
38 44
35 63
31 27
40 100
86 7
80 11
84 42
96 8
72 42
57 49
64 17
72 84
64 63
20 66
19 71
88 8
34 16
57 94
12 36
58 27
1 33
19 11
38 33
72 52
54 3
23 8
61 44
10 67
19 80
50 79
54 51
31 82
96 67
35 8
96 10
35 23
19 75
1 41
5 44
3 51
38 41
68 22
45 48
77 48
40 51
40 3
68 74
64 8
77 45
33 41
72 59
35 88
90 79
35 67
64 23
88 67
40 54
60 48
77 49
89 92
57 71
64 67
45 49
35 10
57 11
80 75
23 67
52 59
87 9
61 41
50 16
60 49
100 51
71 11
72 26
39 42
31 22
50 34
5 41
37 85
88 10
50 7
64 10
64 88
96 51
98 79
31 74
34 7
20 2
96 100
57 75
18 42
19 79
84 59
96 3
8 67
57 80
72 95
19 98
77 94
100 3
35 51
63 67
15 99
16 7
90 7
90 16
46 48
58 82
45 94
73 99
60 94
17 67
96 54
35 3
90 34
64 51
52 26
68 67
19 7
60 45
19 16
35 100
46 49
68 17
61 33
63 8
19 34
98 7
68 8
15 83
88 51
64 3
19 90
23 10
84 26
40 48
68 63
98 16
73 83
35 54
40 49
12 44
17 8
31 67
64 100
5 33
98 34
96 48
12 41
96 49
1 27
20 85
40 46
52 95
78 55
15 42
1 82
73 42
68 10
57 79
64 54
23 51
88 3
44 41
91 97
35 48
35 49
96 46
68 51
40 94
38 27
2 85
38 82
27 82
96 94
57 7
68 23
39 59
31 8
48 49
96 40
58 22
84 95
10 51
77 11
83 42
64 49
64 48
35 46
63 51
1 22
35 94
60 11
18 59
46 94
63 10
57 16
53 56
58 74
1 74
1 58
17 51
31 51
68 3
31 17
38 22
36 41
57 34
19 50
39 26
6 56
96 45
31 10
96 11
38 74
19 86
45 11
64 94
50 86
35 40
17 10
18 26
31 63
64 46
35 11
15 59
40 11
23 3
38 58
35 45
96 60
1 67
96 77
73 59
79 7
8 51
96 71
60 77
96 75
40 45
36 44
38 67
19 92
78 28
15 26
31 3
58 67
73 26
71 75
88 100
54 49
35 77
35 60
35 75
35 71
64 11
88 49
99 42
61 82
60 75
27 22
100 49
77 75
88 54
60 71
68 49
31 23
68 100
63 3
77 71
88 48
68 54
68 48
96 80
50 92
54 48
68 88
89 55
5 82
100 48
64 45
40 75
35 80
39 95
19 55
61 22
40 71
19 89
15 18
27 74
17 3
64 75
100 54
61 74
15 95
96 7
64 71
72 41
73 18
5 22
61 27
1 51
73 95
18 95
61 67
68 94
40 77
35 7
27 67
31 49
96 79
64 77
5 74
57 98
5 67
64 40
64 60
40 60
35 79
31 48
15 39
38 51
19 28
74 67
88 94
50 55
45 75
64 80
96 16
73 39
5 27
31 54
40 80
35 16
31 100
46 11
96 34
64 7
23 49
22 67
1 8
35 34
68 11
60 80
68 46
31 94
40 7
50 89
82 67
45 71
58 51
63 49
64 79
19 78
83 59
66 85
23 48
77 80
1 10
81 42
50 28
60 7
100 94
86 92
1 3
33 67
38 8
83 26
64 16
72 44
77 7
17 49
63 48
61 51
88 11
82 22
40 79
89 28
68 75
64 34
31 11
90 92
5 51
38 10
38 3
80 7
12 67
33 22
57 92
54 94
35 96
68 71
33 82
10 3
57 90
57 86
31 88
17 48
90 86
40 16
31 46
57 55
1 49
68 45
33 74
88 46
90 55
12 22
68 7
60 79
27 51
86 55
23 94
29 85
1 48
68 80
12 82
40 34
31 75
38 49
12 74
63 94
15 84
45 7
35 98
61 58
57 28
82 74
73 84
35 92
8 3
77 79
96 98
59 26
88 75
35 55
96 92
31 71
38 48
68 79
96 55
35 86
52 41
98 92
68 77
23 54
1 17
90 28
60 16
1 94
96 86
17 94
31 7
35 28
15 41
98 55
63 54
33 51
100 11
68 16
12 51
35 90
73 41
12 33
96 28
68 60
57 89
61 3
99 26
96 90
31 45
84 41
31 80
15 52
88 71
68 34
1 54
99 59
77 16
38 94
35 89
5 58
45 80
92 55
61 8
88 7
5 3
73 52
58 3
23 11
63 11
36 67
35 57
86 28
96 89
64 55
1 11
46 75
64 92
63 23
61 10
1 23
1 63
31 79
60 34
83 95
81 26
29 66
82 51
98 28
61 49
71 7
64 28
72 67
5 8
81 59
31 16
50 78
64 98
1 100
64 86
96 57
38 17
5 10
38 54
5 49
38 11
17 54
17 11
54 11
10 49
98 86
39 41
74 51
31 77
31 34
8 49
77 34
58 49
61 48
58 8
88 80
35 78
18 41
58 10
63 100
35 50
1 75
64 90
64 89
90 89
37 30
12 27
5 48
62 85
31 60
22 51
38 23
96 78
45 79
38 100
88 79
88 45
46 7
1 7
1 46
38 63
81 99
23 100
8 10
6 53
96 50
61 94
58 48
38 75
1 71
88 16
68 40
63 75
72 36
72 51
36 51
5 94
38 7
68 55
12 3
45 16
23 75
40 55
57 78
72 22
68 92
63 7
68 28
38 46
92 28
36 22
100 75
12 49
61 11
64 78
88 34
1 80
38 71
8 48
72 74
40 28
23 7
40 92
1 79
64 57
17 75
5 11
10 48
36 74
27 3
15 44
1 16
100 7
58 94
73 44
17 7
15 67
81 95
31 55
73 67
33 3
44 67
68 86
46 71
27 49
12 48
17 100
1 45
38 80
31 28
64 50
63 71
61 54
33 49
1 34
12 10
63 46
38 79
31 92
72 82
98 89
12 8
38 16
45 34
68 89
68 98
5 54
61 75
99 95
23 71
61 7
33 27
58 11
12 94
38 34
52 67
40 86
75 7
83 41
5 7
5 75
38 45
3 49
23 46
36 82
17 71
31 86
33 48
15 51
84 67
73 51
27 48
68 90
88 77
1 77
63 80
1 88
63 79
12 11
31 40
61 100
8 94
80 79
20 30
54 7
31 89
61 71
17 46
63 16
39 67
40 89
72 49
18 67
72 3
57 50
100 71
68 78
54 75
31 98
5 71
60 55
61 46
1 55
1 60
5 100
23 79
81 41
33 10
35 19
1 28
23 80
33 94
23 16
10 94
17 79
61 79
60 28
61 17
88 55
61 80
58 7
61 16
36 49
17 80
17 16
63 34
38 77
5 46
44 51
88 28
52 51
27 94
1 92
52 44
72 48
61 23
80 16
40 98
12 7
5 79
38 55
62 66
15 22
36 3
58 75
31 90
73 22
5 16
5 80
38 28
33 8
27 10
12 75
84 51
70 42
61 34
33 11
15 74
77 55
88 60
73 74
31 78
8 11
99 41
46 79
77 28
38 60
23 34
39 51
5 17
58 54
12 54
12 58
35 85
43 42
5 34
72 94
88 92
38 92
17 34
38 88
46 16
18 51
5 23
82 49
87 97
27 11
36 48
60 92
37 4
100 79
14 69
84 44
68 50
19 85
72 10
61 63
100 16
1 86
96 85
72 11
83 67
46 80
15 49
73 49
1 89
61 45
10 11
12 71
96 19
90 78
40 78
40 90
27 8
64 85
68 57
33 7
100 80
72 8
72 27
63 45
36 94
76 42
15 82
81 67
70 26
15 3
58 71
82 3
73 3
73 82
39 44
12 79
12 16
5 45
17 23
61 55
38 86
61 28
100 46
72 7
5 63
43 26
12 80
33 75
38 89
15 48
73 48
27 7
77 92
5 55
36 11
18 44
5 28
12 46
58 79
58 16
1 98
12 100
63 55
79 16
12 34
63 28
31 50
100 34
72 75
8 7
99 67
46 34
95 41
83 51
1 78
68 85
70 59
36 10
15 94
61 92
58 80
73 94
82 48
88 86
45 55
45 28
76 26
55 28
1 90
81 51
52 22
43 59
17 28
17 55
61 77
58 34
88 89
27 75
5 92
36 7
15 11
64 19
73 11
23 28
23 55
57 85
31 85
74 49
31 57
52 49
52 74
35 66
20 4
17 45
58 46
72 33
38 98
84 22
38 78
10 7
72 54
5 77
84 49
12 28
23 45
12 55
72 71
33 54
15 7
63 92
50 85
73 7
39 22
36 8
39 49
22 49
70 41
15 10
33 71
72 16
84 74
73 10
58 100
72 79
36 75
99 51
18 49
76 59
1 40
61 60
43 41
18 22
33 16
38 90
98 78
8 75
39 74
33 79
96 66
54 71
12 45
82 94
52 3
1 85
95 67
61 86
72 80
18 74
70 67
72 34
15 75
61 89
40 85
73 75
70 95
12 23
43 67
54 16
76 41
52 48
5 60
15 8
64 66
73 8
17 92
35 62
84 3
58 28
12 92
5 86
43 95
80 34
33 34
33 80
58 55
5 89
39 3
38 85
12 17
44 49
54 79
76 67
84 48
82 11
23 92
18 3
39 48
72 46
71 16
60 86
1 50
18 48
100 28
60 89
2 30
19 66
52 94
70 51
100 55
27 16
72 28
90 85
27 71
72 55
43 51
88 78
36 16
72 100
27 79
47 69
76 95
41 67
59 67
36 71
52 11
59 41
15 16
84 94
73 16
36 79
15 71
39 94
73 71
63 77
86 89
15 79
73 79
76 51
98 85
18 94
82 7
83 49
45 92
84 11
61 78
15 36
88 85
33 46
15 27
96 62
36 27
39 11
33 28
81 49
38 40
24 56
95 51
73 27
10 75
46 28
73 36
15 54
73 54
36 54
68 66
12 77
61 85
52 7
18 11
33 55
27 54
15 34
73 34
88 98
36 34
78 85
71 79
5 85
15 80
73 80
12 63
27 34
5 78
46 55
35 29
58 92
84 7
39 7
61 98
38 50
36 80
12 89
52 82
44 22
12 86
64 62
54 34
18 7
74 3
63 89
81 83
72 92
74 48
61 88
27 80
3 48
31 66
63 86
1 57
58 45
39 84
26 67
15 28
73 28
72 45
44 48
5 98
44 3
15 55
72 58
73 55
36 28
59 51
40 50
61 90
33 100
12 60
42 67
39 82
12 85
60 85
22 48
84 82
15 46
36 55
81 48
73 46
44 74
81 22
83 48
81 3
35 30
99 49
77 89
52 75
25 67
83 22
27 28
63 85
83 3
22 3
18 82
54 80
8 16
88 90
81 74
5 90
5 88
39 75
27 55
17 89
25 42
37 56
84 75
96 29
83 74
33 92
77 86
68 19
81 44
18 75
77 85
86 85
1 66
36 46
17 85
81 94
17 86
35 2
44 94
89 85
83 94
8 79
12 78
25 26
17 77
81 11
15 100
70 49
73 100
41 51
23 85
52 10
83 44
82 75
25 51
15 92
83 11
73 92
43 49
44 11
72 85
64 29
25 41
81 7
26 51
96 30
23 89
54 28
72 89
72 23
38 57
83 7
100 92
74 94
20 56
76 49
63 60
42 51
58 85
72 86
39 10
44 7
35 4
8 71
38 66
64 30
68 62
84 10
23 86
57 66
26 41
18 10
72 77
74 11
52 16
36 92
54 55
33 45
99 48
80 28
15 45
39 16
22 94
73 45
37 24
12 98
15 33
52 79
73 33
42 41
74 7
15 85
73 85
84 16
58 89
33 85
72 17
18 16
8 34
27 46
45 85
96 2
99 3
22 11
63 78
39 79
19 62
36 100
29 30
70 48
31 62
52 71
84 79
58 86
18 79
31 19
43 48
22 7
96 4
52 34
64 2
39 71
25 59
70 3
99 94
36 85
12 90
99 11
40 66
39 34
23 77
35 56
84 71
18 71
18 84
81 75
76 48
64 4
43 3
99 7
100 85
72 60
61 50
72 78
68 30
8 28
52 28
18 34
52 8
10 16
84 34
60 78
70 94
15 89
73 89
70 11
70 7
27 92
39 28
43 94
83 75
20 24
99 22
43 11
76 3
43 7
15 86
18 28
73 86
39 8
68 29
84 28
80 55
52 55
52 80
42 26
76 94
27 85
39 55
70 22
61 66
76 11
76 7
11 7
31 30
39 80
33 89
18 8
5 50
18 55
2 4
99 74
84 8
84 55
8 55
36 45
58 77
43 22
18 80
17 78
94 7
72 63
84 80
35 24
70 74
92 85
82 16
96 56
5 66
95 49
46 85
8 80
19 30
33 86
43 74
25 49
64 56
50 66
10 79
35 20
15 77
73 77
71 34
31 29
1 62
76 22
70 99
81 16
25 95
94 11
68 4
46 92
44 75
52 54
15 58
73 58
76 74
15 23
39 54
35 37
73 23
68 2
72 98
3 7
82 79
81 79
81 82
1 30
36 89
71 28
83 16
15 78
73 78
17 60
18 54
58 23
52 85
31 4
81 10
43 99
39 85
84 54
58 78
18 85
70 75
23 78
34 28
84 85
88 66
59 49
81 28
54 85
81 34
12 66
96 24
36 86
83 79
43 75
68 56
99 75
81 71
31 2
12 88
72 90
61 40
3 11
64 24
10 28
15 60
73 60
38 62
76 75
82 28
38 30
81 55
19 29
83 28
10 34
63 98
82 34
82 10
62 30
31 56
15 17
8 85
83 34
52 92
73 17
25 48
83 10
39 92
1 29
83 82
70 44
3 94
83 71
18 92
19 4
1 4
33 77
1 19
25 7
82 71
83 55
84 92
81 80
43 44
76 99
81 85
96 20
70 16
12 50
25 11
2 56
33 78
80 85
82 55
27 100
52 46
10 71
25 94
29 4
39 46
43 16
25 3
72 66
1 56
64 20
10 55
96 37
44 16
83 85
35 53
18 46
5 40
1 2
15 98
73 98
76 16
19 56
70 79
42 49
76 44
35 6
99 16
71 55
68 24
58 60
61 57
64 37
77 78
70 28
38 4
43 79
82 85
83 80
39 52
84 46
43 28
95 48
10 85
45 89
26 49
38 29
19 2
76 79
70 34
36 78
95 7
76 28
38 56
81 8
71 85
99 44
43 34
35 69
15 63
70 55
73 63
31 24
36 77
29 56
70 85
15 90
73 90
88 50
99 79
55 85
63 90
70 71
44 79
99 28
43 85
27 89
43 55
44 28
76 34
76 85
43 71
61 30
15 66
73 66
74 75
35 47
76 55
34 85
79 28
27 45
70 10
48 7
63 66
38 2
99 85
95 11
5 57
81 54
76 71
35 14
99 34
44 85
5 30
90 66
43 10
81 92
57 30
35 93
99 55
96 53
82 80
95 94
44 34
64 53
96 6
59 7
70 80
17 98
1 24
79 85
100 89
76 10
25 22
25 75
22 75
44 55
64 6
70 82
59 48
54 92
40 30
43 80
99 71
28 85
27 86
83 8
95 3
25 74
43 82
76 80
4 56
96 69
68 20
17 66
61 62
33 23
64 69
72 50
33 60
38 19
23 60
39 89
83 92
68 37
35 9
61 56
58 98
52 89
61 4
58 66
35 97
98 66
59 11
44 71
18 89
76 82
62 56
16 85
83 54
12 30
96 47
73 15
34 55
39 100
5 56
8 92
38 24
64 47
25 85
99 10
5 62
5 4
62 4
19 24
96 14
52 100
96 93
25 16
84 89
59 94
31 20
64 14
64 93
81 46
18 100
99 80
87 91
39 45
68 53
33 66
31 37
39 86
42 7
25 28
57 56
68 6
52 45
23 66
52 86
74 85
70 92
14 93
36 60
18 45
18 86
45 86
40 56
72 88
36 66
43 92
60 66
25 79
22 85
10 80
31 53
68 69
57 4
12 56
70 8
42 48
76 92
41 49
84 100
31 6
26 7
59 3
72 30
25 55
33 98
40 4
84 86
17 90
36 23
96 9
35 91
70 54
35 87
96 97
25 34
64 9
43 8
88 30
61 29
84 45
64 97
100 86
12 4
58 90
31 69
43 54
68 47
18 52
42 11
61 2
76 8
73 50
15 50
44 80
68 93
75 85
1 20
76 54
68 14
1 37
1 53
37 53
36 98
20 53
5 29
83 46
72 56
1 6
25 71
26 48
31 47
99 82
74 16
12 40
57 62
58 17
12 62
73 30
15 30
31 93
42 94
5 2
40 62
12 57
74 28
81 89
35 32
95 85
31 14
44 10
1 69
88 56
99 92
61 24
9 97
37 6
27 78
20 6
39 78
26 11
82 92
39 27
23 98
72 4
68 97
68 9
50 30
33 90
20 37
16 28
73 56
15 56
100 45
18 78
40 57
22 28
22 16
8 54
52 78
70 46
5 24
38 53
1 47
96 91
59 85
64 91
25 80
95 75
1 93
77 66
96 87
64 87
31 97
31 9
38 6
43 46
36 90
20 69
1 14
37 69
18 27
81 86
26 94
38 69
88 4
76 46
38 37
84 78
38 20
50 56
29 2
42 3
25 10
52 27
73 4
15 4
79 55
83 89
1 97
47 93
42 85
1 9
12 2
39 66
12 29
38 93
96 32
64 32
38 47
81 45
72 62
3 85
18 66
73 88
15 88
52 66
70 89
12 24
81 100
25 44
74 55
99 54
38 14
19 53
27 66
25 92
68 91
63 30
64 96
43 89
44 92
74 79
26 85
59 75
68 87
99 8
84 66
29 24
76 89
63 56
19 6
95 28
20 93
38 97
31 91
19 69
22 55
20 47
40 2
37 93
38 9
40 24
31 87
39 77
2 24
83 86
95 16
37 47
57 24
58 30
58 56
70 86
30 56
26 3
40 29
57 2
94 85
72 24
22 79
68 32
81 78
18 77
84 27
73 62
72 2
15 62
35 13
17 56
43 86
33 56
61 53
36 56
50 4
17 30
1 91
33 30
36 30
33 17
20 14
72 57
23 90
19 93
76 86
41 7
36 17
52 77
74 34
61 6
25 82
72 29
1 87
31 32
81 66
61 69
19 47
59 28
36 33
5 53
57 29
37 14
11 85
70 83
5 6
73 24
15 24
95 55
5 69
19 14
48 85
20 97
10 92
72 40
70 45
61 93
25 54
83 45
1 32
6 69
42 75
23 56
19 37
63 4
73 2
15 2
59 16
99 46
19 97
61 47
22 34
84 77
38 91
37 97
88 62
78 66
43 45
20 9
90 56
95 79
5 93
19 9
70 100
76 45
38 87
61 14
25 8
70 66
73 29
19 20
15 29
23 30
5 47
37 9
61 97
100 66
88 24
83 66
83 100
70 78
12 53
43 66
43 100
76 66
58 4
61 9
41 85
5 14
99 89
64 13
12 69
83 78
43 78
36 4
43 83
76 100
96 13
12 6
61 37
42 28
5 97
59 55
98 56
60 56
33 4
95 34
38 32
76 78
90 30
48 11
62 24
60 98
5 9
39 56
45 66
61 20
100 78
17 4
27 77
73 57
15 57
18 56
12 93
25 46
52 56
5 37
14 97
76 83
72 53
88 2
12 47
39 98
36 58
59 79
25 89
72 69
84 56
26 75
39 60
72 6
42 16
39 30
12 97
5 20
12 14
60 30
18 98
18 30
98 30
95 22
82 54
68 13
12 9
7 85
61 19
18 60
72 93
27 56
40 53
73 53
52 30
15 53
26 28
73 40
59 34
73 69
40 69
15 69
81 77
15 40
81 56
99 86
77 56
61 91
31 13
42 55
73 6
52 98
15 6
19 91
72 47
40 6
84 30
72 97
23 4
73 93
15 93
88 29
61 87
52 60
5 91
72 14
46 89
57 53
41 11
63 50
40 93
72 9
57 69
39 90
25 86
19 87
1 13
99 66
70 56
73 47
15 47
73 97
15 97
5 87
41 48
61 32
43 56
95 74
18 90
57 6
76 56
47 97
12 37
81 27
25 66
84 98
73 14
45 78
81 30
15 14
83 56
73 9
15 9
40 97
27 30
39 4
19 32
57 93
40 47
5 32
42 79
36 50
18 4
14 9
44 54
63 24
53 69
26 16
12 20
95 71
5 19
84 60
12 91
36 24
40 9
40 14
52 90
20 91
52 4
50 24
90 4
75 28
88 69
86 66
38 13
57 97
88 53
58 24
33 24
26 55
42 34
12 87
70 77
70 30
57 47
77 30
84 4
74 71
43 30
49 85
76 30
25 99
88 6
58 50
36 63
33 50
12 32
57 9
88 93
43 77
60 4
37 91
72 91
72 37
100 56
33 58
76 77
25 78
57 14
8 89
84 90
99 78
20 87
83 30
17 24
6 93
88 97
81 98
25 45
67 51
81 4
72 87
98 4
73 91
29 69
15 91
72 20
25 56
41 94
99 45
72 32
99 56
45 56
59 22
88 47
20 32
29 53
73 37
15 37
88 9
59 71
82 89
73 87
15 87
27 4
22 71
39 23
78 56
73 32
15 32
37 87
88 14
81 60
44 89
70 4
83 77
29 93
95 80
62 2
26 79
43 4
76 4
46 66
73 20
36 2
15 20
36 62
37 32
40 91
25 100
29 6
47 9
70 27
18 23
81 90
8 66
29 97
39 24
70 98
61 13
63 2
59 74
26 34
36 69
18 24
82 66
44 66
83 4
44 82
33 2
23 24
63 62
43 27
43 98
36 53
27 98
40 87
76 98
76 27
58 2
5 13
95 92
36 93
40 32
16 55
33 62
6 97
63 69
25 30
52 24
33 69
57 91
62 69
36 97
58 69
77 4
99 100
36 6
58 62
63 53
33 53
63 93
33 93
70 60
29 9
84 24
58 53
58 93
99 30
2 69
63 97
44 8
33 97
86 56
59 80
33 63
100 30
62 53
70 90
36 9
58 97
62 93
33 6
87 32
63 6
29 47
43 60
19 13
76 60
89 66
53 93
88 91
44 46
42 71
57 32
36 47
58 6
57 87
12 13
3 28
52 23
36 29
40 37
43 90
81 24
76 90
62 97
50 69
44 56
54 66
17 69
33 9
46 56
8 56
63 9
82 56
36 14
8 46
2 93
12 19
58 9
59 92
17 50
82 46
76 43
2 53
33 47
17 93
88 32
50 93
63 47
25 4
62 6
2 97
29 14
88 87
17 53
72 13
70 24
17 97
82 8
50 53
58 47
50 97
17 2
83 98
53 97
54 89
76 24
43 24
33 14
50 2
74 80
39 69
73 13
15 13
63 14
58 14
18 69
17 6
33 29
62 9
39 93
45 30
39 97
44 86
50 6
18 93
39 53
18 97
17 9
54 56
99 4
40 20
63 29
18 53
90 24
60 24
89 56
52 69
60 90
27 24
50 9
58 29
27 90
84 23
2 6
39 6
52 93
27 60
39 2
52 97
17 62
74 92
42 22
36 91
39 9
17 47
84 69
83 24
18 6
62 47
23 69
18 2
52 53
18 9
2 9
82 86
84 93
84 97
93 97
42 80
25 77
23 97
23 93
58 63
50 47
81 69
17 14
39 47
36 32
84 53
22 80
83 90
42 92
52 6
81 97
52 9
81 93
33 91
18 47
39 50
8 86
23 53
83 60
41 28
100 4
6 9
36 87
39 62
70 69
39 14
62 14
58 91
98 24
52 2
57 37
63 91
84 9
81 53
66 56
70 97
84 6
76 69
50 14
43 69
18 14
70 93
22 92
18 50
76 97
43 97
76 93
33 32
18 62
43 93
52 47
23 9
81 9
23 6
50 62
42 74
72 19
81 6
70 53
58 32
63 32
83 27
76 53
33 87
84 2
40 13
43 53
25 24
52 14
84 47
81 23
78 30
10 56
70 9
2 47
76 9
88 37
70 6
43 9
26 71
29 91
58 87
69 97
76 6
63 87
81 47
43 6
84 14
67 85
23 47
81 2
17 91
25 98
10 66
39 91
52 62
80 92
83 97
83 69
70 47
81 14
23 2
18 91
27 97
83 93
73 19
76 47
27 69
39 17
43 47
44 30
15 19
65 51
23 14
46 86
27 93
95 56
65 85
70 2
29 32
39 32
51 85
39 29
17 32
70 14
52 50
77 24
45 4
76 2
20 13
17 29
18 32
76 14
60 97
43 2
43 14
2 14
52 91
70 23
57 13
18 29
60 69
83 53
50 91
84 62
99 24
83 9
90 97
60 93
39 87
88 13
65 67
82 30
59 56
18 17
25 97
84 91
76 23
18 87
57 20
52 32
17 87
27 53
90 69
27 9
25 69
90 93
43 23
83 6
25 93
62 91
81 91
95 66
44 78
50 32
25 90
81 62
53 9
84 32
29 87
99 77
21 85
8 30
88 20
70 91
81 32
76 91
52 87
84 50
27 6
43 91
98 97
83 47
60 9
70 62
25 9
70 32
23 91
52 29
25 60
62 32
25 53
60 53
42 56
76 32
37 13
76 62
43 32
26 92
84 87
43 62
41 3
83 14
98 69
90 9
50 87
98 93
81 87
23 32
27 47
81 50
59 66
25 6
36 13
46 30
41 75
21 51
90 53
99 97
70 87
26 80
76 87
74 56
43 87
84 29
60 6
25 47
69 93
36 37
27 14
44 4
99 93
99 69
77 97
3 75
41 55
70 50
86 30
22 56
81 29
83 2
88 57
23 62
76 50
25 14
23 87
98 9
62 87
83 91
21 67
33 13
90 6
43 50
70 29
60 47
82 78
77 93
76 29
99 9
83 32
77 69
2 91
3 55
43 29
26 56
98 53
58 13
42 66
99 53
82 4
100 24
27 91
25 91
60 14
63 13
2 32
25 27
90 47
99 98
75 55
78 4
25 32
80 56
27 32
95 10
25 2
54 30
77 9
50 29
83 87
99 6
27 2
39 13
36 20
98 6
18 13
8 4
33 37
90 14
92 56
52 17
99 47
25 87
41 16
77 53
60 91
100 97
52 13
98 47
99 14
17 13
27 87
60 32
83 62
84 13
81 13
70 13
71 56
95 89
76 13
8 78
74 66
43 13
58 37
90 91
77 6
98 14
99 91
23 29
90 32
100 93
46 4
99 32
99 90
81 84
100 69
2 87
22 66
77 47
70 84
25 62
45 24
70 81
26 66
95 30
100 9
63 37
39 37
39 63
33 20
60 87
98 91
70 17
76 84
81 17
98 32
45 97
18 37
76 17
77 14
50 13
84 17
99 87
83 29
44 24
23 13
73 72
76 81
10 89
44 97
59 89
59 10
86 4
43 17
26 22
60 2
59 30
10 30
83 13
18 63
89 30
91 32
90 87
25 29
77 32
77 91
54 4
99 2
25 13
24 97
29 13
43 84
100 53
45 93
99 60
58 20
44 93
49 7
15 72
52 37
82 97
65 7
65 49
45 69
23 50
27 62
44 69
70 37
82 24
76 37
54 86
39 20
42 30
45 9
98 87
44 9
81 37
83 50
100 6
43 37
27 13
18 20
83 23
84 37
95 4
62 13
25 50
44 45
100 47
8 97
3 16
25 23
26 74
36 57
82 93
77 87
63 20
43 81
42 89
100 14
17 37
25 83
94 28
100 32
8 24
59 4
82 69
90 2
82 9
70 52
14 32
100 91
76 52
99 13
34 56
78 97
21 7
39 58
44 53
79 56
70 20
76 20
21 49
8 93
52 20
46 97
41 56
45 53
43 20
69 9
27 29
81 20
60 13
10 4
76 70
8 9
8 69
44 6
95 86
42 4
80 66
41 79
44 47
14 91
84 20
44 32
18 58
42 10
54 97
1 31
26 30
76 63
41 34
43 52
70 63
45 6
99 62
44 91
95 97
44 14
78 24
45 47
90 13
82 53
45 32
46 24
86 97
100 87
78 93
46 93
74 30
47 32
59 97
43 63
95 54
45 91
25 37
89 4
24 93
46 78
45 14
46 9
78 9
3 56
22 30
6 32
82 32
82 6
98 2
52 63
98 13
59 86
46 69
2 13
82 47
78 69
95 93
81 63
42 97
83 37
48 28
99 29
82 91
71 92
17 20
95 24
16 56
54 93
77 13
95 9
8 53
10 97
82 14
44 87
54 24
95 69
54 9
59 93
81 52
8 32
75 56
36 88
59 24
59 9
24 9
54 69
73 12
26 4
86 93
65 11
59 69
77 2
8 6
8 47
8 91
25 20
71 66
86 9
42 93
47 91
45 87
6 91
15 12
42 9
76 58
86 24
95 78
92 66
89 97
70 58
8 14
59 54
42 24
6 47
86 69
82 87
42 69
26 97
23 37
74 4
42 86
53 32
100 13
10 93
84 63
46 32
83 20
10 9
55 56
95 32
46 53
26 89
22 4
95 53
43 58
65 28
24 69
95 46
78 32
25 17
44 13
74 97
59 32
95 91
21 11
10 69
46 91
10 24
78 53
59 53
59 78
95 47
54 32
22 97
95 6
65 48
8 87
46 47
60 62
46 6
59 91
26 93
42 32
78 91
54 53
95 14
26 9
59 47
59 6
54 91
33 57
65 94
46 14
42 53
78 47
21 28
42 91
65 56
89 93
59 14
45 13
86 32
26 69
82 13
78 6
94 56
89 9
54 47
4 97
39 57
27 50
42 47
54 6
1 68
81 58
26 24
42 6
95 87
10 32
27 37
74 93
53 91
82 45
59 46
48 56
78 14
74 9
18 57
50 37
42 54
42 14
54 14
21 56
99 37
22 93
76 57
99 50
42 78
86 91
21 48
59 87
22 9
46 87
39 33
86 53
70 57
89 69
54 78
10 91
8 13
26 32
80 30
65 55
76 18
10 53
74 69
60 29
21 94
43 57
100 2
23 20
42 87
99 27
22 69
86 47
54 87
76 33
28 56
26 91
78 87
41 66
10 47
89 24
95 13
44 2
86 6
74 24
52 58
26 53
70 18
10 6
70 33
74 89
18 33
86 14
59 13
22 24
74 32
11 56
10 14
25 63
89 32
76 39
80 97
26 47
83 17
93 9
21 55
22 32
26 6
46 13
10 86
42 13
26 14
81 57
43 33
79 34
42 46
99 20
71 30
24 32
10 87
74 91
86 87
65 75
22 89
44 100
54 13
70 39
22 91
26 87
71 97
89 91
65 16
27 20
43 18
78 13
72 12
30 97
74 53
26 86
22 53
52 57
92 97
74 47
80 4
77 98
36 40
41 97
10 13
89 53
22 47
26 13
92 30
74 6
74 14
21 75
26 10
76 88
80 9
86 13
41 30
21 16
80 93
22 6
43 39
84 58
89 47
22 14
41 92
74 87
70 88
82 2
22 87
84 57
4 9
11 28
89 6
89 14
43 88
65 3
71 9
58 57
25 57
25 58
71 4
90 62
71 93
99 23
39 88
24 91
4 93
50 20
89 87
65 34
74 13
65 79
80 69
49 56
22 13
6 14
41 9
73 5
80 32
26 78
41 93
18 88
95 8
25 84
41 4
69 32
65 66
92 9
15 5
65 97
89 13
81 33
92 93
66 97
45 2
71 32
21 3
21 34
71 69
41 32
21 79
21 97
75 16
79 97
34 97
3 97
90 29
41 69
80 91
21 66
1 96
76 40
6 87
3 34
92 4
60 37
7 56
95 2
65 30
79 66
3 66
70 40
94 55
92 32
41 71
14 87
3 79
65 9
34 66
10 78
77 62
41 91
65 93
80 24
59 8
71 91
43 40
59 2
4 32
83 63
8 2
25 52
92 69
81 88
21 30
21 9
44 98
65 32
30 9
21 93
65 4
44 62
95 45
77 29
6 13
65 69
42 2
75 97
41 24
21 32
16 97
98 62
67 56
44 29
26 54
80 53
92 91
14 13
3 9
21 4
80 47
65 91
48 55
21 69
71 24
65 92
30 93
79 9
39 40
80 87
44 77
34 9
80 13
3 93
41 53
4 69
41 47
25 33
21 91
80 14
3 30
41 87
41 13
98 29
59 45
79 93
18 40
25 88
34 93
41 14
80 6
3 32
87 13
65 24
79 30
41 6
71 53
71 47
71 13
79 32
53 47
53 13
47 13
33 88
42 8
71 87
76 36
21 92
30 32
34 32
34 30
73 61
66 9
51 56
65 13
53 87
65 47
65 87
65 53
44 90
47 87
26 46
83 57
94 97
71 14
21 24
65 14
41 80
48 97
15 61
21 13
65 71
3 69
65 6
81 40
21 87
21 47
71 6
74 86
21 53
55 97
75 9
4 91
66 93
42 45
21 14
92 24
16 9
92 13
3 91
24 13
79 69
44 37
70 36
52 88
3 4
21 6
100 62
66 32
34 69
92 87
75 93
25 40
79 91
75 32
100 29
60 20
92 47
16 93
34 91
16 32
21 71
22 86
92 53
76 19
65 80
90 37
26 2
43 36
79 4
75 66
93 32
24 87
77 37
92 14
11 97
70 19
34 4
65 41
43 19
52 33
16 66
3 13
84 88
92 6
94 9
21 80
48 9
46 2
36 19
31 68
75 30
75 69
30 69
94 32
75 91
79 13
25 81
30 91
48 32
3 87
28 97
34 13
82 62
94 93
82 29
16 69
16 91
98 37
24 47
48 93
69 91
16 30
55 9
8 45
74 78
54 2
3 47
3 24
62 29
66 91
66 69
55 32
3 53
79 87
100 37
77 90
21 41
3 14
4 13
34 87
95 29
52 40
44 20
95 62
31 96
55 93
25 18
22 78
75 13
49 97
59 29
79 47
59 62
11 9
3 6
68 96
16 13
99 17
67 7
94 91
11 32
34 47
75 4
27 23
48 91
79 24
79 53
82 37
25 39
24 53
94 69
72 5
25 19
79 14
63 57
39 19
42 29
48 69
33 40
34 53
34 24
42 62
34 14
95 37
10 2
84 40
11 93
18 19
65 89
83 58
16 4
24 14
75 87
30 13
66 13
66 30
59 37
81 19
84 33
79 6
94 13
48 13
16 87
55 91
100 98
34 6
42 37
94 30
1 64
28 9
28 32
67 97
21 89
9 32
48 30
94 66
7 97
55 69
75 47
48 66
4 87
11 91
53 14
49 32
75 14
75 53
55 13
95 82
77 20
49 9
16 47
28 93
94 87
11 69
75 24
48 87
95 98
16 14
74 2
11 13
25 36
16 53
90 20
94 4
51 97
82 98
48 4
75 6
22 2
49 93
66 87
59 98
69 13
16 24
95 100
81 18
8 29
59 82
99 57
67 32
95 20
94 47
16 6
48 47
100 20
28 91
65 86
67 9
59 20
82 20
30 87
42 98
8 62
59 100
94 14
8 37
48 14
55 87
7 32
49 91
44 60
41 89
94 53
26 45
42 20
95 90
48 53
28 13
55 30
83 88
62 37
65 78
21 86
52 19
7 9
11 87
26 29
98 20
49 13
67 93
59 90
82 100
26 37
28 69
45 29
94 24
26 62
65 2
48 24
51 32
11 30
94 6
42 100
48 6
49 69
21 78
99 63
45 37
42 82
84 19
81 39
95 77
42 90
51 9
21 2
67 91
82 90
4 47
66 47
7 93
66 4
67 13
45 62
59 77
24 6
55 47
83 40
55 4
11 47
29 37
100 90
78 2
55 66
11 4
55 14
49 28
66 14
51 93
11 14
7 91
67 69
7 13
26 8
42 77
11 66
55 53
49 87
11 53
28 87
91 13
4 14
66 53
65 22
51 13
51 91
72 61
33 19
65 74
11 55
81 36
48 94
86 2
11 6
3 92
55 6
67 87
21 22
26 20
11 24
7 69
30 47
38 96
55 24
82 77
4 53
21 74
51 69
49 47
8 20
44 50
66 6
65 10
49 30
49 14
83 19
39 36
28 47
30 14
93 13
7 87
49 53
65 54
21 10
28 14
65 46
41 2
51 87
67 47
49 4
28 30
66 24
17 57
65 37
67 14
18 36
21 54
28 53
49 6
21 46
21 37
67 30
67 53
65 29
46 37
54 37
45 20
30 53
49 24
21 29
28 4
65 62
51 7
67 4
26 98
67 28
67 6
28 6
10 37
41 86
21 62
49 66
4 6
51 47
7 47
67 24
83 33
51 14
54 46
74 37
7 14
41 78
65 20
54 29
46 29
28 24
22 37
26 90
58 88
21 20
51 53
95 60
59 60
10 29
7 53
67 66
42 60
65 45
58 40
51 30
51 6
30 6
59 95
21 45
74 29
7 6
51 4
54 62
7 30
93 91
46 62
73 96
22 29
38 68
59 50
9 13
95 50
15 96
10 62
51 24
42 50
7 4
88 40
99 40
99 88
28 66
100 77
26 77
26 100
74 62
7 24
89 2
22 62
65 8
99 58
99 19
58 19
54 20
48 16
65 98
42 95
46 20
10 20
21 8
10 46
21 98
74 20
65 90
22 20
21 90
8 98
41 37
51 66
73 68
94 16
42 59
15 68
88 19
74 46
12 5
69 87
65 77
80 2
27 57
65 100
21 77
73 38
10 54
73 31
21 100
73 64
22 46
15 38
25 43
31 64
15 64
15 31
40 19
38 64
74 54
51 28
67 49
7 66
41 29
38 31
8 90
71 2
74 10
4 24
67 55
49 55
62 20
60 50
86 78
30 24
25 70
22 54
41 20
41 62
82 50
65 26
65 50
65 82
65 60
26 50
82 60
21 50
21 26
21 60
21 82
86 37
30 4
22 10
26 60
78 37
3 2
72 96
26 82
