69 60
136 199
2 60
115 148
165 179
61 119
138 79
8 199
185 20
23 179
122 154
177 181
103 14
4 106
189 118
177 53
193 21
157 105
46 65
157 101
107 128
157 71
92 155
4 121
159 126
140 112
75 146
190 60
23 165
61 48
185 166
31 84
159 58
177 13
26 28
99 183
75 118
33 32
173 154
103 110
63 129
122 37
140 175
157 1
76 192
120 28
63 9
77 83
77 186
99 3
150 124
64 68
81 14
189 24
96 90
198 29
83 186
56 132
31 11
56 194
75 24
76 123
33 197
38 43
120 26
75 189
103 87
115 6
185 143
7 155
32 197
139 86
188 111
31 199
2 69
150 36
180 84
192 123
173 37
41 111
169 126
51 85
46 146
136 186
96 95
132 194
140 113
196 197
38 164
4 12
169 58
92 172
185 168
136 83
75 176
46 118
51 123
61 112
23 5
139 106
81 110
64 49
101 71
198 16
184 109
139 121
85 123
86 106
180 11
140 179
75 104
127 68
51 192
165 5
122 162
30 163
50 148
46 24
33 21
138 29
33 193
86 121
61 175
41 188
7 172
157 154
65 146
96 35
63 98
47 156
180 199
189 176
138 16
92 161
32 21
96 66
32 193
8 186
96 142
81 87
65 118
23 60
181 53
46 176
33 25
120 89
198 17
135 183
196 21
61 113
7 161
139 12
173 162
196 193
117 68
165 60
29 16
46 189
46 104
138 17
189 104
177 90
85 192
65 24
138 198
182 123
61 179
127 49
8 83
86 12
137 108
32 25
99 153
31 186
107 126
75 88
48 112
38 174
157 37
196 25
107 58
135 3
149 100
19 44
177 95
150 54
96 39
64 125
31 83
65 176
75 144
7 92
46 88
105 71
19 55
99 79
30 28
185 187
33 178
117 49
64 116
65 104
51 76
29 17
48 175
41 42
26 89
182 192
139 4
50 6
46 144
180 186
2 123
177 35
141 163
75 70
69 123
139 109
139 184
64 20
138 14
177 66
177 142
78 73
122 82
4 109
4 184
140 5
115 97
32 178
46 70
10 102
33 18
196 178
188 42
31 8
61 5
191 102
64 166
127 125
157 162
86 109
180 83
48 113
86 184
182 85
189 88
196 32
150 147
173 82
198 14
127 116
61 140
65 88
63 156
75 129
191 10
185 183
61 60
196 18
138 110
46 129
32 18
77 160
140 60
77 74
48 179
120 27
65 189
75 9
190 123
46 9
185 3
127 20
46 75
65 144
86 4
41 197
160 74
19 158
141 28
94 106
189 144
159 124
77 170
99 16
64 143
115 130
136 74
94 121
136 160
151 131
177 39
7 111
138 87
117 125
127 166
51 15
139 108
96 163
47 119
99 17
65 70
150 155
159 36
117 116
188 197
136 170
2 192
167 59
51 133
169 124
198 110
69 192
23 123
94 12
120 91
189 70
92 111
19 59
122 62
134 34
117 20
103 73
76 15
19 167
33 195
169 36
33 200
64 168
86 108
115 194
185 135
63 119
41 21
99 29
96 28
33 71
65 129
165 123
46 98
33 105
191 114
33 101
41 193
76 133
127 143
31 74
120 67
99 14
117 166
150 172
122 68
30 89
51 40
115 132
185 153
65 9
139 137
33 1
173 62
31 160
198 87
157 82
4 108
75 98
182 15
64 187
196 195
196 200
31 170
150 161
180 8
103 78
26 27
196 71
173 68
29 14
185 79
63 47
122 49
188 21
32 195
32 200
182 133
99 110
135 153
196 105
177 163
196 101
44 55
10 114
107 124
41 25
189 129
188 193
128 126
159 54
180 74
32 71
181 13
38 57
77 34
77 134
46 156
196 1
51 145
50 97
48 5
94 109
8 74
32 105
94 184
32 101
139 131
33 154
128 58
107 36
61 123
76 40
173 49
146 118
99 87
72 148
42 197
180 160
169 54
127 168
189 9
136 34
180 170
136 134
32 1
77 22
64 183
117 143
75 156
8 160
85 15
177 28
8 170
182 40
127 187
64 3
136 22
86 137
135 79
33 37
141 89
51 80
63 112
19 43
122 125
188 25
2 15
48 60
96 89
160 170
196 154
38 45
7 197
41 178
122 116
69 15
56 106
46 119
96 141
19 164
85 133
56 121
86 131
139 151
185 16
76 145
62 68
190 192
72 6
2 133
122 20
7 42
173 125
32 154
99 198
26 91
185 17
30 27
77 53
140 123
63 175
69 133
173 116
31 34
31 134
191 118
182 145
191 146
29 110
122 166
191 24
63 113
196 37
77 13
56 12
2 85
173 20
136 53
107 54
41 18
23 192
77 181
159 147
47 112
50 130
127 183
33 162
65 98
75 119
31 22
63 179
94 108
136 13
169 147
168 187
7 21
146 24
127 3
96 27
137 131
173 166
136 181
191 176
191 104
7 193
152 93
32 37
188 178
105 101
76 80
159 155
64 153
117 187
157 68
51 93
51 152
2 40
26 67
185 14
180 34
169 155
117 168
180 134
182 80
19 174
69 85
69 40
85 40
141 27
46 112
150 111
65 156
64 79
157 62
139 55
148 6
122 143
190 15
196 162
50 194
180 22
23 15
52 6
52 148
139 44
92 197
23 190
31 53
185 110
4 131
30 91
157 49
96 91
96 30
7 25
47 175
46 175
46 47
188 18
23 133
29 87
177 89
31 13
191 88
190 133
77 90
46 113
176 104
173 143
159 172
56 109
169 172
47 113
31 181
56 184
2 145
165 192
46 179
185 87
10 118
32 162
10 24
86 151
136 90
96 67
42 21
191 144
185 29
182 76
69 145
8 34
10 146
118 24
63 5
77 95
8 134
117 183
33 82
169 159
165 15
169 161
159 161
75 112
122 187
51 100
127 153
107 147
139 158
47 179
61 192
7 178
180 53
200 71
30 67
62 49
136 95
195 71
85 145
61 15
141 91
64 135
117 3
171 6
191 70
50 132
10 104
65 119
107 155
177 27
10 176
192 15
180 13
4 137
165 133
8 22
77 35
86 55
23 40
42 193
182 93
122 168
127 79
64 16
182 152
173 187
61 133
63 60
77 66
77 142
76 93
171 148
92 21
64 17
76 152
139 59
180 181
2 80
136 35
190 40
157 125
86 44
75 175
136 66
136 142
75 113
7 18
195 200
157 116
135 16
191 129
92 193
94 131
69 80
61 165
31 90
173 168
122 183
46 5
141 67
96 26
75 179
196 82
135 17
120 126
192 133
41 71
120 58
157 20
92 42
122 3
151 55
41 200
41 195
107 172
177 91
98 156
31 95
191 9
61 40
173 183
46 60
23 145
85 80
149 84
139 167
165 40
64 14
41 101
157 166
72 97
41 105
173 3
56 108
115 106
10 88
115 121
107 161
41 1
86 158
52 97
149 11
31 35
180 90
177 67
175 113
190 145
8 53
31 66
31 142
32 82
115 12
75 47
147 155
151 44
64 110
10 144
171 97
182 100
127 16
189 156
139 43
92 25
38 102
146 104
8 13
127 17
61 145
86 59
180 95
139 164
52 72
117 153
23 80
65 112
64 87
76 100
33 68
48 123
94 137
149 199
2 93
165 145
189 98
122 153
2 152
150 197
75 5
10 70
117 79
180 35
8 181
69 93
180 66
122 79
180 142
69 152
169 111
41 154
171 72
188 71
19 57
190 80
146 176
173 153
61 80
92 178
33 49
61 190
127 135
4 55
122 117
140 15
75 60
127 14
188 200
188 195
159 111
65 113
120 128
77 39
173 79
65 175
10 129
47 5
157 143
139 174
192 40
38 114
77 163
135 14
7 71
65 179
168 183
171 52
115 109
136 39
136 163
165 80
86 167
115 184
94 55
64 29
140 133
42 25
188 101
51 84
188 105
7 200
188 1
7 195
51 11
127 110
4 44
150 21
105 1
33 62
196 68
171 130
39 163
151 158
92 18
177 141
41 37
7 101
85 93
52 130
51 199
86 43
63 123
19 45
7 1
7 105
46 123
85 152
10 9
86 164
189 119
150 193
94 44
171 194
77 28
185 198
127 87
157 187
122 16
23 93
33 125
122 17
46 63
52 194
148 97
23 152
136 28
33 116
196 49
8 90
173 117
118 104
72 130
47 60
2 100
56 131
135 110
168 3
173 16
33 20
61 93
173 17
120 124
38 24
61 152
72 194
107 111
117 16
31 163
69 100
137 55
117 17
84 11
51 149
38 104
140 40
38 118
4 158
96 126
96 58
94 158
31 39
8 95
38 176
151 59
33 166
120 36
23 85
177 30
191 156
32 68
7 188
94 4
7 154
38 146
188 154
122 14
101 1
190 93
42 178
65 5
86 174
115 108
150 25
157 183
190 152
94 59
38 88
173 14
122 110
31 28
4 59
192 145
46 48
196 62
32 49
157 3
135 87
41 162
165 93
8 35
38 144
196 125
126 58
51 186
196 116
167 43
165 152
180 163
8 66
8 142
173 110
150 178
122 87
157 168
61 85
94 151
89 27
65 60
38 70
62 125
122 135
7 37
117 14
196 20
177 26
140 145
23 100
130 194
180 39
182 11
38 129
98 119
171 132
167 164
182 84
173 87
150 42
137 44
61 100
127 29
62 116
191 119
188 37
191 98
196 166
120 54
75 123
85 100
182 199
180 28
173 135
117 110
169 197
150 18
139 57
38 9
33 143
4 151
140 192
63 48
118 176
106 121
52 132
175 179
56 55
32 125
94 43
32 116
117 87
149 186
140 80
94 164
33 187
42 18
76 11
77 27
159 197
177 58
136 27
139 45
177 126
92 71
76 84
32 62
94 167
189 112
157 153
192 80
32 20
77 89
190 100
137 158
16 17
61 23
7 162
62 20
136 89
6 97
76 199
169 21
165 100
4 43
157 79
46 15
4 164
56 44
65 47
128 124
32 166
148 194
24 104
92 200
122 29
96 124
92 195
46 133
115 131
96 128
169 193
72 132
92 1
151 43
77 91
33 183
136 91
151 164
96 36
92 101
56 158
188 162
4 167
92 105
33 3
137 59
196 143
173 29
182 186
26 58
39 28
26 126
159 21
120 155
94 174
148 130
31 27
41 82
191 112
107 197
146 88
77 67
136 67
30 58
56 59
30 126
189 113
196 187
46 40
128 36
141 58
117 135
141 126
63 15
31 89
159 193
10 156
64 198
86 57
56 137
2 11
189 179
62 166
33 168
120 147
63 133
165 190
19 102
38 156
50 121
50 106
50 12
2 84
182 149
120 172
169 25
31 91
157 17
189 175
157 16
140 93
92 154
150 71
151 167
195 1
4 174
2 199
191 113
83 74
106 12
65 123
69 11
169 178
96 54
46 145
38 10
140 152
180 27
81 73
107 21
120 161
141 30
191 179
69 84
196 183
99 138
31 67
8 163
86 45
69 199
76 186
191 175
146 144
33 153
121 12
115 55
48 15
38 119
150 200
51 74
150 1
196 3
150 195
200 1
180 89
33 79
107 193
61 11
7 82
51 83
169 18
63 40
32 143
150 101
46 80
141 26
56 43
56 164
43 164
150 105
157 14
159 25
10 119
19 114
61 84
180 91
48 133
136 77
61 199
32 187
159 178
147 172
51 170
23 11
151 174
92 37
177 124
157 110
47 123
30 26
23 84
23 199
180 67
177 36
115 44
8 28
75 15
38 98
191 189
150 154
115 158
19 104
159 18
157 87
63 145
19 24
6 194
75 133
96 155
137 164
196 168
137 43
192 93
117 29
19 176
33 17
115 59
56 167
139 102
33 16
107 25
107 178
50 109
19 118
32 183
2 186
140 100
38 112
19 88
56 174
188 82
196 153
8 39
191 5
46 93
192 152
177 128
50 184
19 144
83 170
46 152
32 3
196 79
169 42
46 192
25 178
189 5
48 40
96 172
19 146
70 129
19 129
19 70
63 80
69 186
125 116
96 147
150 37
75 40
107 18
146 129
94 57
146 70
33 14
177 54
61 186
120 111
38 113
96 161
139 114
118 88
191 60
85 11
89 91
84 199
41 68
165 11
38 179
167 174
75 48
76 149
33 110
169 71
92 162
19 9
115 164
38 175
139 104
115 43
190 11
122 127
51 160
51 34
165 85
165 199
85 199
165 84
85 84
139 24
10 98
189 60
160 34
33 87
23 186
51 134
139 176
51 22
41 49
94 45
56 151
75 145
143 187
169 1
139 88
61 69
46 100
190 199
139 118
182 74
196 17
139 144
190 84
134 22
196 16
10 112
169 200
122 198
136 58
44 158
141 124
136 126
169 195
168 153
77 58
139 129
48 145
169 101
139 70
77 126
118 144
42 71
128 54
139 146
169 105
127 198
7 68
32 153
137 174
159 71
30 124
141 36
182 170
173 198
32 168
75 80
32 79
38 5
150 162
160 22
159 42
98 112
63 93
139 9
115 174
6 130
148 132
147 161
160 134
173 127
169 154
177 155
196 14
50 108
4 57
168 79
26 124
30 36
63 152
7 49
115 137
51 53
171 12
115 167
159 1
51 13
182 83
38 60
65 15
196 110
10 113
31 58
86 102
31 126
96 111
107 71
137 167
171 121
26 36
159 200
48 80
171 106
65 133
159 195
10 179
159 101
41 116
196 87
41 125
177 172
42 1
159 105
118 129
169 37
165 186
107 1
4 45
192 100
19 156
41 20
8 27
177 161
107 42
177 147
157 135
32 17
86 114
159 154
10 175
56 57
107 200
32 16
107 195
107 101
76 74
86 104
180 58
75 93
44 59
120 197
85 186
180 126
2 149
141 54
42 200
41 166
61 149
65 40
190 186
107 105
19 119
51 181
7 116
75 152
61 2
7 125
86 24
42 195
86 176
63 100
38 189
42 101
157 29
139 156
86 88
92 82
191 123
86 144
107 154
136 124
51 90
86 129
7 20
76 170
188 68
118 70
77 124
8 91
56 45
190 85
86 70
86 118
136 36
46 140
30 54
182 34
89 67
52 12
42 105
32 14
182 22
120 21
159 37
139 119
77 36
195 101
51 95
182 134
7 166
171 109
63 192
32 110
65 145
46 11
69 149
169 162
150 82
98 113
86 146
188 49
86 9
52 121
171 184
61 74
146 9
140 11
120 193
8 67
52 106
97 194
182 160
46 199
33 135
38 123
51 35
42 154
26 54
107 37
8 89
141 128
151 57
32 87
2 74
51 66
31 124
51 142
46 84
33 29
114 104
10 5
75 100
140 199
31 36
48 93
61 170
115 57
19 112
136 54
96 197
65 80
177 111
98 179
77 54
140 84
69 74
2 170
48 152
94 102
136 26
139 112
115 151
76 83
120 178
182 53
23 149
182 13
50 131
19 113
144 129
189 123
96 21
115 45
10 60
77 26
159 162
19 179
23 74
141 155
120 25
180 124
69 170
139 113
120 18
151 45
30 128
19 98
135 29
139 179
31 54
94 104
180 36
96 193
136 128
94 114
139 98
88 129
46 186
149 74
19 175
107 162
188 116
176 129
136 30
24 129
41 62
23 170
41 187
188 125
139 175
94 129
94 24
94 176
94 88
62 187
24 176
77 128
94 144
86 156
24 88
52 109
136 155
176 88
61 83
76 34
72 12
50 55
171 108
30 155
76 22
94 70
188 20
77 155
25 18
65 93
75 192
52 184
42 37
77 30
24 144
96 178
76 134
86 119
169 82
141 172
7 187
94 118
176 144
47 15
65 152
41 143
139 19
139 5
136 172
94 9
19 5
180 54
7 62
96 18
182 181
61 34
96 25
188 166
182 90
61 22
141 161
38 191
31 26
2 83
140 186
77 172
136 161
72 121
47 133
61 134
149 170
200 101
98 175
120 71
31 128
31 155
136 141
128 155
139 60
94 146
72 106
196 29
77 161
114 129
7 143
19 60
137 57
48 100
182 95
181 90
41 183
26 155
30 172
51 163
63 11
136 147
50 158
50 59
196 135
2 34
2 22
26 128
92 68
120 1
105 154
41 3
76 160
168 17
177 197
150 68
141 147
77 147
31 172
69 83
77 141
7 183
63 199
2 134
182 35
30 161
76 53
76 13
88 144
38 15
53 13
86 112
114 144
114 88
165 74
182 66
182 142
31 161
7 3
92 49
4 102
38 133
120 101
159 82
120 200
56 102
61 160
150 49
31 30
69 34
69 22
96 71
51 28
120 195
65 100
63 84
61 13
61 53
120 154
180 155
191 15
120 105
56 4
23 83
118 9
50 44
177 21
50 164
56 104
86 113
69 134
137 45
107 82
4 104
44 164
191 133
75 11
23 34
165 170
23 22
47 40
31 147
158 59
86 179
96 1
180 128
56 129
150 92
160 13
26 172
4 129
168 16
50 43
34 22
160 53
114 176
38 40
56 144
56 88
195 154
23 134
139 10
94 156
33 157
62 143
75 199
4 144
4 88
177 193
136 111
56 176
180 172
52 108
56 114
56 24
38 47
30 147
56 70
4 176
190 74
4 114
120 37
4 24
96 101
83 22
180 26
96 200
4 70
83 34
94 119
2 13
96 154
180 161
86 175
2 53
96 195
77 111
139 123
72 109
26 161
96 105
185 138
2 160
75 84
114 24
6 132
191 40
56 9
38 145
114 70
177 178
56 118
24 70
72 184
86 98
10 123
115 102
4 9
31 141
85 74
190 170
19 123
150 116
115 104
69 13
128 172
61 76
69 53
180 147
115 129
4 118
200 154
86 5
96 37
19 10
150 125
63 186
92 116
31 111
177 18
41 153
61 90
41 79
76 90
171 131
165 149
46 74
38 80
169 68
50 174
44 43
115 144
47 145
115 88
23 13
141 111
92 125
23 53
150 20
69 160
62 183
42 162
7 153
7 79
61 181
177 25
115 176
83 134
115 70
76 181
115 24
56 146
8 58
61 95
86 60
171 55
92 20
115 114
188 187
169 49
191 145
65 48
76 95
85 170
46 170
8 126
23 160
120 162
46 85
150 166
176 70
115 9
94 112
120 42
102 104
101 154
4 146
180 30
26 147
75 186
98 5
128 161
102 129
192 11
61 35
92 166
191 47
115 118
32 29
61 66
62 3
61 142
191 80
51 39
180 111
76 35
96 162
104 129
153 79
2 90
47 80
94 113
76 66
177 71
165 22
76 142
165 34
38 93
94 179
171 59
30 111
182 163
136 197
171 158
51 27
56 156
2 181
41 17
192 199
2 95
96 42
115 146
38 152
165 134
7 17
177 1
181 95
56 119
117 198
169 116
188 143
77 197
69 90
168 14
171 164
41 16
188 183
159 68
7 16
136 21
169 125
23 90
94 175
46 190
131 55
107 68
4 156
33 198
169 20
177 154
165 83
51 91
182 28
2 35
32 135
69 95
188 3
177 101
159 49
171 43
139 189
69 181
4 119
7 41
139 15
177 200
2 66
77 21
189 15
2 142
23 95
149 22
107 49
46 22
177 195
46 149
33 117
31 197
177 105
139 133
136 193
23 181
72 108
46 34
102 144
65 11
86 123
114 9
143 183
151 129
149 34
190 22
169 166
168 110
115 156
94 5
180 141
120 82
189 133
190 34
7 14
51 67
41 14
151 104
46 134
115 119
38 100
191 93
192 84
190 149
77 193
165 13
171 44
7 110
65 199
69 35
177 37
136 178
102 88
165 53
41 110
98 60
31 21
7 168
139 40
96 82
23 35
69 66
188 62
69 142
190 134
151 144
94 60
52 55
41 168
94 98
148 12
23 66
140 74
26 111
23 142
151 88
136 18
191 152
151 102
39 27
149 134
56 112
77 178
52 131
151 70
7 87
157 198
46 83
31 193
41 87
48 11
19 15
171 174
139 145
65 84
85 22
64 138
151 176
77 18
150 187
136 25
19 133
46 13
180 197
46 53
102 70
85 34
50 167
151 24
140 170
56 113
159 116
8 124
107 116
31 178
122 138
50 57
189 40
47 93
151 9
139 80
56 179
48 199
52 59
159 125
77 25
107 125
4 112
173 138
165 160
8 36
31 18
136 71
180 21
85 134
159 20
177 162
107 20
115 112
61 163
167 57
51 89
83 13
19 40
52 158
168 87
190 13
92 187
151 114
141 197
65 192
52 164
190 83
122 64
190 53
136 1
77 71
83 53
47 152
31 25
50 45
158 164
159 166
107 166
180 193
4 113
46 160
107 159
115 113
19 189
191 100
137 129
56 175
4 179
115 179
173 64
115 4
52 43
188 79
165 90
19 145
136 154
77 1
24 9
65 186
188 153
61 28
150 183
151 118
195 105
148 121
139 93
31 71
143 3
180 178
48 84
189 145
136 101
76 163
141 21
137 104
46 90
136 200
23 69
150 3
56 5
63 74
150 143
136 105
136 195
94 123
165 95
139 152
180 18
102 176
77 154
128 147
19 80
137 144
31 1
169 187
149 13
148 106
85 13
46 95
192 186
137 88
136 37
77 101
44 174
85 149
85 53
137 70
8 54
96 120
77 200
115 175
149 53
96 68
120 68
165 181
77 105
77 195
56 60
42 82
31 154
139 47
182 27
75 74
46 181
86 10
4 175
63 170
180 25
96 49
92 183
120 49
86 15
189 80
77 37
165 35
102 9
10 15
46 35
141 193
31 101
86 133
76 28
30 197
115 5
165 66
137 176
46 66
38 11
46 165
46 142
165 142
2 163
52 174
31 200
177 82
180 71
137 9
31 105
92 3
10 133
31 195
190 160
137 102
139 100
131 59
85 83
157 117
52 44
75 170
4 5
137 24
151 146
177 42
92 143
31 37
38 199
72 55
182 39
140 22
167 45
115 60
131 164
182 91
56 98
190 90
180 1
141 178
188 17
86 40
196 198
136 162
19 93
169 183
39 91
140 34
23 163
151 156
151 119
69 163
4 60
148 109
180 154
30 21
47 100
48 186
96 116
176 9
190 95
141 18
169 3
19 152
102 24
2 28
77 162
38 84
188 16
120 116
182 67
59 164
96 125
140 134
86 145
171 57
96 20
180 101
169 143
72 164
72 59
137 114
10 40
149 83
120 125
156 119
180 200
180 105
120 20
180 195
160 90
150 62
115 98
31 162
107 187
180 37
96 166
148 184
51 58
150 79
86 80
122 185
72 131
190 181
23 28
159 187
8 155
150 153
190 35
72 158
51 126
62 79
173 185
137 118
69 28
120 166
190 66
190 142
171 45
72 43
30 193
188 14
85 90
56 123
50 129
131 158
38 186
188 110
19 100
141 25
62 153
85 160
63 22
181 35
189 93
140 13
146 119
141 71
4 98
10 145
136 82
63 34
140 53
85 95
61 27
146 156
30 178
75 22
171 167
26 197
131 43
128 111
8 172
50 104
188 87
115 123
180 162
50 144
75 34
86 93
63 134
94 15
77 82
50 88
92 79
141 1
107 183
50 70
30 18
189 152
8 161
94 133
25 71
177 68
137 119
139 191
10 80
92 153
160 95
150 17
151 112
75 134
159 183
137 156
139 11
86 152
61 91
177 49
191 11
46 163
107 3
31 82
169 79
195 37
85 35
19 47
50 9
72 174
137 146
86 189
169 153
181 66
149 90
158 43
139 199
141 154
85 66
39 67
85 181
159 3
85 142
50 176
136 42
26 21
4 123
94 40
38 48
191 199
150 16
92 62
181 142
182 89
63 13
61 67
107 143
50 24
61 39
96 187
151 113
88 70
46 28
63 53
169 62
75 13
173 122
38 192
105 37
159 143
151 179
141 101
50 102
149 95
139 84
75 53
94 145
165 163
86 100
30 71
52 57
177 116
77 42
76 27
150 14
141 200
120 187
141 37
150 110
180 82
51 124
141 105
30 25
55 164
140 83
104 144
177 125
141 195
94 80
65 74
177 20
140 90
92 17
169 17
171 129
51 36
83 90
191 84
50 114
31 42
169 92
200 37
26 193
136 68
72 44
139 186
96 183
30 1
177 166
189 100
136 49
150 87
6 12
52 45
50 118
149 160
140 95
148 108
188 168
165 28
96 3
65 170
76 91
10 93
8 147
169 16
2 27
26 178
92 16
137 112
50 119
30 154
77 68
149 35
48 192
171 144
77 49
107 79
173 99
171 104
50 156
120 183
19 11
122 99
8 111
149 66
171 70
26 18
31 68
171 88
96 143
140 160
149 142
107 153
56 15
151 175
94 93
23 27
140 35
63 90
31 49
169 14
56 133
120 3
191 186
76 67
75 90
159 79
10 152
169 110
83 95
136 116
140 66
19 199
160 35
140 142
51 54
62 17
171 9
2 91
151 5
92 14
137 113
69 27
159 153
92 110
196 117
136 125
136 20
63 95
94 152
75 95
50 146
149 181
140 181
141 162
115 15
140 149
63 83
131 174
30 101
137 179
75 83
190 163
115 133
169 87
160 66
56 40
171 176
136 166
77 116
30 37
94 10
23 91
125 20
160 142
180 42
173 73
120 143
182 58
122 73
30 200
38 74
2 67
76 39
92 87
61 89
77 20
77 125
30 105
31 116
151 60
171 24
63 35
75 35
98 123
86 47
30 195
182 126
167 129
96 79
115 40
69 91
19 84
26 71
107 17
63 66
180 68
75 66
63 142
75 142
31 20
31 125
56 145
180 49
77 166
25 1
118 119
75 63
96 153
75 160
63 160
148 164
38 170
23 67
94 100
50 112
52 129
8 128
31 166
46 27
177 187
75 181
63 181
159 17
86 11
190 28
56 80
65 22
114 119
107 62
115 145
52 167
171 102
107 16
69 67
10 100
86 199
19 186
26 1
51 155
62 16
50 113
72 57
2 39
65 34
42 68
115 80
4 15
26 25
120 79
148 55
32 198
50 179
171 119
46 91
150 168
4 133
180 116
47 11
96 17
83 35
139 192
159 16
42 49
148 59
120 153
171 114
171 118
75 149
137 175
107 14
26 154
159 62
107 110
180 20
171 156
180 125
148 43
52 144
65 134
137 5
63 149
23 39
83 66
52 104
52 70
85 163
83 142
177 183
51 172
96 16
30 162
46 67
72 45
180 166
136 187
52 88
99 73
56 93
139 48
4 40
47 199
86 84
159 14
159 110
107 87
177 3
118 156
51 161
52 9
96 62
160 181
114 156
101 37
14 110
139 74
141 82
38 22
65 13
96 110
96 14
104 70
115 93
114 118
69 39
6 121
137 60
167 144
56 152
61 58
120 17
148 158
102 119
48 74
77 187
64 185
159 87
65 53
147 111
38 34
4 145
86 186
25 154
139 170
61 126
96 87
31 187
26 37
167 70
55 59
115 152
167 104
26 101
50 175
62 110
52 176
62 14
50 5
171 146
8 197
136 183
85 28
148 174
165 27
167 88
120 16
38 134
4 80
94 189
177 143
136 3
96 159
46 39
171 112
7 29
55 43
169 168
182 124
72 129
108 164
52 24
167 9
26 200
6 106
6 109
151 123
26 105
106 109
48 170
8 21
56 100
50 60
182 36
76 89
120 110
120 14
59 43
38 13
77 183
26 195
171 113
31 183
175 5
115 100
165 91
77 3
192 74
38 53
120 62
94 11
171 179
140 163
31 3
177 79
120 87
180 187
52 119
146 112
136 143
102 156
83 181
75 163
139 22
94 199
42 116
177 153
200 105
62 87
51 111
2 89
47 84
63 163
4 93
65 90
6 184
8 193
52 156
51 147
139 34
165 67
8 178
189 11
52 102
72 144
92 168
8 18
136 79
65 95
30 82
23 89
64 73
77 143
72 70
139 134
42 20
52 118
31 143
182 54
140 28
158 174
72 104
151 98
136 153
192 170
4 152
180 183
75 28
26 162
72 88
177 17
96 107
189 199
42 125
52 114
72 9
41 29
180 3
139 13
75 140
38 90
46 69
167 176
8 71
94 84
63 28
193 178
148 131
77 79
139 53
65 35
191 74
171 5
46 89
38 95
61 124
185 73
31 79
65 66
69 89
171 175
65 142
47 186
177 16
137 123
136 17
77 153
190 27
76 58
61 36
31 153
94 186
8 1
42 166
19 74
6 164
52 112
177 110
50 123
76 126
94 47
8 154
177 14
38 35
171 60
4 100
191 170
96 168
38 66
38 142
136 16
141 68
141 49
72 176
2 58
180 143
48 22
167 24
77 17
19 170
177 87
31 17
108 43
136 110
190 91
146 113
136 14
52 113
65 181
107 168
52 146
23 58
10 11
8 25
139 90
167 119
2 126
52 179
88 9
56 11
180 79
72 24
136 87
182 155
68 49
139 95
8 37
149 163
46 58
72 119
77 16
115 11
23 126
31 16
56 10
38 181
44 57
45 129
180 153
48 34
56 199
86 74
61 54
104 9
165 39
10 199
46 126
8 101
146 179
77 110
115 199
72 167
19 191
184 164
77 14
31 110
24 119
190 67
115 10
177 62
31 14
69 58
139 35
50 137
108 59
189 84
65 83
65 160
139 66
19 192
51 128
139 142
83 160
6 43
51 197
141 116
72 156
191 192
77 87
128 197
86 170
8 105
106 164
8 200
31 87
159 168
69 126
182 172
38 160
180 17
38 83
148 57
167 156
136 62
8 195
141 20
51 21
44 129
48 134
127 138
6 59
19 22
182 161
63 140
148 129
104 88
141 125
96 92
196 157
25 37
26 82
191 22
189 186
148 44
50 98
180 16
139 181
46 23
141 166
6 108
64 99
109 164
121 164
120 168
85 27
56 84
121 109
48 13
148 45
19 34
52 5
8 162
115 84
137 98
180 110
171 123
57 129
114 112
180 14
149 28
192 22
51 178
102 118
6 55
52 175
72 118
151 15
6 174
72 102
51 193
38 65
77 62
55 174
51 18
31 62
191 34
151 133
56 186
44 45
115 186
30 49
180 87
19 134
30 68
48 53
61 155
72 112
139 160
128 21
86 22
51 71
52 60
75 27
139 83
108 174
72 114
19 13
85 91
46 2
86 192
76 124
191 134
10 84
7 135
193 18
86 34
51 1
131 129
38 163
19 53
151 40
108 55
56 189
31 77
51 154
115 189
72 113
102 112
76 36
65 163
63 27
192 34
191 13
46 124
75 91
6 158
72 179
61 172
115 56
4 11
148 144
2 124
136 177
118 112
86 134
140 27
106 184
148 70
46 36
10 186
165 89
23 124
61 161
85 67
86 13
2 36
191 53
148 9
4 199
176 119
167 112
38 28
151 145
30 116
51 37
19 48
23 36
139 163
50 15
148 88
182 111
50 133
63 91
148 104
75 67
94 74
167 118
33 138
131 57
86 53
106 43
180 62
65 28
184 43
51 25
151 80
30 20
8 82
72 146
51 101
140 91
114 113
30 125
192 134
167 102
94 170
19 90
120 159
69 124
141 42
50 40
139 28
165 58
136 168
51 105
63 67
137 15
19 95
51 200
30 166
137 133
44 144
86 191
177 168
182 147
46 76
69 36
167 113
75 85
51 195
192 13
48 90
46 54
76 54
190 39
121 43
165 126
114 179
44 70
141 187
38 149
140 67
50 145
167 179
128 178
51 162
72 5
102 113
167 114
44 9
19 35
48 95
115 47
52 123
148 119
86 90
171 98
24 156
131 45
19 66
2 54
19 142
50 80
4 84
56 47
137 40
6 129
109 43
42 187
132 12
23 54
191 90
139 65
86 95
25 101
31 168
128 18
193 71
77 168
148 176
143 79
192 53
72 175
151 93
4 186
44 88
106 59
102 179
173 81
191 95
86 48
94 22
72 60
128 71
44 104
61 111
106 174
139 149
128 193
86 35
108 158
86 66
86 142
137 145
118 113
33 127
184 59
26 49
48 35
132 164
131 144
148 156
184 174
65 149
26 68
48 66
94 34
48 142
131 70
148 24
137 80
171 15
69 54
191 35
171 133
122 81
141 183
151 152
59 174
12 164
131 9
50 93
191 66
46 155
191 142
121 174
19 181
118 179
141 3
121 59
94 134
115 74
51 82
61 147
94 13
108 129
41 135
171 40
76 155
56 74
131 88
180 168
6 57
128 1
50 152
158 129
94 53
128 154
46 172
8 49
131 104
191 48
115 170
38 27
45 144
86 181
8 68
2 155
109 174
182 197
107 92
23 155
44 119
148 112
171 145
26 116
56 170
46 161
139 27
151 100
190 89
146 5
6 144
45 70
18 71
171 80
6 70
6 45
182 21
190 58
109 59
55 129
6 9
83 163
137 93
38 91
30 187
26 20
76 172
45 9
106 129
139 91
75 39
96 169
167 5
148 113
165 124
50 100
26 125
148 179
8 116
19 160
190 126
42 183
6 88
76 161
184 129
2 172
23 172
165 36
121 129
192 90
38 67
167 146
26 166
131 119
94 90
6 104
94 192
182 178
72 123
65 27
182 71
191 181
139 67
89 58
69 155
8 20
1 154
182 18
106 55
115 22
2 161
23 161
94 95
19 163
63 85
137 152
132 43
175 60
148 118
8 125
47 74
56 22
57 144
182 193
109 129
42 3
192 95
86 160
171 93
130 164
8 166
19 83
48 181
182 154
182 1
141 79
31 177
44 176
6 119
120 92
57 70
115 34
23 2
65 91
86 163
128 37
94 35
178 71
139 38
167 60
185 99
61 197
94 66
167 175
94 142
57 9
136 159
59 129
44 156
195 162
63 39
98 15
19 28
51 49
98 133
56 34
30 183
69 172
51 68
61 21
148 102
85 39
134 13
86 83
141 143
171 152
46 111
115 13
115 134
141 153
45 88
182 37
75 58
148 114
173 78
69 161
47 170
52 15
52 133
86 28
65 67
30 3
137 100
132 174
132 129
56 13
56 134
174 129
106 158
52 98
75 89
115 53
182 128
143 153
96 150
192 35
176 156
184 55
97 164
165 54
61 71
75 126
160 163
51 116
146 60
121 55
25 105
96 188
15 133
61 178
4 10
189 74
131 156
148 5
193 154
141 17
8 26
61 18
192 66
131 176
192 142
12 43
56 53
52 40
6 156
51 20
6 176
121 184
83 28
108 144
150 188
50 151
149 27
182 101
171 100
77 177
61 154
108 70
146 175
108 9
61 193
61 1
193 1
51 125
45 104
122 78
6 131
51 166
12 129
132 59
120 107
140 39
63 58
191 163
44 24
136 92
89 126
52 145
96 29
46 147
94 181
4 74
182 105
76 111
148 60
84 186
30 42
182 25
191 160
43 129
182 200
57 88
189 170
52 80
148 175
98 40
182 162
44 112
115 90
23 111
70 9
2 111
61 37
63 126
141 16
141 110
182 195
114 5
148 146
85 58
10 74
150 29
63 89
45 119
115 95
106 144
130 129
16 110
106 9
6 24
121 158
106 70
108 88
188 29
128 101
6 112
31 159
8 187
4 170
56 90
102 5
141 14
25 200
184 158
149 91
50 11
24 112
56 95
130 43
191 28
190 124
25 162
108 57
141 87
33 73
12 174
131 112
121 144
115 35
85 126
200 162
121 9
131 24
48 163
108 104
121 70
184 144
115 66
151 11
115 142
97 129
169 29
108 119
26 187
184 9
184 70
140 58
158 144
190 36
50 199
136 107
158 9
57 104
10 170
61 101
44 113
85 89
57 119
6 113
158 70
104 119
6 44
4 189
56 35
47 22
77 159
52 93
106 88
6 179
30 79
56 66
165 155
56 142
44 179
191 83
151 199
61 128
69 111
94 163
55 144
139 39
140 126
55 9
61 105
109 144
109 9
106 119
55 70
61 162
109 70
130 174
61 200
31 92
108 45
106 104
109 55
131 113
61 25
8 183
136 120
98 145
121 88
48 160
4 22
128 105
51 187
46 197
61 195
97 43
76 147
149 67
131 179
140 89
128 162
184 88
182 82
139 58
23 147
30 153
75 124
94 160
121 119
19 27
132 144
132 9
8 3
48 28
106 57
132 70
52 152
46 21
94 28
2 147
38 39
144 9
177 159
184 119
189 22
94 48
86 27
115 192
128 200
121 104
75 36
165 172
139 126
98 80
42 79
72 133
77 92
72 15
46 71
30 143
171 137
184 104
30 17
158 88
19 91
167 123
160 28
38 58
169 188
165 161
47 34
4 34
4 47
158 119
109 88
46 178
105 162
86 91
114 60
46 18
139 89
109 119
102 60
128 25
26 183
46 154
97 174
148 123
106 45
115 181
46 1
190 54
128 195
72 40
51 183
55 88
132 88
55 119
132 119
132 55
50 186
88 119
121 57
38 126
109 158
143 17
10 22
56 192
164 129
52 100
4 13
108 156
171 11
94 83
50 84
12 59
19 67
26 3
51 3
109 104
46 193
86 67
51 26
137 11
158 104
4 134
148 167
130 59
63 124
184 57
102 114
56 181
132 104
25 195
47 13
61 82
46 37
118 5
6 5
189 34
6 118
171 199
72 145
24 113
38 89
177 92
31 107
132 158
69 147
30 110
23 76
130 12
4 53
130 9
12 9
63 36
106 156
72 80
121 45
55 104
130 144
42 153
12 144
136 29
137 199
151 186
130 70
139 140
30 16
12 70
18 154
47 134
59 9
75 54
192 181
102 175
151 84
30 14
59 144
178 154
114 175
59 70
19 149
39 58
8 79
121 156
86 149
184 45
189 13
115 163
23 197
30 87
24 179
76 197
97 9
10 34
108 176
132 109
6 60
97 144
97 70
120 29
2 197
130 119
47 53
184 156
72 98
48 83
108 112
86 19
42 17
139 85
46 101
23 21
12 119
132 57
76 21
32 117
189 134
139 124
109 57
23 71
130 88
44 5
76 71
182 49
85 124
2 21
31 29
45 156
97 59
56 163
8 153
77 107
106 176
46 162
2 71
139 36
106 112
6 175
10 13
115 28
176 112
12 88
180 159
132 156
51 79
97 119
46 105
182 68
72 93
4 90
23 154
189 53
42 143
109 156
131 5
132 45
85 36
59 119
8 17
76 154
140 124
46 200
23 178
23 18
6 114
4 95
77 29
23 1
130 104
76 178
76 18
2 154
178 18
6 102
65 58
10 134
76 1
121 112
46 195
2 18
2 178
97 88
108 113
109 45
63 54
8 143
180 92
115 160
2 1
107 29
193 37
56 28
140 36
46 25
121 176
190 155
51 153
57 156
196 138
165 111
171 186
182 116
194 129
12 104
191 27
108 179
44 118
8 42
38 124
184 112
65 39
31 120
106 113
10 53
158 156
51 17
182 20
65 126
69 197
171 84
23 37
4 35
94 27
97 104
23 193
38 36
106 179
59 88
184 176
132 112
4 66
76 37
4 142
98 93
55 156
72 152
8 110
44 60
76 193
26 79
2 37
51 143
61 49
75 155
21 71
69 71
69 21
174 9
131 118
139 54
182 125
2 193
182 166
121 113
39 126
8 16
56 160
177 29
191 91
137 186
158 57
109 112
132 176
108 24
131 60
94 91
8 14
46 128
61 68
42 110
121 179
178 1
8 87
69 154
51 110
130 156
174 144
118 60
184 113
51 42
174 70
46 82
190 172
106 24
94 191
137 84
51 16
132 113
69 18
69 1
18 1
69 178
180 29
184 179
109 176
55 57
51 14
47 90
192 163
6 146
115 83
42 16
61 116
132 179
43 9
51 87
94 67
190 161
72 100
59 104
26 153
191 67
44 175
127 73
45 112
136 188
52 11
75 172
125 166
12 156
97 156
128 82
38 140
174 119
47 95
61 20
109 113
97 12
189 90
42 14
158 112
65 89
130 57
131 175
23 101
85 54
69 37
55 112
43 144
121 24
26 17
75 161
43 70
109 179
38 54
130 112
42 87
189 95
158 45
61 166
6 123
61 125
52 199
76 101
140 54
23 162
2 101
130 55
57 112
38 85
69 193
10 90
159 92
43 119
130 45
132 184
76 162
63 155
2 162
56 83
130 158
55 45
139 155
23 105
10 95
132 24
97 112
184 24
77 120
139 63
12 112
23 200
159 29
176 113
76 105
144 70
130 113
92 29
2 105
96 135
130 176
97 57
47 35
26 143
158 113
130 179
76 200
23 195
194 164
2 200
192 28
47 66
55 113
165 147
47 142
189 35
86 58
158 176
177 107
26 110
148 133
115 48
148 15
144 119
139 172
189 66
97 45
158 179
55 176
12 57
115 27
70 119
189 142
182 187
76 195
97 113
2 195
197 71
55 179
48 27
45 113
19 58
23 25
108 5
146 123
98 152
10 35
50 74
63 172
139 161
59 156
176 179
106 5
97 179
97 176
109 24
86 126
26 16
180 107
69 101
10 66
12 113
10 142
136 169
31 188
4 181
136 150
26 14
65 124
115 91
148 40
69 162
46 49
76 25
63 161
2 25
51 8
45 179
12 179
26 87
12 45
174 88
97 55
57 113
19 126
12 176
97 158
121 5
38 155
169 150
65 36
56 27
75 190
50 170
46 68
143 110
21 154
44 114
106 108
180 177
48 91
131 114
132 5
86 39
45 176
69 105
23 82
57 179
118 175
148 145
115 67
52 186
148 80
194 9
43 88
46 116
131 44
69 200
194 119
56 91
61 187
184 5
2 76
140 85
182 183
130 24
2 82
76 82
106 60
4 163
59 112
108 60
131 102
46 20
165 71
44 102
75 111
194 70
19 39
194 144
69 195
189 47
140 155
182 3
190 111
141 62
85 155
165 197
38 172
52 84
77 188
165 154
46 166
56 48
46 125
86 89
165 21
33 99
56 67
38 161
121 60
57 176
109 5
55 158
48 67
50 22
132 60
97 24
131 123
44 123
165 1
94 149
69 25
9 119
4 28
139 111
151 74
174 104
165 18
164 119
19 89
165 178
130 5
7 198
12 158
164 9
184 60
148 93
61 183
102 123
12 55
167 133
59 113
165 37
106 175
197 154
72 11
65 54
69 82
101 162
167 15
23 128
61 3
98 100
140 172
108 175
132 121
31 150
86 124
194 88
10 47
43 104
59 179
85 172
97 5
171 74
12 24
50 34
151 170
86 36
55 24
31 169
72 199
140 161
109 60
114 123
158 24
132 175
50 13
121 175
164 70
85 161
106 118
167 40
19 124
164 144
136 135
2 128
63 111
174 156
130 60
76 128
182 79
171 170
165 193
131 146
19 36
26 42
108 118
120 188
139 190
148 152
12 5
194 104
43 156
94 58
50 134
23 49
143 16
50 53
44 146
97 60
184 175
132 118
55 5
46 187
158 5
194 156
121 118
167 145
51 30
167 80
143 14
182 153
21 1
94 126
2 49
182 17
23 68
151 22
143 87
38 111
76 49
174 112
165 162
178 37
194 43
86 54
31 135
171 22
165 101
10 189
194 112
192 160
61 79
43 112
180 188
59 176
23 116
148 100
109 175
75 147
2 68
4 160
77 150
130 175
4 192
76 68
194 174
139 147
14 87
12 60
23 20
132 108
182 110
33 185
137 74
6 133
2 116
65 155
76 116
50 90
83 27
19 54
6 15
139 75
46 183
191 149
157 138
106 123
165 105
184 118
97 175
139 71
50 95
75 71
130 109
25 82
23 166
24 5
2 20
194 113
153 17
77 169
61 17
61 153
128 49
23 125
182 16
139 154
10 181
182 87
76 20
182 14
72 186
55 60
46 3
75 154
77 135
132 123
189 181
194 179
141 168
190 147
16 87
165 200
169 135
6 40
182 143
108 123
69 49
18 37
158 60
191 58
180 120
151 34
171 34
139 197
2 166
137 170
171 151
139 1
145 80
174 113
69 128
121 123
171 13
151 13
76 166
139 21
2 125
75 197
165 195
75 1
43 113
148 98
50 35
149 58
94 39
76 125
61 110
50 66
75 21
197 1
50 142
139 37
190 71
174 179
69 68
139 18
167 93
130 118
47 181
16 14
6 80
65 172
6 145
150 135
10 163
139 178
43 179
196 73
104 156
190 154
75 37
189 163
191 126
75 18
72 84
109 118
164 88
69 116
140 111
86 155
115 58
177 188
65 161
61 87
75 178
61 14
128 68
61 16
171 134
171 53
184 123
94 89
45 5
165 82
12 175
69 20
134 53
83 91
151 53
151 134
115 149
4 27
190 1
61 143
57 5
97 118
94 124
85 111
190 197
47 163
137 22
165 25
115 126
130 123
51 62
106 114
190 21
94 36
69 166
139 193
128 116
132 114
149 126
180 135
63 147
190 37
59 5
109 123
4 91
19 155
46 79
69 125
86 172
10 28
63 71
190 18
97 123
139 162
4 83
38 147
56 58
63 154
86 161
194 176
190 178
189 28
6 93
38 71
52 74
139 101
75 193
38 154
104 112
55 175
128 20
171 90
120 135
8 30
106 102
171 95
132 102
46 17
4 67
23 187
63 1
164 156
108 114
147 71
167 152
46 153
75 162
56 126
132 106
121 114
158 175
38 1
19 172
97 109
89 124
151 90
139 105
43 174
63 197
21 37
52 170
47 28
180 150
38 197
164 112
151 95
63 37
75 101
63 21
121 108
38 37
137 34
19 161
38 21
139 200
137 13
2 187
118 123
194 5
59 57
46 110
171 35
63 18
115 191
94 54
192 27
38 18
147 154
76 187
45 24
171 66
139 195
128 166
171 142
56 149
164 104
177 135
59 24
38 63
38 178
63 178
8 62
59 45
59 60
132 146
57 24
45 60
12 123
6 152
46 87
83 67
46 14
121 102
190 193
57 60
75 105
139 82
46 16
106 146
34 13
128 125
24 60
108 102
151 35
52 22
30 62
190 162
51 168
151 66
12 118
151 142
148 11
130 184
167 100
197 37
115 39
75 200
23 183
180 169
137 53
115 124
65 111
192 91
137 134
139 25
46 143
130 114
164 113
165 49
191 39
194 60
23 3
75 195
115 89
115 36
190 101
184 114
191 124
148 199
89 36
86 111
69 187
6 100
2 183
194 24
164 179
38 193
39 124
38 162
75 82
191 36
121 146
76 183
191 89
63 193
50 181
63 162
165 68
2 3
156 112
50 163
97 114
108 146
194 57
193 162
194 45
165 116
38 101
55 123
76 3
130 102
182 42
52 13
131 133
190 105
140 71
52 34
94 155
140 154
56 124
165 20
63 101
181 163
158 123
131 15
137 90
56 39
192 67
184 102
190 200
56 36
19 111
75 25
137 95
104 113
38 105
50 28
109 114
165 166
176 5
43 5
43 176
188 135
56 89
86 65
39 36
131 40
139 49
115 54
97 102
147 1
44 133
57 45
85 71
140 1
140 147
130 146
194 59
174 5
190 195
38 200
165 125
85 154
69 183
52 53
174 176
63 105
48 58
94 172
6 167
8 168
44 15
190 82
52 134
140 37
38 195
69 3
139 68
104 179
131 80
94 161
23 79
139 116
194 175
137 35
38 82
63 200
184 146
131 145
137 66
97 146
137 142
140 197
44 40
139 20
61 42
85 1
59 175
97 184
140 21
191 54
88 112
63 195
140 18
139 166
85 147
120 150
63 82
55 118
2 79
85 37
109 102
148 186
140 178
23 17
44 80
139 125
48 126
41 198
56 54
64 81
147 37
38 190
72 74
86 71
76 79
86 154
52 90
44 145
23 153
132 133
52 95
75 49
30 168
38 25
85 197
171 163
65 71
132 15
65 154
107 135
85 21
190 25
43 60
2 17
85 18
23 110
86 1
149 124
106 133
109 146
171 181
165 128
115 155
158 118
132 40
72 170
86 37
174 60
75 68
194 123
76 17
2 153
85 178
75 116
131 93
106 15
52 35
86 147
57 175
177 150
52 66
52 142
23 87
88 156
45 175
132 80
65 1
140 162
76 153
75 20
192 83
2 110
171 28
149 36
23 14
106 40
160 27
86 197
63 25
121 133
132 145
19 71
19 154
56 191
69 79
195 82
86 21
65 37
86 18
148 84
23 16
71 154
165 187
10 27
10 160
98 11
76 110
130 108
86 178
75 166
115 172
121 15
72 22
106 80
130 133
108 133
94 111
38 49
139 128
2 87
65 147
140 193
59 123
115 161
44 93
106 145
75 125
151 163
12 114
121 40
19 1
2 14
4 58
139 187
130 15
140 101
108 15
10 91
97 133
69 17
65 197
76 87
19 37
2 16
56 155
85 162
65 21
65 18
130 40
190 49
189 27
121 80
76 14
128 187
38 68
38 116
108 40
97 15
6 11
191 155
86 162
151 181
65 178
69 153
76 16
184 133
121 145
50 47
130 80
39 89
38 20
97 40
19 147
21 18
132 93
4 126
68 116
23 143
108 80
63 49
164 5
69 110
130 145
19 197
189 160
19 18
184 15
19 21
151 28
97 80
98 199
189 91
86 85
38 166
6 199
86 193
108 145
140 105
85 193
190 116
190 68
6 98
176 60
165 183
72 13
19 178
160 91
86 101
10 67
184 40
56 172
97 145
139 183
131 152
85 101
38 125
109 133
69 87
106 93
190 20
72 34
56 161
65 162
165 3
88 113
46 42
50 27
139 3
63 116
182 26
139 165
184 80
63 68
140 200
69 14
177 120
2 143
167 11
12 102
109 15
140 82
191 172
149 89
57 123
69 16
63 20
184 145
33 81
86 105
190 166
50 91
19 162
109 40
197 18
97 108
140 195
45 123
121 93
51 141
149 39
12 146
76 143
191 161
194 118
47 27
50 160
130 93
189 67
86 200
63 166
88 179
190 125
72 53
109 80
96 198
86 82
85 105
44 152
65 193
131 100
94 154
65 101
75 187
94 71
167 199
97 93
115 111
86 195
108 93
109 145
63 125
72 134
147 18
48 124
132 152
50 67
19 193
19 101
177 169
47 91
43 24
85 200
85 82
137 163
147 197
164 60
94 1
193 101
48 36
12 133
94 37
149 54
43 175
139 79
147 21
184 93
200 82
65 105
85 195
196 127
130 121
69 143
19 105
44 100
106 152
12 15
72 90
38 187
132 100
72 95
120 169
50 189
61 26
12 40
65 82
139 17
107 188
65 200
165 79
128 183
24 175
86 140
19 82
4 124
137 181
132 44
19 200
47 160
137 28
174 175
12 80
75 183
109 93
174 24
52 163
6 186
75 128
94 18
130 152
47 67
56 111
139 153
4 36
121 152
94 197
136 198
65 195
94 21
86 25
156 113
19 195
139 110
75 3
94 147
12 145
94 178
39 54
181 28
160 67
140 25
146 133
171 27
72 35
97 152
102 133
157 73
165 17
106 100
19 65
72 66
72 142
128 3
86 49
139 87
167 98
159 135
64 78
182 62
147 178
43 123
164 176
102 146
171 91
94 162
115 154
139 14
108 152
52 28
115 71
38 183
140 49
52 181
130 100
33 78
165 153
190 187
139 16
165 110
121 100
63 187
86 116
38 3
102 15
146 15
86 68
97 100
33 64
197 21
174 123
86 20
31 198
115 1
102 40
191 111
184 152
115 37
171 67
146 40
12 93
140 116
61 62
89 54
38 128
165 87
156 179
86 166
102 80
94 101
140 68
146 80
108 100
171 160
94 193
140 20
165 14
48 54
86 125
4 54
85 25
48 89
6 84
63 190
19 25
4 89
165 16
109 152
4 48
50 10
85 49
19 49
148 74
19 85
56 154
75 79
140 166
114 133
167 186
102 145
24 123
184 100
182 168
94 105
56 71
65 25
144 112
194 158
50 83
139 143
65 49
94 82
115 18
4 39
55 133
146 145
97 121
10 83
63 183
153 110
190 183
115 21
115 197
19 116
140 125
94 200
115 178
48 39
25 49
85 116
75 17
55 114
19 68
151 27
19 20
63 3
56 1
56 37
38 79
190 3
148 170
115 147
115 162
147 162
55 15
65 116
194 133
109 100
94 195
85 68
61 168
55 40
114 15
85 20
59 118
55 80
77 198
65 68
19 166
151 91
158 133
114 40
65 20
75 110
26 62
114 80
75 153
98 186
194 15
38 17
1 37
171 47
148 22
194 40
194 80
85 166
19 125
194 114
55 145
12 152
65 166
158 15
70 112
75 87
158 40
86 187
149 155
158 80
191 154
194 145
38 110
105 82
115 101
38 153
96 41
85 125
151 67
65 125
75 14
191 71
56 18
65 85
114 145
46 62
165 143
4 155
115 193
102 93
56 21
38 87
56 197
68 20
56 178
75 16
158 145
164 175
12 100
56 162
40 80
38 14
115 82
94 49
180 198
115 105
4 149
146 93
194 55
191 37
131 11
191 1
158 114
148 13
56 147
194 93
38 16
15 80
55 93
164 123
63 128
46 26
63 79
94 25
132 11
194 146
115 200
128 79
189 83
94 116
86 183
192 58
50 58
140 187
197 178
190 79
55 146
167 84
94 20
94 68
48 155
86 3
4 172
72 163
50 192
115 195
25 116
15 40
148 34
190 128
46 168
63 17
131 199
194 102
19 187
4 161
151 160
94 166
56 101
132 199
158 93
137 27
197 162
190 17
51 29
136 41
52 27
144 113
149 172
26 168
94 125
50 126
130 106
178 162
63 110
137 91
56 193
114 93
148 53
128 17
72 28
63 153
56 82
52 91
44 11
55 102
130 11
21 162
132 131
106 11
190 110
171 83
65 187
56 105
104 5
92 135
10 58
130 44
191 18
149 161
97 11
63 87
175 123
144 179
192 126
190 153
75 143
25 20
115 49
85 187
191 162
148 134
106 44
56 200
191 21
19 140
191 178
19 183
140 183
63 14
48 172
190 87
137 67
191 197
121 11
130 199
72 181
38 143
52 67
194 152
106 199
86 79
44 199
115 116
19 3
56 195
25 68
97 199
193 82
128 110
140 3
148 90
63 16
148 95
48 161
59 133
190 14
158 146
115 20
115 68
86 17
115 25
70 113
10 126
21 178
97 44
59 80
55 152
115 166
121 199
52 137
194 100
190 16
171 189
128 153
59 40
86 110
94 187
65 183
59 15
191 147
171 58
108 11
148 35
115 125
189 58
86 153
90 95
70 179
148 66
31 41
148 142
164 24
65 3
128 87
86 87
86 128
23 42
59 145
102 152
4 111
191 101
56 49
184 11
85 183
158 152
55 100
6 74
25 166
86 14
97 106
108 199
56 116
50 124
171 126
132 186
32 138
191 82
98 84
85 3
86 16
158 102
19 79
56 20
176 123
128 14
50 36
94 183
56 68
109 11
184 199
191 193
131 186
146 152
189 126
52 160
56 166
6 170
191 105
19 17
94 3
59 93
158 100
56 25
140 79
6 22
38 75
102 100
137 160
48 149
39 155
56 125
19 110
4 154
115 187
109 199
191 200
128 16
63 143
140 17
18 162
130 186
2 42
19 153
4 71
19 87
10 192
97 186
65 79
191 195
136 96
147 101
106 186
141 29
140 110
114 152
12 11
118 133
19 14
94 85
4 37
146 100
176 175
118 80
47 83
177 198
65 17
4 1
190 143
50 54
44 186
19 16
140 153
139 69
6 13
47 58
140 87
9 112
121 186
115 183
94 79
65 110
171 192
25 125
12 199
86 143
76 42
85 79
83 58
118 40
115 3
10 124
48 111
104 60
94 17
191 49
171 124
140 14
193 105
133 80
56 187
72 27
65 153
19 128
65 87
114 100
192 124
10 36
118 15
171 36
85 17
151 58
132 84
94 110
147 82
171 10
6 34
72 91
191 116
149 111
140 16
118 145
121 44
153 87
151 83
144 156
65 14
191 20
94 87
57 80
94 153
43 45
85 110
57 133
192 36
108 186
4 162
139 42
47 126
6 53
191 68
59 152
86 190
191 166
4 18
94 14
65 16
8 29
72 67
120 198
184 186
77 41
131 84
151 126
43 80
57 40
56 183
85 87
196 99
85 153
45 80
43 133
88 5
50 89
48 154
4 178
94 16
115 79
45 133
56 3
4 21
191 125
130 84
50 155
57 15
69 42
59 100
4 197
57 145
194 11
115 17
43 40
189 124
97 84
6 134
148 163
85 14
118 93
6 95
109 186
6 90
48 71
45 40
171 54
151 47
115 110
170 22
191 25
19 143
43 15
43 145
167 74
189 36
106 84
134 95
52 58
174 80
149 154
83 126
39 172
85 16
194 199
48 37
45 15
45 145
115 87
4 101
174 133
115 153
4 82
140 128
57 93
148 28
6 35
89 155
50 172
139 76
15 145
10 54
6 66
6 142
132 98
50 39
23 62
48 1
115 14
50 161
43 93
174 40
68 166
121 84
149 71
134 90
137 58
101 82
52 126
167 22
12 186
4 147
56 79
167 170
39 161
115 16
9 113
45 93
44 84
174 145
65 128
94 128
94 65
174 15
4 105
23 168
180 41
56 17
52 83
149 37
4 193
191 187
130 131
56 110
9 179
55 11
4 200
174 93
137 126
140 143
192 54
149 1
56 87
94 143
151 124
171 155
4 195
2 62
56 153
65 143
169 198
94 140
108 84
147 105
148 181
151 36
139 62
56 14
4 49
97 131
171 89
55 199
70 156
184 84
86 63
189 54
167 13
48 162
182 30
158 11
43 57
4 116
2 168
139 168
43 118
56 16
137 83
61 30
59 114
4 20
191 183
47 124
57 118
139 2
130 98
171 172
164 80
115 85
4 166
191 3
97 98
72 160
76 62
50 111
171 161
4 68
194 186
47 36
109 84
48 18
31 96
158 199
52 124
10 155
131 98
164 133
128 143
76 168
50 154
4 125
52 36
115 143
164 40
115 128
171 39
48 178
167 34
43 152
164 145
50 71
85 143
57 152
48 21
149 162
151 54
50 37
132 74
164 15
59 146
167 53
61 182
164 93
43 100
69 62
88 60
10 89
48 197
52 47
118 152
12 84
137 124
85 128
50 1
57 100
48 82
195 49
106 98
10 172
69 168
132 22
65 140
137 36
45 152
191 79
32 73
4 25
10 161
132 170
48 101
174 152
15 93
191 17
189 192
102 11
4 187
61 29
147 193
167 95
118 100
182 29
38 165
167 90
149 18
130 74
52 54
45 100
6 163
72 58
191 110
97 74
174 100
89 172
171 111
189 155
197 82
148 27
147 200
56 143
192 155
167 134
171 154
148 91
50 162
130 22
191 87
97 22
47 54
55 186
131 74
46 30
132 13
121 98
25 187
59 11
167 35
130 170
6 28
45 118
149 178
171 71
97 170
150 198
48 105
167 66
167 142
191 153
102 199
193 200
72 126
195 116
174 118
171 37
106 74
4 183
191 14
46 29
131 22
148 67
50 18
38 42
174 45
151 155
147 49
89 161
4 3
194 84
56 128
149 21
137 54
171 1
149 82
30 29
106 22
139 23
131 170
59 199
146 11
189 172
165 42
50 178
48 200
191 16
121 74
130 13
158 186
10 39
48 193
48 49
97 13
111 154
21 82
149 197
8 141
189 161
50 82
83 124
106 170
50 21
193 49
147 116
132 34
48 116
48 147
192 172
121 22
114 11
189 89
50 197
52 155
48 195
48 20
149 101
132 53
151 172
50 101
200 49
195 20
192 161
164 152
98 74
50 149
24 80
121 170
131 13
151 161
171 162
144 5
104 123
83 36
48 166
147 20
51 135
10 154
164 100
106 13
62 168
44 74
146 199
151 192
132 95
193 116
4 79
10 111
151 89
147 195
192 89
98 22
132 90
75 42
130 34
48 68
4 17
97 34
44 22
52 172
50 105
114 199
4 110
130 53
115 140
108 74
52 161
121 13
97 53
44 98
72 124
184 74
59 102
10 71
171 18
48 125
6 181
137 47
10 37
132 134
50 49
19 190
4 87
108 22
200 116
72 36
132 35
50 116
50 200
184 22
44 170
132 66
132 142
38 168
137 155
145 93
147 166
149 105
52 89
38 62
130 95
50 193
50 20
47 155
193 20
97 95
56 85
98 170
171 178
171 82
130 90
39 154
153 14
97 90
131 34
50 195
109 74
24 133
4 14
4 153
178 82
50 166
10 1
108 170
72 83
106 34
171 21
50 147
24 40
184 170
109 22
149 49
131 53
24 93
24 145
50 68
106 53
171 197
44 13
195 166
52 192
149 116
108 98
171 101
130 134
130 35
134 35
70 5
97 35
97 134
115 65
130 66
130 142
4 16
165 168
97 66
97 142
189 154
50 125
184 98
40 93
149 200
151 154
137 172
149 20
121 34
165 62
108 13
131 95
200 20
109 170
184 13
106 95
151 189
39 111
137 161
121 53
131 90
139 26
98 13
147 68
106 90
12 74
151 111
149 193
136 7
197 101
52 154
59 186
55 84
189 111
149 166
133 93
48 187
151 39
47 172
72 54
12 22
171 105
75 168
189 39
151 71
193 166
151 37
10 162
149 195
171 49
189 71
189 37
121 95
109 13
86 42
47 161
171 116
75 62
43 11
24 15
39 71
191 143
39 37
192 154
52 111
121 90
134 66
134 142
131 35
171 20
106 35
160 58
102 186
52 71
52 37
131 66
131 142
131 134
171 200
106 66
106 142
106 134
149 68
52 39
6 27
107 198
12 170
151 1
50 187
171 166
71 37
6 91
137 89
171 193
44 34
189 1
171 195
106 131
147 125
109 98
25 183
121 35
149 125
52 1
149 147
171 68
44 53
121 66
121 142
43 199
121 134
108 34
158 84
12 13
192 111
184 34
196 185
192 37
192 71
171 125
57 11
108 53
105 49
194 74
52 189
184 53
6 67
194 22
171 147
48 183
167 163
137 154
174 11
44 95
86 168
10 18
48 25
111 37
200 166
66 142
171 149
151 162
44 90
50 183
108 95
48 3
184 95
31 7
10 82
109 34
83 54
39 1
86 62
111 71
108 90
50 25
133 40
105 116
52 162
109 53
184 90
50 3
72 155
148 58
47 89
133 145
194 170
25 3
192 1
137 37
45 11
189 162
137 71
74 22
137 111
40 145
57 199
10 178
167 28
174 199
109 95
44 35
195 68
98 34
144 60
171 187
176 80
194 13
44 142
44 66
193 68
192 39
47 154
108 35
109 90
184 35
50 48
146 186
98 53
108 142
108 66
184 142
184 66
23 26
148 160
193 195
44 134
137 1
10 21
114 186
12 34
108 134
10 101
184 134
12 53
72 172
148 126
149 187
4 143
196 81
72 161
45 199
151 18
151 82
109 35
89 154
10 197
88 123
105 20
132 163
98 95
109 142
109 66
52 18
52 82
12 95
18 82
63 42
12 98
137 39
50 79
47 37
50 17
12 90
47 71
50 110
171 183
109 134
98 90
160 126
94 190
10 49
192 162
48 79
164 118
10 116
48 17
164 11
118 11
151 178
47 111
184 108
137 162
171 3
52 178
48 110
50 87
193 125
174 57
10 20
196 78
189 82
132 28
176 93
10 105
189 18
139 29
12 35
194 34
137 192
130 163
97 163
12 142
12 66
152 100
194 53
63 168
10 166
151 21
151 101
24 100
52 21
171 25
24 152
52 101
47 1
48 87
195 125
19 42
21 101
52 151
72 154
156 5
50 14
39 162
194 95
159 188
98 35
12 134
164 199
52 197
151 197
50 153
70 60
98 142
98 66
194 90
52 49
52 116
10 200
151 49
189 178
151 116
43 186
130 28
97 28
176 145
149 183
19 168
63 62
52 20
10 68
184 44
118 199
151 20
72 89
176 40
97 130
72 37
46 182
50 16
48 14
89 37
10 125
52 105
59 84
72 71
176 133
52 166
148 124
171 79
171 17
151 105
137 82
194 35
151 166
149 3
171 110
10 195
108 44
194 142
194 66
189 101
105 166
48 153
189 21
197 49
19 62
113 179
191 128
98 134
197 116
137 18
148 36
10 193
72 111
147 187
89 71
47 162
79 17
171 87
55 22
106 163
72 1
52 200
192 82
52 68
49 116
56 140
189 116
194 134
189 49
27 91
151 200
151 68
52 125
189 197
94 42
200 68
55 74
48 16
131 163
189 20
151 125
94 168
137 178
52 195
192 18
171 14
174 186
121 163
194 98
197 20
151 195
52 193
189 166
106 28
57 186
171 153
137 101
10 187
151 193
189 105
72 162
114 146
75 165
137 21
42 168
94 62
137 116
47 39
131 28
137 49
34 53
23 29
158 22
171 16
55 170
137 20
55 13
149 25
121 28
176 15
52 187
2 26
167 181
10 147
137 197
190 168
192 178
79 110
185 81
189 68
137 166
21 116
148 54
158 74
200 125
151 187
190 42
170 13
83 155
189 125
189 200
21 49
47 82
89 111
89 1
9 5
111 1
45 186
96 7
137 105
149 17
149 110
149 79
52 147
115 168
6 58
192 101
51 92
197 166
102 84
192 116
72 39
192 49
72 82
115 42
137 68
10 183
189 195
39 82
151 147
192 21
184 163
192 20
137 125
47 18
21 20
149 87
190 62
108 163
19 63
158 13
52 183
137 200
132 181
104 175
158 170
10 3
44 163
115 62
189 193
72 18
164 186
52 3
25 17
86 165
192 166
101 116
25 110
151 183
167 91
167 27
77 7
2 29
137 195
109 163
25 79
185 78
6 126
192 197
189 187
184 28
151 3
4 128
108 28
115 190
101 49
17 110
47 178
72 178
137 193
52 10
44 28
72 47
8 135
55 53
149 14
97 181
72 116
192 105
137 187
47 116
130 181
55 34
72 49
86 75
55 95
72 101
132 91
47 49
159 198
72 20
132 27
47 101
148 155
109 28
167 67
50 143
47 20
176 100
171 48
12 163
34 95
192 68
55 90
72 21
72 166
21 166
39 18
147 183
26 29
180 7
61 141
101 20
192 125
52 110
52 17
47 166
149 153
52 79
47 21
25 87
10 110
83 172
176 152
10 17
193 187
10 79
72 197
132 67
52 87
65 168
129 119
97 91
89 162
76 29
178 116
46 141
130 91
52 25
55 35
97 27
151 110
130 27
151 17
12 28
189 183
56 168
118 186
192 200
72 105
55 142
55 66
10 87
151 79
83 161
148 172
149 16
72 68
194 163
59 22
72 125
137 183
158 53
47 197
10 25
158 95
148 161
189 147
189 3
151 87
147 3
158 34
177 41
148 83
121 131
178 49
137 3
160 124
47 105
52 14
137 147
188 198
158 90
151 25
97 67
6 124
47 68
76 26
56 65
77 96
144 123
130 67
72 200
42 62
148 154
6 160
47 125
192 195
69 29
114 84
194 28
43 146
178 20
59 74
39 116
6 36
83 154
10 14
43 84
56 62
192 187
52 153
146 84
56 42
65 62
151 14
72 195
53 95
65 42
39 49
158 35
55 134
171 143
72 187
39 20
106 181
158 142
158 66
148 37
52 16
160 36
59 13
137 189
105 68
47 200
39 178
43 114
61 135
10 153
46 135
192 193
101 166
148 71
151 153
72 193
139 30
140 168
105 125
72 192
137 110
106 91
38 29
195 187
59 170
39 166
137 17
189 110
10 16
106 27
104 80
121 181
189 17
151 16
46 61
39 101
182 141
137 79
48 143
131 181
197 68
47 187
189 79
47 195
83 37
197 125
148 1
137 87
189 87
72 183
121 91
151 10
178 166
131 91
121 27
182 135
25 14
131 27
106 67
158 134
72 3
192 183
6 54
148 111
70 123
68 125
174 84
104 93
141 135
148 162
83 71
69 26
24 11
98 163
47 193
137 14
197 105
49 20
192 3
161 154
94 63
180 96
137 25
121 67
140 62
189 14
52 149
131 67
156 60
34 90
109 44
9 60
81 78
72 147
137 153
9 156
189 25
47 183
102 22
39 21
89 82
18 116
59 95
57 84
72 110
132 167
111 162
59 53
72 17
137 16
47 3
189 153
39 125
98 28
72 79
140 42
39 68
59 90
172 154
83 1
72 87
148 82
59 34
24 199
86 29
38 26
51 198
147 110
184 181
184 91
200 187
189 16
148 89
184 27
181 91
108 91
108 181
21 125
147 17
175 80
59 35
18 20
108 27
192 110
59 142
59 66
21 68
192 17
18 49
6 155
109 91
72 14
39 105
25 153
102 74
109 181
44 91
192 147
109 27
192 79
102 13
45 84
184 67
148 116
147 79
44 181
192 87
104 145
44 27
164 84
148 20
193 183
75 29
108 67
43 22
147 87
148 49
181 27
47 110
148 18
39 197
83 162
47 17
148 166
72 153
6 154
12 91
72 25
175 93
109 67
164 45
47 79
72 16
151 149
47 87
12 27
15 100
85 168
44 67
6 172
74 13
12 181
104 40
178 101
55 163
6 161
83 111
39 187
25 16
148 101
148 178
194 91
47 147
6 37
102 170
165 29
114 22
38 69
18 166
192 14
194 27
127 99
132 58
89 116
12 67
43 13
148 125
193 3
59 134
52 143
194 181
43 74
148 68
51 188
146 22
79 87
55 28
6 71
160 54
104 133
89 20
197 187
167 58
148 21
47 14
194 67
174 22
89 49
39 200
97 58
148 105
161 37
130 58
88 80
6 1
158 163
192 153
148 187
89 166
148 197
43 170
132 126
192 16
10 149
114 13
151 143
88 93
102 95
6 162
47 153
83 82
148 200
147 14
57 22
176 11
114 74
85 62
174 146
158 28
172 37
174 13
56 190
146 13
47 16
167 126
89 18
104 100
105 187
97 126
102 53
46 8
148 39
174 74
102 90
50 128
148 195
130 126
86 26
192 25
19 29
39 195
146 74
148 183
6 111
10 143
178 125
39 183
43 95
148 3
164 22
97 167
149 143
34 35
181 67
139 135
102 35
102 34
195 183
94 29
21 187
102 142
6 82
102 66
47 25
45 22
57 13
43 53
115 63
43 90
104 15
39 3
176 199
114 170
38 76
148 193
112 179
101 125
83 116
174 170
53 90
24 186
106 58
104 152
130 167
57 74
148 110
34 142
83 20
43 35
51 159
178 68
132 124
43 142
43 34
43 66
34 66
6 116
148 17
146 170
164 13
137 143
6 20
83 49
132 36
148 87
174 114
121 58
6 49
155 154
148 79
83 166
191 168
89 125
6 166
115 29
6 83
45 13
97 124
164 74
174 95
193 110
130 124
114 95
4 168
85 42
118 84
147 153
15 152
89 101
175 145
63 29
167 124
195 3
97 36
131 58
89 68
130 36
57 170
106 126
59 163
9 123
148 14
167 36
174 90
61 8
6 18
45 74
146 95
174 53
147 16
39 110
114 90
101 68
88 145
114 53
193 17
6 125
89 178
174 35
21 105
174 142
164 170
121 126
174 66
6 68
171 128
72 189
39 17
200 183
6 101
59 28
57 95
114 35
146 90
174 34
161 71
72 143
114 142
114 66
189 143
83 18
146 53
193 87
6 178
39 87
148 153
39 193
132 54
137 149
148 16
6 89
114 34
6 187
131 126
89 187
111 82
88 175
164 95
45 170
146 35
57 90
184 58
102 134
83 125
160 154
146 142
4 191
39 79
146 66
197 183
57 53
88 40
148 147
4 62
191 62
43 134
108 58
97 54
175 40
133 100
57 35
98 91
130 54
146 34
83 68
164 90
57 142
57 66
6 105
193 79
172 71
45 95
6 21
109 58
164 53
180 77
55 91
178 187
106 124
83 101
164 35
75 26
98 27
57 34
167 54
164 142
164 66
200 3
6 183
55 27
156 123
106 36
160 155
144 80
144 93
18 125
45 90
88 100
56 29
83 187
44 58
6 197
160 37
6 3
12 58
197 3
6 200
164 34
121 124
184 126
132 154
45 53
194 58
43 102
55 98
88 133
83 178
49 166
55 67
45 35
155 37
47 192
98 67
121 36
39 14
148 25
118 22
45 142
108 126
45 66
12 44
175 100
80 93
6 195
97 154
6 110
132 37
109 126
130 154
132 155
131 124
158 91
112 113
6 17
195 110
45 34
139 141
174 134
89 105
6 87
92 198
101 187
131 36
197 200
97 37
158 27
176 186
132 160
130 37
21 183
167 154
97 155
6 79
12 126
194 44
194 126
44 126
130 155
86 69
175 133
132 71
89 183
4 42
70 93
55 181
70 80
111 116
118 13
136 117
88 152
160 71
89 21
158 67
106 54
132 172
57 146
167 37
132 161
6 193
114 134
97 71
83 105
190 29
6 14
18 68
132 1
83 183
130 71
191 42
89 3
184 124
97 160
111 20
193 14
167 155
105 183
195 17
98 181
121 54
97 172
132 162
130 160
184 36
108 124
72 149
97 161
130 172
195 87
197 110
21 3
31 117
83 3
83 21
97 1
39 153
57 134
130 161
130 1
43 163
39 16
160 172
194 12
146 134
109 124
108 36
164 134
97 162
170 95
167 71
53 35
200 110
106 154
130 162
161 1
65 29
109 36
160 1
160 161
104 11
6 153
131 54
6 16
88 15
164 146
102 163
118 74
47 143
86 76
111 166
175 152
194 124
43 28
12 124
89 110
40 100
121 154
167 172
83 110
158 181
132 82
18 187
106 37
6 39
167 1
192 143
44 124
194 36
167 161
160 162
12 36
83 89
111 49
50 168
197 17
53 142
83 200
167 162
132 116
197 87
38 2
172 1
89 200
44 36
97 82
102 28
132 20
105 3
121 37
167 160
19 165
83 17
83 87
45 134
130 82
131 154
53 66
106 155
89 17
89 87
132 166
19 26
83 197
118 95
97 116
132 49
120 41
94 165
94 26
165 26
59 91
97 20
144 145
130 116
104 199
132 111
106 71
184 54
200 17
200 87
130 20
174 163
17 87
118 170
97 166
195 79
21 110
89 197
131 37
97 49
161 162
130 166
121 155
59 27
108 54
23 30
130 49
83 79
121 71
97 111
83 195
167 82
46 198
118 90
109 54
106 1
23 135
130 111
174 28
184 154
30 135
106 172
59 67
89 79
106 162
148 143
167 116
94 19
118 35
106 161
172 162
164 57
144 100
167 20
52 48
118 142
132 125
118 66
108 154
194 54
121 1
178 183
118 53
131 155
12 54
153 16
167 166
109 154
6 147
197 79
131 71
184 37
121 162
89 195
121 172
167 49
160 82
97 125
158 98
132 68
132 187
83 14
171 168
21 87
114 163
121 161
130 125
44 54
144 40
194 154
164 163
108 37
21 17
57 163
50 62
105 110
137 10
12 154
115 26
109 37
68 187
155 71
160 116
97 187
97 68
106 82
131 1
70 145
167 111
130 187
130 68
132 18
160 20
61 198
164 114
44 154
131 162
106 116
194 37
6 25
89 14
106 20
164 28
114 28
12 37
146 163
57 28
131 172
184 71
182 8
140 29
121 82
132 101
106 160
184 155
175 15
106 166
131 161
118 34
136 138
97 18
160 166
178 3
193 16
121 116
200 79
52 128
70 100
9 93
106 49
44 37
121 20
132 183
193 153
130 18
108 71
167 125
38 135
108 155
97 101
109 71
160 49
57 114
121 166
133 152
132 3
45 163
184 1
46 92
130 101
109 155
132 178
170 90
97 183
146 28
184 162
121 49
167 187
31 138
194 71
130 183
131 82
195 14
167 68
132 110
105 87
55 58
131 116
108 1
97 3
9 80
12 71
144 152
194 155
121 160
131 20
108 162
130 3
144 133
109 1
106 111
88 11
97 178
184 172
132 87
2 135
59 181
97 110
109 162
197 14
12 155
45 28
83 16
105 17
132 17
132 105
131 166
184 161
130 178
83 153
130 110
189 149
194 1
115 165
44 71
178 110
48 128
70 40
106 125
194 162
21 79
131 49
97 87
108 172
12 1
180 117
97 17
171 62
86 135
101 183
130 87
12 162
108 161
121 111
97 105
130 17
44 155
184 82
109 172
167 18
54 154
106 187
184 116
132 79
182 198
130 105
109 161
121 125
184 20
132 21
74 95
106 68
83 193
167 183
194 172
44 1
170 35
148 192
108 82
77 117
167 101
108 116
44 162
194 161
184 166
38 30
24 84
51 107
136 73
97 79
24 22
132 200
84 22
108 20
109 82
121 187
109 116
8 198
12 172
130 79
167 3
132 14
109 20
170 142
97 21
184 49
158 58
12 161
194 82
121 68
194 116
108 166
88 199
55 126
167 110
194 20
170 66
130 21
109 166
97 200
111 125
12 82
12 116
89 16
97 14
131 160
131 125
4 85
160 125
31 73
108 49
131 111
178 87
132 197
160 111
132 195
194 166
43 91
12 20
82 116
130 200
86 2
130 14
104 186
70 152
109 49
89 153
197 195
167 87
129 179
44 172
200 14
167 178
18 183
145 100
106 183
12 166
167 17
156 93
106 18
194 49
131 187
44 161
24 13
44 116
44 82
97 195
97 197
178 17
50 42
44 20
101 3
160 187
106 3
12 49
131 68
106 101
43 27
139 198
130 195
130 197
106 110
61 92
121 183
98 58
161 116
44 166
70 133
167 105
121 18
184 125
21 14
132 16
167 79
43 67
121 3
76 135
161 82
132 153
6 143
106 87
155 1
155 162
1 162
160 68
44 49
121 101
184 111
121 110
172 116
184 187
161 20
118 134
106 17
108 125
101 110
111 187
97 16
129 113
109 125
158 126
97 153
106 178
130 16
156 80
194 125
184 68
121 87
108 187
167 14
172 82
56 63
172 20
130 153
82 20
108 111
86 30
131 183
69 135
109 187
105 79
121 17
102 91
18 3
55 124
148 47
194 187
132 89
144 15
109 111
167 21
12 125
151 128
108 68
106 79
194 111
51 150
131 3
184 160
167 200
106 105
174 91
131 18
131 110
109 68
175 11
55 36
121 178
18 110
12 187
54 37
157 99
194 68
65 190
4 29
161 166
132 193
131 101
12 111
121 79
131 87
97 89
44 125
106 14
102 27
139 8
12 68
184 183
121 105
172 166
131 17
174 27
97 193
167 195
44 187
84 13
129 112
130 89
108 160
184 3
102 67
184 110
72 10
24 95
108 183
167 197
101 87
121 14
130 193
160 183
45 146
109 183
85 29
174 67
106 21
111 68
52 168
194 183
109 160
180 138
184 18
106 200
98 126
167 16
2 30
44 68
108 3
194 160
108 110
184 87
44 111
109 3
109 110
131 178
184 101
9 100
55 154
3 110
194 110
194 3
167 153
131 79
56 26
59 58
12 183
184 17
158 124
160 110
89 193
160 3
164 91
171 42
108 18
178 79
108 87
18 87
121 21
144 11
109 87
12 110
121 200
109 18
194 87
12 3
77 138
158 36
194 18
108 101
108 17
24 74
106 195
131 105
101 17
197 16
39 147
161 49
131 14
109 17
109 101
194 17
24 90
194 101
55 37
106 16
12 160
118 163
24 35
106 197
12 87
57 91
24 142
175 199
44 183
160 87
9 145
24 66
105 14
184 79
106 153
12 18
164 27
172 49
12 17
174 102
44 110
176 22
184 178
121 195
55 54
12 101
191 29
44 3
18 17
121 16
63 26
160 17
160 18
74 90
164 67
170 53
108 79
194 109
197 153
194 79
184 14
109 79
70 15
39 25
121 153
121 197
158 154
21 200
44 87
118 28
114 91
184 105
75 135
132 83
195 16
155 116
160 101
108 178
57 27
180 73
94 135
131 200
194 178
44 17
131 21
109 178
74 35
108 14
12 79
194 14
109 14
24 53
57 67
44 18
144 199
155 20
24 170
82 166
176 13
74 142
59 126
108 105
44 101
158 37
182 92
139 92
139 182
194 105
109 105
88 186
70 11
167 193
94 75
55 71
74 66
131 16
12 178
45 91
12 14
19 135
77 73
178 14
97 83
114 27
131 195
98 124
96 117
44 160
131 153
146 91
44 79
43 181
137 128
115 135
160 79
12 105
195 153
114 67
184 200
55 162
184 21
98 36
158 54
130 83
131 197
155 166
55 1
48 168
44 14
184 16
167 89
46 188
45 27
106 193
52 62
155 82
108 200
176 84
194 200
15 11
147 25
111 183
44 178
184 153
55 116
109 200
108 21
194 21
45 67
55 20
160 14
194 108
184 195
194 16
108 16
98 154
109 21
109 16
151 168
146 27
72 128
9 40
111 110
55 166
44 105
158 71
194 153
70 199
108 153
21 16
9 152
55 82
146 67
109 153
121 193
12 200
156 100
55 155
194 195
12 16
184 197
59 124
108 195
24 34
12 21
109 195
158 162
38 23
98 37
55 49
12 153
160 178
200 16
59 36
106 89
176 95
158 1
40 152
194 197
127 78
111 3
59 154
108 197
12 195
158 116
132 25
109 197
158 20
132 147
101 79
44 16
111 87
21 153
160 105
158 166
18 79
44 200
155 49
97 25
59 37
44 153
183 110
12 197
158 82
90 35
44 21
121 89
144 175
10 128
97 147
55 172
130 25
36 154
55 161
131 193
176 35
176 90
55 125
55 187
174 181
158 49
176 142
125 187
130 147
176 66
1 116
151 48
158 155
200 153
44 195
50 29
165 135
98 54
161 187
111 17
43 58
8 92
161 125
156 145
196 64
132 39
90 142
18 101
172 187
84 95
137 168
1 20
3 87
115 19
98 71
172 125
102 181
160 16
184 193
44 197
55 68
176 74
18 14
124 154
101 14
96 138
72 168
59 54
97 39
98 162
115 75
9 133
158 187
194 193
55 110
158 125
59 71
86 23
55 183
160 153
98 116
108 193
158 172
19 75
15 199
98 20
109 193
158 161
176 53
130 39
55 87
59 162
98 1
55 3
56 135
132 143
98 166
59 116
59 20
164 181
131 89
61 188
160 200
55 17
12 193
59 1
97 143
59 166
144 186
151 62
54 71
158 68
90 66
98 82
130 143
176 170
9 11
158 110
43 126
1 166
36 37
59 82
174 58
171 29
98 49
158 183
96 73
55 111
76 30
48 62
158 87
83 25
59 49
10 168
160 21
175 186
158 3
55 79
24 134
156 152
123 93
184 89
167 25
158 17
57 181
68 110
39 143
55 14
162 116
139 188
105 16
54 116
44 193
102 58
54 162
60 93
191 85
43 154
194 89
160 195
104 22
167 83
124 37
141 198
106 25
54 20
84 35
111 79
84 142
178 16
155 187
69 30
24 163
167 147
98 187
59 187
98 155
70 186
59 155
164 58
118 91
59 98
84 66
9 199
55 101
176 34
108 89
59 125
43 37
162 20
98 125
55 18
84 90
109 89
161 110
133 11
104 13
43 124
83 147
156 40
148 149
158 79
172 110
121 25
106 147
63 135
52 42
24 28
94 30
158 111
106 83
60 123
54 166
155 125
43 36
158 14
174 126
111 14
161 68
12 89
71 116
59 110
172 68
137 62
57 58
94 69
98 110
118 27
121 147
118 67
72 62
161 183
174 154
59 68
55 16
161 87
157 78
59 172
71 20
59 183
59 87
183 87
59 161
167 143
172 87
172 183
114 181
45 181
98 68
27 67
105 153
98 87
98 183
158 101
98 172
45 114
59 3
106 143
46 159
56 165
178 153
55 153
55 178
51 169
55 105
98 161
115 30
174 37
121 83
74 53
158 18
59 17
160 197
127 81
102 126
9 15
98 3
43 116
68 87
43 20
164 126
94 76
102 154
98 17
43 71
104 95
121 143
43 162
164 154
43 166
131 25
72 137
161 3
54 1
174 124
162 166
178 105
158 16
172 3
68 183
83 143
45 58
156 11
139 61
114 58
19 30
174 36
102 37
161 17
126 154
164 37
155 110
43 1
172 17
71 166
59 79
43 54
158 153
43 82
55 200
43 49
184 25
44 89
59 14
57 154
194 25
131 147
146 181
104 35
104 142
57 126
38 198
86 198
86 38
104 66
158 105
134 163
54 82
167 39
158 178
70 175
54 49
98 79
174 116
115 69
164 102
174 20
104 90
182 188
106 39
98 14
164 124
128 168
82 49
102 124
57 37
174 166
131 143
108 25
109 25
55 21
155 87
109 108
174 71
55 195
174 162
146 58
164 36
43 187
60 80
133 199
102 36
71 162
35 142
5 93
10 62
184 147
129 93
194 147
115 76
59 111
12 25
129 5
45 154
164 116
43 125
189 168
156 199
164 20
102 116
88 22
184 143
155 183
194 143
114 154
102 20
75 30
176 163
164 166
174 1
121 39
194 184
174 49
18 16
156 133
102 166
174 82
43 110
158 200
21 195
189 128
126 37
88 13
176 134
164 162
45 37
1 49
45 126
164 71
109 147
57 124
59 101
108 147
109 143
102 162
108 143
176 28
114 37
102 71
43 87
147 143
174 54
114 126
155 68
59 16
36 116
55 197
57 116
181 58
57 36
59 18
23 198
57 20
98 111
36 20
43 183
12 143
106 167
104 84
146 154
123 80
174 187
12 147
155 3
155 17
57 166
3 17
164 49
158 195
131 83
43 68
158 21
164 1
164 82
104 53
43 17
43 3
59 153
1 82
9 186
102 49
134 28
101 16
43 155
6 192
102 82
102 1
124 116
57 162
174 125
98 16
146 37
57 71
124 20
36 166
98 101
40 11
174 110
44 25
54 187
52 29
68 17
84 53
104 74
19 69
45 116
164 187
148 168
45 20
164 54
139 159
161 79
174 87
68 3
45 124
146 126
98 18
114 116
102 187
57 49
45 166
114 20
88 95
172 79
157 81
161 14
98 153
57 82
124 166
102 54
59 105
86 141
57 1
164 125
172 14
114 166
45 36
114 124
72 48
194 83
174 183
65 26
164 110
44 143
43 79
59 178
151 42
43 14
45 162
184 83
102 125
158 197
18 153
43 172
174 17
102 110
19 76
43 161
129 80
114 36
174 3
111 16
45 71
164 87
174 68
57 187
114 162
146 116
181 154
38 141
146 20
65 135
102 87
160 193
114 71
125 110
148 128
45 49
104 170
88 142
146 166
88 35
44 147
164 183
88 66
54 110
57 110
131 39
54 125
57 125
57 54
45 82
55 193
36 162
164 17
114 49
174 155
45 1
164 3
102 183
88 90
24 91
55 160
26 135
164 68
57 87
114 82
146 124
59 200
102 17
98 105
129 123
45 187
146 162
114 1
102 3
109 83
174 79
174 14
181 37
137 48
146 36
108 83
4 140
102 68
194 39
98 178
114 187
146 71
61 159
60 100
57 183
54 87
101 153
104 34
45 110
126 116
146 49
124 162
79 14
57 17
45 125
184 39
36 71
126 20
57 3
114 110
59 195
144 22
45 87
146 82
43 16
164 155
58 154
164 14
164 79
24 67
32 99
12 83
114 125
57 68
155 14
144 13
174 172
155 79
2 198
59 21
45 54
174 161
111 153
5 80
114 87
146 1
146 187
84 74
24 27
126 166
36 49
129 100
1 187
102 14
102 79
45 183
158 193
72 42
43 153
94 198
146 110
45 17
102 155
114 54
109 39
43 111
45 3
98 200
108 39
114 183
190 135
112 93
43 101
118 154
124 71
146 125
114 17
15 186
57 14
146 87
124 49
40 199
25 143
57 79
115 198
181 116
71 49
181 20
54 183
45 68
114 3
164 172
118 58
149 168
156 186
164 161
125 87
12 39
88 53
189 62
137 42
174 16
54 17
43 18
118 37
70 22
36 82
181 166
57 155
144 95
70 13
156 15
114 68
56 30
59 197
111 101
123 100
146 183
1 110
146 17
129 60
50 85
58 37
36 187
98 195
177 7
94 2
45 14
148 62
45 79
146 54
146 3
102 172
54 3
174 153
117 138
102 161
164 16
151 29
48 42
118 116
118 20
124 82
19 198
98 21
114 14
104 163
158 160
124 187
36 110
114 79
118 166
146 68
144 142
144 35
144 66
113 93
82 187
43 105
104 28
88 74
102 16
174 101
8 188
89 143
124 110
57 172
164 153
57 161
174 111
70 95
175 22
45 155
175 13
183 17
144 90
176 91
43 178
146 14
117 73
1 87
57 16
36 87
115 2
146 79
5 100
126 162
36 1
174 18
88 84
181 162
47 168
82 110
102 153
126 49
190 26
118 162
76 198
124 87
181 49
179 93
164 101
114 155
54 68
71 187
181 126
118 49
58 116
69 198
118 126
58 20
118 181
161 16
6 168
152 11
70 142
72 29
172 16
70 35
164 111
70 66
57 153
88 170
71 110
148 189
118 187
118 110
36 125
118 71
43 200
45 16
59 193
176 67
181 187
145 11
98 197
118 82
181 110
45 172
58 166
164 18
45 161
89 25
107 150
44 83
104 134
124 1
75 198
181 71
126 187
118 87
55 143
126 110
70 90
22 13
175 95
181 82
174 105
176 27
32 78
187 110
102 101
88 34
114 16
137 29
124 125
162 49
44 39
4 135
54 14
181 87
118 1
145 152
118 125
6 47
45 153
43 195
146 155
118 124
126 71
102 111
1 125
114 172
174 178
126 82
57 101
114 161
121 167
126 87
54 79
51 41
36 17
82 87
55 25
118 17
71 87
118 36
102 18
71 82
138 73
118 183
164 105
129 11
114 153
146 16
36 183
57 111
43 21
175 142
194 131
175 35
181 125
124 17
55 89
175 66
157 127
162 110
118 3
144 53
57 18
181 1
112 80
158 143
129 152
83 39
9 13
56 198
24 154
174 200
164 178
84 170
124 183
9 22
48 29
23 141
129 145
181 17
46 150
161 153
172 153
49 110
155 16
46 107
146 153
175 90
45 101
88 163
146 172
36 3
181 183
162 187
140 135
146 161
24 37
102 105
68 14
118 14
86 92
118 68
1 17
24 116
24 20
88 28
126 125
24 166
118 79
174 195
129 199
133 186
124 3
164 200
181 3
57 105
45 111
181 124
9 95
10 42
45 18
158 25
126 17
43 197
114 101
60 11
98 193
162 87
70 53
112 100
102 178
192 168
182 159
116 20
139 150
58 110
119 93
139 107
1 183
174 21
57 178
126 183
6 149
84 34
164 195
37 20
55 147
37 116
126 1
144 74
181 36
118 54
24 110
58 49
114 111
9 142
114 18
9 35
58 187
9 66
58 87
38 92
113 80
181 14
102 200
5 123
24 49
24 187
45 105
24 87
6 128
146 101
158 89
145 199
36 14
24 58
125 17
187 87
126 3
49 87
49 187
57 200
160 143
24 162
164 21
111 18
176 154
68 79
181 79
181 68
9 90
155 153
171 85
124 14
59 143
71 17
176 20
58 162
60 152
176 116
24 82
45 178
118 16
144 170
6 62
10 29
37 166
176 166
176 37
113 100
149 128
102 195
114 105
36 79
59 160
1 3
104 91
4 26
146 18
24 17
60 199
174 197
146 111
144 34
71 125
24 125
24 71
36 68
57 195
179 80
88 134
75 69
19 2
24 183
70 74
124 79
75 76
43 193
94 141
45 200
32 81
69 76
152 199
24 3
175 53
115 141
158 147
144 84
156 13
5 11
176 110
124 68
118 153
126 14
114 178
149 62
50 191
165 30
24 1
179 100
102 21
60 145
144 163
104 67
58 82
164 197
156 22
177 73
