278 753
586 622
810 462
890 142
852 561
32 747
899 183
741 386
746 364
694 909
730 439
947 571
908 589
78 256
888 783
124 433
512 494
679 392
425 214
816 972
859 489
544 481
358 935
741 191
559 841
933 689
842 674
400 423
472 675
977 376
162 321
174 524
791 142
846 529
286 753
586 440
850 994
626 295
835 843
622 440
985 555
883 955
842 954
356 969
271 555
674 954
572 447
742 669
386 191
241 861
237 555
772 938
934 331
741 480
271 985
32 708
32 263
347 747
708 263
116 789
378 239
707 672
929 428
902 374
347 263
83 264
667 236
700 441
974 381
747 263
325 892
186 296
347 708
79 408
585 858
822 797
811 497
398 192
386 480
700 44
237 985
32 911
604 967
304 5
316 782
747 708
347 911
356 808
77 760
253 869
706 711
824 274
496 681
253 30
629 274
609 839
536 210
275 677
402 605
77 841
869 30
108 153
511 969
745 41
629 824
747 911
204 210
832 383
34 98
791 890
204 536
852 917
656 447
190 688
760 841
340 101
708 911
544 372
86 497
845 148
473 969
380 263
339 858
191 480
441 44
86 811
803 366
548 642
629 848
819 242
79 829
171 480
286 278
347 32
81 670
535 980
171 191
995 424
380 911
996 953
718 727
406 73
511 808
824 848
700 481
13 364
450 72
82 49
751 329
473 808
1000 231
294 374
648 672
95 359
405 502
77 559
773 873
781 948
347 620
380 708
32 620
713 717
943 672
441 481
518 366
832 882
44 481
459 105
566 506
700 372
746 698
561 917
570 413
24 972
201 889
706 259
314 748
974 119
6 664
588 994
943 648
517 506
325 538
211 554
330 981
65 537
247 923
747 620
899 92
382 311
149 981
144 554
31 366
149 330
144 211
859 523
473 511
288 841
171 386
380 620
77 359
591 617
929 935
943 707
441 372
456 374
260 748
569 429
896 209
733 841
405 227
39 703
438 619
260 314
461 217
44 372
818 627
632 497
741 469
77 95
949 841
322 381
984 617
684 533
428 935
284 540
943 317
821 581
897 886
416 861
894 236
530 828
380 747
648 707
949 733
491 74
559 359
905 804
468 74
13 698
471 841
708 620
58 717
833 383
563 619
570 412
871 236
684 854
270 236
182 242
270 871
648 317
468 491
810 861
558 246
713 85
215 352
707 317
270 894
653 310
172 537
245 75
517 566
949 288
949 760
288 760
810 416
632 811
171 469
700 544
322 119
671 74
289 231
949 359
288 359
86 48
64 714
112 375
733 760
486 300
733 359
760 359
413 412
12 680
533 854
169 753
584 418
949 559
833 882
398 381
737 311
471 359
832 139
54 962
807 429
949 95
984 591
386 469
671 491
404 919
645 525
945 889
471 760
104 546
914 873
152 51
398 119
945 201
394 229
347 793
473 356
68 658
288 559
288 95
559 95
733 95
76 192
671 468
276 582
733 559
459 479
58 85
471 95
471 559
704 383
325 313
245 946
913 264
471 733
237 271
570 801
471 288
673 906
90 72
993 300
699 293
999 56
32 793
713 680
821 853
251 776
573 567
821 500
145 114
382 986
82 761
733 288
228 106
527 969
493 440
853 500
947 234
704 882
398 322
810 241
270 667
932 148
892 538
58 680
745 799
410 421
693 457
380 793
434 126
381 119
413 801
867 395
769 357
362 717
805 135
760 95
306 256
713 12
623 448
661 280
741 786
112 738
562 458
82 412
254 311
347 55
79 677
705 898
871 894
706 618
942 994
679 664
384 841
527 808
769 922
851 928
270 489
840 538
741 519
443 672
370 183
357 922
382 841
609 196
446 743
82 801
382 384
216 376
683 47
58 12
305 521
792 809
351 619
197 885
13 746
742 310
737 986
382 359
632 48
443 317
97 969
747 793
384 359
840 892
792 236
666 654
809 236
588 850
79 275
639 711
76 119
82 413
653 711
237 160
833 139
737 841
32 55
653 639
271 160
511 356
362 85
629 440
358 295
76 381
401 849
560 672
505 188
382 95
171 786
986 841
398 974
737 359
667 489
362 680
260 35
761 412
560 317
949 77
382 760
16 957
270 523
262 717
171 519
647 678
405 460
380 55
679 6
78 151
272 681
382 559
97 808
548 619
384 95
791 417
52 126
254 841
986 359
729 3
874 827
52 434
228 176
737 95
471 77
851 971
496 257
653 259
737 384
462 861
254 359
266 524
761 801
191 469
85 680
82 570
737 760
4 419
819 571
481 372
672 317
669 310
384 760
737 559
254 986
526 972
769 71
792 894
629 493
586 114
303 502
382 288
180 20
792 871
58 713
262 680
192 119
949 712
54 701
704 139
929 295
1 399
384 559
254 95
584 592
471 712
382 733
262 85
809 894
249 321
470 834
140 49
602 310
534 242
809 871
357 71
362 12
742 711
986 95
461 687
254 760
270 859
254 559
639 259
311 841
495 360
77 712
737 288
842 2
382 712
382 77
747 55
29 994
685 506
792 489
824 440
159 516
181 442
586 145
737 733
311 359
254 384
474 106
471 949
412 801
79 907
845 418
819 234
809 489
459 688
737 712
642 619
88 183
192 381
382 949
914 773
541 497
382 471
986 760
742 259
86 383
737 77
370 92
837 919
637 217
86 882
840 313
669 711
386 786
386 519
254 288
602 711
428 295
986 559
443 707
899 887
792 667
578 937
383 882
132 395
237 467
254 733
254 712
792 523
112 621
649 841
401 503
821 264
742 639
553 101
733 712
616 374
262 12
388 235
649 359
271 467
737 949
31 518
58 861
653 618
718 447
311 95
737 471
68 239
629 622
117 309
629 114
548 351
486 715
667 523
622 114
713 861
254 77
552 183
26 955
774 312
717 680
809 523
477 596
602 669
174 141
786 519
474 176
809 667
902 299
602 259
632 882
669 259
637 687
871 489
556 317
453 516
149 105
288 712
362 861
632 383
144 925
993 715
384 712
13 332
384 288
649 95
140 801
629 145
560 707
334 376
54 858
845 592
470 485
254 949
140 412
846 820
303 227
894 489
373 582
254 471
495 355
260 17
832 582
262 861
311 760
832 373
294 299
248 841
248 359
841 359
649 760
311 559
182 571
389 854
985 160
58 462
649 559
360 355
325 433
556 672
347 798
384 733
495 676
777 243
649 311
792 859
245 928
708 793
742 618
245 971
602 639
580 958
149 479
76 322
16 492
310 711
483 756
182 234
265 395
629 586
401 583
392 664
86 139
633 991
986 712
851 164
12 861
58 416
360 676
228 502
453 159
961 390
149 688
483 153
713 462
890 417
248 95
441 544
807 569
669 639
756 153
112 506
362 462
505 156
88 92
683 554
622 145
834 485
382 575
656 572
928 971
382 998
674 2
380 32
493 114
845 584
384 77
746 332
713 416
76 974
875 73
362 416
649 712
737 575
479 688
809 859
737 998
637 461
849 503
251 757
362 713
48 882
406 597
456 299
671 57
602 618
132 867
892 313
824 114
853 264
634 56
571 234
474 502
245 164
552 92
632 139
248 760
432 965
254 575
837 404
755 393
254 998
248 559
669 618
470 964
85 861
261 965
649 986
311 712
217 687
328 727
262 462
649 288
824 493
228 227
262 416
508 802
382 41
48 383
701 858
245 851
993 486
737 41
140 761
899 336
58 241
286 387
47 554
986 288
406 431
679 374
811 882
380 798
541 882
717 861
531 969
649 733
541 811
462 416
963 954
32 798
833 582
649 77
254 41
49 801
248 712
362 241
824 145
382 799
855 750
140 413
832 276
929 358
474 227
500 264
829 677
737 799
261 432
871 523
347 937
639 618
581 264
310 259
819 947
621 506
541 383
713 241
653 706
438 199
932 418
65 212
857 22
493 145
811 383
355 676
176 502
254 799
803 716
228 303
573 815
988 274
649 384
563 199
531 808
581 500
262 241
382 745
737 745
443 648
106 502
347 578
680 861
112 685
982 664
105 688
824 622
694 711
986 733
737 382
833 373
248 311
738 506
225 893
894 523
347 127
267 953
248 288
254 745
986 77
704 582
505 202
400 333
375 506
311 288
319 605
327 954
322 974
474 303
649 949
541 48
849 583
371 676
143 359
248 733
840 433
834 964
248 77
694 259
172 212
408 677
557 167
425 962
371 355
844 801
149 459
31 716
932 592
248 986
250 521
143 841
708 55
380 937
49 412
657 317
541 139
649 471
305 363
649 575
339 585
265 867
12 416
471 575
649 998
564 148
988 848
471 998
438 876
48 139
347 293
830 951
451 955
534 234
733 77
32 937
140 570
497 882
563 876
272 257
560 648
683 211
653 540
518 716
311 77
176 227
311 733
628 614
694 310
106 227
35 17
735 173
988 440
649 41
578 127
262 713
535 30
143 95
811 139
993 231
704 373
228 460
742 706
380 127
380 578
949 575
844 412
761 413
597 431
736 732
848 440
306 151
985 467
949 998
112 566
548 199
486 231
402 236
738 621
474 460
425 858
649 799
32 127
106 176
833 276
347 699
384 575
12 462
248 575
248 384
191 519
248 998
32 578
384 998
254 382
86 582
875 431
921 948
248 949
85 416
844 49
653 284
694 618
108 170
471 41
875 597
742 540
534 571
679 616
426 292
380 293
407 142
497 383
52 555
162 750
370 887
248 41
375 621
392 6
548 876
928 164
602 706
112 517
362 58
717 416
737 714
649 745
824 586
248 471
274 440
922 71
829 275
769 207
254 714
147 734
747 798
143 760
632 582
982 6
625 619
143 559
384 949
382 714
32 293
191 786
482 664
162 855
314 17
602 540
328 447
480 469
493 622
12 241
248 799
384 41
143 712
949 41
406 255
982 392
438 812
346 71
129 909
982 374
962 858
279 153
392 374
104 814
679 299
630 263
563 812
346 922
291 501
658 239
73 431
250 363
556 707
986 575
347 329
742 284
704 276
471 799
986 998
988 114
657 672
706 540
6 374
845 221
932 584
47 211
402 489
311 575
444 372
380 699
846 784
311 998
616 299
351 199
347 751
248 745
668 431
319 236
86 373
550 359
310 618
892 433
602 284
970 780
669 540
497 139
73 597
384 799
705 678
129 711
85 462
605 236
351 876
357 207
156 202
286 954
832 651
694 639
88 887
32 699
637 317
435 728
845 464
559 712
515 442
629 935
452 23
630 911
986 41
909 711
548 812
61 56
737 64
550 841
85 241
669 706
668 597
254 64
949 799
552 887
311 41
803 997
499 424
408 275
760 712
747 937
709 524
717 462
214 858
129 259
37 359
717 241
632 373
254 737
402 523
382 64
803 640
848 114
380 329
462 241
474 228
182 947
311 986
541 582
629 295
980 30
971 164
482 374
179 22
792 270
389 533
31 997
909 259
330 688
988 145
642 199
642 876
550 95
199 876
37 841
649 714
380 751
188 202
468 57
311 799
669 284
86 276
370 336
593 843
986 799
31 640
667 859
957 492
179 857
116 70
875 255
668 73
444 481
319 489
32 329
334 216
656 770
375 738
237 113
106 303
425 701
792 312
274 114
747 127
471 745
106 460
118 235
143 288
832 19
146 727
270 312
384 745
303 460
347 920
271 113
461 317
710 395
605 489
65 166
37 95
146 447
32 751
391 126
680 416
578 293
143 77
518 997
727 447
563 438
176 460
129 618
632 276
172 166
248 714
518 640
956 440
75 946
512 321
832 862
833 651
731 711
482 6
733 575
214 962
362 810
176 303
351 812
143 575
842 696
384 471
747 293
572 770
143 733
143 998
982 299
733 998
844 413
179 624
668 255
630 620
391 434
747 578
637 672
221 464
792 774
130 447
735 23
48 582
740 109
550 712
706 284
73 255
88 336
319 523
811 582
387 954
932 464
230 524
143 41
735 452
552 336
250 305
748 17
932 221
731 259
914 233
325 124
311 949
643 596
694 540
311 745
898 678
830 801
550 760
550 559
402 894
949 745
347 567
909 618
215 28
130 727
649 64
270 774
58 810
477 359
375 685
278 954
577 494
37 712
169 954
905 226
642 812
605 523
392 299
50 30
474 405
143 799
986 745
188 156
380 920
613 827
198 395
463 926
422 372
760 559
809 312
738 685
951 801
541 373
844 761
129 310
169 278
704 651
956 114
792 268
423 333
733 41
573 617
65 376
37 559
37 760
262 810
785 739
217 317
857 624
172 376
482 299
997 640
77 575
824 935
228 405
375 566
848 145
833 19
477 841
402 871
77 998
738 566
314 35
643 359
824 295
347 815
564 418
596 359
169 387
811 48
664 374
829 907
821 913
986 949
694 284
32 920
248 64
270 268
552 88
833 862
313 433
731 618
86 651
22 624
747 699
402 859
143 745
383 139
288 575
477 95
380 567
6 299
294 902
929 626
718 770
288 998
149 190
298 865
278 387
541 276
274 145
643 841
673 858
597 255
809 774
193 153
162 126
347 617
960 372
694 706
596 841
77 41
172 65
830 412
915 377
704 19
347 573
242 234
632 651
685 566
339 17
736 509
564 592
747 329
162 434
62 804
629 428
402 667
680 241
334 977
482 392
446 856
590 644
497 582
733 799
143 949
346 207
988 622
461 672
643 95
809 268
266 141
32 567
585 17
288 41
687 317
44 544
375 517
704 862
380 815
596 95
143 986
629 358
548 438
951 412
86 19
683 925
477 712
463 600
408 907
747 751
956 145
909 310
693 440
738 517
262 58
311 471
844 570
319 894
339 748
558 917
86 862
598 263
463 614
422 481
384 714
935 295
503 583
150 854
129 639
111 865
550 575
380 617
715 231
563 128
548 128
186 583
550 998
693 114
601 309
186 503
548 563
625 876
609 975
629 626
111 298
632 19
521 363
438 128
548 87
563 87
37 575
477 559
550 41
143 471
942 850
477 760
37 998
166 376
470 287
585 748
347 591
438 87
32 815
37 41
643 712
871 859
143 311
254 771
230 709
637 657
143 714
311 714
788 43
538 433
129 540
380 573
717 85
453 873
629 929
632 862
852 46
550 288
471 714
982 616
596 712
472 359
319 859
362 25
550 77
37 288
550 799
731 310
577 321
985 113
77 799
319 871
385 882
737 771
37 799
590 952
718 572
37 77
811 373
906 858
713 810
584 464
541 651
605 894
347 984
586 295
32 617
842 682
52 160
598 911
143 384
835 506
960 481
31 803
643 559
48 373
643 760
600 614
288 799
586 935
431 255
496 45
629 125
986 714
54 17
629 175
852 430
111 702
899 8
262 25
874 202
832 42
362 103
550 733
639 540
37 733
472 841
58 25
596 559
956 274
664 299
621 566
596 760
339 35
463 628
602 742
988 493
613 202
32 573
245 631
37 550
605 859
877 801
988 295
129 284
493 295
637 707
625 199
440 114
380 591
494 321
914 861
382 771
217 672
391 555
565 469
988 935
855 126
37 745
319 667
915 317
747 920
339 314
550 745
262 103
162 555
774 268
377 317
605 871
541 19
493 935
625 812
472 95
457 114
585 35
457 440
16 222
798 937
693 145
385 139
949 714
152 136
811 276
473 554
58 103
699 329
86 704
54 748
380 984
162 391
541 862
149 587
897 936
118 388
661 973
613 874
477 575
52 467
477 998
48 276
477 41
909 540
585 314
855 434
832 864
718 656
351 128
548 854
351 87
821 83
731 540
184 858
673 962
233 861
214 701
598 620
635 263
128 87
330 105
298 702
32 591
143 64
840 124
988 586
750 126
833 42
642 87
642 128
929 125
564 464
863 317
563 854
273 366
929 175
747 567
385 383
731 909
998 41
649 771
477 799
199 812
630 793
183 92
482 616
438 854
832 18
472 712
956 848
47 925
556 648
657 707
827 202
993 289
680 462
605 667
679 456
643 575
643 41
643 998
731 639
125 175
94 235
700 343
54 35
735 919
908 447
172 216
773 861
37 714
602 653
622 295
909 639
792 804
733 745
548 150
172 977
32 984
86 42
865 702
713 25
130 146
674 696
993 1000
821 318
477 288
46 430
750 434
155 352
629 60
474 711
477 77
129 706
296 583
550 714
830 49
643 799
54 314
635 911
704 42
247 9
248 771
993 838
596 575
596 41
575 41
596 998
534 947
922 207
65 216
710 867
29 850
228 711
474 259
593 506
65 977
563 150
731 284
671 153
675 359
472 559
504 359
590 109
833 864
986 471
792 62
747 815
881 607
632 42
472 760
144 802
296 503
824 428
52 113
877 412
477 745
37 949
1000 838
564 584
228 259
438 150
504 675
311 384
633 120
294 860
894 859
909 284
596 799
713 103
491 57
824 358
622 935
564 221
477 733
216 977
425 17
578 329
708 937
811 651
385 582
833 18
747 617
311 64
824 626
86 864
629 568
511 554
384 64
643 288
457 145
643 77
483 170
330 479
621 685
956 295
282 858
952 109
550 949
902 860
981 688
289 838
351 854
497 373
644 109
642 854
679 860
86 18
474 618
48 651
630 55
584 221
288 77
613 156
643 745
742 653
83 318
704 864
679 902
621 517
843 506
504 841
144 508
632 864
824 175
675 841
198 867
848 295
687 672
824 125
548 533
228 618
405 711
602 348
172 334
708 798
635 620
956 935
249 126
37 471
951 49
643 733
347 100
704 18
632 18
632 704
596 77
685 517
596 288
477 714
830 413
855 555
486 838
270 804
54 585
639 284
742 348
708 127
274 295
453 861
405 259
37 986
358 626
653 348
809 804
708 293
504 95
810 25
402 312
735 404
596 745
565 480
541 42
675 95
174 342
679 294
286 327
374 299
563 533
472 41
50 980
106 711
693 295
37 64
249 434
368 109
456 860
472 575
472 998
915 672
565 519
874 156
127 293
811 19
238 119
679 292
747 573
438 533
446 194
497 276
576 235
848 935
655 502
65 334
377 672
513 317
106 259
212 376
798 293
294 292
643 714
486 289
550 471
176 711
310 540
798 127
824 929
986 64
425 748
472 799
428 626
750 555
809 270
159 873
486 1000
693 274
550 64
956 622
642 351
480 519
171 741
699 751
596 733
548 389
176 259
811 862
625 87
288 745
693 935
48 19
370 8
792 226
914 416
809 62
552 8
504 712
902 292
550 986
642 150
351 150
270 62
274 935
402 268
552 370
625 128
541 864
77 745
405 618
86 833
471 64
675 712
75 164
254 487
54 339
407 417
578 751
686 992
473 211
328 770
673 701
747 591
37 384
380 100
596 714
461 707
700 882
810 103
88 8
71 207
731 706
951 413
718 878
541 18
356 554
181 990
48 862
960 422
425 35
106 618
863 672
31 514
249 555
358 175
214 17
195 702
915 687
159 861
578 699
637 648
428 175
638 236
37 311
477 949
826 30
563 389
456 292
303 711
693 848
873 861
176 618
982 860
392 616
694 669
913 318
358 125
868 309
472 745
655 227
428 125
613 188
402 774
625 854
377 687
565 786
438 389
445 359
737 487
700 139
638 489
644 952
457 295
174 74
303 259
383 582
426 207
497 651
130 770
472 77
13 372
425 314
319 312
472 288
190 587
803 514
830 761
914 241
747 984
642 533
495 133
824 60
661 115
790 395
351 533
428 358
477 64
906 962
733 714
708 329
52 985
504 559
945 455
493 586
527 554
426 71
289 1000
146 770
504 760
673 17
982 292
723 359
82 485
661 66
694 348
482 860
550 384
626 175
675 559
467 113
162 160
272 45
474 540
643 949
347 11
342 74
675 760
32 100
693 622
669 348
184 962
679 207
472 714
409 202
495 490
477 471
21 858
988 175
792 905
319 268
143 771
988 626
457 935
643 64
700 582
472 733
824 568
343 882
785 619
988 125
230 141
303 618
482 292
228 540
679 71
909 706
589 447
197 931
499 995
460 711
445 841
367 299
809 226
283 955
254 889
39 369
233 416
701 17
708 751
944 321
516 861
700 383
979 92
97 554
550 311
626 125
638 523
988 358
773 416
605 312
172 768
946 164
606 359
186 849
162 113
294 207
988 428
732 509
460 259
598 793
474 310
518 514
254 201
270 226
477 986
192 974
548 684
740 775
674 682
632 833
504 41
184 906
162 467
195 865
735 837
679 426
382 487
249 750
949 64
497 19
542 783
902 207
445 95
723 841
649 487
785 876
982 456
655 711
504 575
82 964
966 411
140 485
642 389
504 998
830 570
945 299
474 284
343 139
708 699
643 471
675 41
982 207
512 126
385 373
115 66
456 207
596 64
294 71
504 799
655 259
214 748
351 389
228 310
737 889
815 617
605 268
908 727
679 922
455 299
827 156
380 11
596 949
65 768
951 761
497 862
637 556
675 575
367 374
468 153
319 774
675 998
551 224
723 95
482 207
54 260
511 211
649 382
834 287
773 233
735 861
763 502
228 284
863 687
560 443
675 799
902 71
837 861
248 487
737 201
128 854
347 353
625 150
184 17
982 71
385 276
13 481
512 434
445 712
656 878
460 618
180 858
811 42
708 578
926 614
227 711
848 622
979 183
473 925
606 841
906 17
288 714
453 416
512 555
643 986
773 241
673 748
982 902
456 71
233 241
477 384
691 92
106 405
655 618
347 524
563 684
195 298
482 71
950 488
286 963
214 35
426 922
227 259
945 374
343 582
763 711
835 566
385 651
236 489
819 101
625 533
874 188
723 712
777 469
77 714
140 964
598 55
361 765
310 284
434 555
37 771
763 259
577 126
106 540
482 456
606 95
785 812
438 684
404 861
474 639
129 348
405 540
502 711
86 832
932 845
253 454
590 775
472 64
513 672
635 793
48 42
914 462
392 860
673 35
956 586
152 466
655 460
294 922
746 372
455 374
392 292
504 745
286 2
441 882
502 259
988 929
988 60
217 707
982 922
87 854
649 889
477 311
577 555
391 160
176 540
130 328
798 329
929 60
596 471
360 133
763 227
963 2
619 876
391 113
282 962
577 434
739 876
739 619
453 241
402 804
661 721
392 207
382 889
605 774
360 490
982 294
811 864
919 861
32 11
214 314
282 17
649 201
228 639
763 618
482 902
39 828
643 384
482 922
973 66
902 922
809 905
184 701
982 426
361 177
227 618
472 949
675 745
606 712
380 353
266 74
962 17
595 876
765 177
480 786
380 524
160 113
441 139
951 570
294 426
452 861
493 175
860 292
595 619
956 175
504 714
248 889
988 568
860 207
254 299
382 201
292 207
459 587
708 920
353 524
88 370
673 314
385 19
23 861
550 771
811 18
956 493
456 922
249 855
133 490
956 125
493 125
616 207
494 126
173 861
877 49
343 383
693 586
274 622
445 559
708 567
248 201
897 99
691 183
504 77
693 175
68 378
927 91
482 426
494 555
445 760
586 175
199 854
502 618
616 292
441 582
877 413
385 862
675 714
973 115
693 125
368 952
504 288
48 864
106 284
807 281
616 860
594 776
956 626
451 26
254 374
635 55
756 170
785 854
816 158
270 905
737 299
184 748
586 125
392 71
339 260
643 311
642 684
405 284
596 986
753 954
44 882
477 771
603 148
835 517
12 25
347 709
630 937
482 294
630 293
723 559
785 199
493 626
632 832
391 467
159 416
126 555
735 516
494 434
347 141
572 878
693 626
625 389
785 87
791 916
48 18
538 313
723 760
182 101
902 426
590 740
675 77
695 876
176 284
693 493
445 41
457 622
644 775
979 887
541 704
371 490
258 725
106 310
75 971
199 87
937 293
351 684
792 80
747 100
303 540
906 701
368 775
472 471
844 485
595 739
929 568
254 455
998 799
595 812
739 812
700 373
675 288
717 25
184 35
402 62
44 139
952 775
371 133
708 617
49 413
661 670
913 83
32 524
785 128
671 193
279 170
20 858
319 804
327 2
79 414
915 707
630 127
474 706
737 374
944 555
445 575
643 771
544 882
445 799
145 295
491 153
445 998
906 748
243 469
16 861
700 276
470 918
700 651
649 299
956 358
511 925
405 310
504 733
169 2
249 113
527 356
723 41
944 126
456 426
695 619
908 770
44 582
709 141
150 533
708 815
731 348
457 274
276 651
616 71
586 626
527 211
673 214
356 211
32 353
945 367
701 748
12 103
254 367
377 707
254 945
693 358
248 382
497 42
368 644
698 332
573 591
6 207
176 310
956 428
606 559
248 299
382 299
347 230
85 25
914 680
169 327
806 114
238 381
855 113
544 139
723 575
723 799
630 329
347 74
606 760
723 998
249 160
693 428
441 383
692 255
159 241
798 751
184 314
595 854
777 519
729 858
425 585
380 141
311 771
717 103
575 799
392 922
453 233
655 540
944 434
300 231
228 706
544 582
906 35
380 709
739 854
596 384
230 74
425 260
691 887
256 151
649 374
282 748
461 657
897 636
472 986
979 336
578 920
585 260
199 128
578 567
695 812
675 733
737 455
402 226
452 919
507 114
920 567
606 41
762 263
791 359
735 873
700 19
844 964
493 358
222 861
162 985
987 309
746 481
848 175
593 566
531 554
835 685
457 175
21 17
220 15
248 374
916 359
605 804
735 416
860 71
254 664
700 862
595 87
97 211
855 160
382 374
85 103
956 60
863 707
282 701
24 158
693 60
750 113
873 416
457 848
457 125
848 125
606 799
630 751
596 771
282 35
695 854
504 64
606 575
409 156
957 861
701 35
606 998
739 87
380 74
303 284
737 367
274 175
763 460
773 462
249 467
94 388
198 710
347 266
385 42
106 639
493 428
440 295
254 207
693 956
737 945
497 864
445 745
595 128
763 540
373 651
693 568
956 568
630 798
453 462
646 210
460 540
130 878
319 62
906 314
679 346
274 125
973 721
179 800
380 230
762 911
691 336
492 861
616 922
739 128
516 416
139 582
279 756
445 714
638 859
595 199
143 487
180 17
472 384
472 771
321 555
384 771
735 241
269 994
675 64
6 292
649 455
497 18
785 533
347 342
457 626
655 284
695 87
32 141
6 71
837 416
723 745
425 339
596 311
737 664
44 383
334 768
541 833
694 653
282 314
737 207
233 462
664 207
877 761
812 854
292 71
586 358
405 639
176 639
453 773
176 405
999 255
594 757
622 175
791 841
551 30
625 684
254 71
576 388
493 60
788 280
254 292
57 153
172 178
785 150
619 854
939 520
723 714
32 709
578 617
634 255
848 626
855 467
545 352
739 199
750 160
254 6
385 864
248 455
809 80
157 234
693 929
328 878
512 113
695 128
319 226
649 367
218 861
32 74
254 860
945 207
806 295
534 101
173 23
149 876
146 878
956 929
619 812
777 786
830 485
649 207
630 699
622 125
916 841
791 95
762 620
873 241
385 18
493 568
649 945
380 266
367 207
527 925
248 207
507 295
274 626
382 455
254 922
700 42
248 367
709 74
606 745
392 426
649 664
737 71
544 383
227 540
763 284
747 11
129 669
729 20
243 519
909 348
593 517
461 648
278 2
6 860
516 241
577 113
630 567
837 241
890 359
737 292
382 207
444 882
201 299
143 889
586 428
546 814
224 30
149 854
606 714
303 310
982 346
444 582
347 174
916 95
837 516
321 126
404 416
144 978
472 311
605 62
380 342
457 358
248 945
695 199
791 712
455 207
477 550
630 920
973 670
248 664
586 60
701 314
37 487
356 925
143 299
173 919
246 917
445 77
444 139
806 440
603 418
882 582
788 66
482 346
474 348
737 860
470 439
312 268
254 616
708 591
945 664
504 949
149 812
760 41
143 201
727 770
595 533
382 367
369 828
737 6
428 60
649 71
986 771
127 329
347 153
130 572
747 524
29 942
630 617
368 740
578 815
502 540
877 570
655 310
737 922
457 60
149 619
512 160
951 485
445 288
23 919
343 651
700 864
270 80
457 428
460 284
65 178
97 925
750 467
649 292
634 999
452 416
248 71
889 299
586 568
32 230
598 293
382 664
916 712
146 328
830 964
629 335
507 440
671 170
605 226
6 922
282 906
347 57
457 568
52 271
106 706
700 18
962 748
441 651
382 945
541 832
837 873
173 416
603 592
739 533
174 153
248 292
708 573
474 909
650 711
149 87
364 332
723 77
960 582
23 416
254 426
919 416
806 145
649 860
595 150
915 217
785 389
650 259
630 815
683 802
21 748
652 711
382 71
679 357
228 348
37 299
494 113
457 586
729 17
960 882
652 259
649 922
843 566
603 464
21 962
945 71
86 315
141 74
598 937
343 373
404 241
321 434
280 66
695 533
380 153
37 889
528 711
248 860
649 6
960 139
169 963
723 288
848 358
20 17
788 115
149 128
630 578
528 259
251 341
343 276
428 568
788 721
248 922
402 905
382 292
944 113
441 373
254 392
577 160
16 416
507 145
143 374
115 721
835 621
441 276
543 839
598 329
422 582
165 614
183 887
699 567
512 467
673 260
380 174
848 60
21 35
777 480
632 315
737 616
37 201
806 935
136 466
638 894
248 6
559 41
650 618
635 293
664 71
473 47
598 127
367 71
652 618
890 841
739 150
32 266
452 241
675 949
176 706
422 882
876 854
622 626
576 94
644 740
367 664
914 25
790 867
892 124
382 860
382 922
848 568
860 922
180 748
619 87
453 680
380 57
445 733
385 497
945 292
763 310
655 303
528 618
507 935
657 648
951 964
924 520
516 873
477 487
173 241
441 343
32 342
637 443
254 456
422 139
962 35
708 984
441 19
61 255
343 19
737 426
274 358
254 902
52 237
159 462
274 60
695 150
242 571
347 491
23 241
358 60
330 587
445 64
407 359
827 188
606 77
504 471
788 670
405 706
477 299
919 241
848 428
890 95
920 617
227 284
635 937
37 374
550 487
747 353
16 241
441 862
495 114
274 568
592 464
296 849
455 71
44 651
143 207
180 35
687 707
577 467
11 524
914 103
635 329
550 299
655 639
853 318
343 862
649 616
149 199
254 294
32 153
82 287
382 6
637 560
982 357
487 299
735 462
745 714
397 627
606 288
877 485
598 751
303 639
149 533
791 41
13 582
112 420
643 299
16 919
643 487
254 346
180 962
733 64
504 771
482 357
649 426
945 922
899 5
723 64
791 559
723 733
280 721
747 74
377 217
635 127
248 616
243 786
683 508
174 57
798 567
21 314
367 292
97 356
946 971
79 89
595 389
890 712
703 828
593 685
358 568
477 889
541 315
791 760
737 392
37 207
199 533
248 426
146 572
214 260
699 617
502 284
791 799
3 858
249 391
13 882
274 428
493 929
494 160
945 860
228 909
513 707
937 329
184 260
360 114
652 650
667 268
13 139
581 318
952 740
342 153
495 295
79 285
222 416
944 160
140 287
266 153
44 373
791 575
747 141
371 114
477 201
589 770
505 96
457 929
44 276
544 651
791 998
773 680
149 150
16 23
353 74
380 491
444 383
184 214
550 889
294 346
737 456
145 935
635 751
737 902
957 416
664 292
102 109
367 922
643 889
477 374
798 617
32 57
916 41
457 493
180 314
619 128
44 19
328 572
266 342
512 750
760 799
254 357
871 268
455 292
700 497
471 771
143 71
606 64
785 684
735 159
699 920
115 670
737 346
280 670
280 115
130 656
382 616
360 295
832 315
638 268
382 426
550 201
649 392
477 207
319 905
763 639
739 389
616 426
513 687
675 771
916 559
737 294
695 389
638 871
643 201
371 295
570 485
32 174
162 271
550 374
44 862
675 471
877 964
643 374
456 902
16 173
596 299
193 170
455 664
694 742
606 733
472 299
409 188
183 336
407 841
667 312
916 799
630 591
165 926
695 739
996 263
494 467
550 207
916 760
686 681
944 467
643 207
248 392
638 312
347 468
455 922
440 935
649 902
649 456
373 276
638 667
230 153
664 922
37 71
679 769
190 854
222 241
843 517
798 920
201 374
908 878
944 494
833 315
205 711
492 416
649 346
254 482
598 567
717 12
367 860
205 259
472 596
441 42
106 348
254 982
916 575
544 276
634 692
747 709
544 373
143 292
957 241
201 207
643 550
504 986
552 5
459 854
916 998
729 748
960 383
248 902
248 456
133 114
673 585
453 25
407 95
248 346
792 501
598 617
149 389
374 207
143 922
622 60
703 369
544 19
484 972
649 294
417 359
162 237
871 312
460 310
637 943
418 464
143 664
622 568
456 346
402 80
737 357
218 416
16 452
746 582
902 346
798 699
761 485
729 35
716 640
254 769
133 295
490 114
205 618
889 207
472 487
791 714
655 706
248 294
143 455
62 226
602 475
544 862
634 431
531 211
75 928
598 920
343 42
962 314
596 487
37 292
528 650
453 103
21 701
630 573
232 309
635 567
302 972
37 922
143 860
407 712
704 315
791 745
996 911
490 295
477 71
598 699
837 462
635 617
176 348
254 679
700 385
559 799
282 260
32 491
472 207
718 121
598 798
692 431
321 113
649 357
190 876
596 207
492 241
455 860
441 864
889 374
788 973
392 346
37 664
633 148
812 87
747 153
373 19
143 367
248 357
598 815
380 468
382 346
890 41
472 374
999 431
459 876
422 383
643 71
382 392
630 984
473 802
671 756
472 889
652 540
37 860
915 648
595 684
88 5
596 374
487 207
550 71
774 804
20 748
746 882
409 827
982 769
635 920
149 739
528 540
746 139
444 651
249 985
16 404
129 653
441 18
495 935
596 889
482 769
218 241
650 540
382 902
37 455
762 793
254 866
382 456
996 620
276 19
16 873
114 295
86 817
798 815
330 854
405 348
773 25
292 922
303 706
947 101
404 873
472 201
504 384
44 42
890 799
179 109
387 2
52 33
233 680
477 922
729 314
635 699
477 292
180 701
999 692
558 561
818 137
890 559
353 141
795 711
737 769
13 383
795 259
577 750
836 711
54 608
20 35
635 815
836 259
149 695
596 201
632 817
882 139
605 905
916 714
570 964
37 367
766 678
343 864
311 299
863 217
763 706
382 294
184 585
635 798
852 135
890 760
3 17
737 482
890 575
737 982
694 475
673 339
643 922
679 866
622 358
890 998
495 440
495 145
377 648
643 292
360 935
60 568
190 87
162 33
735 680
440 145
709 153
773 103
686 257
960 651
945 6
347 170
149 684
619 533
699 815
199 150
370 5
916 745
371 935
143 6
459 87
382 357
143 945
452 873
649 769
550 922
664 860
516 462
795 618
253 297
729 962
836 618
190 812
586 929
550 292
66 721
950 264
695 684
906 260
343 18
477 860
760 575
445 949
472 71
477 664
603 221
459 812
248 769
16 462
698 372
735 233
737 866
473 508
244 489
821 789
747 230
444 19
69 424
675 986
49 485
596 71
11 74
143 426
587 854
173 873
482 982
848 929
319 80
742 475
392 902
544 42
487 374
16 516
44 864
444 276
504 299
762 55
739 684
711 259
142 359
254 429
37 6
761 964
747 342
649 982
649 482
643 860
836 795
444 373
649 866
417 841
737 679
894 268
445 771
444 862
190 128
735 25
404 462
347 193
482 866
982 866
763 303
243 480
760 998
643 664
37 945
459 128
567 617
488 264
541 817
531 925
294 357
248 866
406 161
37 426
311 207
452 462
477 455
364 372
360 145
44 18
589 727
655 348
806 175
248 982
248 482
422 651
945 426
550 860
633 464
330 876
146 656
373 862
233 25
380 170
173 462
992 681
360 440
392 456
371 145
165 600
227 310
638 804
112 893
507 175
266 57
868 601
162 52
13 651
848 586
735 103
472 922
391 985
371 440
407 41
747 57
652 284
723 949
550 664
960 19
528 284
162 994
143 616
504 207
747 266
32 468
863 648
52 994
384 299
515 990
20 314
417 95
824 335
472 292
449 359
528 652
886 936
723 771
184 339
477 367
23 873
274 929
596 922
23 462
649 679
66 670
806 125
873 462
960 276
890 714
650 284
479 854
844 287
201 71
460 639
700 48
353 153
960 862
159 680
105 854
633 418
643 455
190 533
507 125
230 342
459 533
382 769
675 299
960 373
133 935
127 751
596 292
355 295
407 799
512 855
37 616
957 222
273 640
233 103
737 429
544 864
248 679
288 64
569 281
949 771
129 475
915 657
330 87
110 861
558 430
179 102
208 858
165 628
13 422
159 25
417 712
638 774
143 346
633 592
392 357
890 745
382 866
384 207
477 6
477 426
187 235
6 426
649 429
643 367
809 501
276 862
763 348
598 578
490 935
380 193
407 559
675 207
413 485
544 18
889 71
459 190
791 77
472 860
407 575
217 648
248 429
149 595
671 279
37 346
504 311
13 19
407 998
550 455
979 8
141 153
267 263
456 357
675 384
330 812
986 299
422 19
919 462
244 236
598 591
680 25
407 760
258 537
622 428
273 716
205 540
303 348
244 523
425 608
452 404
159 103
661 81
502 310
606 771
643 426
230 57
13 862
504 374
902 357
791 64
596 860
13 276
472 664
643 6
347 756
444 42
330 128
355 114
43 721
676 295
477 945
422 862
332 372
286 696
481 582
679 429
311 374
593 621
487 71
422 276
459 619
13 373
32 170
986 207
43 670
791 288
190 619
606 949
49 964
550 367
445 471
578 591
605 80
708 100
635 591
635 578
237 33
821 70
746 383
422 373
143 357
236 523
549 317
197 814
61 431
550 426
477 616
143 902
504 71
596 664
729 701
214 585
47 802
342 57
330 533
212 166
894 312
174 491
37 357
559 575
470 730
143 456
82 834
992 257
539 168
914 85
173 404
477 346
960 42
550 6
957 462
434 113
691 8
653 475
37 902
482 429
282 585
643 945
267 911
459 150
981 854
222 462
982 429
143 392
382 429
722 359
382 982
504 487
37 456
725 537
347 279
133 145
311 71
43 66
367 426
377 657
142 841
190 150
452 516
328 656
843 685
382 482
265 132
282 214
321 160
587 876
643 616
721 670
832 817
680 103
407 714
140 834
769 866
20 962
747 491
254 281
143 294
613 96
37 392
14 828
444 864
472 455
643 346
833 817
254 569
347 671
173 516
735 773
504 889
634 597
675 374
559 998
299 207
747 174
933 164
380 756
267 620
37 294
449 841
723 471
445 207
746 651
445 299
133 440
731 669
472 426
274 586
11 153
676 114
201 922
208 17
944 750
13 42
21 260
142 95
218 492
837 25
444 18
598 573
404 516
937 751
162 269
616 346
675 71
504 922
524 74
490 145
587 87
472 367
806 626
836 540
598 984
477 357
919 873
504 201
511 802
698 582
271 33
382 679
945 346
723 207
237 994
180 260
507 626
16 25
407 745
795 540
143 866
512 985
495 175
44 343
449 95
577 855
723 299
472 6
550 346
960 864
32 193
945 616
638 226
364 582
704 817
806 568
700 811
37 866
471 207
422 42
791 733
550 616
550 945
77 64
479 876
254 807
143 769
507 568
596 455
837 103
871 667
596 426
455 426
105 876
635 573
142 712
459 199
37 769
643 357
504 292
635 984
969 808
179 775
477 902
218 462
875 161
169 696
227 639
806 60
90 450
16 103
889 922
708 74
492 462
205 284
471 299
619 150
507 60
960 18
459 389
490 440
916 64
384 374
477 456
311 487
270 501
190 199
449 712
916 77
606 207
479 87
495 125
380 279
105 87
413 964
988 335
190 389
630 100
737 281
197 546
384 71
708 524
535 869
311 922
561 430
293 329
13 864
914 12
812 128
826 980
737 569
487 922
596 367
673 608
472 346
606 299
330 150
321 467
271 994
871 804
957 873
746 19
417 41
596 6
837 680
129 742
477 392
667 804
649 281
282 339
199 389
360 175
908 572
86 879
643 902
385 48
16 680
126 113
332 582
500 318
477 294
830 287
3 748
371 175
311 889
184 608
675 922
543 196
248 281
330 619
649 569
16 837
374 71
477 866
643 456
577 985
13 18
762 329
472 616
550 357
587 128
248 569
762 293
52 269
999 597
573 984
746 862
675 487
159 233
201 292
632 879
587 812
481 139
380 671
294 866
833 832
323 234
638 62
392 866
222 873
996 793
367 6
606 471
143 429
7 555
920 815
422 864
3 35
37 429
511 47
355 935
675 889
916 288
472 945
477 769
587 533
643 866
435 36
460 706
863 657
626 568
504 860
630 74
360 125
914 717
54 940
417 799
643 392
596 346
371 125
643 294
792 291
452 25
173 25
986 71
311 292
746 276
731 475
737 807
479 128
392 294
708 153
675 292
481 882
957 919
855 985
105 128
37 143
212 977
511 508
949 207
472 357
479 812
422 18
483 108
173 452
474 669
986 374
479 533
273 997
404 25
105 812
552 899
643 769
105 533
649 807
675 311
445 71
23 516
502 639
722 841
746 373
812 533
675 201
32 756
449 142
248 807
311 201
630 524
792 363
821 116
596 616
468 170
173 103
452 103
918 439
47 508
729 260
550 902
23 25
372 582
880 259
445 374
172 333
516 25
668 161
456 866
127 617
698 139
330 389
880 711
474 475
889 292
550 866
180 21
890 64
945 357
550 456
477 429
33 994
565 191
528 310
700 315
541 879
723 71
630 153
404 103
836 284
364 139
417 575
31 317
487 292
722 95
813 506
249 994
633 221
384 922
902 866
876 87
417 998
249 33
747 170
184 673
880 618
996 55
596 357
82 439
698 882
140 439
543 975
652 310
445 986
23 103
89 285
643 429
665 582
669 475
795 284
589 878
100 74
82 918
140 918
472 866
762 751
140 82
723 374
504 664
747 468
330 199
890 77
596 945
382 281
676 935
472 902
516 103
364 882
392 769
746 42
367 346
149 785
550 294
417 559
722 712
944 985
222 919
473 683
550 769
949 299
128 533
524 153
472 456
214 339
382 569
550 392
981 87
675 860
957 25
54 509
527 802
606 71
981 876
507 806
354 424
282 608
130 121
402 501
445 922
294 769
937 617
762 617
762 937
291 363
951 287
347 108
222 25
460 348
776 757
417 760
495 568
32 279
472 769
133 175
558 46
459 684
919 25
771 207
472 294
596 866
803 317
957 103
166 977
986 922
347 483
449 41
218 873
650 310
311 860
665 372
3 314
494 750
791 207
550 429
6 346
472 392
606 374
504 426
762 127
890 288
507 358
332 139
723 922
806 358
37 982
791 771
495 626
693 335
487 889
383 651
142 41
495 60
190 684
222 103
603 584
384 292
455 346
762 567
792 521
916 733
173 680
518 317
472 429
453 85
37 482
100 153
452 680
788 81
596 902
143 982
417 714
919 103
228 475
106 909
258 376
382 807
746 864
811 315
723 986
43 115
981 533
490 175
449 799
471 71
945 866
133 125
616 357
218 25
596 456
445 292
474 731
332 882
143 482
981 128
102 775
626 60
37 679
455 6
698 481
560 943
526 158
392 429
240 277
360 568
479 587
492 873
688 854
371 568
249 271
596 769
54 732
425 940
97 802
606 922
142 799
20 701
746 18
286 682
105 587
944 855
492 25
216 768
218 103
578 984
619 389
127 567
894 804
143 679
214 608
403 854
873 25
528 639
723 292
661 858
791 299
148 464
547 681
596 294
596 429
504 346
887 336
294 429
675 664
981 812
404 680
445 384
798 591
407 64
360 60
490 125
473 978
32 671
371 60
37 281
709 57
410 163
360 626
380 108
364 481
655 405
479 150
371 626
914 810
105 150
23 680
725 376
492 103
65 333
449 575
764 555
587 150
527 508
598 74
596 392
16 233
957 516
227 706
986 292
504 6
449 998
652 639
143 281
512 391
708 11
37 569
456 769
445 889
494 985
635 74
708 141
362 663
547 257
598 153
330 684
504 455
355 145
661 17
380 483
692 597
445 487
507 428
635 153
14 369
762 815
916 207
665 139
821 365
906 585
11 141
143 569
806 428
675 426
201 860
477 982
873 103
339 608
7 113
453 12
228 669
417 745
606 292
385 315
142 575
877 287
679 281
249 237
384 889
425 509
449 559
456 429
142 998
367 357
445 860
474 653
477 482
762 920
957 680
403 688
471 374
513 648
504 357
504 367
445 201
578 573
477 281
630 141
470 295
512 994
463 259
705 647
407 77
665 882
74 153
937 567
482 281
477 679
61 597
630 11
227 348
723 889
463 711
890 733
110 416
384 487
722 41
902 769
319 501
391 994
996 329
13 960
902 429
616 866
449 760
769 429
477 569
747 193
37 807
750 985
463 618
643 982
890 207
262 663
602 442
683 978
504 866
643 281
723 487
353 57
449 714
174 170
504 616
982 281
384 860
733 207
650 639
723 860
700 817
679 569
516 680
218 919
963 696
723 384
694 442
949 71
208 748
606 986
487 860
577 994
751 617
222 680
471 922
142 559
398 93
643 482
479 389
184 940
105 389
143 807
908 656
774 226
791 71
945 429
675 346
643 569
453 717
97 508
996 293
222 516
482 569
956 335
311 664
146 121
169 682
723 201
722 799
643 679
455 357
791 949
367 866
788 858
208 35
945 769
939 912
23 404
92 336
355 440
472 550
502 706
512 33
372 139
598 100
587 389
267 793
61 692
598 524
760 714
735 85
407 288
266 491
788 17
771 299
982 569
889 860
635 100
142 714
635 524
142 760
673 940
906 608
384 201
100 524
834 439
477 807
162 850
20 260
311 426
425 732
916 299
792 305
564 845
731 653
196 975
16 159
606 860
373 42
502 348
876 533
218 680
916 771
230 491
606 889
944 994
184 509
371 360
504 429
945 902
455 866
694 602
110 241
133 568
149 625
86 151
809 363
577 391
675 6
129 442
472 281
528 706
577 33
676 145
48 315
391 33
643 807
407 207
981 150
550 281
675 357
356 802
539 757
632 151
552 304
528 348
606 487
479 619
105 619
599 854
996 617
504 769
986 860
92 887
495 358
449 745
112 225
675 866
698 651
722 575
800 109
880 540
105 479
472 569
919 680
722 998
996 751
99 636
673 509
6 357
355 175
833 879
364 651
957 404
372 882
374 922
550 569
606 201
791 922
791 374
32 108
267 55
652 706
288 207
747 756
445 664
652 348
735 12
504 902
727 878
249 269
675 455
681 257
890 299
133 60
816 350
205 310
290 359
445 426
585 608
180 608
180 585
527 47
730 295
706 348
490 568
858 17
855 994
218 516
492 680
24 350
6 866
504 945
957 23
453 810
539 776
871 226
504 456
708 57
924 912
832 879
986 889
528 502
630 57
844 439
945 456
7 126
472 982
81 17
933 971
944 33
54 736
311 346
81 858
541 151
184 732
996 567
596 281
704 879
367 616
675 616
675 367
679 807
715 838
722 559
21 608
133 626
762 699
890 771
764 113
56 255
471 292
606 384
176 909
916 71
723 664
32 483
723 426
355 125
667 226
441 497
664 426
472 482
578 153
722 714
472 807
282 940
77 207
482 807
142 745
649 737
530 255
357 866
587 619
550 982
504 294
735 717
472 679
949 922
981 389
675 429
86 256
630 708
248 737
698 383
490 60
596 569
494 994
550 807
530 56
445 346
632 256
470 114
650 348
155 28
722 760
105 199
809 291
21 585
479 199
371 358
635 598
729 608
364 383
367 429
230 266
360 358
481 651
208 314
982 807
550 482
492 919
248 649
673 732
996 937
616 429
328 121
407 733
573 153
949 374
550 679
837 233
791 292
650 706
676 440
54 131
899 304
495 428
24 816
140 295
605 501
282 509
986 487
676 175
588 433
559 714
966 185
698 19
890 71
906 339
332 651
120 464
440 175
278 327
874 96
13 444
504 392
457 335
844 834
82 295
996 127
675 769
179 740
364 19
723 346
415 555
230 170
606 426
266 170
490 626
762 591
973 17
149 351
844 918
311 866
407 299
455 429
228 653
735 810
278 696
809 521
729 585
652 502
606 664
986 201
445 866
327 696
698 862
403 87
984 153
630 353
742 442
311 357
633 584
364 862
996 815
834 918
541 256
445 357
105 684
973 858
479 684
578 74
596 807
630 709
7 434
409 96
747 279
791 471
445 311
470 935
507 622
953 263
507 929
733 299
403 533
711 618
622 929
138 670
267 329
384 426
708 353
356 508
665 651
855 33
723 866
676 125
332 481
798 153
916 922
750 994
276 42
708 709
660 954
944 391
638 905
474 442
606 346
758 923
806 929
675 902
722 745
88 304
180 339
16 773
771 71
64 207
723 357
280 17
806 622
205 639
836 310
587 199
945 294
611 555
661 748
445 6
106 475
528 227
282 732
384 664
996 920
596 982
811 817
911 620
675 456
482 679
635 141
494 33
385 817
492 516
407 71
371 428
661 35
445 429
598 141
360 428
463 540
916 374
762 153
385 811
606 866
890 922
280 858
880 284
267 293
403 876
504 281
407 771
97 47
871 774
52 850
791 860
311 6
600 628
908 121
544 343
596 679
474 742
311 429
383 19
587 684
596 482
417 207
425 736
165 259
222 404
6 429
441 315
353 709
403 128
267 617
212 768
455 616
763 405
792 250
332 19
573 74
367 769
729 21
54 872
723 429
332 383
675 294
165 618
698 42
688 87
857 109
165 711
606 357
723 6
384 346
3 962
981 619
162 942
795 310
630 342
364 42
491 170
504 569
254 779
270 363
698 276
844 295
675 945
700 879
818 532
704 832
76 93
481 19
688 533
138 721
512 271
701 260
949 292
440 125
364 276
986 426
332 862
729 339
425 131
127 815
237 269
218 404
242 101
291 521
890 374
638 80
355 568
417 64
445 616
180 906
953 620
449 207
487 201
184 736
590 349
665 19
140 730
112 38
481 383
798 984
953 911
723 311
21 339
445 455
120 148
471 860
73 161
409 874
293 617
665 383
199 684
606 429
830 439
384 866
50 869
708 342
445 769
788 748
834 295
267 751
11 57
591 153
162 29
733 71
916 292
290 841
481 862
665 862
788 35
168 757
665 481
884 264
205 348
184 131
699 153
798 74
635 57
957 452
455 769
762 984
820 784
655 909
129 602
312 804
981 684
43 17
675 392
698 373
731 442
918 295
762 74
630 170
598 57
652 227
415 113
635 11
407 922
445 367
267 567
984 74
402 363
981 199
228 442
364 373
937 815
214 940
723 616
1 359
894 226
512 269
606 6
762 798
876 128
504 807
176 475
82 730
403 812
577 271
723 769
598 11
149 642
13 343
149 438
661 314
667 774
218 222
142 207
791 889
39 255
58 663
290 95
916 949
986 664
689 164
355 60
675 281
630 491
723 455
986 346
594 341
642 438
890 292
494 855
698 864
708 170
140 114
511 978
399 359
830 295
664 346
384 357
214 509
383 862
290 712
449 64
364 864
311 616
311 769
218 23
616 769
228 731
836 639
288 299
497 315
512 237
673 736
996 153
577 269
986 866
699 591
82 114
43 858
145 175
222 23
600 259
332 42
628 259
750 33
205 706
985 994
675 569
611 113
537 376
722 207
599 87
16 85
599 533
723 367
392 281
443 943
698 18
791 201
13 544
688 128
600 618
762 573
676 568
439 295
140 935
628 618
384 429
87 533
364 18
248 779
673 131
791 487
791 426
664 866
487 426
708 491
407 374
606 769
425 872
649 779
730 114
688 876
600 711
665 42
729 906
628 711
764 126
445 902
747 671
180 940
606 616
311 455
22 109
82 935
184 872
737 779
655 475
495 929
157 571
809 305
944 271
201 426
180 509
944 269
370 304
332 276
945 281
342 170
951 295
267 815
926 259
271 269
619 684
788 314
7 160
445 456
577 237
152 447
650 502
463 284
729 940
477 143
957 173
717 810
830 918
162 433
795 639
355 626
791 346
926 618
791 866
133 358
665 276
836 348
729 509
552 759
873 680
606 455
461 556
346 866
996 591
403 150
282 736
481 42
906 940
926 711
890 949
916 860
730 935
986 357
115 17
723 902
267 937
957 233
44 315
514 317
791 664
149 563
288 71
16 12
407 292
906 509
735 453
282 131
217 657
173 233
973 81
675 807
77 299
986 429
996 699
267 127
676 60
470 175
445 294
244 859
270 521
48 817
747 108
877 295
919 516
184 425
771 922
21 940
353 170
606 311
606 367
311 367
723 456
372 651
392 569
21 509
168 776
244 268
487 866
909 475
417 299
445 281
599 128
951 439
373 864
946 928
332 864
332 373
470 145
915 556
890 860
120 418
214 732
791 357
795 348
791 429
665 864
763 475
531 802
665 373
920 153
375 420
945 569
630 266
267 153
653 442
944 237
3 260
267 920
843 621
142 64
402 521
20 608
249 850
444 343
487 346
201 866
357 429
673 872
609 213
996 74
694 990
720 861
417 77
599 876
709 170
403 389
16 810
733 922
179 952
763 909
470 125
449 299
504 982
495 622
723 294
180 732
7 467
120 592
723 281
417 71
871 62
294 281
127 153
549 672
481 276
319 363
859 268
798 573
764 434
129 990
441 817
445 569
371 929
16 717
606 902
729 732
937 153
332 18
629 787
665 18
77 71
504 679
452 233
630 230
490 358
545 28
949 860
665 332
635 170
833 151
360 929
933 928
201 346
162 588
614 259
174 468
889 426
836 706
88 899
270 291
699 74
449 71
614 618
527 978
844 114
598 170
933 946
504 482
391 269
915 461
445 945
700 832
940 509
590 954
635 709
606 456
445 392
688 812
282 872
722 64
449 77
273 317
218 233
115 858
723 569
844 935
614 711
311 902
791 986
405 475
889 866
606 281
815 153
13 315
704 151
166 768
384 6
157 101
180 214
402 291
676 626
960 343
830 834
51 466
700 151
598 709
945 392
664 429
602 990
44 497
290 41
729 214
700 704
906 732
31 672
747 483
138 66
21 732
762 578
145 125
456 281
218 452
481 864
384 769
528 460
165 540
606 294
832 151
963 682
228 742
635 353
973 748
426 866
138 17
591 74
311 281
21 906
133 428
407 860
368 349
66 17
635 342
745 207
667 62
877 439
445 807
471 866
487 429
973 35
311 456
656 121
471 426
606 569
55 329
470 440
729 180
599 812
723 392
991 464
762 524
179 644
708 266
347 419
751 567
417 288
795 706
222 233
3 701
441 48
723 945
474 990
142 299
290 799
353 342
598 342
598 353
481 373
916 866
6 769
544 315
244 804
265 202
996 984
382 779
671 108
1 841
201 429
733 771
916 426
889 346
142 71
578 524
339 509
140 175
110 462
81 748
723 807
791 769
481 18
494 269
635 491
791 6
826 869
172 423
902 281
700 833
294 569
97 978
449 288
722 299
280 748
830 114
664 357
88 759
81 35
417 922
55 617
444 315
830 935
339 940
470 568
751 153
890 866
760 207
650 227
722 71
567 153
280 35
471 346
311 569
945 807
399 841
598 491
487 357
449 922
916 346
82 175
857 800
37 779
571 101
708 230
960 315
132 202
372 19
112 223
890 426
688 150
1 95
981 587
951 918
916 471
407 949
630 468
267 74
367 281
311 294
908 328
899 759
834 114
368 954
373 18
487 664
371 622
834 935
280 81
474 602
916 889
1 712
288 922
700 256
531 508
703 255
79 448
492 404
140 125
392 807
916 429
599 150
471 889
402 270
293 153
986 769
606 807
360 622
347 4
39 56
559 207
52 942
471 429
114 935
890 346
735 914
889 429
606 392
391 271
399 95
736 131
833 256
399 712
218 173
138 858
773 85
140 145
343 315
385 879
490 428
384 616
129 694
890 429
791 616
319 521
82 125
630 174
372 862
803 672
455 281
334 178
791 384
690 861
764 160
639 348
785 625
383 42
278 682
201 357
470 60
643 143
606 945
477 779
377 556
349 954
267 591
456 569
141 57
890 889
855 269
212 216
299 71
986 6
23 233
129 515
916 357
941 582
599 688
996 573
380 419
694 515
329 617
353 491
244 312
916 201
11 170
110 25
127 920
403 684
951 935
669 442
704 256
290 575
55 153
407 866
729 131
44 817
82 145
951 114
890 471
13 497
729 736
599 389
290 998
643 779
793 617
518 672
143 779
916 664
827 96
688 389
440 568
890 357
793 329
367 902
180 131
290 714
110 103
66 858
791 281
180 736
449 417
179 954
652 460
471 357
675 982
973 314
77 922
86 306
793 153
412 485
844 730
259 618
605 363
329 153
632 306
918 935
937 920
520 912
721 17
916 487
675 679
287 295
617 153
142 922
890 201
14 255
311 807
43 748
52 29
405 909
407 426
809 250
367 569
832 256
877 935
402 305
512 850
600 540
346 429
474 515
733 374
43 35
290 207
722 922
918 114
890 664
142 77
494 271
384 281
902 569
949 866
31 549
628 540
136 447
228 990
513 657
877 114
708 468
842 506
570 295
321 994
13 817
905 80
930 823
407 429
52 433
179 349
449 771
64 71
407 346
159 85
270 305
417 771
791 455
722 77
877 918
140 568
761 295
764 467
844 175
577 850
996 798
675 482
630 193
791 569
380 4
953 153
714 207
280 314
890 487
762 100
729 872
449 374
541 306
492 233
661 208
470 626
889 357
791 902
267 699
455 569
733 292
140 440
998 207
472 779
551 980
730 175
417 374
64 299
944 850
29 433
165 284
575 207
471 201
372 42
585 509
926 540
661 962
449 292
222 452
471 664
82 568
791 367
415 126
106 442
214 131
201 664
180 872
811 879
558 135
417 292
276 864
444 544
208 962
449 733
644 954
497 817
49 295
996 524
426 429
214 736
21 131
731 742
375 893
791 456
162 313
319 291
407 357
844 125
953 617
570 287
422 315
339 732
384 569
21 736
616 281
602 515
327 682
986 281
762 57
81 314
82 440
140 60
986 616
417 733
661 260
342 491
949 429
863 556
407 889
127 74
670 17
355 358
937 74
273 514
953 329
249 942
311 392
771 374
493 335
949 426
997 317
722 142
708 174
290 559
798 524
630 756
474 694
791 294
585 940
960 544
791 807
738 420
773 12
830 175
21 214
920 74
788 962
37 382
773 810
403 619
82 60
916 769
208 260
635 266
439 935
20 509
730 125
906 131
12 810
494 391
722 288
762 141
494 237
1 41
837 85
294 807
391 237
372 383
142 288
581 853
949 346
403 199
774 62
162 538
957 85
952 954
771 292
407 664
731 990
746 315
370 759
761 287
455 902
859 804
957 837
244 226
249 433
848 335
890 769
3 608
788 260
906 736
998 714
444 817
844 145
709 491
407 201
632 86
960 817
330 190
611 126
267 984
384 902
159 810
399 41
544 817
742 990
303 475
290 760
384 455
507 586
20 940
21 872
159 12
550 779
95 712
211 925
708 193
633 603
43 314
953 793
100 57
986 569
598 266
198 202
441 879
413 295
830 125
788 208
404 233
439 114
249 29
214 872
1 799
218 85
367 456
293 567
474 129
716 317
290 745
1 207
179 368
614 540
635 230
140 626
634 161
951 834
374 292
722 292
722 374
799 207
274 335
347 801
407 471
844 568
957 810
399 207
407 487
415 434
399 799
13 44
106 669
599 684
471 487
367 807
762 170
596 779
142 292
951 175
20 585
750 269
32 419
142 374
785 351
916 6
834 175
635 468
228 515
176 442
916 281
957 12
605 521
456 807
384 807
619 199
6 281
184 54
384 456
575 714
539 341
837 810
911 153
655 442
979 5
953 55
609 702
440 60
890 281
492 23
372 864
906 872
513 217
722 771
890 6
369 255
709 342
82 626
857 775
449 860
218 810
133 929
982 679
894 62
384 367
949 357
547 992
953 567
319 305
620 153
721 858
311 945
90 825
991 148
598 230
282 673
837 12
791 392
877 175
407 769
835 420
445 679
445 982
598 468
708 756
661 701
455 807
142 771
444 497
218 12
960 497
616 569
806 586
320 618
953 293
41 207
205 502
638 501
962 260
792 901
144 615
218 837
830 730
230 468
20 732
951 125
320 259
830 145
730 145
985 33
111 618
174 193
263 153
960 444
942 433
417 860
881 627
65 423
844 60
996 578
111 259
288 292
55 567
792 885
916 569
632 78
51 447
372 276
86 78
996 57
834 125
957 159
957 773
173 85
578 57
162 124
855 271
267 573
471 769
159 773
115 748
372 18
890 569
676 358
953 751
916 616
844 440
474 181
686 45
830 568
115 35
343 817
320 711
691 5
288 374
788 701
600 284
902 807
611 434
815 74
384 294
222 85
445 482
763 442
877 125
138 748
111 711
32 4
890 616
355 428
880 310
628 284
449 866
730 568
138 35
688 684
986 807
937 127
1 714
710 202
415 160
267 524
347 485
407 281
585 732
476 489
380 801
723 679
851 631
1 575
356 47
986 902
544 497
494 850
276 18
723 982
356 978
541 78
47 978
635 193
1 998
644 349
49 287
129 181
957 717
487 769
640 317
661 608
385 151
655 176
426 346
791 945
218 773
412 964
377 461
399 714
894 774
141 170
953 74
417 866
635 174
173 810
138 115
399 575
996 100
347 964
466 447
218 159
347 412
222 810
886 636
455 456
449 429
722 733
918 175
290 71
926 284
399 998
52 588
43 81
991 418
55 293
64 922
13 48
996 170
788 608
218 717
630 279
452 85
598 193
422 817
504 779
407 6
991 592
100 170
830 60
996 141
159 717
953 815
880 348
723 482
793 567
111 320
573 524
987 601
941 139
407 569
13 879
391 850
441 811
889 664
916 807
471 281
490 929
951 145
746 817
694 181
951 568
383 864
890 807
453 914
635 756
611 160
913 789
877 834
195 618
417 429
173 12
222 12
145 568
722 860
222 173
986 456
751 74
470 358
48 879
512 433
870 555
495 586
844 626
195 259
228 602
578 170
6 569
77 292
402 250
773 717
598 174
791 311
22 800
55 74
415 467
142 733
452 810
986 455
830 440
577 433
606 679
944 433
670 858
916 902
826 50
293 74
380 485
837 717
637 458
606 982
505 726
877 568
290 299
142 860
730 60
870 113
890 902
44 879
598 756
944 577
149 548
834 568
877 145
731 515
195 711
120 221
449 346
367 294
722 866
208 701
407 616
733 860
487 281
512 942
793 74
918 125
449 426
249 588
837 773
100 141
492 85
834 145
901 885
55 751
570 935
372 373
507 335
347 295
22 775
380 964
798 57
944 942
462 25
577 942
761 935
738 893
916 456
474 122
463 310
77 374
205 227
142 866
951 60
890 456
561 46
174 756
406 854
650 460
760 745
567 74
380 412
321 33
201 769
492 810
477 382
44 48
407 807
208 608
452 12
578 141
722 429
986 294
590 660
138 314
606 482
599 199
267 57
20 339
611 467
613 726
605 291
916 455
471 569
800 775
417 346
890 455
463 348
364 698
449 357
713 663
835 893
112 955
986 367
949 664
733 866
941 882
179 660
855 237
700 306
762 11
417 426
830 626
806 335
877 60
578 100
880 639
599 619
49 935
441 151
916 294
142 429
140 358
890 294
999 161
793 293
23 85
267 798
290 922
95 207
1 559
179 590
614 284
855 850
270 250
267 170
385 256
3 509
676 428
512 29
344 808
798 170
812 150
439 175
916 367
511 683
848 493
115 314
890 367
266 468
712 207
701 608
228 181
380 295
762 491
66 748
237 850
222 717
570 114
492 12
201 281
66 35
868 117
834 60
152 770
944 29
282 425
883 257
23 810
746 422
405 442
495 335
577 29
890 916
555 113
383 18
951 730
761 114
951 440
470 428
730 440
890 986
953 920
916 986
20 131
459 739
261 582
952 349
129 122
675 779
407 902
841 207
399 559
278 963
417 357
173 717
933 75
616 807
7 994
162 892
949 889
793 751
1 745
760 71
106 653
708 279
733 429
82 358
655 669
230 193
746 343
1 71
287 935
528 475
572 121
811 151
1 760
661 509
745 71
253 153
32 801
589 121
960 879
605 305
788 509
589 572
875 854
476 523
422 343
836 502
399 71
11 491
722 346
471 6
949 769
487 569
742 515
444 879
470 676
740 954
877 440
407 456
399 745
949 281
3 940
835 738
530 431
20 736
49 114
462 103
473 615
310 348
722 426
339 131
828 255
889 769
344 969
918 568
762 342
455 294
399 760
371 586
951 626
889 281
450 825
646 536
258 977
602 181
329 74
630 108
244 62
860 866
439 125
559 71
769 281
837 159
661 940
222 773
321 985
267 141
412 295
20 872
694 122
552 40
668 854
23 12
788 940
699 984
290 64
176 669
463 639
288 771
183 8
643 382
407 294
142 346
106 990
347 413
55 815
140 428
886 99
85 810
347 935
687 648
432 582
941 651
407 455
360 586
722 357
413 935
111 540
574 113
384 392
371 335
790 202
13 151
730 626
877 626
471 807
61 161
877 730
544 879
452 717
803 549
142 426
762 709
635 279
613 505
32 485
953 127
360 335
863 461
574 555
449 664
661 3
57 170
652 475
661 732
347 287
3 732
788 732
953 937
449 281
788 3
1 299
441 256
492 717
407 367
834 440
267 100
320 540
664 281
347 114
271 850
689 971
449 769
52 313
249 313
249 52
586 335
788 661
472 143
494 433
228 122
319 250
288 866
880 706
944 512
399 299
218 957
964 295
653 990
230 756
593 420
973 260
168 341
890 392
298 618
445 779
32 295
82 428
142 357
312 226
32 964
297 153
771 866
201 569
573 170
6 807
287 114
404 810
793 815
916 392
918 145
339 736
821 229
720 416
598 279
173 773
671 483
298 259
449 889
551 869
949 569
110 680
380 935
746 497
763 669
347 49
570 175
700 78
288 860
404 85
280 260
834 626
323 101
573 57
387 696
434 160
761 175
1 922
996 491
258 768
339 872
918 60
798 141
883 681
723 779
909 442
492 452
293 751
844 358
417 281
13 811
664 769
637 562
133 622
347 175
890 384
471 616
32 412
288 429
16 914
449 569
791 679
865 618
347 761
244 774
949 201
399 922
298 711
249 538
915 943
347 570
413 114
267 578
531 978
953 591
44 151
747 419
380 114
222 159
699 524
186 401
380 413
791 982
771 860
140 676
39 431
865 259
417 769
911 617
545 155
347 125
195 540
771 429
655 990
187 388
753 2
49 175
916 384
52 538
911 74
449 201
750 850
836 227
860 429
812 389
417 664
290 292
422 497
641 861
944 588
746 879
380 287
485 295
617 74
764 994
13 256
268 804
889 569
355 929
512 588
463 706
449 949
66 314
748 35
77 866
266 193
941 19
495 806
439 568
570 125
606 779
722 281
407 986
454 153
547 45
996 11
145 60
577 588
761 125
535 153
960 48
865 711
487 807
208 509
785 438
197 104
788 585
725 977
760 299
422 879
826 153
973 962
688 199
435 464
494 942
552 965
347 568
380 175
391 433
23 717
620 74
941 862
811 256
791 482
176 990
733 346
50 153
720 241
788 131
417 569
518 549
407 392
661 585
699 170
347 439
418 592
722 769
661 131
228 694
263 74
497 879
708 108
172 400
192 322
77 429
763 990
996 342
197 734
830 358
222 837
762 353
43 260
721 35
49 125
721 748
984 524
280 962
449 807
380 125
736 872
913 70
290 374
380 49
906 214
404 12
444 48
585 131
731 181
655 653
703 56
417 889
142 281
722 664
602 122
470 929
492 773
650 475
986 392
551 153
941 42
347 60
788 872
157 242
330 739
788 736
609 618
984 170
809 885
960 151
347 145
745 299
869 153
595 625
524 170
747 4
844 428
36 464
722 569
661 872
620 617
380 761
661 736
890 945
998 71
383 276
449 487
630 483
593 893
77 860
609 259
635 108
16 453
343 879
380 570
973 608
368 660
496 724
575 71
733 426
444 151
949 807
249 124
104 734
440 626
266 756
559 299
380 568
638 363
32 935
140 929
795 502
280 608
208 940
527 683
725 768
82 676
760 922
102 954
413 287
413 175
287 175
980 153
801 295
916 945
291 305
48 151
809 901
688 619
699 57
263 617
142 769
476 236
570 568
859 226
855 433
73 854
494 29
449 6
664 569
609 711
630 671
996 709
347 918
213 702
595 351
111 284
761 568
788 339
406 533
535 454
244 894
3 131
750 271
673 425
417 201
733 357
728 464
224 153
282 54
452 773
347 626
290 866
598 108
380 439
722 889
417 807
44 256
919 233
380 60
88 40
347 440
303 442
439 60
142 569
944 313
953 170
52 124
106 515
669 990
201 807
32 114
661 339
205 460
762 468
380 145
267 491
208 732
634 854
852 805
142 664
745 922
290 429
49 568
951 358
512 313
473 144
714 71
203 239
559 922
82 929
798 100
585 872
763 176
577 313
690 416
293 815
165 348
830 428
68 119
791 779
449 616
722 807
407 384
544 151
470 355
413 125
918 626
3 872
471 902
43 962
14 56
320 284
762 193
11 342
254 219
941 864
763 653
953 524
541 86
792 931
984 57
32 175
3 585
581 83
824 787
877 358
915 443
205 475
176 653
3 736
722 201
43 608
359 207
136 770
585 736
490 622
287 125
439 145
1 64
173 159
826 454
469 519
833 306
762 756
747 295
290 860
944 538
1 292
380 626
731 122
918 440
993 757
213 618
343 497
377 943
253 74
953 57
460 475
570 60
407 945
140 355
32 125
472 382
380 440
676 929
960 256
380 918
702 618
937 591
962 608
941 18
761 60
64 292
417 949
704 306
32 287
746 151
399 292
919 810
889 807
992 45
512 538
670 35
406 87
399 64
875 533
347 834
953 984
347 730
670 748
213 259
325 255
991 221
577 538
559 745
195 284
792 814
364 315
32 413
391 942
142 807
444 256
415 994
698 315
973 701
261 139
834 730
702 259
625 351
7 33
487 6
417 6
417 487
777 191
655 515
148 592
32 568
165 310
81 260
605 250
49 60
142 889
729 425
280 701
747 801
674 506
762 266
492 159
507 274
449 902
853 83
213 711
690 241
127 591
999 854
668 533
88 965
404 717
570 145
302 484
288 346
347 358
507 493
937 170
471 456
836 475
413 568
267 342
761 145
384 945
422 151
769 569
127 170
298 540
951 428
140 470
949 6
611 994
993 776
591 170
237 433
702 711
311 679
233 810
722 6
665 315
148 418
729 673
635 708
722 949
973 509
733 281
578 491
1 374
637 744
32 60
795 227
273 672
61 854
722 487
747 485
863 943
248 219
280 509
751 815
398 376
799 71
290 77
996 353
750 433
267 11
290 771
911 329
495 274
449 456
495 493
138 260
944 124
524 57
528 442
274 493
877 428
544 48
949 487
1 866
417 616
763 515
77 771
399 374
844 929
721 314
142 201
287 568
996 468
785 642
919 85
347 428
826 535
321 269
49 145
32 145
32 49
993 341
190 739
1 429
162 840
380 730
649 219
399 866
347 877
253 617
865 540
133 335
449 471
953 699
434 467
996 193
747 964
311 982
941 276
402 885
512 124
380 834
176 515
492 173
875 87
635 483
406 128
792 546
577 124
432 139
412 935
722 616
449 294
788 20
399 429
855 942
380 358
996 756
4 295
638 521
32 761
544 256
225 38
366 317
750 237
97 683
347 951
708 483
290 346
871 80
735 663
32 570
494 588
44 811
426 357
543 618
82 355
471 294
832 306
208 131
746 48
32 439
391 29
634 73
288 357
482 779
288 426
353 468
197 147
299 922
834 358
41 71
746 256
742 181
48 256
261 882
609 540
941 383
374 866
819 553
43 701
32 626
596 550
973 940
43 509
899 40
162 255
267 709
228 129
543 259
701 509
297 74
280 940
836 460
271 433
238 974
413 60
254 910
668 87
531 47
507 848
353 193
405 990
762 230
730 358
495 848
747 935
290 357
249 892
261 651
32 440
380 428
973 732
138 81
402 901
290 426
729 54
897 411
841 712
208 872
795 475
920 170
570 439
311 779
737 219
165 639
280 732
77 346
598 483
526 350
353 756
890 679
570 626
138 608
830 929
343 151
543 711
439 626
652 442
495 507
81 608
142 6
55 170
761 626
949 616
417 902
664 807
793 170
374 429
50 454
51 770
347 929
140 622
3 339
746 544
761 439
13 441
747 412
635 671
1 860
844 676
347 830
988 787
290 288
733 569
344 554
722 902
785 563
208 736
661 20
890 982
919 12
184 301
857 954
771 346
890 779
179 2
840 255
449 455
998 922
422 256
364 817
982 779
399 860
806 493
911 567
953 573
64 866
490 335
575 922
244 667
290 281
693 787
49 626
915 560
698 817
468 193
494 313
552 582
32 918
43 940
941 373
875 128
762 174
916 679
470 622
798 491
142 487
287 60
380 877
747 114
227 475
695 351
708 671
106 181
826 74
855 29
937 57
311 482
449 367
288 281
497 151
492 837
23 773
258 166
535 74
419 295
244 80
64 429
417 456
916 779
998 299
653 515
55 920
142 616
347 676
43 732
996 266
747 175
432 882
380 951
13 385
162 325
722 456
468 756
138 962
127 57
665 817
806 274
575 299
620 329
953 141
541 632
332 315
899 965
406 876
263 329
733 769
272 724
189 336
377 443
50 74
432 651
667 80
347 844
916 982
993 168
679 779
406 150
764 33
570 440
762 279
454 74
76 376
77 357
406 389
793 920
413 145
253 329
380 929
761 440
140 335
248 910
30 153
859 312
890 482
370 40
668 128
960 811
253 263
253 620
407 779
263 620
110 873
747 125
551 74
598 671
703 431
82 622
463 880
407 679
742 122
776 341
600 348
417 294
722 294
77 426
267 193
267 756
161 854
193 756
233 85
32 358
142 949
487 616
670 314
516 810
261 19
634 533
412 114
267 468
951 929
695 625
494 538
165 706
16 663
258 216
628 348
31 707
293 170
371 493
37 219
649 910
347 355
692 854
722 417
890 311
834 428
290 569
470 335
64 374
964 935
253 567
49 439
876 150
13 306
407 982
747 568
655 181
106 122
270 885
49 440
52 892
162 828
882 651
81 962
14 431
439 440
461 943
261 862
213 540
788 214
441 385
126 160
877 929
591 57
449 392
422 48
973 131
573 141
833 78
280 131
22 954
412 175
261 42
73 533
477 219
319 885
88 582
380 830
265 156
771 357
751 170
347 622
298 284
876 389
916 482
396 53
82 335
869 74
77 281
1 346
361 336
32 730
406 812
409 726
926 348
152 878
371 274
280 973
937 524
704 78
138 509
380 676
714 922
441 306
609 865
692 161
502 475
142 902
65 400
140 490
347 335
385 306
986 945
643 219
451 257
174 279
115 260
32 428
280 872
973 872
95 71
370 965
815 170
863 443
360 493
290 769
282 301
399 346
347 82
7 985
977 768
788 906
466 770
747 60
980 74
224 74
106 742
403 587
263 567
267 353
32 834
435 592
763 181
347 470
589 656
127 524
444 811
253 911
413 626
650 442
702 540
733 807
830 676
1 357
452 159
620 567
944 892
875 150
729 301
875 389
609 284
435 418
407 482
253 170
771 426
655 122
595 438
577 512
841 71
911 170
875 876
737 910
865 284
297 617
288 569
730 428
819 340
380 844
244 871
208 585
996 230
551 454
432 19
150 389
347 490
280 736
43 131
806 848
771 281
973 736
712 71
578 342
949 902
1 426
472 219
750 942
765 336
399 357
485 935
343 256
1 281
142 456
360 274
179 753
380 355
630 295
1 771
494 124
426 281
412 125
347 140
693 988
319 270
996 279
290 807
801 935
253 815
511 615
762 108
722 471
224 980
541 464
287 145
380 622
43 872
435 148
319 901
432 862
543 540
399 281
270 901
432 42
632 464
634 87
380 335
81 509
701 940
399 426
722 455
55 57
747 145
661 214
668 389
793 57
668 150
263 170
747 287
899 582
673 54
371 848
138 940
620 170
86 464
577 892
996 174
763 122
512 892
138 701
132 156
471 455
999 533
399 771
714 299
668 876
347 133
115 608
138 732
176 181
261 864
142 294
417 455
622 335
916 311
722 367
253 751
300 838
417 471
230 279
205 442
567 170
384 779
968 936
792 734
321 850
36 592
689 928
100 491
862 42
453 663
844 355
391 588
61 533
114 175
32 929
290 733
747 626
406 684
844 335
701 732
43 736
370 582
303 909
514 672
355 335
919 717
699 141
36 418
254 390
844 622
875 812
911 815
801 485
347 586
245 923
417 367
332 817
799 922
13 832
918 358
196 618
530 597
162 369
329 170
39 597
73 87
261 18
661 906
638 305
355 622
700 464
793 55
380 82
39 530
1 77
870 160
920 57
826 617
673 301
398 537
380 470
953 491
7 269
380 490
600 310
371 806
1 569
527 615
13 78
253 293
244 905
360 848
37 910
77 569
382 219
195 320
412 568
143 219
189 887
792 104
54 301
470 490
866 429
598 708
728 592
669 515
729 282
760 292
176 122
933 631
471 367
196 259
747 413
803 707
391 313
407 311
399 569
82 490
953 100
173 837
36 148
747 440
535 617
290 664
357 281
635 295
836 442
267 266
792 147
655 742
832 78
795 460
628 310
413 440
288 769
477 910
728 418
722 392
188 96
949 456
944 52
668 812
143 382
590 2
287 626
965 582
614 348
233 12
399 77
870 126
634 128
725 166
249 255
830 335
497 256
254 961
361 887
432 864
140 133
750 29
643 910
962 509
50 617
387 682
82 470
528 909
41 922
380 133
516 85
380 140
986 779
855 588
630 419
297 170
996 108
543 702
725 216
518 707
551 617
40 582
303 990
644 660
809 931
425 301
731 602
196 711
32 877
598 295
800 954
708 295
417 392
325 828
380 586
809 814
81 940
405 515
528 990
760 429
747 439
894 80
162 56
377 560
926 310
760 866
32 951
964 175
847 91
746 811
870 467
4 935
180 301
81 732
830 622
993 539
441 78
513 556
728 148
875 684
432 18
288 807
1 769
855 313
999 87
253 57
415 33
909 990
138 131
720 25
248 390
454 617
581 789
472 910
32 676
911 751
559 292
826 170
709 756
552 139
140 586
61 87
280 585
557 972
720 103
528 303
138 872
399 769
570 358
813 566
162 431
32 335
364 879
97 615
1 807
535 170
771 569
765 887
964 114
761 358
476 804
213 284
267 279
973 585
449 945
733 664
347 493
793 591
541 592
792 197
237 942
975 618
698 879
665 879
186 424
914 663
541 418
665 698
198 156
949 294
559 429
449 779
798 342
50 170
747 49
391 538
793 524
73 128
79 623
551 170
55 591
459 351
799 299
630 935
632 592
451 681
11 756
801 175
649 390
347 274
399 807
668 684
263 815
208 339
321 433
559 866
55 524
632 418
611 33
945 779
609 298
871 905
747 358
32 622
591 524
541 148
763 742
385 78
297 329
44 306
1 288
347 848
853 789
166 216
830 355
180 425
412 60
86 592
960 306
747 761
142 455
632 148
951 676
951 335
676 335
86 418
454 170
747 570
115 509
49 358
441 832
700 592
253 920
541 728
248 961
405 669
700 418
975 259
361 189
485 175
13 704
944 255
834 929
638 291
839 618
138 736
32 355
552 651
347 360
297 567
620 815
579 618
709 193
347 806
634 389
543 284
863 560
630 4
877 335
13 833
86 148
32 830
795 442
605 885
700 148
39 854
632 728
801 114
81 701
634 150
292 429
541 36
347 371
142 367
578 756
579 839
745 429
551 50
293 57
700 86
596 219
133 586
600 639
745 292
66 260
964 125
530 854
931 814
64 860
77 769
399 288
368 2
43 585
843 420
11 193
855 538
877 676
261 276
52 255
632 36
788 21
700 728
745 866
869 617
347 507
747 918
267 230
649 961
86 728
471 392
652 990
579 259
552 882
839 259
630 175
747 428
111 348
869 170
516 12
77 807
702 284
444 306
360 806
975 711
960 44
809 546
634 876
577 255
999 128
700 36
224 617
550 219
218 663
380 493
541 435
224 170
911 57
512 255
628 639
617 170
588 313
82 586
292 866
870 434
267 174
918 428
86 36
61 128
487 902
801 125
630 485
826 329
671 295
347 495
162 14
630 114
578 193
346 281
253 524
980 170
143 910
380 274
41 299
485 114
88 139
162 703
66 608
115 962
459 625
632 435
419 935
32 844
290 889
695 438
737 390
993 594
980 617
843 893
700 435
126 467
630 125
826 567
764 985
267 108
380 848
82 133
579 711
286 506
382 910
169 506
460 442
7 850
4 175
142 392
635 935
630 801
951 622
384 679
280 339
253 591
839 711
574 160
391 124
40 965
700 632
330 351
788 301
201 6
169 286
722 779
470 586
541 221
597 854
32 490
76 537
635 419
86 435
769 807
552 19
926 639
630 964
764 269
504 219
449 986
751 57
746 306
953 342
95 922
535 329
552 42
700 221
180 54
630 568
877 622
485 125
665 364
632 221
973 339
762 483
913 116
407 916
380 806
263 57
174 108
957 663
334 333
380 360
552 862
535 567
73 389
275 907
297 815
578 11
249 840
578 709
11 709
692 533
634 812
142 471
551 329
81 131
88 651
577 52
380 371
598 935
718 264
476 268
964 568
940 732
86 221
570 428
620 57
290 6
32 586
401 424
50 329
402 814
73 150
551 567
969 554
761 428
263 751
841 922
792 904
104 147
378 119
21 301
911 293
290 201
230 108
494 892
115 732
417 779
115 940
402 931
4 114
380 507
486 757
605 901
50 567
486 341
81 872
253 55
737 961
463 475
162 854
757 341
801 568
32 470
855 124
1 664
708 935
798 756
261 383
32 133
432 276
747 730
287 440
37 390
985 269
700 541
297 57
635 175
271 942
253 793
665 151
4 125
512 52
364 151
747 929
224 869
600 706
690 25
712 922
630 60
477 390
762 295
470 133
574 467
43 339
266 279
32 82
844 490
439 358
598 419
196 540
698 151
49 428
380 495
578 468
826 815
195 348
261 373
162 597
399 664
999 389
88 882
908 146
7 433
690 103
750 313
870 994
375 38
290 616
61 389
635 114
634 684
661 301
643 390
413 358
720 462
826 57
478 831
73 876
953 756
614 310
552 864
595 642
735 713
635 125
652 909
549 707
182 553
999 150
952 660
956 787
574 126
730 929
628 706
136 878
595 563
61 150
722 945
297 620
598 175
297 751
641 416
249 828
620 751
449 679
110 810
330 625
384 982
815 57
798 193
960 78
899 139
485 568
771 807
413 439
435 221
635 4
483 295
320 348
218 914
535 57
552 18
750 588
476 226
708 419
11 468
703 854
37 961
56 431
14 854
454 329
635 568
551 57
88 19
535 815
708 175
880 475
88 42
635 485
710 156
472 390
454 567
4 568
953 193
676 622
551 815
573 491
44 78
419 175
237 29
370 139
50 57
596 910
996 295
598 114
477 961
184 794
598 125
426 569
747 834
297 263
32 140
926 706
667 905
88 862
801 964
920 524
699 491
999 876
332 879
50 815
826 751
844 586
962 732
142 779
81 736
579 975
61 876
642 563
643 961
835 38
449 982
996 483
459 438
64 281
114 125
701 131
709 468
544 811
385 832
899 651
661 21
708 125
788 425
708 114
635 964
953 798
528 515
280 208
962 940
4 485
635 801
598 568
808 554
826 620
544 306
771 769
1 733
66 509
481 315
290 902
550 910
176 742
653 181
896 395
998 429
811 306
162 530
402 546
486 776
700 991
543 213
444 78
244 501
575 429
370 651
73 812
755 207
951 355
412 145
630 145
635 60
253 127
630 412
494 255
212 178
14 703
650 990
630 626
788 54
432 383
457 787
138 585
19 42
454 57
449 384
32 493
297 293
747 335
472 961
260 608
598 485
422 306
701 872
412 626
249 325
708 568
551 535
161 533
230 174
598 4
750 538
653 122
504 910
162 39
394 153
30 74
826 263
432 373
329 567
821 153
699 573
551 751
535 751
729 794
26 257
998 866
883 45
746 78
801 60
641 241
944 840
224 567
224 329
32 274
541 991
419 125
359 71
258 178
821 394
88 864
471 779
877 355
953 468
692 87
575 866
764 850
182 340
253 937
417 945
36 221
399 733
111 310
205 990
222 663
422 811
760 374
405 181
419 114
579 540
964 60
999 812
115 131
32 848
61 812
826 293
434 994
598 60
461 443
581 70
869 567
842 566
267 295
598 964
953 709
290 487
869 329
50 751
83 789
405 122
290 456
986 679
441 704
224 57
644 2
420 893
258 212
975 540
441 833
899 882
115 872
73 684
449 482
708 485
598 801
570 918
632 991
227 442
576 118
88 18
913 365
830 490
792 607
944 828
454 815
551 620
689 946
683 615
406 199
487 456
95 299
145 626
665 256
869 57
593 738
761 918
798 468
973 208
792 627
535 620
130 264
830 586
370 882
765 189
897 185
762 671
675 219
516 233
984 141
330 438
953 11
574 994
708 4
980 567
708 60
839 540
4 60
180 673
253 141
788 673
788 180
980 329
899 42
364 256
297 911
253 984
980 57
874 726
999 684
61 684
899 19
997 672
64 346
162 533
86 991
700 120
329 57
728 221
115 701
836 990
638 250
319 814
297 524
490 586
764 433
419 568
290 294
834 335
567 57
911 524
492 663
370 42
698 256
747 622
708 964
700 584
551 263
551 293
370 19
61 999
140 493
263 293
32 806
353 279
704 833
413 428
574 434
614 639
899 862
630 440
69 995
826 524
841 299
50 620
13 464
987 117
375 225
405 653
535 293
303 515
708 801
535 263
249 369
282 794
853 70
552 276
826 911
319 931
361 92
249 431
162 161
370 862
635 626
32 360
844 133
110 85
635 145
143 390
798 709
747 676
750 124
224 815
384 482
762 935
485 60
577 840
369 431
1 889
32 371
716 672
809 734
50 293
790 156
20 214
32 507
722 679
138 339
577 828
249 56
512 840
551 524
835 225
347 787
652 515
342 756
39 533
998 292
297 920
181 122
50 263
1 6
541 120
43 208
398 768
512 828
535 524
66 732
937 141
541 584
869 815
952 2
826 920
249 854
575 292
933 851
671 935
559 374
415 269
288 664
115 736
4 964
51 878
607 627
712 299
201 616
404 773
399 889
271 29
454 751
66 940
598 626
382 390
714 429
50 524
162 87
140 274
332 151
630 287
502 442
598 145
899 864
230 295
957 914
16 713
635 412
56 854
64 357
692 128
111 639
354 995
399 6
632 120
267 483
174 295
632 584
383 373
944 325
980 815
32 495
23 159
530 533
445 219
439 428
840 828
110 12
370 864
263 524
120 584
347 457
570 929
986 982
996 935
516 717
551 911
762 175
270 814
915 458
406 619
761 929
743 856
371 507
266 108
196 284
630 358
690 462
323 571
143 961
661 425
1 616
722 982
611 269
747 355
1 201
369 854
195 310
722 986
899 18
422 544
49 918
551 920
590 753
398 977
86 584
347 956
708 626
661 54
297 591
86 120
599 587
826 591
127 141
953 578
370 18
253 491
140 848
552 373
759 582
765 92
788 794
609 348
721 608
809 147
535 911
552 383
224 751
392 779
826 297
875 199
52 828
798 11
64 569
708 145
620 293
944 431
714 866
173 663
14 597
380 787
944 854
762 125
723 219
535 920
459 695
49 929
399 616
635 440
431 854
270 931
669 122
620 524
892 255
419 60
162 128
52 840
996 671
918 929
319 546
293 524
179 696
61 73
399 201
652 303
703 597
799 429
614 706
190 351
911 920
809 104
762 114
422 78
287 358
944 369
82 493
996 175
142 945
382 961
50 920
906 301
367 779
544 78
669 181
481 817
762 568
50 911
835 375
882 42
860 281
88 276
760 281
951 586
325 854
671 175
746 444
551 591
760 860
598 412
487 294
944 56
655 106
459 563
233 717
321 942
454 524
795 990
747 877
725 178
721 260
441 464
747 586
630 428
189 92
869 751
837 663
877 586
162 692
229 153
747 951
577 854
999 73
596 390
889 6
528 122
792 881
660 2
454 293
266 295
237 313
13 592
1 902
455 779
126 994
512 854
417 679
675 910
668 199
535 591
937 984
564 932
13 418
111 706
337 393
606 219
40 139
459 642
996 125
598 440
162 389
695 563
722 482
415 985
463 442
701 736
66 962
830 133
267 935
224 524
528 181
504 550
30 170
980 751
630 439
577 325
747 490
577 431
793 141
325 431
380 457
162 150
41 429
454 620
320 310
268 226
799 866
50 591
391 255
512 431
692 389
180 794
13 148
108 295
996 114
949 779
399 902
579 284
996 568
635 358
353 295
224 293
161 87
4 801
960 832
512 325
102 740
353 108
953 279
671 125
265 96
40 651
762 60
528 669
559 281
730 335
380 956
39 87
114 568
298 348
357 569
452 663
504 390
20 301
55 141
52 854
550 390
869 524
402 734
855 255
415 850
635 287
162 876
39 161
588 538
692 150
82 274
695 642
593 38
361 8
224 620
577 369
708 412
66 131
415 433
661 673
577 56
330 563
708 440
704 464
611 985
66 872
965 139
980 524
596 961
267 175
833 464
1 456
661 794
290 779
195 639
304 582
953 295
100 756
412 440
882 19
788 282
673 794
909 515
671 568
512 369
417 982
512 56
979 582
76 768
875 619
747 133
951 490
630 413
813 517
671 114
41 866
559 860
88 373
377 458
14 533
908 264
369 56
598 358
391 892
249 597
561 135
270 546
223 955
746 44
337 207
611 850
4 626
162 812
393 207
454 263
611 433
871 501
691 582
330 642
703 533
162 684
729 184
88 383
840 854
965 651
775 954
996 60
877 490
530 87
975 284
279 295
911 591
110 717
578 295
979 304
578 279
869 293
399 456
13 221
82 848
850 433
483 935
801 626
811 78
949 455
267 125
747 830
214 301
762 419
635 428
445 910
745 374
249 533
839 284
1 294
253 573
863 458
52 431
953 108
826 141
504 961
865 348
224 263
630 929
791 219
722 384
165 475
454 920
985 433
290 455
980 293
205 650
762 485
146 264
111 614
330 695
332 256
550 961
385 464
290 949
985 850
267 568
7 942
249 703
721 509
855 892
224 920
470 493
402 147
986 482
598 287
962 131
342 193
765 8
655 602
267 114
297 141
962 872
110 233
4 145
249 14
513 943
486 168
290 367
43 973
937 491
399 294
661 180
551 141
880 442
828 854
290 392
798 295
1 487
668 619
271 313
691 304
708 358
347 988
64 426
597 533
723 910
321 29
95 429
76 977
738 38
899 276
733 6
463 502
263 920
745 281
652 122
23 663
835 955
370 276
869 620
747 844
762 964
32 787
205 515
570 335
761 335
692 876
960 464
747 493
354 69
598 428
454 591
132 96
253 699
26 681
650 515
280 3
40 42
746 832
844 493
826 55
476 312
224 591
635 439
812 684
39 128
343 48
801 145
949 367
494 854
195 706
402 104
630 918
894 905
944 533
13 728
842 517
762 626
949 392
841 429
761 570
747 470
11 295
535 141
605 814
953 353
106 602
634 199
774 80
127 984
413 929
944 597
224 454
244 363
13 36
671 60
325 56
835 223
347 693
142 679
367 392
131 872
399 487
980 620
551 297
52 56
417 482
652 181
50 141
320 639
52 325
49 335
127 491
40 19
419 485
375 955
543 348
296 424
