296 73
994 602
583 226
316 817
835 890
275 623
229 499
127 37
18 711
812 563
761 992
876 942
152 293
442 719
760 559
971 759
453 471
472 706
409 576
190 333
583 631
166 700
131 504
892 10
163 294
964 822
761 204
226 631
537 50
667 396
652 140
480 620
555 177
913 990
572 831
864 650
741 956
689 455
998 577
879 599
158 379
49 789
564 171
324 13
450 253
657 850
838 368
146 107
229 205
262 882
556 421
225 106
417 749
875 331
597 334
965 860
985 681
382 641
913 639
156 504
401 679
393 900
774 764
790 235
845 576
835 245
148 974
891 911
713 628
606 506
551 244
446 47
382 533
973 647
965 513
250 969
868 314
418 176
270 997
971 724
961 341
61 455
651 999
118 58
890 245
56 482
859 191
8 301
82 371
287 87
386 743
868 821
139 942
502 188
606 305
973 940
555 130
994 91
423 977
518 110
668 75
54 244
483 623
111 955
288 375
735 92
517 301
155 683
668 462
908 201
404 862
783 920
215 536
101 765
996 153
75 462
1000 650
215 538
418 616
524 816
439 164
744 235
783 776
477 185
24 865
884 719
316 108
736 615
217 981
524 5
454 15
792 525
207 673
304 687
98 471
925 729
888 858
344 354
823 222
697 136
657 512
652 51
18 72
835 992
116 974
349 886
213 566
763 532
131 99
935 499
287 257
181 894
55 565
411 521
417 762
7 6
835 204
887 17
408 308
250 122
74 258
506 305
712 78
742 238
741 52
575 728
859 911
933 541
166 420
676 394
223 780
275 76
888 147
498 686
68 960
921 565
45 769
819 231
169 341
550 858
418 640
84 525
812 171
472 173
935 205
792 889
59 952
758 170
946 752
49 271
53 485
569 779
43 445
80 623
783 562
1000 864
262 527
551 162
296 103
270 83
735 508
172 58
382 826
312 926
895 751
288 691
567 635
290 647
54 162
587 232
214 974
961 866
404 604
890 992
879 939
609 297
223 740
225 48
550 147
84 889
857 244
483 76
518 456
34 438
430 240
766 563
772 764
439 806
468 293
311 539
21 571
69 264
417 23
890 204
45 216
996 144
45 690
921 55
761 861
697 334
338 710
8 165
962 457
82 167
742 546
495 579
220 11
528 39
451 716
543 777
54 551
153 144
1000 914
290 940
430 629
937 175
477 460
229 833
868 659
158 915
932 814
410 558
288 593
113 757
40 739
186 532
302 301
150 414
667 599
556 748
307 39
583 654
69 46
790 899
163 494
200 182
206 749
275 704
609 501
868 374
82 548
735 900
177 130
337 580
627 728
34 359
213 976
483 704
575 234
689 622
517 165
945 576
358 532
840 421
151 696
773 656
297 501
701 885
337 839
262 196
857 162
346 482
994 745
408 126
775 73
655 17
54 198
324 687
109 752
780 740
830 566
609 734
483 275
585 291
150 815
564 47
881 175
807 32
213 471
319 245
215 425
59 519
551 198
498 50
104 995
587 558
511 85
581 539
7 176
568 720
601 754
583 532
156 99
356 437
65 811
297 734
495 33
928 301
356 788
876 626
933 331
411 485
296 705
84 792
371 167
74 282
208 232
185 460
169 866
864 914
654 532
45 594
213 98
243 536
465 197
852 203
994 434
766 171
596 849
243 538
195 504
226 532
627 234
769 216
769 690
43 154
132 388
7 616
857 198
854 107
262 598
602 91
935 833
555 174
45 407
287 739
483 314
646 958
289 187
342 238
924 893
371 548
835 861
190 281
316 368
319 992
71 849
597 824
424 539
688 929
510 249
883 211
812 47
319 204
453 579
483 821
40 86
677 710
905 449
474 58
132 463
80 76
31 187
585 873
925 603
152 710
920 776
932 813
875 241
208 558
7 640
24 941
830 976
802 978
932 750
587 410
8 955
726 582
682 547
667 939
21 944
157 880
307 528
275 314
768 942
433 720
965 179
961 279
239 757
489 293
35 799
294 494
728 234
307 841
857 551
528 841
152 677
344 526
587 383
761 584
461 696
852 561
852 413
418 591
401 260
676 390
661 969
226 654
830 471
399 421
891 902
688 295
101 333
970 247
206 762
59 464
410 383
521 485
275 821
302 165
278 265
365 525
583 358
760 384
60 134
21 988
775 103
682 93
151 711
139 626
803 291
21 306
888 960
631 532
585 481
583 186
372 541
278 842
325 168
468 710
741 718
364 145
287 86
537 128
304 836
207 930
200 715
408 966
342 546
34 963
961 507
766 47
195 99
411 53
587 396
845 409
830 98
232 558
517 955
446 849
747 643
651 242
358 186
365 889
676 746
274 460
31 289
443 975
21 678
994 582
127 397
131 414
928 165
432 485
215 238
453 33
550 960
857 54
157 832
982 708
430 952
809 926
286 731
208 383
448 263
277 389
844 252
840 748
410 396
21 309
192 673
49 860
810 248
203 561
859 902
964 619
825 709
59 670
206 23
855 415
203 413
61 622
916 343
131 815
890 861
364 785
80 704
695 557
994 726
158 102
803 873
610 492
954 683
437 788
213 579
298 96
468 677
243 425
4 672
312 576
45 950
483 659
461 711
698 663
49 513
215 546
319 861
393 253
65 490
1000 837
835 584
101 281
790 680
270 623
468 152
155 612
651 959
477 613
483 374
229 360
695 700
667 879
418 449
871 389
216 690
230 536
167 548
150 559
218 797
88 975
376 143
1000 313
338 164
250 650
319 890
208 396
7 591
230 538
443 266
169 279
667 114
347 660
908 686
924 259
575 948
916 669
63 865
682 681
158 684
225 345
863 953
989 438
744 899
803 481
879 114
19 285
567 438
408 605
370 247
845 240
195 156
452 36
171 47
563 47
563 171
775 705
19 829
430 519
81 367
337 228
882 527
973 335
954 612
459 15
362 16
213 33
996 949
226 186
378 492
324 836
409 240
442 577
215 342
302 955
393 450
511 571
1000 125
892 547
418 905
9 398
610 160
758 469
423 394
236 978
855 991
935 360
884 577
852 201
661 122
159 558
83 623
908 50
111 714
80 314
989 359
529 265
567 359
767 41
954 155
773 222
646 938
845 629
328 541
932 808
399 748
223 79
567 989
287 40
946 389
913 247
657 885
169 507
732 391
830 579
529 842
937 779
676 354
572 628
901 234
409 629
30 400
270 76
924 549
209 499
80 821
585 305
575 934
26 380
511 944
315 400
961 931
987 42
564 849
207 532
88 266
892 93
19 375
315 30
600 975
984 552
190 227
964 759
275 659
735 253
315 951
857 245
876 353
489 710
30 951
378 160
928 955
589 708
7 449
446 71
713 953
338 806
601 847
223 44
63 941
101 227
319 584
362 702
961 189
443 725
56 978
343 669
511 988
596 184
275 374
34 927
964 724
427 161
884 442
101 190
430 464
985 251
468 164
769 594
69 504
73 103
372 331
511 306
881 779
208 410
772 774
909 144
109 389
153 949
882 196
2 679
446 184
961 753
226 358
933 241
209 205
695 420
761 912
68 764
71 184
658 793
19 691
627 948
771 703
393 522
587 599
465 87
744 680
830 33
448 872
597 267
446 596
768 626
37 397
422 107
113 740
819 757
411 795
511 678
223 475
43 665
59 170
857 992
250 914
945 240
148 249
54 245
366 721
735 450
243 238
556 11
232 383
34 141
646 805
340 134
390 746
812 849
816 5
19 593
857 204
159 383
158 717
439 520
104 620
635 438
863 15
627 934
159 232
7 905
418 544
270 704
823 187
987 729
511 309
783 466
82 415
566 976
79 44
770 752
83 76
123 561
493 617
123 413
755 706
195 414
433 568
470 293
771 292
131 559
12 479
945 629
698 565
430 670
954 642
887 191
70 478
890 584
21 212
600 266
863 459
571 944
468 806
606 660
151 72
480 541
213 453
262 388
930 532
337 784
585 506
524 397
790 379
243 546
152 164
270 314
803 305
769 407
263 872
899 680
344 291
262 463
946 871
408 476
88 725
195 815
328 331
688 956
965 367
423 746
89 351
509 16
518 730
146 13
635 359
111 673
270 821
948 934
804 558
159 396
625 400
735 522
108 368
118 27
597 831
876 406
967 663
276 117
378 610
116 249
465 257
84 548
772 28
315 494
448 862
625 951
892 681
423 390
713 15
42 729
567 963
439 479
139 353
7 544
677 164
259 549
230 425
54 992
810 500
82 991
69 99
26 32
74 85
835 912
738 874
766 849
118 431
461 72
404 97
439 12
946 277
54 204
887 911
772 261
320 669
758 637
121 438
27 431
713 459
208 599
148 510
448 604
774 28
989 963
119 16
824 267
4 666
772 595
973 869
891 269
446 858
527 196
551 245
564 184
566 471
239 740
84 167
325 10
908 498
683 612
232 396
150 384
63 24
882 598
852 686
654 186
935 229
736 136
121 359
446 147
524 37
408 377
344 873
571 988
655 191
347 455
169 931
109 871
638 709
774 261
83 704
18 499
509 702
722 919
192 532
998 886
1000 168
857 861
63 193
790 915
443 352
119 702
741 95
888 764
986 117
319 912
701 501
382 976
410 599
852 50
804 383
774 595
571 306
119 509
169 189
80 659
997 623
600 725
109 277
2 260
113 780
263 862
712 644
83 314
370 970
18 205
349 980
89 536
278 264
688 52
596 858
935 542
9 303
378 105
89 538
152 806
116 510
611 400
755 173
320 343
809 576
625 30
79 475
701 734
651 487
24 193
83 821
229 542
868 756
611 951
169 753
80 374
49 179
185 613
973 137
714 673
859 269
747 478
71 858
925 310
388 463
430 170
812 184
489 164
21 301
344 481
495 977
270 659
625 494
382 471
803 506
156 414
760 525
386 265
376 545
172 431
609 428
655 911
278 46
315 294
401 782
682 251
921 553
965 81
286 221
127 78
270 374
845 952
596 147
263 604
804 396
139 406
480 331
875 974
53 795
30 494
386 842
738 737
115 926
312 240
550 764
913 970
982 969
551 992
214 249
792 548
824 831
677 806
472 233
651 488
209 833
697 267
71 147
760 889
423 354
328 372
465 739
432 521
810 246
346 978
961 848
800 580
587 939
610 105
551 204
937 569
518 897
296 708
653 788
602 745
270 80
606 455
653 437
854 13
382 566
146 687
155 642
864 837
592 145
203 201
564 858
127 644
370 656
312 629
744 379
987 603
884 886
218 878
26 807
156 815
163 92
996 723
657 501
409 952
913 656
127 712
804 232
195 559
571 678
514 558
564 147
472 827
567 927
800 839
946 867
123 201
223 754
964 971
857 584
657 734
88 352
743 265
758 182
840 11
864 313
772 64
587 114
489 806
461 151
937 96
274 613
766 184
109 867
945 952
435 776
970 656
790 102
131 384
954 254
651 395
838 47
432 795
502 3
954 505
31 623
743 842
101 6
54 861
470 710
868 590
986 276
511 212
521 795
218 618
982 122
7 418
371 415
123 203
962 41
567 141
923 874
18 833
790 684
442 886
192 930
881 569
121 635
468 338
697 831
111 532
89 425
4 202
465 86
611 494
159 599
446 960
736 334
812 858
65 94
288 244
225 918
881 96
230 238
954 256
845 519
138 16
997 76
768 353
946 614
592 785
676 526
884 998
909 949
21 165
564 71
830 453
307 535
852 498
299 880
741 822
954 348
905 544
109 614
158 211
448 97
569 96
812 147
83 659
571 309
965 175
239 780
989 927
315 92
923 737
792 167
408 91
250 837
121 963
625 294
646 632
1000 10
290 335
932 467
435 920
520 479
996 641
511 301
564 596
73 705
83 374
74 944
937 298
961 781
887 902
945 409
113 44
967 565
422 13
602 434
908 128
996 533
250 313
635 963
451 789
713 863
394 746
529 264
744 915
26 326
411 421
307 20
138 702
810 183
454 120
34 285
704 314
243 342
601 561
74 988
69 414
601 413
530 947
774 64
337 486
819 740
489 677
514 383
230 546
945 519
277 867
74 306
132 558
34 829
351 536
214 510
563 849
651 791
864 125
871 867
31 76
767 323
790 717
409 519
989 141
344 305
854 687
891 903
932 272
393 460
109 946
399 11
59 469
890 912
529 46
600 352
735 460
932 341
319 835
893 549
351 538
371 991
783 235
585 660
923 738
881 298
74 678
315 163
69 815
766 858
289 623
18 209
876 219
60 416
572 953
435 562
611 30
555 880
315 508
451 271
153 723
328 241
657 701
454 534
932 866
828 733
398 303
288 162
535 20
728 934
113 475
74 309
735 393
483 756
208 939
163 508
208 114
913 370
564 960
250 125
852 128
648 975
939 114
766 147
272 341
676 291
19 244
804 599
996 826
768 406
845 464
810 993
166 643
451 860
901 934
200 392
34 375
957 922
514 396
892 251
844 874
530 317
625 92
899 379
722 144
747 70
876 516
35 617
427 645
207 631
109 707
74 571
655 902
101 176
524 78
89 238
609 636
299 832
451 513
946 707
528 20
54 584
422 687
859 903
704 821
439 17
597 628
871 277
794 38
524 644
42 603
585 455
2 782
714 532
994 788
857 912
43 615
589 969
132 383
511 165
382 98
994 437
31 997
945 464
844 737
962 323
596 960
871 614
530 990
901 728
277 614
21 955
239 44
551 861
567 285
852 908
215 742
63 445
195 384
271 860
336 485
770 389
961 110
315 900
250 864
212 301
567 829
312 952
34 691
71 960
528 535
89 546
713 120
411 748
19 162
231 757
555 832
758 715
365 548
101 616
157 412
150 525
495 746
868 588
609 662
668 975
442 998
172 27
916 793
169 848
408 745
812 960
919 144
876 436
676 873
530 639
272 866
146 836
81 175
104 541
432 53
625 508
31 314
443 196
487 488
409 464
278 504
457 41
713 534
263 97
34 593
372 241
132 396
288 198
718 95
863 120
448 404
648 266
31 821
150 889
489 152
524 712
947 317
31 704
113 79
845 670
289 76
812 71
527 598
744 102
913 222
153 641
611 294
311 117
567 375
119 362
803 660
215 293
65 161
997 314
572 15
937 850
483 590
213 977
370 222
101 640
408 434
430 469
153 533
271 513
55 553
658 798
964 145
863 534
937 512
19 198
812 596
997 821
682 985
382 579
789 860
239 475
742 293
933 974
200 872
286 321
961 456
945 670
744 684
555 299
461 499
171 849
676 481
868 894
59 637
989 285
857 890
625 163
769 950
852 537
123 686
995 620
567 691
997 704
989 829
790 211
495 394
443 598
803 455
932 279
589 122
82 855
668 266
470 164
625 900
844 738
461 205
139 219
443 527
466 235
59 182
881 850
69 156
567 593
45 620
19 288
121 927
761 103
422 854
881 512
312 519
601 201
611 92
78 644
540 273
925 329
569 298
163 900
713 454
45 995
947 990
123 50
789 513
1000 325
457 323
766 960
511 955
964 785
682 776
685 248
646 112
450 522
8 673
151 499
409 670
428 636
422 836
278 99
989 375
467 341
408 602
139 516
49 367
823 623
410 114
932 507
982 661
319 103
131 525
838 849
572 459
153 826
480 241
157 300
854 836
646 692
270 275
899 915
467 866
121 141
104 331
151 205
648 725
65 645
446 764
518 130
495 390
985 776
637 182
138 509
667 536
109 917
113 754
200 862
159 114
131 889
682 920
392 872
7 926
667 538
69 559
148 144
133 554
31 659
382 33
744 717
973 29
526 291
220 473
116 144
989 691
344 506
169 781
611 508
682 562
63 154
89 230
8 532
947 639
982 650
408 582
296 969
31 374
376 634
581 117
341 866
430 182
213 746
495 354
474 431
262 558
563 184
9 624
946 917
470 806
18 360
430 637
289 314
775 708
200 604
424 117
668 725
88 196
989 593
190 6
139 436
41 323
312 464
809 240
37 644
835 103
428 662
289 821
871 707
4 983
65 427
819 780
887 269
115 576
551 584
761 705
232 599
43 136
697 824
838 171
802 380
37 78
689 757
277 707
965 779
378 444
239 79
159 410
807 326
401 820
121 285
319 705
461 833
863 454
521 53
356 922
386 264
156 559
121 829
361 323
60 719
217 621
661 650
116 148
365 167
823 76
985 920
945 845
809 629
289 704
819 44
84 415
159 939
74 301
773 187
218 958
564 764
908 537
741 619
26 237
410 939
529 504
514 599
132 599
132 514
970 222
543 429
830 977
101 591
985 562
472 721
611 900
361 41
804 114
676 305
909 723
274 185
945 170
962 767
850 512
673 532
100 283
54 912
297 636
845 170
422 146
483 588
111 930
597 953
386 46
290 869
658 846
119 690
88 598
119 216
98 579
59 715
294 92
418 926
319 761
215 710
132 232
121 375
116 919
296 122
660 455
1000 547
312 670
83 80
262 383
43 334
148 919
18 542
962 765
688 95
203 686
239 754
602 582
188 3
667 351
514 232
30 92
852 515
468 479
767 765
250 168
760 548
12 17
997 659
423 291
390 354
270 756
932 931
655 269
987 310
667 425
82 402
735 613
214 144
830 746
635 927
337 942
697 628
1000 93
30 294
567 34
835 705
683 642
151 833
220 426
121 691
768 219
997 374
88 527
986 492
780 44
2 820
818 549
297 662
883 814
932 189
195 525
747 729
766 71
819 475
262 396
812 764
483 894
74 212
351 425
810 578
824 628
121 593
932 753
319 73
430 715
766 596
503 720
937 885
195 889
320 793
392 862
243 293
432 421
169 110
417 731
838 184
982 914
213 394
657 636
597 15
203 50
74 165
804 939
84 991
852 608
783 680
19 245
768 516
213 354
94 161
611 163
996 976
761 73
891 497
529 99
909 641
133 90
423 526
743 264
823 314
225 896
600 196
116 722
133 22
633 720
213 390
741 759
823 821
601 686
986 160
394 354
101 449
451 179
315 253
166 478
977 746
119 594
682 435
657 662
289 659
909 533
68 28
409 170
411 11
468 520
37 712
648 352
141 285
718 822
996 471
423 873
742 710
730 897
148 722
881 885
275 756
362 690
443 882
891 801
362 216
916 798
278 414
289 374
65 5
741 724
635 285
668 352
207 186
468 17
789 271
563 858
744 211
790 158
141 829
392 604
174 880
290 137
698 553
65 816
601 50
743 46
635 829
119 407
26 373
651 194
635 141
899 102
252 874
855 402
755 233
212 165
393 613
19 992
270 590
768 436
79 754
521 421
526 873
278 815
307 674
69 384
520 17
823 704
325 547
770 867
859 497
1000 681
19 204
892 776
68 261
923 234
347 622
118 679
169 456
517 532
563 147
30 508
766 764
657 297
597 459
920 562
606 622
423 481
567 244
587 879
68 595
116 949
625 253
899 684
349 484
859 801
667 238
600 598
888 28
901 948
155 254
802 32
457 765
7 576
155 505
53 421
148 949
755 827
601 203
688 822
439 191
57 557
364 403
909 826
200 97
610 444
585 622
252 737
312 170
635 375
171 184
157 709
633 503
857 103
804 410
74 955
830 354
887 903
236 380
325 93
569 512
667 546
477 549
104 241
56 380
892 562
844 234
888 261
34 244
838 858
892 920
2 401
361 765
567 162
218 938
835 73
770 614
771 124
254 505
572 120
57 700
424 581
596 764
394 390
9 129
585 606
658 751
964 592
585 347
657 428
71 764
150 548
864 168
468 12
138 690
569 850
888 595
344 455
138 216
606 347
49 175
668 648
417 221
838 147
439 911
214 919
315 522
884 980
823 659
927 285
432 748
760 167
24 445
572 534
908 515
819 754
635 691
895 482
215 164
916 846
830 390
688 718
823 374
747 603
487 395
575 438
722 949
43 736
369 3
830 394
502 733
480 372
567 198
174 832
70 729
288 245
927 829
155 256
600 527
141 375
209 360
262 599
294 508
45 541
172 679
778 248
101 544
127 797
356 957
635 593
961 897
362 594
132 114
550 28
34 162
556 473
971 145
871 917
857 705
937 501
302 532
344 660
575 359
155 348
315 450
275 590
655 903
819 79
589 650
937 734
209 542
190 176
452 675
493 210
625 522
19 861
783 379
250 10
809 952
35 210
961 730
453 746
35 493
551 912
528 674
526 481
932 848
56 236
883 813
333 281
328 974
30 900
989 244
218 805
119 950
83 756
243 710
289 997
67 248
550 261
883 750
214 949
479 17
366 560
277 917
362 407
676 506
803 622
223 847
338 17
448 265
661 914
566 579
89 342
361 457
517 673
338 479
118 260
790 814
287 485
378 552
899 717
131 548
215 806
928 532
881 501
965 96
697 953
792 415
701 636
685 500
550 595
448 842
223 561
123 498
521 748
263 404
138 594
34 198
60 577
223 413
94 645
881 734
9 647
360 542
653 922
625 450
270 588
443 463
996 579
908 608
9 940
272 279
847 561
276 492
935 539
847 413
529 414
996 566
510 144
98 33
430 59
611 253
540 491
288 992
138 407
989 162
597 120
63 665
423 305
418 576
153 976
278 559
587 536
61 757
514 114
540 405
141 691
701 662
695 643
214 722
288 204
45 331
386 504
587 538
770 707
910 968
597 534
530 247
190 616
89 293
924 906
529 815
838 563
417 321
90 22
916 751
780 475
153 471
121 244
994 922
783 915
461 542
962 281
772 107
927 375
270 894
53 748
443 388
325 681
472 560
408 726
962 333
217 672
996 33
989 198
461 360
537 515
838 960
337 626
296 650
919 949
824 953
19 584
697 15
932 781
156 384
416 719
996 98
627 438
555 412
563 960
27 679
123 128
809 519
524 797
150 167
56 32
141 593
276 160
477 818
422 324
172 260
80 756
236 32
964 403
775 969
790 813
790 750
132 939
121 162
556 426
982 837
83 590
1000 251
262 232
376 149
742 164
138 362
68 64
825 865
803 347
311 492
800 228
314 821
689 231
312 409
982 313
442 980
342 293
627 359
466 680
171 858
195 548
316 47
116 723
439 902
735 185
467 279
158 814
792 991
75 975
2 811
190 640
987 329
857 73
888 64
567 245
320 798
422 304
121 198
351 238
977 354
954 140
225 570
67 778
589 914
668 196
796 284
611 522
879 536
349 777
148 723
386 99
7 115
69 525
890 103
509 690
971 785
803 606
319 708
26 440
489 17
311 160
879 538
509 216
171 147
689 740
472 366
446 28
88 882
101 905
587 425
676 455
461 209
495 291
962 227
69 889
927 691
567 992
810 799
131 167
982 125
31 756
824 15
567 204
913 187
648 196
57 420
207 654
272 507
294 900
783 102
71 596
231 740
138 950
932 110
564 28
262 114
446 261
767 281
116 641
229 539
192 631
477 893
469 182
361 281
743 504
790 883
809 464
783 684
697 459
986 105
735 274
297 428
688 619
116 533
7 240
225 853
668 598
446 595
361 767
965 298
555 300
775 122
453 354
945 182
468 191
41 765
742 806
302 673
945 469
823 997
585 757
151 542
223 201
278 384
81 779
43 267
225 330
361 333
119 769
564 261
70 603
243 164
695 478
685 246
767 333
840 473
611 450
564 595
148 641
566 33
89 710
491 405
7 629
923 934
649 3
887 497
362 950
844 934
954 51
973 135
537 608
927 593
637 715
212 955
148 533
351 546
550 64
296 914
115 240
451 367
921 720
392 97
315 460
370 187
961 130
648 598
365 415
887 801
802 326
932 456
275 588
75 266
118 782
495 873
844 923
468 911
338 520
116 826
965 512
67 500
994 653
609 143
157 638
854 146
401 811
424 492
964 364
457 281
320 846
19 912
60 886
480 974
868 181
80 590
288 861
812 28
529 559
676 660
34 245
875 249
625 460
208 536
214 723
127 878
770 917
213 291
151 360
452 38
88 463
601 498
783 717
408 788
909 976
581 492
115 629
208 538
113 561
113 413
43 831
311 276
398 624
778 500
671 3
928 673
965 850
42 310
408 437
31 590
567 861
430 758
937 636
852 280
27 260
973 664
597 572
489 479
45 241
803 757
148 826
809 670
890 705
361 227
592 403
973 385
760 415
467 507
812 261
457 333
218 632
567 288
713 663
845 182
54 103
909 471
655 497
899 211
243 806
937 662
688 759
989 245
741 145
587 238
514 939
812 595
888 68
761 708
892 985
825 941
477 259
31 80
924 350
195 167
495 481
502 828
24 154
65 397
123 515
399 473
346 380
217 666
82 16
424 160
452 794
158 813
127 618
153 579
657 143
655 801
158 750
230 293
688 724
743 99
49 779
278 156
34 992
881 636
511 21
518 177
668 527
845 469
575 963
610 552
83 588
581 160
864 10
509 594
157 865
601 128
916 658
275 894
34 204
771 308
587 546
767 227
881 662
453 977
121 245
232 114
747 310
824 459
213 873
214 641
340 719
597 454
989 992
82 702
875 144
892 435
606 757
214 533
989 204
589 661
88 388
945 715
172 782
163 253
150 415
169 897
2 490
879 425
372 974
567 584
838 764
635 244
697 120
744 814
8 714
268 332
263 265
448 264
430 872
433 400
287 336
427 5
652 3
984 580
365 991
509 407
741 785
766 28
585 61
994 957
123 608
121 992
818 893
153 33
646 981
835 708
239 561
312 182
239 413
446 64
457 227
697 534
830 291
40 485
433 951
524 878
121 204
263 842
587 351
564 64
984 839
760 991
439 269
9 335
83 894
213 481
67 246
945 637
448 46
54 705
157 941
411 473
104 974
648 527
262 939
466 379
766 261
772 13
924 462
747 42
75 725
986 444
572 454
214 826
916 482
840 426
320 751
319 969
347 757
766 595
530 656
131 415
386 414
299 412
89 164
208 425
511 532
685 183
524 618
758 872
207 358
635 162
774 107
113 847
760 365
287 795
312 469
985 435
1000 776
657 609
21 532
735 549
653 957
564 446
755 721
783 211
7 952
150 991
152 17
26 929
104 372
430 862
468 902
453 390
386 815
225 355
59 872
667 293
571 301
206 731
790 808
153 566
529 384
658 482
569 885
157 825
882 463
778 246
252 738
249 144
830 873
427 816
288 584
307 752
49 81
601 515
452 496
432 11
430 604
937 701
789 179
223 686
812 64
857 708
423 506
34 861
113 201
409 182
989 861
638 865
418 240
510 949
1000 562
56 326
845 715
555 709
94 5
26 295
31 588
682 235
989 34
171 960
319 122
363 612
250 547
741 971
635 198
417 286
417 851
286 851
646 621
611 460
296 661
89 806
289 756
159 536
804 536
153 98
823 756
863 663
278 525
121 861
131 991
18 539
526 305
159 538
804 538
718 619
804 159
169 730
772 687
962 6
495 305
223 50
744 813
236 326
744 750
1000 920
495 526
336 795
418 629
809 170
195 415
278 889
964 817
722 723
399 426
823 289
123 537
12 191
338 191
830 481
217 202
575 285
338 12
982 168
600 463
443 558
685 993
567 912
535 674
250 93
965 885
575 829
190 591
59 758
563 764
94 816
342 710
803 61
67 183
132 410
601 608
118 820
7 519
59 862
713 565
298 512
138 769
937 428
909 579
585 740
758 862
312 715
31 894
773 623
411 426
466 915
881 701
502 573
218 112
150 365
824 120
142 458
208 879
847 201
977 390
116 976
121 34
157 193
346 32
371 402
819 561
600 882
819 413
487 791
452 180
575 375
59 604
824 534
898 447
423 455
200 404
489 520
937 297
218 692
344 622
627 963
116 471
433 494
728 948
589 837
967 553
361 6
758 604
338 911
409 469
290 29
393 185
989 584
208 238
325 251
965 569
845 637
195 991
213 305
472 696
502 904
239 201
465 485
262 514
121 584
589 313
337 353
704 659
192 186
94 427
67 993
879 238
766 64
34 584
916 895
881 428
80 588
780 754
575 691
411 399
422 317
239 847
69 548
597 663
909 33
823 590
855 16
443 383
101 926
12 911
451 175
9 869
148 976
875 949
271 179
643 478
803 740
296 837
274 549
200 265
299 300
208 546
7 464
63 615
422 990
575 593
677 17
876 557
689 44
252 234
289 590
230 710
743 414
439 903
783 899
213 526
876 700
778 183
296 313
489 191
200 842
148 471
761 969
83 275
667 710
800 784
337 406
881 297
802 807
422 639
121 989
804 425
206 221
704 374
868 874
600 388
27 782
243 742
401 490
998 980
312 637
937 143
667 230
879 546
521 11
74 532
932 897
131 365
151 209
159 425
172 820
443 396
166 729
743 815
457 767
818 259
625 315
855 702
771 126
995 541
962 176
115 952
250 681
868 737
163 522
722 641
964 368
472 711
404 265
589 125
30 253
150 760
921 503
520 191
316 849
127 958
430 97
470 17
773 76
9 137
726 788
483 181
489 911
722 533
881 143
409 715
997 756
19 551
393 549
121 288
775 650
7 670
509 950
638 941
453 394
810 617
884 484
448 504
404 842
65 644
356 706
80 894
772 836
835 969
296 125
989 288
61 740
778 993
747 329
156 525
876 420
962 616
830 305
528 752
468 269
726 437
568 400
667 342
311 105
755 560
646 672
994 706
361 176
718 759
852 258
986 552
75 352
857 969
761 122
568 951
113 686
132 536
37 797
19 103
67 685
132 538
386 559
825 193
540 318
466 102
530 222
156 889
627 285
965 501
43 628
214 976
121 912
661 837
601 537
518 880
627 829
45 974
994 356
965 734
340 416
597 863
962 640
188 733
185 549
916 978
698 55
116 579
113 50
819 201
272 931
474 679
361 616
466 684
71 28
909 566
989 912
718 724
551 103
214 471
364 817
802 237
378 580
524 958
661 313
344 757
190 449
424 276
596 28
529 525
909 98
378 839
49 96
376 197
736 267
564 550
572 663
457 6
369 733
597 565
984 228
363 642
520 911
657 545
981 621
529 889
882 388
804 238
790 866
489 12
875 510
635 245
72 499
668 463
925 877
627 375
448 99
361 640
835 122
857 122
423 660
411 840
297 143
71 261
919 723
932 730
767 6
319 650
863 565
857 835
683 505
982 10
116 33
688 145
169 130
195 365
34 288
722 826
596 261
813 750
34 912
343 793
418 952
19 705
26 956
288 912
71 595
575 927
54 890
738 234
119 620
994 173
716 860
159 238
65 78
272 189
823 588
398 129
59 97
596 595
804 546
830 526
311 444
148 579
131 760
529 156
689 475
461 539
217 983
115 519
627 691
970 187
239 686
667 164
320 482
683 254
716 513
625 613
452 968
88 558
470 677
653 706
206 321
104 480
231 44
157 445
585 44
585 231
410 536
676 622
933 144
111 631
518 832
635 992
356 173
773 821
627 593
159 546
646 666
272 753
606 740
315 613
338 902
410 538
701 428
658 895
7 170
852 282
340 577
635 204
82 690
819 847
82 216
239 50
132 425
773 314
443 599
892 235
571 165
467 931
148 33
997 590
230 342
60 980
466 717
883 808
312 845
393 274
566 98
657 634
72 205
208 351
823 894
289 588
215 17
483 874
581 276
127 938
506 455
567 103
828 573
947 247
369 188
551 705
688 785
53 11
790 341
307 389
43 953
758 97
139 557
667 806
409 637
876 57
668 388
775 914
139 700
278 548
701 143
452 910
70 310
575 141
483 737
661 125
128 515
774 13
296 589
803 44
118 811
446 550
69 167
63 136
287 421
26 52
263 264
298 850
54 73
683 256
925 25
220 669
875 723
489 902
569 501
418 519
467 189
564 68
790 279
428 143
682 680
468 903
319 914
937 609
416 577
961 177
386 384
783 814
439 497
88 383
166 603
30 522
648 463
540 77
569 734
540 332
116 98
511 673
424 105
382 746
962 591
744 158
555 865
540 268
116 566
82 594
908 280
567 705
996 746
101 576
668 882
408 922
676 757
439 801
289 894
262 536
214 579
524 938
263 46
937 545
568 494
540 14
807 237
262 538
683 348
422 247
575 244
838 28
361 591
457 176
996 382
653 173
467 753
349 429
127 805
995 331
587 293
230 164
735 893
803 231
592 817
646 202
736 831
115 464
698 720
43 15
174 412
82 407
433 92
890 73
378 228
65 712
150 792
802 373
790 507
828 904
77 332
319 775
697 454
8 930
919 641
743 559
585 475
901 438
422 947
498 515
474 260
658 978
972 630
67 578
366 696
838 261
347 740
31 275
651 612
469 715
139 420
819 686
88 396
932 130
543 907
838 595
157 154
567 551
486 942
609 545
316 184
63 334
81 96
424 444
919 533
109 327
875 641
689 754
937 634
214 33
581 105
56 237
342 164
132 238
881 545
42 329
575 162
913 623
457 616
131 792
41 281
881 609
875 533
984 784
741 403
362 769
770 277
195 760
635 861
555 941
966 605
819 50
767 176
921 633
875 919
898 834
40 795
448 414
961 880
398 647
12 902
60 998
649 733
524 805
735 259
901 359
27 820
510 723
572 565
56 807
89 742
744 808
55 720
398 940
132 546
418 464
172 811
884 777
453 291
148 98
857 761
138 620
774 687
697 663
346 326
448 815
69 415
581 444
881 634
148 566
803 475
575 198
783 750
783 813
768 557
768 700
773 659
964 108
250 251
457 640
287 748
236 237
773 374
433 508
962 449
361 449
361 962
141 244
844 948
430 392
875 826
767 616
410 425
925 630
200 264
299 709
364 368
465 795
230 806
442 484
868 234
163 450
812 550
158 808
276 105
262 425
585 754
648 388
671 733
115 670
4 66
961 832
71 64
554 22
35 273
296 168
446 68
378 784
609 634
451 779
514 536
171 764
249 949
195 792
200 46
123 280
495 455
857 650
514 538
262 410
925 972
337 219
596 64
965 636
600 558
479 191
695 729
121 103
190 544
651 642
49 512
21 673
810 210
276 444
45 372
589 168
945 872
804 879
82 950
685 578
236 807
965 662
761 650
418 670
203 515
9 29
69 991
767 640
466 211
151 539
502 339
790 931
646 983
913 76
768 420
213 455
996 354
564 888
366 711
152 191
344 740
638 193
919 826
635 584
370 623
181 874
790 189
337 516
773 704
118 490
311 552
452 62
985 235
682 379
803 754
443 114
933 949
790 753
342 806
43 459
453 873
502 523
601 280
652 733
433 900
231 475
804 351
854 324
555 193
895 978
454 663
587 710
868 738
823 80
510 641
121 705
422 656
854 304
495 506
174 300
77 268
989 103
555 638
128 608
735 818
131 150
152 479
744 883
778 578
627 927
844 728
510 533
838 64
835 650
353 406
105 444
611 613
899 814
1000 435
812 68
743 384
214 98
141 162
378 984
933 249
177 880
270 874
946 327
181 737
528 389
554 90
361 544
213 506
338 269
49 850
74 673
688 971
945 862
529 548
854 317
278 167
498 608
468 497
56 373
337 436
520 902
879 351
214 566
152 911
997 588
262 238
627 244
809 182
600 383
320 978
937 657
316 858
790 467
304 317
270 737
962 544
324 317
468 801
382 354
418 115
88 599
489 269
376 87
252 934
847 686
935 117
945 604
937 149
854 990
43 120
378 800
325 776
697 565
479 911
648 882
585 689
857 914
270 181
657 149
54 708
470 191
320 895
453 481
592 368
668 558
989 705
43 534
319 837
262 546
333 227
319 313
37 878
682 915
49 298
41 227
41 333
606 61
556 669
316 147
324 304
854 639
223 515
864 547
203 608
127 632
760 792
755 696
371 16
324 990
304 990
111 186
790 272
830 455
585 780
627 162
361 190
84 402
973 693
19 73
172 490
600 396
159 351
575 245
465 40
340 886
741 817
278 415
370 76
457 591
236 373
913 821
881 149
622 757
597 713
994 233
77 14
2 161
307 867
514 425
927 244
1000 235
386 525
341 279
676 740
215 677
243 17
510 826
119 541
689 780
448 559
524 632
324 639
410 238
984 800
852 85
304 639
913 314
477 906
761 914
606 44
312 872
34 103
432 473
386 889
923 948
470 911
994 827
116 909
627 141
319 125
847 50
75 196
61 44
627 198
89 17
325 562
37 618
997 894
567 73
575 992
371 702
141 198
203 498
483 234
864 93
564 107
139 57
575 204
223 608
225 586
962 190
770 871
159 879
668 383
424 552
203 128
208 293
755 711
875 722
838 596
363 505
418 170
571 955
394 291
774 836
430 265
263 504
803 780
881 657
422 222
410 546
278 991
268 14
307 614
215 191
763 870
411 669
30 450
109 699
430 842
24 665
835 914
72 833
557 700
146 317
635 912
65 797
74 21
651 505
957 706
892 680
744 866
470 479
855 690
363 254
977 291
855 216
195 150
133 36
7 182
838 71
830 506
668 396
34 705
115 170
845 872
651 254
231 754
587 164
157 665
223 498
982 547
312 862
223 128
890 708
824 663
651 363
790 848
677 191
921 400
625 549
767 591
146 990
888 107
877 25
651 256
682 102
899 750
921 951
474 782
157 24
581 552
695 603
868 934
803 689
899 813
555 825
701 297
844 438
563 28
209 539
121 551
215 911
651 348
682 684
363 256
775 837
653 356
875 976
457 449
101 240
312 604
296 10
973 694
610 580
223 203
75 598
775 313
446 107
498 128
177 832
916 380
119 331
146 639
2 645
812 107
610 839
891 323
489 338
982 93
363 348
200 504
778 685
741 368
875 471
477 350
927 162
809 715
344 347
986 580
844 359
370 821
89 243
435 235
859 323
563 261
986 839
113 515
101 629
1000 985
19 708
575 861
567 708
648 558
555 445
567 19
315 549
448 384
67 799
325 920
563 595
587 806
423 757
568 92
35 405
877 630
502 703
502 292
213 495
370 314
924 975
913 659
153 746
913 374
49 885
986 610
132 351
964 47
514 238
344 44
742 17
31 83
328 144
677 911
206 851
722 976
945 97
263 99
589 10
845 862
977 394
545 634
567 890
540 999
70 329
646 217
804 293
192 654
213 660
483 738
25 630
682 717
855 594
963 285
347 44
294 253
790 781
442 777
495 660
446 888
307 707
965 143
807 373
127 112
812 888
26 95
489 903
113 608
933 723
775 125
845 604
163 460
768 57
722 471
19 890
514 546
524 112
932 169
423 622
35 491
215 479
812 446
338 903
973 856
127 692
54 969
883 866
921 494
116 746
82 509
963 829
362 620
825 445
138 541
855 407
195 131
925 39
771 605
27 811
524 692
7 715
200 99
250 776
924 266
477 462
606 475
600 599
465 336
472 499
688 403
575 584
218 621
744 279
376 257
767 449
68 107
239 515
651 683
783 808
453 305
648 383
316 960
568 508
12 269
937 197
977 873
876 478
923 728
653 233
88 114
857 837
158 866
601 123
916 32
852 944
521 473
627 245
857 313
152 902
208 710
550 107
824 454
927 198
601 908
472 205
376 739
864 681
59 392
123 908
744 341
394 873
393 893
18 229
766 107
60 484
982 681
755 366
852 988
529 167
868 252
923 438
852 306
809 469
159 293
743 525
982 864
470 902
676 44
465 421
653 827
319 661
555 154
250 562
356 233
567 969
411 556
121 73
529 415
933 641
668 599
744 507
457 544
881 197
766 550
946 699
648 396
728 438
852 678
743 889
909 746
981 672
332 14
933 533
451 96
432 426
81 512
369 573
790 110
892 379
113 128
996 390
585 79
239 608
627 992
166 310
633 400
923 359
627 204
393 259
54 122
530 187
113 498
989 551
852 309
875 579
986 228
857 125
543 357
840 669
59 265
824 565
276 552
913 704
633 951
288 103
925 841
319 168
766 68
19 969
771 966
370 659
370 374
59 842
270 234
404 264
416 886
356 827
174 709
215 902
148 746
132 879
924 725
528 867
116 153
741 592
417 255
18 117
483 934
957 173
45 480
567 122
609 149
312 97
156 548
336 421
138 331
369 904
61 475
961 518
344 475
408 706
606 754
524 127
344 61
728 359
30 460
703 292
7 469
229 117
597 553
802 440
819 515
830 660
26 822
443 232
875 33
392 265
529 991
378 942
132 293
116 354
167 415
790 456
933 826
502 124
346 237
789 367
65 878
887 323
977 481
568 900
803 79
682 211
40 421
376 86
601 258
121 708
443 939
392 842
1000 680
2 5
567 54
289 80
153 354
932 880
882 558
661 168
470 152
879 293
804 710
404 46
409 872
587 342
123 258
454 565
250 920
433 253
667 17
610 228
575 912
19 122
399 669
761 837
761 313
735 906
65 618
891 765
158 883
528 614
796 224
965 428
63 267
688 817
585 561
585 413
859 765
472 833
119 995
655 323
40 336
119 241
995 241
892 915
676 347
564 13
890 969
819 608
569 636
961 412
272 848
465 748
611 549
659 374
307 917
986 784
563 64
101 952
394 481
430 264
855 950
2 816
94 397
344 754
741 364
448 525
113 203
290 135
89 191
657 197
908 258
510 919
49 501
104 144
627 861
169 880
232 939
772 317
195 402
239 128
148 909
947 656
778 799
49 734
448 889
932 832
288 705
408 173
835 837
430 46
676 475
854 247
989 73
996 291
518 412
835 313
569 662
772 990
239 498
803 561
937 87
262 351
803 413
287 11
31 874
718 145
767 544
502 308
188 573
218 672
131 402
735 350
214 746
520 269
783 866
963 375
772 639
964 849
263 414
398 335
9 135
347 475
200 414
744 931
761 125
89 911
215 152
921 92
31 737
845 97
649 573
148 354
550 68
876 643
430 404
537 280
744 189
61 754
409 862
63 831
243 191
341 507
200 263
909 354
208 164
158 279
386 548
328 949
43 663
744 753
200 815
881 87
263 815
7 809
83 874
159 710
299 865
479 902
121 969
361 905
408 957
857 775
701 634
378 486
188 904
423 740
812 13
489 497
676 754
422 187
685 799
150 402
633 494
564 687
81 850
361 926
84 16
649 904
883 279
169 832
924 352
192 358
989 708
835 125
987 630
109 284
467 848
218 981
474 820
9 290
409 604
916 326
489 801
601 282
82 769
27 490
921 508
9 664
502 126
83 737
320 658
9 385
433 294
697 572
290 664
648 599
370 704
249 723
961 300
290 385
676 61
996 873
627 584
466 814
101 519
668 600
890 122
446 13
688 368
677 902
40 748
965 297
262 293
146 304
257 739
243 911
735 462
649 188
132 710
671 573
60 777
602 788
610 784
713 553
121 122
716 179
37 958
1000 379
965 634
646 66
528 707
905 926
892 102
123 282
215 470
319 10
208 806
338 497
311 580
635 103
819 128
668 114
892 684
158 507
121 890
82 620
343 798
472 72
540 242
311 839
417 387
600 114
948 438
585 201
45 144
84 702
510 976
270 738
722 579
567 650
347 754
338 801
985 680
118 401
433 522
158 341
932 177
671 904
819 498
218 666
921 900
139 478
996 481
652 573
297 634
994 721
882 383
461 117
852 301
220 793
602 437
937 739
783 279
701 545
493 273
965 545
994 560
965 701
804 164
937 257
346 373
299 941
7 637
157 615
56 440
510 471
887 765
214 354
518 300
215 269
883 507
812 687
521 426
677 479
133 675
741 108
803 201
888 13
825 154
239 203
857 168
758 265
470 269
19 54
336 748
964 184
919 976
270 934
652 904
378 626
758 842
962 926
53 473
101 464
721 560
363 683
884 429
138 241
901 285
883 341
783 507
635 705
555 665
881 739
1000 915
948 359
655 765
901 829
937 86
446 687
881 257
802 929
320 380
43 565
344 606
987 25
551 73
859 891
638 445
989 969
783 341
962 905
809 637
443 536
689 79
294 522
810 273
689 561
892 717
349 907
79 561
908 282
689 413
540 959
773 756
722 33
141 245
919 471
766 13
443 538
79 413
451 512
963 691
804 806
146 324
783 883
386 156
875 98
982 251
146 247
89 902
324 247
152 269
118 161
860 513
213 757
954 3
567 914
769 620
41 6
697 863
775 168
466 750
986 800
879 710
881 86
852 165
466 813
658 380
223 280
768 478
418 182
802 295
67 617
882 396
996 394
627 912
26 619
19 650
249 641
480 144
430 504
718 785
810 493
304 247
901 375
12 903
104 949
65 958
236 440
101 670
989 122
218 202
195 16
262 710
351 293
411 793
249 533
133 38
495 757
148 153
54 650
933 976
296 547
34 73
502 605
159 164
551 708
271 367
875 566
964 858
783 158
401 161
714 930
422 530
695 310
441 283
933 471
657 87
297 545
35 318
625 185
311 228
132 164
790 897
667 742
344 231
854 656
888 687
964 147
587 230
195 702
59 264
984 942
901 691
647 940
823 275
424 580
316 764
43 454
131 16
1000 102
744 848
34 708
75 527
262 879
575 103
935 492
1000 684
535 752
766 687
424 839
483 252
981 666
371 690
296 93
772 247
859 281
963 593
89 479
502 966
891 281
371 216
215 520
526 455
272 781
844 285
109 224
200 559
837 313
738 934
585 686
667 191
857 661
141 992
564 836
844 829
452 787
961 709
243 902
59 46
819 203
138 995
901 593
783 931
443 425
965 149
121 650
430 99
417 943
977 305
118 645
901 963
823 874
320 32
113 280
26 759
742 191
141 204
169 177
550 13
996 305
852 955
783 189
133 794
34 551
167 991
159 806
172 161
946 284
585 50
131 702
361 576
783 753
996 977
766 888
876 729
528 917
275 874
45 949
132 806
771 476
299 193
830 757
423 44
451 850
26 724
409 97
773 590
459 120
116 382
803 686
823 737
575 705
925 20
274 893
772 304
933 919
116 390
667 911
158 931
181 234
81 298
150 16
987 877
68 13
19 914
166 329
844 375
935 160
382 390
676 606
116 291
741 47
743 548
1000 717
803 50
263 559
448 548
967 720
89 677
69 365
648 114
676 231
274 259
671 188
457 190
275 737
581 580
340 980
747 630
158 189
157 136
223 537
921 568
892 211
770 327
382 291
133 496
448 743
581 839
772 324
249 826
311 784
218 983
37 938
857 10
158 753
398 869
761 168
606 231
916 237
924 196
109 796
35 14
328 723
760 402
973 178
844 691
742 911
56 929
132 159
133 180
49 636
215 903
217 66
344 780
35 332
503 400
121 54
682 814
937 376
150 702
859 227
810 405
467 781
838 107
744 781
589 547
744 467
502 476
35 268
418 715
891 227
755 499
31 234
906 350
386 415
65 938
390 291
439 323
49 662
812 836
503 951
844 593
970 623
121 914
81 885
239 280
35 77
371 594
556 793
835 168
864 251
989 890
470 520
772 146
658 32
964 960
986 942
987 972
116 873
54 914
2 427
172 401
472 542
502 771
34 969
898 22
408 233
755 205
101 170
343 846
262 164
200 384
73 708
393 818
985 379
844 963
567 313
362 541
567 837
924 598
157 334
56 295
213 622
443 238
945 265
689 201
633 92
7 872
89 269
171 28
676 780
172 645
119 974
589 93
65 37
744 272
945 842
296 681
887 281
31 181
883 931
898 90
371 407
921 253
510 579
470 903
408 827
459 534
155 140
927 245
401 645
133 968
115 182
364 108
828 339
550 687
502 377
139 643
509 620
65 805
810 491
443 546
446 836
854 947
424 228
116 481
346 807
698 400
994 696
555 24
328 641
520 903
933 579
428 634
514 410
881 376
698 951
652 188
543 786
883 189
37 805
394 305
655 281
567 125
592 108
697 553
328 533
386 991
171 261
661 10
587 17
859 333
962 576
100 727
819 280
883 753
772 656
551 969
82 541
262 806
171 595
657 739
518 709
891 333
34 122
236 929
913 756
315 185
382 873
393 350
148 291
989 650
398 137
68 687
876 603
88 939
635 288
278 365
250 325
682 750
994 711
524 621
430 414
987 39
682 813
677 269
1000 211
633 508
916 373
933 510
393 906
83 234
7 862
932 412
568 253
386 167
606 780
933 33
657 257
113 537
263 384
214 909
510 33
601 85
148 390
347 61
854 222
369 339
430 815
744 110
828 523
653 560
651 140
495 622
411 220
243 479
118 5
667 902
7 604
625 893
514 293
298 885
625 259
213 740
41 176
879 164
423 475
818 350
887 227
404 504
146 656
986 984
236 295
410 293
783 848
433 450
328 826
104 723
451 885
451 298
698 503
422 623
174 865
581 228
852 571
369 523
592 364
572 863
127 621
468 323
148 873
82 362
609 197
657 86
923 285
474 811
655 227
688 108
319 547
755 833
701 149
921 522
923 829
424 784
768 643
638 154
766 836
2 397
747 25
775 10
818 906
423 754
378 406
771 377
133 910
890 650
651 155
927 992
152 903
118 816
215 12
156 415
998 484
480 949
893 259
382 481
109 607
898 554
985 915
457 926
970 76
312 265
344 561
74 511
82 331
344 413
151 117
312 842
809 872
493 405
653 721
453 455
744 456
287 473
610 800
927 204
433 460
369 828
393 462
319 93
153 291
411 798
551 122
243 269
18 492
45 723
320 326
230 17
676 561
362 331
698 494
676 413
875 746
946 224
439 765
59 504
987 841
989 914
495 740
919 579
633 900
349 357
868 438
627 103
947 222
148 481
932 300
41 616
651 51
324 656
778 617
225 303
289 874
965 197
741 849
589 681
688 364
923 375
790 730
121 19
53 426
830 622
214 291
871 327
104 641
422 76
887 333
688 592
116 305
123 85
502 91
220 798
141 861
913 590
879 806
868 359
773 588
104 533
899 808
783 781
649 339
121 313
435 680
121 837
67 210
986 486
19 313
289 737
232 536
378 353
19 837
555 615
772 222
986 626
572 553
133 62
148 382
503 494
392 264
422 970
888 836
174 941
371 950
655 333
909 291
625 274
172 5
772 947
232 538
982 776
18 160
88 536
965 609
215 497
923 691
844 901
138 974
239 537
448 415
863 553
760 16
304 656
88 538
581 784
627 705
790 130
45 641
802 956
155 51
486 626
540 488
649 523
215 801
575 288
59 404
30 163
88 232
830 740
524 672
89 903
45 533
761 10
195 84
585 847
153 390
121 125
214 390
214 153
597 720
231 780
452 419
742 902
923 593
272 110
972 39
964 764
877 39
74 928
809 862
758 264
83 181
214 873
203 280
877 972
41 640
63 736
479 269
925 674
104 826
153 873
65 632
688 47
422 821
116 394
19 125
919 33
115 715
392 46
818 462
139 729
315 259
361 240
31 934
835 10
59 99
370 756
567 168
982 562
315 893
172 816
882 599
671 339
569 143
809 604
921 294
961 865
773 894
859 6
411 846
803 847
156 991
760 702
319 681
422 314
465 11
12 497
758 46
448 991
200 525
45 826
606 561
606 413
783 467
390 873
652 339
361 629
891 6
448 156
109 58
540 395
223 258
502 745
568 522
328 249
7 97
200 889
299 445
823 234
12 801
214 481
69 792
356 560
783 110
909 873
775 661
404 99
671 523
981 202
502 434
127 672
158 848
74 302
909 390
468 765
875 354
442 429
689 686
461 229
676 344
311 800
79 201
664 385
741 184
747 39
111 654
819 537
844 244
652 523
984 626
743 415
676 201
970 821
344 201
351 710
153 481
667 269
676 79
783 272
511 928
344 79
169 412
190 926
493 491
418 469
592 47
71 107
695 329
63 628
430 559
105 552
514 710
961 941
254 256
297 149
946 796
278 792
470 497
467 110
524 666
514 351
768 729
69 402
451 81
148 305
747 972
689 50
470 801
26 145
668 939
113 258
789 175
758 392
916 807
838 13
278 402
890 914
610 942
601 944
448 167
34 650
923 963
901 244
243 677
220 846
530 623
208 342
364 47
770 699
985 102
63 953
985 684
783 456
60 429
840 793
343 751
596 107
422 374
667 479
747 877
88 425
844 162
94 644
909 481
401 5
422 659
658 326
432 669
195 690
457 905
622 740
601 988
649 828
984 486
601 306
461 492
277 327
195 216
89 152
54 313
802 52
188 339
965 87
792 402
887 6
146 222
54 837
372 144
213 44
451 501
970 314
540 791
810 318
502 582
35 999
171 64
646 4
199 322
49 143
601 678
726 922
477 975
82 241
451 734
410 710
250 235
229 492
116 977
483 438
932 709
31 738
655 6
743 991
747 841
685 617
845 265
945 264
81 501
844 198
270 252
428 545
601 309
774 317
857 547
89 520
411 751
899 866
845 842
575 635
370 590
450 460
311 942
741 858
174 193
901 162
483 359
278 69
43 824
81 734
625 350
80 874
127 666
83 934
188 523
954 733
296 251
511 302
668 536
989 313
550 836
399 793
430 384
84 690
263 525
461 160
859 176
989 837
668 538
37 632
774 990
741 147
767 926
585 515
555 136
945 46
84 216
55 400
982 920
239 258
736 628
804 342
439 281
56 956
772 854
63 15
411 343
263 889
356 721
698 92
470 12
857 93
474 490
587 191
524 202
55 951
139 603
575 708
891 176
243 903
810 14
761 661
65 112
141 584
774 639
366 499
223 282
276 580
868 948
369 292
567 10
54 125
961 193
382 305
803 515
80 737
921 460
272 456
876 310
838 687
635 708
369 703
509 769
169 300
908 85
401 816
195 594
810 332
921 450
276 839
65 692
913 588
278 16
158 781
231 561
131 690
859 616
477 266
231 413
892 814
877 841
810 268
229 160
156 167
556 798
131 216
69 16
214 305
121 168
89 497
45 104
989 125
996 455
855 620
924 527
378 219
962 240
901 198
625 906
89 801
736 953
410 351
585 608
891 616
34 914
524 981
495 44
810 77
819 258
26 785
530 76
195 407
698 508
587 911
927 861
60 442
985 717
427 397
113 282
677 903
328 976
59 414
1000 814
378 516
214 382
148 394
366 205
555 334
688 849
946 607
835 661
102 684
75 463
496 180
859 640
278 702
625 462
971 403
803 608
453 526
68 836
299 154
123 944
88 238
275 234
883 848
961 174
962 629
417 283
971 817
9 693
328 471
45 249
768 603
457 576
989 54
73 969
933 722
69 702
287 426
324 222
152 520
403 817
676 686
439 227
653 696
59 815
325 235
887 176
575 969
575 73
390 481
891 640
735 975
671 828
123 988
606 201
104 249
852 212
830 44
123 306
24 615
361 952
320 237
965 739
319 589
232 425
743 167
88 546
208 17
152 497
649 292
655 176
913 894
652 828
937 485
127 202
676 50
344 686
378 436
649 703
520 497
311 610
123 678
417 441
467 456
152 801
312 264
220 751
524 983
146 947
887 616
653 711
809 97
668 425
667 903
49 569
635 969
19 168
480 723
520 801
698 900
417 727
933 98
84 594
346 440
468 281
972 841
315 274
741 960
315 350
965 257
344 50
131 594
477 725
274 350
804 17
857 681
157 267
635 73
668 232
153 305
123 309
655 616
916 440
236 956
600 939
575 122
970 374
312 46
417 100
45 976
424 800
150 690
965 86
239 282
986 406
74 517
181 934
916 346
609 87
131 84
150 216
887 640
362 241
304 222
881 485
892 750
970 659
337 700
735 266
422 704
755 72
1000 750
45 471
101 182
909 305
408 560
56 52
792 16
892 813
514 164
131 407
104 976
1000 813
743 156
84 407
337 557
744 897
655 640
600 536
1000 892
213 475
722 98
823 934
994 499
43 553
104 471
55 494
600 538
530 821
755 542
443 293
671 292
127 981
319 251
780 561
2 644
213 754
742 269
652 292
819 282
667 677
671 703
780 413
347 561
218 66
347 413
424 942
347 780
994 205
652 703
767 190
361 519
466 808
635 122
439 333
688 184
823 181
728 285
468 227
556 846
349 786
518 865
9 694
41 591
852 532
157 831
728 829
388 558
132 342
27 161
195 950
185 259
945 392
628 953
772 187
899 279
844 245
158 110
946 58
286 255
435 379
315 906
311 626
315 462
923 244
567 661
973 134
127 983
736 15
589 251
72 542
480 641
83 738
121 10
551 650
270 438
116 455
530 314
758 504
986 353
89 12
472 360
480 533
792 702
761 775
132 17
735 725
611 259
514 806
320 373
249 976
906 462
606 79
825 665
337 420
40 11
957 233
430 525
34 890
417 106
270 359
668 238
859 591
289 234
150 594
35 242
587 902
430 889
916 929
778 210
939 536
611 185
148 977
844 992
987 20
214 394
611 893
844 204
633 253
610 626
206 255
961 445
369 124
118 397
111 358
994 366
682 808
933 566
883 781
923 162
274 462
668 546
342 17
891 591
828 292
824 553
249 471
361 464
370 588
730 130
410 164
939 538
274 906
185 893
964 316
150 407
288 708
828 703
518 941
899 507
916 295
945 504
728 375
601 301
408 721
994 833
688 858
864 776
581 800
859 41
276 228
597 967
441 727
935 444
418 637
236 52
328 579
9 856
495 475
503 92
61 561
688 147
995 974
783 897
466 866
243 497
61 413
311 486
581 942
868 285
989 168
468 333
495 754
652 671
625 818
868 829
243 801
887 591
964 28
158 456
480 826
957 827
871 699
884 907
200 548
220 343
109 431
366 833
225 624
854 187
521 669
423 561
423 413
925 752
37 112
923 198
45 579
35 959
655 591
830 475
477 352
981 983
600 425
169 709
964 261
131 950
985 211
63 120
964 595
927 584
346 929
830 754
649 124
101 715
404 414
316 28
439 6
417 48
891 41
63 534
537 258
682 866
423 61
328 33
361 670
583 870
835 775
567 775
771 91
567 835
932 865
868 375
713 720
118 427
37 692
667 497
876 329
159 17
392 504
535 389
859 449
838 836
962 952
34 313
133 787
529 365
667 801
45 33
728 691
790 880
370 894
27 645
369 308
34 837
262 17
206 286
19 10
758 99
800 942
810 999
416 980
411 482
530 374
443 710
864 562
398 29
875 291
316 261
230 191
496 968
529 402
316 595
410 806
104 579
73 122
648 536
901 245
998 777
530 659
423 780
483 948
741 764
648 538
592 849
891 449
575 650
868 691
503 508
567 761
404 815
945 99
84 950
844 861
606 686
346 295
556 751
365 402
924 463
887 41
49 634
937 795
231 201
716 367
601 165
728 593
428 149
418 872
961 154
45 328
868 593
59 559
174 445
188 292
529 16
905 576
82 974
567 547
409 265
868 728
735 352
509 541
932 941
887 449
172 397
288 969
409 842
188 703
262 159
104 33
652 124
465 473
356 696
655 41
774 247
34 125
568 294
761 547
627 708
372 949
648 939
671 124
655 449
148 455
790 832
649 308
611 350
909 153
606 50
847 515
232 238
41 449
747 20
451 636
688 960
435 915
312 504
54 168
567 93
890 313
262 342
564 317
610 486
489 323
424 626
75 558
701 197
475 754
835 547
468 6
63 459
676 689
472 539
901 992
875 873
369 126
159 342
823 738
230 911
890 837
61 780
767 576
881 795
697 720
365 16
451 662
340 484
551 914
529 702
74 930
901 204
564 990
658 237
585 128
141 912
356 711
139 310
540 487
933 746
908 944
25 39
276 784
761 93
775 547
845 264
82 995
422 756
986 219
682 466
89 470
840 798
271 175
351 164
518 193
439 176
996 526
945 758
564 639
803 128
511 517
347 201
767 905
250 680
633 522
563 107
252 438
150 950
568 460
962 519
627 969
986 516
857 251
835 93
971 368
908 988
113 223
908 306
180 968
682 279
364 849
575 914
600 238
417 345
609 739
214 977
875 481
845 46
232 546
418 862
71 13
844 584
439 616
649 126
466 279
479 903
324 947
652 308
677 497
804 208
964 64
158 467
123 301
299 638
883 110
423 201
671 308
853 330
768 310
252 359
908 678
70 42
698 253
677 801
775 93
59 384
587 269
859 544
882 114
418 604
899 341
794 968
986 436
611 462
212 532
909 382
296 776
312 392
453 506
722 566
177 412
635 650
600 546
932 193
439 640
503 900
365 702
257 86
510 98
399 798
361 170
770 284
601 955
75 388
648 425
575 551
989 10
294 460
278 760
408 696
115 469
288 122
585 498
312 99
402 16
682 507
890 125
108 47
113 85
567 681
502 788
275 934
627 122
121 661
2 94
223 85
596 13
908 309
392 99
667 243
627 288
803 498
311 984
891 544
812 317
483 285
55 92
172 427
887 544
151 492
600 232
483 829
408 711
57 478
468 176
185 350
7 265
153 382
502 437
794 180
18 444
855 769
422 590
7 842
899 931
277 699
611 906
466 507
655 544
214 455
585 280
43 863
812 990
804 191
667 520
581 626
652 126
208 191
803 280
296 562
962 464
423 347
887 891
443 164
263 548
424 486
627 73
812 639
671 126
899 189
243 520
742 903
468 616
254 348
899 753
206 387
75 383
190 576
158 272
844 927
924 558
847 608
855 541
483 375
457 240
909 394
569 634
810 242
278 690
997 874
79 686
55 508
568 450
875 390
278 216
916 956
609 86
423 231
468 640
923 245
49 545
868 963
804 911
540 194
142 1
609 257
319 776
945 414
151 160
311 406
208 911
153 394
239 85
121 547
483 691
174 154
509 331
901 861
685 210
761 681
457 629
933 354
2 78
116 526
133 419
299 665
123 165
288 73
932 518
555 267
351 806
760 690
954 573
883 456
997 737
27 5
994 542
443 806
67 273
289 934
769 541
819 85
840 846
443 351
835 681
655 891
945 815
200 415
483 593
760 216
637 872
61 201
592 184
121 93
209 117
132 191
987 674
977 455
498 280
658 373
75 396
921 433
810 959
188 828
698 522
344 689
962 670
71 687
319 562
676 515
489 765
923 992
954 904
635 914
430 548
758 414
925 389
924 388
688 764
382 394
844 912
225 129
923 204
439 591
830 495
875 305
493 318
643 729
924 383
648 238
338 323
347 231
220 482
996 506
79 50
774 656
682 341
742 479
49 149
316 64
315 818
80 234
529 792
278 594
682 931
132 911
369 605
984 406
55 900
446 317
758 815
26 718
524 66
69 690
937 421
399 846
555 831
304 947
477 196
935 552
596 687
682 189
286 387
69 216
682 753
648 546
94 78
250 379
676 608
200 991
916 52
249 579
667 152
775 681
446 990
185 462
278 407
646 513
188 124
924 396
735 196
864 920
537 282
388 383
744 130
893 350
45 919
411 978
27 816
646 860
649 605
868 244
423 686
855 331
446 639
435 684
461 444
575 313
363 140
638 665
81 636
722 746
311 353
118 644
771 745
766 317
468 591
575 837
34 168
961 665
435 102
493 14
581 486
961 638
570 330
422 588
146 187
946 431
772 623
881 421
402 702
697 713
828 124
121 681
344 515
408 356
439 449
312 414
65 621
423 50
511 930
994 72
766 990
771 434
35 488
477 598
41 544
262 191
932 445
747 674
81 662
116 506
802 95
676 847
901 584
24 136
937 748
54 10
868 162
735 598
760 594
341 931
230 902
466 931
466 341
766 639
312 815
783 130
744 730
123 955
74 714
587 903
26 817
575 125
417 918
480 976
43 572
423 79
225 940
121 775
418 97
290 693
466 189
325 680
466 753
364 184
270 948
689 515
661 547
249 33
652 605
493 332
1000 808
88 293
307 327
422 894
225 647
570 853
452 574
884 357
564 247
627 650
262 911
203 258
480 471
69 594
344 608
844 141
270 285
760 407
868 198
1000 866
35 395
270 829
927 912
780 201
119 144
671 605
67 405
567 251
347 686
881 748
923 861
213 561
213 413
113 944
468 449
772 76
493 268
424 610
296 920
297 197
250 915
139 329
735 477
653 499
59 525
188 308
376 485
804 902
783 730
190 905
25 841
150 84
369 966
924 75
259 350
589 776
518 445
113 988
59 889
939 425
925 535
113 306
159 191
887 859
69 407
845 504
592 858
49 428
909 455
393 975
948 285
60 907
840 751
667 12
653 205
340 777
424 406
113 678
223 944
270 375
948 829
483 728
177 300
208 902
320 807
43 720
649 966
347 50
31 438
371 620
185 906
169 865
231 686
127 66
319 920
768 329
770 224
287 53
962 170
610 406
741 28
592 147
712 797
223 988
223 306
945 404
910 62
718 817
432 793
430 263
113 309
278 950
19 547
661 93
510 566
655 859
689 608
153 455
493 77
895 380
439 544
597 400
31 359
741 261
741 595
772 821
320 440
243 152
597 951
206 943
270 691
369 476
648 232
172 644
932 154
35 791
159 911
453 660
223 678
921 163
556 343
109 679
682 899
589 562
465 426
26 403
572 720
45 98
668 293
483 963
970 704
132 902
270 593
341 189
239 944
649 476
341 753
399 751
819 944
774 222
19 93
223 309
828 308
857 776
26 368
231 50
294 450
188 126
996 660
157 953
239 988
772 314
819 988
627 914
435 717
239 306
812 247
393 266
819 306
65 672
961 299
652 966
344 847
804 230
104 328
18 552
19 661
430 415
69 760
169 941
468 544
924 599
40 473
363 51
819 239
362 974
510 746
736 120
819 678
923 584
239 678
1000 279
338 765
451 143
855 509
7 409
116 660
982 235
9 178
439 41
121 835
346 956
587 479
67 491
390 305
671 966
104 919
682 848
808 866
311 219
328 919
287 669
530 704
701 87
742 497
189 753
857 562
457 952
392 414
819 309
148 526
263 415
736 534
7 264
556 482
239 309
845 99
551 313
637 862
24 334
611 274
948 375
742 801
121 761
409 264
320 929
311 516
803 585
200 167
369 377
807 440
984 353
382 455
925 867
128 280
652 476
483 244
653 833
489 281
388 396
261 595
996 453
298 501
101 469
892 866
945 559
551 837
1000 507
158 897
649 377
892 808
401 397
830 561
250 684
830 413
989 547
7 46
157 628
109 260
772 374
769 331
728 963
899 848
810 488
56 95
790 412
441 100
372 723
424 353
250 102
53 669
157 15
803 258
585 258
635 313
625 975
430 991
893 462
116 453
671 476
772 659
802 822
75 599
213 201
657 485
581 406
392 815
409 46
597 494
838 68
320 295
961 825
635 837
495 561
34 10
262 902
311 436
495 413
794 496
298 734
424 984
575 890
964 171
901 912
483 162
347 79
364 858
989 93
996 757
116 757
319 296
116 996
115 872
529 690
88 710
312 758
69 950
925 614
319 864
633 460
343 482
468 41
518 154
637 604
290 694
529 216
403 368
564 656
296 864
195 620
453 757
810 395
448 386
142 979
393 725
587 497
70 630
868 245
65 666
587 801
215 323
121 251
965 485
908 301
566 746
741 64
722 354
575 168
19 681
652 377
263 991
364 147
2 797
771 582
760 950
783 744
698 460
828 126
628 15
243 12
682 781
635 551
796 607
288 650
208 230
229 444
483 198
921 30
948 691
360 539
635 125
569 545
138 144
767 240
148 506
551 125
789 779
625 266
489 227
45 746
935 105
417 896
324 187
63 663
646 179
945 384
45 566
61 686
218 217
213 780
610 353
671 377
868 992
909 977
622 44
879 17
530 970
655 887
890 168
480 579
761 251
55 503
868 204
104 98
250 717
563 13
810 791
169 193
809 265
835 251
855 241
809 842
2 712
443 410
49 197
457 519
989 661
461 552
790 300
569 149
119 949
668 710
844 103
767 629
361 182
404 559
804 269
948 593
328 98
446 247
728 244
857 589
502 602
698 633
299 825
132 230
863 720
965 657
61 50
312 559
592 960
203 282
529 594
26 971
755 539
803 282
466 848
289 275
803 203
688 28
1000 931
585 282
372 641
480 33
585 203
312 404
325 379
259 462
159 902
766 247
989 681
1000 753
892 279
1000 189
181 738
688 595
688 261
925 707
517 930
346 52
755 360
718 368
115 862
372 533
923 912
529 407
408 499
812 656
625 725
871 284
649 369
758 559
502 922
208 269
65 202
899 781
581 353
854 623
1000 341
844 705
509 241
689 847
132 269
888 317
985 814
408 205
830 201
115 604
479 497
682 110
567 776
394 455
442 907
42 630
655 926
898 36
214 526
448 16
887 926
89 323
479 801
236 95
587 742
304 187
857 920
286 943
892 507
718 403
888 990
649 91
627 313
369 91
868 861
230 269
1 979
661 681
83 438
728 162
424 219
113 301
220 978
921 613
109 782
627 837
45 510
312 384
567 562
342 191
921 549
495 201
457 464
174 665
290 856
45 354
698 450
433 163
790 177
386 16
424 516
55 253
901 927
908 165
888 639
510 354
417 330
289 738
564 222
417 853
932 665
474 161
589 920
270 963
933 291
875 455
448 702
153 977
80 934
56 822
535 867
417 570
859 926
613 549
877 20
83 359
807 929
487 194
213 686
118 78
954 339
932 174
315 975
845 414
188 605
676 280
819 223
758 404
924 114
101 872
961 615
987 752
270 244
973 719
307 699
131 620
682 456
965 376
71 836
132 208
148 660
104 746
875 394
276 942
627 125
823 438
275 738
876 695
393 352
366 542
563 687
214 506
652 91
545 149
65 983
213 50
424 436
602 922
575 10
954 523
289 181
430 167
372 826
633 450
466 781
845 815
225 335
215 765
597 92
386 702
262 269
148 757
88 164
115 637
823 359
747 752
250 435
758 384
854 76
819 301
7 504
503 253
489 333
891 926
60 357
408 833
223 301
361 715
824 720
270 162
967 400
606 515
601 571
775 251
63 565
483 245
288 914
671 91
328 746
698 294
325 915
458 979
239 301
404 384
688 64
967 951
868 584
728 198
597 508
250 211
916 95
994 539
157 120
676 128
49 297
600 293
933 873
315 266
157 534
457 670
338 281
596 836
104 566
342 911
649 745
649 434
417 355
792 690
830 780
67 318
113 165
231 79
668 164
529 950
435 211
270 198
610 984
369 745
67 14
369 434
483 992
925 917
803 537
101 862
792 216
448 402
625 352
963 244
483 204
919 98
88 806
31 252
783 880
997 234
364 960
790 709
585 537
812 222
701 739
275 181
514 17
270 728
101 604
581 984
356 499
994 360
660 757
807 295
138 949
18 105
675 38
116 740
985 750
489 6
854 821
1000 848
67 332
606 608
262 230
899 110
446 656
597 900
884 786
45 722
581 610
30 549
708 969
965 795
933 481
778 273
652 745
652 434
581 219
766 656
772 704
985 813
59 548
610 219
7 99
892 931
320 956
67 268
49 87
819 165
328 566
133 574
535 614
530 756
356 205
581 516
668 806
895 32
611 818
945 525
495 780
892 753
89 765
610 516
892 189
378 700
923 927
744 880
770 607
984 219
945 889
423 515
736 459
344 280
336 11
337 478
409 504
315 725
121 776
783 832
223 165
567 920
649 582
239 165
213 61
946 679
830 686
671 745
474 645
671 434
521 793
55 522
152 12
338 227
378 557
172 78
239 223
804 903
67 77
386 402
984 516
741 316
635 168
214 757
633 294
555 953
716 175
939 238
432 798
883 467
104 354
19 251
676 498
908 955
169 445
369 582
272 897
653 542
581 436
466 110
854 314
932 638
214 660
236 822
470 323
830 50
121 562
964 107
109 820
299 615
94 797
937 11
996 740
119 723
159 269
188 966
439 926
936 843
610 436
142 381
648 293
892 341
1000 781
483 861
30 613
113 955
423 608
627 551
937 336
528 327
868 912
2 878
652 582
835 761
411 380
468 926
451 634
550 317
132 903
916 822
893 906
150 620
263 167
657 376
495 686
735 527
840 482
601 532
378 420
277 284
511 714
747 987
770 796
701 86
989 251
744 832
838 317
188 476
961 136
883 897
899 456
297 87
101 637
667 323
970 756
770 58
556 978
550 990
54 547
328 354
657 795
555 15
75 114
838 990
495 50
433 549
318 14
208 903
4 513
967 494
371 541
443 17
984 436
376 795
881 11
655 576
671 582
489 176
157 459
31 285
35 194
27 397
31 829
195 541
320 52
819 955
2 618
213 79
887 576
550 639
838 639
792 594
113 908
838 550
675 968
946 260
325 684
767 952
916 236
854 374
467 897
466 456
312 525
828 605
646 367
344 128
4 860
399 482
796 58
119 641
982 680
939 546
325 102
800 626
312 889
555 628
881 336
54 93
766 446
774 947
489 616
119 533
854 659
890 10
65 981
802 619
151 444
239 955
356 833
409 99
518 665
627 168
195 371
8 631
340 998
643 603
774 187
422 370
31 375
961 334
875 382
262 903
225 869
270 245
483 584
962 182
745 434
115 97
223 955
600 710
778 405
954 292
457 170
461 105
883 272
157 736
803 85
530 590
1000 110
503 522
35 487
810 194
190 240
792 407
34 547
229 552
489 640
954 703
82 144
898 38
772 756
118 797
701 257
611 975
898 968
213 231
585 85
947 187
766 222
141 103
446 222
81 143
493 999
963 162
649 771
188 377
398 135
215 281
898 675
428 197
823 83
31 691
653 366
651 3
49 739
933 305
38 968
270 992
859 576
919 746
432 846
315 352
468 439
169 154
270 204
433 613
7 414
458 1
34 93
119 826
31 593
84 620
667 470
166 630
747 389
973 577
477 527
411 32
453 740
871 224
26 47
810 487
177 709
592 764
7 815
1000 456
200 156
551 168
101 97
567 589
772 970
369 771
190 629
901 103
195 331
148 740
37 621
780 686
987 389
276 626
819 908
225 137
252 285
365 690
611 266
121 920
252 829
652 771
658 440
49 86
891 576
325 717
116 44
365 216
393 196
526 506
163 549
408 542
371 331
935 580
625 196
875 977
898 180
148 453
835 776
215 227
809 264
772 590
923 103
761 776
892 848
935 839
480 249
40 426
89 281
206 283
68 317
804 497
344 498
682 897
804 801
676 258
230 903
398 385
19 775
767 519
392 559
667 765
625 393
986 700
648 710
398 664
59 415
276 800
466 899
658 929
932 825
802 759
932 615
901 141
758 525
338 333
773 874
994 755
319 235
965 421
825 615
845 559
575 547
68 990
888 247
809 46
138 723
758 889
986 557
411 895
635 10
423 606
901 705
9 134
474 5
132 497
278 620
470 765
49 257
132 801
118 94
625 598
697 400
483 912
898 496
73 650
270 861
835 562
70 39
393 598
141 705
970 590
802 724
761 562
818 975
697 951
937 473
45 291
671 771
252 375
54 681
61 79
597 253
780 50
118 712
773 737
535 707
458 381
468 576
68 639
689 280
575 93
243 323
989 775
206 727
923 705
489 591
857 864
845 392
410 17
172 797
109 811
439 576
898 794
923 141
94 712
611 725
658 295
682 467
735 463
34 681
502 726
564 187
146 623
986 420
89 227
418 265
418 842
239 908
338 6
104 510
855 974
962 715
1 381
946 782
778 491
965 748
59 991
790 865
810 35
131 541
56 619
67 999
587 677
868 927
668 88
924 882
830 79
60 786
208 497
881 473
472 117
898 62
208 801
524 217
627 10
259 906
892 781
954 124
652 369
174 638
448 690
302 930
1000 899
566 354
502 706
845 384
214 740
682 272
138 641
262 497
262 801
448 216
933 390
252 691
45 873
735 558
876 630
442 357
555 120
342 902
728 245
830 61
465 669
138 533
159 903
743 16
982 379
555 534
879 191
451 149
432 751
772 530
401 427
401 644
427 644
270 584
392 384
767 464
676 282
803 944
564 947
996 44
218 513
1000 466
288 313
668 351
43 713
790 941
206 100
803 988
489 449
252 593
34 54
803 306
82 949
26 108
18 580
600 164
88 351
569 197
963 198
585 944
101 115
916 619
18 839
218 860
913 874
365 594
803 678
299 136
928 930
265 842
898 910
45 481
688 316
964 13
575 681
954 308
585 988
288 837
474 816
585 306
262 208
116 622
409 414
65 66
961 24
49 701
433 30
743 702
726 706
923 901
597 522
803 309
697 494
123 571
188 91
868 103
585 678
818 266
206 441
138 826
347 515
913 737
768 139
296 235
655 905
772 588
989 19
70 841
824 863
502 173
146 76
879 911
585 309
526 757
448 594
735 383
769 241
966 476
307 284
409 815
223 908
682 883
972 20
123 532
812 187
728 992
451 545
828 476
828 966
26 849
887 905
792 950
989 776
206 106
365 407
19 776
344 258
646 175
495 79
430 156
104 722
728 204
271 779
213 515
116 754
838 247
563 836
131 331
31 948
468 891
954 126
600 806
601 212
997 934
448 407
868 705
747 867
274 975
372 976
567 864
823 285
171 107
892 110
338 176
823 829
448 365
278 84
364 764
411 326
935 228
423 847
735 396
982 915
973 886
56 759
215 333
932 136
288 125
530 588
337 57
287 793
772 894
653 72
109 490
408 366
830 231
989 562
37 672
655 240
767 670
571 532
172 712
195 241
19 562
967 92
514 191
790 193
372 471
741 107
916 759
250 814
611 352
648 164
55 460
325 211
844 969
2 958
386 690
477 463
43 400
443 191
887 240
56 724
543 248
148 44
945 548
964 687
299 334
158 130
315 196
118 878
347 608
43 951
461 580
215 6
386 216
338 616
277 224
213 608
741 171
916 724
655 629
667 281
823 375
747 614
83 285
195 769
461 839
146 821
213 347
83 829
489 544
31 244
67 493
297 739
404 525
919 354
270 912
417 586
909 506
477 558
528 699
443 514
116 475
887 629
289 438
587 520
119 976
909 757
637 97
916 56
157 663
404 889
987 867
967 508
243 765
657 421
844 708
840 343
932 334
794 62
89 333
7 559
151 552
422 874
349 248
338 640
529 760
119 471
443 911
892 456
495 61
635 890
506 757
362 995
823 691
340 429
289 359
118 618
514 911
804 479
188 434
69 620
812 947
67 242
188 745
236 619
315 598
696 711
422 737
1000 897
868 141
31 162
98 746
775 776
648 806
83 375
89 6
844 122
783 412
163 613
713 400
439 891
823 593
888 656
857 235
537 85
104 291
658 807
550 247
530 894
946 820
206 48
45 305
26 184
713 951
274 266
698 568
840 978
132 479
932 299
150 541
440 929
575 54
627 890
667 227
521 798
828 377
555 459
152 323
818 725
493 242
987 614
344 282
7 384
927 103
685 273
423 280
382 977
42 39
169 665
31 198
83 691
146 314
852 673
622 754
909 526
567 235
174 615
386 594
606 847
371 241
18 228
209 492
119 372
343 978
935 784
448 950
43 494
67 959
957 560
948 244
859 905
524 513
775 562
747 707
468 905
230 497
657 748
416 484
835 920
214 453
551 10
250 750
230 801
83 593
468 859
477 383
172 94
159 497
774 304
159 801
312 548
469 872
468 240
399 978
859 240
695 630
761 920
830 515
524 860
982 684
159 230
215 176
470 281
250 813
627 635
967 900
877 674
386 407
809 504
735 388
104 873
31 963
399 343
689 128
466 897
214 44
875 153
468 629
982 102
661 251
356 542
597 503
188 582
875 757
859 629
483 103
37 666
722 291
954 605
905 240
153 757
349 543
453 44
297 86
996 754
408 72
215 616
735 599
439 240
783 300
172 878
26 858
495 231
439 905
477 396
683 140
924 536
361 872
766 187
262 479
937 426
649 788
688 107
328 510
876 166
924 538
961 267
726 173
89 176
82 723
361 469
26 147
146 374
778 14
34 251
232 293
803 301
830 608
483 927
439 629
838 656
875 506
646 716
996 622
215 640
728 861
697 92
575 251
891 240
275 438
845 525
104 481
446 187
649 437
919 566
770 431
27 644
493 959
483 705
94 878
89 616
12 323
121 589
146 659
652 788
236 759
845 889
463 558
328 291
320 346
172 618
218 4
606 280
987 707
34 661
891 905
585 301
157 565
150 331
153 506
203 85
274 725
486 406
278 541
461 228
778 318
376 421
338 591
209 160
948 162
510 291
443 879
275 359
575 661
8 186
320 95
697 508
881 426
1000 467
509 974
225 29
909 660
891 629
89 640
218 179
470 227
989 920
236 724
346 95
495 515
927 705
790 445
2 938
744 412
652 437
108 849
982 717
961 831
441 106
713 494
18 784
655 190
899 897
778 332
970 588
206 345
569 428
369 788
119 579
575 34
82 641
148 754
307 224
4 179
361 862
443 902
82 533
597 460
743 402
529 620
876 39
371 769
1000 272
208 479
767 170
361 604
365 950
721 711
521 846
778 268
319 680
808 279
655 952
131 241
933 455
996 475
671 788
905 629
567 857
337 729
685 405
879 902
809 99
19 920
349 500
119 33
945 415
875 526
54 251
448 792
369 437
311 700
747 535
138 976
887 190
803 165
864 235
42 841
518 638
747 917
496 62
94 618
721 696
328 722
676 85
388 599
823 252
887 952
59 167
138 471
328 873
495 608
854 704
370 874
627 547
231 515
148 622
722 873
697 900
535 917
994 117
311 557
671 437
658 956
200 16
166 39
868 901
26 960
439 859
924 425
190 952
518 615
480 746
2 805
585 165
82 826
220 380
543 500
667 333
688 171
451 197
888 222
587 323
668 17
158 730
778 77
653 539
68 247
667 6
338 449
954 476
370 737
564 304
627 93
514 902
45 390
73 914
386 950
121 235
31 245
276 406
422 913
847 280
7 392
278 331
875 660
635 547
324 623
376 748
418 264
638 615
948 198
611 196
148 475
84 541
954 966
311 420
676 203
844 650
461 784
372 579
760 620
945 991
200 702
510 873
215 591
41 926
998 429
876 841
682 130
741 13
774 623
43 92
411 237
297 257
569 87
328 481
790 154
243 281
430 16
744 300
127 217
468 952
502 233
970 894
286 283
121 864
89 591
635 93
55 450
31 992
418 46
276 486
503 460
336 473
819 113
655 519
88 17
153 526
789 96
31 204
43 508
53 793
61 515
550 656
37 202
774 324
766 947
7 525
457 182
898 787
480 98
646 779
954 377
7 889
946 811
502 827
611 598
838 222
803 955
312 415
555 736
27 427
132 804
728 584
372 33
214 754
349 246
468 190
423 128
887 519
270 103
477 599
320 822
430 702
722 481
783 709
676 537
651 733
127 513
408 539
104 305
987 917
152 765
231 608
524 179
876 42
964 836
564 623
823 244
333 6
589 235
585 955
127 860
477 388
386 365
439 952
290 178
409 559
392 525
768 630
342 269
215 449
845 404
483 141
118 958
667 176
818 352
428 87
587 12
773 234
749 762
286 727
153 660
81 634
735 114
854 756
43 900
392 889
432 482
510 481
924 238
774 76
689 498
540 612
819 532
166 841
567 296
270 705
89 449
54 661
627 681
217 513
741 687
446 947
708 122
113 532
895 326
243 227
139 630
468 519
825 136
378 478
982 211
422 234
823 162
655 464
859 952
871 607
667 616
844 914
924 546
312 991
131 769
67 488
989 761
1000 883
718 971
338 544
689 258
658 52
543 246
324 76
828 91
987 535
871 58
555 663
622 475
410 191
349 183
521 751
887 464
61 608
909 740
316 107
667 640
217 860
758 548
564 76
422 773
932 24
287 798
409 384
802 145
411 373
319 379
916 145
774 821
31 861
916 802
469 862
892 897
214 475
174 136
564 324
138 579
439 190
361 97
844 73
823 198
67 395
214 622
346 822
890 547
698 549
195 974
688 13
304 623
567 680
84 331
349 993
868 923
875 740
274 352
442 786
989 835
288 168
220 32
252 244
635 681
913 234
337 603
37 983
443 269
587 765
468 464
439 519
830 347
83 244
597 450
498 258
239 532
138 33
480 354
466 467
683 51
655 670
564 821
497 801
676 944
83 252
891 952
524 4
540 642
270 927
755 117
676 988
676 306
469 604
296 680
452 531
67 791
424 700
812 623
410 911
675 180
26 764
190 519
676 678
150 241
174 825
932 267
215 544
809 414
887 670
89 544
344 85
435 814
685 491
453 754
890 93
324 821
440 295
116 561
116 413
213 280
70 25
89 215
682 730
556 380
470 6
423 258
514 879
774 314
69 541
83 162
954 91
575 776
937 40
857 680
676 309
424 557
229 105
854 590
859 519
470 333
423 498
468 670
45 455
646 271
592 28
526 660
543 183
775 920
809 815
466 272
812 304
946 490
252 162
382 757
31 584
181 438
328 305
564 314
439 464
319 915
592 595
688 687
443 342
12 765
575 562
823 948
172 958
101 842
592 261
859 190
973 980
736 663
625 527
101 265
174 334
965 11
819 571
457 715
875 909
489 926
286 100
1000 130
424 420
278 241
520 323
932 831
713 92
667 591
936 322
774 374
83 198
451 87
718 47
2 632
812 76
181 359
868 969
543 993
113 571
986 478
109 161
743 690
82 976
807 956
564 374
823 963
223 532
206 918
898 419
185 975
743 216
671 369
774 659
82 471
518 136
744 709
697 967
550 222
287 846
825 334
713 508
882 536
80 738
954 828
564 659
954 434
808 507
607 58
286 106
304 76
828 434
118 938
68 656
653 360
34 776
555 565
153 740
923 969
954 745
439 670
891 519
572 400
882 538
812 821
857 296
252 198
937 669
133 531
276 353
123 212
361 637
828 745
572 951
859 464
249 746
514 269
468 887
881 40
689 282
985 866
213 847
324 314
868 122
218 367
70 20
7 404
677 323
232 710
697 253
790 665
667 449
567 379
838 888
408 360
34 562
868 708
569 739
169 615
24 267
971 47
148 996
879 269
69 331
564 774
430 200
587 152
423 282
56 145
967 253
921 350
138 372
778 999
655 170
286 441
118 805
477 114
881 669
954 582
470 176
430 402
418 504
109 645
528 284
200 402
916 785
812 314
606 128
127 179
609 485
529 541
728 912
116 201
239 571
468 170
923 122
844 313
518 334
121 680
823 245
474 397
319 684
451 428
948 963
304 821
716 779
713 900
453 475
924 939
977 757
190 464
887 170
452 762
783 177
229 580
743 594
31 912
243 6
844 837
830 280
668 191
319 102
452 749
324 374
472 492
962 872
859 670
891 464
923 708
307 277
470 616
229 839
581 700
695 39
185 266
422 934
40 669
556 32
625 558
57 729
812 374
43 253
891 190
627 251
423 689
722 305
510 305
31 728
510 722
675 62
568 549
567 915
416 777
823 992
812 324
159 479
489 41
243 333
823 204
935 942
812 659
524 367
743 407
597 55
844 125
581 557
270 141
171 13
289 285
324 659
9 719
470 640
890 681
289 829
537 944
857 379
668 911
320 619
435 750
766 623
667 544
921 462
828 582
318 332
965 473
901 969
587 281
876 25
203 944
569 86
83 963
810 612
19 761
883 130
371 974
783 865
133 762
518 825
875 44
104 390
876 20
82 579
1000 730
468 655
133 749
417 303
537 988
439 170
581 420
537 306
203 988
307 58
172 938
203 306
319 717
79 515
758 415
625 463
158 880
697 522
472 160
296 379
349 578
325 814
344 944
89 338
287 751
195 509
443 903
435 813
452 23
698 613
83 948
480 566
286 48
451 739
802 785
203 537
307 607
344 988
344 306
131 974
289 375
393 527
891 670
742 323
408 653
465 793
572 494
82 33
962 862
43 967
741 836
454 553
597 294
540 505
646 96
625 383
676 301
682 880
418 99
276 219
529 331
344 537
203 678
344 678
276 516
344 203
537 678
606 258
845 548
768 39
962 604
49 485
277 58
115 842
152 281
18 942
109 5
115 265
575 920
783 941
88 191
304 314
446 623
810 642
25 20
854 588
344 309
483 969
766 76
587 227
909 44
540 256
981 66
133 23
366 72
493 488
347 280
277 607
289 691
24 831
682 158
592 64
925 327
278 150
567 684
83 245
871 796
625 396
43 522
337 643
410 902
540 348
54 776
409 525
933 394
172 805
901 122
148 561
2 112
649 922
148 413
203 309
453 622
243 176
409 889
139 39
188 771
55 294
945 167
857 915
985 279
695 841
824 400
567 102
495 280
823 861
430 690
276 436
489 576
899 467
537 309
289 593
448 620
451 86
320 759
989 235
685 14
652 922
2 692
386 792
824 951
430 216
71 317
635 251
766 821
682 832
190 670
7 548
121 379
63 553
908 532
88 911
967 522
961 953
299 267
19 835
758 991
600 351
223 571
84 241
185 725
996 561
540 254
996 413
243 616
320 724
483 122
868 650
156 16
220 326
36 968
158 832
166 42
83 992
461 942
773 934
901 708
54 562
843 322
71 990
262 804
304 374
200 690
83 204
68 222
169 638
676 165
116 686
589 864
274 818
278 769
838 187
263 16
493 395
75 536
81 149
495 347
177 865
446 76
109 816
854 894
200 216
288 10
948 245
63 454
994 492
892 467
768 841
132 323
432 978
770 679
206 896
296 915
75 538
382 506
243 640
483 708
567 717
526 740
962 469
71 639
150 769
116 50
778 242
263 156
859 170
502 560
131 371
370 234
830 847
401 78
985 507
783 193
794 910
688 836
470 591
882 425
913 934
304 659
152 227
236 145
712 878
961 15
262 323
180 62
766 314
804 323
151 105
446 821
169 136
899 272
430 594
213 128
743 950
892 272
139 841
364 28
596 317
685 332
393 558
648 351
483 901
121 915
892 899
263 702
671 922
569 257
362 144
823 584
428 739
98 354
965 336
171 687
104 455
325 750
551 547
600 17
994 160
364 595
685 318
219 516
118 632
26 28
888 187
151 580
79 608
94 958
21 930
315 527
26 595
668 902
760 541
215 338
430 407
364 261
766 374
463 383
319 211
151 839
26 261
26 364
156 702
299 831
133 452
596 990
466 130
369 922
493 791
685 268
213 258
69 241
49 609
325 813
312 167
520 765
249 354
19 235
868 914
850 885
250 866
766 659
451 257
778 959
857 684
67 194
606 498
1000 880
34 920
200 594
648 17
252 963
229 228
108 184
677 765
876 70
206 330
218 175
188 788
807 52
214 561
274 196
985 808
214 413
633 549
596 639
606 282
366 539
543 578
514 342
676 955
206 853
736 565
443 801
225 135
249 98
443 497
551 93
770 260
891 170
923 650
948 992
105 580
857 102
768 695
835 235
638 136
446 314
56 785
498 282
80 438
818 196
875 754
169 334
824 494
200 407
286 345
148 201
89 926
528 224
470 449
948 204
121 296
810 505
83 861
625 599
844 168
153 44
80 359
217 179
524 175
105 839
378 729
252 245
206 570
761 235
503 450
188 437
514 903
446 374
41 576
810 256
53 798
935 626
1000 832
451 569
270 969
972 674
119 746
766 304
393 383
27 78
74 631
35 612
809 559
810 348
685 77
351 17
982 814
337 310
121 684
177 941
4 367
567 211
393 463
206 355
101 264
418 414
225 385
446 659
651 573
278 974
315 558
342 903
677 520
225 664
243 591
346 619
296 684
274 598
924 293
121 102
275 285
215 926
744 865
275 829
857 717
962 97
521 482
810 254
876 674
646 789
587 6
957 711
127 367
589 680
9 577
627 661
772 874
809 384
996 201
964 563
418 815
12 281
961 628
128 258
840 380
651 904
529 241
876 972
328 390
393 396
790 615
845 415
101 46
349 799
338 926
7 415
742 765
18 626
31 103
296 102
772 737
718 849
767 182
270 122
132 765
127 4
818 598
575 775
88 902
430 950
7 845
146 704
72 539
26 64
356 539
356 72
146 756
252 992
823 912
213 282
704 756
75 425
921 906
166 20
132 742
627 776
863 400
423 85
150 974
556 326
262 765
803 532
252 204
35 642
483 650
344 301
428 86
208 323
172 632
957 696
863 951
121 717
819 212
61 231
311 478
399 380
587 333
760 331
275 375
963 245
70 674
83 584
45 394
864 680
65 513
744 941
299 24
646 512
923 914
31 705
307 796
855 995
986 729
250 279
804 765
270 708
213 498
909 754
627 562
868 73
316 13
875 475
43 697
461 626
928 302
382 660
229 784
100 106
401 797
315 383
65 860
243 449
262 742
43 460
