18 289
75 453
156 103
180 375
343 296
427 65
226 313
316 301
100 407
176 196
234 24
244 479
322 44
192 17
266 270
191 253
81 116
7 270
426 295
400 140
60 109
51 14
436 67
23 460
470 445
238 424
226 53
60 382
264 393
362 74
7 266
422 420
464 372
324 178
291 211
226 359
269 361
207 282
171 449
165 3
206 222
101 416
271 303
87 95
12 162
333 146
353 273
79 497
400 146
427 214
487 93
400 333
265 296
18 446
10 440
387 220
110 408
113 88
468 331
452 2
452 166
264 148
179 478
492 228
297 104
448 460
181 28
451 69
286 352
354 352
346 247
264 46
487 141
298 90
490 16
123 379
18 338
140 146
265 343
203 438
369 295
346 455
364 77
437 168
93 141
299 64
172 20
422 325
202 146
60 232
425 49
79 91
171 251
102 252
290 17
170 155
291 115
308 111
202 140
451 33
452 111
283 486
452 308
354 286
247 455
225 285
349 406
239 302
324 413
87 424
449 251
217 357
176 374
69 33
192 178
326 116
60 358
117 108
9 5
210 463
452 403
112 368
425 472
201 128
439 407
365 131
22 336
315 243
409 393
180 336
269 131
244 417
495 240
180 22
176 489
269 365
151 80
59 86
324 498
172 384
4 127
320 88
4 317
484 465
281 143
175 292
274 90
206 462
265 375
38 8
234 134
139 285
415 270
297 459
180 73
188 64
255 107
22 73
322 356
112 14
451 66
106 423
35 486
196 374
233 379
452 476
269 474
409 148
308 403
323 45
470 267
365 474
452 339
496 173
181 377
191 249
400 376
172 57
426 360
138 314
369 360
409 46
167 311
202 333
23 146
369 426
72 141
145 199
151 3
383 401
196 489
11 215
297 312
201 47
192 413
385 296
300 497
448 146
350 500
210 293
432 20
337 374
1 471
484 342
495 306
418 321
232 358
1 13
361 131
233 123
109 382
100 382
100 109
160 36
395 78
238 96
176 227
265 336
289 446
11 396
323 301
69 66
113 32
80 3
81 45
366 223
337 489
192 498
363 285
169 412
300 91
361 474
89 460
437 348
470 222
4 367
487 116
395 237
488 177
493 195
387 49
265 73
167 453
165 419
421 344
144 285
119 440
25 147
131 474
439 382
439 109
87 96
27 83
11 212
35 283
329 108
81 301
299 141
298 279
309 104
267 222
138 155
117 161
60 447
442 480
375 336
427 345
125 195
451 435
215 396
135 54
290 178
206 50
350 416
261 457
395 243
191 295
387 472
225 445
289 338
233 158
308 476
448 23
188 141
114 2
114 166
432 384
448 140
89 146
23 140
487 326
10 36
130 287
138 170
125 493
294 44
194 228
308 339
202 376
253 249
436 16
165 164
139 445
315 313
99 252
444 407
439 100
63 268
316 328
375 73
471 13
281 463
434 465
381 64
120 423
101 182
274 279
152 3
427 105
93 116
298 251
425 65
180 374
210 296
125 431
395 313
60 368
226 200
434 342
395 315
250 379
395 53
180 489
114 111
102 97
315 53
188 299
395 359
60 14
59 327
191 360
130 429
294 356
188 72
63 457
462 50
236 280
493 431
291 76
439 358
299 72
309 459
353 285
451 118
419 164
156 168
63 261
204 486
350 182
434 484
315 359
264 211
196 227
69 435
425 214
114 403
290 413
22 374
176 273
59 136
179 83
448 333
205 147
100 358
215 212
274 251
432 57
337 227
460 146
29 373
217 142
220 49
22 489
35 88
201 52
281 293
61 391
350 101
309 312
87 238
127 317
451 408
464 252
217 37
225 222
87 414
238 414
269 407
250 123
254 260
188 116
172 275
203 405
106 292
41 423
160 311
363 445
343 336
265 374
290 498
23 333
172 466
117 478
205 25
250 158
144 445
369 174
458 40
114 476
139 222
439 232
151 164
265 489
171 128
385 336
255 474
63 5
299 116
86 327
422 317
4 304
422 127
114 339
89 140
448 376
224 268
332 379
165 94
434 440
4 305
254 392
234 355
135 49
487 45
145 218
320 32
381 141
120 292
385 343
365 407
207 321
447 368
442 126
298 449
444 382
337 196
220 472
394 455
278 335
185 197
180 227
385 73
366 219
75 406
234 84
27 245
297 277
444 109
291 56
41 292
253 295
343 73
409 211
135 472
35 32
86 136
316 344
23 376
264 115
421 68
283 88
297 2
297 166
244 17
72 116
160 453
224 457
151 419
210 336
387 65
135 220
350 8
255 131
35 320
487 301
29 95
294 322
428 229
225 267
191 426
10 311
171 47
415 266
234 208
38 33
234 443
277 2
277 166
99 97
123 158
172 15
269 382
423 292
324 54
106 175
298 128
447 14
188 93
300 79
210 73
69 118
362 288
269 109
329 161
12 124
188 326
297 111
337 273
196 273
294 231
144 363
427 248
180 273
93 326
12 256
180 196
139 267
495 399
87 70
263 303
110 357
224 261
470 50
281 296
60 112
387 214
353 445
124 256
191 174
297 403
464 97
210 343
180 337
332 158
395 200
434 119
282 321
274 449
298 47
442 393
63 9
451 357
332 123
29 424
422 367
156 348
102 147
291 386
239 146
458 302
496 373
234 55
451 110
361 407
192 54
144 222
418 40
151 94
89 333
363 222
274 128
442 148
206 195
120 175
490 21
442 46
7 44
206 431
69 408
354 31
482 335
38 66
238 70
234 43
59 262
297 476
291 475
365 382
100 232
316 68
10 453
12 319
203 412
297 339
322 231
439 368
114 308
449 128
224 5
41 175
434 36
102 25
188 45
277 111
426 174
89 376
381 116
436 21
409 115
365 109
225 50
452 223
425 345
22 227
444 358
63 143
415 44
274 47
253 360
195 431
439 14
145 228
244 178
269 358
265 227
205 438
172 241
139 50
300 473
324 49
298 171
299 326
269 444
169 486
18 270
188 301
210 385
276 184
7 356
255 407
22 273
283 32
265 273
419 94
436 490
124 319
265 22
266 44
277 403
349 292
80 164
167 406
324 472
316 421
135 65
152 164
452 219
415 356
375 374
294 335
192 49
185 24
226 483
217 3
93 45
394 247
328 344
428 347
152 80
437 465
425 105
82 209
439 447
294 482
51 327
102 438
101 8
153 230
461 159
87 67
437 342
119 36
418 302
375 489
192 472
29 96
299 45
294 278
244 413
176 285
350 33
449 47
496 95
353 222
201 85
405 412
135 214
298 52
484 440
227 273
12 193
446 338
223 219
381 72
365 358
179 245
225 470
233 397
12 163
51 136
266 356
361 382
286 31
432 275
210 374
38 435
244 498
103 168
234 20
250 397
307 184
362 467
442 211
226 64
82 183
93 301
398 235
432 466
316 497
255 382
102 205
366 450
250 233
350 66
210 489
9 143
434 311
291 34
194 492
185 134
323 344
299 301
277 476
281 336
423 175
79 473
309 2
139 470
309 166
11 30
274 171
297 308
361 109
415 7
274 52
386 475
63 463
255 109
171 52
316 91
255 361
267 50
398 331
81 344
277 339
385 374
173 373
60 327
238 67
99 147
362 390
234 384
496 424
100 368
324 220
385 489
281 73
299 93
448 202
461 455
464 147
499 6
326 45
60 136
272 6
250 104
272 499
309 111
206 493
442 115
276 62
180 285
144 50
159 455
307 62
483 64
269 232
411 198
341 491
434 453
307 276
300 168
192 220
100 14
210 375
86 262
82 330
436 190
477 258
437 440
389 213
233 104
387 345
427 132
309 403
41 120
350 435
324 65
138 199
363 50
63 293
165 78
265 196
239 460
224 143
11 284
261 5
381 45
255 358
69 357
323 328
29 414
380 209
283 320
192 65
144 267
99 25
421 497
165 237
464 25
12 133
269 368
152 94
381 326
329 478
81 328
349 175
117 83
437 484
333 376
395 64
204 88
451 142
323 68
324 214
309 476
38 118
322 335
451 37
415 231
309 339
81 68
269 14
252 97
381 301
192 214
124 193
366 481
361 358
224 9
107 474
250 459
328 68
203 486
380 183
395 483
462 431
27 268
363 267
39 137
220 65
422 304
432 15
165 243
387 105
87 16
234 57
176 445
207 40
124 163
421 91
7 231
99 438
397 104
464 438
145 492
350 118
89 23
225 431
297 114
226 141
35 113
139 431
80 94
265 337
464 99
452 450
221 77
225 462
422 305
326 301
135 345
38 408
139 462
60 51
250 312
490 190
444 232
425 248
27 457
265 285
181 197
496 96
79 168
298 85
350 408
300 103
217 164
444 368
19 77
332 104
22 196
149 287
337 285
151 78
353 50
233 459
350 38
232 368
225 195
165 313
139 195
106 258
269 100
145 194
415 335
165 53
254 98
495 198
72 45
380 330
63 296
112 327
180 445
404 184
173 95
444 14
151 237
165 359
125 474
139 225
332 397
29 70
343 374
309 277
19 221
428 162
135 105
437 36
274 85
181 24
22 285
60 262
210 273
395 141
41 258
253 174
169 88
462 195
181 134
196 285
365 368
233 312
220 214
234 275
7 335
120 258
343 489
470 431
27 5
81 323
234 466
322 482
151 243
264 76
112 136
232 14
130 410
349 423
224 463
121 371
415 482
51 262
458 146
149 429
365 14
415 322
495 411
365 232
281 374
442 409
54 49
156 465
81 497
266 231
473 168
323 497
415 278
192 324
27 261
59 321
332 459
238 16
255 368
82 90
281 489
156 342
418 146
125 107
468 260
72 301
315 200
160 406
452 481
322 278
404 62
81 91
207 302
323 91
468 392
176 222
255 14
192 345
204 32
449 52
324 345
151 313
350 357
151 53
154 379
255 232
332 312
151 359
269 447
432 241
173 424
281 343
487 344
12 338
234 15
7 482
24 134
131 407
217 94
201 249
180 222
282 40
226 116
138 218
307 454
12 446
442 76
29 67
7 278
224 293
496 414
291 28
265 445
192 105
375 273
197 134
324 105
297 219
470 195
353 267
439 327
119 311
469 303
18 44
397 459
35 373
395 116
210 227
307 430
266 335
437 311
87 21
385 273
169 32
203 88
381 93
461 247
437 119
63 336
197 24
144 431
7 322
22 337
188 344
294 352
418 458
255 365
124 133
54 472
369 318
69 110
60 86
439 136
179 268
171 85
38 357
191 318
290 49
300 348
488 372
409 76
483 141
106 477
380 90
191 369
206 474
75 292
63 73
18 356
451 3
81 421
27 143
89 202
234 241
130 129
405 486
387 248
366 230
323 421
106 108
260 392
223 450
363 431
22 445
156 440
165 200
290 472
179 457
328 497
10 406
130 189
464 205
427 314
434 406
316 168
337 445
185 355
434 10
346 379
349 258
477 108
255 444
41 108
135 248
487 68
41 477
437 453
167 292
298 249
290 54
361 368
191 26
397 312
82 279
395 226
442 264
35 95
385 375
328 91
185 84
369 26
203 32
120 108
114 219
25 438
201 295
125 407
9 463
187 401
235 331
102 412
144 195
191 491
265 222
361 14
250 2
250 166
191 341
442 56
188 68
274 249
138 228
307 242
266 482
425 132
101 33
496 70
350 110
180 176
369 491
165 315
264 56
369 341
4 455
99 205
106 161
113 373
309 308
266 278
172 287
159 247
185 208
185 443
224 296
334 310
120 477
423 258
234 432
196 445
316 473
179 5
35 424
244 49
152 419
41 161
250 111
82 251
87 190
427 155
353 431
282 302
180 50
151 200
176 50
60 321
19 364
29 16
192 248
135 387
210 285
172 429
332 233
100 447
173 96
69 142
255 447
27 463
250 403
255 100
125 131
363 195
69 37
169 204
350 142
244 472
350 37
120 161
380 279
350 69
139 493
410 129
298 295
39 58
324 248
484 36
281 273
436 186
27 9
395 45
404 276
238 21
130 157
452 230
201 360
477 161
72 326
297 450
250 476
410 189
22 222
101 66
185 55
250 339
269 327
225 493
181 355
125 382
246 240
274 295
103 348
318 26
208 443
217 80
152 78
154 158
365 444
106 478
179 261
395 301
206 107
156 36
244 54
63 374
226 45
27 293
119 453
404 454
439 112
42 77
380 251
185 43
41 478
181 84
442 475
63 489
269 136
272 378
156 484
487 497
35 96
152 237
298 360
337 222
203 204
415 352
439 262
206 407
419 78
125 109
188 497
276 454
496 67
487 91
404 430
151 315
59 40
181 443
181 208
436 479
120 478
365 447
332 2
332 166
139 474
226 301
388 257
112 262
188 91
19 74
409 56
299 344
12 289
318 491
18 231
346 158
353 195
274 360
362 6
86 321
349 108
361 232
290 65
444 447
113 95
434 160
398 392
225 474
223 481
131 382
272 48
419 237
318 341
107 407
152 243
398 260
207 146
110 142
233 2
233 166
110 37
381 344
451 164
203 169
246 306
265 50
18 335
332 111
92 494
394 379
362 499
181 55
125 358
464 412
9 293
255 327
276 430
267 431
366 153
266 322
297 481
316 79
332 403
35 173
179 143
264 475
316 348
442 386
130 177
181 43
217 78
290 214
220 345
79 348
244 65
144 470
27 296
468 98
210 445
224 336
135 132
82 128
354 240
255 136
191 500
196 222
309 219
188 487
206 382
477 478
172 149
167 75
51 321
81 168
233 111
217 237
349 161
365 100
165 64
297 223
35 414
332 476
41 106
385 227
152 313
332 339
152 53
29 21
113 424
144 462
145 184
206 131
419 243
224 73
99 412
152 359
244 214
323 168
233 403
156 311
82 47
238 190
124 338
483 116
7 352
434 292
298 201
387 132
192 132
404 242
192 387
493 474
206 109
173 414
350 3
427 170
217 243
316 103
436 417
380 128
59 302
101 435
102 486
191 416
286 240
246 399
114 450
442 34
395 326
369 500
313 53
80 78
299 68
405 88
354 306
343 273
38 142
38 37
185 20
180 431
381 68
385 285
41 329
203 320
60 40
145 62
106 329
233 476
217 419
346 154
160 292
142 37
324 132
233 339
365 327
380 47
87 490
22 50
423 108
470 462
18 482
124 446
252 147
151 64
206 358
307 420
80 237
300 465
18 278
349 478
449 85
298 174
410 157
217 53
217 313
188 328
451 94
364 74
220 105
395 72
11 213
217 359
63 273
35 70
300 342
131 109
139 407
100 327
381 299
93 344
41 83
365 136
444 327
419 53
171 249
419 313
201 174
106 83
274 174
11 389
307 325
179 463
269 262
185 384
496 16
274 201
354 399
227 285
165 141
369 416
286 306
210 222
444 100
176 431
156 453
180 267
181 20
419 359
409 475
27 336
375 285
120 329
191 182
63 343
291 377
225 407
221 74
487 328
346 123
418 460
375 227
87 186
437 406
444 136
425 314
29 190
107 382
57 275
100 136
244 290
80 243
27 73
169 320
120 83
82 52
461 379
38 110
281 285
181 384
2 166
452 153
12 270
117 245
42 74
113 96
60 302
394 158
154 123
337 50
423 161
57 466
179 293
286 399
139 382
234 287
31 240
10 292
125 368
324 387
264 386
380 52
221 364
405 32
283 373
151 141
255 262
35 67
205 412
281 227
87 479
266 352
276 242
139 107
167 175
42 364
180 195
439 321
234 429
231 335
244 345
309 450
30 284
42 221
144 474
125 14
329 83
225 382
428 256
381 497
363 462
369 182
290 345
282 146
398 98
490 186
139 109
69 3
101 118
173 70
114 481
226 326
297 230
246 198
265 431
349 477
81 473
80 53
80 313
381 91
299 497
316 465
425 155
4 247
191 8
354 198
281 375
350 164
80 359
316 342
165 116
224 374
250 277
244 105
346 104
300 440
299 91
464 486
75 175
172 129
264 34
225 107
139 131
139 358
131 358
188 421
224 489
225 109
354 246
172 189
107 109
156 119
145 454
428 319
171 295
176 267
138 492
152 200
93 68
254 351
447 327
192 135
179 9
102 88
31 306
206 368
239 140
362 378
290 105
470 474
363 474
54 65
87 417
323 473
145 430
196 50
291 134
363 470
225 358
217 200
101 408
423 478
159 379
206 14
385 445
167 258
81 348
286 198
179 296
176 195
225 131
188 168
362 48
192 314
154 104
370 77
27 374
151 116
135 314
27 489
122 310
349 83
462 474
210 50
59 146
51 86
410 177
252 438
254 310
395 344
354 411
254 122
309 481
172 157
283 95
490 479
99 486
18 322
203 373
308 219
31 399
113 414
447 136
496 21
487 421
369 8
35 16
346 459
307 317
484 311
215 284
18 352
353 474
323 348
117 268
307 127
107 358
316 440
350 94
75 258
269 112
281 445
487 168
322 352
361 327
82 85
181 185
9 296
495 480
102 32
244 220
349 329
267 195
380 85
144 493
250 219
461 158
63 285
246 411
324 314
404 420
269 321
145 242
171 360
421 168
60 146
427 199
165 483
192 155
291 24
477 83
51 40
346 312
226 72
215 30
254 334
250 308
217 152
112 321
130 372
437 292
181 275
22 431
210 196
86 40
181 466
117 457
365 262
135 155
173 67
191 33
185 275
361 136
353 462
409 386
265 195
404 325
185 466
428 193
394 123
172 177
286 411
442 28
375 445
92 259
255 321
283 424
409 34
191 66
144 407
38 3
223 230
428 163
265 267
426 26
11 485
380 82
307 367
458 460
79 103
203 95
139 368
395 68
434 175
165 45
54 214
300 36
154 459
181 57
315 64
387 314
139 14
394 104
255 112
324 155
426 491
397 166
244 248
434 258
397 2
238 186
436 17
172 410
29 186
185 57
386 34
4 379
165 301
493 407
361 447
179 336
448 400
451 78
181 15
79 465
426 341
254 402
225 368
103 465
203 424
191 435
27 224
29 238
419 200
385 222
151 483
113 70
145 276
439 40
316 36
31 198
464 88
225 14
451 237
79 342
444 262
154 312
194 184
179 73
496 190
185 15
151 45
117 5
286 246
103 342
261 143
366 209
144 382
63 227
93 497
169 373
29 479
204 320
180 474
281 222
27 273
175 258
35 21
473 348
328 168
483 45
363 407
238 479
224 273
151 301
125 232
93 91
291 197
81 465
451 243
234 149
123 104
354 480
226 344
394 459
490 417
167 108
138 184
366 183
290 220
250 450
291 355
81 342
397 111
191 118
63 445
387 155
369 33
432 287
107 131
290 248
380 449
291 84
277 219
353 470
51 302
80 200
220 248
234 129
337 431
477 329
60 59
181 241
369 66
332 219
234 189
197 355
191 408
60 282
159 158
395 497
144 109
59 282
332 277
283 96
394 312
81 103
138 194
291 443
203 96
353 407
291 208
397 403
451 53
470 407
432 429
464 32
203 283
428 133
395 91
318 500
82 449
351 310
451 313
138 62
323 465
363 493
100 262
217 64
451 359
483 301
87 17
101 357
323 342
29 417
194 62
366 330
144 358
436 178
81 79
99 88
69 164
253 26
380 249
114 230
291 55
86 302
89 400
452 209
363 382
300 311
185 241
149 129
206 232
286 480
461 104
227 445
425 170
167 161
12 44
354 495
316 311
468 310
291 43
210 431
439 302
253 491
423 83
145 420
197 84
370 74
75 108
82 249
234 157
254 71
468 351
309 230
113 67
41 245
149 189
434 108
35 190
72 344
493 382
41 268
238 417
434 75
316 300
377 134
369 435
152 64
156 406
169 95
452 183
12 356
145 325
375 222
439 86
427 218
461 123
281 385
253 341
22 195
57 15
29 490
188 348
397 476
245 268
31 411
269 40
397 339
125 327
81 440
246 480
41 457
307 304
250 481
395 93
255 40
172 372
350 78
353 382
226 68
404 317
252 25
217 315
354 126
191 357
468 122
436 413
381 168
404 127
63 222
307 305
398 310
23 202
176 474
106 268
462 407
350 237
449 249
125 136
106 245
203 414
323 103
398 351
363 109
192 170
332 308
4 158
365 321
380 295
179 374
254 441
173 16
234 177
434 161
188 473
298 26
171 174
197 443
179 489
461 459
468 334
353 493
470 382
436 498
217 141
160 258
180 407
354 393
206 327
354 148
452 330
354 46
79 440
274 26
106 457
99 32
197 208
110 3
87 178
244 132
298 491
343 285
369 118
309 114
350 243
316 484
255 269
191 101
169 424
274 491
265 474
363 358
63 375
167 478
323 440
398 122
120 268
41 5
298 341
75 161
196 431
206 136
316 453
393 148
274 341
82 295
180 462
468 402
332 450
291 20
318 416
461 312
289 270
398 334
353 109
117 143
120 245
369 408
346 166
346 2
323 79
297 153
205 486
120 457
283 414
144 131
350 53
380 360
404 367
281 50
102 405
300 484
103 440
286 495
350 313
350 359
286 126
398 402
394 154
315 141
495 126
87 413
300 453
353 358
422 455
393 46
139 232
38 164
291 384
245 457
106 5
27 285
434 478
299 168
385 50
180 382
487 348
203 70
354 211
484 453
135 170
255 302
87 498
493 109
152 141
138 454
238 490
346 111
269 302
286 148
286 46
286 393
204 373
82 360
418 140
152 315
197 55
361 262
366 90
451 200
427 228
139 327
18 266
19 288
81 36
308 450
470 109
138 430
144 107
144 368
346 403
149 157
117 261
324 170
107 368
354 115
439 51
27 343
160 175
210 337
120 5
462 382
69 94
428 338
144 14
493 358
139 136
444 321
298 253
188 465
159 104
470 358
233 219
145 317
234 410
274 253
217 116
247 379
22 267
145 127
188 342
437 10
42 288
107 14
156 292
437 258
10 258
180 109
276 420
495 148
495 46
75 478
346 476
495 393
482 278
346 339
89 448
169 96
123 459
470 493
197 43
226 497
225 232
468 71
398 71
180 358
72 68
246 126
439 146
398 468
112 40
41 143
332 481
31 480
286 211
203 67
191 37
225 327
369 357
148 46
226 91
264 28
323 36
191 142
113 16
51 146
63 50
496 186
192 425
224 285
9 336
4 104
290 132
276 325
180 493
192 199
138 242
349 268
225 136
425 199
487 473
145 367
283 70
29 17
381 328
286 115
246 46
246 148
452 90
11 331
246 393
313 359
398 441
232 327
234 372
180 470
394 166
394 2
210 195
176 407
426 500
12 335
468 441
449 295
41 261
388 77
216 396
334 402
349 457
428 446
35 186
106 143
125 447
265 407
277 450
159 459
380 174
117 463
366 279
27 445
250 230
350 200
179 273
423 329
274 298
165 326
496 479
11 235
363 131
363 368
81 311
131 368
274 500
298 500
434 167
337 195
206 447
462 109
122 402
152 116
394 111
201 26
165 344
291 275
188 440
320 373
363 14
254 13
291 466
437 175
255 86
159 123
309 223
38 94
4 459
201 491
246 495
370 364
349 245
120 143
35 479
9 73
79 36
394 403
381 421
160 108
487 465
159 312
41 463
154 166
154 2
462 358
22 474
255 146
42 19
274 426
366 251
204 95
298 426
318 182
353 368
487 342
326 344
349 5
254 471
100 321
106 261
232 136
201 341
434 83
131 14
86 146
395 168
297 209
353 14
274 416
375 50
123 312
294 240
298 416
176 382
4 312
353 131
4 123
82 174
265 382
246 211
149 177
12 231
167 83
194 454
135 199
394 476
394 339
29 178
151 344
265 176
324 199
102 373
169 414
125 262
227 222
354 76
269 146
426 416
151 326
124 270
291 15
297 183
117 293
206 262
404 304
452 279
323 311
41 293
253 500
495 211
203 16
41 117
419 64
365 40
437 108
87 436
283 67
154 111
404 305
233 450
122 334
106 463
31 126
173 21
102 320
120 261
388 74
217 45
35 496
238 17
35 417
496 417
246 115
180 368
244 314
245 5
80 64
194 430
269 86
272 371
346 397
10 175
139 447
180 14
27 222
29 413
154 403
461 166
461 2
216 212
165 68
31 46
31 148
160 161
449 360
217 301
31 393
452 251
363 107
191 3
103 36
369 101
291 57
81 453
29 498
54 345
467 390
351 402
409 28
27 227
180 131
297 330
274 182
265 109
473 465
120 463
172 130
298 182
204 424
139 262
224 343
265 358
145 304
176 109
106 293
291 241
398 13
4 159
461 111
188 36
362 371
206 125
387 170
437 161
410 372
172 488
145 305
176 358
324 135
495 115
154 476
224 445
492 184
369 37
267 474
154 339
112 302
286 76
151 68
102 95
473 342
294 306
281 431
461 403
181 287
398 471
369 142
361 321
487 440
253 416
343 445
470 368
42 390
10 108
188 103
42 467
130 488
354 56
244 155
451 64
405 373
192 218
41 296
294 399
63 385
415 240
181 429
172 97
353 107
349 143
274 318
138 420
169 70
120 293
80 419
470 14
308 481
220 132
298 318
316 119
315 116
461 476
31 211
461 339
381 348
255 51
207 460
366 128
138 325
468 13
101 37
332 230
19 390
113 21
92 456
19 467
323 453
81 484
130 97
102 424
378 48
225 447
225 262
210 474
101 142
447 262
75 83
366 47
468 471
31 115
160 478
437 478
72 497
238 178
437 160
426 182
63 431
180 107
274 8
60 460
442 134
191 110
298 8
350 64
117 296
425 218
106 296
488 97
152 45
72 91
233 277
106 117
233 481
277 481
365 302
385 431
490 17
165 497
203 21
380 171
354 475
22 407
93 168
257 77
10 161
206 321
12 278
205 88
444 40
79 311
362 272
165 91
80 141
194 242
461 154
12 482
286 56
57 241
196 195
452 128
349 261
125 321
493 368
188 311
419 141
175 108
60 207
165 72
54 105
152 301
210 267
27 50
464 373
415 306
197 20
470 131
265 462
179 285
238 413
451 141
120 296
349 463
188 79
31 495
320 95
151 497
144 327
294 198
169 67
415 399
139 321
452 47
191 164
493 14
41 336
102 204
173 190
451 419
253 182
316 406
151 91
388 364
492 62
87 49
324 218
192 228
102 96
238 498
377 24
204 96
224 222
145 404
405 95
11 392
144 136
135 218
487 36
233 308
41 73
381 465
297 90
328 421
265 368
434 329
87 472
283 16
201 500
337 474
366 52
4 166
4 2
381 342
323 484
451 80
265 14
350 141
234 97
340 303
432 129
387 199
405 320
318 8
185 287
349 293
22 382
35 17
138 276
432 189
203 113
326 68
151 72
462 368
246 76
299 421
286 475
176 368
11 260
114 223
109 358
290 314
185 429
394 397
120 117
4 111
265 493
138 317
234 488
299 328
176 462
176 14
462 14
203 190
10 478
138 127
436 49
4 403
159 166
159 2
477 268
106 336
124 289
369 3
464 95
139 125
113 190
225 321
257 74
121 433
12 352
180 353
316 292
172 147
201 416
197 384
156 258
350 419
351 334
405 424
299 348
261 463
354 34
274 33
191 94
269 51
436 472
106 73
35 490
452 52
4 476
4 339
276 317
274 66
415 198
103 311
188 453
298 33
328 348
425 228
298 66
477 457
102 414
217 483
138 367
350 80
159 111
41 9
120 336
276 127
451 116
496 17
464 320
421 348
35 178
205 32
122 71
297 279
464 424
210 407
437 83
159 403
426 8
22 358
239 376
31 76
120 73
69 78
22 109
172 438
349 296
324 228
320 424
226 168
350 116
144 232
265 131
381 473
203 173
363 327
176 493
381 440
180 327
221 288
418 376
117 336
110 164
343 222
290 155
432 157
274 435
153 209
473 440
179 445
377 355
234 130
423 268
444 302
87 65
69 237
99 373
41 374
159 476
353 327
159 339
487 311
135 228
41 489
35 413
418 239
80 116
297 251
206 361
180 363
298 435
180 136
167 329
363 136
388 370
490 178
35 498
365 112
254 1
398 1
388 288
395 348
253 8
365 146
398 254
351 71
112 146
117 73
100 40
353 136
442 24
370 288
423 457
139 361
286 34
246 56
224 227
201 182
388 221
102 70
87 214
377 84
419 116
169 16
299 465
234 147
79 453
210 382
398 303
366 85
175 161
204 414
294 411
153 183
300 119
274 118
477 5
254 303
299 342
395 421
354 386
69 243
160 83
206 40
176 131
442 355
139 40
334 71
82 171
11 98
405 96
464 96
398 340
298 118
38 78
464 405
434 268
276 367
106 9
487 103
274 408
442 84
449 174
496 178
361 40
380 26
380 491
254 340
375 431
27 431
7 240
350 451
224 50
377 443
130 147
38 237
27 375
234 438
309 209
395 328
434 457
298 408
291 287
29 49
196 474
106 374
106 489
39 280
442 443
139 206
139 100
206 100
395 465
377 208
442 208
442 377
350 315
125 40
380 341
26 491
291 429
300 406
31 56
451 315
328 465
461 397
188 484
395 342
29 472
99 95
490 413
309 183
370 221
349 336
69 53
181 129
452 85
442 55
423 5
432 177
122 441
181 189
102 67
250 223
436 65
156 108
69 359
328 342
369 164
59 460
495 76
496 413
138 304
283 21
442 43
1 303
349 73
69 313
255 439
120 9
179 222
120 374
267 407
294 480
120 489
217 344
38 243
377 55
9 374
138 305
210 358
281 195
490 498
337 407
233 230
9 489
381 36
476 339
277 308
496 498
434 5
63 195
210 109
350 45
337 267
496 490
415 411
246 475
421 465
306 399
309 153
346 219
227 50
297 128
225 40
351 441
149 372
300 292
324 425
39 236
487 453
451 45
125 361
99 424
436 214
350 301
18 240
468 303
421 342
130 438
464 414
388 390
180 232
274 357
309 330
63 281
286 386
470 107
377 43
41 273
144 262
201 8
297 47
265 107
87 345
369 110
181 157
265 470
38 53
121 401
468 1
388 467
203 186
451 301
22 368
139 302
156 161
298 357
387 218
38 359
299 440
434 423
126 46
165 168
22 14
204 70
426 318
206 302
38 313
31 475
153 330
493 131
191 78
119 406
468 340
10 83
247 158
82 491
422 379
82 26
395 440
172 25
462 131
245 143
405 414
60 458
191 237
415 480
428 270
87 105
354 28
7 399
398 469
151 168
250 114
7 306
125 100
203 479
167 268
337 382
81 406
462 493
217 68
363 232
369 94
334 441
427 184
82 341
447 321
265 327
29 65
244 170
320 96
81 119
103 453
24 355
191 243
353 232
126 148
156 175
253 318
442 20
179 343
434 477
181 177
315 45
294 46
167 457
464 70
362 433
81 292
101 3
294 148
294 126
394 219
444 146
194 420
11 310
265 136
398 263
125 302
294 393
470 327
434 143
99 96
191 53
156 478
398 271
346 450
29 214
106 273
117 374
102 16
117 489
191 359
366 249
297 52
60 140
194 325
11 402
119 292
477 143
434 245
63 474
169 21
100 302
191 313
99 320
267 382
349 374
380 500
18 399
349 489
381 311
442 384
250 209
225 361
244 199
426 33
18 306
113 173
225 302
426 66
395 299
427 62
361 302
234 25
203 417
257 364
253 33
254 469
180 262
261 293
349 117
470 136
281 474
253 66
294 211
250 183
225 100
171 491
283 190
80 45
423 143
171 26
326 497
370 390
114 209
315 301
252 412
120 273
121 187
107 327
294 115
11 71
477 245
176 327
4 154
175 478
380 416
328 440
176 107
167 5
144 321
318 33
415 46
464 204
318 66
415 148
286 28
179 50
415 126
452 249
210 368
1 340
464 67
405 70
114 183
121 383
316 258
326 91
246 34
415 393
204 67
80 301
349 9
487 79
370 467
395 473
44 356
139 146
11 441
171 341
362 401
210 14
113 186
176 136
7 198
24 84
254 263
274 37
395 36
436 345
423 245
337 358
110 94
253 426
361 100
173 186
461 219
11 334
35 238
250 330
254 271
434 463
366 295
274 142
277 230
394 450
31 34
473 36
299 36
299 473
415 211
215 213
323 406
107 136
323 292
298 37
87 54
80 315
406 292
385 195
363 262
255 282
353 262
387 228
495 56
206 146
217 497
191 38
144 447
337 109
419 45
42 6
185 129
117 9
298 142
415 115
217 91
99 414
11 351
18 198
124 356
185 189
124 44
11 122
35 49
257 288
253 435
196 407
201 33
362 187
201 66
380 182
426 435
309 90
221 390
41 285
436 105
362 383
483 344
308 230
220 314
374 489
492 454
434 293
468 469
35 472
4 397
29 345
75 329
353 363
69 200
238 49
421 440
87 248
217 326
113 479
291 129
437 329
152 344
366 360
346 481
452 295
419 301
180 321
291 189
458 140
114 330
191 200
434 261
307 455
223 209
437 75
266 240
343 50
152 483
225 125
323 119
238 472
272 433
191 69
33 66
169 190
488 147
173 479
179 227
362 121
405 67
29 105
82 500
224 431
487 484
223 183
221 467
297 85
381 453
225 146
461 450
423 477
181 432
468 263
24 443
423 463
477 463
172 412
38 200
250 153
125 146
102 21
468 271
201 318
349 273
452 360
492 430
185 157
267 358
291 157
215 389
291 185
442 197
201 435
437 268
99 70
362 391
247 104
11 13
377 20
27 195
181 372
139 444
170 199
395 311
318 435
253 118
234 412
167 143
92 137
442 275
24 208
82 416
63 407
442 466
294 76
437 457
464 16
126 393
432 372
196 382
394 481
434 296
75 268
427 454
380 8
11 471
22 131
439 282
156 83
426 118
180 447
316 108
188 292
54 248
353 321
176 470
113 417
385 474
106 285
309 279
363 321
197 275
4 219
423 293
267 109
276 304
197 466
35 65
427 430
75 457
418 333
253 408
291 177
188 406
332 209
172 252
121 391
477 293
24 55
299 311
274 3
41 445
272 401
152 68
276 305
462 327
320 414
281 407
415 76
332 183
244 218
265 232
201 118
361 146
203 17
437 5
426 408
442 15
35 214
27 474
223 330
29 436
427 492
309 251
120 285
99 67
185 177
173 417
234 252
63 382
135 425
369 78
19 6
298 3
316 161
377 384
192 184
257 390
220 155
250 90
482 352
117 273
488 438
79 484
31 246
495 475
154 397
369 237
423 261
82 182
328 36
461 481
102 190
266 399
201 408
462 136
100 146
366 174
348 465
265 262
144 40
350 344
257 467
167 245
81 300
294 56
4 450
92 58
31 386
238 65
266 306
388 6
369 243
477 261
246 386
194 317
18 7
493 327
419 315
75 5
332 330
42 499
337 368
167 463
427 242
192 62
434 336
72 168
204 16
145 455
272 187
337 14
29 248
281 382
329 268
22 327
194 127
318 118
196 358
255 460
272 383
27 385
452 174
442 241
369 53
24 43
434 73
188 119
87 132
316 478
203 178
278 352
369 359
496 49
395 453
179 431
130 25
41 222
415 56
180 40
93 465
247 459
238 214
380 66
369 313
234 172
191 64
22 493
364 288
22 136
436 248
380 33
63 358
493 136
201 426
348 342
226 465
245 463
18 411
483 68
351 122
496 472
388 19
381 103
206 444
154 219
106 445
93 342
93 348
7 411
226 342
423 296
29 54
226 348
167 293
35 345
250 279
171 500
405 16
203 413
297 249
60 376
196 109
18 480
114 153
226 93
437 143
310 402
350 68
203 498
294 475
464 21
139 112
63 109
398 229
332 223
329 457
353 447
82 8
210 131
7 480
264 134
81 258
350 483
253 357
318 408
61 494
244 228
197 15
265 321
274 101
194 367
181 149
35 105
451 344
380 435
63 196
250 251
12 322
120 445
477 296
349 285
363 447
397 219
274 164
421 36
123 166
257 221
291 372
31 28
123 2
11 303
4 481
492 242
201 357
232 262
266 198
152 497
272 391
114 90
234 486
473 311
300 258
415 475
309 128
191 141
165 465
176 262
436 54
152 91
101 164
247 312
246 28
281 358
346 230
176 232
172 486
398 347
99 16
165 342
171 416
422 158
151 465
298 164
167 261
283 186
426 357
290 199
299 453
298 101
269 282
151 342
316 175
210 327
27 407
354 409
380 118
165 348
309 47
297 295
159 219
153 90
144 302
320 70
151 348
289 356
294 495
160 268
324 184
18 46
434 489
434 374
18 148
210 136
388 499
154 450
281 109
106 222
380 408
437 463
18 393
442 57
353 40
18 126
167 296
217 168
160 457
180 302
11 340
289 44
394 230
22 462
7 46
192 454
75 143
18 211
159 397
439 460
470 262
7 148
41 50
363 40
9 273
201 253
297 360
124 335
274 94
464 190
350 497
487 292
226 440
369 200
283 479
451 68
18 115
496 65
27 382
385 407
350 91
7 393
437 245
225 444
238 345
120 222
192 430
324 62
380 318
328 311
294 34
7 126
422 104
437 293
63 267
415 495
169 186
191 116
7 211
290 170
332 90
323 258
159 450
351 13
298 94
316 83
29 132
381 484
176 321
185 372
181 410
93 440
354 134
7 115
423 336
398 162
63 368
122 13
123 111
470 232
42 48
496 214
165 440
11 1
349 445
135 184
82 66
415 34
151 440
245 293
69 64
250 128
63 14
461 230
309 52
82 33
114 279
160 329
35 248
428 356
238 105
165 93
38 64
397 450
427 420
380 357
160 5
405 204
19 499
81 108
171 182
423 73
427 325
267 368
206 112
131 327
428 44
250 47
151 93
102 186
332 153
123 403
329 5
181 97
411 480
425 184
169 479
495 34
267 14
208 55
27 358
254 229
113 17
192 242
60 239
437 261
487 406
385 382
42 378
210 493
291 432
283 417
114 251
135 62
82 435
196 368
477 336
234 88
11 469
437 296
144 146
197 241
422 459
87 314
388 48
196 14
102 479
451 483
22 107
272 121
81 161
188 258
180 146
99 204
27 109
434 273
130 412
405 21
332 279
223 90
447 40
470 321
106 50
409 134
75 463
167 336
126 211
269 460
366 449
265 40
99 21
436 132
320 67
265 447
425 62
10 268
307 379
468 229
11 263
428 289
204 21
131 136
375 195
477 73
300 108
11 271
201 37
217 72
375 474
117 285
123 339
254 347
225 112
351 471
154 481
318 357
281 368
451 497
349 222
195 474
353 302
18 76
167 73
123 476
297 174
38 69
82 118
35 54
410 97
388 378
404 455
172 88
332 251
451 91
395 103
10 457
274 110
4 230
281 14
422 312
227 431
201 142
250 52
434 9
169 417
99 405
291 149
286 134
159 481
120 50
122 471
191 45
192 492
253 37
101 94
363 302
226 36
234 32
165 36
82 408
102 417
421 311
87 155
151 36
496 345
380 426
452 449
167 477
191 301
468 347
38 141
483 497
196 267
81 478
354 264
69 141
75 293
180 144
153 279
165 226
310 71
60 333
207 140
350 152
324 454
253 142
350 326
151 226
323 108
346 308
173 17
286 409
483 91
152 326
298 110
7 76
41 343
145 379
300 161
385 358
291 97
113 178
380 37
496 105
324 430
437 336
328 473
395 484
194 304
159 154
41 431
370 6
261 296
232 321
171 8
35 132
102 169
160 143
10 5
380 142
427 317
172 32
291 410
194 305
257 6
309 85
437 73
151 165
18 56
381 79
427 127
156 268
93 36
490 49
203 49
203 490
92 280
426 37
59 140
377 275
22 262
27 368
281 267
41 227
377 466
99 190
257 370
181 147
381 292
369 64
290 218
113 413
274 78
423 489
203 472
75 245
343 431
323 161
27 14
126 115
354 355
294 386
423 374
156 457
138 455
252 486
79 292
215 485
274 237
113 498
224 474
354 84
394 308
254 162
175 83
380 253
153 251
490 472
82 357
385 109
238 248
92 236
415 386
80 344
427 367
405 190
188 108
210 462
181 438
265 302
354 443
223 279
426 142
266 480
354 55
442 287
294 28
464 186
354 208
29 314
365 86
274 243
388 42
176 40
19 48
442 429
192 420
298 78
354 43
135 454
192 325
300 478
415 28
349 50
324 242
353 146
114 128
224 195
210 107
151 311
334 13
298 237
205 373
468 162
165 311
332 128
274 53
274 359
167 489
7 56
366 491
18 475
397 481
310 441
149 97
167 374
266 411
332 114
135 430
139 86
337 327
156 5
75 296
434 285
274 313
328 453
332 47
366 26
250 85
298 243
363 146
114 47
264 355
22 321
226 311
464 479
204 190
323 478
281 196
223 251
188 161
364 390
452 491
350 168
369 141
432 97
75 261
139 365
366 341
298 53
10 329
462 107
337 136
210 262
264 84
461 308
298 359
425 454
452 26
29 155
216 284
487 119
59 207
173 178
38 116
233 209
346 277
160 463
12 240
291 147
82 318
117 445
298 313
233 183
102 283
125 444
477 489
264 443
452 341
179 474
106 431
437 489
203 65
264 55
19 378
477 374
437 374
395 292
437 477
266 46
354 24
428 335
425 430
69 116
266 148
264 208
473 453
201 3
291 438
380 3
398 256
22 232
377 15
81 83
398 319
354 20
255 140
462 262
264 43
266 393
464 417
266 211
381 406
152 168
103 484
432 149
7 475
286 355
380 201
203 214
176 447
266 115
188 478
173 413
393 211
10 143
135 242
27 267
286 84
120 431
151 421
107 262
77 74
496 248
265 146
173 498
286 443
210 321
179 195
35 436
286 55
266 126
160 293
11 229
354 384
332 52
394 277
165 421
286 208
63 327
102 17
80 68
81 175
286 43
290 228
386 28
18 34
106 343
125 112
156 329
263 271
233 330
124 231
419 344
274 200
434 445
245 296
192 317
63 136
82 37
398 193
93 311
187 383
398 163
11 347
369 116
114 52
191 315
35 314
156 143
470 40
192 127
443 55
283 17
171 66
427 304
159 230
487 258
106 227
257 499
82 142
253 3
385 368
427 305
176 302
425 242
223 153
205 95
309 249
375 407
364 467
334 471
12 399
436 314
286 264
54 132
180 100
138 404
4 308
151 453
171 33
385 14
415 294
192 367
298 200
75 336
165 453
169 17
329 143
422 247
461 277
24 20
323 300
423 273
462 321
217 465
185 97
316 268
337 131
451 326
203 345
87 220
217 342
158 104
282 460
255 207
120 343
316 457
210 232
35 155
75 73
167 273
324 492
366 500
395 79
181 488
145 307
224 407
395 406
102 178
12 306
320 16
27 196
324 420
120 227
299 484
79 406
398 133
324 325
437 273
203 105
117 222
286 20
11 162
452 500
110 78
154 230
490 65
151 473
238 132
286 24
380 164
130 486
98 402
434 222
10 463
393 115
221 6
422 166
7 34
422 2
349 431
250 249
171 435
323 83
98 71
366 416
160 296
107 321
102 413
165 473
492 420
434 117
225 206
191 344
102 498
300 83
451 168
492 325
286 384
444 112
156 463
436 155
316 5
452 416
432 410
309 295
110 237
421 453
238 54
205 424
370 499
377 241
226 453
226 421
318 37
402 71
99 186
264 20
255 59
375 382
449 491
247 166
369 69
12 198
98 441
145 104
247 2
1 469
138 379
266 76
257 48
179 407
398 338
145 158
447 302
354 275
387 184
354 466
409 355
291 488
283 178
348 440
426 3
422 111
224 382
307 104
223 128
63 131
144 100
160 245
281 327
332 85
201 164
437 167
188 83
22 40
422 403
60 418
437 423
307 158
10 293
264 24
490 214
409 84
156 293
169 178
27 327
167 423
449 26
217 440
31 134
299 103
309 360
299 292
103 292
419 68
38 45
176 146
217 348
409 55
160 261
493 262
281 136
4 277
366 182
422 339
119 258
404 379
409 443
171 118
156 10
380 94
264 384
99 479
250 295
223 47
422 476
369 45
318 142
411 46
283 413
27 136
225 86
289 335
354 15
191 68
452 182
409 208
38 301
145 459
442 129
283 498
369 301
41 474
82 3
442 189
80 497
169 413
409 43
224 375
206 86
496 132
153 128
110 243
179 382
369 38
477 273
181 25
191 419
297 491
80 91
192 304
432 147
169 498
257 378
387 62
135 420
326 168
464 17
135 325
487 108
449 341
192 305
196 327
247 111
151 328
323 175
69 45
274 64
411 148
171 408
27 281
307 459
297 26
145 312
209 183
343 227
234 373
247 403
124 352
210 40
250 360
24 384
434 50
432 438
69 301
297 341
291 25
316 143
405 186
165 328
196 136
185 149
203 248
324 317
99 417
411 211
18 495
114 85
153 47
255 458
402 441
18 28
354 241
110 53
442 157
224 358
297 449
468 254
470 302
75 489
266 56
307 312
324 127
181 412
61 259
495 28
180 361
256 319
247 339
82 426
160 336
244 184
411 115
75 374
87 199
298 64
493 321
156 296
468 319
468 256
205 96
254 319
254 256
110 359
247 476
300 175
370 48
381 258
135 492
201 94
487 161
437 9
375 358
366 8
496 54
188 175
291 412
349 227
410 147
41 195
185 147
185 410
324 367
398 446
452 8
349 343
274 141
160 73
286 275
286 466
245 261
188 300
233 90
10 296
226 473
351 303
246 134
253 164
18 386
179 358
350 72
437 285
425 420
425 325
191 497
464 178
185 438
191 91
234 95
92 39
405 479
217 36
102 173
316 329
93 453
244 62
442 177
167 9
1 271
149 147
169 283
354 377
110 313
410 438
464 413
117 50
316 463
411 393
63 337
179 375
484 292
468 193
223 52
464 498
468 163
167 285
286 15
298 141
122 303
381 119
254 193
224 109
254 163
29 220
462 232
420 325
315 344
1 263
309 174
427 194
156 261
395 258
234 424
266 475
350 465
487 478
98 310
22 302
149 438
156 245
350 342
329 463
423 9
291 181
423 285
41 407
106 474
439 140
9 285
82 164
179 109
148 211
316 293
11 319
171 357
470 447
11 256
113 49
370 378
428 231
346 183
394 183
346 209
172 373
394 209
135 317
332 249
394 346
250 174
274 116
239 333
409 20
495 386
405 417
375 109
27 131
113 472
156 336
490 345
461 183
388 371
461 209
255 376
204 186
135 127
297 500
7 28
233 279
286 241
267 327
208 43
366 66
148 115
10 261
191 80
120 474
419 497
156 73
452 66
234 96
41 382
210 302
11 193
11 163
419 91
29 199
72 465
415 134
468 133
238 314
366 33
135 367
203 132
63 262
297 416
437 445
452 33
252 88
92 396
380 101
380 78
92 212
12 480
101 78
4 183
10 245
254 133
299 406
72 342
470 146
233 251
298 116
81 268
4 209
409 384
425 492
253 94
380 237
217 311
394 330
139 51
59 458
31 355
397 230
294 134
205 414
346 330
462 40
395 119
426 164
81 457
267 136
322 240
130 88
101 237
269 140
434 431
490 105
350 440
366 435
63 321
461 330
10 336
31 84
31 55
381 108
387 454
452 435
337 262
316 296
380 243
281 131
82 94
324 304
31 443
153 52
149 410
84 55
332 295
160 489
468 338
324 305
31 43
380 53
172 95
7 386
31 208
160 374
380 359
204 479
12 46
145 166
145 2
12 211
11 133
12 115
422 123
130 252
10 73
291 486
12 148
254 338
387 430
425 317
224 368
139 460
41 358
197 57
225 365
106 195
22 447
4 330
75 273
22 146
337 321
264 275
264 466
496 314
380 313
138 104
234 414
179 368
447 146
167 445
224 14
170 218
297 182
366 118
12 393
211 115
245 336
87 218
350 348
452 118
87 170
179 14
238 155
81 5
425 127
185 432
82 253
124 278
102 49
329 293
354 57
275 466
428 352
181 486
145 111
101 243
266 34
11 338
354 197
145 403
395 108
102 472
332 360
461 346
381 161
220 199
265 363
442 372
244 454
366 408
35 199
172 424
35 220
452 408
409 24
145 339
437 222
12 411
7 495
99 17
145 476
425 367
274 45
46 115
12 126
144 361
138 158
260 71
234 205
260 441
120 195
101 53
179 224
274 301
349 474
210 146
244 430
234 70
232 40
106 407
46 211
320 21
492 317
51 460
138 459
41 109
203 54
124 482
101 359
151 292
396 212
380 110
156 489
114 249
423 445
113 65
205 70
316 261
219 450
79 258
286 377
156 374
496 155
215 331
385 327
307 166
11 254
316 336
307 2
395 161
71 441
477 285
210 447
204 417
245 73
264 15
165 292
92 284
487 83
350 36
138 312
130 32
191 483
31 20
362 494
375 368
298 45
452 366
316 73
27 262
152 465
492 127
234 67
411 126
120 407
427 276
316 245
297 8
387 242
298 301
385 136
381 478
375 14
106 382
172 96
152 342
101 313
113 214
380 200
27 321
449 500
25 412
315 68
318 3
334 303
246 355
307 111
191 168
426 94
452 357
42 371
366 357
12 76
307 403
31 384
246 55
135 304
167 222
260 402
246 84
135 305
323 268
223 85
11 468
246 443
119 108
171 37
307 339
81 143
201 78
180 112
99 178
139 282
246 43
102 65
233 128
307 476
173 49
323 457
87 228
244 242
188 268
107 40
246 208
201 237
369 344
151 484
120 382
221 499
415 355
395 478
354 287
29 218
192 194
354 429
415 55
41 368
188 457
59 376
205 67
252 32
11 446
415 84
72 440
488 412
173 472
492 367
41 14
203 314
291 88
415 443
206 365
99 413
233 47
415 43
468 446
217 453
99 498
39 212
415 208
261 336
98 13
451 465
102 214
39 396
437 50
483 168
10 489
201 243
63 493
114 295
171 142
461 394
451 342
449 416
398 270
106 358
29 170
10 374
165 484
332 174
464 283
201 53
294 355
488 25
4 346
294 55
254 446
201 359
404 104
103 406
158 459
294 84
323 5
286 57
160 273
226 328
281 262
264 241
172 414
349 195
294 443
350 311
461 90
394 90
294 43
31 24
423 222
188 5
145 247
281 321
294 208
353 100
322 399
63 40
299 258
196 131
203 155
41 375
12 56
4 90
201 313
169 49
316 489
297 66
22 470
291 32
120 358
221 48
346 90
316 374
117 431
234 16
415 246
349 407
181 88
81 463
110 200
35 218
169 472
114 360
152 440
369 68
464 49
156 273
297 33
277 183
493 40
113 345
425 304
464 472
291 252
477 9
286 197
82 78
405 17
300 268
415 20
425 305
434 227
106 109
172 70
82 237
277 209
283 49
462 302
92 216
452 37
297 435
246 20
300 457
225 460
102 345
409 466
366 37
250 309
81 293
409 275
404 459
63 107
35 170
349 382
283 472
233 52
29 228
415 384
125 86
191 326
82 243
265 100
113 105
119 161
404 158
461 279
180 444
394 279
12 475
452 142
63 232
262 321
82 53
192 276
451 440
4 279
167 50
226 292
82 359
366 142
102 105
261 73
159 308
246 384
80 168
294 20
120 109
181 32
477 445
75 285
172 67
297 118
188 323
369 315
461 251
286 287
145 123
434 343
436 199
286 429
404 312
4 394
346 279
428 278
4 251
82 313
394 251
380 64
98 471
464 169
31 466
31 275
316 10
185 412
337 40
490 248
244 387
381 83
329 296
187 391
294 384
138 166
188 143
138 2
323 143
297 408
215 235
18 134
255 333
102 113
151 406
328 292
300 5
92 30
201 101
27 40
266 28
35 228
346 251
106 368
395 83
320 190
173 65
349 358
449 182
291 130
106 14
107 232
409 15
434 474
206 460
138 111
257 19
138 403
428 482
38 344
185 25
79 108
81 296
201 200
369 497
421 473
277 330
464 65
369 91
9 445
138 339
165 406
415 24
31 15
72 348
152 348
152 72
195 407
93 473
442 97
138 476
316 273
93 421
405 178
169 65
27 337
380 141
274 69
355 55
392 441
210 470
81 329
234 21
253 78
244 325
181 252
322 306
153 85
244 420
193 163
120 368
101 200
253 237
464 173
31 409
363 100
387 325
196 321
120 14
4 461
464 214
437 431
250 491
443 43
387 420
255 239
173 214
10 273
392 71
221 378
350 453
156 160
423 50
405 413
152 36
196 262
294 246
405 498
63 302
309 491
179 327
451 348
297 357
322 198
188 463
151 103
169 214
12 34
432 412
487 175
205 16
274 344
385 267
299 108
250 26
159 183
323 463
253 243
215 441
185 488
27 493
171 3
72 36
82 200
349 109
294 24
343 474
197 287
92 213
179 136
215 71
452 3
159 209
415 466
415 275
283 65
458 376
253 53
451 36
225 51
250 341
365 460
309 26
246 24
197 429
31 241
462 146
452 171
354 129
388 433
253 359
366 3
451 72
354 189
411 76
54 314
201 110
114 174
383 391
215 392
172 16
388 401
188 293
309 341
79 161
4 128
82 101
480 115
119 478
69 344
102 248
27 232
461 128
39 284
147 438
364 6
224 327
323 293
477 222
315 497
380 116
11 270
156 285
366 171
315 91
4 47
409 241
362 259
169 173
415 15
41 327
234 190
81 336
144 112
253 313
394 128
283 214
151 258
461 47
165 103
307 247
298 344
215 402
75 445
27 107
160 285
300 143
299 161
294 466
464 345
281 40
159 330
294 275
310 13
499 48
354 157
337 493
224 136
41 136
81 73
41 224
233 85
394 47
38 68
260 13
172 205
274 68
257 371
260 310
274 38
92 389
432 25
223 249
158 312
298 69
98 303
266 386
113 248
349 368
434 407
318 164
165 258
204 17
464 105
346 128
349 14
246 466
63 146
246 275
351 340
265 353
82 110
337 232
81 261
27 302
225 282
439 207
191 465
235 441
415 241
294 15
480 211
346 47
169 345
434 195
80 483
191 342
442 438
220 218
234 320
442 147
18 55
244 317
188 296
354 177
103 258
290 184
18 355
307 123
226 484
388 391
434 382
4 52
377 57
297 37
308 183
173 345
18 84
235 71
18 43
388 383
493 232
18 443
19 371
7 134
496 238
75 9
244 127
298 68
388 187
323 296
348 36
461 52
152 311
18 208
169 105
419 168
107 302
167 431
392 402
449 8
398 356
246 15
79 478
439 376
451 311
299 478
316 285
452 164
297 142
299 79
269 207
308 209
244 367
337 302
102 490
394 52
180 86
395 381
250 500
387 317
468 270
415 409
173 105
366 164
99 49
217 473
215 13
294 241
227 474
269 376
337 107
99 472
426 78
131 321
274 497
300 463
274 91
436 218
84 43
283 345
380 45
69 68
286 129
156 445
387 127
380 301
286 189
290 62
426 237
250 416
398 44
452 318
245 489
185 486
81 489
215 310
422 450
81 245
434 358
27 146
181 130
309 500
191 440
75 222
492 304
81 374
233 153
493 302
487 268
346 52
207 376
93 292
172 21
387 367
188 329
492 305
437 117
122 340
451 152
217 421
439 458
260 471
487 457
195 382
283 105
223 295
18 20
102 132
366 318
145 450
151 108
106 375
253 200
404 166
404 2
254 270
496 199
201 64
309 416
245 374
426 243
215 471
206 51
54 155
188 336
63 462
298 38
452 94
246 241
82 64
231 352
300 293
238 199
159 277
426 53
286 157
215 260
160 445
274 315
269 458
18 384
291 373
204 178
426 359
139 140
188 73
422 219
298 497
298 91
203 199
170 228
171 164
12 28
232 302
217 292
366 94
323 329
145 219
306 198
38 497
323 336
38 91
165 108
106 327
464 248
299 119
72 311
250 182
404 111
404 403
215 303
145 422
308 330
82 201
477 50
235 402
10 285
487 5
329 336
151 161
204 413
436 220
316 445
434 109
404 339
323 73
204 498
206 282
106 136
203 238
332 491
404 476
131 262
490 132
426 313
377 287
156 9
432 488
421 292
427 455
92 485
369 168
377 429
223 360
4 85
156 222
385 321
286 177
337 146
375 327
354 372
297 3
260 303
226 406
234 186
82 141
318 94
9 222
120 327
188 261
99 65
41 179
309 182
201 141
281 302
423 431
395 175
433 401
247 123
191 36
294 409
138 123
138 247
205 21
332 26
291 95
120 375
154 183
196 40
165 161
461 85
216 30
172 190
120 136
145 481
375 136
332 341
329 73
381 175
497 91
217 93
191 348
154 209
133 338
99 214
265 361
234 479
113 132
192 455
281 232
298 315
434 368
151 478
323 261
203 496
434 14
244 304
385 262
436 228
159 90
394 85
272 494
244 305
422 481
300 296
291 424
169 248
81 273
250 8
398 335
233 249
324 194
316 160
107 146
316 222
188 489
473 292
160 222
437 474
188 374
7 55
324 276
11 356
436 170
234 417
79 119
385 131
171 94
149 412
165 478
69 91
69 497
432 486
7 355
75 50
126 76
316 9
7 43
24 466
493 146
7 84
220 228
7 443
24 275
18 466
18 275
18 24
299 83
310 471
82 116
154 330
291 96
51 282
346 85
226 258
323 489
395 268
451 453
328 484
7 208
480 46
309 8
160 9
487 143
449 66
215 98
269 439
125 460
395 457
323 374
191 311
11 44
350 292
63 447
281 146
188 245
42 401
349 327
181 373
267 321
159 279
392 13
42 433
381 268
277 90
99 345
201 116
353 361
156 50
297 164
289 352
113 490
194 276
387 304
18 15
152 453
173 248
349 136
381 457
310 303
12 386
387 305
464 132
216 213
244 492
144 444
41 321
185 88
442 410
343 407
31 264
290 454
101 110
203 218
350 473
102 314
159 251
31 57
283 248
264 57
10 445
235 13
35 29
27 462
307 450
331 441
437 227
103 108
99 105
41 267
415 57
31 287
281 493
31 429
369 419
233 295
395 5
427 379
250 66
426 200
415 264
286 372
180 460
415 287
415 429
291 414
488 486
290 430
496 218
264 287
264 429
274 168
111 403
452 78
449 33
323 245
179 321
452 237
471 303
332 500
117 474
41 262
153 249
281 107
7 20
411 56
192 379
413 498
79 83
87 184
210 22
442 412
316 50
300 336
18 241
381 5
250 33
452 243
331 71
355 43
38 315
452 53
415 31
102 155
366 78
4 249
332 416
452 359
220 170
181 95
205 190
291 70
449 435
366 237
487 463
101 64
250 435
283 173
250 449
297 94
238 218
300 73
7 384
307 219
4 153
405 49
233 360
370 371
188 273
350 421
171 318
322 115
138 450
405 472
61 456
366 243
191 72
267 262
309 66
452 313
366 53
92 441
110 64
185 32
151 119
366 359
235 392
437 407
57 287
265 112
291 67
57 429
179 262
151 83
27 447
42 391
289 231
92 71
87 62
343 382
30 213
380 344
41 131
232 146
223 174
179 267
119 83
322 211
298 168
160 50
250 118
461 249
235 303
82 45
11 335
181 424
487 293
145 230
392 303
294 287
294 429
203 228
92 331
82 301
366 313
294 57
309 33
277 279
81 285
266 495
253 64
103 161
80 326
415 377
442 149
130 373
437 382
250 408
42 383
323 273
480 148
35 184
138 219
309 435
349 375
354 97
235 471
172 320
169 132
307 481
332 182
215 334
287 429
4 295
290 242
10 222
42 187
165 83
437 343
395 143
29 184
328 406
464 490
410 412
392 471
394 249
92 402
234 17
31 377
156 75
449 118
180 125
253 110
461 153
217 484
277 251
151 79
322 46
102 54
172 186
442 25
468 356
496 228
225 140
224 321
362 456
165 119
351 469
181 96
226 108
309 118
35 62
380 68
322 148
452 200
159 128
266 134
191 453
196 302
138 481
203 170
201 45
4 360
385 40
154 308
322 480
1 229
92 13
201 301
381 143
493 107
300 329
437 195
461 295
297 318
159 47
309 449
29 62
179 131
215 340
434 327
437 358
99 248
351 271
309 408
167 474
207 458
80 465
92 303
24 15
300 261
449 408
246 409
113 314
41 40
291 16
366 200
328 258
80 342
172 479
477 431
369 483
320 186
434 136
250 357
175 268
487 296
101 141
294 264
253 141
217 406
176 100
92 471
203 220
353 112
346 249
253 101
192 427
495 134
387 492
415 197
238 228
144 86
235 310
195 358
1 347
300 489
468 44
234 178
322 393
464 314
106 321
257 401
395 463
405 65
461 360
332 8
153 295
156 431
234 498
175 457
234 413
394 295
300 374
92 392
226 161
394 153
217 258
462 447
329 261
81 445
41 385
92 310
224 262
254 356
7 466
297 171
257 433
7 275
181 414
149 25
283 132
92 235
362 61
422 230
172 417
103 478
365 282
326 465
114 491
75 431
351 263
316 431
354 438
496 170
130 95
350 93
294 377
324 455
316 75
120 321
442 486
227 407
233 174
395 293
380 91
432 88
405 214
380 497
39 213
331 402
326 342
113 155
354 147
59 333
188 285
343 358
329 489
159 52
110 141
464 155
322 76
394 360
381 463
173 132
31 197
165 79
156 477
364 48
309 357
217 328
246 429
87 454
246 287
106 262
179 40
7 15
181 70
464 113
437 109
415 129
196 146
415 189
216 389
114 26
297 78
87 430
135 276
10 9
7 24
392 310
490 314
297 237
117 407
254 44
329 374
346 295
286 97
398 352
369 465
72 453
343 195
122 469
38 168
154 90
10 50
369 342
320 479
226 478
181 67
274 419
114 341
409 429
139 376
4 174
261 489
381 293
409 287
257 391
138 307
350 484
297 243
297 53
153 360
297 359
35 454
487 336
246 57
316 477
120 262
122 271
84 443
9 50
81 222
452 426
130 424
437 368
415 157
291 21
332 66
250 37
437 14
369 326
323 285
171 78
31 129
35 430
487 73
406 258
411 475
334 340
117 227
92 260
31 189
238 170
171 237
7 241
350 258
297 313
350 406
322 126
346 360
39 30
80 440
395 296
294 197
215 469
331 13
253 116
257 383
117 382
215 271
363 361
29 454
452 64
250 142
331 303
243 53
332 33
442 488
206 140
257 187
496 220
12 134
192 104
405 345
227 382
349 321
171 53
432 32
171 243
332 435
324 379
215 122
398 231
99 132
449 357
87 242
461 174
346 153
171 359
41 302
29 430
264 377
415 177
468 335
167 407
215 263
245 273
138 230
294 129
106 224
294 189
261 374
188 445
427 104
272 259
426 64
69 315
160 431
31 157
308 90
13 303
154 279
247 450
217 108
93 484
18 429
366 64
18 287
175 5
405 105
274 483
409 57
122 263
267 131
269 333
169 314
307 230
135 194
369 440
366 426
490 155
35 242
93 258
300 273
266 55
290 325
92 98
332 118
381 296
452 141
291 190
192 459
106 131
274 465
154 251
171 313
309 37
300 245
1 162
320 417
106 267
274 342
167 382
266 43
130 96
484 258
226 103
290 420
423 474
106 40
297 200
144 460
294 157
286 438
101 116
93 406
266 355
332 408
394 174
277 128
224 131
267 40
266 443
266 84
11 352
427 459
322 56
192 312
92 340
349 262
181 16
41 146
224 40
39 389
18 57
442 88
286 147
217 161
451 292
197 129
366 141
81 50
266 208
483 465
31 177
215 351
167 227
309 142
29 242
439 333
316 156
131 40
395 336
277 47
224 267
464 54
204 49
298 419
197 189
159 85
196 232
92 334
323 445
149 486
169 155
483 342
180 282
204 472
4 233
117 358
487 489
385 302
69 168
120 40
427 312
452 110
19 401
395 73
254 335
120 131
188 222
398 289
328 108
487 374
18 409
294 177
172 17
82 344
363 112
274 326
426 141
318 78
402 303
350 108
369 80
331 471
298 465
12 495
120 267
250 3
487 261
81 9
318 237
298 342
452 116
114 500
274 440
139 458
75 477
167 358
350 328
434 375
348 311
191 152
442 32
179 302
135 455
19 433
217 478
11 231
332 357
102 199
298 483
346 174
192 158
315 168
264 129
308 279
266 20
369 36
114 416
366 110
381 336
264 189
326 440
380 168
419 465
365 51
380 315
415 372
318 53
191 292
120 224
484 406
364 499
350 161
283 314
366 116
434 321
452 101
318 243
419 342
299 268
337 447
139 207
92 469
92 271
343 109
265 444
205 186
381 73
203 436
80 36
234 49
318 359
130 414
299 457
238 220
234 472
266 384
152 292
24 241
226 83
322 475
169 490
113 54
171 200
151 268
117 195
323 222
215 229
98 340
92 263
308 251
12 55
215 347
151 457
354 412
82 68
111 339
427 158
328 161
385 146
172 178
110 116
167 195
396 284
404 123
253 45
487 329
12 43
253 301
375 321
172 498
349 40
172 413
265 86
298 440
87 325
247 219
35 325
41 232
12 355
227 358
395 489
19 391
35 87
179 146
12 443
197 157
469 271
12 84
377 129
99 173
380 69
188 50
35 420
87 420
290 317
350 478
277 52
395 374
364 378
309 3
12 208
92 122
377 189
393 76
167 117
298 326
135 379
264 157
181 21
130 70
274 36
180 51
283 155
99 314
366 101
299 5
10 431
194 455
151 5
269 59
404 450
405 248
173 314
318 313
434 262
165 268
114 182
297 64
205 479
151 299
215 162
4 223
488 88
255 418
165 457
437 327
264 197
290 127
316 474
154 128
103 83
138 422
106 302
349 131
452 45
247 481
291 186
452 301
290 367
250 164
485 441
281 447
395 261
180 365
167 109
487 273
332 449
246 129
11 289
437 136
402 13
256 163
495 55
234 204
234 65
154 47
480 76
204 65
246 189
343 368
369 311
201 344
92 351
130 67
31 372
156 474
343 14
294 372
423 407
332 37
117 109
426 116
29 325
185 252
93 108
12 20
18 129
153 174
92 229
192 166
179 385
19 383
92 347
18 189
192 2
397 183
449 37
265 460
99 155
300 285
291 479
39 216
495 43
29 420
30 389
81 431
234 214
369 348
82 91
120 302
297 141
294 31
381 489
82 497
444 86
165 5
366 45
366 301
274 80
328 478
167 368
12 384
421 258
167 14
246 377
19 187
381 374
41 196
332 142
192 403
323 50
483 440
192 339
298 36
192 111
212 284
106 146
123 450
125 282
204 214
410 25
205 417
423 382
192 476
188 9
18 377
173 155
351 229
322 411
349 267
264 177
495 355
291 417
92 162
398 278
246 157
351 347
485 71
151 175
291 205
18 157
495 443
250 94
419 440
181 190
442 432
35 317
117 368
269 239
495 84
274 311
428 124
185 373
117 14
18 246
167 343
159 249
452 253
217 83
397 209
377 157
102 218
427 166
224 302
427 2
324 104
45 301
480 393
425 276
215 1
35 127
354 25
87 317
434 40
495 208
35 367
256 193
404 219
120 146
234 345
151 143
395 329
299 175
487 245
354 410
80 311
381 261
93 161
266 466
274 348
362 137
449 142
39 441
395 273
266 275
464 199
7 429
398 482
33 435
201 68
194 379
404 481
7 287
114 8
154 52
375 262
309 164
427 403
234 105
427 339
87 127
225 376
197 177
145 183
354 486
427 111
286 412
361 112
87 367
203 184
18 177
426 110
260 340
18 197
427 476
329 273
297 116
216 441
299 143
419 483
243 359
246 177
324 459
256 338
145 209
39 71
101 301
350 83
4 491
101 45
316 407
92 1
229 347
397 330
252 373
266 15
246 197
349 302
322 34
485 303
425 455
410 486
193 338
29 317
423 358
415 97
59 239
298 311
444 460
165 175
203 62
11 278
180 140
75 474
165 143
221 371
370 401
324 312
224 146
145 330
216 71
175 143
316 382
159 295
80 348
188 431
81 10
39 303
204 345
185 95
29 127
41 107
217 103
29 367
380 38
145 397
4 26
151 463
18 264
331 310
156 407
122 347
351 162
300 445
318 200
122 229
117 343
332 3
362 58
488 32
434 131
499 378
309 94
102 228
4 341
409 129
291 320
169 54
439 239
11 482
297 110
126 56
468 352
409 189
366 253
323 9
163 338
12 466
298 348
39 485
93 478
349 146
12 275
381 273
216 303
204 105
139 333
191 451
405 132
92 215
495 20
436 184
425 379
353 86
159 360
79 268
266 241
156 382
191 473
428 240
377 177
477 474
151 293
395 245
353 460
451 473
130 16
79 457
233 223
290 304
185 424
487 285
298 80
370 433
290 305
299 463
421 406
7 57
41 493
316 358
201 91
179 232
12 15
297 426
114 66
86 460
461 223
39 13
276 455
201 497
233 491
461 491
124 240
35 304
326 36
171 64
223 491
381 329
35 305
404 247
99 283
191 258
461 233
165 463
291 17
297 301
297 45
308 128
234 248
267 302
92 319
495 384
439 59
451 258
403 339
219 481
113 199
426 301
39 402
426 45
370 391
92 338
380 465
388 121
415 438
369 453
92 163
380 342
350 103
92 193
436 62
308 47
149 88
485 13
409 157
18 372
354 88
92 256
299 293
235 340
215 319
354 149
35 290
434 302
323 431
160 474
277 85
411 34
294 97
461 26
114 435
266 24
156 358
106 385
165 293
419 36
216 13
324 158
185 96
87 304
114 33
415 147
215 338
12 241
87 305
233 26
434 267
25 486
274 453
300 222
461 341
122 162
365 140
215 163
334 271
39 471
353 444
215 193
79 5
349 224
395 285
464 218
286 486
473 258
286 25
92 133
151 296
250 78
30 441
250 237
233 341
216 485
215 256
172 49
375 40
223 26
172 472
291 178
291 498
254 352
106 232
423 227
297 101
203 454
250 53
291 413
423 195
31 97
394 491
4 500
250 359
171 141
484 108
434 146
250 243
99 490
332 164
246 264
27 63
423 109
82 168
227 195
334 469
216 402
496 184
354 32
114 118
181 186
223 341
276 379
38 465
452 344
4 416
203 430
148 76
227 109
191 406
98 271
38 342
165 299
135 104
71 303
29 304
485 402
380 440
29 305
483 36
385 232
154 85
246 372
316 195
316 109
195 109
250 313
316 227
437 321
215 133
442 373
264 372
423 368
370 383
423 14
138 183
114 408
487 445
98 469
30 303
419 326
178 498
12 24
468 231
267 146
320 17
421 108
30 71
381 245
394 26
252 95
316 368
409 177
216 471
286 410
316 14
210 100
226 119
181 479
428 399
328 83
120 232
185 414
165 296
110 301
75 407
127 367
191 108
394 341
281 337
496 62
354 488
159 174
388 494
110 45
370 187
451 406
299 296
283 490
138 209
366 344
298 453
191 421
449 3
135 459
389 441
145 90
316 423
234 132
324 166
294 438
324 2
191 484
332 94
425 194
167 327
452 68
7 129
4 182
355 443
404 230
203 242
7 189
227 368
120 385
138 330
181 417
169 199
485 471
227 14
185 70
99 54
464 228
151 336
172 65
75 382
81 474
123 481
102 170
334 263
167 136
324 339
381 285
156 109
135 312
324 403
149 32
191 161
196 107
124 399
308 52
152 258
294 147
324 111
395 445
250 200
98 263
324 476
451 108
151 73
442 95
145 279
156 195
185 67
421 484
389 303
461 500
319 338
346 491
363 460
156 368
307 422
145 251
156 14
206 376
380 36
172 214
300 50
41 447
98 334
281 462
225 458
309 78
461 416
309 237
31 438
7 157
175 463
176 112
272 456
92 446
366 68
156 227
309 53
487 222
274 369
442 252
205 17
362 280
171 116
309 359
204 248
437 262
123 219
114 357
309 243
421 161
139 239
9 431
286 88
38 440
442 424
389 71
191 478
130 21
238 184
233 500
477 407
46 76
260 271
394 223
451 484
283 54
31 147
125 51
405 314
451 161
195 368
39 310
428 198
165 336
346 26
252 424
160 407
484 161
452 91
195 14
4 8
419 311
337 462
233 416
93 83
125 140
452 497
309 313
380 483
30 13
87 290
436 454
346 341
451 421
79 143
165 73
253 344
7 177
217 119
51 140
260 469
75 358
172 345
10 474
362 236
226 268
395 222
226 457
442 96
299 336
254 231
477 382
461 182
394 500
160 382
349 232
286 32
18 97
436 430
80 453
380 326
172 105
113 218
72 292
350 119
22 100
247 230
99 199
154 277
238 62
121 494
299 73
394 416
307 183
131 302
380 311
151 489
160 477
437 40
69 465
188 474
223 500
152 473
392 340
405 155
82 315
366 91
69 342
1 338
451 478
432 373
288 390
381 445
117 327
151 374
366 497
124 198
415 412
441 303
363 86
422 183
245 285
320 498
260 263
223 416
235 271
217 268
145 128
455 379
217 457
320 178
81 407
326 311
322 28
215 446
307 209
234 314
309 200
145 47
350 268
203 325
320 413
226 5
350 457
117 136
495 466
496 454
4 66
175 293
27 470
380 419
426 101
225 207
297 344
316 343
1 319
495 275
233 182
428 306
442 414
250 318
135 158
61 137
185 16
244 379
30 402
286 149
192 450
487 50
244 455
201 168
203 420
235 469
421 478
213 303
490 54
81 382
176 361
138 397
307 330
496 430
205 498
98 347
144 282
30 471
422 209
291 49
106 179
291 472
205 178
283 199
433 391
213 441
442 70
205 413
160 358
425 104
197 372
4 435
406 108
394 182
234 155
165 489
188 10
253 68
250 64
461 8
152 108
217 5
483 311
152 406
442 67
350 5
252 96
4 33
1 163
98 229
39 331
436 242
181 17
114 37
138 90
18 438
477 358
395 50
165 374
216 310
130 190
274 292
380 348
422 330
145 52
266 429
389 13
139 59
434 224
1 193
191 83
334 347
235 263
266 287
12 429
106 107
79 463
350 217
332 78
332 237
4 118
38 36
12 287
316 327
495 15
381 222
297 68
346 500
434 232
377 372
332 53
119 268
169 218
39 340
332 359
179 107
286 488
119 457
154 249
369 292
18 147
332 243
63 470
81 358
316 136
138 279
224 232
29 290
425 459
250 141
346 416
4 408
135 166
428 115
135 2
171 301
334 229
318 64
113 228
138 251
299 489
449 164
409 372
397 90
171 45
124 306
11 398
92 270
323 474
223 182
192 481
432 95
98 162
114 142
12 266
152 161
131 146
151 261
496 242
7 372
291 65
172 248
246 97
260 347
332 313
351 338
135 339
331 340
69 440
151 273
299 374
1 256
473 108
205 320
135 403
75 109
188 407
297 253
203 317
484 478
464 170
402 471
425 312
135 111
135 476
410 88
277 249
375 302
294 412
233 8
181 498
7 409
213 71
192 219
75 368
75 14
79 293
274 72
181 178
428 211
156 423
181 413
291 214
461 66
349 385
81 477
7 377
203 367
490 199
260 229
39 392
300 431
203 127
427 450
120 107
394 8
188 382
419 348
196 493
111 476
126 475
204 132
194 104
10 407
226 143
298 292
7 197
261 273
82 465
409 377
235 347
415 486
334 162
82 342
350 143
297 91
354 373
442 16
297 497
351 319
396 303
217 143
437 302
4 357
467 6
234 405
99 218
346 182
432 424
461 435
452 168
225 333
350 226
250 116
473 406
1 133
235 229
61 58
343 327
106 493
329 285
159 153
156 327
238 454
124 115
397 279
156 343
260 162
291 345
451 83
388 259
152 478
10 382
461 33
332 200
212 303
180 376
192 123
495 241
253 91
351 163
423 327
106 196
289 278
75 195
375 146
380 453
291 105
409 197
428 76
156 136
165 273
389 471
154 295
397 251
253 497
381 50
185 21
351 193
437 146
468 278
238 430
119 5
165 261
145 308
480 56
145 85
468 289
188 358
461 118
316 117
173 54
308 85
318 141
39 271
309 64
169 228
415 25
437 375
235 162
369 72
122 338
423 343
389 402
423 136
173 199
343 136
396 441
138 128
160 109
181 320
176 460
152 484
265 282
81 109
54 199
31 412
138 47
428 46
124 211
39 469
160 368
160 14
81 368
81 14
461 408
194 459
244 276
81 160
394 233
354 95
216 340
394 66
350 463
233 66
191 93
252 414
82 440
473 161
366 168
264 97
35 492
38 311
437 131
428 148
427 481
179 493
212 441
77 390
139 439
217 226
432 96
39 263
154 360
449 94
246 438
223 8
487 431
217 463
351 256
226 463
181 205
309 141
120 493
102 220
79 175
468 482
11 240
323 407
260 334
354 424
167 321
395 431
350 293
284 303
39 347
12 57
114 3
172 132
300 9
394 435
10 358
213 13
277 295
138 52
427 219
41 462
346 8
79 296
233 435
194 312
144 140
178 413
299 273
477 109
39 229
4 37
398 240
351 133
99 228
428 393
203 304
477 368
323 382
394 33
203 305
477 14
81 195
122 319
102 184
124 76
396 71
217 293
246 147
252 70
436 325
283 218
375 131
175 296
233 33
238 242
309 318
39 162
250 301
298 72
226 293
410 32
69 36
120 179
354 96
106 447
362 303
307 90
250 45
394 118
122 163
415 88
192 230
120 196
426 344
266 57
363 444
294 486
461 357
215 270
299 261
428 56
179 196
160 195
151 285
406 161
442 21
434 385
185 190
212 71
483 326
349 107
122 193
233 118
496 325
191 328
252 67
291 248
436 420
235 334
220 184
392 271
4 142
362 284
377 197
394 408
102 62
12 129
428 480
12 189
124 46
109 368
362 441
425 158
18 412
188 368
188 109
188 14
496 420
277 360
103 268
109 14
307 279
103 457
82 36
77 288
233 408
159 491
346 223
309 116
350 296
307 251
432 414
124 148
323 358
415 32
284 441
11 399
354 414
75 227
354 432
387 379
171 110
485 310
120 447
362 71
286 373
350 175
346 66
92 356
12 157
354 70
266 129
216 331
244 104
392 469
266 189
151 329
415 410
223 66
361 460
122 256
354 67
217 296
332 64
428 475
432 70
473 478
396 13
179 447
216 271
39 334
294 25
425 166
7 97
425 2
274 258
254 278
221 401
427 123
206 458
421 83
398 399
331 271
432 67
41 337
165 285
122 133
362 212
145 249
422 90
82 69
265 140
442 190
289 482
362 13
159 26
487 9
425 339
81 227
124 393
434 107
395 9
297 168
226 296
354 252
346 435
212 13
264 438
216 469
425 403
324 450
263 347
394 357
39 235
138 85
39 260
152 83
318 116
188 477
316 321
425 476
159 341
362 396
188 195
213 471
425 111
124 56
101 344
217 175
235 260
477 195
419 453
78 237
151 245
244 459
12 177
220 62
11 198
266 157
428 126
368 14
392 347
332 141
395 487
381 431
31 486
30 310
346 33
392 263
461 37
216 347
151 445
387 455
426 68
223 435
103 5
283 228
286 95
216 263
114 164
92 44
380 80
350 79
234 199
196 447
49 472
216 392
233 357
167 262
331 469
4 3
291 132
422 279
346 118
350 336
82 311
284 71
362 471
154 174
349 493
152 421
244 312
79 336
422 251
483 348
216 229
254 482
98 338
436 317
496 317
191 268
191 457
350 73
362 213
223 33
216 162
39 338
130 186
10 14
10 368
245 445
204 314
87 492
496 436
427 230
181 472
181 49
331 347
392 229
362 402
306 115
294 88
172 314
39 98
124 480
10 109
172 204
81 75
145 295
398 198
286 424
369 258
346 408
397 128
496 367
461 142
436 367
392 162
79 73
264 147
254 289
69 311
226 175
173 490
221 391
223 118
309 301
266 177
354 16
315 465
397 47
496 127
331 263
213 402
436 127
119 143
309 45
167 40
235 338
217 336
298 258
396 471
102 454
7 438
380 292
315 342
38 326
38 348
307 128
323 14
260 338
323 368
326 348
153 491
29 492
201 465
191 5
145 360
11 115
124 475
307 47
323 109
201 342
324 481
331 229
165 329
217 73
11 306
81 327
437 267
286 96
92 335
331 162
102 430
160 227
201 315
250 110
18 486
464 184
172 155
173 218
234 54
332 116
432 252
223 408
349 447
274 108
151 222
294 32
176 86
165 445
212 471
393 56
75 327
81 136
39 319
490 218
452 465
238 325
307 397
130 479
452 342
299 285
434 493
39 163
114 94
78 53
469 347
192 247
11 211
39 193
149 488
7 147
204 155
38 483
485 340
165 245
452 315
31 25
394 37
75 136
30 340
226 336
221 433
80 292
428 34
276 104
268 457
30 485
334 338
284 13
256 133
396 402
329 445
238 420
138 308
237 53
191 103
217 79
398 115
464 62
225 239
159 500
324 219
274 161
11 76
350 489
181 65
362 389
346 357
226 73
409 97
229 162
286 414
117 321
188 227
263 162
156 321
263 229
156 117
316 262
144 51
4 164
307 52
39 133
159 416
39 256
398 306
130 417
434 447
41 281
124 126
350 374
98 319
286 70
349 196
405 199
98 163
102 242
212 402
12 372
286 67
452 201
113 170
181 214
432 16
332 318
394 142
233 37
426 91
398 211
101 68
98 193
385 107
316 40
452 440
235 319
366 465
272 137
201 440
210 112
77 6
366 342
191 143
235 163
160 327
291 314
328 457
11 46
328 268
253 168
138 249
426 497
274 406
397 52
461 3
234 218
165 222
274 478
323 10
277 174
300 474
235 193
31 88
354 21
188 327
11 148
18 25
294 410
217 489
323 195
260 319
185 186
10 195
415 488
153 26
369 108
160 136
398 76
298 108
260 163
42 494
216 338
246 412
362 310
257 494
188 136
205 472
82 348
205 49
495 24
145 174
415 149
151 50
139 269
171 344
4 94
250 344
217 374
422 128
252 16
260 193
304 305
181 345
298 369
250 171
7 264
11 56
223 357
291 155
61 280
93 457
395 474
422 47
93 268
175 336
276 459
153 341
332 301
442 186
257 42
404 183
480 475
188 160
233 142
406 478
11 393
181 105
332 45
159 182
145 277
362 340
366 315
434 196
79 489
123 230
469 162
206 207
496 305
496 304
98 133
103 143
191 119
381 9
464 220
38 453
180 458
298 161
194 158
487 474
18 88
57 129
82 326
185 479
369 161
235 133
206 333
138 295
191 463
31 32
221 383
366 440
351 1
98 256
398 46
299 445
173 228
266 372
234 490
284 471
194 166
238 317
210 460
235 256
442 479
194 2
57 189
308 249
328 5
79 374
11 475
169 170
124 34
398 148
396 213
215 356
119 463
271 347
11 480
244 158
286 16
27 100
451 457
175 73
436 305
436 304
451 268
354 190
351 446
452 36
226 489
404 209
244 166
346 37
238 367
469 229
423 321
260 133
244 2
207 333
1 446
362 485
350 273
234 228
138 360
185 417
82 483
194 339
411 28
250 68
191 293
276 312
272 58
442 417
235 98
99 170
265 51
30 347
404 330
398 56
244 339
388 456
238 127
319 163
334 163
30 271
334 319
260 256
93 5
194 403
18 32
236 303
318 301
298 478
226 374
135 450
244 403
216 163
216 319
362 347
422 52
286 252
315 440
82 453
221 187
227 327
437 232
194 476
362 271
244 476
244 194
216 334
394 3
464 454
324 230
216 193
165 50
39 122
362 30
81 343
398 393
61 303
244 111
353 282
369 478
334 193
362 162
377 97
490 228
298 406
194 111
484 83
234 173
442 185
30 162
392 338
318 45
274 473
409 438
201 36
331 338
362 229
461 164
362 469
72 258
158 166
78 359
306 211
307 85
449 53
464 430
291 204
451 5
125 365
415 373
171 68
30 229
369 406
61 236
11 126
449 237
35 379
346 142
449 359
449 78
362 263
156 262
324 123
477 327
485 347
483 453
167 302
331 392
30 469
102 325
159 8
299 329
158 2
297 465
395 300
297 342
398 475
216 133
227 136
156 40
485 271
274 83
299 245
39 446
167 146
449 243
217 273
366 36
477 136
250 101
485 162
216 256
102 420
119 293
398 480
280 303
191 296
30 263
284 402
493 447
274 484
299 222
477 227
364 371
197 97
452 311
350 261
250 91
323 327
215 44
205 65
395 407
11 34
485 229
250 497
387 104
288 6
233 3
220 454
362 338
212 213
181 248
271 162
334 133
300 407
316 302
405 54
415 95
121 259
245 222
323 136
461 94
82 38
101 91
237 359
395 382
290 492
451 93
7 412
464 242
309 110
409 147
135 481
380 258
226 79
286 432
223 37
103 463
39 1
316 146
122 446
329 222
300 382
286 21
138 174
485 469
449 313
101 497
323 227
320 472
432 21
297 440
188 75
92 352
12 97
114 53
487 407
112 460
99 169
320 49
353 140
334 256
405 218
473 83
114 359
114 237
428 28
61 441
114 78
415 424
326 453
381 474
35 455
220 430
205 214
362 392
398 126
224 107
159 66
69 348
151 431
362 331
389 310
309 344
451 328
10 327
180 333
389 340
387 459
158 339
39 351
487 382
117 262
114 243
308 295
310 340
12 197
246 486
485 263
362 163
394 164
201 311
4 53
362 319
81 321
4 359
362 193
30 338
117 40
4 237
427 247
4 78
323 477
31 410
10 136
366 311
191 336
451 143
415 96
329 245
294 488
22 460
380 72
102 317
395 358
298 83
4 243
192 183
171 91
216 260
215 335
272 303
159 435
226 273
297 315
54 218
18 410
331 163
328 143
191 73
102 367
322 386
63 100
306 76
362 133
387 312
350 285
398 34
346 3
114 313
217 261
331 319
61 71
103 293
188 343
223 142
180 207
171 497
93 143
366 201
331 193
495 429
135 219
22 112
102 127
428 411
362 256
12 377
392 163
434 349
238 305
298 473
238 304
79 273
354 186
4 313
153 500
300 358
286 190
392 319
236 441
130 17
442 17
442 130
369 83
159 33
392 193
70 67
159 118
110 344
264 412
495 287
271 229
192 209
153 416
397 85
205 345
299 50
434 179
216 98
362 334
415 414
294 149
308 360
12 438
309 68
61 13
487 358
192 330
125 376
158 403
422 85
485 338
297 36
294 373
57 157
18 31
298 484
415 67
415 70
349 179
394 94
354 479
205 105
159 408
380 108
422 397
149 373
165 431
158 476
331 133
181 132
75 343
449 200
11 124
385 447
10 227
191 175
4 114
185 17
423 262
145 154
233 164
423 40
354 417
377 438
4 200
451 463
369 473
69 453
114 200
188 321
442 498
87 379
29 379
322 134
262 40
392 133
29 87
266 97
12 147
389 347
405 228
4 449
172 199
442 413
191 489
432 190
148 56
365 376
307 249
380 161
468 240
442 178
217 285
396 340
331 256
389 162
464 325
114 449
369 484
113 184
11 28
61 471
280 441
191 374
119 296
272 441
93 328
332 344
30 163
362 260
272 280
294 95
152 457
452 348
152 268
106 462
350 445
130 498
451 293
216 235
216 446
235 446
236 71
30 319
220 242
30 193
381 407
362 98
89 150
291 199
316 167
156 302
171 101
263 338
7 486
99 184
210 361
464 420
138 277
395 14
158 111
395 368
309 91
124 28
392 256
130 413
212 340
75 321
82 419
58 303
156 146
93 463
297 311
362 446
328 463
381 382
309 497
315 36
185 498
389 229
380 478
130 178
77 467
159 357
404 90
396 310
415 16
332 110
175 489
294 424
39 270
346 164
82 292
250 426
252 21
169 184
72 108
362 235
185 413
272 71
250 168
395 109
30 133
233 94
102 305
102 304
452 453
197 438
419 292
33 118
426 168
185 178
113 62
35 104
389 271
135 230
461 53
469 338
274 421
226 261
81 40
362 216
98 446
145 491
461 359
236 13
320 65
283 170
404 279
396 347
152 5
461 237
404 251
81 262
461 78
257 259
99 62
103 296
61 402
25 88
425 450
307 295
272 13
294 96
396 162
246 88
246 25
332 68
11 411
260 446
487 300
319 193
461 243
153 182
272 236
488 373
266 438
343 321
487 14
212 310
300 14
93 293
487 368
300 368
224 447
223 3
30 256
160 321
212 347
350 222
35 459
328 293
160 343
385 493
377 147
389 338
212 162
169 62
310 347
280 71
485 163
92 231
175 374
316 131
213 340
381 358
380 406
461 313
307 360
266 197
451 296
69 326
366 348
396 229
29 455
120 462
137 303
485 193
464 317
99 113
191 273
154 491
485 319
185 130
398 28
427 183
18 373
310 162
468 399
217 445
346 94
87 455
487 109
35 312
145 26
176 444
234 170
464 367
300 109
42 259
389 469
294 414
149 95
145 341
320 214
387 276
452 326
18 488
272 471
362 122
294 67
286 186
167 131
294 70
72 161
212 229
452 69
181 314
464 127
393 475
246 32
396 271
226 285
354 17
396 338
266 147
280 13
366 453
362 1
271 338
110 68
31 373
188 40
473 484
390 6
485 133
389 263
77 48
451 103
79 261
4 64
46 56
427 209
461 200
332 91
213 347
188 262
192 90
415 21
212 338
80 258
329 50
427 330
286 479
159 37
213 162
38 292
12 409
332 497
291 172
291 218
144 376
212 271
274 457
172 218
323 321
274 268
386 134
18 95
350 245
181 155
425 481
236 471
192 279
265 376
192 251
31 488
309 101
387 166
253 465
286 417
387 2
266 377
380 83
354 498
201 348
253 342
254 240
225 59
299 431
124 411
451 119
7 88
350 50
452 483
394 53
387 339
396 469
272 402
4 141
388 303
394 359
468 198
351 270
354 413
362 270
362 351
197 147
394 237
210 86
282 140
154 26
394 78
234 283
350 329
354 178
205 248
217 222
18 149
387 403
27 460
485 256
387 476
363 140
152 143
18 424
7 25
363 282
437 107
274 5
30 392
310 229
394 243
154 341
149 424
396 263
203 492
265 144
93 296
135 123
12 412
387 111
422 249
451 336
415 252
468 115
114 64
320 345
213 229
31 95
159 142
404 128
201 453
404 47
276 166
212 469
264 486
126 34
145 500
151 9
213 310
213 338
310 338
276 2
294 16
151 474
145 416
54 228
138 491
322 55
395 195
308 174
451 73
467 48
245 50
9 474
415 190
398 411
18 96
323 343
79 285
394 313
328 296
276 339
320 105
224 493
99 454
216 122
7 32
117 302
381 14
212 263
284 340
434 462
381 368
72 478
117 146
387 158
229 338
322 43
57 177
191 261
291 228
119 336
307 174
366 326
409 412
291 54
31 424
298 421
334 446
280 471
99 430
355 84
206 239
284 347
284 162
276 403
216 1
276 476
61 340
114 141
297 348
103 336
468 211
204 199
389 163
172 228
468 76
113 454
252 190
153 8
61 347
61 162
223 164
307 308
75 40
279 251
4 116
464 305
464 304
388 137
347 162
58 441
290 379
171 168
389 193
191 285
81 423
442 472
404 52
18 414
81 302
298 457
381 109
18 67
81 146
297 453
61 284
423 302
442 49
324 247
423 146
119 73
226 445
172 54
276 111
425 219
389 319
213 271
309 168
298 268
138 26
192 128
216 270
18 70
149 96
192 47
437 447
234 184
31 96
396 163
331 446
103 73
113 430
31 149
395 327
394 200
145 182
61 338
169 454
253 440
138 341
398 124
284 338
29 104
302 146
488 95
396 193
309 171
61 229
152 463
75 262
395 136
274 143
396 319
30 446
340 162
35 166
217 50
452 292
389 133
1 270
87 104
35 2
11 428
180 239
212 163
169 430
422 295
244 450
254 399
421 457
35 339
284 229
315 311
340 347
122 270
103 119
388 441
298 5
160 40
257 121
421 268
212 193
233 53
322 443
35 403
35 476
349 462
234 62
191 79
236 402
396 133
233 359
366 69
324 183
212 319
487 195
192 52
366 483
380 484
61 310
165 474
477 321
211 76
99 242
215 352
35 111
29 459
10 321
233 237
69 483
283 184
233 78
272 162
61 271
451 489
217 245
272 347
449 64
272 340
122 1
152 293
81 117
31 414
31 67
322 84
322 355
414 67
397 249
392 446
159 3
233 243
468 306
87 459
212 133
272 338
27 112
422 360
322 208
31 70
10 477
461 64
294 21
286 17
