7732 7800
7732 8984
7732 4898
7732 1229
7732 9127
7732 7936
7732 1943
7732 4821
7732 5397
7732 8757
7732 5093
7732 4450
7732 4074
7732 255
7732 576
7732 4730
7732 9897
7732 6001
7732 8419
7732 885
7732 6634
7732 2795
7732 4208
7732 350
7732 6558
7732 4295
7732 1115
7732 1190
7732 1623
7732 2390
7732 7490
7732 9476
7732 1642
7732 5813
7732 2156
7732 177
7732 5156
7732 3195
7732 40
7732 3424
7732 280
7732 8720
7732 6149
7732 5434
7732 6244
7732 6276
7732 2016
7732 6513
7732 8882
7732 5098
7732 5480
7732 4918
7732 4659
7732 8920
7732 2567
7732 7812
7732 8043
7732 878
7732 7265
7732 9787
7732 6106
7732 9959
7732 3708
7732 2600
7732 41
7732 2526
7732 9483
7732 6222
7732 750
7732 3837
7732 8856
7732 8476
7732 6048
7732 9673
7732 7017
7732 7395
7732 546
7732 6846
7732 9073
7732 5143
7732 7630
7732 3537
7732 2983
7732 8812
7732 1539
7732 8644
7732 3426
7732 490
7732 1045
7732 5502
7732 7304
7732 3284
7732 7941
7732 687
7732 3100
7732 2032
7732 208
7732 8839
7732 5216
7732 1747
7732 1720
7732 1881
7732 5823
7732 5924
7732 8398
7732 1918
7732 7949
7732 5868
7732 6090
7732 7598
7732 1458
7732 9382
7732 6393
7732 6041
7732 1466
7732 7917
7732 8657
7732 7463
7732 7269
7732 4944
7732 2059
7732 1040
7732 3156
7732 8488
7732 5440
7732 23
7732 4073
7732 4645
7732 4035
7732 1876
7732 6759
7732 3385
7732 5576
7732 6710
7732 4020
7732 2605
7732 5711
7732 1457
7732 5745
7732 1048
7732 2569
7732 6036
7732 1047
7732 1578
7732 2366
7732 5170
7732 6022
7732 9225
7732 2880
7732 6350
7732 4896
7732 2746
7732 6878
7732 2218
7732 7982
7732 9710
7732 6838
7732 8576
7732 6158
7732 3301
7732 4761
7732 6762
7732 2510
7732 664
7732 509
7732 1534
7732 9437
7732 3803
7732 2974
7732 1822
7732 9936
7732 9839
7732 2718
7732 5095
7732 5785
7732 5750
7732 8574
7732 606
7732 8616
7732 838
7732 5770
7732 6697
7732 9543
7732 500
7732 9138
7732 4206
7732 6321
7732 8626
7732 7427
7732 5802
7732 8282
7732 9939
7732 7314
7732 5628
7732 8997
7732 5636
7732 1000
7732 5322
7732 1780
7732 5054
7732 8809
7732 7303
7732 9369
7732 4123
7732 8993
7732 9304
7732 7747
7732 7980
7732 8710
7732 5168
7732 3607
7732 9083
7732 7465
7732 4566
7732 8219
7732 944
7732 6461
7732 6016
7732 760
7732 9415
7732 6160
7732 5494
7732 2002
7732 9405
7732 7202
7732 1937
7732 4291
7732 7195
7732 9709
7732 5247
7732 3096
7732 4616
7732 6894
7732 4700
7732 8482
7732 1073
7732 6269
7732 9022
7732 3643
7732 2472
7732 5387
7732 9813
7732 459
7732 2350
7732 6008
7732 158
7732 7889
7732 588
7732 5007
7732 9810
7732 1853
7732 3725
7732 4220
7732 9403
7732 1406
7732 7655
7732 3155
7732 4527
7732 302
7732 1601
7732 3320
7732 494
7732 9142
7732 443
7732 5010
7732 4365
7732 7519
7732 4171
7732 1915
7732 1421
7732 2843
7732 5814
7732 5286
7732 3394
7732 4784
7732 9471
7732 714
7732 4410
7732 4737
7732 4104
7732 3312
7732 5768
7732 4101
7732 2119
7732 1843
7732 9196
7732 3685
7732 6550
7732 3061
7732 4156
7732 9801
7732 3080
7732 883
7732 72
7732 5417
7732 2280
7732 2837
7732 7138
7732 3940
7732 3812
7732 5438
7732 7511
7732 4724
7732 8677
7732 6559
7732 309
7732 2916
7732 4499
7732 4411
7732 35
7732 2839
7732 1324
7732 4289
7732 3571
7732 9951
7732 9493
7732 55
7732 5242
7732 6077
7732 4794
7732 8453
7732 9003
7732 1892
7732 2881
7732 984
7732 7527
7732 5646
7732 5165
7732 7049
7732 8864
7732 632
7732 7414
7732 1329
7732 4988
7732 7873
7732 1936
7732 2133
7732 1705
7732 1429
7732 151
7732 6045
7732 6023
7732 416
7732 698
7732 2401
7732 2977
7732 8090
7732 4969
7732 2527
7732 3420
7732 537
7732 616
7732 5641
7732 8503
7732 8102
7732 9484
7732 4240
7732 1802
7732 2375
7732 4986
7732 3676
7732 5416
7732 4538
7732 8116
7732 4834
7732 5435
7732 2516
7732 4811
7732 7918
7732 2868
7732 3577
7732 4308
7732 9292
7732 8280
7732 1399
7732 4723
7732 68
7732 7770
7732 5834
7732 410
7732 1650
7732 179
7732 3924
7732 5874
7732 9363
7732 6446
7732 5886
7732 8457
7732 6589
7732 8393
7732 7231
7732 3270
7732 768
7732 9969
7732 5018
7732 314
7732 2765
7732 7320
7732 3231
7732 4782
7732 2892
7732 486
7732 7785
7732 1113
7732 8908
7732 6675
7732 2862
7732 2409
7732 43
7732 3674
7732 8893
7732 4419
7732 9462
7732 6093
7732 8374
7732 8252
7732 1316
7732 4500
7732 1201
7732 736
7732 6973
7732 5102
7732 1438
7732 9554
7732 507
7732 7875
7732 7111
7732 8371
7732 8548
7732 7953
7732 1339
7732 9901
7732 3822
7732 5169
7732 4991
7732 401
7732 4486
7732 3246
7732 2461
7732 9355
7732 4530
7732 9374
7732 2336
7732 42
7732 1161
7732 3765
7732 8955
7732 299
7732 2115
7732 5239
7732 671
7732 9469
7732 7721
7732 1301
7732 7819
7732 8845
7732 9205
7732 9688
7732 5257
7732 140
7732 2364
7732 6198
7732 7579
7732 6477
7732 7664
7732 3511
7732 748
7732 7957
7732 4510
7732 8542
7732 6086
7732 5460
7732 888
7732 4683
7732 7627
7732 967
7732 2553
7732 3841
7732 7682
7732 2656
7732 3339
7732 2918
7732 5106
7732 6720
7732 1231
7732 2713
7732 1014
7732 8126
7732 7456
7732 7310
7732 4960
7732 5723
7732 8332
7732 91
7732 3133
7732 3873
7732 7704
7732 7113
7732 3712
7732 6868
7732 2489
7732 8014
7732 6708
7732 8008
7732 4319
7732 1869
7732 9020
7732 6749
7732 2436
7732 7746
7732 4878
7732 7301
7732 722
7732 7211
7732 4534
7732 7185
7732 2676
7732 4676
7732 3138
7732 6444
7732 1149
7732 9599
7732 1951
7732 4861
7732 4764
7732 6715
7732 2169
7732 9725
7732 133
7732 1010
7732 8519
7732 5604
7732 1760
7732 5238
7732 6972
7732 9132
7732 2770
7732 5222
7732 7604
7732 1501
7732 1497
7732 429
7732 1102
7732 2186
7732 5024
7732 6617
7732 4294
7732 2899
7732 6976
7732 8368
7732 7643
7732 7954
7732 2294
7732 9104
7732 4312
7732 988
7732 6224
7732 388
7732 3804
7732 1196
7732 5256
7732 4909
7732 5178
7732 4346
7732 6845
7732 3530
7732 9050
7732 9690
7732 6871
7732 3121
7732 962
7732 6248
7732 5250
7732 8412
7732 6386
7732 6063
7732 7104
7732 6945
7732 6114
7732 828
7732 6307
7732 2206
7732 8800
7732 13
7732 5426
7732 4434
7732 3287
7732 8354
7732 3534
7732 1209
7732 8522
7732 2564
7732 3407
7732 3778
7732 3553
7732 1605
7732 1599
7732 2194
7732 4631
7732 111
7732 1279
7732 2622
7732 9775
7732 3565
7732 115
7732 6177
7732 9082
7732 121
7732 2814
7732 1093
7732 9758
7732 1134
7732 6879
7732 3710
7732 22
7732 9495
7732 2665
7732 4504
7732 8224
7732 5777
7732 6700
7732 3776
7732 7207
7732 8502
7732 8329
7732 2332
7732 8382
7732 6452
7732 1634
7732 502
7732 8605
7732 5361
7732 7731
7732 8965
7732 8036
7732 1668
7732 6641
7732 112
7732 5719
7732 4438
7732 7707
7732 4702
7732 3177
7732 3072
7732 8865
7732 947
7732 16
7732 1733
7732 3028
7732 1766
7732 9098
7732 5829
7732 2129
7732 3042
7732 5469
7732 1737
7732 5301
7732 7473
7732 6823
7732 5461
7732 565
7732 4560
7732 2323
7732 8017
7732 8208
7732 5867
7732 230
7732 5211
7732 3265
7732 4359
7732 1412
7732 1053
7732 5184
7732 6
7732 9062
7732 8188
7732 1327
7732 2199
7732 6044
7732 1238
7732 1685
7732 322
7732 2703
7732 2824
7732 9397
7732 6272
7732 8143
7732 8004
7732 5847
7732 9080
7732 437
7732 3540
7732 8026
7732 6794
7732 8892
7732 8566
7732 1562
7732 3876
7732 9661
7732 9328
7732 2385
7732 8524
7732 8046
7732 8361
7732 8472
7732 2742
7732 5073
7732 2573
7732 1333
7732 8838
7732 2755
7732 6882
7732 5381
7732 6409
7732 4577
7732 7904
7732 5402
7732 7844
7732 8356
7732 6612
7732 2674
7732 9671
7732 1288
7732 2307
7732 4633
7732 7467
7732 5975
7732 4155
7732 1776
7732 9955
7732 6197
7732 480
7732 2005
7732 8035
7732 2737
7732 4848
7732 7516
7732 7404
7732 7554
7732 7675
7732 8414
7732 5047
7732 5220
7732 7923
7732 4149
7732 8514
7732 7506
7732 6082
7732 2177
7732 9918
7732 281
7732 6713
7732 8416
7732 9891
7732 9390
7732 6812
7732 4929
7732 8310
7732 9995
7732 240
7732 395
7732 8579
7732 8778
7732 7652
7732 1208
7732 1913
7732 6084
7732 7623
7732 8131
7732 706
7732 492
7732 6243
7732 6850
7732 4494
7732 4742
7732 1285
7732 3243
7732 2006
7732 2793
7732 1212
7732 9172
7732 8286
7732 4872
7732 2754
7732 9920
7732 6056
7732 1143
7732 9406
7732 2548
7732 6955
7732 7443
7732 4274
7732 9266
7732 6283
7732 9198
7732 9836
7732 3695
7732 4356
7732 3714
7732 856
7732 3164
7732 2056
7732 9858
7732 978
7732 3784
7732 8972
7732 1930
7732 6437
7732 2606
7732 7985
7732 7712
7732 3454
7732 2379
7732 3167
7732 8410
7732 6460
7732 6805
7732 7612
7732 4712
7732 9039
7732 3030
7732 4134
7732 2107
7732 9474
7732 2694
7732 6362
7732 827
7732 7862
7732 8066
7732 897
7732 7500
7732 3632
7732 5512
7732 2838
7732 1622
7732 6542
7732 9586
7732 5810
7732 3952
7732 9718
7732 353
7732 9250
7732 300
7732 692
7732 6313
7732 2965
7732 5656
7732 8340
7732 5643
7732 4974
7732 6070
7732 2277
7732 4071
7732 8836
7732 8151
7732 5495
7732 4263
7732 2546
7732 9472
7732 5254
7732 8763
7732 4539
7732 5436
7732 4277
7732 9200
7732 9907
7732 7886
7732 5974
7732 8370
7732 9650
7732 345
7732 134
7732 6466
7732 5587
7732 1248
7732 367
7732 3436
7732 5371
7732 6605
7732 5131
7732 8860
7732 956
7732 3336
7732 473
7732 941
7732 922
7732 1500
7732 3744
7732 6566
7732 5085
7732 3719
7732 4626
7732 1257
7732 6649
7732 8680
7732 9344
7732 5042
7732 1352
7732 6748
7732 8307
7732 6195
7732 2769
7732 1541
7732 8209
7732 6443
7732 3262
7732 1529
7732 2748
7732 1769
7732 966
7732 4726
7732 3637
7732 276
7732 5415
7732 9017
7732 4276
7732 8045
7732 1217
7732 4329
7732 4010
7732 7334
7732 8931
7732 815
7732 8678
7732 1790
7732 6877
7732 4096
7732 1584
7732 8087
7732 4757
7732 3789
7732 1589
7732 3154
7732 5520
7732 8825
7732 1600
7732 9662
7732 4191
7732 9063
7732 7350
7732 6256
7732 7994
7732 1147
7732 5638
7732 4454
7732 8976
7732 2231
7732 6228
7732 4698
7732 7186
7732 5888
7732 9395
7732 2792
7732 1510
7732 9139
7732 4093
7732 5427
7732 9113
7732 8366
7732 432
7732 4827
7732 6418
7732 6503
7732 6455
7732 8820
7732 3840
7732 7235
7732 3173
7732 444
7732 1667
7732 2458
7732 5782
7732 6176
7732 2267
7732 435
7732 498
7732 1867
7732 4060
7732 3779
7732 3843
7732 5751
7732 5292
7732 6743
7732 4825
7732 2210
7732 7780
7732 3855
7732 5658
7732 1
7732 9488
7732 3088
7732 3705
7732 6934
7732 7789
7732 9070
7732 9220
7732 6806
7732 9831
7732 9547
7732 1125
7732 1687
7732 3903
7732 1153
7732 6758
7732 4819
7732 2095
7732 7087
7732 4956
7732 2509
7732 3477
7732 6079
7732 7913
7732 8108
7732 5522
7732 9002
7732 6499
7732 5851
7732 1250
7732 3723
7732 7821
7732 8023
7732 1982
7732 5713
7732 4472
7732 9980
7732 378
7732 3834
7732 9195
7732 136
7732 1524
7732 8009
7732 2497
7732 9254
7732 6007
7732 8543
7732 5962
7732 2611
7732 1294
7732 3786
7732 8804
7732 5294
7732 8883
7732 9136
7732 1972
7732 8051
7732 30
7732 51
7732 369
7732 9442
7732 8330
7732 7578
7732 7895
7732 7175
7732 167
7732 9482
7732 6067
7732 5394
7732 5258
7732 8620
7732 8200
7732 3111
7732 3736
7732 5185
7732 3485
7732 2423
7732 9181
7732 182
7732 9490
7732 108
7732 8624
7732 8390
7732 2135
7732 7370
7732 4445
7732 5187
7732 1717
7732 6904
7732 826
7732 9765
7732 3221
7732 4871
7732 9905
7732 3956
7732 6672
7732 1300
7732 4423
7732 381
7732 1897
7732 75
7732 4224
7732 8132
7732 6425
7732 9120
7732 2492
7732 7729
7732 2259
7732 5049
7732 2633
7732 5357
7732 7227
7732 5134
7732 9500
7732 3791
7732 5726
7732 8206
7732 2644
7732 9658
7732 5728
7732 9477
7732 4722
7732 9941
7732 8384
7732 7152
7732 3994
7732 6765
7732 4373
7732 5966
7732 4905
7732 6125
7732 3650
7732 1213
7732 3388
7732 8142
7732 4151
7732 4623
7732 1716
7732 3726
7732 7070
7732 9435
7732 4487
7732 9919
7732 3151
7732 5699
7732 271
7732 2029
7732 4230
7732 9808
7732 7213
7732 6591
7732 5677
7732 5716
7732 1755
7732 1946
7732 239
7732 1911
7732 4564
7732 4004
7732 5567
7732 3991
7732 6978
7732 3356
7732 2710
7732 665
7732 6291
7732 9644
7732 2236
7732 9804
7732 3859
7732 7016
7732 8748
7732 5592
7732 452
7732 5595
7732 5897
7732 7469
7732 4405
7732 4605
7732 1065
7732 8466
7732 7090
7732 1777
7732 3191
7732 1369
7732 8189
7732 6939
7732 4554
7732 8062
7732 8510
7732 8546
7732 7790
7732 7238
7732 9023
7732 87
7732 7663
7732 3357
7732 7692
7732 6529
7732 4343
7732 3785
7732 2229
7732 1289
7732 628
7732 5326
7732 2173
7732 7353
7732 5078
7732 7326
7732 9174
7732 4129
7732 2905
7732 6614
7732 1135
7732 4287
7732 4401
7732 8347
7732 9562
7732 6428
7732 1133
7732 8706
7732 1123
7732 6137
7732 5050
7732 9112
7732 6932
7732 7784
7732 2562
7732 7593
7732 7492
7732 2470
7732 8726
7732 1345
7732 8572
7732 7214
7732 8230
7732 198
7732 301
7732 9806
7732 6948
7732 4817
7732 3306
7732 5852
7732 5473
7732 202
7732 9118
7732 8177
7732 2505
7732 9643
7732 7386
7732 7219
7732 9550
7732 1036
7732 3910
7732 3136
7732 6261
7732 1068
7732 393
7732 811
7732 9925
7732 7333
7732 9525
7732 1011
7732 5893
7732 914
7732 1526
7732 2647
7732 1495
7732 7208
7732 6788
7732 5488
7732 4760
7732 9420
7732 4318
7732 1265
7732 4610
7732 6167
7732 4852
7732 5060
7732 9819
7732 9974
7732 6287
7732 3823
7732 1337
7732 7536
7732 3629
7732 5133
7732 361
7732 9392
7732 5304
7732 4850
7732 1435
7732 981
7732 6301
7732 9942
7732 199
7732 1041
7732 1905
7732 3466
7732 520
7732 8873
7732 6791
7732 9557
7732 7885
7732 9060
7732 6601
7732 7354
7732 5419
7732 4390
7732 9157
7732 5634
7732 17
7732 5443
7732 4728
7732 318
7732 1533
7732 9928
7732 1174
7732 1303
7732 4034
7732 4897
7732 8308
7732 7171
7732 8152
7732 79
7732 9979
7732 1320
7732 8615
7732 6581
7732 9046
7732 2802
7732 2921
7732 9445
7732 7774
7732 8095
7732 4745
7732 6515
7732 4569
7732 4100
7732 6887
7732 3242
7732 2523
7732 5229
7732 8534
7732 4639
7732 1941
7732 5833
7732 4310
7732 7019
7732 3101
7732 540
7732 5667
7732 4891
7732 7022
7732 9064
7732 5913
7732 6999
7732 5516
7732 9623
7732 7987
7732 1779
7732 8947
7732 2014
7732 5692
7732 813
7732 1652
7732 7108
7732 1663
7732 5208
7732 8002
7732 901
7732 3751
7732 7415
7732 1474
7732 2774
7732 651
7732 4028
7732 6146
7732 1875
7732 7148
7732 6968
7732 3829
7732 6638
7732 7757
7732 2166
7732 1364
7732 1195
7732 7021
7732 6356
7732 144
7732 1366
7732 2079
7732 5584
7732 477
7732 8207
7732 2061
7732 4349
7732 2108
7732 2082
7732 2872
7732 4141
7732 7950
7732 8175
7732 9325
7732 6080
7732 9802
7732 782
7732 864
7732 7232
7732 3555
7732 8237
7732 204
7732 8684
7732 1696
7732 4911
7732 1565
7732 5618
7732 122
7732 3033
7732 1391
7732 9692
7732 2780
7732 3981
7732 8795
7732 7099
7732 630
7732 3054
7732 1453
7732 6420
7732 7542
7732 9568
7732 9881
7732 7236
7732 3192
7732 5822
7732 8914
7732 2424
7732 7537
7732 9379
7732 1514
7732 2125
7732 6144
7732 8930
7732 1754
7732 5015
7732 7939
7732 7184
7732 11
7732 3628
7732 3317
7732 4682
7732 8647
7732 6338
7732 8484
7732 4853
7732 4648
7732 2590
7732 8417
7732 795
7732 7398
7732 2692
7732 2073
7732 1110
7732 8475
7732 8544
7732 45
7732 1952
7732 8279
7732 6083
7732 9930
7732 2596
7732 3731
7732 8724
7732 9450
7732 670
7732 7518
7732 4215
7732 3206
7732 8352
7732 4576
7732 2794
7732 9137
7732 4625
7732 2089
7732 697
7732 9805
7732 5230
7732 2836
7732 9419
7732 4342
7732 7488
7732 3752
7732 222
7732 283
7732 2860
7732 6481
7732 634
7732 420
7732 6993
7732 399
7732 8437
7732 8791
7732 7217
7732 4083
7732 3318
7732 3762
7732 6595
7732 3236
7732 8019
7732 1136
7732 88
7732 1675
7732 2441
7732 3861
7732 4966
7732 6346
7732 9566
7732 5738
7732 1443
7732 677
7732 9436
7732 4851
7732 1698
7732 9948
7732 7946
7732 9697
7732 4415
7732 2418
7732 9215
7732 3958
7732 2475
7732 613
7732 2884
7732 7781
7732 7888
7732 9647
7732 5053
7732 7126
7732 4444
7732 3508
7732 758
7732 3891
7732 9605
7732 2903
7732 2337
7732 4904
7732 418
7732 7275
7732 1621
7732 5603
7732 4809
7732 9807
7732 4672
7732 3137
7732 4345
7732 9822
7732 4437
7732 648
7732 3989
7732 9531
7732 9400
7732 3591
7732 5199
7732 9764
7732 4305
7732 9249
7732 6412
7732 7149
7732 7512
7732 2976
7732 7279
7732 6998
7732 9767
7732 5798
7732 5192
7732 6698
7732 6113
7732 2374
7732 7482
7732 9935
7732 9702
7732 9842
7732 5977
7732 2801
7732 8487
7732 7346
7732 6294
7732 9741
7732 4044
7732 8350
7732 8381
7732 4743
7732 254
7732 7258
7732 7253
7732 1888
7732 4339
7732 3960
7732 6003
7732 6376
7732 1267
7732 1255
7732 3280
7732 3165
7732 5755
7732 4552
7732 6679
7732 2195
7732 791
7732 1132
7732 1665
7732 9217
7732 3163
7732 9879
7732 1117
7732 8504
7732 7378
7732 7319
7732 721
7732 9077
7732 4984
7732 4643
7732 9226
7732 1302
7732 6066
7732 6468
7732 175
7732 7847
7732 2766
7732 6049
7732 1640
7732 8449
7732 5907
7732 3727
7732 2221
7732 2310
7732 2585
7732 9470
7732 7566
7732 9524
7732 9165
7732 3539
7732 242
7732 5232
7732 1002
7732 6055
7732 5818
7732 6563
7732 7291
7732 910
7732 7190
7732 143
7732 4442
7732 3067
7732 7843
7732 4921
7732 9416
7732 1555
7732 7072
7732 6927
7732 4531
7732 5664
7732 5395
7732 10000
7732 3993
7732 5906
7732 9109
7732 3585
7732 8810
7732 4884
7732 2519
7732 8103
7732 224
7732 5553
7732 6288
7732 3962
7732 394
7732 3400
7732 6200
7732 141
7732 3034
7732 1967
7732 5639
7732 6662
7732 7093
7732 5180
7732 6820
7732 7040
7732 4555
7732 2495
7732 6751
7732 2584
7732 2775
7732 323
7732 9825
7732 6840
7732 835
7732 9338
7732 272
7732 4754
7732 245
7732 6389
7732 4550
7732 131
7732 1592
7732 8887
7732 9235
7732 7955
7732 9331
7732 1233
7732 99
7732 8405
7732 8509
7732 6929
7732 1782
7732 858
7732 3682
7732 3396
7732 6654
7732 6833
7732 6040
7732 9096
7732 6816
7732 2339
7732 699
7732 4901
7732 1976
7732 4735
7732 619
7732 3316
7732 9837
7732 8842
7732 9892
7732 4121
7732 4793
7732 8952
7732 4600
7732 2449
7732 3965
7732 4544
7732 5536
7732 6368
7732 9504
7732 6171
7732 6121
7732 2034
7732 1938
7732 1857
7732 521
7732 8312
7732 2854
7732 2529
7732 6092
7732 6784
7732 4054
7732 4154
7732 2597
7732 4451
7732 8694
7732 5682
7732 8683
7732 8130
7732 3237
7732 3230
7732 4139
7732 971
7732 7228
7732 8183
7732 7648
7732 9728
7732 7120
7732 73
7732 5554
7732 9561
7732 2175
7732 1056
7732 4537
7732 820
7732 9106
7732 8577
7732 9954
7732 7296
7732 8075
7732 560
7732 6677
7732 5803
7732 9433
7732 8243
7732 8924
7732 3410
7732 9967
7732 6892
7732 1762
7732 5124
7732 7351
7732 767
7732 417
7732 8964
7732 2132
7732 2358
7732 9154
7732 6915
7732 4296
7732 6482
7732 4958
7732 4453
7732 6122
7732 9246
7732 334
7732 8506
7732 1274
7732 879
7732 67
7732 6889
7732 720
7732 2161
7732 5001
7732 2071
7732 9151
7732 6232
7732 4957
7732 1931
7732 9281
7732 9622
7732 3069
7732 7223
7732 5094
7732 6709
7732 5262
7732 5379
7732 6215
7732 5811
7732 8639
7732 5423
7732 4403
7732 3365
7732 9693
7732 9100
7732 1825
7732 1590
7732 1060
7732 3922
7732 8253
7732 6584
7732 211
7732 5501
7732 6983
7732 8134
7732 5752
7732 5736
7732 9337
7732 7684
7732 4601
7732 5976
7732 4307
7732 2751
7732 3886
7732 8245
7732 3853
7732 3281
7732 4283
7732 889
7732 1768
7732 8241
7732 6370
7732 7693
7732 7271
7732 4326
7732 9059
7732 2651
7732 3908
7732 6834
7732 3251
7732 2662
7732 7338
7732 2559
7732 6151
7732 308
7732 4204
7732 3852
7732 269
7732 5446
7732 2484
7732 9685
7732 7364
7732 8538
7732 4549
7732 6416
7732 1354
7732 4887
7732 3757
7732 3583
7732 5454
7732 9103
7732 8324
7732 514
7732 4546
7732 920
7732 2790
7732 5146
7732 742
7732 9219
7732 189
7732 4679
7732 673
7732 5057
7732 3354
7732 3222
7732 4752
7732 7266
7732 9170
7732 3183
7732 923
7732 1129
7732 3681
7732 6098
7732 3536
7732 217
7732 4713
7732 5064
7732 1191
7732 6094
7732 4281
7732 319
7732 2850
7732 2007
7732 9092
7732 753
7732 8787
7732 7990
7732 541
7732 7633
7732 4167
7732 1842
7732 5308
7732 4788
7732 6556
7732 4928
7732 2297
7732 6621
7732 9631
7732 908
7732 1188
7732 7890
7732 4829
7732 166
7732 4785
7732 1564
7732 3319
7732 2865
7732 9168
7732 7779
7732 5295
7732 4394
7732 8167
7732 7442
7732 3793
7732 7199
7732 3625
7732 2831
7732 793
7732 5528
7732 5129
7732 1263
7732 3279
7732 8568
7732 4029
7732 948
7732 213
7732 8063
7732 817
7732 2146
7732 2010
7732 9124
7732 9301
7732 6875
7732 2574
7732 2684
7732 6318
7732 9322
7732 3060
7732 1452
7732 9271
7732 9933
7732 7932
7732 2190
7732 2054
7732 4422
7732 4430
7732 5746
7732 6237
7732 6616
7732 7840
7732 6240
7732 3626
7732 1475
7732 7550
7732 7582
7732 5742
7732 7498
7732 7548
7732 3749
7732 3895
7732 8784
7732 7807
7732 1890
7732 6913
7732 4533
7732 4685
7732 7065
7732 9335
7732 5026
7732 1970
7732 2816
7732 5090
7732 6779
7732 5076
7732 4265
7732 5034
7732 5422
7732 6352
7732 4498
7732 4690
7732 2416
7732 774
7732 6211
7732 7054
7732 4176
7732 8641
7732 7067
7732 4388
7732 545
7732 2580
7732 8739
7732 6363
7732 2399
7732 8055
7732 5388
7732 8304
7732 247
7732 1171
7732 3663
7732 2531
7732 9656
7732 8297
7732 6544
7732 8021
7732 5821
7732 1388
7732 625
7732 3068
7732 7681
7732 7335
7732 9916
7732 8905
7732 5201
7732 9708
7732 3734
7732 4030
7732 1543
7732 4790
7732 1644
7732 2444
7732 9257
7732 1939
7732 2122
7732 818
7732 69
7732 4426
7732 5835
7732 3892
7732 5942
7732 5450
7732 81
7732 1835
7732 1730
7732 8648
7732 3756
7732 4314
7732 1659
7732 6327
7732 9117
7732 6234
7732 4017
7732 4725
7732 893
7732 4427
7732 2258
7732 90
7732 1571
7732 6741
7732 1225
7732 4503
7732 7477
7732 428
7732 7650
7732 9667
7732 352
7732 3623
7732 5671
7732 3931
7732 421
7732 1008
7732 3397
7732 535
7732 3877
7732 8991
7732 9218
7732 6853
7732 2786
7732 2915
7732 1689
7732 2828
7732 2859
7732 3925
7732 5887
7732 4709
7732 4547
7732 8083
7732 2572
7732 6739
7732 1315
7732 3735
7732 638
7732 4865
7732 4668
7732 8561
7732 9680
7732 7935
7732 3849
7732 4050
7732 6952
7732 5005
7732 8983
7732 1021
7732 9318
7732 9086
7732 7356
7732 558
7732 4320
7732 3268
7732 6034
7732 527
7732 4299
7732 7564
7732 839
7732 666
7732 3782
7732 1505
7732 2498
7732 1249
7732 7659
7732 5602
7732 1612
7732 1287
7732 1005
7732 3378
7732 5365
7732 460
7732 5039
7732 6560
7732 2990
7732 2981
7732 8048
7732 1814
7732 2536
7732 4583
7732 2669
7732 1989
7732 3580
7732 2626
7732 2176
7732 1340
7732 5543
7732 5252
7732 4704
7732 8298
7732 7674
7732 8490
7732 6300
7732 4845
7732 6175
7732 1874
7732 6734
7732 9239
7732 9717
7732 156
7732 1415
7732 5795
7732 6603
7732 303
7732 1163
7732 2078
7732 6694
7732 8259
7732 7649
7732 7288
7732 4483
7732 7106
7732 4797
7732 7307
7732 5788
7732 4816
7732 9428
7732 150
7732 899
7732 4008
7732 2304
7732 298
7732 9618
7732 554
7732 2329
7732 7146
7732 3113
7732 9413
7732 601
7732 1978
7732 6491
7732 3482
7732 4313
7732 7337
7732 7588
7732 4954
7732 6570
7732 6811
7732 2586
7732 6013
7732 4056
7732 54
7732 7973
7732 434
7732 2541
7732 3479
7732 7125
7732 4542
7732 8689
7732 5786
7732 3474
7732 3481
7732 6810
7732 1508
7732 5871
7732 1418
7732 9949
7732 9625
7732 4619
7732 201
7732 9323
7732 9290
7732 7832
7732 191
7732 8633
7732 3175
7732 7097
7732 5231
7732 4255
7732 7879
7732 6078
7732 9054
7732 2105
7732 8919
7732 3810
7732 5650
7732 1417
7732 5101
7732 573
7732 4479
7732 6205
7732 6085
7732 1371
7732 9651
7732 8496
7732 9321
7732 2165
7732 6028
7732 9621
7732 4084
7732 5513
7732 7355
7732 1848
7732 8711
7732 1166
7732 644
7732 7294
7732 374
7732 3505
7732 5079
7732 466
7732 7752
7732 9145
7732 4216
7732 6087
7732 1598
7732 8047
7732 5515
7732 3621
7732 8214
7732 7029
7732 1712
7732 819
7732 8613
7732 3916
7732 3928
7732 8902
7732 2278
7732 7587
7732 8638
7732 7986
7732 5306
7732 4461
7732 9102
7732 8571
7732 2011
7732 2732
7732 5382
7732 4696
7732 7362
7732 3590
7732 7977
7732 9632
7732 8159
7732 7127
7732 170
7732 7298
7732 9211
7732 9297
7732 8165
7732 504
7732 7976
7732 9715
7732 2291
7732 8311
7732 4238
7732 3985
7732 9087
7732 718
7732 6981
7732 9972
7732 325
7732 5008
7732 3065
7732 8719
7732 8015
7732 5317
7732 220
7732 9125
7732 4509
7732 523
7732 4467
7732 1743
7732 7823
7732 4368
7732 8889
7732 2193
7732 4045
7732 7837
7732 646
7732 5767
7732 1064
7732 2414
7732 2744
7732 2917
7732 4729
7732 9564
7732 9869
7732 7905
7732 9669
7732 8769
7732 1426
7732 3322
7732 4843
7732 5915
7732 8721
7732 8658
7732 5352
7732 7532
7732 2812
7732 3713
7732 2486
7732 5836
7732 2958
7732 5598
7732 1832
7732 7221
7732 8824
7732 2017
7732 5364
7732 8240
7732 1932
7732 6217
7732 8378
7732 7776
7732 7493
7732 1154
7732 8100
7732 8596
7732 710
7732 4732
7732 1349
7732 7173
7732 7162
7732 1924
7732 471
7732 972
7732 5303
7732 7182
7732 4836
7732 6398
7732 439
7732 8937
7732 2745
7732 2711
7732 8916
7732 8785
7732 1824
7732 3684
7732 4448
7732 6161
7732 2042
7732 6835
7732 6727
7732 2524
7732 7345
7732 5269
7732 9105
7732 4196
7732 5530
7732 2632
7732 640
7732 5709
7732 6257
7732 2
7732 2507
7732 1351
7732 6567
7732 4907
7732 5550
7732 642
7732 1559
7732 1620
7732 4932
7732 1987
7732 4092
7732 8563
7732 5687
7732 2226
7732 6538
7732 5558
7732 4456
7732 8196
7732 7654
7732 2551
7732 8275
7732 4245
7732 3844
7732 2749
7732 7095
7732 4254
7732 2150
7732 8805
7732 4588
7732 796
7732 3675
7732 8041
7732 7188
7732 7909
7732 582
7732 3402
7732 8012
7732 3975
7732 1948
7732 6590
7732 9686
7732 1783
7732 5654
7732 2395
7732 9634
7732 1535
7732 6752
7732 3584
7732 8195
7732 7507
7732 6625
7732 6089
7732 7220
7732 6531
7732 8030
7732 1422
7732 1546
7732 2909
7732 74
7732 9376
7732 5167
7732 5337
7732 7851
7732 6594
7732 6506
7732 1306
7732 1313
7732 5103
7732 83
7732 1778
7732 1907
7732 5030
7732 1437
7732 5377
7732 8445
7732 8367
7732 6192
7732 4662
7732 6059
7732 110
7732 8385
7732 4939
7732 8837
7732 1202
7732 9743
7732 8879
7732 5862
7732 3764
7732 4407
7732 5300
7732 1155
7732 1006
7732 7408
7732 805
7732 6432
7732 1770
7732 6910
7732 2093
7732 2506
7732 403
7732 3641
7732 1576
7732 3522
7732 6623
7732 3884
7732 6011
7732 780
7732 7766
7732 1312
7732 6188
7732 4443
7732 190
7732 7155
7732 4776
7732 7849
7732 6322
7732 8722
7732 1404
7732 5089
7732 2148
7732 4462
7732 7836
7732 2772
7732 4355
7732 2144
7732 2015
7732 2064
7732 8444
7732 6309
7732 8079
7732 8061
7732 6822
7732 6781
7732 3504
7732 2432
7732 4814
7732 8255
7732 1445
7732 8190
7732 3149
7732 3078
7732 3321
7732 7919
7732 6058
7732 4217
7732 5023
7732 6756
7732 5225
7732 3516
7732 3858
7732 3790
7732 5161
7732 1868
7732 6308
7732 5918
7732 5289
7732 8553
7732 3941
7732 7552
7732 6018
7732 6815
7732 5828
7732 4628
7732 3672
7732 3323
7732 9648
7732 8396
7732 3142
7732 7084
7732 3387
7732 3638
7732 8675
7732 6238
7732 1827
7732 6367
7732 797
7732 9915
7732 8652
7732 6893
7732 2700
7732 7617
7732 9583
7732 8967
7732 7662
7732 335
7732 5062
7732 8667
7732 2731
7732 647
7732 4078
7732 4518
7732 4239
7732 2453
7732 6792
7732 3160
7732 5663
7732 1756
7732 1864
7732 7425
7732 9133
7732 3862
7732 5478
7732 1409
7732 3450
7732 2873
7732 569
7732 6042
7732 3200
7732 2404
7732 3982
7732 5346
7732 8808
7732 2428
7732 7698
7732 4226
7732 9447
7732 7457
7732 8526
7732 5894
7732 7
7732 5865
7732 6341
7732 8072
7732 5684
7732 8020
7732 7642
7732 745
7732 6375
7732 4596
7732 7677
7732 5866
7732 8040
7732 8128
7732 9821
7732 6874
7732 9467
7732 6984
7732 9582
7732 8269
7732 9752
7732 2001
7732 1350
7732 5175
7732 4559
7732 6249
7732 9733
7732 7676
7732 7960
7732 4734
7732 253
7732 4985
7732 6974
7732 1517
7732 9238
7732 4021
7732 6296
7732 1107
7732 9926
7732 4178
7732 4973
7732 2545
7732 8317
7732 2932
7732 171
7732 816
7732 5996
7732 5456
7732 1215
7732 6789
7732 6693
7732 7416
7732 1419
7732 4179
7732 532
7732 9159
7732 4072
7732 4261
7732 8752
7732 2937
7732 2511
7732 7145
7732 3129
7732 1083
7732 6553
7732 7968
7732 2521
7732 580
7732 2123
7732 6576
7732 1596
7732 1491
7732 1929
7732 9431
7732 3620
7732 4674
7732 946
7732 1627
7732 4256
7732 135
7732 9140
7732 5391
7732 372
7732 5125
7732 2427
7732 3854
7732 6659
7732 5631
7732 8942
7732 2686
7732 6630
7732 449
7732 6580
7732 1581
7732 9068
7732 3058
7732 1917
7732 1603
7732 9737
7732 6399
7732 7311
7732 8943
7732 1122
7732 249
7732 3533
7732 9341
7732 4007
7732 1464
7732 8441
7732 7245
7732 8974
7732 6797
7732 4124
7732 3405
7732 1732
7732 6728
7732 1007
7732 4592
7732 5511
7732 5920
7732 9913
7732 7240
7732 5037
7732 1020
7732 5040
7732 9261
7732 8539
7732 2603
7732 4266
7732 6512
7732 7092
7732 7174
7732 7503
7732 4396
7732 6206
7732 7341
7732 7940
7732 5360
7732 1503
7732 4947
7732 6995
7732 1498
7732 7614
7732 8821
7732 3932
7732 8203
7732 6320
7732 7128
7732 8961
7732 6854
7732 5036
7732 6250
7732 1697
7732 584
7732 6293
7732 1377
7732 7502
7732 9782
7732 9329
7732 4860
7732 5105
7732 7981
7732 3039
7732 4783
7732 3645
7732 3046
7732 4332
7732 3709
7732 1752
7732 7397
7732 9454
7732 8501
7732 2642
7732 4370
7732 6475
7732 4024
7732 5376
7732 8756
7732 3772
7732 5863
7732 4379
7732 2923
7732 5453
7732 5817
7732 5585
7732 4516
7732 1091
7732 4505
7732 6573
7732 2652
7732 9781
7732 4414
7732 1550
7732 3471
7732 5122
7732 4222
7732 9997
7732 4681
7732 6637
7732 989
7732 618
7732 7860
7732 2756
7732 8088
7732 2991
7732 4324
7732 9233
7732 8194
7732 7361
7732 515
7732 3896
7732 911
7732 3092
7732 5260
7732 8909
7732 8771
7732 5431
7732 4514
7732 5215
7732 1904
7732 7606
7732 976
7732 7374
7732 7570
7732 7786
7732 2302
7732 7811
7732 2566
7732 288
7732 919
7732 5535
7732 2609
7732 5335
7732 3417
7732 8691
7732 1160
7732 6668
7732 47
7732 1992
7732 2532
7732 3579
7732 216
7732 117
7732 875
7732 391
7732 7975
7732 4293
7732 6359
7732 6780
7732 129
7732 5458
7732 8740
7732 2222
7732 9212
7732 4166
7732 4717
7732 66
7732 9594
7732 9236
7732 5066
7732 4013
7732 9018
7732 9404
7732 1837
7732 4649
7732 7878
7732 9567
7732 3427
7732 8456
7732 1553
7732 7142
7732 1771
7732 5505
7732 4429
7732 1669
7732 4614
7732 327
7732 7605
7732 5826
7732 8801
7732 4361
7732 602
7732 4241
7732 1516
7732 6947
7732 8003
7732 4221
7732 1940
7732 9736
7732 2313
7732 2503
7732 7446
7732 3967
7732 5953
7732 4731
7732 8377
7732 4043
7732 8699
7732 8676
7732 5188
7732 810
7732 7943
7732 7771
7732 8067
7732 5489
7732 645
7732 7218
7732 3207
7732 6666
7732 3234
7732 7718
7732 1625
7732 5640
7732 3367
7732 1479
7732 4027
7732 3228
7732 238
7732 1168
7732 8666
7732 1588
7732 3213
7732 2641
7732 9324
7732 2893
7732 693
7732 1753
7732 633
7732 9853
7732 5616
7732 8841
7732 9163
7732 2989
7732 6652
7732 6733
7732 8273
7732 1024
7732 4656
7732 3399
7732 1178
7732 6798
7732 6289
7732 3689
7732 3828
7732 2876
7732 5213
7732 2861
7732 1519
7732 1450
7732 4344
7732 7601
7732 8869
7732 7930
7732 6949
7732 34
7732 4822
7732 3219
7732 3105
7732 3150
7732 8583
7732 1921
7732 1492
7732 7868
7732 5517
7732 4961
7732 2341
7732 2327
7732 1019
7732 2394
7732 7083
7732 215
7732 7179
7732 2118
7732 7051
7732 7688
7732 3592
7732 4041
7732 6207
7732 5891
7732 9152
7732 3066
7732 6704
7732 7133
7732 9489
7732 8211
7732 6744
7732 1456
7732 8201
7732 3455
7732 7869
7732 4721
7732 1182
7732 3503
7732 5197
7732 6496
7732 9676
7732 174
7732 8261
7732 9497
7732 6265
7732 8150
7732 2995
7732 3340
7732 9536
7732 7297
7732 8580
7732 8623
7732 5935
7732 6038
7732 440
7732 8163
7732 6906
7732 5800
7732 7259
7732 6802
7732 8533
7732 7272
7732 8439
7732 542
7732 9701
7732 9606
7732 8878
7732 2063
7732 959
7732 8486
7732 6401
7732 2346
7732 317
7732 7089
7732 3185
7732 5681
7732 5524
7732 8235
7732 1641
7732 5923
7732 7300
7732 9696
7732 2334
7732 6548
7732 1677
7732 6502
7732 1489
7732 3974
7732 8788
7732 4275
7732 9190
7732 4183
7732 8679
7732 1049
7732 5182
7732 5428
7732 7007
7732 1815
7732 155
7732 1788
7732 9888
7732 7988
7732 865
7732 3106
7732 7796
7732 1521
7732 5475
7732 7509
7732 4258
7732 6790
7732 6424
7732 6586
7732 5561
7732 7215
7732 3009
7732 56
7732 7730
7732 192
7732 7695
7732 812
7732 5784
7732 6115
7732 6100
7732 3961
7732 9596
7732 9356
7732 1624
7732 3733
7732 119
7732 2238
7732 8559
7732 2885
7732 6646
7732 2961
7732 2380
7732 5620
7732 1983
7732 9742
7732 7938
7732 6142
7732 5989
7732 2474
7732 9258
7732 4938
7732 3915
7732 1471
7732 845
7732 8135
7732 686
7732 5509
7732 808
7732 9601
7732 772
7732 8517
7732 2320
7732 2067
7732 1944
7732 8636
7732 4846
7732 9189
7732 5969
7732 5599
7732 7264
7732 3529
7732 4389
7732 6074
7732 8586
7732 5845
7732 5264
7732 1079
7732 3244
7732 2251
7732 1145
7732 6883
7732 9308
7732 9887
7732 6103
7732 2852
7732 8846
7732 2847
7732 779
7732 9240
7732 7899
7732 3870
7732 1593
7732 2485
7732 7568
7732 6411
7732 9144
7732 3371
7732 1096
7732 3355
7732 2719
7732 9242
7732 1703
7732 2543
7732 4049
7732 8733
7732 2041
7732 250
7732 1052
7732 4994
7732 900
7732 9466
7732 6029
7732 9015
7732 1969
7732 2040
7732 5223
7732 5021
7732 551
7732 7974
7732 3666
7732 4225
7732 2856
7732 7450
7732 7285
7732 7891
7732 7400
7732 9610
7732 9890
7732 4914
7732 3189
7732 6438
7732 4420
7732 6295
7732 2198
7732 5214
7732 2261
7732 5137
7732 6225
7732 485
7732 4459
7732 5678
7732 1032
7732 6292
7732 3808
7732 9990
7732 8136
7732 2096
7732 4473
7732 7916
7732 384
7732 8295
7732 1146
7732 7377
7732 3182
7732 7167
7732 4650
7732 478
7732 7038
7732 9796
7732 6391
7732 3016
7732 1950
7732 7306
7732 6971
7732 5932
7732 5217
7732 6773
7732 7756
7732 8903
7732 870
7732 1465
7732 5314
7732 7168
7732 6760
7732 1227
7732 8923
7732 3062
7732 2728
7732 6076
7732 6685
7732 3423
7732 8176
7732 6848
7732 6830
7732 2439
7732 4210
7732 4371
7732 2607
7732 3737
7732 1416
7732 4736
7732 9809
7732 3738
7732 4302
7732 5009
7732 8987
7732 6024
7732 5140
7732 3070
7732 690
7732 933
7732 9422
7732 1784
7732 3942
7732 2389
7732 2443
7732 2442
7732 756
7732 7971
7732 8257
7732 3848
7732 848
7732 2471
7732 2943
7732 1580
7732 6872
7732 4608
7732 2209
7732 5504
7732 3468
7732 3550
7732 9461
7732 6071
7732 4651
7732 4842
7732 2296
7732 2315
7732 5189
7732 4810
7732 2207
7732 9716
7732 3531
7732 2415
7732 3836
7732 5816
7732 1632
7732 3902
7732 8781
7732 7481
7732 8309
7732 8703
7732 8084
7732 7499
7732 5990
7732 3805
7732 6068
7732 4525
7732 741
7732 9359
7732 1075
7732 2902
7732 9089
7732 1372
7732 9386
7732 8001
7732 4692
7732 6358
7732 1266
7732 1724
7732 605
7732 8110
7732 2178
7732 2761
7732 8835
7732 9722
7732 5307
7732 7052
7732 8373
7732 7754
7732 5889
7732 8772
7732 655
7732 1873
7732 3032
7732 7252
7732 7166
7732 7848
7732 8173
7732 3085
7732 225
7732 9221
7732 5044
7732 3431
7732 8421
7732 78
7732 9580
7732 3693
7732 4841
7732 8006
7732 1979
7732 1459
7732 5234
7732 3949
7732 7193
7732 5840
7732 536
7732 8750
7732 6403
7732 9510
7732 9426
7732 3215
7732 6060
7732 97
7732 6156
7732 857
7732 8325
7732 1448
7732 1522
7732 2372
7732 5806
7732 8059
7732 6975
7732 8099
7732 7210
7732 248
7732 2639
7732 1823
7732 2338
7732 9131
7732 3546
7732 1670
7732 7483
7732 7194
7732 321
7732 9777
7732 4303
7732 6655
7732 7590
7732 6132
7732 5644
7732 5981
7732 7250
7732 9173
7732 4629
7732 7850
7732 9975
7732 7283
7732 764
7732 355
7732 5773
7732 594
7732 1638
7732 1346
7732 4012
7732 8850
7732 7709
7732 9253
7732 9333
7732 7759
7732 4110
7732 9364
7732 1787
7732 7666
7732 5091
7732 1258
7732 3425
7732 229
7732 3535
7732 6326
7732 3277
7732 8886
7732 2842
7732 5253
7732 159
7732 6233
7732 7069
7732 9565
7732 9245
7732 5356
7732 1798
7732 3107
7732 2819
7732 105
7732 310
7732 881
7732 6692
7732 3145
7732 6267
7732 3406
7732 762
7732 4382
7732 3224
7732 5904
7732 6730
7732 6844
7732 4573
7732 5386
7732 2275
7732 1224
7732 7366
7732 2100
7732 2948
7732 8718
7732 7020
7732 2459
7732 4565
7732 4130
7732 7158
7732 400
7732 4133
7732 7032
7732 4400
7732 3582
7732 109
7732 2515
7732 1615
7732 5837
7732 9302
7732 809
7732 660
7732 6855
7732 7553
7732 3462
7732 7479
7732 4677
7732 1374
7732 1908
7732 4053
7732 9171
7732 4137
7732 8762
7732 7751
7732 1304
7732 2522
7732 8591
7732 7701
7732 8664
7732 937
7732 9639
7732 7422
7732 3233
7732 8316
7732 6922
7732 1434
7732 1296
7732 4418
7732 7068
7732 1693
7732 9019
7732 4715
7732 1162
7732 7723
7732 3691
7732 1551
7732 2723
7732 8899
7732 6865
7732 7969
7732 3057
7732 1746
7732 781
7732 7027
7732 3741
7732 2417
7732 549
7732 1883
7732 8953
7732 6088
7732 4476
7732 9332
7732 5764
7732 2634
7732 5949
7732 6274
7732 6091
7732 7277
7732 4490
7732 1493
7732 2301
7732 7116
7732 3114
7732 6572
7732 9411
7732 6801
7732 3598
7732 6891
7732 8483
7732 6183
7732 7722
7732 723
7732 4150
7732 3110
7732 6753
7732 2757
7732 475
7732 7636
7732 1469
7732 2481
7732 1165
7732 8221
7732 2009
7732 7212
7732 3392
7732 6660
7732 5077
7732 9654
7732 4031
7732 7013
7732 1811
7732 902
7732 3390
7732 8121
7732 5309
7732 5401
7732 8146
7732 2729
7732 8714
7732 3977
7732 9539
7732 3090
7732 9192
7732 178
7732 9545
7732 2097
7732 4796
7732 3957
7732 4392
7732 9889
7732 6818
7732 8723
7732 4328
7732 2469
7732 6564
7732 8569
7732 7315
7732 1775
7732 1148
7732 1585
7732 3888
7732 728
7732 5661
7732 1363
7732 3980
7732 4497
7732 10
7732 5895
7732 7061
7732 1277
7732 32
7732 6920
7732 6689
7732 2695
7732 9347
7732 4131
7732 2075
7732 1367
7732 2241
7732 5350
7732 1478
7732 597
7732 9126
7732 3310
7732 5245
7732 2935
7732 9055
7732 1648
7732 3147
7732 733
7732 1528
7732 6371
7732 7407
7732 9776
7732 7504
7732 2777
7732 7449
7732 49
7732 9065
7732 4680
7732 5771
7732 4172
7732 7795
7732 1537
7732 7494
7732 2200
7732 2690
7732 1985
7732 2817
7732 3721
7732 738
7732 2936
7732 1252
7732 4109
7732 6555
7732 4606
7732 5997
7732 8395
7732 6323
7732 3193
7732 5389
7732 2391
7732 4602
7732 6447
7732 357
7732 4720
7732 3459
7732 187
7732 433
7732 1607
7732 5174
7732 5556
7732 8303
7732 4903
7732 6133
7732 9922
7732 4950
7732 6938
7732 3547
7732 9206
7732 4857
7732 1579
7732 7597
7732 324
7732 1993
7732 2356
7732 2706
7732 465
7732 7140
7732 8164
7732 6284
7732 4194
7732 6340
7732 2979
7732 6648
7732 3419
7732 3809
7732 5854
7732 3008
7732 6138
7732 3291
7732 3412
7732 7970
7732 5237
7732 2431
7732 7178
7732 7079
7732 7661
7732 6705
7732 1713
7732 411
7732 5293
7732 2959
7732 4284
7732 6430
7732 2018
7732 7248
7732 8874
7732 214
7732 4107
7732 1849
7732 926
7732 7122
7732 2874
7732 4386
7732 9529
7732 1796
7732 6577
7732 1995
7732 1379
7732 612
7732 9401
7732 3746
7732 6162
7732 8755
7732 7348
7732 5791
7732 6189
7732 4864
7732 1342
7732 3199
7732 9866
7732 621
7732 8018
7732 3309
7732 1403
7732 7143
7732 5870
7732 4260
7732 7901
7732 2808
7732 5937
7732 8481
7732 7373
7732 61
7732 7719
7732 4661
7732 3369
7732 6364
7732 6771
7732 4398
7732 497
7732 6264
7732 6852
7732 6551
7732 9576
7732 8779
7732 4393
7732 9309
7732 3819
7732 2951
7732 9617
7732 9009
7732 9457
7732 898
7732 2465
7732 5606
7732 197
7732 3647
7732 8727
7732 4169
7732 803
7732 2397
7732 4338
7732 1721
7732 2255
7732 519
7732 4963
7732 832
7732 9498
7732 7053
7732 1100
7732 7545
7732 5706
7732 4259
7732 8731
7732 5290
7732 9418
7732 2384
7732 9438
7732 1945
7732 1761
7732 102
7732 9285
7732 1958
7732 3543
7732 5987
7732 6864
7732 4744
7732 4492
7732 3599
7732 7857
7732 8491
7732 4982
7732 338
7732 3166
7732 2155
7732 1057
7732 6826
7732 2598
7732 5082
7732 2359
7732 2131
7732 2576
7732 8407
7732 2482
7732 7515
7732 9740
7732 7426
7732 4433
7732 6453
7732 8025
7732 7102
7732 7046
7732 9123
7732 3551
7732 3797
7732 1159
7732 3622
7732 852
7732 9786
7732 2967
7732 622
7732 4875
7732 6829
7732 9569
7732 4612
7732 9026
7732 4684
7732 9316
7732 1956
7732 3112
7732 8225
7732 3488
7732 4870
7732 6153
7732 261
7732 7657
7732 1414
7732 9509
7732 6873
7732 6204
7732 7078
7732 6316
7732 4212
7732 6681
7732 6647
7732 8400
7732 4587
7732 9991
7732 2396
7732 7369
7732 337
7732 3422
7732 8028
7732 7201
7732 1441
7732 1616
7732 8606
7732 2552
7732 9637
7732 2408
7732 2851
7732 8697
7732 1264
7732 1791
7732 2237
7732 9698
7732 5479
7732 7164
7732 9187
7732 7246
7732 3616
7732 5753
7732 9645
7732 1442
7732 7571
7732 2403
7732 2560
7732 6963
7732 6969
7732 8847
7732 7322
7732 596
7732 8562
7732 4990
7732 4844
7732 1106
7732 3346
7732 5486
7732 1431
7732 6839
7732 4397
7732 6990
7732 8144
7732 6937
7732 8387
7732 6046
7732 8478
7732 1626
7732 8251
7732 1071
7732 9033
7732 7538
7732 9798
7732 8429
7732 7912
7732 1408
7732 5310
7732 2833
7732 9732
7732 4703
7732 9902
7732 4570
7732 3787
7732 6241
7732 9785
7732 9665
7732 4424
7732 2666
7732 1428
7732 6930
7732 2388
7732 448
7732 7197
7732 5447
7732 2479
7732 2827
7732 1055
7732 7951
7732 7147
7732 4099
7732 3796
7732 1681
7732 2925
7732 5097
7732 6208
7732 3084
7732 9520
7732 4428
7732 761
7732 6299
7732 8565
7732 8527
7732 5344
7732 5901
7732 9396
7732 7864
7732 2942
7732 8077
7732 4288
7732 2225
7732 8525
7732 1444
7732 1237
7732 8263
7732 766
7732 495
7732 1727
7732 2624
7732 5228
7732 2867
7732 8285
7732 2174
7732 1613
7732 4768
7732 9492
7732 1748
7732 9719
7732 6521
7732 4675
7732 6670
7732 7622
7732 9399
7732 5555
7732 4333
7732 3470
7732 4052
7732 6196
7732 6065
7732 4580
7732 3332
7732 3334
7732 3920
7732 2887
7732 7562
7732 2031
7732 1676
7732 4162
7732 2405
7732 3699
7732 562
7732 20
7732 8725
7732 7423
7732 4926
7732 6095
7732 2963
7732 685
7732 3037
7732 1707
7732 1803
7732 9432
7732 968
7732 9300
7732 279
7732 212
7732 7262
7732 264
7732 3704
7732 3125
7732 6426
7732 293
7732 9748
7732 4949
7732 2649
7732 3715
7732 251
7732 1370
7732 1597
7732 8685
7732 6054
7732 4673
7732 203
7732 1410
7732 8430
7732 8305
7732 8451
7732 6417
7732 8346
7732 867
7732 7544
7732 6017
7732 4521
7732 6434
7732 5471
7732 9066
7732 5645
7732 2735
7732 9311
7732 6574
7732 4447
7732 1902
7732 3036
7732 6924
7732 7014
7732 5271
7732 3013
7732 6977
7732 4436
7732 4321
7732 6203
7732 8172
7732 221
7732 8331
7732 2911
7732 8970
7732 1104
7732 9629
7732 4962
7732 453
7732 9591
7732 9178
7732 6597
7732 5551
7732 9779
7732 7411
7732 4718
7732 5737
7732 9228
7732 9443
7732 195
7732 9417
7732 8335
7732 8216
7732 1173
7732 5444
7732 8222
7732 1715
7732 866
7732 4522
7732 5695
7732 5539
7732 4976
7732 7474
7732 969
7732 8995
7732 2490
7732 3683
7732 7893
7732 5614
7732 5705
7732 4940
7732 3153
7732 5611
7732 7863
7732 6763
7732 3755
7732 7430
7732 3029
7732 9871
7732 5510
7732 8668
7732 7575
7732 6402
7732 2343
7732 1150
7732 2247
7732 4488
7732 3188
7732 1325
7732 6311
7732 5959
7732 8380
7732 6344
7732 5056
7732 4663
7732 7480
7732 1504
7732 4781
7732 5406
7732 5933
7732 1984
7732 1609
7732 1028
7732 7484
7732 106
7732 807
7732 2220
7732 7653
7732 2370
7732 8743
7732 3372
7732 799
7732 2938
7732 5411
7732 3948
7732 610
7732 8760
7732 9043
7732 2533
7732 8609
7732 5116
7732 4203
7732 9199
7732 5998
7732 7972
7732 4707
7732 1085
7732 3364
7732 5483
7732 8074
7732 8050
7732 4223
7732 3718
7732 4641
7732 936
7732 6611
7732 5804
7732 7141
7732 1704
7732 9305
7732 4244
7732 7129
7732 2781
7732 2050
7732 2460
7732 6374
7732 4868
7732 2953
7732 2568
7732 8884
7732 9894
7732 872
7732 6724
7732 4412
7732 9216
7732 406
7732 3614
7732 6696
7732 6064
7732 8155
7732 94
7732 9932
7732 8570
7732 4236
7732 53
7732 3745
7732 8673
7732 2740
7732 6035
7732 2845
7732 8906
7732 6280
7732 6585
7732 4036
7732 125
7732 3996
7732 5459
7732 3108
7732 3560
7732 1725
7732 674
7732 6860
7732 1072
7732 8557
7732 3464
7732 3282
7732 8033
7732 4033
7732 3170
7732 8270
7732 9424
7732 3445
7732 3750
7732 9657
7732 2784
7732 5372
7732 3959
7732 3945
7732 575
7732 4180
7732 7273
7732 1130
7732 8276
7732 8234
7732 5659
7732 3337
7732 3353
7732 4979
7732 3964
7732 27
7732 2540
7732 1834
7732 1871
7732 7328
7732 1899
7732 6474
7732 3978
7732 6220
7732 6163
7732 3493
7732 3665
7732 7289
7732 8212
7732 5762
7732 3014
7732 973
7732 9085
7732 6383
7732 2788
7732 5743
7732 8742
7732 8218
7732 9045
7732 7787
7732 8981
7732 3951
7732 4391
7732 2671
7732 4758
7732 949
7732 8147
7732 2378
7732 4773
7732 6899
7732 1242
7732 8085
7732 8318
7732 8607
7732 8530
7732 3660
7732 4927
7732 3572
7732 8745
7732 461
7732 3370
7732 9360
7732 7003
7732 4197
7732 2554
7732 3403
7732 5577
7732 8780
7732 7673
7732 3452
7732 7157
7732 1742
7732 2900
7732 4269
7732 9880
7732 8258
7732 2733
7732 7024
7732 5936
7732 8054
7732 7073
7732 2048
7732 6325
7732 9377
7732 7546
7732 3933
7732 7734
7732 7922
7732 4669
7732 2727
7732 5848
7732 4251
7732 5943
7732 4879
7732 2208
7732 8973
7732 2217
7732 998
7732 983
7732 8848
7732 9279
7732 2252
7732 37
7732 7324
7732 2349
7732 9286
7732 2212
7732 3
7732 4630
7732 831
7732 2270
7732 696
7732 9746
7732 661
7732 1586
7732 6290
7732 3770
7732 6433
7732 7343
7732 600
7732 8917
7732 1176
7732 2455
7732 599
7732 3227
7732 3885
7732 6281
7732 8044
7732 5412
7732 5702
7732 2984
7732 1180
7732 5202
7732 2787
7732 1947
7732 6306
7732 3573
7732 8185
7732 6579
7732 5601
7732 1280
7732 2993
7732 9006
7732 9499
7732 8080
7732 6465
7732 3999
7732 9248
7732 3081
7732 6687
7732 9607
7732 3209
7732 7358
7732 871
7732 1965
7732 154
7732 7025
7732 3826
7732 8104
7732 9847
7732 3382
7732 9444
7732 8184
7732 18
7732 682
7732 2575
7732 9040
7732 7942
7732 4253
7732 9339
7732 7874
7732 4213
7732 6807
7732 6907
7732 8082
7732 6640
7732 2655
7732 8452
7732 5145
7732 9313
7732 1223
7732 4181
7732 4808
7732 700
7732 8058
7732 457
7732 5625
7732 3971
7732 6501
7732 2051
7732 9803
7732 6456
7732 3578
7732 6951
7732 196
7732 7574
7732 4893
7732 4233
7732 1781
7732 4201
7732 2776
7732 5544
7732 5908
7732 6231
7732 2203
7732 792
7732 7835
7732 2288
7732 759
7732 4385
7732 5831
7732 7392
7732 7616
7732 3428
7732 7117
7732 5110
7732 2813
7732 9630
7732 5672
7732 9548
7732 8535
7732 2055
7732 4795
7732 1362
7732 3437
7732 4586
7732 9169
7732 9502
7732 9677
7732 7830
7732 6334
7732 8927
7732 2326
7732 6785
7732 9425
7732 8037
7732 4409
7732 3247
7732 2103
7732 6926
7732 4040
7732 906
7732 3179
7732 6027
7732 7565
7732 2351
7732 9850
7732 5112
7732 1407
7732 8849
7732 608
7732 6408
7732 577
7732 7706
7732 3442
7732 3921
7732 6525
7732 9938
7732 9966
7732 7647
7732 5462
7732 3692
7732 373
7732 5860
7732 2345
7732 4838
7732 2147
7732 8715
7732 4802
7732 887
7732 4127
7732 4323
7732 6413
7732 7584
7732 2557
7732 8979
7732 3044
7732 7897
7732 2316
7732 6254
7732 2192
7732 1111
7732 5022
7732 5609
7732 1260
7732 7205
7732 869
7732 8081
7732 3825
7732 2047
7732 1833
7732 6075
7732 4876
7732 5362
7732 2504
7732 6569
7732 7047
7732 9749
7732 4174
7732 3899
7732 6210
7732 5477
7732 3512
7732 2960
7732 5108
7732 5212
7732 3159
7732 7793
7732 9877
7732 3950
7732 657
7732 5013
7732 9840
7732 4591
7732 4996
7732 9841
7732 8031
7732 4653
7732 2940
7732 8236
7732 307
7732 1204
7732 3515
7732 8204
7732 695
7732 9660
7732 8935
7732 246
7732 3348
7732 9795
7732 3656
7732 6347
7732 7318
7732 1335
7732 7075
7732 258
7732 9985
7732 3740
7732 5152
7732 162
7732 3104
7732 4687
7732 2141
7732 9833
7732 6935
7732 5670
7732 5359
7732 7489
7732 8913
7732 5219
7732 8811
7732 3269
7732 4792
7732 7132
7732 6104
7732 4805
7732 1413
7732 7907
7732 1808
7732 2464
7732 9269
7732 4352
7732 5503
7732 1089
7732 8157
7732 7595
7732 7961
7732 9275
7732 7033
7732 8078
7732 7254
7732 6518
7732 7713
7732 6441
7732 4435
7732 9526
7732 1383
7732 5876
7732 6219
7732 4248
7732 4908
7732 8552
7732 8300
7732 678
7732 2124
7732 1368
7732 6618
7732 2929
7732 4763
7732 1750
7732 2060
7732 6157
7732 3098
7732 8888
7732 284
7732 3753
7732 663
7732 6568
7732 3127
7732 7772
7732 6373
7732 3413
7732 8949
7732 7600
7732 1424
7732 3076
7732 9817
7732 5500
7732 3021
7732 63
7732 118
7732 1865
7732 8057
7732 7631
7732 3389
7732 3845
7732 8766
7732 2284
7732 2283
7732 2235
7732 7241
7732 5248
7732 7513
7732 5741
7732 1131
7732 943
7732 236
7732 1804
7732 4694
7732 3545
7732 3093
7732 4002
7732 9652
7732 1385
7732 9899
7732 5449
7732 783
7732 5839
7732 7748
7732 1856
7732 9600
7732 2895
7732 7066
7732 4765
7732 6575
7732 834
7732 3549
7732 4545
7732 3820
7732 2640
7732 2681
7732 7641
7732 2473
7732 342
7732 6608
7732 6716
7732 7137
7732 2230
7732 6297
7732 8617
7732 7255
7732 4335
7732 8376
7732 4513
7732 5194
7732 6941
7732 3226
7732 4075
7732 7347
7732 8413
7732 9274
7732 4301
7732 3330
7732 7948
7732 5694
7732 1199
7732 2636
7732 5186
7732 3007
7732 2704
7732 4714
7732 57
7732 1273
7732 4200
7732 3171
7732 5734
7732 8462
7732 7903
7732 6866
7732 7638
7732 7580
7732 7866
7732 6825
7732 746
7732 2683
7732 3816
7732 4507
7732 7815
7732 4482
7732 5801
7732 3887
7732 6653
7732 3351
7732 4330
7732 5824
7732 9653
7732 8933
7732 3955
7732 4097
7732 8634
7732 3022
7732 2950
7732 6809
7732 6661
7732 8996
7732 3451
7732 4125
7732 5051
7732 9365
7732 9924
7732 6671
7732 5432
7732 3174
7732 9038
7732 5114
7732 1653
7732 8513
7732 5200
7732 9197
7732 3523
7732 1035
7732 19
7732 8598
7732 5392
7732 3494
7732 2897
7732 8465
7732 385
7732 9962
7732 9025
7732 3458
7732 282
7732 8929
7732 1246
7732 715
7732 932
7732 9141
7732 6690
7732 4618
7732 5236
7732 137
7732 8299
7732 8556
7732 6510
7732 2098
7732 9747
7732 7929
7732 1740
7732 120
7732 6004
7732 7359
7732 3506
7732 2677
7732 3235
7732 8169
7732 5191
7732 8765
7732 8042
7732 5717
7732 9592
7732 6831
7732 4877
7732 3701
7732 9412
7732 3781
7732 2109
7732 3487
7732 1817
7732 2425
7732 2870
7732 7735
7732 6164
7732 8672
7732 6768
7732 9283
7732 6448
7732 368
7732 9865
7732 9552
7732 9734
7732 8179
7732 5999
7732 5369
7732 4900
7732 2076
7732 7004
7732 2168
7732 7460
7732 5916
7732 1198
7732 7773
7732 193
7732 5878
7732 555
7732 3469
7732 9587
7732 8585
7732 3126
7732 3256
7732 7761
7732 15
7732 6832
7732 8495
7732 7376
7732 7870
7732 1656
7732 4218
7732 2829
7732 1290
7732 2202
7732 1789
7732 6143
7732 1128
7732 5273
7732 8833
7732 9345
7732 7057
7732 2930
7732 9848
7732 9613
7732 181
7732 3773
7732 2699
7732 8239
7732 8900
7732 7243
7732 934
7732 9517
7732 7644
7732 260
7732 2187
7732 5947
7732 3473
7732 8342
7732 9766
7732 5155
7732 4894
7732 4799
7732 6870
7732 8086
7732 5985
7732 6989
7732 8471
7732 965
7732 1990
7732 538
7732 5945
7732 6869
7732 9295
7732 501
7732 3352
7732 5141
7732 4699
7732 2556
7732 6863
7732 169
7732 5718
7732 9783
7732 1012
7732 4080
7732 1427
7732 408
7732 1700
7732 8256
7732 6174
7732 7183
7732 8205
7732 5623
7732 8485
7732 3489
7732 517
7732 2528
7732 3567
7732 5872
7732 7558
7732 6676
7732 1477
7732 8327
7732 7539
7732 863
7732 5885
7732 306
7732 1138
7732 5349
7732 3347
7732 7798
7732 130
7732 237
7732 9513
7732 8
7732 7050
7732 702
7732 6562
7732 2743
7732 5538
7732 7963
7732 7853
7732 5463
7732 8461
7732 8602
7732 3609
7732 1764
7732 9429
7732 5325
7732 8823
7732 6770
7732 2321
7732 5267
7732 7626
7732 2256
7732 4348
7732 5972
7732 1261
7732 5575
7732 8244
7732 623
7732 123
7732 4366
7732 5075
7732 1205
7732 5127
7732 2945
7732 5540
7732 5209
7732 9107
7732 8968
7732 9751
7732 4511
7732 7329
7732 8460
7732 5275
7732 3509
7732 2077
7732 4367
7732 2630
7732 2730
7732 5776
7732 1664
7732 4693
7732 6639
7732 1439
7732 5574
7732 9243
7732 3677
7732 4079
7732 407
7732 383
7732 2457
7732 5721
7732 5900
7732 6245
7732 8876
7732 2398
7732 26
7732 6310
7732 5956
7732 1673
7732 4719
7732 1197
7732 2243
7732 2130
7732 1307
7732 7261
7732 8555
7732 8957
7732 9780
7732 3495
7732 3655
7732 9816
7732 9186
7732 6895
7732 5951
7732 6565
7732 185
7732 2643
7732 7131
7732 295
7732 8293
7732 5490
7732 2800
7732 9626
7732 7471
7732 6315
7732 9859
7732 4146
7732 2306
7732 8941
7732 1183
7732 2114
7732 2355
7732 4463
7732 8904
7732 825
7732 4613
7732 9148
7732 8988
7732 9183
7732 8302
7732 1318
7732 995
7732 5946
7732 2799
7732 2402
7732 6946
7732 4551
7732 8162
7732 4267
7732 2971
7732 9409
7732 6684
7732 4803
7732 4705
7732 6400
7732 2734
7732 1934
7732 6069
7732 2535
7732 2667
7732 3644
7732 336
7732 9663
7732 7344
7732 3559
7732 5321
7732 7557
7732 152
7732 2081
7732 9512
7732 6422
7732 4417
7732 4432
7732 8802
7732 5128
7732 1331
7732 2254
7732 3010
7732 59
7732 2325
7732 8338
7732 1003
7732 1460
7732 7006
7732 3465
7732 6020
7732 7743
7732 2205
7732 6277
7732 8875
7732 5035
7732 2167
7732 4086
7732 4593
7732 4425
7732 8528
7732 1841
7732 6958
7732 2289
7732 4140
7732 3015
7732 8593
7732 7000
7732 7086
7732 4968
7732 1297
7732 3483
7732 1360
7732 7381
7732 1527
7732 2282
7732 1572
7732 8111
7732 9602
7732 1728
7732 8813
7732 1271
7732 4286
7732 4168
7732 2406
7732 9448
7732 5731
7732 3094
7732 413
7732 8005
7732 24
7732 5873
7732 3176
7732 4262
7732 7048
7732 149
7732 5393
7732 9383
7732 3597
7732 8076
7732 8408
7732 3601
7732 5676
7732 9769
7732 5759
7732 593
7732 8819
7732 4955
7732 6483
7732 4858
7732 6919
7732 5586
7732 7295
7732 6787
7732 424
7732 6658
7732 8117
7732 458
7732 9037
7732 6186
7732 9408
7732 9875
7732 1729
7732 8582
7732 456
7732 2066
7732 446
7732 3640
7732 2191
7732 1398
7732 441
7732 3118
7732 7105
7732 3300
7732 8139
7732 8349
7732 232
7732 7805
7732 8428
7732 2152
7732 6384
7732 6259
7732 9953
7732 1914
7732 5914
7732 7041
7732 4828
7732 349
7732 3998
7732 6181
7732 9024
7732 1996
7732 8125
7732 9201
7732 7270
7732 1538
7732 9846
7732 9755
7732 5971
7732 861
7732 5324
7732 4977
7732 7926
7732 8852
7732 8907
7732 9970
7732 9738
7732 3774
7732 5960
7732 585
7732 9832
7732 9394
7732 8140
7732 2293
7732 5691
7732 8098
7732 8448
7732 6706
7732 3296
7732 620
7732 6342
7732 4102
7732 798
7732 5255
7732 6337
7732 5710
7732 6535
7732 2563
7732 2969
7732 9048
7732 7900
7732 4136
7732 707
7732 4738
7732 8053
7732 3798
7732 1018
7732 6888
7732 587
7732 5714
7732 851
7732 8990
7732 7678
7732 5941
7732 6140
7732 916
7732 6849
7732 3914
7732 5492
7732 6610
7732 1859
7732 8493
7732 5244
7732 8588
7732 6360
7732 4270
7732 4317
7732 6901
7732 9052
7732 291
7732 7088
7732 286
7732 2183
7732 6025
7732 3739
7732 6996
7732 4495
7732 9672
7732 2266
7732 8806
7732 2825
7732 2985
7732 347
7732 382
7732 7708
7732 846
7732 6504
7732 6819
7732 9857
7732 8793
7732 3467
7732 9458
7732 530
7732 4285
7732 3690
7732 680
7732 4062
7732 6905
7732 1786
7732 9726
7732 6793
7732 5243
7732 1222
7732 1283
7732 913
7732 5910
7732 3273
7732 4778
7732 329
7732 8541
7732 1284
7732 1207
7732 3143
7732 4888
7732 7372
7732 4759
7732 4449
7732 6464
7732 2841
7732 2171
7732 8545
7732 362
7732 6651
7732 3225
7732 4862
7732 3074
7732 7462
7732 4336
7732 3056
7732 6312
7732 4733
7732 2440
7732 5841
7732 4064
7732 5297
7732 1114
7732 7741
7732 7573
7732 1446
7732 4316
7732 4037
7732 8816
7732 4416
7732 982
7732 5059
7732 5864
7732 3374
7732 6571
7732 2369
7732 9994
7732 2101
7732 5963
7732 1846
7732 724
7732 6179
7732 637
7732 9756
7732 2087
7732 1081
7732 7995
7732 1723
7732 9203
7732 9700
7732 1991
7732 2037
7732 8708
7732 953
7732 7855
7732 6582
7732 4231
7732 1820
7732 9965
7732 3970
7732 7906
7732 2561
7732 6451
7732 4664
7732 9160
7732 1836
7732 6110
7732 3771
7732 4455
7732 5424
7732 2039
7732 7813
7732 1179
7732 4474
7732 4395
7732 6279
7732 1889
7732 1887
7732 4108
7732 5600
7732 1927
7732 5132
7732 7063
7732 6600
7732 5939
7732 8736
7732 7710
7732 6239
7732 5159
7732 1140
7732 6271
7732 4562
7732 6213
7732 8199
7732 4777
7732 4399
7732 7543
7732 6131
7732 940
7732 2538
7732 1389
7732 3064
7732 3373
7732 398
7732 3556
7732 1058
7732 9558
7732 5944
7732 2410
7732 2179
7732 997
7732 7964
7732 5537
7732 1323
7732 2591
7732 3670
7732 5526
7732 656
7732 6006
7732 9946
7732 126
7732 5532
7732 4635
7732 1086
7732 4077
7732 8391
7732 8397
7732 4611
7732 4300
7732 2613
7732 8880
7732 8112
7732 1557
7732 2912
7732 5508
7732 8186
7732 3019
7732 1872
7732 643
7732 8359
7732 7200
7732 970
7732 4689
7732 3758
7732 315
7732 5570
7732 6126
7732 379
7732 8470
7732 737
7732 9549
7732 499
7732 4993
7732 985
7732 3880
7732 5993
7732 5181
7732 1895
7732 9611
7732 5673
7732 3264
7732 6813
7732 2279
7732 9896
7732 9176
7732 533
7732 735
7732 3824
7732 9388
7732 5071
7732 9202
7732 7599
7732 4177
7732 4402
7732 2820
7732 3639
7732 4089
7732 4920
7732 6712
7732 6369
7732 9830
7732 9992
7732 2716
7732 6986
7732 7316
7732 524
7732 9224
7732 4250
7732 570
7732 2869
7732 7725
7732 6479
7732 8872
7732 6459
7732 7035
7732 2750
7732 7418
7732 9581
7732 2145
7732 7110
7732 3937
7732 4161
7732 9282
7732 5697
7732 5
7732 8459
7732 6303
7732 8956
7732 1156
7732 5815
7732 9977
7732 6537
7732 9641
7732 9514
7732 4885
7732 173
7732 6886
7732 2964
7732 7665
7732 6332
7732 476
7732 769
7732 2946
7732 2466
7732 1630
7732 5157
7732 2422
7732 8764
7732 7802
7732 1268
7732 3115
7732 9280
7732 5649
7732 4019
7732 7098
7732 5390
7732 4823
7732 9649
7732 2514
7732 7827
7732 273
7732 2049
7732 954
7732 4820
7732 6643
7732 5068
7732 2245
7732 1269
7732 8564
7732 8597
7732 5296
7732 4249
7732 5748
7732 3875
7732 2896
7732 7561
7732 6030
7732 5467
7732 463
7732 3532
7732 2462
7732 4106
7732 1975
7732 9957
7732 4298
7732 1076
7732 2046
7732 5583
7732 716
7732 1185
7732 2467
7732 7081
7732 2494
7732 3909
7732 7528
7732 7703
7732 7036
7732 4859
7732 4493
7732 3130
7732 1118
7732 9088
7732 4199
7732 3038
7732 9912
7732 607
7732 8814
7732 8264
7732 1175
7732 1326
7732 9595
7732 8831
7732 8399
7732 1029
7732 6509
7732 2154
7732 3342
7732 8665
7732 8141
7732 9119
7732 9423
7732 4165
7732 6761
7732 7225
7732 3082
7732 7764
7732 3439
7732 9797
7732 6903
7732 8454
7732 6226
7732 4739
7732 717
7732 7452
7732 3990
7732 7028
7732 8915
7732 4202
7732 2866
7732 5696
7732 6884
7732 2628
7732 3358
7732 1954
7732 6392
7732 990
7732 7437
7732 4032
7732 241
7732 3045
7732 7717
7732 6019
7732 9934
7732 7767
7732 5130
7732 5700
7732 9188
7732 1860
7732 5493
7732 2826
7732 3518
7732 8220
7732 8477
7732 4085
7732 7541
7732 830
7732 6353
7732 2513
7732 9287
7732 3048
7732 1116
7732 1722
7732 274
7732 2182
7732 860
7732 2555
7732 8249
7732 8246
7732 3456
7732 7336
7732 7037
7732 5476
7732 2308
7732 4967
7732 6099
7732 6462
7732 1031
7732 1157
7732 5277
7732 8978
7732 7861
7732 2579
7732 8262
7732 2587
7732 4847
7732 8866
7732 9465
7732 974
7732 8432
7732 9340
7732 7495
7732 2253
7732 4895
7732 8958
7732 4519
7732 6674
7732 2263
7732 1548
7732 6497
7732 7607
7732 6429
7732 2318
7732 3460
7732 7472
7732 5313
7732 5485
7732 4055
7732 2348
7732 6702
7732 662
7732 354
7732 4067
7732 1311
7732 1037
7732 3146
7732 9247
7732 8123
7732 4431
7732 5373
7732 7839
7732 7039
7732 8369
7732 1999
7732 2026
7732 412
7732 4951
7732 3707
7732 801
7732 5172
7732 2558
7732 8242
7732 2228
7732 5970
7732 3969
7732 9210
7732 5571
7732 183
7732 4207
7732 482
7732 6514
7732 3687
7732 2065
7732 9479
7732 709
7732 5808
7732 7997
7732 7908
7732 8948
7732 2136
7732 2305
7732 2809
7732 6959
7732 8231
7732 2602
7732 2759
7732 518
7732 6714
7732 7711
7732 8056
7732 7160
7732 290
7732 8797
7732 9255
7732 6419
7732 5637
7732 2249
7732 6382
7732 5761
7732 4478
7732 6942
7732 9528
7732 8855
7732 9937
7732 8401
7732 4377
7732 425
7732 1390
7732 729
7732 5280
7732 6985
7732 5166
7732 8921
7732 4480
7732 1645
7732 1955
7732 4376
7732 1380
7732 9263
7732 5559
7732 5957
7732 9705
7732 7724
7732 9315
7732 2654
7732 8960
7732 9760
7732 1432
7732 5562
7732 3391
7732 2715
7732 4118
7732 5952
7732 1660
7732 1795
7732 8859
7732 7740
7732 9874
7732 9260
7732 3807
7732 7222
7732 9735
7732 8753
7732 8832
7732 7572
7732 3184
7732 7154
7732 566
7732 1251
7732 8070
7732 4164
7732 6859
7732 6487
7732 6957
7732 4964
7732 4475
7732 5896
7732 1276
7732 5058
7732 7911
7732 3986
7732 7209
7732 348
7732 1097
7732 62
7732 615
7732 9964
7732 6170
7732 1540
7732 8925
7732 3988
7732 1487
7732 4006
7732 365
7732 8431
7732 6471
7732 3698
7732 6944
7732 3089
7732 5715
7732 2534
7732 5506
7732 4983
7732 9585
7732 5046
7732 3443
7732 4716
7732 4523
7732 1054
7732 8039
7732 2311
7732 6061
7732 7230
7732 1735
7732 8511
7732 2344
7732 3307
7732 6885
7732 7763
7732 5980
7732 9824
7732 7510
7732 5348
7732 9167
7732 1356
7732 7043
7732 454
7732 8447
7732 9958
7732 7399
7732 6688
7732 4553
7732 7103
7732 6900
7732 168
7732 2879
7732 6330
7732 8578
7732 1765
7732 5541
7732 5144
7732 3587
7732 1960
7732 5909
7732 9380
7732 8479
7732 8622
7732 8774
7732 5518
7732 5499
7732 3157
7732 2679
7732 2104
7732 9878
7732 571
7732 4160
7732 5020
7732 3415
7732 4297
7732 7993
7732 3936
7732 8688
7732 1496
7732 5940
7732 9971
7732 1387
7732 1636
7732 2877
7732 3049
7732 3711
7732 4563
7732 2668
7732 5331
7732 6965
7732 9456
7732 209
7732 2682
7732 7608
7732 6914
7732 9320
7732 9
7732 402
7732 9827
7732 2537
7732 890
7732 9507
7732 147
7732 8388
7732 85
7732 7391
7732 7119
7732 8735
7732 4515
7732 5899
7732 7621
7732 1532
7732 2013
7732 6396
7732 9761
7732 9963
7732 2272
7732 3634
7732 2637
7732 4005
7732 7822
7732 8423
7732 679
7732 9179
7732 2463
7732 6519
7732 5732
7732 849
7732 8109
7732 50
7732 3071
7732 6843
7732 9638
7732 6750
7732 8440
7732 7514
7732 1981
7732 9799
7732 1430
7732 5884
7732 786
7732 9004
7732 2805
7732 5519
7732 5029
7732 4468
7732 1545
7732 2268
7732 6602
7732 9213
7732 8464
7732 3359
7732 7689
7732 5607
7732 1594
7732 4182
7732 4634
7732 8348
7732 8712
7732 1662
7732 1610
7732 1654
7732 5917
7732 6002
7732 1942
7732 7357
7732 8229
7732 180
7732 6381
7732 4334
7732 3266
7732 1256
7732 8521
7732 6923
7732 3527
7732 9146
7732 2821
7732 1244
7732 9999
7732 4229
7732 7340
7732 7237
7732 2068
7732 8713
7732 1226
7732 5929
7732 9161
7732 725
7732 1420
7732 5384
7732 2764
7732 2889
7732 7525
7732 6148
7732 3239
7732 3775
7732 153
7732 9081
7732 5048
7732 5961
7732 884
7732 3040
7732 531
7732 6405
7732 4502
7732 590
7732 226
7732 3380
7732 2783
7732 1490
7732 1678
7732 3927
7732 5857
7732 8700
7732 5241
7732 3890
7732 8197
7732 9884
7732 5323
7732 5846
7732 9061
7732 1577
7732 4824
7732 1520
7732 5507
7732 2853
7732 2625
7732 5251
7732 2691
7732 3197
7732 1220
7732 894
7732 4470
7732 9703
7732 2157
7732 8290
7732 4095
7732 7134
7732 5662
7732 675
7732 9579
7732 2180
7732 233
7732 3604
7732 4142
7732 6202
7732 9008
7732 4038
7732 8912
7732 8659
7732 896
7732 6463
7732 9414
7732 2998
7732 8319
7732 1708
7732 7694
7732 7114
7732 9430
7732 635
7732 631
7732 9296
7732 396
7732 2849
7732 3499
7732 5366
7732 8741
7732 5685
7732 8000
7732 8321
7732 1672
7732 3144
7732 9463
7732 5069
7732 5911
7732 7892
7732 8291
7732 749
7732 4812
7732 8994
7732 1167
7732 1962
7732 3220
7732 6966
7732 1854
7732 7831
7732 9627
7732 3525
7732 7591
7732 3851
7732 1172
7732 4315
7732 6880
7732 6520
7732 3953
7732 9664
7732 6665
7732 3433
7732 7884
7732 1253
7732 4193
7732 1402
7732 1119
7732 5869
7732 5749
7732 4798
7732 1214
7732 877
7732 3653
7732 5445
7732 5142
7732 3050
7732 5019
7732 4582
7732 3889
7732 3075
7732 4128
7732 8938
7732 9943
7732 2412
7732 9053
7732 2262
7732 4232
7732 3043
7732 3259
7732 4246
7732 9222
7732 6808
7732 9988
7732 1059
7732 5421
7732 8537
7732 850
7732 2846
7732 2286
7732 3245
7732 4906
7732 3768
7732 2890
7732 7910
7732 4381
7732 1447
7732 9860
7732 6339
7732 1884
7732 2720
7732 6134
7732 3077
7732 979
7732 1245
7732 4942
7732 4471
7732 9823
7732 2570
7732 4892
7732 9101
7732 7778
7732 4762
7732 3526
7732 3308
7732 3972
7732 5842
7732 3463
7732 3642
7732 8425
7732 9784
7732 7854
7732 6803
7732 5072
7732 9244
7732 930
7732 3548
7732 9361
7732 3562
7732 7130
7732 9856
7732 526
7732 3581
7732 7846
7732 951
7732 1739
7732 2688
7732 6588
7732 6775
7732 5769
7732 757
7732 2477
7732 5160
7732 29
7732 3866
7732 7928
7732 6469
7732 5063
7732 3116
7732 9754
7732 9829
7732 3654
7732 7420
7732 5126
7732 9666
7732 4354
7732 330
7732 8975
7732 855
7732 5994
7732 7287
7732 7690
7732 163
7732 9402
7732 6530
7732 1880
7732 243
7732 626
7732 4807
7732 6218
7732 4584
7732 3232
7732 409
7732 7801
7732 1870
7732 5632
7732 3732
7732 4114
7732 4039
7732 6629
7732 4065
7732 8424
7732 6214
7732 1239
7732 4540
7732 8629
7732 7594
7732 1794
7732 1152
7732 3012
7732 7944
7732 3099
7732 5011
7732 7135
7732 7229
7732 2680
7732 2083
7732 7406
7732 2982
7732 4638
7732 2211
7732 1293
7732 442
7732 7609
7732 4452
7732 176
7732 8213
7732 3600
7732 6774
7732 2882
7732 6619
7732 5119
7732 5319
7732 8737
7732 2773
7732 7076
7732 8840
7732 2645
7732 3588
7732 8313
7732 3250
7732 5441
7732 5725
7732 4874
7732 5527
7732 7611
7732 1963
7732 8191
7732 5763
7732 5033
7732 9635
7732 7610
7732 1483
7732 6624
7732 98
7732 3363
7732 7803
7732 160
7732 5581
7732 3984
7732 1709
7732 228
7732 8375
7732 3897
7732 5925
7732 4292
7732 9368
7732 4369
7732 4770
7732 5843
7732 9835
7732 7808
7732 7625
7732 2377
7732 6184
7732 93
7732 8601
7732 9542
7732 6380
7732 6767
7732 3178
7732 853
7732 7883
7732 727
7732 3706
7732 3240
7732 1923
7732 754
7732 8418
7732 2493
7732 6592
7732 5332
7732 219
7732 9555
7732 7501
7732 277
7732 9996
7732 447
7732 2086
7732 3995
7732 3568
7732 9230
7732 3935
7732 2614
7732 9349
7732 9293
7732 3919
7732 5327
7732 7159
7732 1560
7732 2160
7732 2134
7732 9486
7732 8271
7732 6980
7732 3472
7732 8210
7732 7517
7732 6476
7732 4306
7732 4599
7732 8092
7732 8936
7732 6336
7732 6828
7732 9739
7732 4804
7732 184
7732 331
7732 4186
7732 963
7732 6328
7732 9013
7732 1683
7732 987
7732 9885
7732 5484
7732 9058
7732 6407
7732 2487
7732 3911
7732 8635
7732 4992
7732 6725
7732 6667
7732 8992
7732 4952
7732 7646
7732 5342
7732 6896
7732 2448
7732 1425
7732 5608
7732 5380
7732 9559
7732 9724
7732 4556
7732 6786
7732 1186
7732 3018
7732 5055
7732 7876
7732 5747
7732 1141
7732 5316
7732 8435
7732 8822
7732 2393
7732 8516
7732 4042
7732 7745
7732 4477
7732 7309
7732 7533
7732 6423
7732 5781
7732 8730
7732 8744
7732 2184
7732 3603
7732 5396
7732 5437
7732 5545
7732 2673
7732 3361
7732 2450
7732 5482
7732 2362
7732 4068
7732 1961
7732 4791
7732 8105
7732 5729
7732 5708
7732 5203
7732 8853
7732 5546
7732 3501
7732 4271
7732 3906
7732 4609
7732 917
7732 6014
7732 3448
7732 6599
7732 8363
7732 5805
7732 4756
7732 7497
7732 3349
7732 5986
7732 1234
7732 1164
7732 89
7732 2593
7732 2709
7732 6112
7732 9849
7732 1618
7732 6454
7732 3140
7732 4902
7732 3338
7732 5621
7732 1139
7732 8977
7732 1347
7732 2360
7732 1671
7732 5565
7732 3939
7732 4589
7732 9826
7732 5552
7732 2139
7732 1886
7732 3063
7732 1236
7732 4112
7732 3404
7732 5807
7732 1338
7732 3123
7732 7321
7732 7101
7732 6964
7732 9659
7732 2227
7732 1839
7732 5783
7732 5404
7732 3429
7732 1126
7732 1674
7732 6128
7732 8587
7732 2030
7732 9788
7732 5588
7732 4568
7732 6190
7732 1254
7732 8885
7732 2908
7732 6154
7732 4869
7732 9056
7732 5043
7732 3398
7732 252
7732 6488
7732 9615
7732 9393
7732 414
7732 5597
7732 2618
7732 7058
7732 1549
7732 223
7732 3788
7732 2420
7732 7586
7732 8560
7732 2661
7732 3662
7732 7393
7732 7299
7732 9270
7732 8404
7732 6606
7732 2891
7732 206
7732 8536
7732 591
7732 3430
7732 6361
7732 4558
7732 2747
7732 2848
7732 8959
7732 5591
7732 7989
7732 4341
7732 3901
7732 9864
7732 3360
7732 5193
7732 5792
7732 6799
7732 964
7732 4466
7732 9898
7732 5988
7732 7788
7732 8149
7732 6379
7732 7206
7732 9668
7732 4325
7732 8896
7732 3799
7732 7733
7732 4671
7732 4924
7732 8508
7732 1568
7732 3997
7732 7325
7732 5353
7732 2806
7732 8653
7732 7360
7732 1805
7732 6719
7732 7432
7732 5880
7732 5086
7732 8642
7732 8052
7732 9695
7732 6642
7732 1013
7732 5912
7732 5722
7732 58
7732 6954
7732 9156
7732 9721
7732 4421
7732 6916
7732 6111
7732 8345
7732 3833
7732 1971
7732 6587
7732 6795
7732 4357
7732 7438
7732 3722
7732 1719
7732 9223
7732 1411
7732 3172
7732 2878
7732 9691
7732 8322
7732 3724
7732 5195
7732 5680
7732 5875
7732 4105
7732 9540
7732 4636
7732 7672
7732 7567
7732 9818
7732 785
7732 2022
7732 8442
7732 6953
7732 2954
7732 909
7732 7702
7732 7585
7732 9527
7732 1809
7732 3659
7732 9867
7732 5765
7732 5061
7732 7242
7732 1900
7732 2520
7732 8761
7732 7380
7732 5240
7732 4070
7732 4535
7732 6155
7732 3747
7732 320
7732 9069
7732 9207
7732 6772
7732 6711
7732 9541
7732 2708
7732 7620
7732 5905
7732 9298
7732 5139
7732 31
7732 6212
7732 289
7732 4460
7732 9778
7732 4575
7732 2335
7732 2062
7732 4579
7732 7476
7732 9855
7732 1926
7732 7107
7732 2434
7732 6979
7732 4273
7732 3274
7732 1658
7732 7686
7732 9911
7732 9978
7732 2128
7732 7082
7732 4749
7732 1463
7732 3203
7732 6723
7732 470
7732 2496
7732 1317
7732 5002
7732 6782
7732 6931
7732 1773
7732 744
7732 1542
7732 6940
7732 3702
7732 7508
7732 2102
7732 5973
7732 1772
7732 1525
7732 1531
7732 491
7732 3311
7732 955
7732 6534
7732 1462
7732 6395
7732 8891
7732 8775
7732 6305
7732 2578
7732 512
7732 2027
7732 127
7732 2354
7732 2714
7732 4144
7732 8170
7732 5006
7732 5017
7732 8010
7732 9353
7732 5633
7732 3900
7732 1308
7732 6081
7732 8858
7732 6821
7732 5176
7732 404
7732 1745
7732 4496
7732 6528
7732 8411
7732 6858
7732 1651
7732 1043
7732 6209
7732 5433
7732 5491
7732 3760
7732 1828
7732 1328
7732 5882
7732 1393
7732 3476
7732 2091
7732 5081
7732 427
7732 5012
7732 8247
7732 6201
7732 9446
7732 1852
7732 1997
7732 2158
7732 3368
7732 2539
7732 2295
7732 2233
7732 6736
7732 564
7732 9815
7732 7925
7732 1757
7732 2113
7732 1211
7732 5149
7732 3401
7732 3286
7732 5780
7732 7947
7732 9532
7732 7136
7732 1454
7732 4971
7732 8436
7732 9674
7732 6533
7732 975
7732 1831
7732 8803
7732 7475
7732 9028
7732 5779
7732 1397
7732 7191
7732 6377
7732 525
7732 8950
7732 84
7732 837
7732 1736
7732 2623
7732 205
7732 8946
7732 5399
7732 639
7732 7302
7732 6397
7732 1348
7732 2260
7732 3271
7732 278
7732 4995
7732 1069
7732 3001
7732 4766
7732 1405
7732 7189
7732 3934
7732 4818
7732 4350
7732 4311
7732 6102
7732 4252
7732 614
7732 9763
7732 6622
7732 3947
7732 8161
7732 9231
7732 2664
7732 5163
7732 107
7732 6857
7732 2823
7732 4280
7732 6731
7732 4607
7732 7233
7732 3441
7732 3180
7732 9684
7732 8862
7732 9352
7732 4485
7732 2287
7732 2058
7732 7758
7732 2675
7732 2137
7732 9237
7732 1986
7732 7433
7732 6505
7732 9851
7732 921
7732 9241
7732 6578
7732 5566
7732 9272
7732 423
7732 9931
7732 4999
7732 6738
7732 771
7732 8547
7732 4695
7732 5270
7732 3379
7732 3835
7732 1027
7732 9021
7732 8158
7732 7777
7732 5158
7732 6742
7732 3447
7732 445
7732 5928
7732 263
7732 6216
7732 7290
7732 9487
7732 80
7732 4912
7732 977
7732 2807
7732 7436
7732 1094
7732 5474
7732 5282
7732 8531
7732 268
7732 552
7732 3832
7732 1177
7732 3918
7732 2863
7732 8610
7732 275
7732 6172
7732 8217
7732 3612
7732 5921
7732 9312
7732 3860
7732 7838
7732 9354
7732 3783
7732 4528
7732 9116
7732 8499
7732 5470
7732 1608
7732 1309
7732 873
7732 2949
7732 8520
7732 3552
7732 7491
7732 1109
7732 2722
7732 6108
7732 6627
7732 4152
7732 9515
7732 4001
7732 9768
7732 7991
7732 4755
7732 3041
7732 292
7732 2542
7732 2121
7732 1759
7732 7858
7732 711
7732 7750
7732 326
7732 4937
7732 7192
7732 1357
7732 8792
7732 9598
7732 9604
7732 7632
7732 3414
7732 6796
7732 3658
7732 800
7732 1066
7732 5707
7732 2810
7732 6039
7732 8550
7732 3743
7732 1039
7732 3289
7732 9793
7732 3302
7732 1486
7732 2445
7732 6489
7732 6242
7732 6745
7732 8911
7732 9227
7732 5111
7732 4863
7732 2363
7732 8365
7732 8068
7732 9030
7732 6766
7732 6495
7732 2840
7732 1800
7732 8918
7732 9303
7732 4157
7732 9689
7732 6037
7732 9012
7732 9906
7732 945
7732 7080
7732 7792
7732 138
7732 8895
7732 5789
7732 822
7732 961
7732 7371
7732 8198
7732 9166
7732 1851
7732 1078
7732 790
7732 4058
7732 2452
7732 6229
7732 5278
7732 3272
7732 6485
7732 7841
7732 4953
7732 7367
7732 7902
7732 8881
7732 4910
7732 9687
7732 2500
7732 3328
7732 2978
7732 7679
7732 6757
7732 5665
7732 9952
7732 996
7732 7305
7732 9310
7732 3421
7732 1192
7732 6262
7732 6147
7732 9475
7732 7927
7732 8702
7732 3345
7732 8355
7732 4830
7732 5418
7732 455
7732 7739
7732 6101
7732 3119
7732 3241
7732 7042
7732 8122
7732 5233
7732 4143
7732 7026
7732 8403
7732 5652
7732 5171
7732 9870
7732 1103
7732 9572
7732 5430
7732 2276
7732 3313
7732 5285
7732 9464
7732 8798
7732 5582
7732 6199
7732 1137
7732 5624
7732 7810
7732 8284
7732 609
7732 7583
7732 6726
7732 824
7732 2044
7732 4268
7732 3097
7732 7421
7732 9057
7732 3566
7732 6335
7732 9194
7732 3002
7732 2392
7732 1023
7732 104
7732 2650
7732 5657
7732 7755
7732 3667
7732 9372
7732 86
7732 1695
7732 3963
7732 9544
7732 8337
7732 4774
7732 4771
7732 2738
7732 9723
7732 9114
7732 2352
7732 5651
7732 4701
7732 3497
7732 7224
7732 7760
7732 7744
7732 1882
7732 9862
7732 9620
7732 9759
7732 5812
7732 957
7732 3664
7732 3697
7732 8178
7732 2196
7732 5235
7732 9987
7732 730
7732 3769
7732 1084
7732 2163
7732 5572
7732 9049
7732 9294
7732 4922
7732 5400
7732 4571
7732 1544
7732 387
7732 5547
7732 2038
7732 9530
7732 8716
7732 2085
7732 7044
7732 6435
7732 9745
7732 9016
7732 9893
7732 2382
7732 2685
7732 556
7732 6644
7732 9314
7732 2803
7732 8573
7732 390
7732 493
7732 7522
7732 71
7732 5590
7732 12
7732 9603
7732 516
7732 5853
7732 3324
7732 4082
7732 5083
7732 2429
7732 8323
7732 9828
7732 6052
7732 9158
7732 2090
7732 148
7732 312
7732 7979
7732 7030
7732 6436
7732 7521
7732 7284
7732 4654
7732 9451
7732 8341
7732 2023
7732 9642
7732 8153
7732 235
7732 5844
7732 8353
7732 3214
7732 5775
7732 5686
7732 6552
7732 426
7732 8133
7732 5305
7732 5754
7732 4047
7732 6221
7732 8599
7732 4655
7732 4351
7732 7871
7732 5549
7732 36
7732 6136
7732 6841
7732 5179
7732 7012
7732 1903
7732 2110
7732 4383
7732 4660
7732 5265
7732 7924
7732 469
7732 2736
7732 1423
7732 6561
7732 9036
7732 4708
7732 5263
7732 1807
7732 2172
7732 6517
7732 9095
7732 9501
7732 6897
7732 9563
7732 8928
7732 882
7732 2070
7732 5281
7732 1536
7732 2712
7732 145
7732 6532
7732 1467
7732 6275
7732 489
7732 7549
7732 2797
7732 9110
7732 2844
7732 3135
7732 4158
7732 2947
7732 4358
7732 7577
7732 9976
7732 1381
7732 377
7732 3006
7732 8603
7732 7015
7732 1977
7732 544
7732 1826
7732 3679
7732 1792
7732 1461
7732 2698
7732 617
7732 6431
7732 8364
7732 8156
7732 1187
7732 892
7732 6390
7732 3362
7732 5173
7732 7064
7732 925
7732 4741
7732 7691
7732 1470
7732 8174
7732 1682
7732 7203
7732 7825
7732 6107
7732 7096
7732 386
7732 6911
7732 7634
7732 5787
7732 6480
7732 3480
7732 7959
7732 8049
7732 6735
7732 513
7732 8097
7732 9373
7732 2342
7732 7576
7732 5693
7732 2138
7732 6540
7732 3575
7732 8863
7732 9950
7732 719
7732 3257
7732 2970
7732 5669
7732 4059
7732 1440
7732 5739
7732 6604
7732 8016
7732 9909
7732 6268
7732 4219
7732 960
7732 624
7732 9590
7732 915
7732 8160
7732 1016
7732 4856
7732 2057
7732 2248
7732 7156
7732 8281
7732 9078
7732 7139
7732 3492
7732 9276
7732 3673
7732 4446
7732 9729
7732 4652
7732 7768
7732 7409
7732 2705
7732 8767
7732 8114
7732 7172
7732 7339
7732 6168
7732 9480
7732 7382
7732 8362
7732 3520
7732 2832
7732 8690
7732 3633
7732 9675
7732 7077
7732 4780
7732 8581
7732 4022
7732 9175
7732 9441
7732 3158
7732 3524
7732 1785
7732 3490
7732 6740
7732 9679
7732 7385
7732 9288
7732 4786
7732 9452
7732 9694
7732 3248
7732 7983
7732 7405
7732 8608
7732 6541
7732 880
7732 6458
7732 8663
7732 935
7732 2549
7732 5635
7732 5890
7732 7165
7732 5660
7732 294
7732 7251
7732 9041
7732 8127
7732 8438
7732 2864
7732 2934
7732 7804
7732 5452
7732 5964
7732 4111
7732 2215
7732 6635
7732 9628
7732 8138
7732 8107
7732 5276
7732 3818
7732 652
7732 9307
7732 142
7732 5147
7732 2331
7732 3253
7732 256
7732 9496
7732 7820
7732 7486
7732 8463
7732 6546
7732 9773
7732 6032
7732 3026
7732 3766
7732 8029
7732 3728
7732 2456
7732 7563
7732 4278
7732 5827
7732 3976
