1385 1444
1149 1704
1879 1885
445 1292
875 1290
146 1405
1196 1978
930 1899
1475 1642
1066 1479
1424 1470
1551 993
679 19
1554 1391
1671 1717
1170 625
1201 1701
878 789
1009 42
1779 1600
1078 1228
909 583
970 364
1215 512
1954 218
1062 1620
66 991
1133 142
1901 1241
440 1104
503 114
1460 739
124 415
755 881
646 1836
930 1405
1748 1289
1306 1698
1899 1405
1473 1409
1678 1600
1987 21
1970 134
1651 349
1467 199
1811 1642
735 739
1937 13
1746 1168
489 405
1197 398
707 1576
650 1835
570 1037
1558 1572
33 691
1334 1792
815 1819
1486 10
1259 278
957 726
1952 13
605 586
749 359
58 1986
1732 689
1621 677
1081 1943
1879 470
1568 1702
1070 260
1640 67
1187 3
211 1599
607 583
276 1749
1506 903
96 1132
536 1831
529 903
529 1506
370 1042
564 1831
1595 57
703 824
184 652
1568 1392
1381 257
238 528
1167 989
1551 1142
640 149
1133 793
1521 799
564 536
1159 939
1793 1036
946 1815
1438 1993
70 1978
117 528
1395 419
735 1460
1686 852
1567 82
151 1744
1962 1972
1678 1779
44 1823
998 674
479 1978
1361 654
445 1391
607 909
1952 1937
1962 1263
365 295
1702 1392
173 1270
354 907
1636 1681
389 1677
283 833
1954 616
1568 435
197 405
499 589
345 880
2 684
307 1720
1327 1566
1786 1898
1292 1391
574 327
1397 898
1427 189
1972 1263
1994 1798
1267 914
1954 1359
1074 1451
1197 1085
1412 603
398 1085
1229 68
810 1023
713 866
95 1058
1856 1572
1171 587
762 1762
1077 410
1769 881
870 204
1314 1875
1384 1155
890 295
1015 1378
1150 960
930 146
1304 993
957 569
1502 1414
631 587
711 1998
126 663
46 1135
616 1359
1654 326
1211 1795
1181 1277
1669 960
1314 262
1961 349
716 520
823 1858
465 1089
730 1289
890 365
1159 1278
1304 1142
1458 580
1987 1518
1400 803
208 275
445 1554
319 951
312 348
1909 287
1260 1958
561 1571
939 1278
678 1228
370 1539
1418 1720
1306 683
735 1119
1630 80
1475 218
1878 469
1382 1890
968 858
283 18
704 1104
22 739
1421 1055
679 1917
519 1668
566 10
1896 416
664 993
2 712
1811 218
1793 1302
1698 683
1268 838
1702 435
1093 1720
1882 888
307 951
462 295
1560 414
1267 1513
105 836
280 1776
1338 1761
1371 1391
1101 708
1899 146
1875 262
1326 1795
902 262
902 1875
664 1142
1654 1459
142 793
452 262
452 1875
1229 1789
876 1915
1755 376
1598 162
1803 159
276 336
307 319
953 433
1551 150
1460 1119
289 1993
1046 1278
485 296
44 350
21 1518
1475 1359
726 569
1883 30
1292 1554
370 1096
562 1203
1441 1666
1731 700
1723 338
1022 460
33 1599
1195 41
75 1729
452 902
1811 1359
229 1865
454 667
1418 951
1715 301
462 365
830 850
1874 834
1297 1537
1046 939
1361 1344
1281 314
1072 425
1093 951
1368 798
452 1314
1643 215
1922 1876
902 1314
721 550
1794 182
871 1576
1046 1159
445 129
1567 1445
1551 1774
1475 616
1213 983
800 405
971 230
1786 798
1113 257
1239 1221
324 1572
1304 150
1627 901
1811 616
283 1626
1418 319
68 1789
1156 1121
1338 1740
656 87
196 900
1077 668
1093 319
60 367
333 1836
875 1824
1837 189
680 87
1952 1321
1855 166
1165 563
729 457
1926 437
1304 1774
1283 419
322 683
1716 1130
1219 1865
1782 814
1786 1368
137 748
1595 1618
462 890
235 549
875 1091
1712 1103
1292 129
664 150
680 656
1636 892
716 1224
833 18
987 747
1521 1531
14 1121
106 1569
675 1405
664 1774
1514 1085
1093 1418
1968 30
691 1599
823 1061
1824 1091
1660 1753
1642 218
1786 999
1937 1321
1797 1503
1689 394
524 802
524 290
1892 1959
802 290
1056 627
1642 1359
1254 693
14 1156
1509 1428
1368 999
126 78
893 584
1955 624
1616 1409
466 161
1577 1411
1283 1395
893 1561
730 1748
1382 262
150 1774
1930 340
1900 1263
584 1561
1787 1928
218 1359
1219 229
1015 941
59 337
1554 129
1334 994
501 1757
862 41
1604 1843
1453 560
571 32
1382 1875
464 515
819 1979
574 358
238 610
993 1142
1129 1351
117 610
1371 129
1358 793
731 1060
730 415
851 87
22 1119
361 654
662 739
551 792
1304 1551
1890 262
1371 1554
1908 1838
1093 307
138 600
1689 795
1898 798
799 1531
1568 867
1448 1718
1748 415
1323 93
1468 798
1261 1719
1900 1972
1165 380
1468 1898
1832 683
570 1650
1720 951
1890 1875
1148 603
1904 422
1904 210
44 1456
361 1344
664 1551
1393 617
1954 1446
863 1978
1687 1142
1120 341
116 80
486 1566
1994 768
1687 993
800 197
1382 1314
1453 1258
522 1905
1793 1771
1642 616
117 238
870 1594
1608 1085
443 1662
198 1749
1711 1221
1468 999
1567 143
664 1304
654 1344
1522 290
1687 1774
730 124
422 210
1585 384
1486 1472
1877 455
1418 307
452 1443
1358 142
454 279
282 1027
354 1235
281 412
755 1663
1769 1663
1954 3
1769 755
1751 1646
902 1443
1584 1097
452 974
1687 150
728 1978
563 380
1604 213
1898 999
1536 1600
1874 1762
1219 135
902 974
1475 1446
1208 695
1176 244
538 1230
1994 1018
1300 1789
704 440
1811 1446
1083 1997
1426 1392
833 1626
105 329
1213 879
526 149
971 414
800 489
1890 1314
1552 1145
1930 1142
993 1774
565 295
1772 244
1673 709
800 1838
1164 327
885 1530
1930 1774
678 1078
1930 993
1841 510
95 455
1823 350
333 646
791 1846
1475 3
489 1838
340 1142
1811 3
1521 1854
1417 311
1954 1187
340 1774
1382 1443
242 1001
931 1301
800 1908
664 740
1930 150
33 211
1658 1315
1272 1696
340 993
1382 974
1150 1836
1669 1836
229 135
1304 740
851 656
1336 1859
95 1877
1142 1774
1426 435
1290 1091
1669 1150
522 1050
1210 19
116 1630
473 936
340 150
1748 124
1333 1858
1267 1374
1180 1572
1743 839
259 1184
1373 926
931 1031
778 747
1468 1368
1475 1187
44 1885
757 417
662 1119
1532 513
1000 859
81 1091
1811 1187
44 470
968 212
1300 68
326 1459
184 1123
663 78
699 831
489 1908
1551 740
173 233
66 1624
1109 710
1892 1242
467 1500
1798 768
971 1560
1267 951
968 1979
547 301
1608 1514
479 70
526 640
1057 1842
1040 1590
197 1838
198 336
1989 1024
212 1979
1245 747
1847 1012
1896 532
855 549
1767 592
1325 162
560 1258
1541 513
1890 1443
1374 951
800 1889
836 329
1164 358
566 1472
1952 1097
1890 974
921 1905
1743 252
878 972
1400 983
1545 275
1693 1258
1267 1720
1046 302
81 1290
110 549
1693 560
237 1688
1678 1543
1302 1771
971 1580
1786 868
1377 901
59 549
628 275
1687 740
1585 637
799 1854
242 1667
1952 1584
1959 1242
1333 1061
1473 1998
1930 740
960 1836
1243 1117
156 903
1754 1045
1937 1097
1761 1740
834 1762
1874 762
993 150
875 936
565 365
44 1879
1141 548
1382 902
337 549
297 1531
1560 1580
875 473
1294 1055
1897 182
1616 1998
1798 1018
855 235
222 651
855 1139
1267 319
1930 1687
235 1139
1374 1720
340 740
1913 448
1821 809
1817 1932
1694 1001
1812 1915
1661 572
1046 29
1642 1446
59 110
201 1774
1522 802
771 419
702 1925
1210 1917
1046 1115
1046 1504
881 1663
197 1908
1433 1168
59 1139
1115 1504
110 1139
1326 1211
577 1717
1937 1584
59 235
921 1050
95 1902
230 414
110 235
1400 879
608 1776
574 1205
728 863
489 1889
1382 452
1608 398
789 972
1558 1084
1642 3
706 1341
1885 470
1533 839
201 1142
370 1939
1930 1551
337 1139
29 1504
1956 1136
429 1918
1300 1229
918 1104
1735 1790
292 367
1527 26
1644 1436
1919 1341
478 1403
327 358
130 504
1608 1197
389 433
1811 1475
1811 1954
1475 1954
1442 1503
1627 1432
1775 1415
1427 1710
1330 41
201 150
1036 1771
1222 1045
337 235
1633 344
1468 868
29 1115
270 69
1658 634
256 425
1900 1962
6 805
496 794
201 993
1062 916
1896 251
596 1590
1711 1239
628 1545
1389 404
724 1981
1502 1677
759 1606
22 1460
1779 1543
322 1698
800 1039
672 831
1533 252
230 1580
1222 1754
612 303
1692 1085
1687 1551
1374 319
1821 626
1513 951
914 951
197 1889
809 626
1426 1702
1549 580
1694 1667
895 363
953 1451
95 886
1604 1016
971 748
406 1032
66 901
81 1824
59 855
878 1528
1793 1264
201 740
467 291
1913 790
1371 1292
148 94
340 1551
414 1580
378 926
1616 1473
1409 1998
1678 744
104 1762
567 102
297 1854
44 1185
195 1600
1642 1187
1840 1927
1746 954
1462 606
1249 673
1595 1501
914 1513
1502 433
796 1802
1856 1084
1213 463
1046 872
1786 8
1173 756
1755 592
1930 1304
1632 1329
785 1858
803 983
771 1395
370 1117
570 1269
553 818
596 1040
1282 1606
1400 463
280 1298
1353 569
63 1313
731 1414
381 1915
60 972
1037 1650
1952 257
862 1195
1558 751
340 1687
1830 1241
1784 94
971 137
1766 1200
914 1720
611 805
1334 404
1811 692
354 975
105 305
1513 1720
302 1504
1669 646
1475 692
1400 1213
1377 1432
789 1528
1681 892
1552 1865
785 1061
1150 646
711 1685
1035 1929
395 555
1033 1495
1314 1443
1811 55
667 279
1828 221
40 1082
1368 868
1977 843
1475 55
1837 1710
1300 1572
292 972
1937 257
1677 433
378 1373
1994 1806
390 159
1426 867
1624 901
938 405
1542 410
987 1734
1328 417
1560 748
459 78
1229 1572
1984 99
1552 135
1522 524
1314 974
993 740
1468 8
1142 150
1060 1414
461 114
1908 1889
544 647
1267 307
865 140
1583 896
179 134
367 972
406 1517
1954 692
849 204
803 879
286 30
68 1572
294 100
968 819
1896 1379
66 1432
1954 55
81 936
1801 514
1693 1453
1111 1566
59 900
230 748
858 1979
104 834
1811 417
1583 1279
1541 1532
1930 664
1363 1641
914 319
1475 417
1811 1328
1000 651
155 139
1475 1328
1952 1113
1513 319
855 900
953 1074
156 1506
1789 1572
571 1771
604 1085
1751 1690
1856 751
81 473
1164 1205
60 1528
302 1115
1902 886
1877 886
1877 1902
1448 332
424 1973
370 1243
110 900
849 1594
1952 1381
745 1925
1171 1576
1502 389
631 1576
337 900
2000 80
538 983
1779 744
1536 1543
891 1637
489 1039
806 78
1619 1178
292 1528
1939 1117
676 1592
1869 839
1412 840
340 1304
1937 1113
1755 1767
1134 228
20 79
1954 417
1811 757
1267 1418
1446 3
565 890
1584 257
354 275
1275 1836
1475 757
247 358
1042 1539
1937 1381
1142 740
1647 329
1315 634
657 287
367 1528
1062 132
1954 1328
538 879
1485 123
630 587
1869 252
201 1551
716 456
1046 90
66 1377
1786 717
61 24
150 740
53 1696
635 262
1511 410
930 384
488 1836
246 71
1913 1884
896 1279
1306 493
1502 1451
931 1179
1604 250
197 1039
1433 954
324 1084
13 1321
414 748
930 637
1230 983
267 1831
1046 1390
383 123
183 1278
1715 842
371 528
1898 868
1007 528
1032 1517
104 762
1624 1432
735 1344
706 226
1824 936
1552 229
1170 349
1424 101
1560 137
1021 508
1334 1389
1919 226
1952 1463
389 1451
1290 936
230 137
1823 1456
1702 867
1954 757
1097 257
1002 1553
222 546
13 257
322 493
1321 257
1007 371
1282 759
608 1298
1230 879
13 1097
337 110
1468 717
938 1838
672 699
1865 135
383 1485
594 801
1913 1212
1412 708
66 1627
204 1594
230 1560
1046 859
1786 797
803 463
1290 1824
1321 1097
979 1719
1742 1590
1938 1700
1937 1463
538 463
542 368
635 1875
1363 80
571 1036
724 1599
538 803
1046 651
1542 668
1442 1797
1406 587
241 838
731 433
96 880
1896 1028
735 654
1000 546
575 1876
1290 473
1686 1087
981 1091
1687 1304
971 84
706 115
1267 1093
1062 1116
185 1329
1440 1774
1616 1685
1919 115
331 1988
778 1734
730 65
1899 384
1608 983
1644 543
1824 473
1823 470
1905 1050
1698 493
1536 744
339 1416
1245 1734
1899 637
994 404
935 376
931 674
1608 879
1858 1061
549 1139
1468 797
1046 546
1878 1703
911 548
343 1663
374 942
1068 1262
1823 1885
837 35
938 1889
1046 1000
1046 222
1847 41
1060 433
59 196
1692 1514
2 978
1000 222
571 1302
1558 1675
1946 262
1336 330
1896 1055
930 1585
975 275
1473 1685
1956 418
1608 1230
1994 982
1692 398
1608 463
1148 840
1832 493
324 751
1230 463
1246 569
534 606
1641 80
836 305
1502 1074
1398 1727
1584 1113
467 1978
1361 1809
1692 1197
117 857
1608 803
1368 8
706 1971
1563 838
1919 1971
1440 740
991 901
32 1771
1814 334
895 1063
1812 876
1148 708
1511 668
1180 1084
201 1304
1584 1381
337 855
980 1662
259 19
1677 1451
887 1050
1608 538
616 3
280 1118
1042 1096
1083 780
612 1092
1068 719
340 664
354 1545
1377 1627
195 1543
238 857
769 1339
1914 1756
630 1576
1968 1883
938 1908
1642 692
887 1905
50 653
1028 1055
571 1264
953 1014
481 73
1642 55
1608 1213
1179 674
972 1528
1159 1504
337 196
735 361
940 1059
855 196
13 1113
320 626
1068 1770
1215 1518
625 349
1456 470
1792 404
110 196
1642 417
201 1687
13 1381
1552 1219
735 1809
1442 581
1568 951
1946 1875
987 988
1856 1675
731 1451
2 787
450 1846
960 646
882 1846
882 450
451 653
1145 135
678 1700
1936 1572
1595 1836
1741 69
354 628
1527 1696
1321 1113
1406 1576
1440 150
1120 1979
429 272
247 327
1966 1561
840 708
691 211
928 1296
1612 262
1890 902
455 886
22 1344
635 1443
635 974
1817 1041
1321 1381
1521 1757
226 115
333 123
735 1361
806 459
1730 888
1068 693
384 637
1514 398
361 1809
1136 418
1816 442
806 663
1060 1451
192 1064
459 663
395 10
538 1213
177 257
259 1917
1456 1885
967 897
1107 285
389 1074
631 1171
1608 1400
616 1446
1071 1831
1440 1142
611 6
218 3
497 1860
1145 1865
1952 811
28 1986
731 1677
938 1039
414 137
657 1909
333 1485
1007 610
1924 349
1913 801
991 1432
859 651
1180 751
1531 1854
1642 1328
1798 1806
704 844
55 417
447 71
1899 1585
1834 1439
939 1504
230 84
1584 1463
1533 1743
692 417
1651 1726
200 760
333 383
1879 1185
13 1463
1046 1564
1230 803
1563 241
1097 1113
1302 1264
291 1978
1918 272
1840 221
1500 1978
1330 1195
82 1445
1177 257
1692 983
1037 1269
1985 352
1261 1362
547 842
1502 1014
446 1017
1692 879
1937 811
371 610
370 1925
1011 1505
235 900
1500 291
1106 1988
381 876
705 1931
292 60
608 1118
1097 1381
1646 1690
1509 521
732 1729
1961 1726
226 1971
13 1584
1930 441
1159 1115
642 363
1832 1698
29 872
1560 84
645 295
1409 1685
1898 8
1321 1463
662 1460
873 18
1612 1875
587 1576
247 1205
1692 463
22 654
1613 93
893 812
1797 581
692 55
66 1262
924 257
146 637
1568 1720
1245 778
1440 993
146 384
1012 41
1642 757
1436 543
1859 330
14 316
716 303
1433 1746
1742 1040
66 719
195 744
1658 1590
1443 974
218 1446
66 1770
66 693
1360 27
1060 1677
834 762
1477 86
1770 693
1078 1700
126 199
977 257
963 1003
1363 2000
981 936
518 1572
1946 974
1946 1443
1031 674
1414 433
1904 1359
768 1018
1058 886
719 693
1913 594
997 1089
534 1462
377 572
1036 1264
731 1074
1608 206
1327 161
1301 674
1527 53
1568 319
1210 679
461 503
1692 803
635 1314
1461 1894
1669 123
201 664
1046 1763
1175 818
1363 1630
1010 634
1390 651
1927 221
1474 1277
1692 1230
1150 123
292 789
1786 1324
1692 1213
1994 1207
532 251
22 1809
1379 1055
1994 904
302 872
354 208
183 1504
1353 726
1514 1197
856 266
1097 1463
873 1626
1647 305
613 1717
968 102
2000 1630
370 745
1825 1444
177 1113
1892 1263
998 525
1814 1540
60 789
981 473
604 398
177 1381
370 702
662 1344
327 1205
1060 1074
1468 1324
115 1971
1896 1294
1669 1485
719 1770
1900 1603
1230 1213
1382 1753
281 1749
1120 858
1823 1185
90 651
1692 538
1773 1273
1426 951
1150 1485
555 10
1283 1674
604 1197
939 1115
1412 1101
604 1514
340 441
45 1130
1581 1492
705 1891
66 1068
604 983
1996 437
860 1572
604 879
1501 1836
1262 693
1282 652
1009 573
675 637
1682 232
1514 983
389 1014
721 898
324 1675
1776 1298
1377 693
1377 1262
1669 383
2 1876
177 1463
1514 879
339 301
1612 974
1612 1443
1222 683
1197 983
642 1063
1132 880
861 1544
1460 1344
1197 879
675 384
604 463
1855 1951
1414 1451
1177 1113
1150 383
22 361
1961 1651
281 336
1245 988
50 1108
1177 1381
1377 1770
2 575
451 1108
1377 719
1677 1074
1692 1400
1141 989
778 988
201 441
1521 501
66 1254
997 465
716 1092
183 1115
322 1306
607 15
398 983
1514 463
745 702
414 84
398 879
731 1014
928 385
718 1515
1330 862
957 1758
678 1938
1197 463
1527 1272
1558 1048
1627 693
1177 1463
632 392
1196 1203
1300 1084
451 50
924 1113
22 1361
318 756
1624 693
1959 1263
924 1381
935 592
63 949
1235 275
1180 1675
1212 801
597 805
192 258
837 159
1368 717
1134 1471
183 939
1981 1599
2 1922
676 1631
1627 1262
977 1113
1159 872
1884 801
1382 1660
1207 904
799 1757
1502 953
977 1381
398 463
1624 1262
177 1097
662 654
479 1203
1378 941
1068 1254
664 441
957 254
1823 1879
1692 206
1060 1014
1390 859
759 652
1627 1770
1511 1542
1908 1039
1624 1770
924 1463
1321 1584
1148 1101
1946 1314
334 1540
1627 719
1624 719
604 803
35 159
1624 1627
977 1463
1275 646
474 1492
1890 452
297 1757
1458 69
874 121
604 1213
684 712
1220 1242
662 1809
1283 585
32 1264
1672 1351
781 253
1209 973
731 389
1166 1076
70 1203
1608 852
968 567
899 460
815 839
1580 748
474 1581
992 528
478 1244
604 1230
1856 1048
194 1854
782 469
183 872
967 1718
884 695
59 514
90 859
891 1238
698 93
1160 964
566 1486
381 1812
1931 1891
1336 846
341 1979
983 879
1900 828
1884 1212
46 1091
354 580
938 197
1229 1084
815 252
1300 751
1658 1040
322 1439
13 811
1426 1720
110 855
776 405
172 262
370 1679
1857 1576
155 756
532 1055
488 646
1919 706
1873 404
1306 1439
1601 1774
1687 441
1896 1421
1617 1846
749 543
1374 307
1042 1117
1033 240
1601 740
927 1846
1251 1085
1957 907
911 989
1754 683
1776 1118
1390 546
1424 614
604 538
1368 797
1904 3
433 1451
914 307
1595 646
90 546
88 1018
1892 1972
395 1472
939 872
183 1159
732 75
1426 319
1477 1193
1702 951
68 1084
749 1436
59 1801
1377 1254
251 1055
1177 1097
654 1809
981 1824
1460 1809
1460 654
1715 1130
1416 301
322 1834
1315 1590
85 139
155 318
604 1400
183 302
991 693
1009 375
1536 1779
967 332
194 1531
1321 811
1181 973
927 1617
88 768
1622 1846
678 260
1612 1314
1306 1834
914 1374
724 211
1677 1014
1595 488
183 29
946 798
1689 920
1058 455
1774 740
901 1432
146 1585
1468 1786
979 1362
337 514
1098 1791
1391 129
1692 852
604 206
1832 1439
1113 1381
117 1100
1159 302
938 489
918 440
1514 803
897 1718
1904 1446
1584 811
1514 1213
90 1390
486 161
1010 1590
728 1203
1229 751
1565 1739
803 1213
191 1383
1898 717
462 271
859 546
2 122
1624 1254
1045 683
1259 1023
662 361
1144 1826
977 924
1120 212
297 799
1262 1770
1113 1463
991 1770
991 1262
201 340
1180 324
1381 1463
1060 389
1952 748
110 514
512 1518
855 514
1159 29
1924 625
451 1050
991 719
1706 739
177 811
1096 1117
1952 1580
50 1050
1758 254
977 1097
946 999
861 1635
95 1592
924 1097
238 1100
1243 1925
1151 1064
927 450
1197 1213
749 1644
776 1838
716 612
203 262
172 1875
1919 915
1595 1275
1789 1084
1640 1638
605 559
790 801
706 915
1197 803
1641 1630
675 1585
1977 279
662 1361
68 751
1698 1439
1617 450
1984 1265
1938 260
95 1631
1960 520
1627 1254
363 1063
1330 1431
1304 441
1832 1834
183 651
897 332
1539 1117
422 1359
1896 1691
337 1801
992 610
137 84
1937 748
208 580
1298 1118
724 691
1468 527
1715 45
960 123
1289 415
1341 1971
456 303
701 805
730 76
1615 740
1966 584
1377 1068
776 1889
1932 1041
611 1586
1786 527
398 1213
1937 1580
1350 64
547 1130
1400 206
1177 811
1798 982
1109 1791
1456 1185
1615 1774
451 1905
379 695
1959 1972
398 803
549 900
604 852
1890 1753
95 676
1878 10
46 936
1535 1705
50 1905
1151 258
1622 450
1821 1737
645 365
1468 1935
819 102
1320 1980
32 1036
952 1432
867 951
177 1584
1513 307
210 1359
1952 84
1904 218
261 1024
616 1187
1109 1098
1898 797
1749 336
183 546
1144 420
1904 1187
1904 616
1952 137
448 801
110 1801
1786 1935
977 811
1618 1836
855 1801
1568 307
82 143
924 811
1159 651
963 437
183 859
1595 123
1010 1315
1514 1230
1821 1810
218 1187
538 206
343 881
1568 1513
952 901
1643 209
917 134
1180 1048
735 1953
479 1196
1268 1606
1414 1074
1108 1050
1847 1195
1181 1209
1129 1359
931 525
1650 1269
1184 19
452 1753
85 756
1848 1851
1966 812
1826 420
1789 751
1300 1675
1937 84
1698 1834
1386 1718
800 1422
183 1390
412 336
12 460
918 844
1601 150
1386 332
628 580
1937 137
1533 338
732 1553
183 90
412 1749
1624 1068
882 791
276 1629
1275 123
324 1048
1283 109
1075 1771
1343 903
1120 102
29 651
172 974
1347 274
1220 1263
1078 260
46 473
1920 1168
806 199
1135 1091
991 1254
302 651
32 1302
172 1443
1595 960
557 1637
1595 1485
1568 1374
1960 1224
960 1485
529 1813
413 71
530 1497
1097 811
1853 1104
183 222
44 740
203 1875
1857 587
1382 742
1282 1123
981 1290
1658 1742
488 123
1939 1925
1493 1557
634 1590
771 1674
1957 275
1672 1359
1159 546
1592 1631
548 989
44 1774
1718 332
939 651
394 795
61 913
1228 1700
810 244
1120 819
297 501
1514 206
1129 210
218 616
1568 914
1702 1720
177 1321
1595 383
1351 1359
725 964
883 416
776 1039
952 693
1952 414
1545 580
675 146
57 1836
862 1431
139 756
456 1092
547 45
845 9
103 93
14 1399
538 1400
1197 1230
883 1055
1440 1551
1108 1905
1165 1819
653 1050
1159 859
1325 1598
902 1753
116 686
416 1055
1934 1457
1619 425
259 679
809 1737
302 29
1890 1660
1177 1584
863 1203
1414 1014
1275 1485
1815 798
1106 331
799 501
1608 1087
1480 1557
207 1663
809 1810
1184 1917
1229 1675
1706 1119
584 812
1735 1652
1601 1142
731 953
320 1737
6 1586
516 1258
1267 1929
320 1810
1460 361
1622 1617
965 100
960 383
1828 1807
1197 206
1702 319
1647 836
1743 338
1859 846
1937 414
771 585
1514 1400
1386 897
302 546
488 1485
983 463
1904 417
1920 954
743 739
1568 1418
29 546
666 864
1064 258
939 546
1748 65
977 1584
939 29
320 809
459 199
1514 538
1458 1741
1847 1431
1869 338
440 844
1003 437
1397 1411
952 1770
971 1047
398 1230
85 318
203 974
939 302
1514 852
183 1000
538 852
398 206
203 1443
435 951
1538 641
1815 999
90 222
1246 726
1230 206
1111 161
705 1836
952 1262
13 748
1002 373
68 1675
1400 852
952 719
1480 1493
1159 1390
901 693
1692 1087
1275 383
658 1432
452 1660
927 791
1952 1560
1460 1361
379 884
22 1953
776 1908
1931 1836
1582 1518
214 129
1120 567
1283 1708
1686 808
1936 1084
1268 652
183 1564
1129 422
1615 150
924 1584
1159 222
1891 1836
1607 1831
1896 1034
1341 115
555 1472
75 1553
939 859
653 1905
1159 90
439 508
13 1580
1197 852
1847 862
1869 1743
44 150
658 693
177 748
1095 712
1135 936
116 1639
1737 1810
155 1173
1392 951
154 129
488 383
1161 1978
1010 1040
1217 739
1440 441
1549 69
1622 791
931 998
1307 1310
302 859
1251 879
1694 242
1470 101
1251 463
44 1615
398 852
759 1123
1520 1771
270 498
1251 983
1031 1179
13 84
1129 3
29 859
1904 55
1321 748
354 69
104 1874
1274 941
658 901
1262 719
1242 1263
177 1580
1977 667
1878 1472
179 1970
421 336
1177 748
1937 1560
212 102
1617 791
422 3
214 1391
977 748
1432 693
518 1084
1627 1068
1904 692
354 1549
1952 230
177 84
1230 852
975 580
1353 254
350 470
1148 1412
604 1087
924 748
1197 1400
1936 751
443 1602
293 332
44 1142
952 1254
1095 684
1390 222
1300 1048
1177 1321
749 1309
1301 1179
53 1272
339 842
1703 10
1060 953
1789 1675
1672 210
1601 993
782 10
154 1391
1177 1580
1321 1580
1878 555
1512 107
782 1703
421 1749
1867 685
977 1580
1784 148
1148 537
13 137
1584 748
1412 537
1904 1328
1672 3
2 804
563 1819
479 562
1177 84
1509 187
1332 470
1321 84
1275 960
977 84
505 1662
871 707
210 3
183 1763
977 1321
1139 900
927 882
1220 1972
658 1770
924 1580
939 222
1798 904
902 1660
1840 1807
1315 1040
1332 350
1615 1142
1135 473
1145 229
939 1390
924 84
177 137
526 1237
283 1216
256 1072
293 1718
120 1771
1129 1446
518 751
991 1068
1000 1564
1351 3
914 1418
1353 1758
728 70
1616 711
156 1813
867 1720
1259 244
43 1590
658 719
1058 1902
1563 1606
1947 1189
445 1724
658 1262
957 889
398 1400
1332 1885
1196 562
1197 538
1075 1264
1002 750
1937 230
1798 1207
1568 1093
1960 303
1604 41
1985 591
662 1953
1046 304
467 1203
1426 307
1283 1396
206 852
883 251
1151 192
1356 1172
1584 1580
1243 702
1808 1405
1904 757
1584 84
1177 137
771 109
977 137
1622 882
728 562
44 993
268 1451
939 90
1363 686
705 57
339 1130
1580 84
946 868
860 1084
422 1446
743 1119
1814 231
1321 137
70 562
302 222
1952 1047
1371 1724
732 373
172 1314
1170 1726
1960 1092
924 137
1332 1185
1884 594
977 1177
1672 1446
1235 580
1551 441
1251 1213
1957 580
901 1770
449 149
1804 1528
522 1434
1035 1054
29 222
1716 1280
1421 1691
921 1434
464 1285
1351 210
350 1885
865 531
991 1627
1222 493
867 319
376 592
907 275
1957 1235
571 1793
1711 1594
1368 1324
95 52
1563 652
924 1321
843 279
1274 1378
302 1390
1386 967
1287 1444
728 1196
516 560
1251 803
1166 171
1608 808
411 42
490 1138
529 1459
658 1254
126 1467
1937 1047
1351 1446
1148 1611
922 1903
398 538
1159 1564
732 750
879 463
1672 422
1229 1048
1251 852
1363 1639
210 1446
454 93
488 960
46 1824
59 1355
1838 1889
1814 798
1097 748
860 751
1078 1938
469 10
44 1601
1199 1085
921 522
609 674
1931 57
1129 1187
231 798
1233 1055
1827 1997
194 1757
1821 1189
1584 137
1900 482
735 72
1406 630
179 1451
1412 1611
1217 1119
1251 206
401 275
554 19
1267 1054
803 852
1035 838
218 417
1513 1374
1183 1836
1692 808
320 1189
1658 596
29 1390
901 719
565 271
678 1070
1335 1829
1558 262
1520 1264
1267 838
819 567
1927 1807
1970 1451
1296 385
1159 1000
901 1262
1856 262
872 651
1267 1035
334 798
1097 84
1617 882
1458 498
1501 646
1023 244
1615 993
1042 1925
36 1278
26 1696
1814 999
971 1593
88 1806
1539 1096
401 907
1011 1286
259 1210
1821 1947
367 789
732 1002
350 1185
320 1947
771 1708
616 417
1053 1483
815 338
745 1679
1792 994
554 1917
1168 954
704 523
68 1048
231 999
177 13
1939 702
320 1821
1891 57
177 414
550 898
13 414
1672 1187
1180 262
1097 1580
1007 857
1054 838
1669 333
85 1173
1624 1377
1591 951
962 1241
1608 1686
1426 1374
302 90
842 1130
1952 1593
1243 1679
1426 1513
1501 123
139 318
1195 1431
156 1459
1354 1359
946 8
875 1370
1568 1929
542 1964
1913 1317
851 680
334 999
1246 254
1251 1230
1243 745
939 1564
1890 742
604 808
1115 651
422 1187
1936 1675
1952 971
1129 417
703 169
1213 852
883 532
1699 545
779 1318
241 1606
1423 336
977 414
1495 240
1540 798
120 1264
597 1586
611 313
1699 1050
1692 1686
1351 1187
1177 414
545 1050
1998 1685
354 1741
518 1675
241 652
1823 740
1129 616
705 1618
809 1189
341 858
1426 1418
1937 1593
1694 1979
1268 1123
203 1314
724 33
1413 1572
1251 1400
1538 1982
728 479
230 1047
1552 1771
242 1979
337 1355
861 552
1432 1770
1212 594
1852 1050
924 414
916 132
435 1720
1962 1603
1201 1844
1224 303
663 199
451 887
729 188
116 682
927 1043
168 10
1957 975
1898 1324
29 90
661 426
1129 218
1843 213
1558 1875
268 433
1488 405
782 1472
1606 652
1224 1092
1974 1670
1672 417
1351 422
1867 399
1344 1809
1966 893
1622 1043
1856 1875
1885 1185
935 1767
646 123
1540 999
1228 260
324 262
210 1187
1327 466
1159 1763
354 498
1930 1191
883 1379
1097 137
1759 332
621 798
564 1313
1180 1875
1470 614
1382 805
1488 1889
36 1504
1074 1014
1251 538
1939 1679
1423 1749
95 783
917 1451
829 674
1866 733
1832 1306
1723 119
179 433
1544 1635
1321 414
86 1193
1488 1838
303 1092
292 878
1852 545
1952 306
883 1028
1937 971
339 45
1246 1758
1351 417
1789 1048
1699 1905
771 1396
1558 974
823 380
177 1560
939 1000
50 887
1672 616
1300 262
520 1092
1178 425
422 417
1823 1774
520 303
1856 974
341 102
1931 1618
280 943
1267 652
208 69
1239 1594
1558 1443
1817 300
1392 1720
198 1629
803 206
1595 1150
901 1254
1922 122
576 1518
604 1686
1856 1443
1501 1485
952 1068
1180 974
1839 239
1267 1606
1595 333
435 319
1907 295
22 72
621 999
809 1947
1180 1443
1426 914
628 69
1031 525
1363 682
110 1355
13 1560
116 249
1715 1280
1682 1357
1440 1304
1852 1905
1924 1726
1077 1805
977 1560
1672 218
401 580
1301 525
1407 1118
1332 1456
1514 1087
635 1753
1419 690
278 244
302 1564
526 1688
860 1675
44 441
701 1586
1062 1029
823 1819
1385 509
1251 398
1942 80
472 647
1428 521
855 1355
582 420
1687 664
1937 306
1970 433
1539 1925
545 1905
529 326
1600 1543
1432 719
1150 333
1177 1560
977 13
518 1936
1877 1631
1595 1669
1617 1043
177 1047
1754 493
1096 1925
1416 1130
1129 55
1939 745
1500 1203
190 4
268 1014
210 417
179 1014
380 1819
1568 838
452 742
1351 616
638 892
1333 1819
268 1074
179 1074
977 1047
179 268
1240 71
1513 1418
534 615
1251 1197
1813 1459
13 1047
924 1560
1460 1953
461 951
1363 249
195 1779
1267 241
226 915
29 1564
642 895
354 1458
547 1280
1333 380
858 102
1129 692
1891 1618
1165 839
1474 973
938 1422
1803 540
872 546
1180 1856
1177 1047
939 1763
1030 508
1432 1262
1392 319
405 1889
1115 546
324 1875
354 270
1815 868
1759 1718
1165 252
1035 652
381 420
1545 69
1533 119
608 943
1229 262
1351 218
1442 1518
1251 1087
1115 872
1468 47
1946 1753
273 1572
36 651
924 1047
1129 1328
1300 1875
644 400
1741 498
1294 1691
1320 1055
201 1191
46 1290
1568 1054
1703 1472
1552 1264
371 857
1222 1439
971 306
1180 1558
1672 55
1970 1014
1879 740
1488 1039
422 616
1957 69
1458 270
177 230
1584 414
1093 1929
1354 3
1692 1608
1563 1123
1332 740
1197 1087
1711 204
292 135
156 326
1386 1448
1970 1074
1533 1723
293 897
1980 1055
1501 383
324 974
946 717
43 634
907 580
381 582
1219 1771
1960 456
68 262
705 123
1672 692
977 230
1300 974
324 1443
1035 1606
928 801
878 135
1292 1724
374 388
1799 739
44 1551
1199 463
1332 1879
1957 1545
1568 652
526 237
1300 1443
1426 1929
1612 1753
1456 740
398 1087
785 1819
61 1018
672 1700
451 1434
1199 879
1179 525
1379 1028
59 1870
1604 1012
1847 1330
467 863
1129 757
1877 1592
1437 1258
662 72
1672 1328
1733 1375
1622 927
291 1203
1321 1560
1321 1047
36 546
1351 55
1560 1047
13 230
422 218
1177 230
625 1726
1177 13
1199 983
1715 1716
1931 123
748 84
554 1184
1426 1093
470 1185
1604 1431
1442 576
1363 116
1419 453
1045 493
1869 119
882 1043
1568 1606
168 469
946 797
1300 324
60 135
50 1434
1591 1720
873 833
292 1865
917 433
1267 1123
916 1116
1520 1075
168 1472
177 1593
704 136
90 1564
705 646
1622 113
334 231
36 872
790 594
927 113
930 1596
924 230
469 1472
1351 692
141 1572
1054 652
758 100
1891 123
975 69
467 562
1729 1553
518 1048
977 1593
557 1238
912 1696
1145 1771
36 1115
1251 1514
878 1865
1229 1875
503 951
883 1691
1786 47
1078 1070
1789 262
917 1014
1416 842
575 122
1332 1774
210 616
1601 441
641 1982
1242 1972
1568 1035
1672 757
563 839
902 742
2000 686
1427 880
532 1028
1837 880
1012 1431
1351 1328
43 1040
1353 889
1177 1593
1936 1048
1604 1195
796 1027
1382 1586
1869 1723
1892 1603
134 1451
563 252
635 1660
1837 1427
422 55
13 1593
875 1983
863 562
726 254
547 1716
1962 828
1591 319
1931 646
70 1196
917 1074
1527 1569
1873 994
1371 445
705 1485
1199 852
564 949
658 1068
924 1593
481 355
1374 1418
914 1929
1815 8
1229 974
1879 1774
1547 1762
60 1865
229 1771
628 208
1812 420
1354 1446
1618 123
922 528
75 373
448 594
1229 1443
1235 69
1432 1254
1977 93
68 1875
1267 1563
1841 149
1505 1286
883 1294
1856 1558
61 768
405 1838
1426 838
1804 972
432 1990
350 740
194 501
811 84
1000 1763
75 750
1584 1047
992 857
212 567
526 1483
952 1627
1823 150
1583 674
532 1379
422 692
1891 646
1520 1036
782 555
538 1087
340 1191
1351 757
1931 1485
168 1703
605 255
1456 1774
210 218
1520 1302
631 707
1957 208
526 1053
1426 652
1730 1882
2000 1639
1180 1314
699 1700
68 974
1957 628
1946 1660
476 290
1897 1794
302 1763
932 1055
1968 784
36 859
811 748
785 380
1568 241
510 149
68 1443
1296 801
422 1328
1338 1451
210 55
1903 528
292 1771
518 262
1171 707
1233 416
177 306
1445 143
248 1528
1568 1123
634 1040
922 610
497 747
1891 1485
302 1000
702 1679
370 959
977 306
1406 707
1278 1504
1093 838
385 801
1382 701
1054 1606
878 1771
1120 968
1814 868
1885 740
1936 262
230 1593
1856 1314
1222 1834
860 1048
1558 1314
433 1014
1281 648
955 710
1075 1036
241 1123
1468 193
705 383
1093 652
23 94
1612 1660
337 1870
1615 441
411 573
88 982
1873 1792
1892 828
57 123
1321 1593
1584 1560
1617 113
60 1771
1406 1171
815 1743
368 1964
924 13
1789 1875
1075 1302
218 55
367 135
1321 230
1177 306
1595 1988
1426 1606
1219 1264
373 750
887 1434
36 222
1490 739
1225 1405
838 652
470 740
210 692
1382 597
979 1261
401 69
1042 1679
1890 805
883 1421
1604 862
1811 969
1426 1054
630 707
29 1763
924 306
1903 610
1549 498
13 306
120 1036
914 652
1877 676
1042 702
823 839
461 1720
1097 414
1185 740
1109 877
120 1302
1789 974
1931 383
914 838
292 229
823 252
1135 1824
1333 839
81 1370
6 313
210 1328
1616 760
1382 313
860 262
1382 6
422 757
815 119
1233 251
1706 1809
1251 808
1752 352
1199 1213
1789 1443
1406 631
1035 1123
1333 252
1579 149
645 890
1513 1929
1754 1439
1199 206
101 614
1354 1187
339 1280
789 135
1354 417
1799 1119
341 567
114 951
2 822
996 275
334 868
1892 1962
1187 417
1938 1070
160 693
566 989
1667 1979
299 690
978 787
1400 1087
912 26
1390 1564
1145 1264
1618 646
1278 651
432 739
639 1286
1489 798
1823 1142
120 1075
1743 119
461 319
1891 383
1699 653
381 1826
350 1774
1475 969
1267 1268
231 868
354 111
918 523
1865 1771
367 1771
1513 652
1990 739
367 1865
518 1875
996 580
806 1467
1300 1314
292 1264
1755 767
785 839
1230 1087
276 477
1618 1485
878 229
1338 134
1093 1606
1970 268
785 252
1183 123
672 260
1641 686
1929 652
1048 262
1097 1047
1987 1923
1632 494
1001 1979
1374 652
913 1018
29 1000
789 1771
716 1572
518 974
1643 1269
1113 84
1814 8
454 103
185 494
292 1145
878 1264
66 296
1706 1344
597 313
36 1564
815 1723
1007 1100
60 229
1936 1875
110 1870
1406 871
1199 803
1368 527
1584 1593
518 1443
1267 759
210 757
1702 307
1426 1123
1418 652
1616 200
1374 1929
154 214
861 1657
60 1264
914 1606
1489 999
380 839
36 1390
451 522
229 1264
1568 1563
1213 206
1513 838
1852 653
177 971
848 941
354 1777
220 1299
977 971
380 252
1957 498
44 1304
1883 784
1332 150
1786 193
218 692
1321 306
646 1485
275 580
1936 974
185 1632
571 572
789 1865
855 1870
1504 651
1488 1908
1381 84
630 1171
1371 243
1812 582
17 651
1148 91
17 1504
324 1314
616 55
289 1438
532 1691
1936 1443
1246 889
1595 331
1641 1639
1959 1603
983 852
135 1771
1591 1392
1514 808
155 1745
341 212
1160 687
1035 241
860 1875
1486 989
595 1405
1616 626
678 140
963 1996
1699 1108
631 871
1418 1929
452 805
1382 611
449 640
445 243
1368 1935
701 313
1885 1774
1012 1195
1045 1439
1442 1582
108 651
1010 1742
1338 1014
299 453
1374 838
57 1485
1113 748
1552 1036
1880 1359
1540 868
977 177
1552 1302
630 871
334 8
1382 1104
621 868
108 1504
1595 1106
860 974
1239 204
878 1145
57 646
1913 636
1343 1506
218 1328
1682 1515
1177 971
860 1443
1513 1606
292 1219
639 1505
1379 1691
1171 871
1426 241
451 921
36 90
200 626
181 1557
1815 717
470 1774
60 1145
1669 1988
1860 747
1418 838
50 522
1058 1631
883 1034
749 436
1899 1596
367 1264
630 631
1737 1189
1093 1054
896 674
980 1602
611 1104
1338 433
632 1063
231 8
1827 780
1857 707
597 6
721 1411
1426 1035
1852 1108
17 1278
168 555
486 466
134 1014
411 375
17 546
1338 1074
414 1047
1381 748
1183 1485
924 971
1957 1549
621 1540
1278 546
1148 1146
1229 1314
139 1173
526 49
628 498
1374 1606
1702 652
1199 1087
503 1720
24 1018
526 906
1584 230
1150 1988
1093 1123
1568 1268
1738 1836
907 69
725 687
789 1264
879 852
1183 646
1437 560
1568 759
1743 1723
1823 993
699 260
1694 102
914 1054
1815 797
1114 358
108 546
1185 1774
1929 838
1115 859
1322 1118
1233 1028
1341 915
1167 94
36 1763
914 1123
395 989
551 801
1618 383
726 1758
1878 989
49 906
1350 1041
208 498
1442 512
604 1608
1416 45
298 143
967 1448
1054 1123
1418 1606
1124 129
1985 1258
88 904
743 1809
1878 395
1957 1741
1268 759
1122 359
917 268
978 1876
1233 1691
1959 828
1462 615
1811 1232
542 1696
108 1278
902 805
242 102
946 1324
1699 1434
1490 1119
1332 1142
307 652
381 1144
830 1566
1584 306
635 742
1671 690
878 1219
401 1235
13 971
1468 504
503 319
1407 1298
2000 682
1678 1576
96 345
711 760
1591 435
60 1219
711 626
1279 674
760 626
978 122
68 1314
1480 853
1156 316
454 698
1180 203
1604 1330
1042 745
416 251
50 921
701 6
1028 1691
454 1613
339 1716
1852 1434
1197 808
1560 1593
298 1445
403 739
1343 1459
1354 55
621 8
612 1572
1539 1679
1960 1572
160 1770
1960 612
433 1074
432 1119
667 93
497 1734
1097 1593
811 1580
1412 91
85 1745
1879 150
1540 8
134 1074
913 768
882 113
1898 527
134 433
658 1627
1097 1560
1876 122
1552 1075
1929 1606
293 1448
1656 484
1946 742
1036 1302
1473 626
1865 1264
623 182
463 852
1233 1379
1513 1123
769 1906
367 229
97 483
1715 1768
230 306
1456 150
698 1613
1183 57
172 1753
1251 1686
333 1988
547 1768
787 122
88 1207
981 1370
1096 1679
616 692
485 1831
1267 1282
1595 315
1778 1049
1930 128
1475 1232
1545 498
1890 1586
1990 1119
398 808
1217 1809
1199 1230
1183 383
1671 453
1612 742
1199 1400
1165 338
156 529
996 69
776 197
81 1983
57 383
787 1876
36 1000
843 93
1473 760
183 304
1601 1551
1857 871
1354 692
1181 1578
1702 838
1506 1459
401 975
1230 1400
1354 616
1813 326
1374 1123
547 1715
1536 1576
1354 1328
131 886
705 1501
2000 249
1702 1606
456 1572
293 967
1898 1935
1267 184
650 1121
1107 174
1814 717
2 1339
1600 744
616 1328
280 321
160 719
869 752
743 1344
851 1889
1754 1834
1549 1741
1674 585
1019 1928
1878 1486
680 1889
1161 1203
1418 1123
469 1703
1108 1434
60 878
838 1606
1440 664
1810 1189
401 498
1702 1929
1412 1146
1513 1054
831 1700
1706 654
1233 532
918 136
917 1970
1814 797
160 1262
135 1264
1048 1875
1789 1314
17 872
1604 1847
1880 3
292 1302
1180 1753
1840 1828
292 1036
1426 1563
1300 1558
1220 1603
1812 1826
160 1254
218 757
90 1763
1989 1995
1522 929
92 1405
1046 153
975 498
992 371
789 229
1539 702
914 1093
711 200
1354 757
1167 23
601 1375
542 26
1873 1389
405 1039
1354 218
17 859
1568 1282
467 1196
1604 558
179 1414
1333 823
24 768
1224 1572
1755 239
195 1576
1957 270
1699 887
1115 222
1058 1592
851 1838
44 664
1332 993
1682 718
520 1572
608 321
1382 1853
776 489
528 610
957 1571
1504 546
1235 498
1568 184
366 99
108 872
1048 974
518 1314
66 1831
1702 1123
1866 30
867 652
1857 1171
1961 1915
680 1838
446 295
95 125
367 1145
334 717
937 1218
36 29
1382 844
635 805
201 128
108 859
1217 1344
44 1440
1096 702
1426 759
60 1302
1473 200
60 1036
461 1392
878 1302
878 1036
1199 538
1847 558
1048 1443
1755 1839
803 1087
1786 504
1500 562
1857 631
1946 805
992 1100
307 1606
1460 72
1458 111
17 222
1819 839
1300 1856
843 667
1852 887
467 70
1641 682
61 1806
1010 596
701 597
1113 1580
653 1434
114 1720
1612 805
1183 1618
1282 184
701 1104
1929 1123
1097 306
597 1104
44 1687
1797 1518
381 753
1233 1294
851 1039
421 412
820 770
163 415
350 150
334 797
1622 1227
1463 84
1819 252
17 1115
66 485
232 1357
1823 441
1591 652
1577 1599
371 1100
680 1039
1374 1054
851 405
42 573
347 1444
395 1486
782 989
1180 172
1930 1310
1793 572
1300 203
108 222
563 338
1262 1254
1669 331
1426 1268
176 308
105 1329
731 1502
1220 828
401 1545
1300 1753
680 405
307 838
231 717
1936 1314
46 1370
203 1753
1858 839
1856 1753
1931 1501
1468 130
1779 1576
1856 203
1858 252
416 1691
914 241
448 790
927 1227
811 137
2 1906
1111 466
367 1219
403 1119
435 652
1853 844
108 1115
1114 1205
1890 313
1078 140
1615 1551
44 1191
1675 262
452 1586
1440 1687
1558 1753
860 1314
461 652
114 319
1180 1660
223 10
1124 1391
1879 1142
1616 1189
1456 1142
1233 1421
1877 52
1671 299
1959 1962
952 991
1641 249
1093 241
209 1269
628 1741
1860 1734
1221 1594
168 989
1150 331
1046 409
231 797
1045 1834
17 1564
432 1490
1381 1580
872 859
448 1212
1456 1879
1327 56
2 769
292 1075
36 302
261 1995
166 1951
996 907
1858 1819
303 1572
554 679
1392 652
461 435
1199 808
981 1983
790 1212
341 819
1321 971
307 1123
339 1768
621 717
1558 203
1728 1648
704 1871
1333 338
172 1660
1616 1810
609 525
6 1104
823 338
1363 1157
789 1145
108 1564
427 506
1694 858
1878 566
849 870
367 1302
1669 1106
1458 1777
367 1036
1440 1191
1520 32
1939 1243
251 1691
1452 1465
1092 1572
1552 120
1017 295
117 1886
1840 618
1061 839
735 1557
621 797
179 1677
1418 1054
1957 111
1061 252
368 1696
1540 717
132 1116
1687 1191
1409 626
201 1310
1902 1631
1880 1446
1857 630
928 594
1890 1104
1702 1054
1332 441
785 338
1563 759
1382 440
1869 1533
1233 1034
1416 1280
813 756
656 1889
616 757
675 1596
1694 567
1697 888
542 912
603 708
1828 618
1651 1915
1522 287
1219 1302
1150 1106
208 1741
60 1075
401 1741
401 208
1113 137
1426 184
838 1123
867 1606
242 858
379 1208
1300 1660
1702 1418
848 1378
1890 6
1413 1084
250 41
1219 1036
1930 1307
1616 1737
776 1422
1985 560
474 1739
1540 797
1097 230
789 1302
1320 1691
876 420
1552 32
1544 552
878 1075
789 1036
1661 763
1880 417
1591 1606
545 1434
196 514
1275 1988
103 1613
1957 1777
1397 1599
532 1294
902 1586
678 531
1511 1805
789 1219
467 479
1966 766
692 1328
1473 711
1729 750
1644 1309
390 540
242 567
1521 19
503 652
917 1414
1229 324
481 167
1236 740
1643 1650
1426 1282
542 1272
1885 150
1229 1753
459 1467
324 1753
1856 1660
120 32
1473 1189
957 561
711 1189
1513 241
207 881
1115 1564
1413 751
815 1533
831 260
1521 1917
725 1160
518 1789
1320 251
867 1123
1419 1420
17 1390
1891 1501
488 1988
725 1444
1591 1123
1160 1444
1277 973
46 1983
743 654
461 1606
538 808
1300 172
1759 897
1145 1302
1343 326
815 1869
1776 943
1699 522
1761 1451
1135 1290
591 1258
1382 523
705 960
1692 1186
1558 1660
1892 482
1145 1036
1624 296
1489 868
292 32
17 1763
1980 1691
664 1191
1213 1087
1381 137
1560 306
656 1838
867 838
1463 748
235 514
333 331
1591 838
1612 1946
160 1432
628 1549
1267 263
1890 597
1591 867
292 120
1957 1458
350 1142
455 1631
571 377
470 150
461 1123
1552 1520
108 1390
1180 742
996 498
1009 1038
1674 109
275 69
735 181
291 562
1169 143
401 1549
632 363
1180 805
1752 1258
1852 522
1845 1049
228 1471
1748 76
1568 263
108 1763
1061 1819
1890 701
435 1606
401 628
68 1753
604 1186
238 1886
656 1039
645 271
215 1269
912 1272
858 567
1545 1741
1473 1810
1707 1572
1278 859
1671 1420
937 353
201 1307
1784 685
257 84
711 1810
1812 1144
292 1520
742 805
461 838
281 1629
1058 676
1786 130
800 362
1382 136
1811 708
1682 1018
452 313
1170 1915
1361 1953
532 1421
1783 10
292 1552
435 1123
1392 1606
1699 921
946 527
51 798
1209 1578
1815 1324
1804 1771
635 1586
1612 1586
542 53
1235 975
1612 635
60 32
1616 1947
1780 951
736 328
1946 1586
1752 591
200 1189
1880 1187
1390 1763
1811 603
1942 1630
203 1660
414 1593
22 1557
1217 654
1330 558
792 801
1374 241
380 338
1122 543
1413 262
114 652
829 525
872 222
1980 251
1669 315
235 196
1841 640
148 685
1320 416
1300 805
1085 852
1907 365
878 32
1617 1227
1392 1123
307 1929
917 1677
401 270
946 1935
1456 993
907 498
1970 1414
1489 8
17 90
168 782
1938 140
1671 1419
1702 241
367 1075
126 1846
1300 742
1852 921
1377 296
1812 753
656 405
1475 708
718 1018
1229 1660
860 1936
758 965
312 419
452 1104
392 1063
1931 960
1706 361
1729 373
1035 759
1350 1932
1856 172
133 258
333 1106
1473 1737
138 1762
1879 993
1446 417
1878 548
1316 1352
952 296
340 128
51 999
1706 1953
60 120
1857 1406
914 759
198 477
532 1034
711 1737
518 1753
223 1472
1320 1028
1946 635
1608 1186
1235 1741
324 1660
1150 315
1278 222
1229 203
108 90
1755 1948
1702 1374
1475 603
975 1741
461 867
435 838
555 989
1706 1361
1382 918
1913 1662
725 347
905 507
1814 1324
760 1189
914 1035
1169 1445
1568 1267
469 989
229 1302
1185 150
628 270
503 1606
1514 1686
1856 805
1634 715
1740 1451
1930 1091
361 1953
1789 1753
1930 936
1174 221
932 1691
1890 611
273 1084
1539 745
1199 398
60 1520
301 1130
229 1036
59 610
261 1989
489 1422
248 972
503 1123
735 1493
66 1607
469 555
368 26
878 120
1515 1018
172 805
510 640
952 1377
1025 1076
1220 1962
585 109
1292 243
1558 805
875 77
1278 872
1160 347
1656 1086
232 1018
68 1660
1403 1244
1591 1929
1487 1276
401 111
1266 1130
991 296
1856 742
1093 759
1236 1774
662 1557
351 1594
722 740
59 528
1392 838
273 751
292 572
206 1087
1558 172
1954 969
1091 936
902 313
1144 753
1353 1571
878 1520
1223 1978
1350 300
1266 301
1382 1871
1674 1708
1703 989
168 1486
103 698
542 1569
1165 119
1230 808
1766 1727
1675 1875
1927 618
564 63
1675 974
299 1420
201 936
1402 1594
837 540
201 1091
273 262
1409 1189
789 1075
1113 811
1804 1264
1357 1018
1527 106
1426 263
357 854
141 1084
278 1023
324 203
1875 974
461 1929
416 1028
1199 1197
705 1988
1558 742
1180 1586
1418 241
902 1104
860 1753
1583 525
1579 640
1421 1034
1083 734
1591 307
1890 844
751 262
1999 1451
176 349
216 852
1936 1753
172 742
1096 745
60 1552
1891 960
1799 1809
600 1762
815 886
1283 335
401 1777
17 1000
141 262
1268 184
367 32
452 6
735 853
1229 805
42 375
1675 1443
646 383
806 1846
1278 1564
1980 1028
141 751
200 1810
782 1486
535 1484
1606 1123
1667 102
914 1563
1095 122
861 756
245 1537
60 572
1694 212
1682 768
1473 1947
334 1324
394 920
208 1549
1980 416
1624 1831
497 988
1612 313
1400 808
486 56
1182 1218
1732 10
628 111
1552 572
1784 399
1513 759
1930 473
503 838
1924 1915
1456 441
1413 974
1977 1613
461 307
1413 1875
1738 123
1877 783
1885 1142
1946 313
658 296
197 1422
1506 326
518 1660
1084 262
164 651
1385 839
1612 1104
22 181
279 93
1385 252
867 1929
571 763
1338 268
1761 1014
878 572
635 313
208 270
711 1947
1382 704
297 19
108 1000
721 1599
324 805
1946 1104
1647 1329
978 575
1413 1443
61 982
395 566
1300 1586
340 1310
850 1566
68 203
635 1104
1970 1677
297 1917
1931 1988
232 1515
1549 270
1584 971
1879 441
716 262
1294 1034
1595 1516
1320 1379
1869 886
1031 998
319 652
1229 742
1934 1252
68 805
350 993
1301 998
872 1564
114 1123
851 1908
1001 102
1343 1813
1283 941
914 184
716 1084
1275 331
1474 1578
203 805
878 1552
1921 112
1702 759
928 1212
114 1606
1356 683
337 610
621 231
1413 1675
1153 144
1966 738
148 399
1789 1660
201 473
1527 614
1880 55
116 1157
44 128
952 1831
216 1085
680 1908
1320 1034
1533 886
1640 1130
470 1142
716 751
242 212
686 1639
308 349
1320 1294
1890 1853
779 314
1591 1054
237 1483
1333 563
1520 572
1093 1035
628 1777
488 331
1180 313
208 111
257 748
1901 1800
1180 1104
789 32
333 315
1296 594
1720 652
461 1054
585 1708
571 1661
163 1289
718 768
1320 1421
914 1268
313 1104
292 1793
1759 1448
932 251
337 528
1409 760
1977 698
678 865
1891 1988
611 844
324 742
1409 1810
1377 1831
1199 1686
760 1810
518 805
120 572
1808 637
1379 1034
1582 512
248 1771
1229 172
621 1324
1563 184
1374 759
298 82
1338 1414
996 1741
719 1254
860 1660
164 546
1401 1635
1545 270
1838 1039
231 1324
1549 111
68 742
1093 184
912 53
1522 1909
1880 1328
367 572
424 502
139 1745
1863 1273
1932 300
1783 1472
743 1953
1856 1586
1111 56
1093 1563
168 566
381 599
64 1041
395 548
928 790
1035 184
22 1493
1307 936
1977 103
1880 692
1936 1660
273 974
432 1809
367 120
1300 1104
44 1310
1174 1807
1489 717
1122 1436
273 1875
1545 111
1300 313
1959 482
795 920
200 1737
168 548
991 1831
1980 1034
1964 1696
232 768
639 1011
1789 805
662 181
1858 338
1558 1586
452 597
1235 270
1275 1106
1902 1592
273 1443
1333 119
1307 1091
1095 1876
1752 560
1640 301
216 463
35 540
367 1520
141 974
110 610
1053 906
1489 797
350 441
1513 184
1515 768
335 941
1235 111
563 119
168 395
928 448
186 852
461 1591
141 1875
902 6
823 119
1165 1723
773 898
1612 6
913 1806
1035 1563
518 203
208 1777
839 252
141 1443
1702 184
918 1871
1823 1551
22 853
1120 1709
1619 1072
1761 1074
1980 1379
459 1846
1960 262
1180 635
60 1793
1078 531
658 1831
1612 902
860 805
1353 561
1401 552
972 1771
1135 1370
1058 52
518 742
566 548
340 936
1107 627
1229 1586
270 111
975 111
975 270
855 610
368 1272
488 1106
716 974
1946 6
1980 1294
1025 171
1880 757
722 1774
1158 393
160 901
24 1806
491 693
1180 6
789 572
743 361
385 594
106 614
1980 1421
1311 1117
1490 1809
553 712
716 1875
203 742
1740 1014
1897 38
1016 41
1442 1215
1338 1677
582 1826
1180 1946
1357 768
340 1091
216 879
1936 805
1409 1737
771 941
867 307
785 119
701 844
1540 1324
716 1443
823 563
1521 1184
1217 1953
503 1392
635 6
705 331
461 241
114 838
44 936
1545 1549
1780 652
110 528
932 1028
452 844
509 252
509 839
1513 1563
68 324
815 131
1115 1763
1703 555
1591 241
1180 902
960 1988
1990 1809
1246 1571
606 615
1527 101
524 929
1702 1563
885 1546
452 701
735 1480
878 1793
912 1569
44 1091
545 653
61 904
743 1361
771 335
867 1054
1093 1268
782 548
1545 1777
1738 1485
687 1444
1180 1612
435 1929
1799 1344
524 287
175 1405
1153 1594
1702 1513
1549 1777
830 161
179 389
292 377
1380 1305
1702 1035
1694 819
1999 1014
1182 353
172 1586
294 1958
1235 1777
1513 1035
307 1054
1113 1047
855 528
1379 1294
1856 1104
7 437
1418 759
662 1493
1061 338
1890 440
791 1043
1379 1421
68 1586
1235 1549
340 1307
248 1264
216 983
1300 6
324 1586
455 1592
1228 1070
914 1282
996 111
1789 742
44 1307
1332 1551
1170 1651
612 262
1865 1302
1374 184
1946 902
782 566
929 287
44 340
1856 313
416 1034
1294 1421
1501 1988
1122 1309
1954 1232
68 172
975 1777
1890 523
1787 864
1558 1104
1175 712
625 1915
104 396
219 590
503 1929
151 18
1407 943
1702 1268
87 1889
144 1594
760 1737
922 857
705 1106
996 270
1320 532
1865 1036
662 853
1180 597
456 262
1185 1142
1180 844
1008 852
597 844
860 742
237 906
672 1070
324 172
1713 852
1197 1686
151 1626
932 1034
1229 1104
452 611
1513 1268
1931 331
273 1675
1960 1084
518 1586
1558 313
1409 200
179 953
44 473
1814 1815
1300 635
1542 1805
403 1809
1283 1378
1612 844
1275 315
292 763
1467 1846
1732 1472
60 377
1180 701
454 1323
1300 902
996 1777
104 764
1220 482
1960 751
1761 433
1217 361
1229 313
1392 1929
414 306
1199 1514
340 473
811 1047
731 1881
268 1414
1135 1983
1612 597
1381 1047
799 19
61 1207
401 1458
461 759
1936 742
1409 1947
1789 203
1404 404
53 1569
242 819
1224 262
520 262
789 120
1946 844
1808 384
932 416
1300 844
1300 1946
66 1071
551 594
1248 234
246 484
1381 811
799 1917
141 1675
1385 1819
1183 1988
1180 611
146 1596
339 1715
1235 1545
200 1947
1311 1925
1850 80
1300 597
672 1228
789 1520
1095 787
1624 485
1591 759
488 315
902 844
1166 973
1960 974
1217 1361
635 844
1402 351
815 1631
95 693
1552 1793
975 1549
1890 136
878 377
1946 597
68 1104
716 1675
1837 1132
726 889
292 1661
368 1569
1960 1875
1322 1298
1811 840
635 902
1035 1268
1278 1763
1960 1443
503 435
1780 1720
1300 1612
1635 552
952 485
223 989
1180 452
352 1258
1483 906
860 203
286 784
1310 936
324 1104
1789 1586
520 1224
367 1793
1534 121
368 53
1012 862
216 1087
1931 1106
705 315
1300 701
928 1884
1095 575
1702 1093
518 172
1860 988
1867 1519
1307 473
996 1549
186 1085
638 1681
1612 701
658 991
164 1504
1891 331
60 763
398 1686
24 913
860 1586
68 313
1418 184
932 1421
928 1317
1180 1853
635 597
730 457
109 1708
1702 1282
518 1104
1699 50
917 389
1333 1723
1531 1757
1300 611
1869 131
1251 1186
1416 1716
972 1264
751 974
932 1294
203 1586
735 1255
1885 993
902 597
461 184
1880 616
1093 1282
1755 1202
1884 1317
996 975
1811 1101
367 1552
172 1104
432 1344
978 1922
1855 1950
1501 960
1236 150
1740 1074
406 1836
914 263
1161 562
503 1054
1825 252
324 313
1825 839
87 1039
452 1853
186 463
461 1418
1463 1580
1521 679
1612 611
1949 295
1999 1074
867 241
1371 1594
270 1777
1856 6
1936 1586
823 1723
1084 974
1591 184
1219 1075
17 29
1946 701
1338 1970
518 313
878 763
46 981
705 488
435 1054
1780 319
1374 1563
1814 527
1122 1644
1310 1091
932 1379
1581 1739
1738 383
1300 1853
751 1875
1961 420
917 953
1229 1558
1513 1282
694 903
60 1661
1885 441
751 1443
32 572
87 1838
979 1566
1475 840
1780 1123
1843 41
678 589
612 974
1416 1768
1707 1092
1502 1881
1183 960
1660 805
782 395
1946 611
1815 527
563 1723
716 141
1936 203
1301 1031
1300 452
1095 1922
785 1723
1814 1935
1568 1736
135 1302
545 1108
172 313
440 523
1385 338
1845 1778
952 1624
1411 1599
1229 6
1167 685
815 1592
996 1545
1084 1875
319 1123
591 560
635 701
1558 6
1028 1034
1931 315
612 1875
496 483
1084 1443
656 1908
456 974
186 879
612 1443
1891 1106
36 939
1852 50
1062 1854
612 1084
1789 1104
1287 252
760 1947
416 1421
1095 978
1287 839
860 1104
1627 296
1180 523
785 563
1856 844
367 377
1180 440
194 19
470 993
771 1378
1183 1501
445 1594
1702 263
322 770
1792 1389
1475 1101
1246 561
194 1917
1612 1853
1591 1418
612 751
456 1875
135 1036
456 1443
108 29
735 515
1533 131
1815 1935
705 1275
878 1661
672 140
1999 1740
635 611
1980 532
1869 1631
22 1480
1374 1268
861 813
1145 1075
66 267
996 1235
1402 1221
1903 857
303 262
815 455
518 324
470 441
456 1084
1229 844
292 571
222 1564
911 1141
1787 666
1392 1054
902 701
1093 263
128 936
896 525
1095 804
658 1377
789 1793
1936 1104
503 307
1558 844
520 974
1224 974
1552 377
1743 886
1300 523
351 1221
1706 72
815 1902
1789 313
1354 210
860 313
835 358
1946 1853
542 614
1636 1997
456 751
1780 1606
1300 440
1490 1344
1249 382
1720 1123
164 859
860 1789
416 1294
1738 646
1875 1443
1085 463
1180 136
216 206
1219 572
1990 1344
1325 1781
1513 263
186 983
1954 708
503 241
520 1443
520 1875
1440 936
1224 1443
1224 1875
1413 1048
902 611
1707 262
496 97
1493 853
126 450
367 763
553 684
68 6
1890 1871
996 208
658 485
203 1104
461 1563
164 1564
907 1741
1942 1639
322 820
73 355
1228 140
1092 262
493 1439
867 759
164 222
1856 597
1371 144
1692 578
635 1853
1832 770
1719 1362
1145 572
716 273
694 1459
1060 1881
604 578
1674 1396
1427 1132
1377 485
1880 218
1811 537
268 1677
66 536
1804 1302
1440 128
467 728
307 241
1533 1631
1891 315
1046 1895
1442 21
368 912
735 1285
81 77
725 252
993 441
978 804
1936 313
1300 136
550 1599
725 839
1267 1736
815 676
1783 989
461 1268
1642 969
1904 969
1682 1806
1804 1036
1440 1091
1904 1642
68 844
518 6
452 523
1942 686
380 119
1684 118
931 1941
1716 1768
1229 597
1008 463
334 527
1999 433
186 1087
520 1084
1224 1084
51 868
1166 1277
1075 572
128 1091
991 485
452 440
324 6
213 41
1713 463
1160 252
1413 1314
45 1280
1160 839
1046 442
1261 1566
448 1317
518 844
1148 1013
860 172
789 377
1008 1085
1170 420
787 575
520 751
1224 751
46 77
133 1064
403 1344
902 1853
1740 433
1856 701
1035 1282
1612 523
1558 597
1856 611
1552 763
435 241
1283 848
1591 1563
1794 38
1627 1831
1713 1085
114 1929
545 887
334 1935
324 844
503 759
907 111
22 1255
1167 399
1463 137
1304 1191
251 1034
66 1313
367 1661
1374 1282
867 184
604 1692
1789 172
1219 32
120 1520
1612 440
1832 820
1583 829
1229 701
1229 611
1699 451
319 1606
461 1282
815 52
662 1480
1819 338
1856 1853
542 106
1960 1675
1591 1268
1113 1593
203 313
1175 684
1374 1035
1946 523
981 77
1562 900
1382 274
17 302
1475 537
1804 135
1180 1871
1386 1163
461 1035
1374 263
1922 804
461 263
1600 1576
60 571
1035 263
461 1374
1869 1592
1008 879
1229 1853
663 1846
1811 1611
1547 762
842 1280
1812 599
803 808
1073 798
1890 918
1183 331
221 1807
903 1459
604 1346
789 763
1713 879
503 184
1946 440
1692 1346
542 101
701 611
1145 32
790 1317
1558 611
1558 701
1165 886
1856 902
131 1631
452 136
51 8
1332 1823
635 523
1401 1544
276 1308
1486 548
68 597
699 1070
1651 420
447 484
1300 1871
1440 1310
1612 136
297 1184
1048 1314
860 6
1225 637
1558 1853
554 1210
435 307
1279 525
860 844
1440 473
46 81
1392 241
445 144
59 857
1282 263
1235 208
1229 902
1527 1470
705 333
1568 159
1591 263
518 597
1591 1282
1310 473
1236 1142
22 515
621 527
635 440
1382 1347
946 1898
1426 1736
1789 6
951 652
1789 844
6 844
435 759
232 718
582 753
246 1086
1290 1370
1529 107
1856 523
907 1777
1720 1606
1931 488
235 1801
1492 1739
307 759
1938 531
1371 1153
1852 451
806 450
1046 1816
1990 1490
1229 523
1159 304
1338 389
1732 989
303 974
108 302
216 1213
1946 136
1180 918
1008 983
724 1670
1073 999
818 712
87 405
662 1255
68 611
1840 1945
18 1626
1008 1087
66 949
1601 1191
1461 240
68 701
1856 440
874 1241
1936 172
621 1935
1667 567
1713 983
114 1054
1741 111
1338 953
68 1853
1229 440
1533 1592
1713 1087
1707 974
509 338
1612 452
1552 1661
1468 1796
1381 1593
1489 1324
716 1314
518 611
902 523
1475 1611
236 1620
983 1087
1936 844
878 571
303 1443
518 701
722 150
491 1770
172 844
518 1853
1920 1746
1428 187
1869 455
1936 6
435 184
1185 441
347 252
324 597
1371 1221
303 1875
275 498
1591 1035
95 1770
1058 783
859 1564
789 1661
1278 1115
347 839
1172 683
1799 654
1954 603
1558 523
701 1853
1183 1106
164 872
1300 918
1707 1443
635 136
1501 331
172 6
1707 1875
1869 1902
716 1048
95 491
842 45
1856 136
1229 136
1229 1856
1392 759
551 385
22 1285
307 184
952 1607
339 547
1418 1563
164 1763
699 140
273 1314
1985 1437
1687 936
1166 1578
229 572
1092 974
1615 1191
1558 902
1558 440
1229 635
902 440
106 101
141 1314
1931 1275
1924 420
232 1806
1856 635
815 783
1180 1890
1878 1141
68 523
789 1552
580 69
1097 971
1638 1130
1153 1221
718 1806
231 527
1268 263
1869 676
1402 204
518 523
1930 1824
1418 263
996 628
787 804
662 515
815 1058
932 532
1392 184
324 611
1418 1268
324 1853
181 853
735 464
1077 920
1092 1443
1333 886
1878 911
503 867
611 1853
1120 67
742 1586
835 1205
1776 321
1356 1439
1112 1762
1180 704
1657 756
1092 1875
1558 136
324 701
1563 263
68 440
1371 351
1001 567
860 597
1942 682
1371 204
518 440
1257 1739
872 1763
1240 413
95 1254
1591 1374
1780 838
120 1793
1904 1232
186 206
351 204
1913 505
231 1935
811 1593
1188 1082
1890 704
1183 315
359 543
128 473
823 886
1491 1572
1371 1402
509 1819
273 1048
885 1375
743 72
396 764
1185 993
125 693
902 136
1616 809
36 304
689 10
836 1329
68 136
141 1048
1687 1091
1520 1793
1267 159
1300 704
115 915
1913 1602
201 1824
518 136
257 1580
1618 1988
126 1043
219 583
536 1313
348 419
491 1254
68 902
1624 1607
931 11
1513 1093
1229 1946
860 1853
518 902
114 241
1401 756
771 848
785 886
1306 770
445 1221
860 611
1804 1865
1869 52
1300 1890
1789 597
324 523
95 719
595 637
120 377
550 1411
802 287
575 804
1579 510
1942 249
59 1903
662 1285
216 808
1533 455
1290 1983
1977 1323
1085 879
860 701
1397 1577
1601 1304
1612 1871
938 362
1904 708
1608 578
629 739
1108 887
1707 303
1356 493
1520 377
1229 452
276 852
1418 1282
1825 338
297 679
518 68
416 1379
907 270
1533 1902
282 543
612 1675
626 1189
1278 1390
505 1602
968 1709
1856 1946
114 759
1442 1923
154 1554
657 1469
1789 1853
744 1576
664 936
324 440
75 1002
57 1988
1229 1871
860 523
1296 1212
1392 307
1533 676
114 184
1515 1806
1401 1657
1936 597
1032 1836
1296 1317
563 886
1789 611
1540 527
585 1396
1828 1945
282 359
381 1790
491 719
452 1871
456 1675
432 654
1357 1806
1153 204
1212 1317
203 844
1856 1871
445 204
1856 452
1292 1594
445 1153
461 1093
1165 1743
1793 377
324 136
1946 1871
1544 756
1311 1679
503 263
337 857
991 1377
44 1824
168 1141
1789 701
687 252
860 440
1287 338
461 1513
1936 1853
1931 333
1501 1106
1332 1191
1308 852
95 1262
687 839
1085 1087
1952 265
725 338
1858 119
1789 523
381 1652
882 1227
1229 1612
1540 1935
168 911
861 318
183 153
1568 540
960 331
1936 611
1488 1422
1426 159
860 136
267 1313
120 763
1078 865
1117 1925
237 1053
735 48
773 1599
867 263
1759 967
1192 747
1688 906
1009 41
1217 72
1960 1314
1236 441
1558 635
43 1315
658 1607
1423 412
367 571
1642 1232
935 767
1533 52
725 1287
296 1831
1520 763
1563 1268
1558 1871
445 351
1936 701
1322 943
1936 523
701 523
879 1087
1266 1280
1863 1773
1306 820
1272 1569
635 1871
1640 1280
1615 1304
1521 1210
389 953
1642 708
1946 452
1823 1191
518 1871
759 184
758 1958
1707 1084
1789 440
518 635
542 1470
1077 795
664 1091
1225 384
1160 338
1070 140
1707 751
68 1871
1640 1266
1658 670
524 1909
1671 832
141 273
216 803
1687 473
356 330
223 555
1232 708
1902 676
445 1402
1789 136
1636 780
520 1675
68 635
1741 1777
303 1084
806 1043
503 1268
1224 1675
551 1317
203 6
518 1558
503 1563
303 751
1936 440
126 791
735 1575
1113 306
1608 1346
1240 484
1784 1519
1568 35
1702 914
96 733
1440 1307
1277 1578
1076 171
1229 918
503 1282
160 1068
491 1262
1856 1612
1936 136
2000 1157
1970 953
241 184
368 614
1877 693
1534 1241
257 137
996 1458
1970 389
248 1302
1678 587
1501 315
92 637
24 982
322 1795
518 452
1008 206
1111 486
324 902
1543 1576
1077 394
1568 837
163 124
1804 572
1568 390
31 1269
22 464
1713 206
380 1723
1413 1753
1830 1800
1192 1734
1115 1390
403 1490
518 1946
1856 918
1891 488
248 1036
1504 1564
611 523
1558 452
860 902
850 161
545 522
1480 1255
590 583
385 1317
551 1212
183 409
815 693
931 402
1165 1631
455 676
68 452
172 597
742 1104
1236 993
922 1100
105 494
1612 918
413 484
214 1554
172 1853
1866 784
1869 783
1528 1771
209 1650
1153 351
241 759
891 1894
324 1871
186 1213
435 263
860 1871
51 717
51 797
979 161
577 690
1793 763
1173 1745
1062 1757
939 304
597 1853
1536 587
1825 1819
1640 45
68 1558
981 81
650 316
104 1018
96 30
1357 1515
867 1268
68 1946
1867 966
1937 265
1558 1946
518 918
1563 1282
860 324
427 651
1332 1304
1354 422
1832 1795
1413 805
198 852
725 1819
148 1519
893 766
1960 1048
459 450
36 1159
1061 119
902 1871
867 1282
722 1142
281 477
172 523
867 1563
1107 1056
44 201
1799 1953
577 453
110 857
447 1086
114 307
1266 45
1521 554
815 1877
164 1390
1229 704
121 1241
68 918
1436 1309
991 1607
1257 1492
1558 918
1826 753
1499 964
625 420
1904 603
1385 119
186 808
516 1453
59 1100
716 1753
725 1825
164 1115
664 473
1990 654
172 611
1392 263
403 654
979 850
1381 306
1092 1084
1092 751
1084 751
1946 918
1891 1275
913 982
1568 1803
518 1612
1377 1607
724 1974
1789 1871
1927 1945
1444 252
1743 1631
1640 842
701 440
1267 540
662 464
1490 654
215 1650
1460 1557
1444 839
1287 1819
126 113
717 797
716 805
1535 1372
855 857
1936 1871
1856 704
506 651
1964 26
1221 204
114 263
1169 82
1268 1282
1930 1370
403 1990
181 1493
612 1314
1895 442
840 1101
1694 341
837 390
701 136
1153 1402
1160 1819
1078 589
861 1745
44 1370
503 1418
1789 902
595 384
1333 1631
597 523
975 1545
796 543
452 918
22 48
469 548
456 1314
1385 1061
172 440
946 1368
518 704
806 791
609 1179
1930 1983
1865 572
1591 1093
44 1983
1463 1047
421 1629
172 136
59 922
1533 783
131 1592
44 1930
1891 333
1952 714
120 1661
1412 1013
1075 32
1266 842
1699 1218
307 263
1332 1615
68 1612
201 1370
1621 225
1544 1657
898 1599
172 701
229 32
861 1173
1869 1058
385 1212
1568 954
1687 128
635 918
335 1378
229 1075
1426 540
43 1742
1823 1304
496 171
1180 274
823 1631
68 704
604 1605
432 1953
347 338
201 1983
860 918
1852 1218
1165 1592
1811 91
960 1106
293 1163
1936 902
144 204
1407 321
1612 704
1658 1523
195 587
1333 1743
1869 693
789 571
141 1753
22 1575
1520 1661
860 635
705 1150
1300 274
873 1216
1165 131
785 1631
1902 52
1558 704
1058 693
1811 1146
273 1753
1499 252
520 1314
1213 808
164 1278
1160 1287
1224 1314
653 887
1332 1601
141 805
1499 839
43 596
250 1431
324 918
629 1119
1878 94
1296 790
860 452
1641 1157
273 805
1692 1605
427 546
1546 1375
1267 35
463 1087
1046 1951
496 1076
19 1917
821 1128
1167 1519
1591 1513
1316 1206
440 136
168 94
267 536
1204 1666
368 101
815 125
964 252
1558 1612
223 1703
455 52
1054 184
672 531
1699 353
194 799
144 1221
1180 1347
503 1035
964 839
1682 982
44 1290
1382 100
542 1527
662 48
392 363
1199 1186
802 929
1261 161
1300 1347
818 684
1129 969
1852 353
1267 390
1062 1531
1533 693
1267 837
446 365
203 1853
203 523
1853 523
1504 859
518 1856
1786 1796
928 636
435 1282
1008 808
1480 515
1924 1651
64 300
24 904
806 113
1946 704
1753 805
912 614
1332 936
1713 808
1789 918
1316 1676
1426 35
694 326
860 704
324 635
276 1087
1930 1290
1413 1660
168 1878
662 1575
722 441
611 136
1009 213
796 359
435 1268
194 1184
823 1743
1635 756
324 452
1008 1213
860 1946
1669 1516
276 463
563 1631
1936 918
1601 936
811 306
1616 1821
506 546
551 790
787 1922
1122 436
960 315
282 1309
1275 333
1333 1592
1500 863
1568 1168
461 914
1713 1213
1615 936
733 30
1475 91
799 1184
1426 390
705 1516
1960 805
1426 837
1642 603
1240 1086
92 384
1687 1310
1567 252
114 1392
380 886
1236 1185
611 440
1085 983
267 949
951 1123
1960 1753
1251 578
1567 839
201 1290
1475 1146
689 1472
1804 32
785 1743
705 1669
716 1660
1038 41
1206 1676
459 1043
406 123
324 704
203 597
635 452
1165 676
1504 222
435 1563
282 1436
1145 1219
1937 714
893 738
1823 936
1129 708
114 1282
952 1071
1961 876
783 693
782 1141
236 1116
1332 1091
536 949
1804 1075
823 1592
337 1903
1672 969
1165 52
1333 131
203 136
1392 1282
1998 1189
104 768
1491 262
1160 1825
635 704
800 1449
785 1592
452 704
735 158
687 338
1742 596
1790 1652
186 803
203 440
1413 1586
368 106
977 265
658 1624
1929 184
281 852
1707 1675
403 1953
114 1268
251 1028
1528 1264
1267 1803
1165 455
955 1791
1487 740
276 879
1499 1444
337 1100
1165 1902
343 755
952 1313
451 1218
1789 704
135 572
1533 1058
340 1824
203 611
1259 810
597 136
1743 1592
172 1871
782 911
1413 1104
1962 482
716 1586
1992 652
725 509
1392 1268
1936 704
1150 1516
1789 452
1296 448
1601 1091
223 548
1990 1953
860 1612
164 90
1654 824
913 904
1615 1091
1672 708
1595 295
946 47
1903 1100
1267 954
1426 1803
1145 377
823 131
1583 1179
114 1563
716 1104
1219 377
1789 635
815 1770
1473 809
1229 1890
1046 166
1961 753
1145 763
1837 345
1936 452
1823 1091
1219 763
785 131
551 448
1804 229
257 1047
902 918
1251 1346
1426 954
1332 473
1511 920
1682 904
1490 1953
897 1448
1283 1274
1304 936
1306 1795
194 679
1333 676
1308 1087
628 1458
1936 635
1165 693
1054 759
1964 1569
597 440
1474 1209
1858 1723
612 1048
1392 1563
1333 52
1667 858
456 1048
890 271
324 1946
276 983
747 1734
815 1254
248 572
215 209
477 852
1276 740
655 1451
237 49
1517 1836
160 1831
423 1576
1292 204
451 353
1931 1516
1780 184
1370 1983
1170 876
1700 260
545 921
141 1660
1229 274
1783 555
1784 966
411 41
1071 1313
1480 1285
1837 30
276 1085
551 1296
563 1592
1311 702
413 1086
1707 1314
917 179
1170 753
823 676
1567 964
1315 596
1456 1551
303 1675
273 1660
24 1207
725 119
1333 455
1855 674
952 949
1489 527
823 52
799 679
251 1421
1167 148
1682 913
1961 1826
1333 1902
722 993
785 676
1057 740
1333 693
1902 693
455 693
1249 900
488 333
1223 1203
1418 1035
345 30
203 701
352 560
177 265
785 52
815 719
1308 463
1300 1180
1866 286
876 753
1823 1615
141 1586
612 805
198 1087
50 1218
456 805
1890 274
518 274
242 341
526 1405
518 1890
23 685
1618 331
1303 1026
1129 1232
1601 473
1385 1723
1823 473
377 763
1615 473
1837 733
141 1104
461 1702
823 693
1823 1601
969 708
1780 1929
396 1018
935 239
1598 1781
658 1313
334 1815
1489 1935
1009 1843
199 1846
1229 1347
273 1586
66 63
785 693
1165 783
474 1565
1413 742
520 1048
273 1104
952 536
461 1736
369 583
509 119
716 742
697 1318
216 1400
1466 93
813 318
1567 1444
1702 1736
1224 1048
232 982
658 1071
164 1000
1423 1629
1167 966
823 455
1780 759
57 331
823 1902
1292 1221
520 805
1315 1742
817 1065
1870 610
1624 1313
764 1018
1803 954
1224 805
1743 131
1789 1946
248 135
1698 770
52 693
785 455
796 1309
1160 119
1703 548
785 1902
1931 1150
236 132
1413 313
1170 1826
716 313
551 1884
1856 274
1874 1018
676 693
1991 1359
1267 1168
689 989
1960 1660
518 1347
952 267
1048 805
612 1753
456 1753
1177 265
716 1413
815 1262
68 274
831 140
782 94
1426 1168
1028 1421
1654 169
382 900
1936 1946
303 1314
1427 30
1684 1912
678 499
148 966
297 1210
1780 1054
664 128
243 1594
975 208
198 463
345 733
1858 886
1499 338
1960 1586
1874 764
203 1871
292 99
1368 47
1304 1091
552 756
924 265
1960 1104
114 435
1172 1439
22 158
1743 693
1624 1071
1615 1601
110 1100
456 612
860 1558
50 353
542 1424
1296 1884
1638 301
563 131
1042 1243
563 693
131 693
97 171
917 1881
1300 100
1371 1239
1682 1207
1180 100
1385 886
1672 1232
851 1422
1929 759
1160 509
553 122
1890 1347
1825 119
307 1282
1491 974
179 1881
1525 1836
160 296
699 1228
520 1753
1351 708
1001 858
1333 783
796 1436
312 1395
1135 77
1224 1753
1308 879
1567 338
1426 1267
1891 1516
1797 576
1799 361
1382 965
1856 1347
1120 1130
867 1035
68 1347
1287 119
860 274
609 998
1586 1104
1743 676
1869 1877
1743 52
1812 1652
1552 571
608 280
1804 763
563 676
459 791
563 52
658 949
1558 274
914 1736
1012 558
1869 125
347 1819
977 714
1382 1958
1356 1834
676 52
68 1856
1427 733
503 1374
1491 1443
1008 803
563 1743
718 982
1804 377
1869 1770
1660 1104
1780 241
902 704
466 56
1468 460
1699 1182
1877 125
716 844
68 1890
964 1444
699 531
1877 1770
1856 1890
1433 752
1660 1586
928 1662
855 1100
125 1770
324 1612
680 1422
1812 1790
1954 1101
1092 1675
813 1745
1998 626
1799 1361
1713 803
771 1274
168 685
1556 1762
1413 844
459 113
913 1207
823 783
1228 531
1338 1881
469 1486
1351 969
299 1419
198 879
1522 1469
662 158
385 790
742 313
246 1656
785 783
1852 1182
1061 1723
44 77
1175 122
1167 1784
1092 1314
1874 396
1491 1875
1583 998
964 338
1780 263
319 838
664 1310
860 1347
1624 949
17 304
1129 603
1444 338
1591 1736
1007 1886
1467 450
340 1983
1869 1254
972 1302
1954 840
483 171
701 1871
141 313
165 652
455 1902
843 1613
1558 1347
168 23
1931 1669
44 1135
368 1470
1009 1016
340 1370
1385 1858
432 361
1936 1789
968 67
1145 1793
141 742
1924 753
216 1230
711 809
1292 144
1235 1458
1738 1988
1936 1612
1789 1612
1619 256
276 206
1145 1661
60 99
1675 1314
658 536
912 101
1242 1603
131 52
273 313
1877 1254
935 1839
1608 1605
563 1902
563 455
223 1486
1878 685
1592 693
1308 983
1732 555
1061 886
1533 1770
1783 548
1793 1661
1219 1661
1219 1793
1304 473
282 1644
232 904
1048 1753
108 304
273 742
432 1361
972 1036
172 918
78 1846
1647 494
1220 1959
867 1418
324 274
577 1420
406 1485
1108 522
131 676
168 399
1526 1979
241 263
1879 1551
1698 820
125 1254
1183 333
1618 1106
1699 937
461 159
1427 345
198 983
1627 485
1936 274
1707 805
865 589
1789 274
1073 868
1562 1139
87 1908
1511 795
1992 1123
1960 313
1869 719
791 113
859 222
991 1313
1060 1502
1672 603
1053 49
1357 982
380 1631
658 267
307 1268
860 1890
1797 512
1612 274
1852 937
95 1432
1618 315
1730 1430
965 1958
1706 1557
1568 1746
57 1106
223 469
1960 742
1165 1058
1533 1254
1853 136
1303 425
412 1629
669 1241
337 922
110 1903
1964 1272
1382 758
1743 1902
366 1265
141 844
1743 455
1073 8
456 1104
229 763
177 714
612 1104
1752 1437
1261 850
1737 1947
1583 609
318 1745
1961 582
445 1239
57 315
1463 1593
1954 537
1515 982
1702 159
281 1087
911 94
456 1586
1624 536
876 1826
612 1586
1991 3
324 1347
1533 125
273 844
276 808
1878 23
1936 1347
1604 404
535 651
1904 1101
1332 128
1789 1347
1170 582
1567 1499
1377 1313
26 1569
198 1308
907 1549
1651 753
779 648
520 1104
198 1085
1017 365
1308 1085
1640 1768
563 783
421 852
1224 1104
1877 719
1723 886
1876 804
1869 1262
1960 844
229 377
1878 399
1511 394
1460 853
1924 1826
878 99
97 1076
1804 1661
51 1324
1568 1920
1278 90
1936 324
175 637
292 1265
283 107
792 594
520 1586
1924 876
292 366
456 1660
1183 488
1382 294
1224 1586
992 1886
1332 1310
303 805
1720 838
114 1035
612 1660
1054 263
1533 719
725 886
1904 840
1513 1736
1165 1770
1057 1276
718 904
716 6
730 188
1338 179
1147 1771
380 693
1177 714
1946 274
725 1723
1591 914
655 1014
1804 1793
1300 1958
1707 1753
427 1564
1612 1347
766 738
1026 425
248 1865
1440 1824
1300 965
1333 1058
1229 100
924 714
946 193
1180 1958
1071 949
1624 267
1521 259
381 1735
350 1551
1558 1890
533 54
1180 965
1114 327
23 399
1350 1817
1234 258
716 523
1068 1831
518 100
104 1806
1929 263
991 949
1165 1254
520 1660
1930 77
1732 548
1141 94
1533 1877
1333 1770
991 1071
1467 1043
125 719
1224 1660
1240 447
1413 6
1991 417
1242 828
172 704
201 77
1298 943
1789 324
855 1903
1783 1703
1423 852
551 636
1275 1516
1167 1867
1183 1516
1058 1770
1591 159
1183 1275
1904 537
1160 886
403 361
1170 1961
1132 30
385 448
196 1801
823 1770
1743 783
785 1770
1533 1262
1413 523
232 1207
1009 1431
1333 1254
1093 1736
1351 1232
914 159
1092 805
1292 351
356 846
281 463
823 1058
1913 980
951 1606
687 1819
1779 587
716 136
1682 24
1570 162
42 41
785 1058
829 1179
1954 1611
370 727
1707 1048
503 1736
1385 1631
403 1361
1877 1262
1160 1723
347 119
1874 768
1172 493
1385 693
1322 321
1158 756
653 522
1165 719
395 94
1898 47
635 274
1536 1678
1946 1347
1377 949
716 1853
1891 1150
488 1516
1357 904
307 1563
1332 664
823 1254
1631 693
690 453
785 1254
831 1070
1804 1219
506 1564
574 1785
68 100
802 1909
367 99
503 1093
483 1076
1300 758
1870 528
1950 674
1058 1254
535 546
1858 693
412 852
1106 315
716 440
60 1265
1352 1676
380 1592
5 349
1413 136
837 954
796 1644
1759 1163
114 1418
203 918
1333 719
742 844
1165 125
860 1856
601 1733
456 313
1960 273
1296 636
303 1753
735 1982
1377 1071
1858 1631
611 1871
168 1519
860 100
612 313
60 366
186 1400
1856 100
1180 758
1939 959
1515 904
1484 651
118 1912
1804 1145
1487 1774
549 514
1166 1209
1266 1768
1707 1104
1651 1826
1687 1307
1292 1402
1300 294
1413 1853
597 1871
198 206
1868 234
1634 1851
435 1035
248 32
427 222
1165 1262
509 886
1237 906
1714 1614
276 1213
1191 936
461 540
823 719
785 719
427 859
395 1141
477 1087
257 1593
1904 1611
1823 128
281 879
1629 852
1527 1424
1351 603
520 313
246 1623
1032 123
1694 1709
563 1770
815 491
1180 294
1825 886
1287 886
1287 1825
1224 313
428 1572
782 685
1707 1586
1413 440
1010 670
396 768
935 1948
141 6
1966 1572
1567 1819
456 844
1473 1821
141 523
1333 125
198 808
1338 917
297 554
1823 1310
1333 1262
1671 507
1174 618
785 823
390 954
1990 361
663 450
612 844
1010 1523
125 1262
635 1347
452 274
13 265
1514 1186
1048 1104
340 1290
1061 693
725 693
725 1061
1440 1983
6 523
1231 1263
1426 1746
563 1254
456 742
1960 523
1251 1605
970 814
1960 6
1170 1144
718 1207
1308 206
1414 1677
1156 1399
411 1038
716 1871
385 1884
1374 1736
991 536
273 523
1808 1585
612 742
1936 1890
1558 100
520 844
273 6
1147 1264
1504 1763
629 1809
165 1123
713 244
1990 1361
1224 844
785 1262
823 1262
716 597
716 611
1992 1606
216 538
333 1516
1780 1282
576 512
1938 589
1966 428
670 1523
764 768
1058 719
1961 1144
743 1557
785 125
1092 1753
1440 1370
973 1578
1165 1877
823 125
141 136
1308 808
597 611
509 1723
1160 693
1046 674
1057 1774
1719 1566
878 1265
174 627
1287 1723
520 742
1568 752
281 983
406 383
53 614
1825 1723
1499 1819
1456 936
1385 1592
1789 1890
303 1104
1224 742
1960 136
1075 763
725 1631
1651 876
44 81
1891 1669
1878 1519
518 1229
1460 1493
1799 72
1702 540
687 119
813 1173
1397 1981
1120 301
1743 1770
1924 582
1267 1746
1536 707
380 52
1930 1135
1936 100
248 763
393 756
273 136
223 566
1276 1774
518 1958
563 719
168 966
1707 1660
1048 1586
201 1135
1229 1958
878 366
506 222
782 399
1413 1871
1513 159
1287 509
551 1662
1966 262
248 1075
1678 707
1132 733
1426 1920
141 1853
1490 361
829 998
432 72
428 262
1567 119
553 804
1698 1795
1522 657
1789 100
203 704
506 859
503 159
1061 1631
1166 1474
21 1923
35 954
242 1709
1811 1013
395 911
737 260
1046 1950
66 564
1960 1853
1675 805
1985 1453
427 1763
518 965
175 384
1044 1979
1229 965
303 1586
663 1043
380 676
141 440
1890 100
324 100
324 1890
1332 1307
1333 1877
138 762
1743 1254
1769 1836
251 1294
1542 920
461 954
1357 1207
1506 1813
1413 611
1960 440
229 1661
1490 1361
1371 1711
1413 597
461 35
359 1309
273 1853
759 263
452 1347
1929 1054
114 867
563 1058
991 267
1825 509
248 377
503 1513
1401 1745
1484 546
1567 687
1377 536
972 572
1456 1191
1731 1620
427 1504
1287 693
1160 1631
716 701
789 99
1568 1433
1825 693
509 693
1732 1703
194 1210
370 788
1783 1486
461 390
1255 515
1392 1035
1170 599
625 753
44 981
1092 1104
303 1048
273 440
1568 869
91 1146
186 1230
818 122
563 1262
385 636
1992 951
555 548
22 1982
1591 540
1472 989
1175 804
1042 959
1640 1716
461 837
1858 1592
1499 119
201 1930
206 808
1278 1000
1638 1280
735 641
1217 1557
1267 1920
1113 414
1058 1262
1016 1431
1707 313
1780 1268
451 1182
1385 52
815 1432
1093 159
73 167
1731 1116
1797 1582
1595 1949
975 1458
673 900
1296 1662
782 23
1354 708
1515 1207
1025 1578
1062 501
807 1524
1615 128
68 1958
1027 543
48 1575
1879 936
281 1085
1236 470
785 1877
195 707
1961 599
1488 197
823 1877
553 1876
1723 693
367 1265
860 1958
672 589
1615 1310
1073 797
1456 1091
141 1871
1092 1586
1960 1871
1707 844
621 1815
912 106
114 1736
1385 676
1311 745
909 15
1743 719
1325 1762
824 169
1075 377
725 1592
662 1982
1160 1061
1814 47
421 1087
350 936
1433 869
68 965
1960 141
1865 32
126 1227
737 1700
867 1736
1151 624
1240 1656
506 1763
375 41
650 1399
1332 1687
1362 1566
1878 966
1601 128
477 463
1784 1867
860 965
1938 865
518 758
360 1263
1073 717
1025 973
367 366
347 886
273 1871
1786 460
403 72
1856 1958
170 1359
461 1803
1642 1101
1884 636
1702 954
1300 1382
1229 758
843 698
1475 1013
282 436
1706 853
1601 1310
456 523
1413 701
1620 1116
1366 651
518 294
1500 1196
1738 331
783 1770
563 125
902 274
605 1050
1842 740
455 1770
110 922
343 1836
1120 1280
275 111
914 540
1467 113
455 783
612 523
303 1660
1192 988
1902 1770
1229 294
968 1130
1960 611
1377 267
655 1074
1685 1189
1008 1400
656 1422
1904 1954
216 1686
1460 181
141 611
773 1411
1545 208
1960 597
1572 262
380 131
1397 211
380 1770
131 1770
1175 1876
1401 318
1158 552
1780 1563
1612 100
1222 770
141 597
281 808
581 1518
1702 35
451 937
461 1168
520 523
1713 1400
1240 1623
1934 349
946 504
276 803
1856 965
1224 523
347 693
380 1902
1970 1881
198 1213
755 1836
432 1799
380 783
1160 1592
1456 473
1287 1631
716 918
1423 1087
1964 614
1858 52
456 6
1865 763
380 455
1463 306
1707 742
1702 390
1604 1404
1743 1262
725 52
660 1055
1591 954
456 136
281 206
506 1504
1902 783
1825 1631
1191 1091
1385 1770
380 1254
1374 159
868 8
1924 1144
1257 1581
612 6
448 636
725 1858
1567 886
612 136
722 1185
455 1254
273 611
1998 1810
1442 1987
168 148
1843 1431
223 94
303 313
509 1631
137 1047
1558 1958
1702 837
1902 1254
650 1156
248 1661
1823 664
1567 693
273 597
573 41
1732 1486
1426 752
783 1254
893 262
1061 1592
1966 974
1642 840
131 1254
172 274
131 783
6 136
725 676
1120 1638
1368 193
792 1317
520 136
520 6
1385 1254
341 1709
1879 1091
1385 783
1224 136
806 1227
903 326
1385 131
1224 6
1642 537
1936 1958
303 844
1858 676
1385 1902
385 1662
1418 1736
1316 1625
2 541
1929 241
1243 959
1199 578
13 714
1129 1101
1591 35
1215 1923
1385 455
886 693
1180 1382
1488 489
168 1867
782 1519
435 1736
411 213
1092 1048
68 758
1879 1191
860 758
893 1572
131 1902
1966 1443
496 1578
32 763
1232 603
1591 390
44 46
1371 870
672 865
428 974
1789 1958
350 1091
861 139
477 879
687 693
445 1711
456 1853
168 1784
1946 100
526 637
68 294
860 294
725 1770
716 704
1095 822
1558 965
89 1704
1160 52
57 1618
1924 599
456 440
860 68
1819 119
1960 701
1092 1660
687 886
612 1853
1627 1607
1499 693
902 1347
1591 837
1667 212
268 953
625 1826
1936 965
380 719
503 540
22 641
735 1538
1858 1770
1752 1453
1823 1307
500 1451
612 440
412 1087
796 436
1656 1623
766 262
1292 1153
725 1254
1165 1533
1990 72
964 119
207 1836
391 521
1694 67
141 701
114 159
520 1853
1385 719
1545 1458
1738 315
428 1443
324 1958
1651 582
350 1191
1499 886
1503 1518
1413 918
840 537
1804 1520
50 1182
1224 1853
422 708
964 1819
738 262
520 440
435 1418
1160 676
229 1793
855 922
1129 537
1129 840
1753 1104
1048 1660
347 1723
1966 1875
1672 1101
608 358
1092 313
1224 440
1789 965
1702 1803
598 695
1366 546
1392 1736
1858 1254
208 1458
914 954
1879 473
395 685
1256 1566
705 295
711 1821
1160 1770
1267 752
1426 869
1865 377
275 1777
1092 844
165 1606
95 901
131 455
725 783
789 1265
1731 132
172 1347
280 358
1702 1168
1568 1429
134 1677
44 875
1856 758
156 169
1738 1106
1567 1723
1300 1260
104 982
662 641
283 1529
456 1871
285 627
725 1902
1160 1254
350 473
1236 1885
170 3
799 1210
1199 1346
59 371
676 1770
128 1310
1707 523
1856 294
1332 1824
1046 1855
794 171
1991 1446
1142 441
725 455
1061 52
292 1984
496 973
273 701
1426 1433
1467 791
370 487
170 417
725 131
725 719
867 159
612 1871
131 719
380 1262
1048 313
324 965
428 1875
1551 936
95 1831
340 77
471 1979
1321 265
455 719
1385 1262
421 463
766 1572
232 913
1591 1803
156 824
1936 1558
1308 1213
1222 820
447 1623
1048 844
1884 1662
1287 1592
635 100
520 1871
1672 537
1333 1533
1591 1168
1009 250
1513 540
1902 719
563 1877
600 762
1224 1871
664 1307
1780 307
257 306
1061 1770
1672 840
952 63
1642 1611
663 113
1913 443
1490 72
1874 1806
1180 1260
1085 808
96 784
1385 380
790 636
1825 1592
406 646
1008 1230
1355 610
1032 1485
1567 347
1858 783
738 1572
1440 1290
477 983
303 742
789 366
50 937
1413 704
1960 918
503 954
1707 136
248 1793
1858 719
448 1662
411 1431
1332 1983
368 1424
967 1163
1179 998
1713 1230
782 966
242 67
134 1414
1706 1493
1068 296
1266 1716
935 1202
1580 1047
1409 809
1191 473
901 1831
1160 783
1160 719
1061 676
1061 1254
676 1254
933 1739
584 262
783 719
914 35
725 1262
1249 1139
964 693
1401 1173
313 844
1129 1611
3 417
1804 120
334 47
1803 1168
52 1770
1120 45
1595 365
1567 1631
509 1592
1936 758
1858 1902
141 918
1660 844
1675 1104
1890 1958
1707 6
1936 294
914 390
1160 1902
203 274
1558 758
347 1631
1314 805
1267 869
299 832
447 1656
1660 313
1629 1087
1577 1981
1858 455
104 904
1160 455
1558 294
1160 1858
1183 1150
526 384
1783 469
1499 687
1287 1770
608 1205
1931 295
395 399
1255 1285
66 793
1354 969
1084 805
1491 751
1382 1260
1423 463
1160 131
186 538
1332 1370
491 1432
1167 1258
1819 693
176 1726
1858 131
1825 1770
566 94
1853 440
1789 758
1287 52
1038 213
535 1564
914 837
1001 212
1084 1314
1035 1736
223 1141
456 611
1160 1262
445 870
570 925
743 853
672 1938
421 879
280 1205
1789 294
1783 94
248 229
168 1258
450 1043
1287 1254
1491 805
1858 1262
893 974
1960 704
1783 566
815 1831
1869 1432
273 918
435 159
1054 241
210 708
469 94
570 39
1672 1611
1913 923
1743 1058
64 1932
1009 1195
1719 161
131 1262
1825 52
1825 1254
52 1254
503 35
456 597
1460 515
509 1770
1707 440
135 763
1491 1314
1707 1853
612 611
1093 540
1869 491
168 1167
1267 1433
716 274
1499 1723
1878 148
1878 1867
751 805
148 1867
1061 719
911 685
1491 1084
1998 1947
503 390
1250 1088
1743 125
520 611
553 575
687 1723
1536 871
455 1262
612 597
303 523
1513 954
1866 1883
1904 1146
1694 1130
172 902
1224 611
815 901
22 1538
509 1254
912 1470
464 1575
893 1443
1381 414
621 47
1598 1762
1814 1898
1287 676
697 314
1802 543
1235 628
198 803
1444 119
1460 1285
1418 159
1904 91
141 704
1129 1642
1444 693
790 1662
1092 742
1902 1262
1687 1824
235 610
520 597
323 602
119 693
223 685
1252 349
1460 1255
324 758
160 485
503 837
469 566
312 1708
1236 936
324 294
509 52
1224 597
1038 1431
60 1984
785 1533
1058 125
1144 599
964 886
1675 1753
658 63
1825 676
427 872
183 442
1890 965
1392 159
1707 1871
281 1213
223 911
452 100
1964 53
914 1168
1612 1958
1300 511
203 1347
1287 719
1678 871
584 1572
1499 1631
1170 1652
1732 94
243 204
716 1347
114 1374
186 1686
109 1396
766 974
751 1314
1567 1592
1811 1412
1061 783
1577 211
1687 1983
1423 879
662 1538
1567 1770
1165 1432
1837 784
613 453
1814 193
625 876
1825 719
303 136
1878 1784
32 377
1544 1745
477 808
716 203
421 983
1333 1432
831 531
1222 1795
273 704
823 1533
725 380
1371 849
687 1631
1592 1770
914 1803
1885 936
201 81
1061 1262
1942 1157
1651 599
411 1843
893 1875
242 1130
503 1168
1891 295
1046 525
59 1886
738 974
1120 842
1567 1254
213 1431
699 589
1706 181
1823 1824
1542 795
557 1894
1197 1186
1027 1309
369 590
297 259
1651 1144
613 690
1217 853
545 1218
818 804
509 676
382 1139
1175 575
776 362
992 1007
783 1262
104 1207
509 719
766 1443
1180 511
114 540
1823 1983
1426 1429
1930 81
553 1922
1354 603
1815 47
1092 523
412 463
676 719
1898 193
85 155
51 527
1141 685
1351 1101
758 294
347 1770
503 1803
1675 1586
1820 1889
785 1432
1183 1669
1562 514
1517 123
721 1981
1165 491
223 399
1954 1146
1287 1262
1374 540
195 871
456 701
1093 954
1419 832
823 1432
1333 491
518 1260
1170 1790
1385 125
738 1443
1292 1239
1525 123
1567 52
1724 1594
663 791
347 1592
1954 91
1287 783
51 1935
347 1254
23 1519
423 1543
1061 1902
1533 1432
1825 1262
1592 1254
1078 499
1552 99
881 1836
1551 1091
1413 274
1998 1737
1732 566
303 6
1627 1313
612 701
1385 1058
470 936
1062 1917
1567 719
692 757
725 125
1061 455
1878 1258
1946 1958
520 701
1351 537
154 1594
1780 1736
268 389
1825 783
1612 965
1062 19
1362 161
545 353
1092 136
183 1895
411 1016
605 1905
1423 983
812 262
393 552
1461 1495
1224 701
735 1589
1687 1370
1567 676
1392 1418
1229 1260
1501 1516
766 1875
1513 35
721 211
1499 1770
1961 1652
1225 1585
509 1262
725 1058
421 808
1823 1370
135 377
303 440
584 974
785 491
250 1195
1615 1307
1491 1104
359 1436
1236 1091
1824 1983
114 954
105 1632
1215 21
396 1806
1960 274
303 1853
1513 390
1333 1165
58 171
1499 1254
1901 41
1175 1922
1287 1902
477 1085
823 491
1354 1232
461 1746
1075 1661
535 222
1407 1776
1542 394
380 125
1703 1486
687 1770
1823 1687
738 1875
1351 840
1963 696
456 918
341 67
95 296
655 433
1272 614
1710 880
154 1724
1567 1262
1732 469
503 914
413 1623
1427 784
885 1733
52 719
1865 1661
1287 455
194 554
1061 131
629 1344
911 399
1525 1517
1440 77
1820 1039
1413 1347
347 719
1120 1768
500 1014
1256 161
398 1186
878 1984
1707 611
347 52
584 1443
687 1254
168 560
1706 515
509 783
1095 1339
1499 1592
815 296
612 918
1374 954
1865 1075
412 879
535 859
1825 1902
303 1871
1513 837
867 540
1236 1551
520 918
477 206
1753 1586
276 1400
172 100
1991 1187
1706 1285
1723 1631
1784 1258
1568 332
1789 1558
1224 918
625 582
1321 714
938 1449
1160 125
1825 455
506 872
1707 597
636 1662
214 1594
1484 1564
1567 783
141 274
1423 808
165 951
1236 473
860 1260
1444 1819
459 1227
395 1519
380 1058
1183 295
1287 131
1267 1429
1960 1347
1533 491
1961 1790
1783 685
862 558
1513 1168
800 418
1300 397
1706 1255
1830 41
1092 6
794 1076
1385 1743
725 1743
1551 473
1499 719
1671 905
1638 45
341 1130
1444 886
1924 1652
815 95
725 1385
535 1763
635 1958
1885 1091
687 1592
1382 511
1351 1611
1480 1575
925 39
1672 1642
1561 262
764 1806
1601 1307
312 1396
1819 886
1401 813
1946 965
1160 1058
1595 1017
135 32
347 676
1174 1945
347 1262
1092 440
902 100
57 960
456 704
183 1816
676 1262
716 100
743 1493
716 902
292 801
201 981
68 1260
1567 509
1627 949
46 875
449 906
584 1875
1992 838
17 939
1499 52
1964 101
1172 1834
1035 159
97 1578
1491 1586
1825 131
664 1983
273 274
1092 1853
1567 1902
464 48
687 719
815 1068
955 1098
312 109
421 1085
319 184
612 704
509 1902
1567 455
1669 295
553 787
1491 1753
461 1920
148 1258
867 954
1475 1412
563 1432
1890 294
722 936
1591 1702
520 704
1869 1831
443 923
742 523
223 1519
421 206
141 1347
1160 380
518 511
1224 704
1180 397
1780 159
235 1355
1732 685
509 455
1999 1761
1092 1871
95 1068
1093 35
1890 758
445 849
1499 1262
1930 981
395 23
1084 1104
1141 399
964 1631
1333 1831
1008 538
664 1824
1165 1831
1513 1803
1500 70
412 983
285 174
1624 63
1300 619
1008 1686
307 1736
114 35
1093 390
1667 819
1048 523
1924 1790
1308 803
1713 538
470 1091
67 1130
1783 399
1567 131
1618 960
1723 1770
1499 676
1885 473
1713 1686
435 540
176 1915
659 1925
1287 1061
1592 719
604 178
1780 1035
687 52
114 390
964 1770
716 172
483 1578
785 1831
1095 1906
782 1867
1783 1141
1615 1983
625 599
1494 1435
964 1723
427 1390
782 1258
538 1686
367 1984
851 197
1032 383
823 1831
1048 742
1085 206
529 169
687 1262
837 1168
654 1953
273 1347
1867 1258
496 1025
469 685
751 1104
1229 511
964 1254
1707 701
1858 125
1150 295
22 1589
114 1093
1386 892
347 783
223 23
1723 1254
779 1281
114 1168
281 803
1093 1168
114 837
1981 211
1480 48
1781 1762
1240 246
412 808
1093 837
1503 581
1572 974
1332 1290
1027 1436
1167 560
1612 294
1804 571
725 1877
43 1523
509 131
891 240
526 175
1487 150
1212 1662
298 252
334 193
518 1382
60 801
52 1262
1423 206
1108 921
1629 463
1180 619
1812 1735
1631 1770
1175 787
1423 1085
1615 1824
1732 399
818 1876
1612 758
435 954
1601 1983
298 839
662 1589
1392 540
1707 918
1480 464
635 965
595 1585
1675 844
1720 184
1856 1260
782 148
1256 1362
664 1370
1703 94
470 473
687 676
1333 1869
1217 1493
168 352
203 100
92 1585
160 1607
461 752
1160 1743
1533 1831
1350 1695
276 1230
395 966
1385 1877
1499 783
214 1724
1568 1718
1878 560
6 440
1567 1825
1048 136
1228 589
1850 1630
1236 1191
223 966
860 511
928 1602
1526 102
103 1323
812 974
1936 1260
1184 679
108 939
44 1750
1491 844
699 865
1783 911
1413 100
1057 150
1991 55
235 528
1591 1746
231 47
1999 1677
337 371
625 1144
74 513
885 601
1374 35
223 395
1631 1254
1842 1774
964 719
1732 1141
524 1469
1960 100
114 1803
1567 1061
303 611
1615 1370
1418 540
1702 1746
1392 954
851 489
456 274
319 263
1779 707
1009 558
1374 390
812 1572
1802 1309
1634 1848
722 1091
281 1308
1368 504
1855 525
337 1886
1601 1824
721 1577
422 969
520 612
347 1902
1761 1677
1027 359
563 491
621 193
680 197
1491 1675
1366 1564
812 1443
1858 1058
1814 504
529 824
566 685
1426 332
68 511
301 1280
1374 1168
354 942
1707 704
368 1527
452 1958
782 1784
520 274
612 274
1413 203
347 455
1073 1324
448 1884
53 101
1692 178
1165 1869
1093 1803
1814 1368
469 399
1158 1635
1457 349
1789 1260
1880 708
1224 274
1491 313
303 597
1572 1443
1333 901
730 729
302 304
1878 1167
1009 862
716 1958
1486 94
743 181
1287 125
968 1280
1160 1877
1212 636
1885 1551
878 801
742 136
422 603
1567 125
1960 203
413 1656
371 1886
968 301
92 595
1185 936
687 783
1499 1902
563 1831
716 452
518 397
946 130
1355 528
1991 1328
350 1879
66 142
1374 837
1418 954
1907 271
1165 901
1484 222
1946 294
1675 313
1444 1770
1825 1061
964 1592
1558 1260
1601 1370
1869 901
160 1313
196 610
236 916
1783 1519
1567 1287
725 1432
1499 455
1999 1414
964 1262
722 473
1620 132
743 515
1307 1983
1153 1239
1001 819
1562 549
867 35
972 763
423 744
1332 77
141 100
461 869
743 1285
1592 1262
1723 719
42 1431
456 1347
1444 1254
1853 1871
1249 514
1483 49
785 901
817 652
1732 911
1825 125
867 390
58 1076
1584 265
1946 758
1038 1843
867 1168
1522 1756
421 477
1561 974
1769 123
1896 1933
491 1831
1866 1968
843 1323
1061 125
1120 1716
1540 47
1820 1838
1720 263
390 1168
823 901
535 1504
812 1875
1484 859
520 1347
1028 1294
506 1390
1552 1265
612 1347
1129 1146
1966 805
1629 879
1084 1586
653 921
480 1049
1960 1413
1199 1605
1385 1432
1484 1763
1224 1347
347 131
135 1661
1761 1414
269 683
1732 1519
1129 91
678 37
983 808
1169 252
1460 1575
23 966
680 489
1382 397
1229 397
1229 1382
307 159
991 63
1567 1058
412 206
1591 1920
26 614
1333 296
867 837
1616 320
1092 611
743 1255
273 100
1561 1443
1275 295
198 1400
964 52
518 619
367 801
1065 652
1544 318
969 603
1314 1104
1499 131
1755 1566
1985 516
1169 839
172 1958
1444 1631
716 965
324 1260
1819 1770
1160 1432
785 1869
1874 982
1165 296
35 1168
354 388
1276 150
20 93
183 1951
176 420
1780 540
1800 41
1038 1016
488 295
1158 1657
794 1578
181 515
1287 1058
1949 365
911 1519
6 1871
1702 1920
1374 1803
785 296
380 1743
160 949
1819 1254
1869 296
1455 16
403 1799
632 895
843 103
751 1586
1672 1146
859 1763
687 1902
412 1085
1850 1639
1615 664
181 1285
168 591
1856 511
1936 511
1960 902
1780 954
1936 1856
1092 597
823 296
1158 1745
325 1807
860 397
298 338
1752 516
1709 1130
97 973
1706 1575
1444 719
1804 99
1491 1660
1595 446
248 1219
509 125
1460 48
153 409
1783 966
1672 91
1107 492
725 1831
1651 1652
782 560
269 1439
687 455
701 918
1561 1572
1413 902
1707 274
1217 515
380 1877
566 399
1657 1745
1217 1285
435 1168
503 1746
303 918
1267 332
170 1446
1991 757
432 1557
303 701
1217 181
1815 193
345 784
435 35
461 1433
635 294
1229 619
1723 1262
1783 23
1743 1877
1825 1058
343 123
435 390
1591 752
964 676
1561 1875
1048 440
1468 12
1960 1958
1991 692
789 1984
867 1803
792 1662
1460 464
1629 808
553 978
496 1277
823 1869
276 1686
582 599
1426 1718
1437 1453
1706 48
96 286
1567 1858
43 670
201 875
1413 1958
1499 347
452 965
1874 904
1732 966
428 805
1385 1831
1992 184
1525 1485
1789 511
1841 906
68 397
1579 906
1752 1985
298 693
1885 1191
1631 719
635 758
407 740
1164 1785
1878 352
1160 1831
1048 1871
866 244
1635 1745
380 1432
268 1881
1382 619
1702 752
58 1578
725 491
1491 523
1823 1290
1392 1168
1966 1104
1977 454
194 259
1510 1269
1533 901
1044 102
1217 1255
164 29
1629 983
860 619
1706 464
435 837
1444 1262
1707 1347
1338 1502
1061 1058
1694 1280
556 683
902 1958
469 1141
1468 899
1643 1037
421 1213
1801 610
470 1551
1572 1875
469 1519
1743 1432
972 377
223 1258
860 1382
1732 23
382 514
456 100
403 1557
1837 286
689 548
1141 1519
1392 35
483 973
716 294
755 123
411 1195
1558 511
1755 161
1499 125
210 603
303 704
1992 263
1333 1068
1888 739
6 1853
1048 1853
1048 6
1392 390
406 1988
1029 1854
141 203
687 131
556 1439
1799 1557
347 125
1930 875
1185 1091
526 1585
520 100
1084 1753
1366 222
1642 1146
1517 1485
1819 719
964 783
515 1285
564 793
1966 1314
718 913
1550 622
612 100
422 1232
613 1420
1552 366
716 758
1811 1148
