12579 12580
1611 1612
940 941
7844 7845
102 103
158 159
5796 5797
7898 7899
2555 2556
5837 5838
16190 16191
12490 12491
15929 15930
1408 1409
5746 5747
12394 12395
1204 1205
13029 13030
178 179
18114 18115
10071 10072
12274 12275
49 50
342 343
5189 5190
7763 7764
4966 4967
6950 6951
8803 8804
18267 18268
140 141
263 264
790 791
2864 2865
9896 9897
9926 9927
4326 4327
83 84
16105 16106
816 817
543 544
3619 3620
6091 6092
6688 6689
7727 7728
12019 12020
17998 17999
1551 1552
2728 2729
2655 2656
261 262
811 812
2100 2101
317 318
836 837
4289 4290
2794 2795
818 819
3501 3502
5801 5802
8617 8618
9178 9179
10113 10114
2347 2348
3284 3285
7848 7849
8542 8543
9905 9906
1672 1673
6518 6519
9465 9466
10269 10270
10522 10523
18220 18221
63 64
312 313
1443 1444
1534 1535
4033 4034
12423 12424
284 285
1452 1453
5084 5085
13333 13334
8198 8199
2208 2209
6288 6289
8645 8646
8866 8867
1892 1893
18833 18834
369 370
389 390
1144 1145
2407 2408
4074 4075
15805 15806
883 884
1508 1509
1704 1705
2923 2924
4819 4820
4839 4840
5324 5325
8739 8740
17213 17214
18647 18648
582 583
4505 4506
16715 16716
2769 2770
4589 4590
10459 10460
16576 16577
2367 2368
8754 8755
74 75
777 778
793 794
2323 2324
3412 3413
9977 9978
15329 15330
1043 1044
4204 4205
19322 19323
586 587
1784 1785
3088 3089
1551 1553
243 244
2181 2182
4104 4105
4224 4225
1906 1907
7738 7739
362 363
6256 6257
8288 8289
1080 1081
11076 11077
976 977
2428 2429
5837 5839
572 573
758 759
1396 1397
6728 6729
12194 12195
530 531
10087 10088
108 109
137 138
460 461
2915 2916
13542 13543
78 79
452 453
556 557
2020 2021
2344 2345
4517 4518
9905 9907
11011 11012
527 528
10654 10655
8703 8704
15913 15914
923 924
1520 1521
1745 1746
31 32
979 980
10680 10681
307 308
591 592
1321 1322
1655 1656
5037 5038
5105 5106
5704 5705
7106 7107
11359 11360
2161 2162
55 56
340 341
404 405
519 520
737 738
1835 1836
4321 4322
17168 17169
27 28
661 662
3003 3004
4997 4998
148 149
2822 2823
4197 4198
14128 14129
16777 16778
17776 17777
656 657
171 172
485 486
10364 10365
469 470
726 727
1194 1195
1425 1426
1615 1616
1902 1903
2690 2691
2973 2974
4987 4988
15025 15026
19553 19554
125 126
6772 6773
7897 7899
23 24
284 286
667 668
1306 1307
2084 2085
4807 4808
5943 5944
6672 6673
8696 8697
9847 9848
10659 10660
12765 12766
5337 5338
646 647
14698 14699
16135 16136
1339 1340
4110 4111
4709 4710
5685 5686
9864 9865
11498 11499
3449 3450
150 151
3713 3714
10895 10896
457 458
18 19
2779 2780
4114 4115
14931 14932
17931 17932
19280 19281
9689 9690
839 840
3474 3475
18836 18837
530 532
4120 4121
15752 15753
373 374
3023 3024
4832 4833
5677 5678
8105 8106
187 188
560 561
1342 1343
2395 2396
129 130
771 772
6287 6289
8711 8712
11719 11720
12581 12582
15514 15515
16664 16665
17267 17268
1878 1879
2584 2585
12792 12793
1265 1266
1963 1964
6850 6851
281 282
2000 2001
8238 8239
11956 11957
16443 16444
2009 2010
3897 3898
9200 9201
316 318
832 833
1115 1116
7116 7117
8706 8707
9489 9490
10774 10775
8142 8143
17104 17105
535 536
757 759
1064 1065
3957 3958
8355 8356
8809 8810
142 143
5659 5660
279 280
503 504
1800 1801
2174 2175
4893 4894
8597 8598
8727 8728
11326 11327
2468 2469
9860 9861
98 99
379 380
1040 1041
1501 1502
1752 1753
5483 5484
12731 12732
4623 4624
168 169
6930 6931
356 357
529 531
815 817
823 824
942 943
1488 1489
3589 3590
6414 6415
6552 6553
10255 10256
13594 13595
474 475
1080 1082
3114 3115
12559 12560
17402 17403
234 235
801 802
2016 2017
2355 2356
6515 6516
8830 8831
9327 9328
1760 1761
1559 1560
5436 5437
2654 2656
3763 3764
4073 4075
7825 7826
8752 8753
15006 15007
1270 1271
2557 2558
10643 10644
466 467
1390 1391
2382 2383
6864 6865
7577 7578
14238 14239
1176 1177
6955 6956
181 182
5516 5517
7227 7228
10232 10233
7285 7286
489 490
760 761
1552 1553
1794 1795
3023 3025
3223 3224
5890 5891
7952 7953
8563 8564
8741 8742
9801 9802
12456 12457
9795 9796
54 56
1285 1286
3858 3859
7551 7552
27 29
1135 1136
391 392
3220 3221
3412 3414
3871 3872
4147 4148
7776 7777
13278 13279
5 6
83 85
1161 1162
1994 1995
3138 3139
5401 5402
7173 7174
7963 7964
13917 13918
15269 15270
15281 15282
17831 17832
529 532
18832 18834
252 253
9935 9936
1052 1053
6411 6412
1983 1984
10759 10760
221 222
5341 5342
379 381
10427 10428
11433 11434
1407 1409
289 290
7502 7503
257 258
565 566
2799 2800
3788 3789
3914 3915
3954 3955
4897 4898
9906 9907
11172 11173
11891 11892
12770 12771
13916 13918
19559 19560
9514 9515
31 33
484 486
1265 1267
140 143
1814 1815
5019 5020
6081 6082
10066 10067
13499 13500
6195 6196
7642 7643
15649 15650
907 908
978 980
1901 1903
2092 2093
13921 13922
15992 15993
16939 16940
1425 1427
4127 4128
4823 4824
2094 2095
18550 18551
3240 3241
116 117
221 223
398 399
511 512
608 609
763 764
885 886
1311 1312
2721 2722
2754 2755
3088 3090
4252 4253
5056 5057
5693 5694
10245 10246
12329 12330
15276 15277
4965 4967
5318 5319
17994 17995
4068 4069
9084 9085
15281 15283
3964 3965
5335 5336
7464 7465
17761 17762
603 604
887 888
5860 5861
6416 6417
7033 7034
12801 12802
15384 15385
17677 17678
450 451
62 64
518 520
743 744
3658 3659
9661 9662
17691 17692
465 467
655 657
4644 4645
10264 10265
15362 15363
2259 2260
4420 4421
327 328
491 492
828 829
919 920
2804 2805
2958 2959
5113 5114
16486 16487
4675 4676
16507 16508
1451 1453
1225 1226
6796 6797
1610 1612
389 392
549 550
180 182
1955 1956
11965 11966
6502 6503
4563 4564
9864 9866
15239 15240
15282 15283
15897 15898
5815 5816
346 347
1487 1489
4230 4231
5649 5650
12402 12403
8476 8477
195 196
2134 2135
69 70
106 107
173 174
625 626
1132 1133
1745 1747
2124 2125
2163 2164
2325 2326
2381 2383
2707 2708
2763 2764
4485 4486
5750 5751
6596 6597
10381 10382
12101 12102
17093 17094
17792 17793
18315 18316
517 520
1066 1067
456 458
6005 6006
2542 2543
4863 4864
17632 17633
8684 8685
17385 17386
243 245
1178 1179
1337 1338
11961 11962
2670 2671
7998 7999
266 267
406 407
452 454
2272 2273
8837 8838
13553 13554
15687 15688
18445 18446
570 571
960 961
1140 1141
11557 11558
1076 1077
15117 15118
16618 16619
18191 18192
4476 4477
3213 3214
3953 3955
6316 6317
10653 10655
12868 12869
810 812
3186 3187
150 152
7952 7954
340 343
13179 13180
9037 9038
148 151
208 209
222 223
423 424
459 461
775 776
946 947
1009 1010
1060 1061
1532 1533
1858 1859
2497 2498
3024 3025
4063 4064
4256 4257
7452 7453
8132 8133
8334 8335
9250 9251
9263 9264
10816 10817
10838 10839
12740 12741
14233 14234
17216 17217
2327 2328
8572 8573
3097 3098
10354 10355
4308 4309
12241 12242
577 578
1337 1340
216 217
3012 3013
3238 3239
2569 2570
18 20
54 55
60 61
121 122
346 348
600 601
1119 1120
1655 1657
2161 2164
3248 3249
4910 4911
5621 5622
7029 7030
12279 12280
18942 18943
4589 4591
5691 5692
2740 2741
10498 10499
871 872
2204 2205
3531 3532
4209 4210
11715 11716
16199 16200
14016 14017
17857 17858
78 80
284 287
712 713
1743 1744
2621 2622
4320 4322
4951 4952
16214 16215
19219 19220
311 313
518 519
1630 1631
2161 2163
2104 2105
2782 2783
4004 4005
6283 6284
6954 6956
106 109
108 110
157 159
193 194
338 339
358 359
377 378
542 544
1314 1315
2422 2423
2747 2748
3684 3685
9388 9389
10528 10529
11283 11284
12032 12033
13916 13917
13929 13930
14496 14497
17492 17493
15999 16000
395 396
1558 1560
1582 1583
10180 10181
13 14
1878 1880
371 372
3969 3970
125 127
7808 7809
1563 1564
13927 13928
5492 5493
7573 7574
8958 8959
11642 11643
171 174
3152 3153
93 94
414 415
607 609
1601 1602
1806 1807
2219 2220
3648 3649
3785 3786
4211 4212
6343 6344
7961 7962
15511 15512
17244 17245
606 609
361 363
6652 6653
450 453
1858 1860
2856 2857
7814 7815
145 146
1387 1388
2367 2369
3030 3031
7706 7707
9182 9183
12917 12918
556 558
1507 1509
1960 1961
14040 14041
16755 16756
19190 19191
18449 18450
9171 9172
101 103
353 354
3986 3987
14837 14838
2049 2050
12711 12712
16335 16336
10340 10341
68 70
77 79
107 109
171 173
177 179
389 391
465 466
517 519
581 583
606 607
669 670
806 807
841 842
946 948
1309 1310
1487 1488
1976 1977
3005 3006
3558 3559
4159 4160
4203 4205
5263 5264
11004 11005
12541 12542
15178 15179
16800 16801
7562 7563
5995 5996
18655 18656
1914 1915
2315 2316
208 210
17728 17729
72 73
869 870
1264 1266
4925 4926
14713 14714
15867 15868
291 292
8358 8359
10437 10438
295 296
468 470
606 608
1601 1603
3742 3743
3891 3892
3922 3923
5756 5757
8421 8422
1800 1802
599 601
607 608
1178 1180
3291 3292
1337 1339
2303 2304
12241 12243
18414 18415
1710 1711
1990 1991
3145 3146
4100 4101
4900 4901
6886 6887
7086 7087
8932 8933
15802 15803
60 64
191 192
1859 1860
6709 6710
12476 12477
422 424
3227 3228
255 256
580 583
897 898
1618 1619
3413 3414
6045 6046
6998 6999
7770 7771
11344 11345
14063 14064
14225 14226
15047 15048
14586 14587
25 26
1625 1626
19142 19143
851 852
7953 7954
13231 13232
15805 15807
16523 16524
261 264
462 463
491 493
760 762
2419 2420
9619 9620
10782 10783
19144 19145
5072 5073
11675 11676
111 112
811 813
10247 10248
17164 17165
201 202
220 223
383 384
498 499
552 553
969 970
1064 1067
1447 1448
1771 1772
2315 2317
2479 2480
3135 3136
3556 3557
4142 4143
5709 5710
6531 6532
6641 6642
7105 7107
7512 7513
8651 8652
8658 8659
8709 8710
9219 9220
10035 10036
10897 10898
14534 14535
16998 16999
17144 17145
19373 19374
3493 3494
10012 10013
11196 11197
11547 11548
959 961
17034 17035
14592 14593
1147 1148
4276 4277
4280 4281
8109 8110
88 89
148 152
215 217
683 684
1323 1324
11556 11558
14363 14364
16572 16573
18448 18450
1530 1531
10394 10395
3524 3525
10679 10681
11696 11697
344 345
2066 2067
3594 3595
5058 5059
5258 5259
6719 6720
8666 8667
9260 9261
14096 14097
15251 15252
16207 16208
16965 16966
178 182
4731 4732
61 64
1027 1028
17945 17946
17745 17746
3 4
15 16
690 691
1338 1340
1520 1522
2207 2209
2955 2956
3953 3954
7056 7057
10445 10446
12943 12944
15845 15846
19494 19495
2936 2937
5779 5780
220 222
473 475
5303 5304
13763 13764
4713 4714
15281 15284
283 285
450 454
1421 1422
1513 1514
2715 2716
3212 3214
3363 3364
4910 4912
8209 8210
15884 15885
27 30
1179 1180
2834 2835
654 657
3208 3209
3432 3433
5489 5490
17006 17007
10196 10197
1111 1112
1691 1692
3568 3569
10441 10442
1252 1253
3563 3564
17249 17250
283 286
2489 2490
805 807
1363 1364
3002 3004
16237 16238
3727 3728
6520 6521
13305 13306
4392 4393
48 50
66 67
78 81
380 381
402 403
584 585
695 696
757 758
951 952
1099 1100
1602 1603
1801 1802
2009 2011
2234 2235
2431 2432
2563 2564
2587 2588
3105 3106
3526 3527
4299 4300
4311 4312
5051 5052
5225 5226
6579 6580
7090 7091
7265 7266
8173 8174
9197 9198
9230 9231
9705 9706
11946 11947
12700 12701
16758 16759
16973 16974
18662 18663
1257 1258
1405 1406
3754 3755
4907 4908
1904 1905
3687 3688
5212 5213
6944 6945
1268 1269
1461 1462
1537 1538
2226 2227
7457 7458
8990 8991
19104 19105
59 64
981 982
8008 8009
2879 2880
6116 6117
6464 6465
16239 16240
18178 18179
1017 1018
4325 4327
8899 8900
3086 3087
675 676
1454 1455
1983 1985
7773 7774
14082 14083
15057 15058
18851 18852
7012 7013
390 392
2246 2247
6271 6272
1336 1340
3368 3369
4446 4447
10554 10555
368 370
3173 3174
10897 10899
13877 13878
27 32
349 350
754 755
1706 1707
4555 4556
5928 5929
6238 6239
6240 6241
6928 6929
8027 8028
10658 10660
12328 12330
17862 17863
17477 17478
1743 1746
259 260
8695 8697
421 424
7493 7494
1336 1338
1839 1840
5120 5121
7947 7948
998 999
3913 3915
10746 10747
18480 18481
18479 18481
163 164
1434 1435
2537 2538
3992 3993
4513 4514
7488 7489
7877 7878
18479 18480
10450 10451
63 65
4241 4242
10164 10165
1543 1544
5251 5252
862 863
1052 1054
1110 1112
2477 2478
3700 3701
5946 5947
8053 8054
12905 12906
2537 2539
4700 4701
6515 6517
2019 2021
5388 5389
17733 17734
23 26
2538 2539
283 287
18266 18268
330 331
450 452
765 766
1261 1262
10898 10899
15282 15284
15536 15537
2218 2220
16714 16716
4585 4586
4895 4896
77 80
218 219
233 235
278 280
285 286
310 313
379 382
508 509
580 581
881 882
895 896
1000 1001
1014 1015
1129 1130
1279 1280
1442 1444
1771 1773
1928 1929
2434 2435
4274 4275
5129 5130
5865 5866
8737 8738
9383 9384
10862 10863
11662 11663
17487 17488
17529 17530
18792 18793
221 224
6118 6119
8264 8265
11890 11892
231 232
251 253
5481 5482
10142 10143
11510 11511
11700 11701
14712 14714
2745 2746
6235 6236
7161 7162
10642 10644
5343 5344
7447 7448
582 585
4814 4815
2116 2117
4453 4454
10569 10570
944 945
1264 1267
4784 4785
6598 6599
11091 11092
6464 6466
17842 17843
8882 8883
11498 11500
59 61
93 95
1648 1649
9294 9295
2245 2247
294 296
7772 7774
556 559
3718 3719
4110 4112
6562 6563
9343 9344
13041 13042
19423 19424
1545 1546
2281 2282
7833 7834
8262 8263
9994 9995
167 169
1709 1711
2187 2188
9083 9085
9086 9087
13362 13363
17596 17597
4772 4773
5638 5639
18965 18966
1797 1798
8165 8166
77 81
72 75
209 210
516 520
557 558
703 704
940 943
1313 1315
1548 1549
2316 2317
2889 2890
4073 4074
4418 4419
4596 4597
5500 5501
6193 6194
8098 8099
10201 10202
14163 14164
17248 17250
1764 1765
3807 3808
7468 7469
8963 8964
121 123
7366 7367
17861 17863
98 100
2758 2759
3309 3310
4151 4152
6631 6632
15966 15967
800 802
810 813
106 110
304 305
1272 1273
4467 4468
7753 7754
8370 8371
1982 1984
8752 8755
13178 13180
1193 1195
3169 3170
2610 2611
6620 6621
7699 7700
149 151
207 210
465 470
503 505
928 929
1131 1133
2048 2050
2194 2195
2249 2250
3793 3794
4376 4377
5895 5896
8319 8320
12371 12372
19429 19430
7208 7209
14901 14902
1370 1371
2036 2037
6313 6314
10079 10080
804 807
1913 1915
8321 8322
327 329
19380 19381
19420 19421
5 7
27 33
207 209
527 531
688 689
2606 2607
3390 3391
12749 12750
14448 14449
18297 18298
176 179
1055 1056
4619 4620
410 411
2059 2060
2776 2777
5251 5253
6785 6786
7785 7786
7919 7920
8101 8102
13565 13566
17474 17475
449 451
5756 5758
275 276
1309 1312
2541 2543
5307 5308
6938 6939
15134 15135
16081 16082
19157 19158
80 81
83 86
285 287
994 995
1105 1106
2218 2219
2305 2306
2323 2326
16455 16456
17997 17999
220 224
6372 6373
14065 14066
3367 3369
388 392
3821 3822
5674 5675
483 486
1499 1500
527 532
286 287
288 290
347 348
572 574
814 817
1008 1010
1043 1045
1157 1158
1223 1224
2301 2302
2421 2423
2664 2665
3171 3172
3278 3279
3406 3407
4279 4281
4293 4294
4879 4880
5654 5655
5992 5993
6054 6055
6873 6874
7147 7148
7284 7286
8286 8287
8866 8868
9997 9998
10231 10233
10337 10338
13453 13454
14580 14581
16497 16498
17693 17694
11990 11991
18209 18210
9060 9061
2981 2982
12618 12619
1336 1339
1832 1833
10682 10683
71 73
8392 8393
11890 11891
1065 1067
8960 8961
11325 11327
10711 10712
149 152
248 249
9444 9445
9788 9789
1223 1226
1094 1095
1224 1226
1355 1356
1368 1369
1927 1929
3157 3158
3356 3357
12809 12810
137 139
141 143
973 974
3671 3672
6102 6103
12985 12986
16446 16447
491 494
2860 2861
5580 5581
14448 14450
60 62
413 415
3581 3582
6954 6955
13176 13177
14815 14816
2320 2321
2935 2937
4202 4205
431 432
2878 2880
3567 3569
5679 5680
7482 7483
17726 17727
10503 10504
14938 14939
60 65
965 966
4197 4199
30 32
62 65
168 170
406 408
692 693
1110 1111
1143 1145
2548 2549
2797 2798
3491 3492
4557 4558
7181 7182
11741 11742
12015 12016
14341 14342
17989 17990
449 453
818 820
1419 1420
295 297
3280 3281
4828 4829
13656 13657
17387 17388
2187 2189
102 104
125 128
431 433
1313 1314
1944 1945
5204 5205
5583 5584
6027 6028
19515 19516
7145 7146
15411 15412
2020 2022
3121 3122
838 840
1208 1209
4431 4432
5250 5252
8395 8396
14449 14450
13666 13667
13935 13936
14179 14180
2029 2030
19200 19201
11775 11776
28 29
68 69
79 81
151 152
185 186
241 242
360 363
420 424
529 530
729 730
903 904
1134 1136
1229 1230
1433 1435
1451 1452
2214 2215
2279 2280
3337 3338
3362 3364
4007 4008
4502 4503
5504 5505
5543 5544
6957 6958
8183 8184
8469 8470
9093 9094
9111 9112
12740 12742
19147 19148
448 451
1796 1798
136 138
2058 2060
412 415
919 921
2078 2079
9458 9459
883 886
2270 2271
10106 10107
150 153
14898 14899
10308 10309
309 313
1102 1103
1281 1282
2133 2135
3240 3242
4295 4296
1527 1528
4876 4877
5055 5057
11969 11970
24 26
646 648
1309 1311
15356 15357
1771 1774
7311 7312
13858 13859
47 50
362 364
432 433
2710 2711
4535 4536
15924 15925
5956 5957
8969 8970
3463 3464
466 470
1744 1746
3952 3955
8077 8078
8394 8396
10228 10229
15086 15087
59 65
12856 12857
14934 14935
1523 1524
1574 1575
4637 4638
4717 4718
5046 5047
5262 5264
5804 5805
7756 7757
9892 9893
15275 15277
18669 18670
3050 3051
12884 12885
3247 3249
13683 13684
18777 18778
7467 7469
8286 8289
8434 8435
129 131
2672 2673
4484 4486
10401 10402
569 571
7032 7034
2258 2260
15673 15674
102 105
248 250
1620 1621
7896 7899
11220 11221
16709 16710
534 536
230 232
176 177
771 773
11843 11844
448 453
4674 4676
6498 6499
9182 9184
9739 9740
11934 11935
18909 18910
352 354
2496 2498
2732 2733
10444 10446
3405 3407
6173 6174
2793 2795
3865 3866
4219 4220
5250 5253
4555 4558
15653 15654
2704 2705
8532 8533
14970 14971
15705 15706
1222 1226
3066 3067
5340 5342
13757 13758
18658 18659
8 9
42 43
122 123
168 172
222 224
234 236
401 403
487 488
575 576
637 638
692 694
700 701
949 950
1040 1042
1084 1085
1198 1199
1772 1773
1837 1838
1972 1973
2180 2182
2664 2666
3846 3847
4643 4645
4899 4901
5573 5574
5873 5874
7511 7513
8287 8289
8539 8540
9458 9460
10255 10257
11035 11036
12349 12350
12370 12372
14033 14034
15865 15866
15953 15954
16083 16084
17058 17059
18125 18126
18588 18589
19032 19033
19484 19485
1809 1810
546 547
1189 1190
13441 13442
1279 1282
1393 1394
1912 1915
2550 2551
5453 5454
9521 9522
12618 12620
376 378
2230 2231
4217 4218
5391 5392
5994 5996
12230 12231
2738 2739
10519 10520
8183 8185
193 196
195 197
768 769
2925 2926
4609 4610
13430 13431
18998 18999
1276 1277
3065 3067
4938 4939
12000 12001
61 65
1651 1652
2507 2508
5201 5202
17 19
255 258
526 528
984 985
1507 1508
3162 3163
4169 4170
7716 7717
12128 12129
15109 15110
4004 4006
71 75
993 995
6771 6773
8202 8203
10301 10302
11567 11568
11953 11954
17 20
717 718
987 988
1128 1130
8394 8395
12590 12591
175 179
733 734
3455 3456
5206 5207
6004 6006
9595 9596
12815 12816
18199 18200
58 64
3199 3200
13184 13185
19 20
107 110
299 300
379 384
1139 1141
1156 1158
1196 1197
1772 1774
2421 2422
2972 2974
3498 3499
4587 4588
5175 5176
5255 5256
5817 5818
449 454
660 662
4627 4628
8184 8185
10068 10069
124 126
2119 2120
4548 4549
16120 16121
18774 18775
284 290
5772 5773
6081 6083
7264 7266
11887 11888
2071 2072
572 576
1279 1281
1773 1774
373 375
516 519
4740 4741
8771 8772
13872 13873
10078 10080
14429 14430
19483 19485
195 198
465 468
653 657
712 714
1137 1138
2678 2679
3712 3714
4267 4268
4951 4953
5801 5803
5931 5932
10872 10873
13828 13829
18548 18549
14171 14172
17093 17095
975 977
4993 4994
10389 10390
2559 2560
367 370
4556 4558
7639 7640
16782 16783
5829 5830
12478 12479
13075 13076
19152 19153
12828 12829
4427 4428
15448 15449
1512 1514
6568 6569
13328 13329
90 91
388 390
1654 1656
7838 7839
10093 10094
10409 10410
14712 14713
15283 15284
15704 15706
2848 2849
3103 3104
239 240
4139 4140
6208 6209
7493 7495
12741 12742
472 475
3211 3214
11480 11481
8026 8028
59 62
140 142
356 359
393 394
554 555
614 615
857 858
899 900
951 953
2737 2739
3054 3055
5273 5274
7083 7084
7153 7154
8384 8385
15471 15472
19032 19034
15672 15674
257 260
279 282
1260 1262
3655 3656
5452 5454
13450 13451
19033 19034
1776 1777
162 164
5563 5564
12407 12408
7245 7246
301 302
545 547
5939 5940
1617 1619
5682 5683
74 76
148 153
1949 1950
4587 4590
13635 13636
1280 1282
3732 3733
10235 10236
36 37
98 103
498 500
572 575
580 585
1016 1018
1284 1286
4426 4428
4949 4950
4965 4966
6366 6367
8649 8650
16236 16238
1321 1324
2290 2291
16531 16532
2206 2209
570 573
1114 1116
1451 1455
1839 1841
1889 1890
10183 10184
579 583
598 601
2860 2862
11397 11398
14189 14190
448 454
85 86
197 198
254 256
328 329
1156 1157
1605 1606
1687 1688
2461 2462
3042 3043
4044 4045
4224 4226
4272 4273
9391 9392
10194 10195
10834 10835
11460 11461
2401 2402
4900 4902
18290 18291
18853 18854
917 918
6623 6624
166 169
181 183
206 210
342 345
1395 1397
5416 5417
10266 10267
12492 12493
12807 12808
17235 17236
12289 12290
17646 17647
2129 2130
2744 2746
14332 14333
68 73
10536 10537
16164 16165
6410 6412
7821 7822
9036 9038
156 159
208 211
582 584
923 925
962 963
1098 1100
1185 1186
1310 1312
2086 2087
2288 2289
2963 2964
4111 4112
7894 7895
8329 8330
10875 10876
15561 15562
4789 4790
11367 11368
18593 18594
223 224
515 520
2797 2800
78 82
218 224
556 561
17094 17095
23 25
218 223
249 250
1759 1761
3473 3475
3792 3794
4076 4077
7379 7380
9708 9709
9890 9891
15599 15600
5164 5165
7316 7317
8777 8778
644 645
191 194
514 520
4043 4045
4587 4591
15768 15769
42 44
413 414
1424 1426
2315 2318
9660 9662
17047 17048
2346 2348
6788 6789
7978 7979
10179 10181
10444 10445
3 6
19558 19560
125 130
214 217
369 372
2191 2192
2792 2795
7304 7305
1530 1533
14040 14042
175 177
1486 1489
1876 1877
2510 2511
2692 2693
3381 3382
5913 5914
10861 10863
1450 1453
13557 13558
15963 15964
344 348
581 585
1053 1054
4445 4447
5261 5264
15797 15798
387 392
10363 10365
11609 11610
3358 3359
6651 6653
69 73
7550 7552
15351 15352
5629 5630
3851 3852
8037 8038
1982 1985
219 224
18391 18392
338 341
7694 7695
12255 12256
1742 1746
42 45
47 48
79 80
93 96
134 135
215 216
278 282
365 366
412 414
514 515
517 518
531 532
678 679
693 694
880 882
1032 1033
1070 1071
1175 1177
1295 1296
1452 1455
1480 1481
1498 1500
1695 1696
1704 1707
1710 1712
2046 2047
2069 2070
2174 2176
2665 2666
2747 2749
2922 2924
3190 3191
3495 3496
3787 3789
4425 4428
4426 4427
4439 4440
4588 4590
6033 6034
6070 6071
6972 6973
7501 7503
8324 8325
8536 8537
8683 8685
8737 8740
9413 9414
9459 9460
10092 10094
10284 10285
10331 10332
10543 10544
10960 10961
12781 12782
14051 14052
14688 14689
16120 16122
16851 16852
17248 17249
17645 17647
18327 18328
18584 18585
18983 18984
577 583
5572 5574
18270 18271
58 65
13807 13808
161 164
13057 13058
18714 18715
1644 1645
3896 3898
12874 12875
17166 17167
551 553
4063 4065
7263 7266
9096 9097
1548 1550
11308 11309
1434 1436
1743 1747
2859 2861
9183 9184
13824 13825
2426 2427
4092 4093
13175 13177
23 29
4274 4277
5010 5011
1758 1761
6755 6756
8899 8901
35 37
219 223
464 467
1668 1669
8245 8246
11095 11096
108 112
2148 2149
3049 3051
4636 4638
5954 5955
31 34
344 347
5870 5871
12387 12388
12927 12928
1960 1962
2106 2107
1379 1380
13655 13657
777 779
3458 3459
4588 4591
4240 4242
6579 6581
742 744
767 769
2612 2613
10746 10748
3297 3298
315 318
351 354
574 576
2950 2951
10869 10870
11104 11105
14098 14099
15271 15272
283 290
25 29
12019 12021
15273 15274
14798 14799
17353 17354
1654 1657
2400 2402
116 118
800 801
940 942
1763 1765
1857 1860
2277 2278
3108 3109
5832 5833
6611 6612
7540 7541
8798 8799
12269 12270
636 638
325 326
2501 2502
8934 8935
10628 10629
5647 5648
11117 11118
17184 17185
187 189
293 296
294 297
462 467
548 550
1614 1616
1898 1899
2669 2671
6126 6127
14883 14884
772 773
1078 1079
1917 1918
9035 9038
9390 9392
10081 10082
68 75
6062 6063
979 982
2015 2017
13630 13631
23 28
154 155
673 674
823 825
1181 1182
1341 1343
1517 1518
1756 1757
2066 2068
2332 2333
3019 3020
4555 4557
4590 4591
5387 5389
7160 7162
9039 9040
9436 9437
10078 10079
14527 14528
15466 15467
16397 16398
368 372
7660 7661
16334 16336
168 174
431 434
3380 3382
8128 8129
353 355
382 384
902 904
1938 1939
4117 4118
15298 15299
1615 1619
893 894
1280 1281
6986 6987
8908 8909
17939 17940
1405 1409
2127 2128
9854 9855
15555 15556
8678 8679
12832 12833
18146 18147
19169 19170
1373 1374
1892 1894
2366 2368
333 334
1283 1286
15758 15759
11232 11233
12203 12204
9101 9102
136 139
270 271
437 438
451 453
462 464
826 827
1006 1007
2760 2761
2874 2875
3501 3503
3769 3770
4802 4803
4937 4939
5252 5253
6732 6733
6971 6973
7097 7098
7793 7794
8036 8038
8731 8732
10901 10902
10993 10994
12854 12855
13384 13385
2859 2862
803 807
11699 11701
1115 1117
1576 1577
465 469
839 842
2216 2217
5795 5797
8228 8229
11227 11228
200 202
340 345
1096 1097
1451 1454
1625 1627
7477 7478
17010 17011
10193 10195
836 840
3151 3153
25 28
191 196
259 262
3048 3051
3093 3094
3417 3418
4516 4518
8741 8743
10855 10856
11502 11503
13652 13653
9354 9355
289 292
3062 3063
4324 4327
577 579
2531 2532
3562 3564
5065 5066
6247 6248
7001 7002
1392 1394
12169 12170
473 474
928 930
1762 1765
4851 4852
6940 6941
7462 7463
11287 11288
19389 19390
3096 3098
17789 17790
145 147
1725 1726
8283 8284
13756 13758
1768 1769
8968 8970
8370 8372
10815 10817
3437 3438
449 452
2123 2125
7492 7494
9143 9144
17119 17120
69 75
254 258
7011 7013
3551 3552
11889 11892
1292 1293
1764 1766
13959 13960
9853 9855
1418 1420
5 9
77 82
421 422
457 461
643 645
706 707
736 738
1152 1153
1446 1448
1501 1503
1549 1550
1548 1553
1598 1599
1709 1712
2676 2677
2798 2800
3097 3099
3744 3745
3882 3883
3999 4000
4043 4044
4478 4479
4702 4703
5050 5052
6114 6115
6675 6676
7202 7203
7385 7386
7650 7651
8500 8501
9738 9740
10291 10292
10371 10372
11043 11044
11517 11518
11778 11779
12685 12686
13200 13201
13318 13319
14972 14973
17602 17603
19386 19387
4267 4269
11366 11368
1661 1662
255 260
613 615
1511 1514
5123 5124
9492 9493
667 670
1184 1186
1410 1411
1742 1744
2670 2673
2863 2865
14014 14015
15713 15714
1362 1364
2103 2105
16751 16752
272 273
10734 10735
14746 14747
284 288
695 697
4769 4770
6215 6216
9234 9235
16182 16183
12508 12509
22 26
280 282
10518 10520
13426 13427
13085 13086
346 350
1637 1638
2638 2639
2768 2770
7539 7541
10814 10817
53 56
106 112
7168 7169
3 7
115 117
1352 1353
6446 6447
2980 2982
13832 13833
895 898
1066 1068
3550 3552
18470 18471
30 33
206 209
1123 1124
1303 1304
1424 1427
1433 1436
1686 1688
2398 2399
3804 3805
7775 7777
12704 12705
14204 14205
88 91
5173 5174
18478 18481
1044 1045
1485 1489
2861 2862
15928 15930
176 182
557 559
8168 8169
10245 10248
7567 7568
18265 18268
7647 7648
1856 1860
19514 19516
175 182
1813 1815
3321 3322
102 109
8368 8369
928 931
7195 7196
3953 3956
8600 8601
129 132
175 176
218 222
506 507
658 659
934 935
1440 1441
1699 1700
1854 1855
2796 2800
3680 3681
5261 5262
10877 10878
13143 13144
14639 14640
14950 14951
15220 15221
18140 18141
6687 6689
1824 1825
958 961
17352 17354
19100 19101
365 370
7659 7661
869 872
5793 5794
14336 14337
1613 1616
10247 10249
10388 10390
93 97
193 198
228 229
741 744
775 778
1147 1149
3380 3381
4656 4657
5451 5454
9390 9391
965 967
4529 4530
7229 7230
83 87
455 458
10691 10692
15447 15449
366 370
10436 10438
11499 11500
448 452
8281 8282
964 966
3749 3750
23 32
35 36
161 162
522 523
725 727
930 931
1276 1278
2796 2798
2814 2815
2989 2990
4484 4485
5530 5531
6040 6041
7395 7396
9055 9056
10484 10485
543 547
976 980
7637 7638
254 260
137 143
826 829
1256 1258
4652 4653
6268 6269
11599 11600
1549 1553
2288 2291
712 715
7539 7540
15755 15756
18082 18083
1573 1575
13526 13527
18347 18348
19482 19485
1465 1466
10131 10132
1572 1575
489 492
1255 1258
1834 1836
2473 2474
9579 9580
10578 10579
15636 15637
15882 15883
15887 15888
16385 16386
3152 3154
398 400
336 337
4924 4926
5127 5128
6875 6876
9645 9646
8770 8772
121 126
4 6
248 253
502 504
673 676
1758 1759
1823 1825
2699 2700
6641 6643
7031 7034
7706 7708
13819 13820
4995 4996
342 348
7762 7764
12978 12979
456 461
2398 2402
15129 15130
63 67
194 196
227 229
1321 1323
2785 2786
4201 4205
4244 4245
4413 4414
12563 12564
15483 15484
18094 18095
7534 7535
5104 5106
5723 5724
19224 19225
19350 19351
338 343
4789 4791
7449 7450
13010 13011
15269 15272
6907 6908
180 183
1831 1833
2548 2551
4786 4787
5817 5819
8208 8210
9849 9850
2854 2855
5339 5342
10481 10482
770 773
1735 1736
4216 4218
10449 10451
1477 1478
460 463
1600 1603
4425 4427
5410 5411
10651 10652
17665 17666
18597 18598
10925 10926
8074 8075
60 67
827 829
8383 8385
9683 9684
10618 10619
14460 14461
418 419
1949 1951
2934 2937
10192 10195
14486 14487
2399 2402
9272 9273
2847 2849
374 375
491 495
582 587
878 879
3415 3416
8405 8406
13693 13694
4042 4045
168 173
3114 3116
7601 7602
3880 3881
6464 6467
8131 8133
6501 6503
8532 8534
8475 8477
12154 12155
954 955
340 348
8579 8580
15894 15895
8071 8072
25 32
4854 4855
1483 1484
9877 9878
3 9
1051 1054
1058 1059
3744 3746
12245 12246
6114 6117
23 33
965 968
15373 15374
15670 15671
44 45
46 50
59 67
60 63
94 95
104 105
170 172
190 192
193 197
220 221
227 228
358 363
368 369
387 390
412 413
510 512
811 817
893 896
909 910
1064 1068
1076 1079
1121 1122
1131 1132
1213 1214
1255 1256
1384 1385
1404 1406
1497 1500
1519 1521
1572 1573
1623 1624
1718 1719
1901 1902
1958 1959
2269 2271
2289 2291
2290 2292
2319 2321
2338 2339
2364 2365
2377 2378
2492 2493
2627 2628
2737 2738
2864 2866
2878 2879
2961 2962
3074 3075
3602 3603
3607 3608
3765 3766
3814 3815
4826 4827
5427 5428
5663 5664
5864 5866
5971 5972
6197 6198
6392 6393
6765 6766
6937 6939
7066 7067
7134 7135
7566 7568
8014 8015
8270 8271
8502 8503
9234 9236
9325 9326
10773 10775
10814 10815
11066 11067
11141 11142
12063 12064
12078 12079
13083 13084
13111 13112
13338 13339
14306 14307
15233 15234
16011 16012
16410 16411
16672 16673
17070 17071
17623 17624
17689 17690
9162 9163
14601 14602
17592 17593
897 900
4771 4773
12964 12965
9801 9803
23 30
4905 4906
17830 17832
3745 3746
125 131
136 143
436 438
462 470
2426 2429
514 519
2873 2875
17033 17035
21 26
102 110
3670 3672
8506 8507
165 169
2375 2376
2714 2716
3066 3068
3074 3076
203 204
1930 1931
9618 9620
18113 18115
13777 13778
258 260
4508 4509
8714 8715
4713 4715
15128 15130
4899 4902
5185 5186
12235 12236
17654 17655
8433 8435
13845 13846
88 90
1379 1381
7102 7103
9915 9916
10301 10303
342 347
1720 1721
3195 3196
3556 3559
3954 3956
8215 8216
9682 9684
13295 13296
13105 13106
711 713
877 879
1667 1669
2334 2335
2406 2408
15965 15967
3075 3076
14007 14008
10497 10499
15990 15991
16077 16078
167 172
542 547
1550 1553
1808 1810
2366 2369
2467 2469
11889 11891
13848 13849
15443 15444
16259 16260
2257 2260
7101 7103
10787 10788
1268 1271
1403 1406
8240 8241
4256 4258
107 112
140 144
340 347
376 377
624 626
3065 3068
11264 11265
4589 4592
17289 17290
167 170
8724 8725
11732 11733
219 222
425 426
674 676
696 697
1461 1463
4642 4645
13450 13452
1265 1269
10617 10619
184 186
417 419
1548 1552
1682 1683
2283 2284
849 850
3023 3026
6100 6101
6313 6315
13651 13653
404 407
551 552
1026 1028
3160 3161
3269 3270
3539 3540
7577 7579
13655 13656
15458 15459
10962 10963
3118 3119
5138 5139
11952 11954
3 5
52 56
584 587
7341 7342
9904 9907
15358 15359
14136 14137
60 66
4110 4113
8742 8743
14041 14042
2624 2625
2308 2309
5364 5365
340 342
421 423
919 922
1389 1391
1694 1696
2488 2490
3543 3544
3735 3736
10707 10708
14955 14956
3436 3438
6243 6244
7843 7845
243 246
1322 1324
15457 15459
303 305
1504 1505
1900 1903
1993 1995
2412 2413
2555 2558
9794 9796
5334 5336
8930 8931
24 29
12554 12555
12888 12889
3 8
25 33
71 72
145 152
310 311
861 863
1456 1457
3325 3326
3969 3971
9340 9341
15457 15458
18476 18477
577 585
2434 2436
2914 2916
3062 3064
3910 3911
11648 11649
672 676
2910 2911
6000 6001
6115 6117
14835 14836
16552 16553
1901 1905
17873 17874
919 924
1837 1840
10699 10700
2052 2053
642 645
1902 1905
6686 6689
64 65
1108 1109
1452 1454
2680 2681
7710 7711
11424 11425
14187 14188
16543 16544
17994 17996
893 898
114 117
3597 3598
63 66
682 684
913 914
5004 5005
10053 10054
353 357
570 576
2828 2829
13509 13510
15410 15412
59 66
2549 2551
367 372
1622 1624
3816 3817
8050 8051
59 63
78 84
133 135
265 267
481 482
621 622
1069 1071
1613 1614
1641 1642
3132 3133
4304 4305
6770 6773
6803 6804
8053 8055
8572 8574
12212 12213
12573 12574
13062 13063
15312 15313
16468 16469
19348 19349
3490 3492
9080 9081
972 974
1176 1180
19419 19421
257 262
1643 1645
2602 2603
6259 6260
6890 6891
10508 10509
5620 5622
8677 8679
10097 10098
18838 18839
913 915
4625 4626
4818 4820
356 363
399 400
1559 1561
8562 8564
672 674
1748 1749
2690 2693
3421 3422
5862 5863
213 217
18812 18813
1104 1106
8709 8712
1140 1142
551 555
1310 1311
1403 1404
1654 1655
1799 1802
5641 5642
5898 5899
5905 5906
9222 9223
16872 16873
42 50
13 16
515 519
4126 4128
8549 8550
268 269
658 662
877 878
3143 3144
3716 3717
4250 4251
4609 4611
4915 4916
7195 7197
11812 11813
14883 14885
16973 16975
102 112
10854 10856
14938 14940
6432 6433
8077 8079
17778 17779
831 833
1811 1812
2175 2176
2464 2465
4753 4754
14469 14470
9101 9103
27 34
1763 1766
7211 7212
16231 16232
191 198
997 999
11263 11265
1545 1547
16881 16882
3734 3736
7848 7850
2057 2060
3198 3200
4866 4867
254 255
756 759
865 866
1168 1169
1722 1723
2979 2982
3573 3574
3641 3642
4108 4109
4636 4637
4794 4795
5706 5707
5845 5846
7101 7102
7981 7982
9132 9133
9359 9360
11556 11557
12355 12356
13587 13588
13789 13790
14707 14708
14895 14896
15180 15181
16979 16980
1559 1562
3437 3439
9793 9796
17316 17317
397 400
3646 3647
11793 11794
291 296
25 30
665 666
13340 13341
14318 14319
992 995
5453 5455
13361 13363
15029 15030
17786 17787
19216 19217
1212 1214
160 164
1305 1307
2003 2004
2635 2636
4470 4471
8244 8246
12147 12148
13074 13076
14294 14295
15510 15512
517 521
783 784
810 817
4283 4284
7094 7095
1241 1242
3734 3735
572 578
11207 11208
2018 2021
100 103
220 225
441 442
757 761
12711 12713
13414 13415
17395 17396
19416 19417
4933 4934
184 185
2270 2273
3358 3360
10755 10756
14053 14054
9199 9201
635 638
7394 7396
12917 12919
557 561
896 898
1776 1778
11953 11955
13517 13518
15074 15075
15682 15683
18800 18801
5 8
136 137
307 313
325 329
447 453
1128 1129
1260 1261
1628 1629
1823 1824
2444 2445
2670 2672
5042 5043
6193 6196
7511 7512
7670 7671
9657 9658
11747 11748
13331 13332
13430 13432
16478 16479
1212 1213
6454 6455
5771 5773
602 604
659 662
3640 3642
2773 2774
3952 3956
4504 4506
636 637
2181 2183
3387 3388
4315 4316
5452 5455
6514 6516
13027 13028
9050 9051
9716 9717
7293 7294
1816 1817
1960 1964
1975 1977
1762 1766
221 225
489 493
552 555
1184 1185
2023 2024
3727 3729
3926 3927
4375 4377
4886 4887
5369 5370
6936 6939
7685 7686
10077 10080
10578 10580
13767 13768
386 392
19334 19335
1886 1887
6312 6314
14187 14190
19264 19265
207 211
330 332
351 352
4257 4258
6309 6310
6856 6857
8059 8060
12887 12889
18197 18198
760 764
7549 7552
1087 1088
4783 4785
4813 4815
7908 7909
13627 13628
14965 14966
480 482
2086 2088
3096 3099
3470 3471
3921 3923
17465 17466
7056 7058
4291 4292
4845 4846
9021 9022
365 372
18292 18293
149 153
884 886
6383 6384
19196 19197
1221 1226
1450 1455
652 657
5260 5264
13692 13694
16403 16404
2766 2767
3197 3200
71 76
526 532
11964 11966
24 28
717 719
1051 1053
10224 10225
529 533
1549 1552
1653 1656
7523 7524
10091 10094
51 56
13289 13290
74 81
9465 9467
17856 17858
5608 5609
1058 1061
11569 11570
256 260
295 298
299 302
309 311
324 326
366 372
380 384
389 394
436 437
464 470
518 521
589 590
625 627
880 881
894 898
914 915
922 924
956 957
993 994
1002 1003
1027 1029
1402 1406
1600 1602
1784 1786
2012 2013
2091 2093
2410 2411
3332 3333
3657 3659
3726 3728
4378 4379
4512 4514
4776 4777
5098 5099
6232 6233
7539 7542
7820 7822
9277 9278
9933 9934
10256 10257
11318 11319
11968 11970
13386 13387
13496 13497
15039 15040
15160 15161
17046 17048
17251 17252
19008 19009
13652 13654
6525 6526
9554 9555
15848 15849
421 426
3233 3234
13680 13681
3706 3707
9553 9555
1110 1113
14104 14105
3490 3491
10703 10704
15341 15342
17098 17099
102 107
9688 9690
10975 10976
13752 13753
16203 16204
9732 9733
459 463
1519 1522
3640 3641
3698 3699
11919 11920
15819 15820
18831 18834
16890 16891
263 267
447 451
1350 1351
4629 4630
5594 5595
7314 7315
9339 9341
9553 9554
18526 18527
2547 2551
6913 6914
671 676
2856 2858
14277 14278
18835 18837
7680 7681
5619 5622
310 312
549 553
1561 1562
1615 1617
2748 2749
2796 2797
4659 4660
9625 9626
10789 10790
19491 19492
10167 10168
62 67
526 531
14188 14190
13213 13214
2288 2292
4460 4461
10214 10215
142 144
283 288
656 662
792 794
1630 1632
1768 1770
1942 1943
1950 1951
4072 4075
5382 5383
8033 8034
10675 10676
12813 12814
13796 13797
15870 15871
18510 18511
18901 18902
9034 9038
11151 11152
17197 17198
1714 1715
4194 4195
11219 11221
8830 8832
72 76
410 415
860 863
1742 1747
1838 1840
3711 3714
7763 7765
8318 8320
8634 8635
13189 13190
15577 15578
190 196
6445 6447
17411 17412
17870 17871
818 821
3380 3383
4528 4530
19060 19061
93 99
3435 3438
4287 4288
4608 4610
4799 4800
12927 12929
4 7
42 46
57 65
158 164
489 494
643 644
864 866
1598 1603
1871 1872
2751 2752
6930 6932
9354 9356
10739 10740
11117 11119
11886 11888
2204 2209
14471 14472
78 86
1554 1555
7492 7495
758 761
2119 2121
3203 3204
5640 5642
145 151
161 163
591 593
3107 3109
4772 4774
7070 7071
13256 13257
14739 14740
16938 16940
2762 2764
18195 18196
122 126
6261 6262
15108 15110
58 61
1211 1214
3929 3930
4759 4760
7647 7649
9063 9064
10858 10859
11841 11842
2208 2210
7491 7494
24 32
416 419
7262 7266
8256 8257
15542 15543
1440 1444
3579 3580
10886 10887
11597 11598
15165 15166
18447 18450
77 84
178 183
579 585
856 858
1999 2001
2913 2916
3128 3129
8626 8627
15269 15271
10084 10085
110 112
125 132
309 312
836 838
1666 1669
2179 2182
2668 2671
4198 4199
5201 5203
5356 5357
12139 12140
19175 19176
580 587
7100 7103
10860 10863
11099 11100
423 426
2612 2614
8474 8477
19151 19153
11 12
68 76
167 174
249 253
3113 3115
13220 13221
191 197
4712 4714
9157 9158
171 179
3626 3627
254 262
314 318
620 622
826 828
1223 1225
1332 1333
1730 1731
1934 1935
2261 2262
2323 2325
2719 2720
4052 4053
4739 4741
5127 5130
5480 5482
5603 5604
8519 8520
8677 8678
8738 8740
11576 11577
12767 12768
13197 13198
15740 15741
16630 16631
17601 17603
18376 18377
1613 1619
8878 8879
17103 17105
2606 2608
277 282
6194 6196
7029 7034
409 411
8639 8640
7309 7310
187 192
199 202
11070 11071
14195 14196
1403 1409
1767 1769
1755 1757
2173 2176
4672 4673
323 326
2343 2345
1203 1205
17473 17475
1211 1213
16454 16456
17929 17930
18041 18042
2519 2520
6453 6455
10234 10236
683 685
996 999
4663 4664
4681 4682
5802 5803
6514 6517
15621 15622
12959 12960
929 931
3741 3743
5293 5294
5836 5838
12690 12691
349 354
2557 2560
5193 5194
1276 1282
14579 14581
812 813
1303 1307
1451 1457
7669 7671
11422 11423
12577 12578
12818 12819
13669 13670
18776 18778
14634 14635
800 807
983 985
6114 6116
15 20
321 322
1202 1205
2034 2035
9745 9746
1651 1656
68 72
387 388
460 467
18697 18698
12558 12560
421 425
2281 2284
2389 2390
8668 8669
450 458
2531 2533
259 264
422 426
3479 3480
4139 4141
5988 5989
5451 5455
2225 2227
2958 2960
3378 3379
3686 3688
7476 7478
5844 5846
735 738
2277 2280
10929 10930
4125 4128
4758 4760
8141 8143
17166 17169
444 445
623 626
654 655
702 704
1057 1059
1080 1083
1829 1830
1835 1840
3057 3058
3128 3130
3436 3439
3903 3904
4078 4079
4862 4864
4869 4870
7978 7980
8299 8300
10064 10065
12411 12412
13953 13954
15526 15527
16580 16581
18234 18235
18266 18267
18763 18764
2380 2383
763 766
17057 17059
13508 13510
57 64
3222 3224
4130 4131
19164 19165
3014 3015
6928 6931
285 290
5407 5408
8891 8892
1461 1464
15296 15297
58 67
187 196
1599 1603
4928 4929
4976 4977
5970 5972
6883 6884
12427 12428
12483 12484
93 103
18713 18715
575 578
5381 5383
6674 6676
634 638
3870 3872
5488 5490
5998 5999
12486 12487
975 980
255 262
3042 3044
3864 3866
5413 5414
9323 9324
11007 11008
11354 11355
12749 12751
15012 15013
4396 4397
1614 1619
11555 11558
16420 16421
885 888
3873 3874
88 92
1119 1122
1404 1409
4036 4037
4064 4065
10678 10681
14170 14172
18253 18254
2027 2028
530 533
1558 1562
2949 2951
3957 3959
7394 7395
19236 19237
16836 16837
24 33
346 354
2131 2132
2229 2231
6191 6192
146 147
309 310
339 341
359 363
428 429
1202 1203
1485 1486
2081 2082
2152 2153
2821 2823
4848 4849
5009 5011
6228 6229
7960 7962
8599 8601
8792 8793
9738 9739
12168 12170
14638 14640
16167 16168
18816 18817
19347 19349
3415 3418
6582 6583
6930 6933
9277 9279
15402 15403
447 454
1900 1905
3151 3154
3202 3204
8989 8991
11582 11583
1476 1478
1572 1574
5518 5519
7847 7849
11988 11989
15447 15448
333 335
775 779
3654 3656
5565 5566
17401 17403
2046 2050
270 273
570 574
656 659
1004 1005
1041 1042
1135 1138
1873 1874
3616 3617
7283 7286
71 81
2294 2295
3073 3076
1837 1841
4875 4877
5241 5242
12371 12373
13498 13500
1367 1369
4947 4948
836 842
77 86
3085 3087
4463 4464
14115 14116
61 67
83 89
127 128
136 141
284 292
586 588
671 674
894 896
1076 1078
1118 1120
2087 2088
2707 2709
5055 5056
6537 6538
7676 7677
7799 7800
10680 10683
10967 10968
16163 16165
19376 19377
9851 9852
3411 3414
8182 8185
9779 9780
5690 5692
9904 9906
606 610
972 973
1119 1121
1578 1579
2233 2235
4685 4686
6984 6985
10673 10674
13470 13471
14219 14220
18069 18070
203 205
8630 8631
192 196
1402 1409
3639 3642
9382 9384
13156 13157
8022 8023
8039 8040
4004 4008
94 96
508 512
569 573
672 673
860 861
1622 1623
2252 2253
8366 8367
9423 9424
12464 12465
18346 18348
2760 2764
7571 7572
1558 1561
4497 4498
393 396
978 982
1175 1180
6774 6775
9381 9384
68 81
1573 1574
2753 2755
5017 5018
7727 7729
1355 1357
351 355
428 430
9293 9295
11430 11431
3394 3395
4 9
605 609
1390 1394
1531 1533
2203 2205
2439 2440
3358 3361
3485 3486
4885 4887
6097 6098
9793 9794
15172 15173
17291 17292
18563 18564
13 20
2069 2072
14493 14494
4730 4732
14636 14637
1372 1374
2248 2250
5628 5630
6319 6320
6842 6843
2312 2313
22 29
757 762
6932 6933
10070 10072
11 14
362 370
17123 17124
5027 5028
93 100
145 153
440 442
465 471
1646 1647
3053 3055
3472 3475
3710 3714
4067 4069
4333 4334
4489 4490
6285 6286
6408 6409
9484 9485
14668 14669
16974 16975
11608 11610
13412 13413
1434 1437
9107 9108
11793 11795
2015 2016
5481 5484
5348 5349
14904 14905
340 344
1114 1117
4496 4498
5276 5277
8020 8021
1625 1629
2659 2660
7537 7538
12656 12657
481 486
5031 5032
855 858
572 583
1704 1706
2029 2031
8908 8910
14929 14930
2092 2095
12730 12732
72 81
570 578
1699 1701
2307 2309
4476 4479
7327 7328
9457 9460
10263 10265
5533 5534
12055 12056
480 486
94 97
365 367
1257 1259
2535 2536
5745 5747
272 274
9400 9401
381 384
459 467
946 950
5525 5526
13792 13793
14922 14923
17072 17073
7875 7876
10459 10461
395 400
1349 1351
5601 5602
6580 6581
14945 14946
17890 17891
16036 16037
1155 1158
8078 8079
11744 11745
83 91
2160 2162
10066 10069
11016 11017
62 66
279 281
7424 7425
9134 9135
15627 15628
12577 12580
534 535
964 967
2885 2886
4424 4428
11770 11771
6242 6244
9408 9409
41 43
101 105
692 697
1192 1195
1640 1642
1690 1692
2066 2070
9711 9712
12476 12479
14492 14494
385 392
799 802
15609 15610
798 802
3562 3563
15893 15895
19169 19171
2664 2667
2978 2982
8982 8983
2173 2175
2289 2292
4238 4239
9836 9837
1337 1343
4208 4210
16576 16578
17303 17304
12346 12347
69 76
1165 1166
1309 1315
16244 16245
18661 18663
1653 1657
6346 6347
215 224
574 578
5938 5940
2730 2731
1534 1536
10565 10566
2669 2673
17705 17706
581 587
17595 17597
9895 9897
18 26
2047 2050
1040 1045
161 169
877 882
892 898
964 968
14013 14015
2568 2570
18444 18446
465 475
5008 5011
1811 1815
7043 7044
28 32
54 65
58 66
59 60
79 82
96 97
109 112
114 115
177 182
194 198
279 287
311 312
324 329
360 361
373 378
389 396
397 399
418 424
432 434
466 468
480 481
498 501
554 558
559 561
562 563
567 568
599 600
625 628
726 728
740 744
768 773
798 799
838 842
864 865
913 916
1098 1099
1222 1224
1251 1253
1252 1254
1402 1404
1451 1456
1485 1488
1581 1583
1598 1602
1658 1659
1666 1667
1679 1680
1713 1715
1725 1727
1835 1838
1858 1861
1941 1943
1954 1956
2090 2093
2381 2382
2437 2438
2515 2516
2647 2648
2768 2769
2831 2832
3002 3003
3048 3049
3065 3066
3190 3192
3193 3194
3219 3221
3400 3401
3537 3538
3772 3773
3809 3810
3897 3899
3900 3901
4247 4248
4295 4297
4392 4394
4396 4398
4472 4473
4501 4503
4562 4564
4587 4592
4602 4603
4655 4657
4766 4767
4911 4912
5546 5547
5583 5585
5663 5665
5910 5911
5931 5933
6404 6405
6427 6428
6459 6460
6575 6576
6645 6646
6923 6924
6971 6972
7287 7288
7329 7330
7780 7781
8049 8051
8093 8094
8389 8390
8585 8586
9381 9382
9421 9422
9513 9515
9682 9683
10185 10186
10245 10249
10369 10370
10427 10429
10577 10579
10627 10629
11594 11595
11909 11910
11930 11931
12242 12243
12300 12301
12399 12400
12887 12888
13148 13149
13389 13390
14151 14152
14447 14450
15275 15276
15765 15766
15880 15881
16317 16318
16442 16444
16829 16830
16889 16891
17150 17151
17365 17366
17411 17413
18000 18001
18084 18085
18170 18171
18238 18239
18448 18449
18566 18567
18630 18631
18785 18786
11230 11231
1063 1067
9287 9288
69 81
3435 3439
6255 6257
2122 2125
1115 1120
1150 1151
4784 4787
5240 5242
16803 16804
549 555
7326 7328
12244 12246
17950 17951
2932 2933
1279 1286
5177 5178
9608 9609
12578 12580
4162 4163
8814 8815
1903 1905
12678 12679
18114 18116
21 29
220 226
1433 1437
4765 4767
12008 12009
13222 13223
11307 11309
146 152
2052 2054
7144 7146
12276 12277
4748 4749
4765 4766
6718 6720
3928 3930
10435 10438
529 536
12478 12480
24 30
154 159
1832 1836
1975 1976
2998 2999
12067 12068
1559 1564
4771 4774
1174 1177
2826 2827
4124 4128
281 287
2651 2652
7338 7339
13596 13597
767 773
1057 1061
6666 6667
13406 13407
41 45
919 925
1361 1364
5120 5122
1146 1148
2256 2260
462 468
10955 10956
17948 17949
1615 1618
2817 2818
8972 8973
649 650
4502 4506
53 55
698 699
1043 1046
4444 4447
8429 8430
283 292
6214 6216
417 424
8172 8174
14869 14870
286 290
330 334
462 466
1304 1307
1661 1663
6410 6411
13912 13913
1349 1350
4932 4934
2757 2759
3226 3228
13 15
101 104
611 612
1651 1657
1857 1859
5693 5695
7099 7103
9006 9007
10230 10233
1451 1458
12023 12024
3 10
537 538
238 240
291 293
1155 1157
1730 1732
4225 4226
4331 4332
6200 6201
11899 11900
16413 16414
257 264
3652 3653
4029 4030
6650 6653
7142 7143
8566 8567
99 103
819 820
1094 1097
7508 7509
8331 8332
6772 6775
3047 3051
7366 7368
17586 17587
291 297
1450 1454
2431 2433
17988 17990
2331 2333
7779 7781
9255 9256
17384 17386
150 155
294 298
2269 2273
9010 9011
9728 9729
15669 15671
323 329
4529 4531
5764 5765
19141 19143
76 81
293 297
366 367
1222 1225
1527 1529
4778 4779
5127 5129
5786 5787
7206 7207
7540 7542
13651 13654
14080 14081
17372 17373
3246 3249
140 147
171 182
216 224
275 282
2921 2924
4527 4530
5169 5170
58 62
95 97
540 541
2526 2527
9340 9342
10897 10900
11115 11116
19327 19328
190 198
278 287
2300 2302
9388 9392
351 357
1115 1118
1695 1697
4389 4390
7293 7295
14096 14099
1074 1075
1917 1919
3760 3761
4080 4081
9633 9634
10406 10407
12414 12415
13000 13001
13022 13023
2435 2436
5687 5688
6567 6569
2761 2764
5658 5660
6672 6676
17935 17936
19142 19145
168 179
387 391
423 425
616 617
827 828
1270 1273
2066 2072
5093 5094
5309 5310
10620 10621
12228 12229
13045 13046
13991 13992
18773 18775
4659 4661
7439 7440
1456 1458
11596 11598
869 871
2167 2168
4200 4205
4801 4803
7968 7969
16816 16817
18178 18180
201 204
758 762
3356 3359
5772 5774
8175 8176
171 177
14627 14628
362 372
22 32
482 486
537 539
551 558
782 784
1224 1225
1264 1269
2650 2652
8955 8956
10024 10025
11549 11550
15399 15400
18439 18440
4307 4309
6113 6117
15608 15610
8024 8025
145 149
771 774
1383 1385
1408 1411
1835 1841
4838 4840
6421 6422
16333 16336
471 475
2018 2019
5521 5522
6114 6119
17821 17822
376 384
10648 10649
167 173
2276 2278
4726 4727
8641 8642
8710 8712
114 118
1387 1391
2180 2183
11541 11542
12597 12598
16669 16670
19202 19203
895 900
1131 1136
10130 10132
939 941
3490 3494
89 91
187 198
336 341
352 355
917 920
1486 1488
1908 1909
3278 3281
5864 5865
6616 6617
6654 6655
8745 8746
11359 11361
14772 14773
9100 9102
295 300
1355 1358
14880 14881
15962 15964
221 226
460 470
5559 5560
9104 9105
2349 2350
18898 18899
4289 4292
6401 6402
17032 17035
17512 17513
84 86
989 990
3110 3111
6352 6353
6809 6810
7712 7713
13586 13588
14641 14642
14903 14905
8769 8772
12127 12129
41 44
2172 2176
3096 3097
4222 4223
10175 10176
13519 13520
16903 16904
140 152
3159 3161
7303 7305
13844 13846
971 974
4278 4281
7663 7664
19218 19220
1953 1956
2794 2800
4775 4777
13408 13409
11249 11250
1768 1774
4204 4206
5689 5692
8432 8435
22 28
68 71
163 169
250 253
345 348
389 393
570 575
690 694
776 778
1957 1959
3123 3124
3256 3257
4616 4617
5240 5241
5528 5529
6609 6610
6782 6783
7536 7538
9457 9459
11184 11185
13831 13833
14382 14383
16029 16030
19246 19247
9339 9342
10929 10931
2562 2564
8676 8679
19481 19485
3022 3025
3416 3418
8553 8554
569 576
1946 1947
2364 2368
2892 2893
13827 13829
254 264
449 458
16713 16716
61 66
278 281
525 528
4119 4121
10844 10845
218 225
3449 3451
3691 3692
1593 1594
3698 3701
350 354
422 425
462 469
564 566
854 858
1108 1112
1336 1343
1496 1500
1677 1678
1731 1732
2583 2585
4794 4796
6129 6130
6938 6941
7412 7413
14884 14885
15535 15537
16653 16654
19120 19121
13164 13165
41 50
669 676
2487 2490
11124 11125
1767 1770
722 723
1354 1356
1941 1942
3053 3054
3132 3134
3321 3323
3803 3805
4742 4743
4876 4878
7600 7602
7779 7780
12988 12989
13807 13809
3396 3397
448 458
855 856
1294 1296
2045 2050
9791 9792
18076 18077
530 536
16712 16716
2504 2505
3103 3106
9956 9957
1694 1697
15008 15009
2989 2991
4593 4594
12440 12441
17112 17113
7065 7067
570 583
864 867
95 96
346 349
420 426
508 510
967 968
1139 1142
1615 1621
1838 1841
2365 2368
2427 2429
2547 2549
3381 3383
4960 4961
6029 6030
6125 6127
6837 6838
8220 8221
11384 11385
12661 12662
14266 14267
15068 15069
18105 18106
9710 9712
575 583
1975 1978
6097 6099
8962 8964
2587 2589
4622 4624
12970 12971
18980 18981
44 50
115 118
1196 1199
18378 18379
548 553
865 867
1342 1344
17437 17438
129 135
524 528
1025 1028
1111 1113
2070 2072
4476 4478
8522 8523
9563 9564
11408 11409
17562 17563
2203 2209
5149 5150
9281 9282
479 486
3753 3755
9463 9464
2228 2231
9451 9452
16540 16541
309 318
4203 4206
21 32
368 371
577 587
878 882
1853 1855
2418 2420
4885 4886
5637 5639
6568 6570
1689 1692
18843 18844
1704 1708
6355 6356
7057 7058
8990 8992
2364 2369
166 172
3380 3384
4918 4919
14798 14800
13934 13936
6444 6447
9498 9499
2840 2841
5255 5257
9241 9242
14968 14969
2207 2210
189 196
11956 11958
220 229
22 33
3845 3847
3928 3929
5815 5818
6052 6053
9131 9133
18915 18916
184 188
4873 4874
11010 11012
12370 12373
17529 17531
859 863
14897 14899
1370 1374
3555 3557
8865 8867
13552 13554
416 424
13 19
4363 4364
10997 10998
13576 13577
1812 1815
6213 6216
789 791
13044 13046
15073 15075
121 124
376 381
656 658
893 900
1452 1457
1469 1470
1599 1602
2283 2285
2294 2296
2344 2348
2365 2369
2578 2579
2701 2702
2801 2802
3034 3035
4302 4303
6158 6159
6912 6914
7039 7040
7799 7801
8720 8721
9839 9840
10577 10580
10641 10644
11161 11162
11708 11709
16723 16724
572 585
3725 3728
951 955
3869 3872
11340 11341
83 90
1132 1136
582 588
4051 4053
16678 16679
459 470
5201 5205
54 64
2607 2608
5870 5872
5926 5927
8675 8679
8857 8858
234 237
830 833
1107 1109
2606 2609
6692 6693
10860 10861
809 813
1086 1088
6371 6373
15607 15610
398 403
960 963
6498 6500
13668 13670
23 34
1401 1406
3279 3281
2314 2317
142 147
190 194
310 318
314 315
1220 1226
2881 2882
6795 6797
8665 8667
8848 8849
9396 9397
8108 8110
16770 16771
10894 10896
17385 17388
148 155
3095 3098
94 103
127 130
340 354
524 525
1140 1145
2779 2781
2923 2926
2959 2960
3955 3956
4621 4624
6190 6192
11959 11960
18161 18162
252 260
301 305
1379 1382
7601 7603
11788 11789
12985 12987
270 274
551 554
1210 1214
2381 2384
8926 8927
10654 10656
187 194
4712 4715
7979 7980
455 461
1885 1887
4757 4760
2581 2582
4306 4309
4 8
21 28
102 106
142 152
462 475
718 719
1876 1879
2394 2396
3149 3150
3855 3856
5815 5819
7215 7216
10246 10248
10761 10762
13266 13267
14742 14743
16712 16713
19123 19124
5333 5336
5793 5797
808 813
2663 2666
9832 9833
1618 1621
3426 3427
6968 6969
9491 9493
11298 11299
1805 1807
336 339
2382 2384
5657 5660
7023 7024
16745 16746
18989 18990
5175 5178
83 92
7104 7107
14782 14783
1534 1538
187 190
574 583
731 732
1401 1409
2976 2977
4725 4727
4993 4996
5672 5673
5809 5810
8383 8384
8774 8775
9681 9684
11601 11602
12362 12363
15917 15918
2276 2280
14315 14316
616 618
5204 5207
14332 14334
325 328
332 334
428 433
3762 3764
18259 18260
18812 18814
4365 4366
10508 10510
42 48
193 195
463 467
1276 1281
1928 1931
2678 2681
3813 3815
4644 4646
7114 7115
11459 11461
18660 18663
6420 6422
201 205
4230 4232
9624 9626
12617 12619
162 169
4826 4829
633 638
870 872
2707 2711
3274 3275
9488 9490
12827 12829
729 732
12167 12170
21 33
1278 1282
2007 2008
7308 7310
13183 13185
17519 17520
5782 5783
221 229
410 414
1794 1798
3162 3164
3238 3241
6793 6794
14675 14676
1637 1639
19020 19021
9429 9430
9874 9875
2839 2841
2914 2915
3245 3249
4999 5000
1734 1736
2727 2729
3385 3386
14288 14289
14055 14056
368 375
2300 2301
12747 12748
1741 1746
2213 2215
7261 7266
8703 8705
134 138
4501 4506
16729 16730
13528 13529
4865 4867
18836 18839
12 14
147 152
263 265
429 430
516 521
729 731
923 926
1014 1018
1080 1085
1567 1568
1937 1939
1990 1992
2279 2282
3063 3064
3586 3587
3879 3881
4040 4041
5008 5009
5922 5923
6518 6521
6836 6838
7160 7161
7496 7497
7727 7730
8192 8193
9449 9450
10400 10402
11917 11918
12065 12066
12654 12655
13517 13520
13872 13874
14223 14224
14283 14284
15872 15873
16327 16328
16339 16340
16384 16386
16499 16500
18051 18052
18425 18426
19403 19404
19434 19435
11088 11089
1558 1564
10362 10365
17919 17920
462 471
866 867
1617 1621
12031 12033
6950 6952
9106 9108
9389 9392
327 331
406 411
9710 9711
14898 14900
527 533
1706 1708
7873 7874
10194 10197
125 135
2299 2302
2640 2641
7578 7579
17077 17078
1342 1345
12368 12369
5416 5418
569 578
917 921
959 963
2779 2783
10034 10036
8751 8753
6407 6409
5148 5150
8228 8230
45 50
140 146
150 159
469 475
944 947
1507 1510
5390 5392
10498 10500
95 103
739 744
2567 2570
2670 2674
3519 3520
4827 4829
6497 6499
10077 10079
17058 17060
19011 19012
2891 2893
3225 3228
387 394
524 532
848 850
1155 1156
11729 11730
18404 18405
11554 11558
11831 11832
2737 2741
9269 9270
289 296
340 350
589 592
1878 1881
3112 3115
3181 3182
3202 3203
3495 3497
3912 3915
9393 9394
11001 11002
6054 6056
8321 8323
101 112
487 490
1666 1668
10031 10032
12753 12754
299 305
1543 1546
7943 7944
13893 13894
219 225
834 835
2224 2227
8485 8486
809 812
2205 2209
2715 2717
12348 12350
139 143
137 141
466 475
549 552
617 618
1058 1060
1200 1201
1378 1380
1406 1409
1450 1457
1625 1628
1651 1653
1689 1690
1888 1890
2018 2022
2169 2170
2900 2901
3703 3704
3844 3847
4452 4454
9124 9125
9768 9769
11308 11310
336 343
1320 1324
1592 1594
953 955
14273 14274
2781 2783
3616 3618
6652 6655
11952 11955
12476 12480
15348 15349
1210 1213
1445 1448
43 50
288 292
836 839
3155 3156
7963 7965
9238 9239
10138 10139
12714 12715
14886 14887
18995 18996
2948 2951
9197 9201
344 354
53 65
96 103
214 224
254 257
479 482
603 609
2897 2898
5128 5130
5291 5292
7817 7818
9095 9097
11196 11198
13054 13055
17376 17377
19468 19469
13502 13503
18851 18854
12883 12885
13816 13817
880 886
1035 1036
665 668
5192 5194
160 169
952 955
1387 1389
1616 1619
5627 5630
10174 10176
12254 12256
489 495
525 532
754 759
1898 1905
4588 4592
7000 7002
8475 8476
17744 17746
2315 2321
808 812
11492 11493
28 33
90 92
94 99
311 318
352 357
795 796
902 903
944 948
1309 1314
2342 2345
2481 2482
3284 3286
3335 3336
4418 4421
4495 4498
5034 5035
5162 5163
5196 5197
5267 5268
6078 6079
6102 6104
6523 6524
6595 6597
6686 6687
6771 6775
9341 9342
9704 9706
12968 12969
14385 14386
14827 14828
15092 15093
15243 15244
16539 16541
18945 18946
527 536
3814 3817
9156 9158
168 182
551 561
17012 17013
17474 17476
6911 6914
13774 13775
487 492
14362 14364
4528 4531
5302 5304
13848 13850
3366 3369
10916 10917
801 807
4474 4475
12193 12195
16800 16802
18107 18108
9463 9466
11540 11542
4423 4428
5699 5700
877 881
933 935
1679 1681
1856 1859
2860 2865
6026 6028
8539 8541
16991 16992
18937 18938
5386 5389
8930 8933
193 202
2410 2413
1006 1010
4992 4994
158 169
8473 8477
12451 12452
15719 15720
468 475
6470 6471
7086 7088
8628 8629
12758 12759
14972 14974
18285 18286
231 235
17966 17967
255 264
1183 1186
3072 3076
9976 9978
11160 11162
11764 11765
10086 10088
166 170
371 375
524 531
3639 3641
4914 4916
7157 7158
8261 8263
8675 8676
18 29
712 716
927 931
9787 9789
3308 3310
8694 8697
12337 12338
13607 13608
19227 19228
8865 8868
11435 11436
13020 13021
16358 16359
1452 1458
18668 18670
7773 7777
10193 10197
15 19
144 152
248 251
649 651
1303 1305
2252 2254
2523 2524
3534 3535
3834 3835
5261 5263
6677 6678
11041 11042
12563 12565
12886 12889
14950 14952
15815 15816
17521 17522
17541 17542
3149 3153
4073 4077
3555 3559
19037 19038
1154 1158
7491 7495
10679 10683
13887 13888
15312 15314
192 198
597 601
3919 3920
3945 3946
7702 7703
17642 17643
167 179
4474 4477
10312 10313
18443 18446
5341 5344
6100 6103
7048 7049
18194 18196
2738 2741
4696 4697
7772 7777
85 87
690 693
1664 1665
1705 1707
2555 2560
6213 6214
9368 9369
10147 10148
10540 10541
10568 10570
18469 18471
19388 19390
10535 10537
116 119
386 390
1127 1130
1257 1262
1696 1697
4641 4645
5930 5932
6849 6851
9370 9371
3356 3360
10651 10655
12166 12170
18058 18059
2605 2608
69 72
195 202
312 318
490 492
1330 1331
1554 1556
1775 1777
2033 2035
2288 2290
2391 2392
4111 4113
8310 8311
10443 10446
13133 13134
15016 15017
17834 17835
18004 18005
4319 4322
7847 7850
230 235
3771 3773
15882 15885
342 354
2186 2188
5407 5409
5161 5163
16811 16812
570 585
849 852
294 300
4635 4638
13989 13990
450 461
548 555
1609 1612
1961 1962
2251 2253
2532 2533
4825 4829
5260 5262
6652 6654
9084 9087
18325 18326
1348 1351
2341 2345
3895 3898
4695 4697
760 766
1297 1298
4116 4118
7046 7047
2581 2585
6685 6689
1507 1514
3073 3075
4583 4584
13211 13212
2320 2322
19379 19381
1718 1721
2179 2183
3523 3525
15046 15048
16185 16186
797 802
7447 7450
98 105
234 240
2279 2284
4186 4187
5792 5794
10576 10579
11396 11398
14889 14890
16591 16592
2206 2210
377 384
533 536
1450 1458
6060 6061
13634 13636
976 982
1767 1774
121 128
823 829
1862 1863
1976 1978
2078 2080
5219 5220
8226 8227
14759 14760
1114 1120
1551 1555
2314 2316
6980 6981
227 232
1173 1177
4443 4447
2026 2028
17821 17823
428 434
554 561
3411 3413
9783 9784
17492 17494
148 159
1101 1103
1107 1112
13417 13418
387 396
7819 7822
8197 8199
9497 9499
569 583
1565 1566
3973 3974
16698 16699
1850 1851
4323 4327
8368 8371
10439 10440
16440 16441
12030 12033
97 103
2278 2280
3283 3285
3943 3944
5003 5005
5769 5770
4150 4152
144 147
582 586
2588 2589
2630 2631
13517 13519
15442 15444
17596 17598
5256 5257
1965 1966
2124 2126
3863 3866
12429 12430
16939 16941
17398 17399
12187 12188
15340 15342
18011 18012
525 531
4802 4804
17369 17370
6837 6839
4179 4180
10710 10712
14973 14974
3596 3598
1504 1506
1714 1716
2417 2420
4503 4506
6574 6576
14856 14857
1646 1649
168 177
187 197
8572 8575
788 791
5448 5449
1241 1243
15487 15488
8836 8838
4500 4506
9049 9051
877 886
3894 3898
938 941
8750 8753
10829 10830
8702 8704
16 20
27 31
43 45
206 211
215 223
220 228
241 244
309 315
360 364
404 408
422 423
435 438
448 449
457 467
466 469
493 494
551 559
607 610
620 621
680 681
767 768
940 945
1050 1054
1187 1188
1252 1258
1313 1316
1366 1369
1617 1618
1823 1826
2793 2800
2927 2928
2987 2988
3546 3547
3556 3558
3791 3794
4021 4022
4175 4176
4179 4181
4500 4503
4612 4613
5092 5094
5161 5162
5350 5351
5452 5453
5661 5662
5818 5819
5836 5839
5941 5942
6098 6099
6765 6767
6779 6780
6998 7002
7360 7361
7378 7380
7770 7774
8167 8169
8279 8280
8577 8578
8589 8590
9233 9235
9419 9420
10009 10010
10192 10197
10550 10551
10767 10768
11040 11042
11596 11597
11907 11908
12297 12298
12561 12562
13043 13046
13217 13218
13245 13246
14044 14045
15120 15121
15178 15181
15441 15444
15558 15559
15672 15673
17536 17537
17571 17572
17645 17646
17695 17696
18079 18080
18432 18433
18483 18484
18694 18695
19523 19524
7600 7603
5730 5731
1831 1836
6629 6630
18 32
40 50
8565 8567
12617 12620
14555 14556
3232 3234
7462 7465
291 298
2833 2835
1429 1430
2068 2072
5814 5816
6161 6162
121 130
3300 3301
6419 6422
603 605
706 708
1510 1514
4783 4787
22 30
2630 2632
3690 3692
5510 5511
3195 3200
3295 3296
5112 5114
13586 13587
15903 15904
466 471
549 558
575 585
743 745
2299 2301
4180 4181
8880 8881
12627 12628
2581 2583
3734 3737
376 380
4370 4371
7139 7140
16662 16663
1187 1190
3011 3013
258 262
1914 1916
3277 3281
6297 6298
9111 9113
11118 11119
12100 12102
3074 3077
140 151
1927 1931
6312 6315
339 343
469 471
591 594
892 896
983 984
2985 2986
8235 8236
2996 2997
280 287
1110 1116
6339 6340
6993 6994
10855 10857
160 162
299 301
1174 1180
1410 1412
2839 2840
3294 3296
3566 3569
3748 3750
4201 4202
11791 11792
13451 13452
15519 15520
248 260
2129 2132
7762 7765
4196 4199
8410 8411
279 290
2160 2164
6604 6605
13484 13485
360 370
383 392
1089 1090
1280 1286
1853 1854
2649 2652
3150 3153
6064 6065
6115 6116
11384 11386
2397 2402
5771 5774
478 486
175 183
1188 1190
3127 3129
9031 9032
540 544
757 764
7157 7159
8830 8833
1591 1594
3086 3089
3238 3242
11782 11783
14114 14116
611 615
646 650
2287 2291
3040 3041
3713 3715
4215 4218
5228 5229
6093 6094
6413 6415
7130 7131
7466 7469
10739 10741
17501 17502
17591 17593
140 153
3850 3852
12854 12857
19208 19209
3500 3502
4999 5001
158 162
6836 6839
8548 8550
10112 10114
10434 10438
1685 1688
15312 15315
49 56
134 143
190 197
365 369
580 584
654 662
1652 1656
1713 1716
1779 1780
2859 2865
3846 3848
5062 5063
6176 6177
8225 8227
9388 9391
10187 10188
11040 11041
11833 11834
13483 13485
18893 18894
10677 10681
1641 1645
3740 3743
3857 3859
16193 16194
962 966
2675 2677
10576 10580
18061 18062
1640 1645
8872 8873
9608 9610
263 266
353 363
6498 6503
6609 6612
12836 12837
13812 13813
364 370
1231 1232
1377 1380
1944 1947
16101 16102
2668 2673
5530 5532
11206 11208
191 202
95 99
590 592
602 609
733 738
894 900
1154 1157
1211 1212
1640 1641
2485 2486
2971 2974
4475 4477
4806 4808
5243 5244
5356 5358
5616 5617
6307 6308
8798 8800
13838 13839
19100 19102
19534 19535
9100 9103
330 335
428 432
55 65
59 70
1197 1199
7652 7653
11326 11328
94 100
2794 2798
14834 14836
16283 16284
1557 1560
2856 2862
2776 2778
8173 8176
12479 12480
4 5
68 74
79 86
102 108
1450 1452
1504 1509
8201 8203
9233 9236
17582 17583
3556 3560
1545 1553
3813 3817
104 112
3604 3605
18892 18894
18 33
52 65
5826 5827
690 697
3127 3130
6619 6621
6726 6727
8132 8134
9009 9011
12956 12957
13695 13696
1622 1626
59 73
1625 1631
10096 10098
158 160
254 259
391 394
580 588
613 614
623 624
1159 1160
1806 1810
2368 2369
3294 3295
3665 3666
4203 4204
4751 4752
4771 4772
4930 4931
7264 7265
8558 8559
9349 9350
11528 11529
12483 12485
12543 12544
12666 12667
13663 13664
14849 14850
1886 1890
4643 4646
18997 18999
98 112
134 139
456 467
189 198
397 403
1981 1984
9941 9942
16381 16382
21 30
360 372
567 571
1901 1904
4108 4112
7441 7442
8672 8673
18978 18979
251 260
2792 2800
13096 13097
52 55
787 791
1463 1464
1704 1711
3776 3777
7241 7242
17121 17122
6770 6775
457 463
584 588
756 761
2281 2285
11988 11991
17368 17370
9161 9163
98 104
991 995
1680 1681
6841 6843
8149 8150
15764 15766
18892 18893
7813 7815
9905 9908
16085 16086
14790 14791
1756 1761
5860 5863
9083 9087
204 205
226 229
576 578
574 585
1196 1198
2341 2342
5067 5068
8533 8534
11098 11100
13555 13556
16063 16064
17561 17563
18489 18490
3152 3156
4885 4888
310 315
4608 4611
11065 11067
3140 3141
1096 1100
1477 1479
1700 1701
2343 2348
3782 3783
6921 6922
10548 10549
278 290
5487 5490
18520 18521
3616 3620
6920 6922
40 45
60 70
6920 6921
11575 11577
13804 13805
78 87
60 73
2067 2072
4649 4650
11331 11332
3095 3099
3546 3548
9316 9317
10548 10551
7500 7503
19175 19177
70 73
80 82
151 153
166 174
488 492
776 779
881 886
971 973
1170 1171
1993 1994
2172 2175
2186 2189
2282 2284
2334 2336
2430 2432
2772 2774
3496 3497
4263 4264
6115 6119
6153 6154
6163 6164
6672 6674
7186 7187
9212 9213
9890 9893
10076 10080
10549 10551
11945 11947
11997 11998
13540 13541
15095 15096
17270 17271
17674 17675
13811 13813
68 82
18 28
364 372
4494 4498
12961 12962
16801 16802
68 80
643 647
7273 7274
1832 1834
4442 4447
13538 13539
17507 17508
40 43
388 394
877 880
1875 1877
2825 2827
5934 5935
6937 6941
13632 13633
218 229
818 822
1065 1068
1277 1282
2584 2586
11883 11884
5201 5207
124 128
1104 1105
2942 2943
7238 7239
7665 7666
8225 8226
11123 11125
19226 19228
2431 2436
1223 1227
3377 3379
18842 18844
1211 1215
2216 2220
573 578
844 845
1613 1621
1896 1897
3518 3520
3948 3949
5433 5434
8913 8914
9289 9290
11325 11328
11515 11516
17088 17089
17164 17167
18317 18318
19493 19495
3062 3067
4842 4843
6950 6953
15258 15259
218 226
7995 7996
5792 5797
468 471
2354 2356
3998 4000
13455 13456
6980 6982
10548 10550
158 163
309 314
892 900
4417 4419
8098 8100
221 228
399 403
667 676
1308 1312
2025 2028
18512 18513
51 65
74 82
121 127
642 644
671 673
806 813
1341 1344
1638 1639
1797 1802
2877 2880
2913 2915
4507 4509
4825 4827
5992 5996
8617 8619
9560 9561
9987 9988
14133 14134
14599 14600
14879 14881
15116 15118
17498 17499
6390 6391
365 375
53 64
1076 1081
2537 2540
13143 13145
675 677
1212 1215
3547 3548
4157 4158
2015 2021
2546 2551
150 154
446 453
3052 3055
4400 4401
8386 8387
9687 9690
18804 18805
59 75
5926 5929
361 370
669 674
1520 1524
2027 2030
3420 3422
3558 3560
3626 3628
6545 6546
9096 9098
11594 11598
15953 15955
1347 1351
3815 3817
4074 4077
427 430
1608 1612
8912 8914
16028 16030
17473 17476
18581 18582
987 990
1039 1042
74 80
101 109
146 153
160 163
3797 3798
4005 4006
4103 4105
4526 4530
12850 12851
17020 17021
17623 17625
9080 9082
291 300
3374 3375
1703 1707
5498 5499
18833 18837
1292 1296
14147 14148
1902 1904
2605 2607
4548 4550
7628 7629
8597 8601
2637 2639
10185 10188
85 91
265 266
443 445
2267 2268
3024 3026
4021 4023
5376 5377
5594 5596
5606 5607
6586 6587
10549 10550
16338 16340
4459 4461
173 179
2099 2101
2993 2994
8777 8779
18113 18116
3010 3013
4971 4972
8269 8271
220 232
2124 2128
379 392
2647 2652
5340 5344
8912 8913
10206 10207
391 396
9557 9558
18738 18739
167 182
241 245
4438 4440
5471 5472
6116 6119
10647 10649
10671 10672
11721 11722
14368 14369
14379 14380
121 131
1240 1242
2922 2926
7081 7082
1055 1059
124 130
146 151
1536 1538
2411 2413
2669 2672
3142 3144
4909 4912
11459 11460
16539 16540
457 470
261 267
361 372
552 558
1751 1753
9699 9700
5476 5477
655 662
1578 1580
4755 4756
14886 14888
939 943
4527 4531
16019 16020
247 253
2725 2726
8649 8652
9218 9220
1223 1228
5064 5066
10186 10188
60 75
388 396
12557 12560
464 475
3718 3720
4886 4888
1365 1369
8037 8040
1066 1071
2293 2295
8893 8894
16100 16102
18240 18241
3105 3109
569 585
9549 9550
3 14
71 82
78 91
116 120
142 153
256 262
366 369
427 429
447 452
448 461
509 512
538 539
554 559
573 576
572 579
692 696
804 805
808 809
814 815
896 900
1000 1003
1297 1299
1387 1394
1461 1466
1467 1468
1523 1525
1598 1600
1647 1649
1729 1732
1824 1826
2052 2055
2421 2424
2631 2632
2648 2652
2903 2904
3086 3090
3250 3251
3320 3322
3365 3369
3769 3773
4032 4034
4229 4231
4261 4262
4279 4280
4951 4954
4989 4990
5624 5625
5794 5797
6342 6344
6556 6557
6600 6601
6990 6991
7321 7322
8068 8069
8131 8134
8186 8187
9059 9061
10406 10408
10427 10430
11156 11157
12042 12043
13426 13428
14166 14167
14749 14750
15510 15511
16103 16104
16121 16122
17285 17286
17407 17408
17412 17413
19103 19105
1805 1810
2605 2609
5791 5797
449 461
2202 2209
9823 9824
1901 1907
6370 6373
15713 15715
1378 1381
4792 4793
8958 8961
602 605
1348 1350
573 583
1399 1400
4339 4340
5694 5695
404 411
1462 1464
3356 3361
7417 7418
456 463
576 583
1373 1375
10347 10348
307 318
549 561
1191 1195
5785 5787
7227 7230
145 155
1628 1631
2131 2135
427 433
16272 16273
234 238
366 375
2602 2604
4590 4592
5791 5794
6895 6896
7340 7342
9830 9831
11256 11257
12677 12679
18819 18820
2014 2017
4437 4440
8279 8282
11979 11980
848 852
1474 1475
2303 2306
3522 3525
3638 3642
4909 4911
5975 5976
10354 10356
10455 10456
12157 12158
2395 2402
522 528
6500 6503
13047 13048
1173 1180
12785 12786
127 131
142 151
1265 1271
2851 2852
3557 3559
6268 6270
6571 6572
853 858
181 186
710 713
1114 1118
15073 15074
15590 15591
4078 4081
1443 1448
6341 6344
71 80
277 287
498 504
577 581
1457 1458
5828 5830
7787 7788
9464 9466
1660 1662
7998 8000
8336 8337
15668 15671
25 34
369 375
1796 1802
2675 2676
2995 2997
1704 1712
3489 3492
8674 8679
487 494
2607 2609
3180 3182
8837 8839
8036 8040
96 99
429 433
522 532
1781 1782
4346 4347
6341 6342
7257 7258
8303 8304
11825 11826
18958 18959
18982 18984
2623 2625
409 415
2566 2570
5298 5299
10244 10248
13871 13873
95 100
1482 1484
8229 8230
16883 16884
5169 5171
1222 1227
1571 1575
4039 4041
4904 4906
1795 1798
4798 4800
4975 4977
6986 6988
2537 2543
816 820
4801 4804
8445 8446
40 44
460 475
754 761
758 764
2768 2771
3781 3783
4022 4023
4084 4085
4369 4371
6936 6941
12288 12290
12651 12652
19174 19176
68 86
923 931
965 970
9310 9311
1352 1356
1886 1888
7668 7671
15932 15933
19562 19563
6691 6693
8421 8423
9868 9869
1902 1907
2912 2916
5754 5755
6672 6675
7857 7858
19194 19195
8675 8678
9542 9543
346 355
420 425
1506 1509
2763 2765
3485 3487
3947 3949
4651 4653
4660 4661
6420 6421
7600 7601
8084 8085
11921 11922
11949 11950
3400 3402
3900 3902
4097 4098
1809 1815
2265 2266
2806 2807
3586 3588
4946 4948
5831 5833
7639 7641
213 224
3157 3161
2665 2667
19036 19038
487 493
2293 2296
6077 6079
18071 18072
6523 6526
456 470
1219 1226
10443 10445
17700 17701
3425 3427
6138 6139
10936 10937
1341 1345
78 85
105 112
338 348
370 372
388 391
496 497
693 697
914 916
937 941
1274 1275
1611 1619
2415 2416
2663 2667
3152 3155
3341 3342
3393 3395
3412 3418
4621 4622
5306 5308
6440 6441
7382 7383
9243 9244
10243 10248
10628 10630
12928 12929
14749 14751
16069 16070
17653 17655
59 81
9463 9467
12128 12130
503 507
16413 16415
321 326
7206 7209
17 26
1011 1012
2127 2130
4362 4364
16040 16041
408 411
459 475
786 791
2663 2665
8522 8524
219 229
12436 12437
13272 13273
3637 3642
412 419
496 499
12393 12395
239 242
4104 4106
5296 5297
6848 6851
7752 7754
14951 14952
17057 17060
8751 8755
14146 14148
14585 14587
47 56
1451 1459
3909 3911
975 982
2251 2254
9955 9957
10205 10207
10701 10702
14750 14751
1222 1228
2918 2919
295 302
3747 3750
221 232
891 898
1755 1761
51 55
216 223
528 532
854 856
1431 1432
1713 1714
2515 2517
2763 2767
3294 3298
3926 3930
5000 5001
5412 5414
5920 5921
7332 7333
7597 7598
7872 7874
9476 9477
9583 9584
11160 11161
16850 16852
3149 3154
13929 13931
14428 14430
1064 1071
7309 7312
15179 15181
351 363
2264 2266
3694 3695
4020 4023
5953 5955
7816 7818
649 657
1074 1077
1147 1151
3358 3364
4875 4878
4499 4506
8628 8631
19380 19382
142 146
145 159
497 499
804 813
1623 1626
1789 1790
1958 1962
2734 2735
3293 3296
4825 4826
7192 7193
14343 14344
4903 4906
6076 6079
878 886
1048 1049
1276 1286
2765 2767
57 67
2460 2462
9630 9631
60 81
4338 4340
3 12
603 608
682 685
805 813
899 901
1206 1207
1608 1609
2091 2095
2834 2836
6488 6489
10837 10839
18179 18180
1676 1678
13791 13793
14901 14905
284 296
321 329
430 433
1040 1044
1706 1711
3088 3091
4201 4206
4882 4883
7900 7901
1055 1061
18835 18839
7360 7362
11976 11977
12606 12607
8563 8567
275 287
859 861
1703 1705
11479 11481
5239 5242
299 303
742 745
5515 5517
3561 3564
11199 11200
11567 11570
77 87
1805 1806
6267 6269
6578 6581
643 648
1926 1929
10089 10090
74 86
522 531
2381 2385
1349 1353
3493 3497
6113 6119
17378 17379
972 977
12496 12497
114 119
161 165
230 231
237 240
344 350
346 357
356 358
365 371
394 396
395 403
798 807
875 876
897 901
1110 1117
1135 1137
1423 1426
1651 1655
1912 1913
2066 2069
2126 2128
2453 2454
2658 2660
3295 3298
4625 4628
4725 4726
6096 6099
6524 6526
6820 6821
6929 6931
7346 7347
7415 7416
7632 7633
7659 7660
7921 7922
8366 8369
11224 11225
12030 12031
13155 13157
13163 13165
13483 13484
13639 13640
14013 14014
14325 14326
15314 15315
15908 15909
17219 17220
17368 17369
17549 17550
17842 17844
19505 19506
3073 3077
441 445
77 91
540 547
16439 16441
71 86
1063 1068
1194 1199
18105 18108
373 384
15707 15708
19537 19538
806 812
2669 2674
18642 18643
936 941
10682 10684
16604 16605
17493 17494
14067 14068
1904 1907
1912 1916
6940 6942
19502 19503
293 298
1098 1103
1913 1916
4784 4786
7069 7071
10030 10032
18504 18505
3706 3708
2714 2717
2201 2209
3551 3553
413 419
3189 3191
3587 3588
4246 4248
4606 4607
5454 5455
10740 10741
14347 14348
1610 1619
2308 2310
5886 5887
799 807
6873 6876
16681 16682
18111 18112
167 177
485 492
488 490
578 583
1963 1966
2651 2653
3392 3395
3550 3553
5203 5205
5691 5695
8333 8335
8693 8697
11619 11620
14088 14089
133 138
7684 7686
1224 1227
1450 1456
3449 3452
4360 4361
5912 5914
11524 11525
14033 14035
6776 6777
4513 4515
12227 12229
5693 5696
87 91
125 129
193 199
619 622
1407 1411
1418 1419
3029 3031
4177 4178
4685 4687
6076 6077
6418 6422
10045 10046
10243 10244
15401 15403
15700 15701
2200 2209
5571 5574
4991 4994
18 30
926 931
412 424
546 550
14132 14134
646 651
1789 1791
572 587
837 840
1368 1371
4020 4022
5749 5751
6173 6175
8074 8076
16330 16331
8467 8468
279 286
1454 1458
4903 4904
7436 7437
862 867
2382 2385
6826 6827
7701 7703
17869 17871
3373 3375
3625 3627
194 197
463 470
874 876
893 895
907 910
1052 1056
1462 1463
1550 1552
2151 2153
2650 2653
2760 2762
3151 3156
4435 4436
4547 4549
4575 4576
4812 4815
6651 6655
6721 6722
7156 7158
7536 7537
8431 8435
8741 8744
10852 10853
13120 13121
14559 14560
15086 15088
2044 2050
4196 4198
4945 4948
356 372
6003 6006
17164 17169
18110 18112
1940 1943
2572 2573
5908 5909
15796 15798
3022 3026
18584 18586
5024 5025
69 82
252 262
358 372
877 884
1405 1411
2160 2163
3758 3759
14318 14320
981 985
1224 1228
1957 1962
4096 4098
5121 5122
16731 16732
890 898
2553 2554
15326 15327
897 899
2248 2249
2271 2273
2343 2344
2846 2849
4606 4610
5657 5658
6108 6109
7518 7519
8492 8493
17108 17109
7808 7810
19141 19145
8871 8873
13056 13058
8818 8819
219 226
2571 2573
2577 2579
5915 5916
10212 10213
11515 11518
17533 17534
19440 19441
12228 12231
3028 3031
3410 3414
4642 4646
1578 1583
6407 6408
6864 6866
10122 10123
18399 18400
1377 1381
6142 6143
101 110
310 314
2437 2440
5881 5882
9678 9679
11523 11525
3071 3076
4179 4182
4930 4934
15347 15349
1170 1172
349 355
427 434
2990 2991
3244 3249
3448 3450
12914 12915
4183 4184
15310 15311
311 315
9479 9480
11490 11491
10886 10888
14511 14512
4607 4610
3770 3773
4270 4271
6160 6162
356 370
9254 9256
13245 13247
2606 2611
3782 3784
6993 6995
413 424
71 74
128 130
161 172
191 195
215 222
358 370
440 445
542 543
729 734
1019 1020
1034 1036
1057 1060
1110 1120
1405 1407
1764 1769
1804 1807
1885 1890
2007 2010
2417 2418
2530 2533
2734 2736
3178 3179
3698 3700
3939 3940
4409 4410
4750 4752
5196 5198
5332 5336
5548 5549
5983 5984
6113 6116
6307 6310
6561 6563
7891 7892
8689 8690
8895 8896
9090 9091
9931 9932
10358 10359
11240 11241
11376 11377
11453 11454
12853 12855
14354 14355
14359 14360
14960 14961
15322 15323
15799 15800
17918 17920
2758 2764
548 558
577 588
3742 3746
6285 6289
283 296
5974 5976
11830 11832
3101 3102
7066 7068
17045 17048
15569 15570
276 282
680 684
757 766
1636 1639
124 131
730 732
883 888
3180 3181
7354 7355
10224 10226
18031 18032
1614 1621
514 521
549 559
767 770
825 829
3290 3292
4202 4206
6491 6492
6838 6839
7576 7579
1899 1905
7941 7942
641 645
2405 2408
2428 2432
3143 3146
4298 4300
15438 15439
6909 6910
12913 12915
3088 3092
602 608
2314 2318
785 791
16192 16194
17163 17165
281 290
326 329
342 350
5408 5409
16435 16436
3254 3255
18915 18917
3117 3119
1099 1103
6928 6933
374 378
665 670
707 708
1948 1951
3568 3570
4149 4152
11490 11493
15912 15914
16338 16339
3855 3859
9891 9893
11863 11864
962 968
2947 2951
13139 13140
14779 14780
17383 17386
18592 18594
78 89
9325 9328
8750 8755
220 227
293 300
1015 1018
1154 1156
1413 1414
1961 1964
2601 2603
3189 3192
4655 4656
5254 5257
5584 5585
7919 7922
8629 8631
10854 10857
11595 11598
12073 12074
15757 15759
1620 1624
3781 3784
3718 3721
12194 12196
3669 3672
6935 6939
2750 2752
12791 12793
18969 18970
93 112
3250 3252
3975 3976
6726 6729
7260 7266
14980 14981
10361 10365
4493 4498
7567 7569
13193 13194
1474 1478
2699 2702
8018 8019
5997 5999
1477 1481
4927 4929
6335 6336
9228 9229
11828 11829
18006 18007
4634 4638
7214 7216
8988 8991
13516 13518
11833 11835
2 6
1523 1526
1875 1879
4458 4461
8989 8992
16178 16179
1146 1149
17764 17765
5024 5026
80 86
148 154
338 345
4338 4339
12913 12914
386 396
5475 5477
18259 18261
68 79
289 297
349 357
3493 3496
6105 6106
12174 12175
726 732
2701 2703
14979 14981
11491 11493
9881 9882
6934 6939
69 86
4417 4421
58 63
70 75
69 80
68 84
96 100
113 117
121 132
215 225
248 262
327 334
612 615
715 716
767 772
874 875
920 921
1413 1415
1706 1712
1869 1870
1914 1918
2545 2551
2793 2798
2873 2874
3043 3044
3198 3199
3293 3298
3690 3691
4311 4313
4768 4770
5309 5311
5375 5377
5925 5927
6516 6517
6620 6622
6674 6675
7515 7516
8090 8091
8200 8203
10050 10051
14777 14778
16621 16622
12496 12498
78 92
6266 6269
1545 1552
14361 14364
166 179
7155 7158
958 963
2443 2445
6076 6078
15693 15694
150 156
2917 2919
9000 9001
11797 11798
14880 14882
18360 18361
13 26
243 253
366 371
5626 5630
2936 2938
4157 4160
6308 6310
165 172
1898 1903
2526 2528
3618 3620
4373 4374
7226 7228
9114 9115
52 64
642 647
7773 7775
1654 1659
4931 4934
79 84
1063 1065
1347 1350
8808 8810
9293 9294
13842 13843
19442 19443
919 931
447 458
5754 5757
3651 3653
4217 4220
6281 6282
8971 8973
9151 9152
9389 9391
10794 10795
11408 11410
12258 12259
13265 13267
13314 13315
5729 5731
7772 7775
1635 1639
2204 2210
4863 4867
83 88
184 196
271 273
367 375
460 464
502 505
508 511
711 714
755 759
892 894
1109 1112
1414 1415
1545 1550
1980 1984
3018 3020
5369 5371
7674 7675
7816 7817
8273 8274
8613 8614
13108 13109
14979 14980
15147 15148
834 840
2341 2348
546 553
2090 2095
17358 17359
18184 18185
6026 6027
187 202
2889 2893
278 286
620 626
5119 5122
13470 13472
13487 13488
2287 2292
70 81
581 588
2106 2108
2295 2296
2935 2938
3331 3333
6954 6958
6966 6967
8786 8787
9548 9550
11422 11425
1869 1872
2578 2580
3684 3688
14520 14521
419 424
909 911
12884 12889
13421 13422
332 335
338 347
599 604
1642 1645
6039 6041
7935 7936
9429 9431
144 153
457 475
1039 1041
1958 1964
15670 15674
19013 19014
58 73
386 394
523 532
672 677
2377 2379
7156 7159
9692 9693
333 337
1911 1915
11135 11136
1548 1555
12309 12310
75 81
340 355
927 929
1087 1090
1227 1228
1870 1872
2200 2201
2223 2227
4437 4438
5104 5105
5360 5361
6023 6024
6255 6256
6699 6700
7919 7921
9292 9295
11656 11657
12756 12757
15394 15395
15621 15623
17828 17829
18014 18015
18206 18207
18727 18728
962 967
1900 1907
2319 2322
1884 1887
39 50
816 819
1206 1209
2184 2185
4079 4081
63 73
180 186
2768 2774
4801 4802
7361 7362
7891 7893
12626 12628
17149 17151
2987 2991
15178 15180
15862 15863
15626 15628
768 770
1134 1138
3465 3466
4250 4253
1084 1088
4147 4152
14667 14669
72 82
938 943
1133 1136
7353 7355
10722 10723
18596 18598
16569 16570
2845 2849
3074 3078
385 390
580 586
681 684
769 773
1125 1126
1454 1457
3880 3883
6170 6171
10521 10523
10064 10067
1551 1556
804 812
8367 8369
552 561
6302 6303
8645 8647
15268 15270
3517 3520
1337 1344
4391 4393
93 105
114 120
3191 3192
4285 4286
5161 5165
8280 8282
12285 12286
13930 13931
1184 1190
6075 6079
7792 7794
573 585
98 109
465 472
621 626
4127 4129
7892 7893
12296 12298
15337 15338
16166 16168
5885 5887
1580 1583
1611 1616
8682 8685
340 357
1476 1479
89 92
257 259
450 455
488 494
878 881
1176 1179
1245 1246
1292 1294
1471 1472
1957 1964
2138 2139
2878 2882
3441 3442
4433 4434
4879 4881
4887 4888
5888 5889
6213 6215
6679 6680
10561 10562
12181 12182
13508 13509
15232 15234
15516 15517
15764 15765
16538 16541
17202 17203
2466 2469
7804 7805
1240 1243
4422 4428
17289 17292
2872 2875
19263 19265
7566 7569
11262 11265
15126 15127
10497 10500
17464 17466
18360 18362
387 393
579 587
600 604
969 974
1955 1959
5291 5294
13303 13304
5641 5643
228 232
272 282
805 812
834 837
1477 1480
3052 3054
10230 10231
10415 10416
949 955
2742 2743
1159 1162
1251 1254
8375 8376
9640 9641
38 50
133 143
5582 5585
12099 12102
16486 16488
268 273
410 424
456 475
459 464
569 574
661 663
1920 1921
3113 3116
3489 3491
3996 3997
4051 4052
4945 4946
9218 9219
421 433
632 638
18965 18967
1763 1769
58 81
85 92
711 716
768 772
1308 1311
11 20
848 849
1857 1861
5762 5763
13073 13076
6476 6477
6629 6632
3992 3994
19272 19273
1912 1918
361 364
460 471
741 745
751 752
781 784
1117 1120
1988 1989
2352 2353
2672 2674
3135 3137
3352 3353
4268 4269
4462 4464
4897 4901
6879 6880
6934 6935
6997 6999
8071 8073
12411 12413
13970 13971
16512 16513
16593 16594
18788 18789
570 587
2565 2570
9928 9929
1135 1141
1983 1986
4003 4006
8278 8282
5661 5664
7650 7653
15525 15527
523 528
1760 1765
4684 4686
5480 5484
15883 15885
1274 1282
19257 19258
72 86
85 89
1389 1394
2094 2096
2305 2309
2332 2335
4746 4747
51 64
1139 1145
17475 17476
63 81
13956 13957
222 225
298 300
754 756
1002 1005
1913 1918
1958 1961
3996 4000
4070 4071
5141 5142
6817 6818
8643 8644
6997 7002
4885 4889
12725 12726
35 50
410 419
823 828
2311 2313
2627 2629
4330 4332
5884 5887
7155 7159
15268 15272
17688 17690
548 561
2873 2876
3460 3461
714 716
2792 2798
16195 16196
18832 18837
406 415
459 471
979 985
3075 3077
3698 3702
14308 14309
6999 7002
12561 12564
218 232
13482 13485
1208 1214
58 75
312 315
546 555
570 579
726 730
1475 1478
1653 1655
1853 1860
1892 1895
2171 2176
2784 2786
3997 4000
5091 5094
6059 6061
6096 6098
7263 7265
7289 7290
9002 9003
9268 9270
10773 10774
11316 11317
11516 11518
13158 13159
18368 18369
8466 8468
116 123
5470 5472
4190 4191
7451 7453
429 434
2874 2876
18519 18521
368 378
754 762
1144 1148
1251 1258
2026 2030
268 271
2023 2028
3783 3784
4412 4414
8963 8965
12390 12391
16744 16746
16922 16923
1335 1340
5258 5264
15900 15901
464 471
2682 2683
8278 8280
11480 11482
13516 13520
77 92
4769 4773
270 282
4207 4210
12482 12484
13381 13382
116 126
9267 9270
218 228
252 256
473 476
736 737
756 762
758 766
1111 1116
1360 1364
1542 1544
1866 1867
2359 2360
2364 2366
3196 3200
4532 4533
4944 4948
5199 5200
5323 5325
5339 5344
5442 5443
6911 6912
8355 8357
10374 10375
14140 14141
14192 14193
14799 14800
18587 18589
2226 2231
2696 2697
8860 8861
576 585
5203 5207
16075 16076
241 246
790 794
1613 1618
8521 8523
7770 7777
17939 17941
191 199
3432 3434
3865 3867
6077 6078
6718 6719
6811 6812
8505 8507
9576 9577
9757 9758
13600 13601
3521 3525
2600 2603
16534 16535
1762 1769
5151 5152
7759 7760
10786 10788
15884 15886
640 645
646 657
523 531
1137 1141
2029 2032
418 426
613 618
71 84
248 256
268 274
446 451
488 493
545 550
915 916
1181 1186
1284 1285
1664 1669
1682 1684
1790 1791
2000 2002
2987 2990
5791 5792
10113 10115
11523 11524
15125 15127
15292 15293
1873 1877
5982 5984
18459 18460
1035 1037
3150 3154
17993 17995
140 149
1328 1329
1413 1416
2246 2250
5582 5584
1896 1905
121 135
427 432
5397 5398
8676 8678
9926 9929
362 375
63 75
58 70
157 164
2129 2135
5900 5901
77 89
940 947
11400 11401
13984 13985
215 229
5991 5993
8107 8110
23 31
178 186
248 252
376 382
1259 1262
1367 1371
1449 1453
1957 1961
2049 2051
2147 2149
3349 3350
4750 4751
6903 6904
10284 10286
16521 16522
19479 19480
3689 3692
642 648
1610 1616
1829 1833
8798 8801
54 67
4694 4697
9071 9072
14749 14752
5925 5929
10011 10013
271 274
2363 2369
3022 3024
7125 7126
9216 9217
9798 9799
9962 9963
16371 16372
18730 18731
3972 3974
6670 6671
8595 8596
2342 2348
190 202
1607 1612
3772 3774
12247 12248
123 126
161 170
275 277
549 554
1107 1108
1177 1180
1508 1514
1592 1593
2243 2244
2433 2436
3091 3092
4457 4461
8908 8911
11376 11378
12750 12751
13841 13843
15423 15424
16383 16386
18334 18335
3085 3089
4560 4561
1543 1547
214 223
1337 1345
1760 1766
6608 6610
11512 11513
9677 9679
15280 15284
3567 3570
3727 3730
3768 3773
5119 5121
6496 6499
6651 6654
14007 14009
389 400
6927 6931
8576 8578
184 198
1024 1028
7000 7001
9289 9291
307 315
2243 2247
2381 2386
4583 4586
8766 8767
73 81
324 328
377 381
545 553
548 552
1143 1148
1359 1364
3381 3384
7085 7087
12826 12829
16131 16132
517 532
9905 9909
417 426
442 445
9592 9593
16807 16808
11927 11928
12576 12580
9958 9959
144 151
1078 1081
1254 1258
2244 2247
4127 4131
125 138
660 663
3349 3351
9127 9128
11182 11183
12871 12872
19378 19381
155 159
912 916
1439 1441
3251 3252
5768 5770
7856 7858
8191 8193
12518 12519
6025 6028
7634 7635
2998 3000
15029 15031
4708 4710
57 66
181 185
485 490
2932 2937
3833 3835
12153 12155
8240 8242
9489 9493
2123 2128
289 300
551 557
1070 1072
3151 3155
3589 3591
3908 3911
5502 5503
6266 6267
7060 7061
7463 7465
9428 9430
14404 14405
16565 16566
5640 5643
2277 2284
4655 4658
10321 10322
767 774
940 948
13830 13833
3546 3549
1900 1904
3132 3136
3467 3468
10173 10176
12295 12298
1336 1344
5995 5999
695 699
2279 2285
295 305
1442 1448
35 38
301 303
421 430
705 708
728 732
912 915
1320 1322
2048 2051
4419 4421
6734 6735
16028 16029
16938 16941
18690 18691
1080 1088
7089 7091
808 817
4233 4234
10224 10227
4110 4115
8404 8406
17530 17531
485 494
13380 13382
1039 1045
4526 4531
82 86
74 84
173 182
4066 4069
4663 4665
10182 10184
11945 11946
18798 18799
1128 1136
78 90
272 276
2104 2107
2780 2783
18105 18107
15525 15526
338 354
340 349
1204 1207
3387 3389
4109 4112
9671 9672
9938 9939
15270 15272
1804 1810
3409 3414
299 304
421 434
971 977
1135 1142
3515 3516
13860 13861
4699 4701
777 780
885 887
960 966
2813 2815
3268 3270
3350 3351
3633 3634
5690 5695
5769 5773
8598 8601
9119 9120
11214 11215
12052 12053
946 955
18662 18664
2016 2021
3489 3494
7016 7017
9506 9507
14080 14083
18830 18834
93 104
803 813
1247 1248
1401 1404
4003 4005
5450 5455
6199 6201
14176 14177
14897 14900
19174 19177
16069 16071
148 156
1417 1420
7369 7370
10223 10225
8219 8221
8762 8763
10928 10930
9080 9085
77 85
280 290
490 494
1000 1005
1168 1171
1652 1657
2182 2183
3455 3457
3712 3715
5211 5213
5553 5554
5907 5909
9456 9460
502 507
797 807
8398 8399
9685 9686
161 174
550 553
755 761
4138 4140
7910 7911
15290 15291
5606 5609
9427 9430
9708 9712
289 298
671 677
1320 1323
18355 18356
1218 1226
2363 2368
1062 1067
2255 2260
2883 2884
2955 2957
5605 5607
10177 10178
19304 19305
133 139
248 258
1916 1918
2662 2666
5524 5526
8936 8937
12562 12564
63 70
294 302
614 618
809 817
1414 1416
3486 3487
4738 4741
13288 13290
16443 16445
18590 18591
17155 17156
1682 1688
35 39
72 80
2561 2564
2853 2855
4214 4218
9114 9116
114 126
430 434
446 454
644 647
1393 1397
1946 1951
4469 4471
4511 4514
4910 4913
5677 5680
8027 8029
18813 18814
18849 18850
2382 2386
8957 8959
15755 15759
972 980
71 79
307 312
721 723
1058 1067
1225 1228
1955 1962
3522 3523
4656 4658
6848 6849
8994 8995
15747 15748
17944 17946
16370 16372
1450 1459
140 159
18833 18839
83 103
279 285
2042 2043
4546 4549
9210 9211
158 172
1359 1360
1578 1581
2562 2563
5357 5358
9961 9963
16270 16271
4285 4288
14957 14958
2365 2366
6237 6239
129 138
517 528
4525 4530
98 110
323 328
1004 1007
8474 8476
13041 13046
14314 14316
115 119
798 801
2034 2037
14732 14733
14750 14752
11134 11136
114 123
1306 1312
3050 3055
18190 18192
545 555
599 609
12362 12364
5176 5178
140 155
1346 1351
1058 1062
1137 1142
1505 1509
15927 15930
16337 16340
518 532
517 531
14717 14718
1445 1446
8551 8552
11307 11310
15641 15642
18924 18925
2431 2435
6977 6978
10866 10867
13150 13151
3802 3805
111 117
731 734
10643 10645
12934 12935
333 341
1728 1732
10995 10996
934 941
2649 2653
8693 8694
11452 11454
5898 5901
959 966
2298 2302
2530 2532
5561 5562
5530 5534
1076 1082
1275 1282
1589 1590
2591 2592
9464 9467
462 472
2378 2379
2756 2759
5191 5194
2766 2770
11268 11269
8664 8667
4095 4098
15097 15098
768 774
1075 1077
4180 4182
17 29
4943 4948
134 141
234 242
270 276
421 429
7475 7478
59 76
485 493
7191 7193
2921 2926
5646 5648
3454 3456
5388 5392
175 186
1684 1688
16683 16684
505 507
9308 9309
1047 1049
1210 1215
6564 6565
7096 7098
17764 17766
6608 6612
8979 8980
16070 16071
254 267
2146 2149
16370 16371
3968 3970
6075 6078
17394 17396
42 56
1110 1118
1579 1583
7357 7358
10991 10992
3320 3323
49 65
606 615
5337 5342
219 232
1764 1770
10405 10407
10885 10887
385 396
4388 4390
600 609
2934 2938
275 290
1111 1120
14817 14818
7308 7312
7930 7931
2025 2030
2890 2893
161 179
891 900
2315 2322
12450 12452
3636 3642
9101 9105
2605 2611
12367 12369
1096 1103
125 143
3072 3077
7812 7815
13211 13214
2754 2759
13 29
17 32
21 22
38 39
62 81
69 84
124 127
149 159
162 163
166 182
171 176
181 188
189 192
195 199
193 200
216 225
221 227
251 262
252 258
273 274
277 290
291 302
325 331
345 347
342 344
355 357
352 363
368 374
407 411
452 458
459 460
513 520
528 531
537 541
602 603
619 626
691 694
711 715
770 772
778 779
787 788
799 801
810 811
868 872
907 911
919 926
952 953
988 990
1019 1021
1074 1079
1194 1197
1208 1213
1225 1227
1252 1256
1322 1323
1330 1333
1334 1340
1336 1345
1348 1353
1370 1372
1373 1376
1402 1403
1423 1427
1435 1436
1439 1444
1440 1448
1452 1456
1513 1515
1561 1564
1627 1629
1784 1787
1835 1837
1843 1844
1856 1861
1885 1888
1923 1924
1955 1964
1957 1958
1970 1971
2048 2049
2103 2107
2173 2174
2190 2192
2245 2250
2264 2265
2275 2280
2349 2351
2443 2444
2487 2488
2540 2543
2571 2572
2630 2633
2650 2651
2655 2657
2695 2697
2706 2708
2826 2829
2838 2841
2858 2862
2900 2902
2935 2936
2988 2991
3023 3027
3028 3029
3085 3090
3129 3130
3185 3187
3197 3199
3256 3258
3264 3265
3330 3333
3352 3354
3367 3368
3493 3495
3500 3503
3550 3551
3562 3565
3781 3782
3792 3793
3924 3925
3947 3948
3952 3954
3964 3966
4035 4037
4129 4131
4138 4141
4286 4288
4318 4322
4443 4444
4450 4451
4496 4497
4675 4677
4688 4689
4695 4696
4713 4716
4758 4759
4837 4840
4886 4889
5007 5011
5010 5012
5034 5036
5084 5086
5097 5099
5103 5106
5205 5207
5201 5204
5267 5269
5495 5496
5520 5522
5542 5544
5671 5673
5733 5734
5785 5786
5834 5835
6012 6013
6045 6047
6113 6115
6180 6181
6207 6209
6296 6298
6439 6441
6453 6454
6484 6485
6768 6769
6779 6781
6831 6832
6845 6846
6998 7001
7099 7100
7121 7122
7171 7172
7205 7207
7268 7269
7280 7281
7570 7572
7642 7644
7772 7773
7844 7846
8168 8170
8186 8188
8737 8739
8867 8868
9214 9215
9235 9236
9267 9268
9336 9337
9368 9371
9375 9376
9504 9505
9677 9678
9775 9776
9804 9805
9865 9866
9966 9967
9997 9999
10063 10065
10092 10093
10200 10202
10232 10236
10278 10279
10556 10557
10579 10580
10640 10644
10658 10659
10750 10751
10842 10843
10860 10862
10966 10968
10970 10971
11010 11011
11084 11085
11170 11171
11216 11217
11389 11390
11419 11420
11492 11494
11590 11591
11710 11711
11875 11876
11912 11913
12022 12024
12025 12026
12127 12130
12166 12167
12643 12644
12661 12663
12848 12849
12853 12857
13067 13068
13373 13374
13612 13613
13736 13737
13923 13924
14010 14011
14063 14066
14589 14590
15225 15226
15295 15297
15441 15442
15452 15453
15682 15684
15835 15836
15891 15892
16079 16080
16563 16564
16826 16827
17669 17670
17703 17704
17822 17823
18035 18036
18127 18128
18231 18232
18376 18379
18585 18586
18662 18665
19049 19050
19241 19242
19371 19372
19471 19472
5504 5506
6416 6422
8936 8938
6475 6477
19418 19421
13366 13367
193 205
12790 12793
1332 1340
6281 6284
13528 13530
3101 3104
8336 8338
5605 5609
516 532
2000 2004
800 813
2320 2324
3579 3582
11463 11464
47 65
444 453
14039 14042
13 32
4860 4861
13072 13076
3048 3055
795 802
1865 1867
8329 8332
11791 11794
15115 15118
2732 2735
3547 3549
518 531
36 50
422 433
2300 2304
8319 8322
9836 9838
542 553
2439 2441
327 335
16902 16904
814 820
1185 1190
5189 5194
16325 16326
1788 1791
4216 4220
5486 5490
11433 11436
15409 15412
457 471
1549 1555
8004 8005
365 378
4033 4037
4672 4676
88 103
518 528
2065 2072
4974 4977
15571 15572
2968 2969
8978 8980
1739 1740
5427 5429
692 699
3437 3440
8576 8577
17645 17648
215 226
4213 4218
1925 1929
4070 4075
1194 1198
17289 17291
53 67
2341 2344
2438 2440
8448 8449
160 172
3752 3755
1204 1209
5137 5139
10663 10664
463 475
1572 1577
17726 17729
60 76
2785 2787
9198 9201
1830 1833
3100 3102
5162 5165
2092 2096
860 867
5946 5948
933 941
16792 16793
200 205
3070 3076
10129 10132
10781 10783
2647 2653
14674 14676
18658 18663
11 16
1854 1860
2732 2736
4164 4165
5867 5868
14826 14828
9791 9796
14879 14882
1981 1985
2680 2683
3687 3692
3719 3720
17028 17029
13537 13539
508 520
777 784
890 900
2299 2304
7133 7135
13132 13134
1189 1195
222 229
1386 1388
2203 2210
2391 2393
15998 16000
673 677
6439 6440
937 943
373 381
598 604
1128 1133
10339 10341
14872 14873
18949 18950
3073 3078
10228 10233
212 217
1098 1101
6075 6077
7345 7347
10928 10931
13305 13307
129 143
2127 2132
9228 9231
6949 6951
12586 12587
1175 1179
18303 18304
18600 18601
124 132
149 155
1006 1008
3263 3265
6596 6599
423 433
3919 3923
61 81
550 555
1094 1100
1309 1316
2146 2147
2535 2539
5843 5846
13167 13168
912 914
1268 1273
2238 2239
3162 3165
7832 7834
9232 9236
11063 11064
543 553
2457 2458
3424 3427
3775 3777
11384 11387
6497 6503
24 34
1768 1773
1873 1879
416 426
278 285
320 322
1775 1778
2119 2125
4335 4336
4907 4912
9232 9235
14876 14877
15016 15018
346 363
1982 1986
3862 3866
534 539
857 863
1313 1317
1476 1481
1512 1515
12905 12907
13381 13383
16551 16553
575 587
729 738
18815 18817
77 90
174 179
243 247
356 364
1197 1198
1366 1371
11292 11293
11546 11548
5607 5609
17646 17648
16335 16340
667 674
17463 17466
4177 4181
17 33
208 217
1788 1790
2854 2857
5905 5909
10680 10684
12784 12786
14627 14629
18403 18405
1160 1162
3901 3902
5523 5526
10243 10246
12003 12004
12052 12054
542 555
1764 1774
9707 9709
16329 16331
3771 3774
1267 1269
13 33
2856 2861
477 486
569 587
2286 2291
4266 4269
275 280
2033 2037
2404 2408
7576 7578
9388 9390
14313 14316
18265 18267
19234 19235
1763 1770
2668 2674
3934 3935
248 264
12490 12493
55 64
1332 1334
2600 2601
2699 2703
8155 8156
12752 12754
12287 12290
216 229
4992 4996
7637 7640
19411 19412
6189 6192
7104 7105
7683 7686
12340 12341
17952 17953
127 132
362 367
522 525
542 550
889 898
1557 1562
3760 3764
4423 4424
5479 5482
6528 6529
11640 11641
12489 12491
13518 13520
14427 14430
4472 4477
7565 7568
496 500
456 471
1703 1708
12967 12969
13 17
2950 2952
3311 3312
3790 3794
14481 14482
14617 14618
855 863
1023 1028
1758 1765
12227 12231
1111 1117
1829 1836
2297 2302
2648 2653
5450 5454
376 392
5689 5695
41 46
524 526
13857 13859
142 159
11181 11183
219 228
1050 1053
1200 1205
2816 2818
9476 9478
815 820
10611 10612
12955 12957
150 164
936 943
4649 4653
8331 8335
10642 10645
124 135
501 504
1274 1277
1354 1357
1799 1801
2216 2219
2768 2772
3296 3298
6190 6191
6206 6209
9132 9135
14651 14652
15230 15231
5331 5336
9396 9398
125 139
516 531
2237 2239
1605 1612
1897 1905
5428 5429
15782 15783
3843 3847
6618 6621
12309 12311
35 45
565 568
1349 1356
1896 1899
3991 3993
4021 4024
4107 4112
8200 8201
8306 8307
12901 12902
15433 15434
15622 15623
17407 17409
220 235
5769 5774
7063 7064
11787 11789
19449 19450
249 260
534 538
1168 1172
3299 3301
8472 8477
10616 10619
15318 15319
543 555
1116 1120
13101 13102
16376 16377
68 91
548 559
2002 2004
598 609
6708 6710
62 73
74 79
478 482
490 493
584 586
710 716
1276 1280
3592 3593
5153 5154
8797 8799
13313 13315
17143 17145
18314 18316
6950 6956
1460 1464
9070 9072
10068 10072
1884 1890
13652 13657
421 432
644 648
3049 3055
7085 7088
8303 8305
9549 9551
12252 12253
14416 14417
511 520
4238 4242
9095 9098
4019 4023
158 165
170 179
208 212
516 528
565 571
569 575
880 884
1129 1136
3207 3209
3293 3295
3996 3998
8760 8761
10156 10157
10429 10430
15157 15158
16704 16705
13219 13221
13596 13598
385 394
1725 1732
3370 3371
7237 7239
18279 18280
1098 1102
3263 3264
4020 4024
4266 4268
6784 6786
13870 13873
14898 14902
15609 15611
14100 14101
1758 1766
127 135
145 154
1003 1005
1041 1045
1231 1233
2456 2458
3353 3354
5661 5665
5837 5840
8119 8120
11664 11665
14633 14635
810 820
13384 13387
1573 1577
2538 2543
3193 3200
9945 9946
191 205
297 300
1134 1141
3727 3731
1184 1188
3002 3006
5239 5241
5800 5803
11953 11957
366 378
8859 8861
17841 17843
284 300
2276 2284
1543 1553
216 222
284 297
309 316
811 820
1875 1876
2464 2469
2771 2774
2822 2824
3732 3736
7365 7367
9462 9466
10243 10249
12308 12310
13380 13383
14392 14393
1140 1148
10212 10215
420 433
1352 1357
158 179
1523 1528
3046 3051
6738 6739
8937 8938
340 363
1762 1770
12909 12910
345 354
1134 1142
1944 1951
4671 4673
4907 4911
6101 6103
6686 6688
14376 14377
14878 14881
6938 6942
1495 1500
9629 9631
11695 11697
11739 11740
18832 18839
14304 14305
395 399
402 405
1548 1556
2048 2053
2442 2445
2735 2736
3534 3536
6407 6412
8931 8933
9115 9116
9439 9440
14970 14974
17552 17553
9160 9163
3411 3418
3555 3560
387 400
577 586
3419 3422
3679 3681
3856 3859
4194 4199
5565 5567
13327 13329
7597 7599
27 37
165 179
158 170
508 513
855 857
951 954
5647 5650
6206 6207
11656 11658
447 461
567 583
4717 4719
12595 12596
543 550
1169 1171
2430 2436
3426 3428
7004 7005
11963 11966
4089 4090
4145 4146
5169 5172
11632 11633
142 155
330 337
439 445
9933 9936
1658 1662
6097 6103
517 523
568 571
606 612
691 697
1321 1325
1781 1783
3230 3231
4241 4243
7133 7134
8033 8035
15269 15274
17529 17532
19478 19480
320 329
10678 10683
2049 2053
546 558
753 759
3033 3035
4073 4076
6927 6929
14446 14450
1494 1500
6097 6101
215 232
13197 13199
132 135
386 391
1141 1142
1347 1353
1636 1638
3356 3364
3806 3808
8926 8928
11364 11365
359 372
754 764
2538 2540
4797 4800
5385 5389
7168 7170
15308 15309
17471 17472
1763 1774
4769 4774
128 131
347 354
358 364
390 396
422 434
660 661
696 699
770 774
1295 1298
1415 1416
2202 2205
2299 2300
2582 2585
2978 2979
3245 3246
3927 3930
4775 4776
4821 4822
5202 5207
5281 5282
6419 6421
7620 7621
7960 7961
8499 8501
11377 11378
12397 12398
12475 12477
13952 13954
2428 2436
6306 6310
158 174
1710 1715
2820 2823
93 109
503 506
6255 6258
6650 6655
10574 10575
3012 3015
8836 8839
16018 16020
120 126
6493 6494
414 424
753 761
2380 2384
3114 3119
14895 14899
373 377
577 584
917 924
1959 1962
3926 3929
5189 5191
7127 7128
10912 10913
16554 16555
17514 17515
10007 10008
574 587
3062 3068
12675 12676
85 90
604 609
690 699
1874 1877
5768 5773
8026 8029
283 300
333 343
342 357
1849 1851
4353 4354
1476 1480
8674 8678
4178 4181
4255 4258
13108 13110
12314 12315
87 92
166 173
910 911
1613 1617
1685 1686
1875 1880
2479 2482
2534 2536
4140 4141
5461 5462
6329 6330
6787 6789
7534 7538
10246 10249
11015 11017
12344 12345
13420 13422
1611 1621
524 536
15902 15904
19019 19021
17903 17904
17776 17779
15 26
23 37
383 396
1889 1891
1955 1961
4681 4683
6628 6630
971 980
6052 6055
12053 12054
14893 14894
9407 9409
6259 6262
1451 1464
740 745
2724 2726
2837 2841
4499 4503
4783 4786
5234 5235
6536 6538
9226 9227
514 532
19324 19325
189 197
1094 1103
1709 1715
9504 9507
10833 10835
203 210
344 357
913 918
5221 5222
12377 12378
18269 18271
35 43
669 677
2024 2028
8277 8282
145 156
5730 5732
1898 1907
1914 1919
8232 8233
69 79
165 170
270 272
383 390
690 696
759 761
772 774
780 784
944 950
1020 1021
1494 1495
1563 1566
1651 1659
1665 1669
1741 1744
5175 5177
5340 5341
6567 6570
7392 7393
8891 8894
9926 9928
10576 10577
11761 11762
13314 13316
14132 14133
15598 15600
18507 18508
423 434
2662 2667
9462 9467
14265 14267
336 348
2323 2328
4321 4327
5387 5392
404 415
2753 2759
7205 7209
8864 8868
16156 16157
639 645
4745 4747
19490 19492
342 355
1252 1255
4472 4475
8688 8690
17621 17622
560 563
964 970
2263 2266
2422 2424
4373 4377
5930 5933
7698 7700
9505 9507
161 182
5754 5758
283 297
115 126
893 901
2955 2960
3 20
1057 1067
2199 2209
4982 4983
6507 6508
11224 11226
38 45
134 137
185 188
230 233
356 361
382 392
976 978
1352 1354
1449 1455
2298 2301
2715 2718
3533 3535
8204 8205
13284 13285
15090 15091
17350 17351
12344 12347
2225 2231
5817 5820
15608 15611
191 200
649 652
2098 2101
13921 13924
688 694
1101 1102
1183 1190
1762 1774
2320 2326
2686 2687
4317 4322
18726 18728
3072 3075
12345 12347
16119 16122
12475 12480
322 329
5543 5545
15062 15063
18852 18854
136 152
214 225
526 536
726 734
10632 10633
18689 18691
13976 13977
851 858
1610 1621
6696 6697
10 14
61 73
62 75
252 264
346 352
630 631
810 815
847 850
1906 1909
2019 2022
2635 2639
2978 2980
3399 3401
3779 3780
3841 3842
4020 4021
4107 4109
4124 4125
4413 4415
7110 7111
7155 7156
8562 8567
8565 8566
19226 19227
10347 10349
12336 12338
129 139
2930 2931
803 812
960 968
4553 4554
7472 7473
54 66
344 355
1809 1812
11336 11337
14055 14057
1034 1037
5275 5277
148 164
160 179
349 363
824 829
1842 1844
1946 1948
2452 2454
3719 3721
