13178 13179
8188 8189
29 30
4902 4903
8419 8420
9576 9577
13460 13461
18399 18400
1328 1329
3657 3658
11866 11867
5544 5545
15678 15679
955 956
94 95
14364 14365
457 458
4698 4699
134 135
15558 15559
906 907
1416 1417
18993 18994
10227 10228
11301 11302
76 77
858 859
259 260
1104 1105
9254 9255
1130 1131
16769 16770
4551 4552
17015 17016
18191 18192
3887 3888
4385 4386
487 488
959 960
3020 3021
4782 4783
5824 5825
3693 3694
4842 4843
845 846
2747 2748
3068 3069
9363 9364
10798 10799
2185 2186
411 412
629 630
1213 1214
3547 3548
83 84
1044 1045
2320 2321
126 127
484 485
2914 2915
5181 5182
15707 15708
5961 5962
6 7
245 246
3912 3913
4333 4334
5653 5654
15310 15311
5072 5073
521 522
731 732
799 800
1432 1433
1700 1701
4212 4213
5140 5141
6459 6460
985 986
1516 1517
1598 1599
1714 1715
6083 6084
14340 14341
1550 1551
3965 3966
599 600
15252 15253
15445 15446
136 137
7792 7793
14393 14394
17055 17056
4072 4073
3820 3821
6544 6545
9699 9700
11278 11279
927 928
5110 5111
167 168
1355 1356
3168 3169
3526 3527
17604 17605
4 5
153 154
4227 4228
6199 6200
16080 16081
855 856
3251 3252
352 353
165 166
2109 2110
15786 15787
3345 3346
615 616
1896 1897
2157 2158
2525 2526
3574 3575
5991 5992
8056 8057
16340 16341
2140 2141
6693 6694
2018 2019
2653 2654
3408 3409
7811 7812
18058 18059
18912 18913
345 346
350 351
2315 2316
3413 3414
9446 9447
9873 9874
644 645
1299 1300
1660 1661
2008 2009
6651 6652
13431 13432
47 48
50 51
309 310
1002 1003
1832 1833
3841 3842
8277 8278
16986 16987
1395 1396
5929 5930
74 75
1313 1314
1764 1765
5055 5056
10162 10163
217 218
781 782
5465 5466
100 101
4982 4983
6977 6978
7738 7739
14150 14151
14999 15000
5329 5330
200 201
3725 3726
15882 15883
3489 3490
3709 3710
5847 5848
429 430
1205 1206
1576 1577
2365 2366
6738 6739
8879 8880
14764 14765
18449 18450
17379 17380
1857 1858
6251 6252
14870 14871
2343 2344
5197 5198
6752 6753
162 163
620 621
1177 1178
2442 2443
2485 2486
4901 4903
5193 5194
5855 5856
6198 6200
6456 6457
7246 7247
13498 13499
14055 14056
16113 16114
1129 1131
12099 12100
83 85
1064 1065
1398 1399
3348 3349
4284 4285
4321 4322
12287 12288
148 149
808 809
1465 1466
686 687
5613 5614
924 925
1716 1717
1880 1881
9555 9556
16717 16718
134 137
513 514
6666 6667
9298 9299
278 279
2220 2221
4502 4503
12773 12774
1269 1270
2445 2446
19 20
21 22
577 578
3235 3236
12113 12114
14585 14586
2000 2001
1900 1901
3008 3009
331 332
337 338
486 488
1181 1182
1210 1211
1505 1506
10988 10989
13212 13213
8284 8285
1099 1100
1152 1153
3623 3624
950 951
1160 1161
2039 2040
364 365
1495 1496
2033 2034
4441 4442
4580 4581
5284 5285
8236 8237
6036 6037
2502 2503
6943 6944
11168 11169
1888 1889
348 349
970 971
1355 1357
12075 12076
12420 12421
15604 15605
47 49
8614 8615
215 216
482 483
3439 3440
6038 6039
12362 12363
12622 12623
2003 2004
8432 8433
3280 3281
469 470
1197 1198
1248 1249
7475 7476
12718 12719
14784 14785
18208 18209
1408 1409
1737 1738
4174 4175
8533 8534
11014 11015
16780 16781
13809 13810
350 353
765 766
938 939
4818 4819
9826 9827
13673 13674
1455 1456
13 14
29 31
269 270
2896 2897
3692 3694
5492 5493
14368 14369
17786 17787
19085 19086
482 485
1401 1402
2434 2435
3112 3113
8207 8208
18 20
164 166
10168 10169
10719 10720
16115 16116
1626 1627
7158 7159
15221 15222
133 135
385 386
528 529
4720 4721
5511 5512
5893 5894
6409 6410
8638 8639
9552 9553
9701 9702
11672 11673
284 285
374 375
1800 1801
5006 5007
13141 13142
16457 16458
5593 5594
134 136
334 335
520 522
604 605
872 873
3605 3606
14298 14299
15024 15025
1585 1586
12797 12798
82 84
671 672
7300 7301
65 66
126 128
354 355
552 553
1262 1263
1579 1580
2778 2779
2987 2988
3116 3117
4802 4803
5060 5061
6851 6852
7186 7187
8647 8648
10232 10233
13637 13638
17886 17887
18426 18427
1379 1380
2041 2042
8052 8053
372 373
1060 1061
4152 4153
4320 4322
9488 9489
240 241
15773 15774
143 144
4103 4104
140 141
259 261
811 812
902 903
947 948
2091 2092
2109 2111
4022 4023
5431 5432
6072 6073
15178 15179
16441 16442
19113 19114
160 161
798 800
456 458
483 485
2617 2618
17390 17391
19463 19464
262 263
12326 12327
185 186
13639 13640
3173 3174
5535 5536
8607 8608
18 19
200 202
288 289
367 368
385 387
977 978
1530 1531
3742 3743
4189 4190
7038 7039
9343 9344
10321 10322
17257 17258
6229 6230
3530 3531
1644 1645
8770 8771
10384 10385
13335 13336
18246 18247
444 445
1242 1243
1259 1260
1814 1815
2358 2359
10812 10813
10884 10885
14465 14466
16878 16879
13185 13186
103 104
8785 8786
12130 12131
369 370
904 905
1364 1365
1757 1758
2913 2915
4026 4027
4265 4266
8030 8031
8339 8340
12461 12462
12628 12629
18984 18985
16574 16575
17465 17466
153 155
3791 3792
464 465
779 780
9675 9676
82 85
21 23
58 59
603 605
958 960
3640 3641
4277 4278
9013 9014
61 62
1378 1380
15487 15488
350 352
850 851
2923 2924
5648 5649
5812 5813
6258 6259
9600 9601
10748 10749
12695 12696
142 144
2848 2849
830 831
1162 1163
1268 1270
2156 2158
4756 4757
5124 5125
5984 5985
6173 6174
9825 9827
14727 14728
14826 14827
14857 14858
28 30
824 825
992 993
7958 7959
9706 9707
788 789
4960 4961
5091 5092
1151 1153
2073 2074
4320 4321
13310 13311
5982 5983
12739 12740
726 727
3824 3825
3915 3916
10428 10429
10937 10938
12442 12443
1016 1017
1549 1551
3934 3935
158 159
712 713
3879 3880
7427 7428
15842 15843
2641 2642
2917 2918
3502 3503
3907 3908
15616 15617
108 109
325 326
750 751
855 857
1063 1065
1185 1186
1203 1204
1217 1218
1431 1433
2049 2050
2735 2736
3487 3488
5788 5789
8720 8721
8761 8762
9172 9173
14119 14120
14470 14471
15125 15126
16175 16176
19571 19572
2387 2388
4392 4393
10639 10640
1327 1329
1170 1171
2240 2241
5116 5117
2877 2878
16018 16019
6833 6834
384 386
492 493
555 556
2190 2191
3186 3187
4223 4224
6254 6255
7934 7935
9607 9608
9629 9630
12682 12683
13673 13675
631 632
715 716
16768 16770
7322 7323
3 5
102 104
147 149
6525 6526
1548 1551
10931 10932
1740 1741
133 137
184 186
244 246
258 260
384 387
712 714
805 806
1462 1463
3218 3219
4169 4170
4604 4605
6399 6400
8088 8089
8548 8549
9370 9371
12952 12953
13618 13619
14988 14989
15752 15753
8710 8711
16113 16116
305 306
513 515
4921 4922
10368 10369
14890 14891
228 229
1369 1370
5069 5070
2125 2126
5781 5782
5843 5844
316 317
583 584
1507 1508
1552 1553
6010 6011
12606 12607
13567 13568
16790 16791
11746 11747
8323 8324
14242 14243
407 408
422 423
511 512
541 542
737 738
240 242
1574 1575
8765 8766
14574 14575
513 516
227 229
9705 9707
10721 10722
11804 11805
115 116
917 918
985 987
1328 1330
1513 1514
1635 1636
1851 1852
1911 1912
2669 2670
3089 3090
3338 3339
3617 3618
3663 3664
4086 4087
4132 4133
4263 4264
4492 4493
5033 5034
5300 5301
8296 8297
9869 9870
10603 10604
19420 19421
9315 9316
191 192
1539 1540
18375 18376
227 228
527 529
1397 1399
4441 4443
1018 1019
5951 5952
14476 14477
16331 16332
18265 18266
880 881
12429 12430
14527 14528
587 588
689 690
1023 1024
2538 2539
2934 2935
4089 4090
4915 4916
5577 5578
8477 8478
8879 8881
8887 8888
9039 9040
11594 11595
2836 2837
46 48
1165 1166
2396 2397
6749 6750
9061 9062
13103 13104
13764 13765
2860 2861
5960 5962
15060 15061
7496 7497
409 410
421 423
4851 4852
286 287
4446 4447
4040 4041
7347 7348
14665 14666
8190 8191
18869 18870
6292 6293
18 22
219 220
386 387
396 397
515 516
1509 1510
2025 2026
2950 2951
4706 4707
4841 4843
5863 5864
5897 5898
5973 5974
8174 8175
8183 8184
10179 10180
10825 10826
12746 12747
13367 13368
14140 14141
16311 16312
18742 18743
18474 18475
6008 6009
13379 13380
14949 14950
2880 2881
7999 8000
2973 2974
7208 7209
19381 19382
264 265
2202 2203
2734 2736
14722 14723
282 283
1609 1610
6091 6092
7038 7040
8482 8483
4753 4754
5253 5254
1196 1198
182 183
1437 1438
3086 3087
5562 5563
14750 14751
1120 1121
11 12
140 144
257 260
1129 1130
1184 1186
1372 1373
5792 5793
6907 6908
8301 8302
10781 10782
16465 16466
19265 19266
259 263
389 390
1683 1684
1814 1816
4120 4121
2517 2518
4201 4202
12126 12127
18720 18721
348 351
17747 17748
734 735
4844 4845
7206 7207
7426 7428
9650 9651
17621 17622
17847 17848
3734 3735
4594 4595
50 52
5419 5420
18112 18113
1269 1271
1962 1963
2394 2395
8792 8793
850 852
15076 15077
81 84
733 735
3208 3209
9020 9021
10517 10518
14262 14263
97 98
160 163
191 193
248 249
314 315
322 323
328 329
385 388
743 744
811 813
861 862
1783 1784
1925 1926
2336 2337
3392 3393
5208 5209
5321 5322
5871 5872
11704 11705
12796 12798
13204 13205
13758 13759
14326 14327
15334 15335
17736 17737
132 135
12670 12671
4407 4408
4579 4581
46 49
1155 1156
1187 1188
1385 1386
1714 1717
2595 2596
4484 4485
9112 9113
18 23
4391 4393
1584 1586
2272 2273
2998 2999
10117 10118
18229 18230
15476 15477
374 376
671 673
1169 1171
5178 5179
18381 18382
670 672
2355 2356
765 767
934 935
6598 6599
9952 9953
420 423
536 537
1583 1586
1827 1828
2705 2706
6579 6580
12059 12060
13315 13316
15070 15071
528 530
8770 8772
50 53
71 72
348 353
1820 1821
7239 7240
13673 13676
19201 19202
301 302
4902 4904
321 323
330 332
401 402
421 422
1513 1515
1583 1584
2076 2077
3954 3955
4283 4285
4419 4420
4724 4725
5684 5685
6350 6351
6512 6513
7021 7022
10172 10173
18607 18608
141 144
1940 1941
4891 4892
3526 3528
3690 3691
11133 11134
13744 13745
778 780
984 986
3981 3982
7650 7651
579 580
739 740
1098 1100
2032 2034
2254 2255
2626 2627
3287 3288
1843 1844
17054 17056
345 347
4737 4738
19497 19498
511 514
1514 1515
8403 8404
11947 11948
1566 1567
7927 7928
9835 9836
13826 13827
321 322
655 656
1626 1628
19226 19227
384 388
795 796
2055 2056
4879 4880
787 789
949 951
6 8
81 85
154 155
252 253
297 298
309 311
713 714
733 734
742 744
836 837
1413 1414
2224 2225
2462 2463
2766 2767
2802 2803
2930 2931
3039 3040
3343 3344
3736 3737
3979 3980
4044 4045
5309 5310
5518 5519
10267 10268
10758 10759
11965 11966
12019 12020
12318 12319
18203 18204
18660 18661
19331 19332
409 412
8877 8878
12714 12715
185 187
3074 3075
7994 7995
12836 12837
11704 11706
4081 4082
6041 6042
6919 6920
11645 11646
1268 1271
17 20
206 207
1215 1216
2944 2945
8955 8956
10273 10274
14343 14344
100 104
3077 3078
5124 5126
9033 9034
9901 9902
41 42
424 425
699 700
983 986
2454 2455
2568 2569
3338 3340
16463 16464
2943 2945
11934 11935
5079 5080
6464 6465
9347 9348
5717 5718
7583 7584
132 137
188 189
520 521
1281 1282
1556 1557
1569 1570
2166 2167
7991 7992
11705 11706
15709 15710
16534 16535
19398 19399
217 220
6121 6122
14030 14031
9398 9399
644 646
3965 3967
15664 15665
15134 15135
372 375
3303 3304
4449 4450
13140 13142
2230 2231
2695 2696
3101 3102
7823 7824
992 994
2076 2078
2781 2782
2794 2795
3000 3001
3411 3412
3447 3448
3451 3452
5190 5191
5756 5757
6105 6106
6153 6154
7595 7596
7609 7610
11506 11507
12311 12312
12516 12517
18058 18060
18038 18039
15785 15787
18229 18231
217 219
4663 4664
1203 1206
11570 11571
208 209
2038 2040
2452 2453
3713 3714
8264 8265
9699 9702
15552 15553
6228 6230
4934 4935
10559 10560
221 222
860 862
15441 15442
19528 19529
2552 2553
2062 2063
5771 5772
7809 7810
13485 13486
16114 16116
3891 3892
345 349
2153 2154
3608 3609
10812 10814
13177 13179
6197 6200
614 616
1049 1050
2911 2912
6835 6836
7241 7242
18925 18926
4901 4904
1780 1781
4365 4366
16826 16827
152 155
620 622
703 704
1860 1861
2722 2723
3994 3995
6666 6668
74 77
12339 12340
3979 3982
4207 4208
17233 17234
121 122
181 183
184 187
223 224
238 239
358 359
482 484
573 574
686 688
1313 1315
1331 1332
2077 2078
2922 2924
2943 2944
3258 3259
3478 3479
3485 3486
3626 3627
3867 3868
3980 3982
5586 5587
10183 10184
10557 10558
11056 11057
11163 11164
13081 13082
14245 14246
18765 18766
1181 1183
5052 5053
10406 10407
7220 7221
150 151
969 971
1077 1078
3313 3314
2652 2654
3315 3316
9808 9809
255 256
3659 3660
13806 13807
12682 12684
16992 16993
449 450
720 721
2252 2253
2733 2736
15915 15916
17446 17447
1193 1194
8138 8139
8937 8938
10185 10186
1298 1300
5817 5818
10726 10727
15663 15665
17123 17124
4395 4396
447 448
512 514
1210 1212
2261 2262
3232 3233
4896 4897
5583 5584
7463 7464
9238 9239
11659 11660
16235 16236
2027 2028
1464 1466
8518 8519
8614 8616
9313 9314
13189 13190
511 516
7855 7856
10665 10666
11343 11344
11931 11932
527 530
957 960
1910 1912
11361 11362
5743 5744
8895 8896
9567 9568
4364 4366
4559 4560
61 63
156 157
319 320
347 349
411 413
455 458
568 569
589 590
603 604
617 618
983 984
1027 1028
1622 1623
1899 1901
2003 2005
5261 5262
6182 6183
6711 6712
7039 7040
8027 8028
11894 11895
12551 12552
12977 12978
13722 13723
17189 17190
579 581
2892 2893
5951 5953
7720 7721
145 146
1921 1922
2185 2187
2525 2527
10983 10984
18077 18078
1347 1348
15118 15119
58 60
635 636
3561 3562
4355 4356
4780 4781
6209 6210
245 247
5446 5447
8300 8302
13403 13404
17109 17110
771 772
793 794
15918 15919
169 170
760 761
812 813
916 918
1150 1153
1307 1308
1849 1850
1886 1887
2524 2526
2637 2638
3272 3273
3693 3695
3733 3735
4914 4916
5473 5474
12608 12609
3231 3233
9233 9234
410 412
1238 1239
3044 3045
10786 10787
11958 11959
12545 12546
71 73
2721 2723
18773 18774
152 154
1225 1226
1596 1597
2174 2175
15069 15071
4774 4775
6521 6522
8613 8615
3914 3916
7899 7900
563 564
1546 1547
13184 13186
1752 1753
2879 2881
9575 9577
11401 11402
13956 13957
14729 14730
6844 6845
8851 8852
797 800
1118 1119
1162 1164
1714 1716
4755 4757
11186 11187
165 168
4516 4517
7861 7862
8054 8055
364 366
16386 16387
17291 17292
331 333
1146 1147
13936 13937
1327 1330
8828 8829
19 22
18 21
52 53
275 276
280 281
384 385
420 422
511 515
699 701
860 861
1116 1117
1184 1185
1283 1284
1319 1320
1548 1549
1867 1868
2091 2093
2174 2176
2683 2684
2908 2909
4260 4261
4898 4899
5417 5418
5900 5901
5944 5945
6198 6199
7945 7946
8625 8626
13675 13676
14786 14787
15782 15783
16249 16250
17329 17330
17773 17774
9672 9673
461 462
4483 4485
16982 16983
1735 1736
3560 3562
4291 4292
12640 12641
1476 1477
7613 7614
447 450
4756 4758
16741 16742
2094 2095
2175 2176
14483 14484
14579 14580
3625 3627
7781 7782
1379 1381
2541 2542
7213 7214
7758 7759
7128 7129
7874 7875
17 22
129 130
1725 1726
2017 2019
4364 4365
5025 5026
5189 5191
8284 8286
8778 8779
12457 12458
19459 19460
6 9
983 987
2867 2868
10035 10036
17300 17301
17 19
4848 4849
14072 14073
12485 12486
1952 1953
2046 2047
4459 4460
5652 5654
7048 7049
9910 9911
12074 12076
14028 14029
16870 16871
18854 18855
19253 19254
11735 11736
12358 12359
13050 13051
2124 2126
261 263
561 562
3335 3336
3543 3544
3557 3558
3744 3745
5978 5979
7070 7071
7143 7144
8573 8574
9380 9381
12863 12864
13423 13424
14405 14406
16304 16305
9319 9320
766 767
2188 2189
2280 2281
12003 12004
15045 15046
17 23
2739 2740
18911 18913
240 243
1886 1889
5022 5023
11927 11928
15059 15061
15912 15913
10442 10443
13058 13059
185 189
17104 17105
6504 6505
12683 12684
984 987
1680 1681
1730 1731
1346 1348
11547 11548
2551 2553
2932 2933
90 91
344 346
351 353
448 450
1653 1654
2183 2184
2361 2362
2687 2688
2998 3001
3231 3232
3560 3561
5445 5447
7019 7020
8598 8599
9966 9967
10349 10350
13674 13676
16887 16888
19274 19275
1590 1591
3751 3752
6291 6293
10224 10225
1059 1061
1799 1801
10304 10305
902 905
1152 1154
10942 10943
1220 1221
5220 5221
2562 2563
509 510
1893 1894
6056 6057
15357 15358
67 68
731 735
916 917
1431 1432
2303 2304
3354 3355
4294 4295
14086 14087
14848 14849
7099 7100
777 780
3007 3009
9455 9456
3493 3494
4014 4015
12326 12328
14390 14391
2531 2532
3248 3249
4400 4401
4862 4863
6597 6599
7426 7427
8920 8921
9802 9803
10167 10169
13983 13984
15830 15831
143 146
1215 1218
15977 15978
1087 1088
6704 6705
339 340
1887 1889
14761 14762
18598 18599
670 673
5698 5699
12900 12901
17459 17460
15475 15477
8 9
19 23
683 684
776 780
921 922
1008 1009
1367 1368
1378 1381
1606 1607
1964 1965
3656 3658
6574 6575
11623 11624
15250 15251
16533 16535
401 403
226 229
10339 10340
282 285
443 445
512 516
818 819
2742 2743
6719 6720
16603 16604
17322 17323
2195 2196
184 189
9437 9438
290 291
2530 2532
2657 2658
2972 2974
3138 3139
4689 4690
4700 4701
5479 5480
5593 5595
6839 6840
8695 8696
9435 9436
9768 9769
3789 3790
4662 4664
17010 17011
12964 12965
14133 14134
343 346
1134 1135
1970 1971
4773 4775
13657 13658
18810 18811
142 146
7905 7906
895 896
1849 1852
3058 3059
4332 4334
269 271
5044 5045
14593 14594
185 188
1468 1469
2941 2942
1042 1043
792 794
18026 18027
5755 5757
12851 12852
3250 3252
54 55
82 83
92 93
127 128
126 130
199 201
348 352
644 647
700 701
746 747
1036 1037
1038 1039
1120 1122
1210 1214
1275 1276
1479 1480
1618 1619
1819 1821
1836 1837
1931 1932
1949 1950
2387 2389
2530 2531
2659 2660
2716 2717
2762 2763
2880 2882
3072 3073
3088 3090
3535 3536
3551 3552
3570 3571
3690 3694
3798 3799
3849 3850
4088 4090
4307 4308
4530 4531
5119 5120
5222 5223
5877 5878
6019 6020
6937 6938
7092 7093
7294 7295
7461 7462
8151 8152
8294 8295
8377 8378
8469 8470
8489 8490
8837 8838
9036 9037
10924 10925
11417 11418
13761 13762
15241 15242
17305 17306
17913 17914
18367 18368
2298 2299
9596 9597
16978 16979
5524 5525
7615 7616
277 279
1921 1923
16723 16724
90 93
2969 2970
4836 4837
18457 18458
90 92
1709 1710
9548 9549
807 809
2784 2785
3786 3787
5423 5424
12630 12631
4719 4721
290 292
1079 1080
1182 1183
3415 3416
8937 8939
9956 9957
10047 10048
11047 11048
17031 17032
932 933
7205 7207
490 491
638 639
787 788
1193 1195
6710 6712
6733 6734
12613 12614
15819 15820
17752 17753
17809 17810
7577 7578
10337 10338
16 20
29 32
96 98
1316 1317
1807 1808
2457 2458
4866 4867
9430 9431
11583 11584
4216 4217
1885 1889
6650 6652
16441 16443
18618 18619
523 524
540 542
1442 1443
1910 1911
4665 4666
4731 4732
6002 6003
19225 19227
7219 7221
15615 15617
24 25
264 266
1792 1793
5722 5723
12098 12100
162 166
643 645
2127 2128
5612 5614
94 98
15813 15814
47 51
447 449
676 677
1400 1402
1739 1741
2707 2708
6010 6012
8107 8108
11034 11035
11262 11263
12432 12433
12704 12705
15648 15649
18737 18738
1699 1701
16573 16575
215 218
2746 2748
10837 10838
12783 12784
14746 14747
9611 9612
12543 12544
18021 18022
1835 1837
5862 5864
5916 5917
2669 2671
9996 9997
37 38
11944 11945
3971 3972
10758 10760
11411 11412
531 532
1168 1171
1266 1267
1323 1324
2570 2571
3241 3242
3833 3834
4472 4473
5125 5126
7198 7199
8126 8127
9194 9195
9271 9272
10933 10934
13451 13452
13864 13865
14592 14594
15596 15597
16011 16012
16319 16320
17842 17843
1146 1148
184 188
858 862
18849 18850
101 104
2568 2571
5445 5446
9078 9079
13117 13118
722 723
2873 2874
94 96
140 146
671 674
2568 2570
2835 2837
4168 4170
6923 6924
12718 12720
14818 14819
15923 15924
17265 17266
3055 3056
7583 7585
28 31
132 133
1850 1852
4579 4580
11396 11397
689 691
1775 1776
2272 2274
2436 2437
5735 5736
125 128
8435 8436
9756 9757
879 881
16061 16062
6035 6037
4273 4274
10140 10141
107 109
148 151
167 170
171 172
297 299
343 344
486 487
976 978
1342 1343
1660 1662
1977 1978
3339 3340
5142 5143
5604 5605
6140 6141
7168 7169
8268 8269
8928 8929
9705 9706
13672 13676
15347 15348
15870 15871
10480 10481
16101 16102
19416 19417
258 263
318 320
5075 5076
2879 2882
143 145
613 616
1885 1887
3535 3537
7507 7508
8646 8648
10580 10581
550 551
4108 4109
4277 4279
7576 7578
13465 13466
2072 2074
8591 8592
17294 17295
18772 18774
125 127
161 163
1278 1279
1773 1774
3111 3113
3663 3665
4212 4214
5506 5507
5556 5557
6289 6290
8857 8858
15173 15174
90 95
5078 5080
15147 15148
238 241
11994 11995
17898 17899
1803 1804
10231 10233
15260 15261
16717 16719
372 376
1712 1713
19120 19121
1582 1586
2983 2984
18079 18080
19259 19260
409 413
7074 7075
13660 13661
319 323
72 73
291 292
811 814
1151 1154
1560 1561
1915 1916
1938 1939
2046 2048
5213 5214
5952 5953
6053 6054
7954 7955
8927 8929
10668 10669
13711 13712
13784 13785
18974 18975
12948 12949
2876 2878
16761 16762
9566 9568
18069 18070
730 732
903 905
2892 2894
5205 5206
9285 9286
10251 10252
15854 15855
1184 1188
3107 3108
3613 3614
11946 11948
15058 15061
126 129
1060 1062
1270 1271
2244 2245
2325 2326
7680 7681
8471 8472
14261 14263
2930 2933
10816 10817
4835 4837
13185 13187
17692 17693
6645 6646
257 263
429 431
739 741
779 782
870 871
1010 1011
1066 1067
1128 1131
1951 1953
6610 6611
11280 11281
17438 17439
384 390
6832 6834
2075 2078
2185 2189
2799 2800
16981 16983
3536 3537
4060 4061
1133 1135
15437 15438
206 209
58 62
264 267
11936 11937
8143 8144
142 145
1387 1388
3805 3806
4553 4554
8486 8487
9172 9174
16716 16718
17907 17908
10416 10417
503 504
1185 1188
2886 2887
8916 8917
13743 13745
11 14
132 136
1216 1218
4878 4880
6342 6343
6653 6654
12791 12792
16311 16313
35 36
82 86
969 970
1212 1214
1596 1599
1665 1666
1896 1898
3351 3352
3625 3626
3791 3793
4772 4775
153 157
1690 1691
8655 8656
11229 11230
18967 18968
7535 7536
2469 2470
7934 7936
8637 8639
14287 14288
454 458
552 554
80 84
345 353
2422 2423
2431 2432
15609 15610
3463 3464
7217 7218
99 104
1769 1770
15642 15643
2931 2933
8613 8616
305 307
1213 1218
2444 2446
5391 5392
11758 11759
649 650
1513 1517
739 744
927 929
2633 2634
2916 2918
2223 2225
11253 11254
12399 12400
3023 3024
8689 8690
158 163
385 390
1104 1106
932 935
429 432
17 21
29 33
41 43
199 202
356 357
367 370
396 398
512 515
559 560
663 664
759 761
776 777
851 852
904 907
1091 1092
1213 1216
1423 1424
1482 1483
1679 1681
1835 1836
2112 2113
2213 2214
2288 2289
2721 2722
3161 3162
3573 3575
3901 3902
4135 4136
4527 4528
5097 5098
5110 5112
5312 5313
6918 6920
7142 7144
7379 7380
7829 7830
8402 8404
8927 8928
8969 8970
9044 9045
9787 9788
10995 10996
12895 12896
13226 13227
13674 13675
14487 14488
17154 17155
6648 6649
461 463
2651 2654
4040 4042
11731 11732
141 146
6680 6681
7123 7124
10964 10965
13430 13432
996 997
1729 1731
3061 3062
3119 3120
15271 15272
5346 5347
5499 5500
158 161
345 351
389 391
11655 11656
328 332
275 279
371 373
523 525
8547 8549
7931 7932
983 985
3923 3924
9714 9715
15994 15995
16787 16788
6613 6614
124 128
160 166
1914 1916
3929 3930
3953 3955
9445 9447
83 86
1155 1157
2484 2486
3160 3162
4036 4037
330 333
8276 8278
76 78
139 144
741 744
5543 5545
17938 17939
18771 18774
19296 19297
407 412
5444 5447
147 151
2670 2671
5483 5484
791 794
621 622
10223 10225
11875 11876
13979 13980
5277 5278
1674 1675
4948 4949
955 960
8764 8766
47 53
1583 1585
1873 1874
2085 2086
3411 3414
3983 3984
4451 4452
7603 7604
11132 11134
12484 12486
14592 14593
15824 15825
15929 15930
15998 15999
276 279
2608 2609
2971 2974
8590 8592
371 375
969 972
1087 1089
6053 6055
14193 14194
497 498
1533 1534
8902 8903
9846 9847
14536 14537
2183 2186
13900 13901
358 360
778 782
1335 1336
1419 1420
2092 2093
2603 2604
11478 11479
15511 15512
18609 18610
1219 1221
2091 2095
489 491
717 718
1162 1166
9894 9895
17815 17816
698 701
1170 1172
18869 18871
643 646
1290 1291
11400 11402
2237 2238
2589 2590
75 77
251 253
611 612
655 657
1376 1377
2529 2532
3887 3889
4662 4663
5379 5380
7383 7384
8832 8833
10403 10404
12658 12659
19250 19251
902 907
10034 10036
689 692
7540 7541
9811 9812
19104 19105
4771 4775
15921 15922
18689 18690
2715 2717
19081 19082
185 190
635 637
845 847
1098 1099
2725 2726
3730 3731
6054 6055
17398 17399
8694 8696
10857 10858
6076 6077
8058 8059
14174 14175
1334 1336
2808 2809
3822 3823
16523 16524
124 127
2644 2645
7710 7711
69 70
80 85
108 110
186 187
215 220
481 485
1022 1024
2061 2063
2768 2769
2999 3001
3979 3981
4195 4196
4695 4696
4968 4969
5603 5605
5999 6000
7871 7872
9502 9503
9841 9842
12887 12888
16379 16380
16737 16738
18067 18068
318 323
18182 18183
18924 18926
126 131
1904 1905
2386 2388
6360 6361
47 52
970 972
5208 5210
6262 6263
240 246
1922 1923
2047 2048
2679 2680
3127 3128
13392 13393
18371 18372
45 48
140 145
1581 1586
2140 2142
10231 10232
14293 14294
373 375
754 755
1186 1188
2059 2060
2594 2596
3599 3600
4379 4380
5709 5710
6797 6798
8663 8664
13159 13160
1097 1100
12281 12282
447 451
1326 1329
3691 3694
6250 6252
16 22
92 95
238 242
535 537
5022 5024
5724 5725
7143 7145
12778 12779
2466 2467
4515 4517
18140 18141
37 39
774 775
4723 4725
2325 2327
854 856
1618 1620
4842 4845
10523 10524
617 619
4024 4025
3970 3972
273 274
1158 1159
2989 2990
4974 4975
5383 5384
16 23
153 156
558 560
6131 6132
1321 1322
7227 7228
4406 4408
133 136
184 190
262 265
310 311
583 585
933 935
988 989
1002 1004
1052 1053
1514 1517
1565 1567
1641 1642
1885 1886
1914 1915
2129 2130
2229 2231
3160 3161
4305 4306
6468 6469
6470 6471
7312 7313
7334 7335
8385 8386
8949 8950
9481 9482
9589 9590
9825 9826
11122 11123
12000 12001
14168 14169
15383 15384
16832 16833
2792 2793
3057 3059
2041 2043
15677 15679
7346 7348
17421 17422
882 883
197 198
577 580
2715 2716
4005 4006
4288 4289
7142 7145
8013 8014
823 825
1647 1648
226 228
685 687
2986 2988
641 642
2400 2401
3195 3196
231 232
309 312
4654 4655
4910 4911
6810 6811
8149 8150
11963 11964
16943 16944
10139 10141
7069 7071
17984 17985
34 36
56 57
2049 2051
3604 3606
5573 5574
19226 19228
19233 19234
7548 7549
2314 2316
5823 5825
3896 3897
5133 5134
1832 1834
5085 5086
334 336
434 435
2055 2057
2066 2067
2537 2539
2552 2554
4567 4568
5561 5563
8938 8939
10983 10985
11286 11287
11998 11999
11568 11569
215 219
2387 2390
76 79
1312 1314
2075 2077
12256 12257
12575 12576
19425 19426
764 767
7521 7522
343 349
2102 2103
3412 3414
6708 6709
12079 12080
18910 18913
13054 13055
61 64
2071 2074
5157 5158
1277 1279
10542 10543
12492 12493
8451 8452
449 451
765 768
2244 2246
11300 11302
12240 12241
93 95
203 204
221 224
494 495
577 581
697 701
902 904
1118 1121
1132 1135
1264 1265
1617 1619
1839 1840
2665 2666
3348 3350
4601 4602
4944 4945
5279 5280
7909 7910
9989 9990
10046 10048
11841 11842
13145 13146
13549 13550
14559 14560
17262 17263
17721 17722
1297 1300
288 292
5205 5207
446 450
610 612
6692 6694
8906 8907
26 27
205 207
244 247
2264 2265
3708 3710
5717 5719
18492 18493
4926 4927
16538 16539
76 84
4753 4757
15186 15187
32 33
177 178
686 690
1031 1032
1169 1172
2049 2052
2173 2176
4909 4911
5314 5315
9404 9405
10682 10683
11477 11479
13161 13162
2326 2327
7303 7304
11741 11742
703 705
2357 2359
3586 3587
7708 7709
9655 9656
1150 1154
225 229
4440 4442
1002 1005
13678 13679
18045 18046
44 48
205 209
930 931
2162 2163
2312 2313
3295 3296
3990 3991
4105 4106
6843 6845
10968 10969
11835 11836
13252 13253
5523 5525
11493 11494
1481 1483
4755 4758
19177 19178
2170 2171
5386 5387
9257 9258
16424 16425
207 209
558 559
1160 1163
2529 2531
2686 2688
5791 5793
7144 7145
7361 7362
13830 13831
582 584
45 49
2471 2472
6463 6465
490 493
643 647
1474 1475
4363 4366
3750 3752
17009 17011
134 138
266 267
494 496
710 711
763 767
1512 1515
2506 2507
2842 2843
4066 4067
6755 6756
7415 7416
8775 8776
9402 9403
9626 9627
11086 11087
453 458
5296 5297
2468 2470
14153 14154
319 322
444 450
3804 3806
7126 7127
79 84
409 411
596 597
10278 10279
1004 1005
8597 8599
9991 9992
16420 16421
1136 1137
1304 1305
1458 1459
2879 2880
5956 5957
6839 6841
7377 7378
13155 13156
17320 17321
19515 19516
19517 19518
76 85
1947 1948
106 109
1316 1318
7706 7707
9252 9253
46 51
460 462
2037 2040
17125 17126
805 809
10405 10407
29 36
427 428
448 451
553 554
1014 1015
1160 1164
1426 1427
1715 1717
3070 3071
7474 7476
11957 11959
15343 15344
15484 15485
18268 18269
14389 14391
903 907
3198 3199
14814 14815
19396 19397
264 268
1568 1570
1652 1654
2345 2346
5115 5117
6791 6792
297 300
1597 1599
2155 2158
3890 3892
4336 4337
11546 11548
314 317
1448 1449
14928 14929
610 611
16298 16299
9882 9883
1859 1861
17905 17906
18409 18410
3206 3207
14665 14667
519 522
1742 1743
7583 7586
8821 8822
17006 17007
297 302
786 789
1236 1237
19377 19378
182 187
309 313
613 614
1115 1117
4705 4707
6651 6654
19348 19349
12690 12691
186 189
259 265
288 291
740 744
18667 18668
300 302
5939 5940
7433 7434
14533 14534
16259 16260
730 735
7217 7221
9810 9812
14133 14135
7971 7972
8134 8135
6011 6012
2625 2627
3918 3919
3933 3935
1233 1234
2092 2095
2213 2215
5670 5671
12663 12664
97 104
10893 10894
238 243
538 539
7685 7686
6 10
2294 2295
4833 4834
16153 16154
3622 3624
16869 16871
3780 3781
9512 9513
1259 1261
6991 6992
15730 15731
3820 3823
3958 3959
4429 4430
12 14
22 23
29 34
41 48
44 49
60 62
78 84
91 95
106 107
129 131
258 261
329 332
331 335
342 346
344 349
359 360
367 369
495 496
514 516
627 628
699 702
710 714
742 743
776 782
858 861
1000 1001
1072 1073
1163 1164
1309 1310
1334 1335
1338 1339
1356 1357
1718 1719
1724 1726
1819 1820
1866 1868
2051 2052
2136 2137
2185 2188
2279 2281
2367 2368
2415 2416
2426 2427
2606 2607
2798 2800
3019 3021
3072 3075
3077 3079
3133 3134
3347 3349
3419 3420
3426 3427
3690 3692
3838 3839
4197 4198
4242 4243
4245 4246
4414 4415
4505 4506
5618 5619
5734 5736
6121 6123
6503 6505
6659 6660
6847 6848
7003 7004
7142 7143
7153 7154
7373 7374
7798 7799
7835 7836
8897 8898
9366 9367
9682 9683
10244 10245
10320 10322
11204 11205
11477 11478
11502 11503
12637 12638
13672 13675
14110 14111
14138 14139
14809 14810
15192 15193
16532 16535
16768 16769
17402 17403
17642 17643
18937 18938
19124 19125
182 189
8699 8700
11960 11961
11910 11911
19520 19521
12782 12784
2938 2939
5928 5930
9349 9350
286 289
4394 4396
362 363
777 782
3197 3199
16345 16346
1545 1547
5868 5869
6007 6009
13214 13215
18945 18946
2911 2915
3920 3921
120 122
1504 1506
1051 1053
1670 1671
2968 2970
8357 8358
1376 1380
4174 4176
4558 4560
1674 1676
3438 3440
13080 13082
19564 19565
4943 4945
5676 5677
79 85
320 323
10491 10492
16 19
368 370
426 428
4414 4416
4841 4845
489 493
4948 4950
897 898
2030 2031
4877 4880
7324 7325
8726 8727
13283 13284
18764 18766
2382 2383
7266 7267
1325 1329
2358 2360
9610 9612
108 111
164 168
914 915
3356 3357
3483 3484
4287 4289
5054 5056
6269 6270
12357 12359
16312 16313
16972 16973
17278 17279
17763 17764
18852 18853
46 53
182 186
520 524
3140 3141
13350 13351
855 859
18380 18382
76 80
439 440
653 654
1643 1645
1843 1845
3525 3527
5732 5733
10862 10863
13909 13910
1487 1488
3375 3376
5754 5757
6082 6084
13310 13312
699 704
2989 2991
10008 10009
17 18
371 376
383 387
441 442
947 951
1708 1710
2751 2752
3854 3855
4486 4487
4518 4519
4723 4724
4795 4796
4821 4822
13068 13069
16714 16715
1630 1631
1669 1671
16790 16792
12264 12265
278 281
5326 5327
7109 7110
17065 17066
2551 2554
7418 7419
1641 1645
16183 16184
257 261
652 654
675 677
795 800
1307 1310
1814 1817
2889 2890
2997 3001
2998 3000
3869 3870
4338 4339
4842 4844
8968 8970
11128 11129
18390 18391
41 49
594 595
683 687
793 796
1734 1736
3085 3087
4710 4711
78 85
309 315
11757 11759
12541 12542
152 157
719 721
2777 2779
4415 4416
4634 4635
7185 7187
16594 16595
407 410
652 653
1022 1023
2297 2299
1146 1149
8448 8449
4247 4248
16187 16188
570 571
952 953
2050 2052
2574 2575
3345 3349
5067 5068
5732 5736
7825 7826
10628 10629
12998 12999
13880 13881
61 66
3267 3268
5206 5207
8548 8550
14082 14083
11512 11513
139 146
3269 3270
4359 4360
4814 4815
9198 9199
9640 9641
1642 1645
3607 3609
5798 5799
5904 5905
15194 15195
16097 16098
17913 17915
1277 1278
1641 1643
2560 2561
5906 5907
8719 8721
9716 9717
19151 19152
7495 7497
382 387
5733 5736
10959 10960
12561 12562
15449 15450
7562 7563
9394 9395
17331 17332
406 408
2093 2095
15888 15889
8222 8223
9654 9656
18474 18476
106 110
1778 1779
1127 1131
1160 1166
8596 8599
9193 9195
19540 19541
8693 8696
239 241
347 353
538 542
627 630
635 639
1307 1309
1546 1551
1910 1913
2201 2203
3387 3388
3617 3619
3664 3665
9746 9747
13794 13795
14217 14218
15904 15905
18697 18698
1311 1314
628 630
4235 4236
8992 8993
9521 9522
13422 13424
58 63
2725 2727
29 35
81 86
1493 1494
8632 8633
10922 10923
15964 15965
43 48
2319 2321
2425 2427
5300 5302
762 767
3413 3416
446 451
511 513
711 714
1116 1119
1257 1258
1398 1402
4440 4443
5781 5783
13301 13302
17709 17710
444 451
119 122
1505 1508
3441 3442
4233 4234
13184 13187
3570 3572
6952 6953
106 111
5088 5089
702 704
1766 1767
1899 1900
2187 2189
4374 4375
5579 5580
7140 7141
7321 7323
8387 8388
18134 18135
4030 4031
4102 4104
17 25
7306 7307
15983 15984
361 363
2050 2051
3387 3389
4432 4433
6370 6371
6658 6660
11633 11634
19401 19402
1993 1994
3119 3121
46 52
710 713
1882 1883
2389 2390
2643 2645
6235 6236
18345 18346
367 375
2958 2959
167 169
439 442
444 446
580 581
841 842
950 953
966 967
1617 1620
2210 2211
3506 3507
3701 3702
4963 4964
5124 5127
7902 7903
8201 8202
10747 10749
12513 12514
14511 14512
14615 14616
15523 15524
19408 19409
509 516
1059 1062
2633 2635
804 806
1523 1524
2039 2042
2425 2426
9818 9819
13761 13763
254 256
295 296
5651 5654
8115 8116
18072 18073
18146 18147
327 332
3377 3378
8745 8746
89 95
954 956
1125 1126
1377 1380
3638 3639
6163 6164
19461 19462
158 166
1395 1399
10958 10960
6574 6576
9150 9151
12673 12674
1578 1580
17564 17565
4851 4853
9817 9819
18 25
382 383
691 692
697 698
957 958
2718 2719
2850 2851
3727 3728
4751 4752
8068 8069
8791 8793
10204 10205
11269 11270
12055 12056
12415 12416
15583 15584
16521 16522
3904 3905
17555 17556
1289 1291
3077 3080
4215 4217
7218 7221
16440 16442
670 674
4866 4868
7833 7834
18273 18274
325 332
1576 1580
106 108
14395 14396
5707 5708
11967 11968
2606 2609
8602 8603
11 13
67 70
78 79
402 403
567 569
659 660
1685 1686
2089 2090
3887 3892
4242 4244
5482 5484
5732 5734
5780 5782
5862 5863
7293 7295
7510 7511
8192 8193
8300 8301
8335 8336
9343 9345
12067 12068
15695 15696
16832 16834
17497 17498
29 38
1181 1188
1296 1300
1430 1433
2550 2553
10635 10636
143 149
12895 12897
509 514
11 15
534 537
1856 1858
5082 5083
5295 5297
5382 5384
11065 11066
13058 13060
686 692
634 636
808 810
2288 2290
4411 4412
7635 7636
8276 8277
9946 9947
10206 10207
12697 12698
17008 17011
19091 19092
6997 6998
9284 9286
2335 2337
7067 7068
667 668
3937 3938
6347 6348
5448 5449
13 15
44 45
126 135
142 149
187 189
686 691
1071 1073
1562 1563
1642 1643
1827 1829
2872 2874
4492 4494
7669 7670
8479 8480
9220 9221
9483 9484
9674 9676
15080 15081
17436 17437
17354 17355
69 73
299 302
13805 13807
1422 1424
14475 14477
8750 8751
3345 3347
8080 8081
13628 13629
16745 16746
16913 16914
18594 18595
238 246
1000 1003
2593 2596
2607 2609
17135 17136
17914 17915
11740 11742
3311 3312
4801 4803
301 303
439 441
552 556
2340 2341
4206 4208
5792 5794
10595 10596
15895 15896
18772 18773
1692 1693
8147 8148
9481 9484
165 170
240 247
1372 1374
10377 10378
10850 10851
18517 18518
1001 1003
6482 6483
4132 4134
4942 4945
5444 5446
8516 8517
10167 10168
1007 1009
1527 1528
3057 3058
6785 6786
9141 9142
14791 14792
8 10
318 322
520 525
12703 12705
18520 18521
1016 1019
43 49
26 30
6408 6410
7186 7188
181 189
19546 19547
126 137
110 111
124 125
141 145
150 155
171 173
181 187
325 327
343 353
369 375
367 373
399 400
440 442
467 468
527 528
697 700
889 890
919 920
950 952
966 968
1163 1166
1211 1214
1210 1218
1257 1260
1328 1332
1407 1409
1555 1557
1576 1578
1624 1625
1718 1720
2622 2623
2914 2918
3109 3110
3255 3256
3302 3304
3426 3428
3465 3466
3501 3503
3538 3539
3542 3544
4686 4687
5189 5190
5204 5207
5935 5936
6188 6189
6858 6859
6927 6928
6935 6936
7607 7608
8972 8973
9481 9483
9505 9506
9817 9818
10014 10015
10609 10610
13589 13590
13672 13674
15520 15521
16324 16325
17503 17504
17904 17906
18746 18747
617 622
140 149
185 192
482 488
2772 2773
4316 4317
6608 6609
12567 12568
13871 13872
14071 14073
1232 1234
1838 1840
7864 7865
7820 7821
9342 9344
460 463
1057 1058
6680 6682
18357 18358
103 105
1127 1128
10024 10025
1855 1858
15523 15525
35 38
2720 2723
10439 10440
32 36
41 45
3820 3822
1946 1948
2183 2189
11277 11279
12116 12117
7216 7221
1802 1804
1937 1939
2002 2004
2075 2076
2289 2290
2860 2862
3996 3997
10028 10029
15524 15525
536 539
1354 1357
11524 11525
1274 1276
4166 4167
29 39
2588 2590
7074 7076
28 33
182 188
354 357
573 575
683 685
1626 1629
2521 2522
2681 2682
4722 4725
5209 5210
5795 5796
9768 9770
12437 12438
1168 1172
3093 3094
10664 10666
5055 5057
18443 18444
67 73
409 414
3853 3855
19130 19131
89 91
382 386
405 408
407 413
592 593
637 639
737 744
984 985
2170 2172
6658 6659
6853 6854
7412 7413
9541 9542
17683 17684
17739 17740
17616 17617
18567 18568
443 450
1354 1356
10657 10658
8698 8700
13808 13810
382 388
3184 3185
4428 4430
5918 5919
9022 9023
12086 12087
255 260
1313 1317
5674 5675
1038 1040
324 326
325 329
379 380
681 682
937 939
945 946
1442 1444
1730 1732
2508 2509
3756 3757
4222 4224
8876 8878
10880 10881
12817 12818
16439 16442
999 1003
6120 6122
94 104
124 130
801 802
7914 7915
2628 2629
12783 12785
1281 1284
1415 1417
2866 2868
3585 3587
6638 6639
18808 18809
1118 1122
9859 9860
1173 1174
3348 3352
4092 4093
5323 5324
7838 7839
11499 11500
15636 15637
16218 16219
17814 17816
3896 3898
815 816
2425 2428
1094 1095
13900 13902
41 44
56 59
89 93
184 192
409 415
729 732
1325 1326
5534 5536
5849 5850
6724 6725
7293 7294
13890 13891
14401 14402
15052 15053
16499 16500
3852 3855
599 601
1911 1913
2183 2187
382 390
1622 1625
2222 2225
7520 7522
102 105
125 130
305 308
494 498
1884 1889
2247 2248
2386 2390
7776 7777
7837 7839
8180 8181
12401 12402
5524 5526
5618 5620
17113 17114
536 542
1938 1941
3819 3821
327 329
7534 7536
11820 11821
13409 13410
17829 17830
3623 3627
784 785
949 953
1492 1494
3867 3870
7490 7491
7837 7838
8102 8103
13753 13754
100 105
3910 3911
13691 13692
262 267
3559 3562
9046 9047
12394 12395
452 458
991 993
8563 8564
3 4
88 95
343 347
386 388
698 700
912 913
1083 1084
1108 1109
1193 1198
1241 1243
1258 1260
2054 2056
2160 2161
2259 2260
2271 2273
2529 2530
2881 2882
3060 3062
3474 3475
3610 3611
4297 4298
4909 4910
5301 5302
6377 6378
7801 7802
8049 8050
8106 8108
9077 9079
9338 9339
9658 9659
9698 9700
10342 10343
10502 10503
10621 10622
12413 12414
13544 13545
14127 14128
14425 14426
14764 14766
14837 14838
16288 16289
17959 17960
12967 12968
8681 8682
443 451
3686 3687
8516 8519
1462 1466
15001 15002
15734 15735
12071 12072
159 163
383 388
967 968
2892 2895
4510 4511
8739 8740
8769 8771
10124 10125
17329 17332
70 73
383 386
2131 2132
2236 2238
7063 7064
10941 10943
3350 3352
4751 4754
6765 6766
16716 16719
18037 18039
538 540
6971 6972
15809 15810
383 390
1219 1220
6341 6343
13422 13423
17781 17782
18875 18876
461 465
16468 16469
3638 3641
17694 17695
386 390
14291 14292
7652 7653
8389 8390
836 838
1523 1525
3820 3825
8372 8373
17244 17245
5487 5488
269 272
343 351
388 390
2354 2356
3860 3861
5733 5734
6602 6603
8595 8599
14058 14059
17468 17469
3923 3925
185 193
475 476
12412 12414
12825 12826
13480 13481
19233 19235
34 38
2464 2465
4392 4396
153 163
16174 16176
607 608
1164 1166
2091 2094
4607 4608
5048 5049
5078 5079
8607 8609
10379 10380
11239 11240
14330 14331
19296 19298
384 391
517 518
6579 6581
12703 12704
2243 2245
5113 5114
35 39
237 241
1031 1033
1668 1671
1773 1776
878 881
1998 1999
7053 7054
9252 9255
13832 13833
9361 9362
16650 16651
4101 4104
6740 6741
14470 14472
1 2
100 102
153 159
491 493
763 764
1051 1052
1180 1183
2329 2330
2714 2717
3698 3699
4238 4239
4347 4348
4387 4388
4489 4490
4719 4720
5531 5532
6015 6016
6196 6200
6664 6665
8968 8969
10958 10959
16640 16641
17881 17882
18465 18466
3779 3781
5849 5851
4476 4477
4841 4844
651 654
5498 5500
5706 5708
9604 9605
16680 16681
17205 17206
5560 5563
10679 10680
12228 12229
17738 17740
90 98
7098 7100
368 375
28 36
175 176
754 756
1018 1020
4817 4819
5902 5903
8605 8606
17503 17505
18152 18153
18629 18630
182 190
367 376
950 956
328 333
503 505
7620 7621
4362 4366
5921 5922
12525 12526
19054 19055
2343 2346
283 285
414 415
500 501
2018 2020
3456 3457
4949 4950
5051 5053
12220 12221
1257 1261
16350 16351
17330 17332
358 363
8709 8711
148 155
2300 2301
12474 12475
4186 4187
395 397
7216 7218
7226 7228
10153 10154
4391 4396
5204 5206
11909 11911
409 416
42 48
14846 14847
15808 15810
8554 8555
1737 1741
3118 3120
5133 5135
14863 14864
1288 1291
89 92
107 111
255 263
313 315
347 351
399 403
450 451
1113 1114
1788 1789
2524 2527
2685 2688
2900 2901
4488 4490
4515 4516
10708 10709
11476 11479
13641 13642
15434 15435
17991 17992
1729 1732
15455 15456
952 956
6071 6073
3241 3243
5684 5686
7057 7058
74 84
196 198
949 956
1408 1410
5354 5355
184 193
212 213
586 588
1152 1156
3970 3971
4065 4067
6001 6003
9926 9927
4290 4292
5611 5614
4458 4460
2624 2627
9704 9707
13344 13345
14411 14412
5477 5478
10421 10422
634 639
5161 5162
3734 3737
11155 11156
11958 11961
14363 14365
172 173
262 266
309 317
342 349
617 621
643 644
699 705
792 796
905 907
949 952
1007 1008
1699 1700
2157 2159
3221 3222
3873 3874
5031 5032
5701 5702
6713 6714
6840 6841
7494 7497
8338 8340
8590 8591
11796 11797
12721 12722
13999 14000
16737 16739
17425 17426
2668 2671
9032 9034
4968 4970
717 721
1768 1770
3974 3975
132 138
824 826
869 871
2941 2945
3690 3695
4770 4775
4877 4878
9487 9489
12616 12617
18278 18279
13768 13769
5402 5403
6651 6653
8355 8356
259 267
3838 3840
8142 8144
252 256
11907 11908
15733 15735
17440 17441
666 668
3993 3995
629 632
7829 7831
67 69
129 135
921 923
1035 1037
1071 1072
1311 1312
1500 1501
1866 1867
2424 2427
2540 2542
3884 3885
5766 5767
6754 6756
12412 12413
13447 13448
8763 8766
1623 1625
12021 12022
6557 6558
8936 8939
3191 3192
18796 18797
369 373
3173 3175
11536 11537
3904 3906
12304 12305
12920 12921
34 39
312 315
545 546
633 636
2661 2662
3822 3825
3839 3840
4578 4581
5363 5364
8517 8519
4550 4552
74 85
850 853
7512 7513
14217 14219
2038 2042
2724 2726
14881 14882
11297 11298
1258 1261
2818 2819
5784 5785
7634 7636
12828 12829
147 155
880 883
5426 5427
8007 8008
10751 10752
13280 13281
16499 16501
181 186
221 223
1527 1529
2214 2215
6790 6792
10627 10629
12550 12552
15240 15242
19563 19565
2108 2110
9938 9939
10848 10849
16248 16250
2422 2427
11 20
129 137
801 803
837 838
1364 1366
2710 2711
9571 9572
10437 10438
10579 10581
12729 12730
16730 16731
17874 17875
4060 4062
697 704
4457 4460
400 403
603 606
2677 2678
7830 7831
10978 10979
12428 12430
19225 19228
2724 2727
3697 3699
58 64
1325 1330
2378 2379
7613 7616
2498 2499
12293 12294
3603 3606
7157 7159
3099 3100
6006 6009
6324 6325
11211 11212
14754 14755
13687 13688
15110 15111
1680 1682
4736 4738
6650 6654
10124 10126
32 38
231 233
953 956
1192 1194
1559 1561
9655 9657
9723 9724
11986 11987
19363 19364
1295 1300
1550 1553
15060 15062
3697 3698
1609 1611
2431 2433
2441 2443
4908 4911
5430 5432
6566 6567
10663 10666
16309 16310
991 994
9786 9788
19100 19101
1545 1551
3230 3233
16401 16402
1327 1332
3931 3932
14145 14146
16977 16979
359 363
240 244
728 732
3485 3488
3556 3558
3639 3641
5405 5406
9137 9138
9482 9484
5362 5364
763 766
2079 2080
2386 2389
3889 3892
8819 8820
12441 12443
3089 3091
5857 5858
154 157
18021 18023
19234 19235
1021 1024
1429 1433
3773 3774
4013 4015
4859 4860
7873 7875
88 91
9337 9339
13006 13007
2317 2318
2726 2727
7764 7765
88 93
459 462
927 931
7140 7145
18454 18455
16447 16448
2834 2837
3361 3362
6648 6652
14541 14542
509 515
42 49
1260 1261
2200 2203
17416 17417
1212 1218
1630 1632
1777 1779
4189 4191
2799 2801
4419 4421
4698 4701
10104 10105
14218 14219
381 387
9205 9206
3433 3434
4742 4743
14749 14751
1394 1396
4741 4743
11171 11172
28 38
12483 12486
1843 1846
2985 2988
633 639
2039 2043
1992 1994
2070 2074
8827 8829
13176 13179
13462 13463
8618 8619
11874 11876
27 30
32 39
51 53
91 93
99 101
134 144
141 149
142 143
152 156
160 162
216 218
237 239
257 258
273 279
298 302
312 313
314 316
341 346
344 353
399 402
409 417
431 432
484 488
495 498
539 542
536 540
567 568
578 581
626 630
680 682
764 766
778 779
874 875
877 881
888 890
906 908
949 950
1034 1037
1044 1046
1082 1084
1098 1101
1189 1190
1231 1234
1242 1244
1250 1251
1292 1293
1316 1320
1422 1423
1608 1610
1622 1624
1650 1651
1669 1670
1757 1759
1762 1763
1920 1923
1955 1956
2007 2009
2022 2023
2029 2031
2096 2097
2170 2176
2192 2193
2243 2246
2278 2281
2410 2411
2422 2424
2426 2428
2452 2455
2593 2594
2622 2627
2842 2844
2966 2967
2978 2979
2986 2987
2997 2999
3260 3261
3305 3306
3373 3374
3388 3389
3427 3428
3643 3644
3723 3724
3852 3853
4138 4139
4277 4280
4400 4402
4612 4613
4625 4626
4662 4666
4741 4742
4885 4886
4967 4969
5339 5340
5603 5604
5680 5681
5693 5694
5873 5874
6005 6009
6133 6134
6688 6689
7185 7188
7219 7220
7225 7228
7606 7608
7791 7793
7841 7842
8183 8185
8207 8209
8326 8327
9019 9021
9065 9066
9290 9291
9337 9338
10307 10308
10334 10335
10514 10515
10534 10535
10876 10877
11146 11147
11232 11233
11768 11769
11832 11833
11922 11923
12083 12084
12315 12316
12331 12332
12732 12733
12833 12834
12983 12984
13107 13108
13200 13201
13802 13803
14260 14263
14322 14323
14645 14646
14800 14801
14936 14937
15172 15174
15331 15332
15992 15993
16041 16042
16203 16204
16481 16482
16543 16544
16669 16670
16721 16722
17054 17055
17346 17347
17639 17640
17857 17858
18778 18779
18884 18885
18992 18994
19056 19057
19215 19216
1115 1119
2422 2428
3733 3737
4858 4860
1116 1121
6224 6225
11573 11574
12680 12681
28 39
3456 3458
6438 6439
8604 8606
9879 9880
325 333
9343 9346
238 247
9613 9614
153 161
2424 2428
7642 7643
2185 2191
2422 2426
1679 1682
10490 10492
791 796
1192 1195
1202 1204
11813 11814
181 188
259 266
6626 6627
6809 6811
1688 1689
3258 3261
3785 3787
5078 5081
368 373
1646 1648
8061 8062
385 391
381 390
636 639
2424 2426
3005 3006
4081 4083
6289 6293
7663 7664
760 767
1266 1271
216 220
3258 3260
10000 10001
13493 13494
14902 14903
17062 17063
17736 17740
411 415
872 875
2271 2274
2436 2438
6437 6439
8530 8531
1650 1654
1937 1941
2235 2238
10090 10091
414 416
4821 4823
872 874
899 900
1397 1402
5774 5775
18071 18073
4611 4613
879 883
2129 2132
2623 2627
4315 4317
5617 5619
10329 10330
12759 12760
15733 15734
1353 1357
2791 2793
3439 3442
651 653
1202 1206
1500 1502
54 57
1512 1517
1947 1950
6076 6078
6785 6787
12027 12028
5453 5454
8465 8466
14307 14308
18969 18970
690 692
1173 1175
4457 4458
6575 6576
8539 8540
8597 8598
15719 15720
16048 16049
523 526
1303 1305
2928 2929
4133 4134
5276 5278
7763 7765
8943 8944
12427 12430
231 234
360 363
8547 8550
12083 12085
4493 4494
5439 5440
10619 10620
12084 12085
998 1003
1896 1901
14329 14331
2714 2716
2896 2898
2953 2954
15093 15094
17562 17563
16756 16757
339 346
410 413
698 704
1651 1654
9325 9326
221 229
535 542
3983 3985
6833 6836
71 77
5283 5285
96 104
4482 4485
5676 5678
7473 7476
1353 1356
3457 3458
3762 3763
5142 5144
7979 7980
9654 9657
28 32
97 101
453 454
2910 2912
4147 4148
4876 4880
5797 5799
6757 6758
12989 12990
14422 14423
5758 5759
9893 9895
11135 11136
11228 11230
684 687
1833 1834
3654 3655
4747 4748
459 463
1818 1821
16713 16715
88 92
278 280
330 335
406 412
3277 3278
7044 7045
8226 8227
9760 9761
9968 9969
10210 10211
14348 14349
17943 17944
2112 2114
17971 17972
535 539
106 112
1209 1214
1313 1318
4064 4067
5426 5428
4475 4477
8790 8793
1762 1765
4564 4565
6959 6960
9557 9558
19527 19529
770 772
1369 1371
11013 11015
11088 11089
24 30
11730 11732
9283 9286
65 68
97 99
218 220
418 419
464 466
1582 1584
1680 1684
2315 2318
2847 2849
2990 2991
6847 6849
10725 10727
11514 11515
13930 13931
16453 16454
18283 18284
4746 4748
9635 9636
3377 3379
2152 2154
3744 3746
7658 7659
2342 2344
327 333
773 775
844 846
1151 1156
7958 7960
9070 9071
11919 11920
19286 19287
7684 7686
78 80
237 242
248 250
275 277
369 376
411 416
982 986
1487 1489
1892 1894
2025 2028
2277 2281
3616 3618
3922 3924
4405 4408
5044 5046
5816 5818
8009 8010
8936 8938
9242 9243
12186 12187
14118 14120
14670 14671
17691 17693
3410 3414
1182 1188
1554 1557
3083 3084
3118 3121
3158 3159
3242 3243
4746 4747
223 229
8256 8257
16334 16335
237 243
262 268
579 584
737 740
1865 1868
2687 2689
3151 3152
10317 10318
15876 15877
4586 4587
1447 1449
5452 5454
5523 5526
5496 5497
7634 7635
10018 10019
15387 15388
17588 17589
8768 8771
13391 13393
181 190
822 825
9360 9362
54 59
131 135
197 201
401 404
521 524
578 580
981 986
1022 1025
1328 1331
1524 1525
3005 3009
3079 3080
4110 4111
11334 11335
12172 12173
12207 12208
18621 18622
2783 2785
11957 11961
965 968
5784 5786
17364 17365
19351 19352
765 769
7844 7845
13339 13340
2038 2043
7780 7782
13 20
737 741
1982 1983
2462 2465
7399 7400
12274 12275
615 618
759 767
5753 5757
16 21
438 442
640 642
1224 1226
2820 2821
12797 12799
12930 12931
14922 14923
15770 15771
18580 18581
18771 18773
8221 8223
55 57
478 479
696 701
1947 1949
7141 7145
18456 18458
195 198
370 375
730 731
5650 5654
8371 8373
12026 12028
13049 13051
124 135
350 355
8814 8815
14809 14811
2442 2446
3707 3710
5539 5540
1087 1090
1579 1586
2125 2128
15980 15981
964 968
1679 1684
2275 2276
7708 7711
12675 12676
16978 16980
242 243
711 713
1326 1330
2109 2113
2657 2660
3586 3588
4611 4612
5602 5605
5704 5705
8641 8642
11133 11136
17730 17731
18417 18418
18512 18513
2312 2316
695 701
13801 13803
14651 14652
124 131
445 451
7423 7424
14822 14823
124 137
1699 1702
131 137
1094 1096
1288 1289
13762 13763
153 166
368 376
2501 2503
14249 14250
15270 15272
134 146
1413 1417
1622 1627
1854 1858
15028 15029
8687 8688
9005 9006
24 27
697 702
729 735
739 743
3138 3141
3170 3171
3476 3477
5837 5838
8137 8139
9307 9308
12112 12114
4404 4408
8183 8186
142 151
1333 1336
1712 1717
12296 12297
387 390
381 388
1606 1610
143 151
9815 9816
553 556
1098 1102
2192 2194
2206 2207
11600 11601
1621 1625
17158 17159
1039 1040
3411 3416
17671 17672
2995 2996
4583 4584
9835 9837
10625 10626
13353 13354
17690 17693
140 151
550 554
7905 7907
13009 13010
100 103
119 120
444 448
740 741
812 814
981 982
1029 1030
1068 1069
2375 2376
2709 2711
2858 2859
3285 3286
3365 3366
4353 4354
4924 4925
5769 5770
6699 6700
6869 6870
8922 8923
9502 9504
12879 12880
14527 14529
15564 15565
16440 16443
16500 16501
18075 18076
7650 7653
15483 15485
7338 7339
2193 2194
12782 12785
197 202
486 493
2002 2005
3474 3477
3957 3959
4784 4785
7590 7591
10017 10019
10475 10476
18700 18701
12627 12629
15075 15077
28 34
58 66
669 672
5732 5735
16577 16578
1428 1433
1688 1691
13288 13289
132 144
180 183
634 637
1724 1725
11751 11752
3622 3627
19343 19344
592 595
697 705
1406 1409
3510 3511
4704 4707
7239 7242
8102 8104
284 287
362 365
4709 4711
55 59
12397 12398
19554 19555
700 704
1167 1171
1245 1246
1464 1465
1719 1720
1981 1983
2012 2013
2776 2779
3474 3476
4753 4758
6515 6516
8006 8008
8443 8444
13022 13023
14329 14330
15472 15473
17930 17931
19420 19422
11760 11761
13644 13645
405 412
930 935
19180 19181
2256 2257
2842 2845
5385 5387
19090 19092
1624 1627
7605 7608
681 687
927 935
12460 12462
237 246
576 581
899 901
948 951
1155 1159
5339 5341
12908 12909
16868 16871
945 951
3351 3353
12994 12995
1939 1941
2450 2451
6621 6622
14745 14747
712 716
67 72
927 930
945 948
2622 2624
6188 6190
18160 18161
663 665
811 816
1637 1638
10441 10443
13551 13552
5676 5679
6060 6061
5535 5537
1707 1710
2172 2176
10129 10130
11509 11510
11008 11009
381 386
11 23
2778 2780
4822 4823
8716 8717
7447 7448
7053 7055
10303 10305
3167 3169
5243 5244
10861 10863
33 36
76 86
107 110
125 135
140 143
362 366
411 414
555 557
702 705
817 819
887 890
1204 1206
2024 2026
2130 2132
2283 2284
2365 2368
2414 2416
2421 2423
2669 2672
4713 4714
4749 4750
4771 4772
5011 5012
5172 5173
5340 5341
5617 5620
6153 6155
6162 6164
6480 6481
7173 7174
7422 7424
8676 8677
9345 9346
9867 9868
18566 18568
19552 19553
17 30
784 789
17547 17548
3088 3091
212 214
1179 1183
680 687
726 732
3689 3694
125 137
1323 1329
2650 2654
4591 4592
558 562
589 591
1976 1978
3006 3009
6965 6966
16726 16727
259 268
239 243
1695 1696
1807 1809
2283 2285
3486 3488
5079 5081
2123 2126
18378 18379
824 827
1592 1593
5508 5509
1891 1894
415 416
474 476
3487 3490
5868 5870
6926 6928
7112 7113
18525 18526
18924 18925
5213 5215
15600 15601
1143 1144
1211 1218
1653 1655
3106 3108
12034 12035
1921 1924
8835 8836
152 163
850 856
2199 2203
427 430
538 541
1766 1770
2810 2811
5242 5244
14635 14636
11 22
1653 1656
4439 4442
7786 7787
523 529
16572 16575
123 128
561 564
763 768
949 954
1088 1089
2754 2755
2963 2964
3165 3166
6005 6006
6463 6464
11951 11952
13925 13926
14187 14188
17310 17311
5067 5070
8066 8067
182 192
8589 8592
4604 4606
8289 8290
10630 10631
4525 4526
1233 1235
2375 2377
1807 1810
1181 1186
1340 1341
2681 2684
3473 3475
4080 4082
7561 7563
7779 7782
9610 9611
15059 15062
18208 18210
9756 9758
65 73
8052 8055
9603 9605
10336 10338
9901 9903
2775 2779
186 188
368 369
739 742
971 972
1209 1218
1405 1409
1740 1743
2385 2388
2502 2504
2805 2806
3068 3071
3418 3420
4367 4368
5155 5156
5875 5876
6905 6906
9069 9071
11925 11926
13043 13044
13495 13496
15660 15661
17293 17295
682 687
8895 8898
18409 18411
1893 1895
8980 8981
11675 11676
2469 2472
4557 4560
8109 8110
1809 1810
2173 2175
2270 2273
3772 3774
6171 6172
6443 6444
9358 9359
16886 16888
790 794
1970 1972
3133 3135
6407 6410
8048 8050
225 228
433 435
1981 1982
3629 3630
3835 3836
3999 4000
4722 4724
6707 6709
11133 11135
19179 19181
6245 6246
361 365
17959 17961
132 146
230 232
946 951
1574 1577
8025 8026
9877 9878
13592 13593
728 735
2399 2401
3429 3430
5052 5056
5673 5675
344 351
2419 2420
5815 5818
7217 7220
3247 3249
3 7
16 25
160 168
534 542
1912 1913
1991 1994
4871 4872
5938 5940
12099 12101
12827 12829
16751 16752
269 274
2293 2295
4913 4916
5791 5794
2261 2263
2313 2316
3602 3606
4265 4267
9571 9573
15955 15956
771 775
7125 7127
361 366
8854 8855
18165 18166
1574 1580
8583 8584
6791 6793
11132 11136
12 15
38 39
74 79
145 149
140 142
210 211
239 242
286 292
325 328
345 352
400 402
440 441
496 498
681 684
695 696
799 802
840 842
992 995
1075 1076
1134 1137
1209 1211
1308 1310
1344 1345
1556 1558
1577 1580
1601 1602
1655 1656
1727 1728
2209 2211
3436 3437
3887 3890
3951 3952
4282 4285
4752 4754
4835 4836
4858 4859
5180 5182
5467 5468
5785 5786
6189 6190
6380 6381
6418 6419
6774 6775
7102 7103
7186 7189
7622 7623
8316 8317
9036 9038
9670 9671
9709 9710
10256 10257
10507 10508
10813 10814
12015 12016
13066 13067
13594 13595
15470 15471
15703 15704
15853 15855
17514 17515
12516 12518
9096 9097
14743 14744
2046 2052
3004 3009
3370 3371
15051 15053
5582 5584
6181 6183
6290 6293
1232 1235
2765 2767
10376 10378
1698 1701
2140 2143
3246 3249
5250 5251
6596 6599
9988 9990
2272 2276
8047 8050
15931 15932
4735 4738
125 131
576 580
2017 2020
7422 7423
10400 10401
16439 16443
2220 2225
19058 19059
28 35
16060 16062
2157 2161
14362 14365
1150 1156
407 416
1532 1534
3473 3477
3749 3752
6234 6236
11783 11784
1700 1702
2421 2427
5803 5804
8188 8191
8826 8829
11347 11348
15086 15087
15492 15493
764 768
919 922
3585 3588
401 408
2296 2299
17452 17453
364 375
717 719
761 767
2468 2472
2704 2706
3770 3771
4158 4159
4630 4631
4790 4791
6413 6414
8198 8199
11319 11320
11933 11935
14478 14479
526 529
13021 13023
18474 18477
33 39
963 968
1615 1616
17 27
342 353
411 417
2425 2429
8767 8771
29 37
200 204
324 332
3049 3050
4610 4613
8435 8437
12200 12201
13460 13463
4751 4757
6595 6599
8967 8970
9881 9883
821 825
3984 3985
18516 18518
18875 18877
254 260
7917 7918
12491 12493
2858 2861
33 38
254 263
510 516
1486 1488
3126 3128
4286 4289
10906 10907
10973 10974
15019 15020
341 349
264 270
407 415
835 838
5862 5865
18042 18043
3667 3668
7816 7817
12006 12007
32 34
109 111
239 246
260 263
339 349
365 366
418 423
903 904
1842 1844
1872 1874
2400 2402
2537 2538
2745 2748
4296 4298
4467 4468
4570 4571
6458 6460
7763 7764
8146 8148
12247 12248
7797 7799
9043 9045
194 198
1393 1396
7477 7478
582 585
680 684
6244 6246
12796 12799
15347 15349
251 256
312 317
534 539
715 718
762 766
1454 1456
1891 1892
2860 2863
9397 9399
10143 10144
2805 2807
2340 2344
139 149
497 499
1581 1584
2844 2845
5854 5856
9448 9449
10436 10438
18004 18005
19005 19006
8875 8878
11931 11935
2859 2861
7646 7647
68 73
186 190
536 541
599 602
1191 1194
2139 2141
2910 2915
2911 2913
4195 4198
15259 15261
9446 9449
1936 1941
6595 6596
19563 19564
2911 2918
9685 9686
1225 1227
1364 1368
2355 2359
3004 3006
3798 3800
4110 4112
19160 19161
2913 2918
10074 10075
13350 13352
15807 15810
17233 17235
698 705
2394 2397
1623 1627
3473 3476
2421 2428
1 5
242 246
339 341
462 463
981 987
999 1001
1047 1048
1101 1102
1247 1249
1812 1813
1984 1985
2188 2191
3241 3244
4232 4234
5177 5179
7008 7009
7535 7537
8742 8743
9446 9448
15319 15320
3345 3352
631 639
787 794
1116 1122
5068 5070
2124 2128
14975 14976
1735 1738
2806 2807
17353 17355
4445 4447
487 493
577 584
2183 2191
4120 4122
2347 2348
4967 4970
9634 9636
4 7
15976 15978
7607 7610
2966 2970
3615 3618
36 39
492 498
1405 1406
2159 2161
2434 2437
4363 4365
5373 5374
14780 14781
17663 17664
182 193
12227 12229
257 265
2183 2188
4729 4730
6147 6148
8537 8538
16626 16627
17191 17192
1191 1195
5361 5364
1093 1095
15522 15525
414 417
480 485
3055 3059
6663 6665
8434 8436
8832 8834
10663 10664
17832 17833
18440 18441
19373 19374
379 390
457 463
17310 17312
1903 1905
2423 2427
1000 1005
3412 3416
11984 11985
15369 15370
41 53
162 168
5678 5679
10250 10252
457 462
1344 1348
426 430
1442 1445
11915 11916
16779 16781
3954 3956
1467 1469
12 20
139 145
216 219
258 265
535 540
808 813
974 975
1021 1023
1051 1054
1133 1137
1367 1370
1679 1680
1689 1691
2930 2932
3048 3050
3620 3621
6619 6620
6848 6849
9628 9630
9643 9644
12279 12280
16833 16834
18989 18990
15700 15701
18 30
720 723
798 802
2431 2435
14052 14053
15022 15023
3156 3157
914 918
13459 13461
9236 9237
1345 1348
2385 2390
150 157
521 525
2270 2274
5214 5215
7217 7219
7894 7895
11670 11671
15746 15747
16845 16846
17061 17063
12811 12812
118 122
965 967
5187 5188
7182 7183
10797 10799
8874 8878
19484 19485
676 678
683 688
1405 1407
2021 2023
7510 7513
57 59
313 317
427 432
633 637
931 935
964 967
999 1005
1029 1032
1763 1765
1828 1829
2184 2186
2376 2377
2976 2977
3837 3840
4420 4421
5205 5210
6754 6755
8692 8696
9198 9200
10314 10315
13116 13118
13477 13478
14657 14658
18756 18757
19209 19210
5393 5394
1217 1221
12345 12346
2860 2864
15748 15749
1001 1005
329 333
3475 3477
5518 5520
7853 7854
15795 15796
18632 18633
5806 5807
348 355
404 408
1614 1616
2647 2648
1699 1703
4594 4596
36 38
252 263
444 449
492 496
607 609
793 800
1022 1026
1086 1089
1232 1233
1522 1525
2042 2043
2798 2801
3246 3247
3901 3903
5063 5064
12406 12407
1853 1858
3115 3117
982 987
11891 11892
11550 11551
74 80
213 214
396 403
1273 1276
13264 13265
13572 13573
1142 1144
3267 3270
3734 3736
9576 9578
14469 14471
54 56
649 654
834 838
950 954
1267 1271
2623 2624
2762 2764
5164 5165
5703 5705
13883 13884
5635 5636
6496 6497
1640 1645
5714 5715
9552 9554
16129 16130
899 907
1167 1172
7185 7189
16614 16615
19556 19557
427 431
1831 1834
2683 2688
520 529
543 544
607 612
3073 3075
3979 3985
11931 11933
12342 12343
17083 17084
401 412
2943 2946
882 884
3910 3913
5163 5165
14367 14369
1607 1610
15239 15242
41 51
424 428
1406 1407
2613 2614
3421 3422
4302 4303
4728 4730
6831 6834
9043 9044
17659 17660
2422 2429
252 260
8635 8636
14790 14792
3923 3926
421 425
1210 1216
1266 1270
2423 2428
5685 5686
8185 8186
14173 14175
726 735
1589 1591
11377 11378
6624 6625
9233 9235
16917 16918
17885 17887
3601 3606
4043 4045
5087 5089
609 612
771 773
2600 2601
13188 13190
8644 8645
156 163
4349 4350
13686 13688
54 62
1132 1137
7656 7657
783 785
1327 1331
1920 1922
14832 14833
1115 1121
2632 2634
6014 6016
15348 15349
407 417
3820 3824
7490 7492
7855 7857
14704 14705
17673 17674
3732 3735
269 279
305 311
1712 1715
1857 1861
9262 9263
17291 17295
1674 1677
2212 2215
7637 7638
17028 17029
4740 4743
8977 8978
148 157
2381 2383
2863 2864
762 768
1177 1183
1882 1889
16414 16415
8594 8599
15106 15107
13398 13399
4769 4775
5212 5215
2069 2074
4307 4309
4986 4987
815 819
439 451
21 25
56 62
69 72
94 101
135 137
147 157
161 166
188 190
248 253
309 316
326 332
380 390
392 393
420 425
455 456
555 560
593 595
675 678
682 684
799 803
879 880
946 948
964 965
1097 1099
1268 1269
1313 1320
1566 1570
1694 1696
1769 1771
1788 1790
1799 1800
2269 2273
2353 2356
2421 2426
2462 2464
2513 2514
2550 2554
2569 2571
2709 2710
2757 2758
2796 2797
2972 2973
3226 3227
3559 3561
3754 3755
3804 3805
3809 3810
3863 3864
3980 3981
3989 3991
4076 4077
4190 4191
4243 4244
4361 4366
4566 4568
4663 4666
4688 4690
4881 4882
5139 5141
5163 5164
5289 5290
5369 5370
5429 5432
5487 5489
5644 5645
5737 5738
5956 5958
6258 6260
6286 6287
6556 6558
6610 6612
6751 6753
6843 6844
7085 7086
7268 7269
7366 7367
8047 8048
8862 8863
9619 9620
9699 9701
9932 9933
10187 10188
10230 10233
11447 11448
11558 11559
11707 11708
12025 12028
12628 12631
13484 13486
14603 14604
15291 15292
15314 15315
16669 16671
16851 16852
17377 17378
17727 17728
17795 17796
18401 18402
18856 18857
18865 18866
18952 18953
19001 19002
19440 19441
14313 14314
6832 6836
10678 10680
5613 5615
3231 3234
4196 4198
358 366
5577 5580
16056 16057
18909 18913
4858 4861
13566 13568
893 894
18841 18842
1880 1883
17501 17502
379 387
16456 16458
1511 1515
9664 9665
14206 14207
16898 16899
2875 2878
7577 7579
3002 3003
3134 3135
3473 3474
10319 10322
13698 13699
138 144
364 370
426 432
787 790
3820 3826
4229 4230
6421 6422
6802 6803
7263 7264
1767 1770
6424 6425
9454 9456
15686 15687
438 441
523 530
4780 4783
7025 7026
10917 10918
14788 14789
16670 16671
2498 2500
31 39
5353 5355
9018 9021
275 281
407 414
486 491
4439 4443
8596 8598
12003 12005
14760 14762
15162 15163
9226 9227
121 128
700 705
3348 3353
8813 8815
13523 13524
15642 15644
18172 18173
1287 1291
2198 2203
17357 17358
18245 18247
419 423
1086 1088
5047 5049
7923 7924
9027 9028
19248 19249
1961 1963
7215 7221
19329 19330
203 209
502 504
3445 3446
4926 4928
9282 9286
16180 16181
17603 17605
358 365
828 829
8093 8094
12079 12081
15 20
238 244
527 532
1030 1032
2000 2004
4026 4028
7811 7813
14361 14365
17960 17961
19442 19443
19533 19534
378 390
6897 6898
8617 8619
1113 1117
2508 2510
41 52
715 721
1225 1228
2109 2114
13079 13082
16201 16202
18170 18171
12560 12562
5469 5470
7741 7742
7163 7164
783 789
124 129
426 431
1682 1684
3571 3572
4728 4729
5336 5337
8999 9000
11020 11021
11251 11252
14321 14323
14869 14871
2923 2925
9074 9075
227 232
3150 3152
4229 4231
16679 16681
55 62
8331 8332
5703 5704
5815 5816
13925 13927
15418 15419
16563 16564
17280 17281
3293 3294
117 122
2156 2161
3237 3238
4059 4061
17265 17267
89 98
460 465
2763 2764
4859 4861
6531 6532
14733 14734
4739 4743
3524 3527
43 45
94 99
159 166
174 176
243 246
373 376
1413 1415
1606 1608
3237 3239
4169 4171
5495 5497
6240 6241
7582 7584
9752 9753
10277 10279
12517 12518
14317 14318
15177 15179
9687 9688
2641 2645
6686 6687
1074 1076
1458 1460
1946 1950
8769 8772
16512 16513
17128 17129
2682 2684
3238 3239
3608 3611
6613 6615
16885 16888
18859 18860
3485 3490
19376 19378
115 122
404 412
438 440
1275 1279
3385 3386
6664 6667
15063 15064
18041 18043
13571 13573
652 656
181 192
237 247
730 734
3271 3273
3696 3699
3809 3811
4418 4421
6608 6611
10269 10270
7305 7307
7576 7579
31 38
710 716
1935 1941
3786 3788
4605 4606
1125 1131
9839 9840
11965 11968
7481 7482
2024 2028
60 63
138 146
224 229
445 450
446 448
855 862
1214 1218
2014 2015
3064 3065
5402 5404
9086 9087
11049 11050
12845 12846
13068 13070
14505 14506
16449 16450
16830 16831
4474 4477
1621 1627
3070 3075
1446 1449
5779 5782
141 151
2046 2051
286 291
1673 1675
3980 3985
337 340
1799 1804
13961 13962
19421 19422
1482 1484
2073 2078
2388 2390
3981 3985
6867 6868
12239 12241
8219 8220
9304 9305
2037 2043
3780 3782
4154 4155
5648 5654
6104 6106
7459 7460
5486 5488
12636 12638
15664 15666
550 556
947 956
2059 2063
2181 2182
2269 2274
2599 2601
3347 3352
8233 8234
9335 9336
10950 10951
13392 13394
14345 14346
16385 16387
8621 8622
13926 13927
7998 8000
17641 17643
2753 2755
8931 8932
12675 12677
14596 14597
798 803
2944 2946
3584 3587
6830 6834
9262 9264
177 179
342 351
1052 1054
1976 1977
3824 3826
4800 4803
5855 5858
6648 6654
625 630
10420 10422
7238 7240
3462 3464
5897 5899
6601 6603
9361 9364
17320 17323
2341 2344
11817 11818
152 166
2030 2034
3863 3865
5451 5454
6447 6448
14443 14444
1002 1006
5690 5691
6268 6270
16092 16093
19080 19082
1180 1188
2029 2034
2424 2429
3733 3736
14417 14418
17741 17742
638 642
944 951
17191 17193
55 56
119 128
165 169
434 436
694 701
752 753
785 789
805 807
868 871
928 929
1194 1195
1403 1404
1522 1524
1528 1529
1594 1595
2029 2030
2112 2115
3810 3811
4718 4721
5452 5453
5530 5532
5619 5620
5968 5969
7443 7444
7650 7652
8859 8860
9254 9256
11177 11178
11455 11456
11476 11478
11939 11940
13206 13207
13565 13568
15219 15220
16195 16196
16559 16560
16694 16695
17009 17010
17851 17852
17999 18000
18327 18328
6288 6293
12963 12965
19039 19040
3057 3062
10931 10934
19108 19109
88 98
282 287
382 391
2234 2238
7715 7716
12356 12359
3549 3550
10942 10944
19285 19287
18936 18938
18973 18975
13 23
364 376
3745 3746
10021 10022
717 723
9412 9413
5810 5811
1286 1291
7607 7609
16041 16043
194 195
331 336
766 768
1146 1153
1315 1317
2871 2874
3046 3047
4296 4297
6161 6164
6588 6589
8702 8703
9455 9457
12549 12552
17878 17879
613 618
2254 2257
14044 14045
15732 15735
627 632
4857 4860
297 303
878 883
1041 1043
2171 2176
2251 2253
2640 2642
3070 3073
4039 4041
4343 4344
5287 5288
8488 8490
9728 9729
10731 10732
11423 11424
18556 18557
4692 4693
1562 1564
7993 7995
10347 10348
4577 4581
3242 3244
3912 3916
4194 4198
7506 7508
9951 9953
19107 19109
19442 19444
1761 1765
14051 14053
17467 17469
2282 2284
364 373
9334 9336
11633 11635
12499 12500
90 104
1029 1033
16394 16395
61 73
801 806
2328 2330
3350 3353
17044 17045
74 78
359 366
1441 1443
1541 1542
1683 1686
1800 1804
1806 1808
3499 3500
3529 3531
3690 3693
4230 4231
5006 5008
6102 6103
7606 7610
7938 7939
9533 9534
9654 9655
10759 10760
14065 14066
14429 14430
14715 14716
14726 14728
16487 16488
17970 17972
17978 17979
337 346
16330 16332
2282 2285
4481 4485
14339 14341
339 353
6495 6497
71 75
152 159
1789 1790
7669 7671
11950 11952
31 36
152 161
3599 3606
3818 3821
3864 3865
4475 4476
11128 11130
15663 15666
13122 13123
44 53
4852 4853
8883 8884
9959 9960
140 155
3225 3227
17108 17110
100 111
159 161
536 538
899 905
1255 1256
2006 2009
2652 2653
4022 4025
4137 4139
4242 4246
5074 5076
5439 5441
5707 5710
5942 5943
8027 8029
8469 8472
9625 9627
12150 12151
14669 14671
16516 16517
18851 18853
3438 3442
4152 4155
97 105
3856 3857
10879 10881
738 744
2393 2395
18122 18123
9520 9522
1014 1017
17 24
628 632
698 702
1281 1283
2582 2583
2664 2666
2876 2877
3696 3698
3868 3870
4111 4112
4165 4167
5479 5481
9864 9865
12680 12684
16083 16084
5110 5114
120 128
1146 1154
1307 1314
1714 1720
2509 2510
17376 17378
17727 17729
274 279
2053 2056
4004 4006
4401 4402
13571 13572
356 363
5716 5718
14690 14691
3 9
380 387
2843 2845
3716 3717
6915 6916
7511 7513
11333 11335
18998 18999
15368 15370
812 816
2463 2465
10728 10729
430 432
2037 2042
6300 6301
9219 9221
9917 9918
12606 12609
14991 14992
599 605
693 701
6764 6766
589 595
5217 5218
7509 7513
669 673
1301 1302
2686 2689
2969 2974
3909 3911
5485 5488
8728 8729
10585 10586
10618 10620
11132 11135
11249 11250
8605 8608
142 155
14598 14599
277 281
1323 1330
2760 2761
6275 6276
13248 13249
15928 15930
758 767
18 27
60 64
4893 4894
9422 9423
16893 16894
949 960
1910 1916
4164 4167
5052 5054
7662 7664
7709 7711
14232 14233
18519 18521
528 532
2462 2467
15271 15273
3410 3416
1943 1944
7731 7732
340 346
379 388
1761 1763
10210 10212
295 302
12866 12867
18291 18292
378 387
1723 1726
2862 2864
284 289
7003 7005
7710 7712
16128 16130
1945 1948
9508 9509
1778 1781
6666 6669
3819 3823
9127 9128
14874 14875
19163 19164
438 451
7661 7664
6 14
32 35
115 117
144 146
143 155
147 148
197 199
206 208
217 222
255 261
276 281
520 526
534 540
559 562
572 574
576 578
749 751
815 817
901 907
1170 1174
1196 1197
1282 1284
1366 1368
1384 1386
1486 1489
1664 1666
1815 1816
1946 1949
2209 2210
2235 2236
2433 2435
2922 2925
3048 3049
3485 3487
3928 3930
4427 4430
5482 5483
5567 5568
5592 5594
5647 5649
5863 5865
6052 6055
6986 6987
7509 7511
7582 7585
8348 8349
8505 8506
8684 8685
8914 8915
9443 9444
9975 9976
10049 10050
10125 10126
10337 10340
11309 11310
12242 12243
12427 12428
12713 12715
13130 13131
13248 13250
13952 13953
14764 14767
14774 14775
15396 15397
15544 15545
16832 16835
19443 19444
6363 6364
1791 1793
520 530
6494 6497
478 485
5306 5307
2923 2926
314 323
12129 12131
341 353
5345 5347
490 498
3815 3816
19375 19378
695 704
8967 8969
16384 16387
526 530
10781 10783
359 365
13249 13250
290 293
900 907
3018 3021
13176 13177
14540 14542
17277 17279
963 967
7964 7965
10712 10713
11959 11961
15933 15934
3255 3257
6521 6523
12106 12107
998 1005
1533 1535
603 608
5062 5064
6717 6718
8218 8220
10792 10793
8768 8772
103 111
719 723
1550 1552
16916 16918
100 109
181 193
1352 1357
13742 13745
1735 1741
13 22
288 293
301 304
407 411
3608 3610
6208 6210
6631 6632
9270 9272
5204 5210
607 611
3499 3503
12540 12542
15686 15688
2781 2785
3942 3943
3979 3984
4600 4602
5934 5936
9213 9214
12058 12060
13677 13679
15026 15027
16625 16627
1328 1336
6664 6668
7337 7339
8686 8688
9036 9040
248 256
10638 10640
4039 4042
381 383
1936 1939
3530 3532
5465 5468
6786 6787
9263 9264
13664 13665
1974 1975
251 263
3654 3658
5094 5095
17054 17057
511 518
631 636
916 920
7417 7419
8424 8425
9555 9558
13724 13725
9394 9396
440 451
683 692
11597 11598
315 317
378 380
598 600
2239 2241
2278 2279
2423 2426
3605 3609
9334 9335
11620 11621
18694 18695
19361 19362
603 612
3754 3757
126 136
158 168
3225 3226
4266 4267
4346 4348
9487 9488
15058 15062
13106 13108
16438 16442
370 376
1209 1212
2378 2380
3259 3261
5043 5045
15614 15617
19232 19235
1990 1994
7475 7478
3500 3503
4305 4308
7778 7782
8448 8450
9876 9878
9999 10001
14763 14765
17728 17729
696 704
6708 6712
16 30
18596 18597
5752 5757
106 113
675 676
1196 1199
3645 3646
4782 4785
5727 5728
6706 6709
7142 7146
7185 7186
8613 8614
8653 8654
13080 13081
13916 13917
14229 14230
14619 14620
19107 19108
1697 1701
4163 4167
5769 5772
19180 19182
1639 1645
2088 2090
255 265
1197 1199
1231 1235
8562 8564
6543 6545
10575 10576
3369 3371
4410 4412
102 111
608 612
2422 2425
7740 7742
9814 9816
10545 10546
12524 12526
13838 13839
15008 15009
16384 16385
748 751
5531 5533
1405 1410
3455 3458
272 279
439 450
494 499
797 802
980 986
1219 1222
2212 2214
2294 2299
3878 3880
4407 4409
5976 5977
1158 1161
10428 10430
16942 16944
401 405
1093 1096
2258 2260
8242 8243
2224 2226
5250 5252
94 105
3973 3975
441 451
13015 13016
1764 1770
17050 17051
276 277
288 290
367 371
473 476
791 792
889 891
900 901
1842 1845
1996 1997
2427 2428
2468 2469
2632 2635
2995 3001
3504 3505
3922 3925
4625 4627
5284 5286
5494 5497
6693 6695
6790 6793
6907 6909
7333 7335
7661 7662
8631 8633
12190 12191
12308 12309
15389 15390
15832 15833
16333 16335
16929 16930
17932 17933
19110 19111
1002 1009
17222 17223
13933 13934
19341 19342
1352 1356
8184 8186
2108 2111
8323 8325
814 816
3491 3492
4086 4090
11796 11798
13882 13884
15918 15920
1018 1024
12997 12999
643 648
1766 1768
7187 7188
14626 14627
16863 16864
7446 7448
29 40
2047 2052
9462 9463
18900 18901
4364 4368
5408 5409
119 121
395 398
430 431
2199 2200
3755 3757
9368 9369
9602 9605
2421 2429
4118 4119
7263 7265
11 19
6796 6798
12270 12271
7139 7145
301 306
748 749
489 498
8755 8756
1394 1399
2777 2780
11379 11380
16359 16360
517 522
535 541
781 789
811 819
2441 2446
2453 2455
3432 3434
3849 3851
5039 5040
5134 5135
6894 6895
7381 7382
7605 7610
12621 12623
13824 13825
16732 16733
18359 18360
18405 18406
18861 18862
11454 11456
19461 19464
2177 2178
8054 8057
2464 2467
7004 7005
180 189
681 685
5998 6000
321 332
44 51
911 913
1633 1634
1650 1652
4843 4845
7098 7099
11922 11924
8498 8499
12652 12653
4717 4721
12714 12716
63 64
510 514
624 630
695 705
1353 1354
2721 2727
4486 4490
6552 6553
8561 8564
10902 10903
16329 16332
18366 18368
2155 2161
551 554
2230 2232
5706 5710
18238 18239
19179 19182
18846 18847
54 64
54 63
379 386
396 402
2521 2523
3068 3075
4418 4420
4779 4781
6555 6558
10556 10558
103 109
262 270
3444 3446
212 220
2271 2276
12098 12101
261 265
2838 2839
4629 4631
17065 17067
7555 7556
15346 15349
3082 3084
17004 17005
71 84
4 9
12 23
16400 16402
61 68
1030 1033
10483 10484
14935 14937
3690 3699
154 163
680 685
1555 1558
9073 9075
12112 12113
133 146
1311 1317
5549 5550
8977 8979
19217 19218
1115 1122
2506 2510
7336 7339
82 87
147 150
221 228
309 323
327 328
344 347
367 372
467 470
536 544
615 619
718 721
727 732
999 1000
1113 1119
1419 1421
1598 1600
1714 1719
2224 2227
2512 2514
2685 2689
2730 2731
2886 2888
3170 3172
3404 3405
3786 3790
3849 3855
4080 4083
4152 4154
4739 4740
4764 4765
5125 5127
5316 5317
6673 6674
6679 6681
7023 7024
7131 7132
8182 8186
12046 12047
13299 13300
15380 15381
16579 16580
17690 17691
17737 17740
14921 14923
9349 9351
615 622
7796 7799
2922 2926
15424 15425
696 705
1136 1138
5521 5522
877 883
950 960
3459 3460
3780 3783
15206 15207
1051 1055
1179 1188
3683 3684
10487 10488
774 780
251 260
1448 1450
11131 11134
14879 14880
455 463
635 642
1832 1837
2737 2738
10526 10527
2314 2318
6211 6212
18759 18760
278 285
709 714
914 917
3256 3257
5091 5093
5677 5679
17735 17740
1327 1336
4130 4131
9126 9128
2549 2553
11890 11892
12176 12177
459 465
3851 3855
7879 7880
12808 12809
324 333
1934 1941
2626 2629
6391 6392
71 85
3584 3588
7667 7668
9342 9346
16977 16980
760 768
18912 18914
1851 1858
12255 12257
235 236
354 363
408 412
439 445
619 622
850 854
1097 1102
1401 1404
3453 3454
10059 10060
11231 11233
12303 12305
12393 12395
13296 13297
4306 4308
12673 12676
6113 6114
10166 10169
18578 18579
339 351
805 810
3168 3171
4514 4517
4549 4552
6524 6526
8283 8285
12296 12298
14153 14155
2605 2609
102 109
1635 1638
1644 1648
12286 12288
14395 14397
1036 1040
897 907
17265 17268
1865 1867
3129 3130
3179 3180
3748 3752
4708 4711
5052 5057
5485 5486
11576 11577
15759 15760
17648 17649
8604 8608
15662 15665
133 144
1700 1703
3337 3340
4336 4339
10567 10568
13305 13306
10246 10247
10276 10279
12264 12266
360 366
16267 16268
17009 17012
18188 18189
538 544
926 929
1891 1895
9722 9724
5160 5162
8076 8077
9080 9081
16131 16132
1021 1025
3483 3488
100 110
139 151
378 388
13138 13139
3693 3699
5203 5207
5542 5545
304 306
492 495
1153 1154
1288 1290
1419 1424
3475 3476
5109 5111
6650 6653
7262 7264
7390 7391
7714 7716
8853 8855
11947 11949
13392 13395
13548 13550
18385 18386
4003 4006
6216 6217
1392 1396
16290 16291
1027 1032
3546 3548
7797 7798
9970 9971
14773 14775
2228 2231
16760 16762
191 198
259 270
2622 2625
11837 11838
490 496
610 616
2113 2114
370 373
457 465
587 590
1422 1425
2242 2245
3203 3204
14674 14675
17069 17070
17187 17188
17735 17737
337 349
7790 7793
14138 14141
1421 1424
472 476
537 542
1880 1889
1998 2001
4827 4828
6716 6718
9523 9524
55 64
521 529
870 873
1306 1310
2242 2246
5501 5502
5519 5520
7364 7365
10661 10662
7032 7033
54 60
641 645
843 846
19372 19374
626 632
2910 2918
210 214
1752 1754
2989 2992
17291 17293
2354 2359
16152 16154
44 52
196 201
456 463
617 620
15209 15210
7878 7880
589 593
3107 3110
6896 6898
5294 5297
17055 17057
3498 3503
12651 12653
1734 1738
248 263
1576 1586
3195 3199
4320 4323
2771 2773
3245 3249
7904 7906
12 22
148 150
177 183
194 201
250 253
371 372
377 390
415 417
549 554
663 668
1147 1148
1229 1230
1871 1874
2277 2279
2355 2357
2373 2374
3666 3668
3690 3698
3799 3800
3867 3869
4164 4165
4263 4267
4856 4860
6547 6548
6738 6741
6963 6964
7166 7167
8733 8734
8909 8910
10240 10241
10367 10369
10595 10597
11901 11902
12026 12027
13978 13980
15577 15578
16455 16458
18038 18040
18223 18224
19336 19337
2270 2276
5014 5015
1177 1188
5781 5786
11247 11248
12482 12486
55 63
134 149
1215 1221
3555 3558
15160 15161
1626 1631
2000 2005
2982 2984
3017 3021
4377 4378
4448 4450
8990 8991
14092 14093
16074 16075
1192 1198
6579 6582
16173 16176
380 388
927 933
7442 7444
18542 18543
12781 12784
16251 16252
649 653
1169 1174
1647 1649
3061 3063
10879 10880
11815 11816
16891 16892
9510 9511
10028 10030
12055 12057
433 436
3747 3752
3904 3908
6663 6667
8182 8184
14948 14950
6917 6920
591 595
1125 1128
5908 5909
10403 10407
399 412
2003 2009
194 196
5626 5627
6224 6226
29 48
7560 7563
16303 16305
11332 11335
1224 1227
4459 4461
10128 10130
13998 14000
2089 2095
2600 2602
4848 4850
401 406
557 560
1170 1175
1406 1410
1464 1469
4840 4845
5751 5757
6568 6569
6749 6753
10165 10169
795 802
8710 8712
325 335
12541 12544
18593 18595
2072 2078
4692 4694
8789 8793
99 105
8087 8089
9537 9538
10332 10333
10824 10826
13020 13023
15205 15207
16307 16308
16866 16867
679 687
1641 1648
5155 5158
5564 5565
2938 2940
4012 4015
1035 1040
5077 5080
4426 4430
567 571
957 959
1238 1240
1481 1484
1547 1551
1831 1833
2226 2227
4603 4606
5920 5922
10961 10962
11701 11702
16473 16474
147 163
5707 5709
1826 1829
603 609
957 961
4345 4348
4789 4791
5456 5457
7330 7331
9038 9040
455 462
959 961
13231 13232
7338 7340
7921 7922
16784 16785
100 107
6573 6576
18336 18337
1588 1591
7606 7609
14635 14637
194 202
272 274
381 391
399 408
497 501
879 884
3154 3155
3380 3381
5551 5552
9572 9573
13522 13524
833 838
4438 4442
9843 9844
74 86
1563 1564
555 562
1856 1861
916 922
9271 9273
17192 17193
7463 7465
6 20
1474 1477
8043 8044
9037 9040
12412 12416
13329 13330
14777 14778
119 123
148 163
343 352
1311 1315
1437 1439
6071 6072
10161 10163
13864 13866
1006 1009
1841 1844
2681 2688
2715 2719
19424 19426
715 723
9149 9151
7491 7492
7619 7621
119 127
2820 2822
2981 2984
3071 3075
150 163
16601 16602
7097 7100
132 149
1777 1781
3685 3687
5927 5930
123 127
130 137
196 202
457 459
726 728
781 785
1614 1615
2245 2246
2311 2316
2526 2527
2848 2851
3068 3073
3450 3452
4626 4627
6032 6033
6999 7000
7140 7144
7202 7203
7262 7265
7385 7386
7871 7875
8679 8680
8767 8772
12250 12251
12329 12330
12476 12477
14873 14875
16265 16266
16287 16289
19550 19551
126 146
7815 7817
1491 1494
876 881
7738 7742
808 816
536 543
3089 3092
3232 3234
16096 16098
4456 4460
4472 4477
478 480
760 766
11860 11861
14733 14735
18686 18687
16120 16121
75 84
239 247
576 584
804 809
1213 1221
2197 2203
10462 10463
17942 17944
212 218
759 768
341 351
797 803
980 987
3194 3196
6267 6270
17619 17620
17928 17929
13988 13989
103 110
1075 1078
54 66
106 114
410 416
926 928
1458 1461
1745 1746
2447 2448
2967 2970
3259 3260
3689 3691
4610 4612
11485 11486
18545 18546
7062 7064
1437 1440
2986 2991
3 10
8882 8884
2885 2887
9445 9449
10623 10624
19328 19330
3136 3137
19281 19282
10754 10755
17801 17802
489 496
708 714
726 729
897 901
1087 1092
1431 1434
1855 1861
3013 3014
3486 3490
9037 9038
17445 17447
18072 18074
2774 2779
1034 1040
2033 2035
3375 3378
19340 19342
378 386
1224 1228
5054 5057
7691 7692
9966 9969
11672 11674
217 229
12246 12248
140 157
421 428
4876 4878
8182 8185
13818 13819
17266 17267
14167 14169
29 49
765 772
807 810
954 960
1504 1508
2269 2276
2794 2797
2934 2936
3598 3600
11131 11136
420 428
67 77
641 646
1622 1628
250 256
2599 2602
2603 2609
3693 3698
7216 7220
7989 7990
10744 10745
12549 12550
282 289
558 564
14859 14860
8954 8956
13806 13810
791 800
5305 5307
15702 15704
12972 12973
7143 7146
9406 9407
11032 11033
50 59
65 70
197 204
264 271
690 691
952 960
1057 1061
1439 1440
2336 2338
2692 2693
2912 2915
3779 3782
4600 4601
6244 6245
6507 6508
6529 6530
7019 7022
10214 10215
10999 11000
11363 11364
11454 11455
11983 11985
13801 13802
16045 16046
2445 2448
943 951
18685 18687
360 365
1187 1190
2418 2420
2985 2987
4510 4512
4734 4738
6520 6522
11138 11139
11220 11221
603 611
15757 15758
17010 17012
2876 2882
9393 9395
248 260
606 612
1232 1237
130 135
730 733
2585 2586
3308 3309
14071 14072
14290 14292
9051 9052
10708 10710
2968 2974
3203 3205
13761 13765
14773 14774
19066 19067
5243 5245
126 144
799 806
12431 12433
102 110
604 612
2546 2547
2670 2672
3951 3955
6075 6077
7155 7156
10230 10232
17031 17033
13916 13918
1490 1494
578 584
774 782
4026 4029
16061 16063
1572 1573
4840 4843
6478 6479
7930 7932
8641 8643
10785 10787
16108 16109
16650 16652
3311 3314
16720 16722
1085 1089
2266 2267
2291 2292
2796 2800
3564 3565
6952 6954
13271 13272
18506 18507
19150 19152
1311 1318
116 122
494 501
7204 7207
8047 8049
177 189
1457 1459
3160 3163
7811 7814
7747 7748
142 157
1842 1846
7641 7643
2324 2327
2870 2874
8414 8415
4900 4903
5391 5394
21 30
43 53
75 85
212 219
446 449
456 462
728 729
897 900
962 968
2208 2211
2384 2390
2445 2447
2537 2542
3679 3680
3958 3960
5721 5723
6264 6265
6597 6598
9196 9197
11026 11027
11912 11913
12348 12349
13821 13822
14040 14041
15389 15391
16700 16701
17360 17361
17665 17666
18250 18251
1734 1741
16768 16771
319 332
979 986
13462 13464
15309 15311
725 732
2169 2176
2722 2727
570 574
16010 16012
3345 3353
17153 17155
4038 4041
1674 1678
101 105
1027 1033
2730 2732
8382 8383
14174 14176
16613 16615
18122 18124
55 60
6593 6594
12434 12435
9991 9993
253 256
579 585
792 800
1673 1676
1909 1913
2685 2686
3833 3836
3962 3963
4169 4172
5546 5547
5904 5907
7878 7879
10100 10101
11168 11170
12033 12035
17376 17377
2091 2097
10185 10188
1578 1586
17653 17654
5506 5509
9289 9291
11449 11450
5761 5762
7983 7984
10689 10690
7991 7995
13767 13769
7084 7086
383 391
1272 1276
11550 11552
11464 11465
12745 12747
1321 1324
9125 9128
11820 11822
13519 13520
2258 2259
5242 5245
7422 7425
143 157
2190 2194
11008 11010
156 166
550 553
552 560
604 606
834 835
888 891
952 954
1365 1368
1642 1648
1902 1905
2199 2201
3952 3955
4038 4042
4146 4148
4374 4376
4719 4725
4839 4845
5205 5209
7584 7585
8184 8185
9360 9364
9529 9530
9846 9848
10848 10851
12923 12924
14779 14781
15726 15727
1255 1261
634 642
2123 2128
400 412
5211 5215
56 64
1367 1371
1493 1496
823 826
1712 1716
13049 13050
12605 12607
438 450
778 789
3723 3726
7819 7821
13922 13923
19036 19037
55 66
9435 9438
17812 17813
3803 3806
5534 5537
15218 15220
538 543
727 735
2431 2437
4933 4935
5239 5240
6641 6642
7582 7586
8768 8769
10740 10741
12079 12082
13033 13034
401 413
1457 1460
5417 5420
280 285
3149 3152
396 412
1849 1858
121 127
483 488
4784 4786
5403 5404
6663 6668
9808 9812
15518 15519
211 214
481 488
4414 4417
3229 3233
340 349
8655 8657
13476 13478
103 107
175 178
481 483
508 516
651 656
1126 1131
1171 1172
1935 1939
2219 2221
3673 3674
5606 5607
6203 6204
9553 9554
9867 9870
9882 9884
9931 9933
13419 13420
13904 13905
12459 12462
6233 6236
250 263
4117 4119
5332 5333
6707 6712
880 884
4716 4721
7284 7285
18478 18479
472 473
1548 1553
3435 3437
4654 4656
7073 7075
7966 7967
119 137
2720 2727
1288 1293
1331 1336
9358 9362
12952 12954
120 127
974 978
1259 1263
1262 1265
1957 1958
4076 4078
4921 4923
7034 7035
17604 17606
6053 6057
9565 9568
195 201
682 685
3779 3783
6546 6548
424 432
5376 5377
19469 19470
11 25
2528 2532
8955 8957
2032 2035
4525 4528
2071 2078
12712 12715
31 33
60 66
380 386
633 642
992 997
1465 1469
1641 1644
1823 1824
2240 2246
2877 2882
3303 3306
5842 5844
5963 5964
8095 8096
9585 9586
10846 10847
12357 12358
14844 14845
18460 18461
3929 3932
1146 1156
2109 2115
8491 8492
788 794
2794 2800
16077 16078
19279 19280
249 256
1323 1326
2545 2547
3541 3544
12199 12201
14328 14331
17064 17066
1447 1450
6698 6700
453 463
18329 18330
667 672
798 806
1015 1017
3204 3205
4288 4292
10238 10239
10663 10665
119 135
7534 7537
18157 18158
321 326
2240 2245
4816 4819
683 691
6473 6474
13518 13520
832 838
1098 1103
4030 4032
5469 5471
2422 2430
12930 12932
18190 18192
40 48
227 230
321 333
342 347
362 375
535 544
1097 1101
1223 1226
1286 1287
4089 4091
4562 4563
6119 6122
6830 6831
7264 7265
7941 7942
9599 9601
10425 10426
10598 10599
10853 10854
13601 13602
14670 14672
14886 14887
16467 16469
10445 10446
795 803
1391 1396
326 333
2836 2839
1134 1138
711 716
945 956
1315 1318
1311 1320
9825 9828
12974 12975
17627 17628
200 209
5706 5709
552 557
2006 2007
17166 17167
10304 10306
2335 2338
3969 3972
7605 7609
6 15
120 121
215 222
396 400
1393 1399
2440 2443
2668 2672
2866 2867
4444 4447
7913 7915
8058 8060
9982 9983
11069 11070
11729 11732
12375 12376
275 285
19545 19547
61 70
316 323
683 690
4745 4748
4838 4845
18172 18174
213 220
1321 1329
13484 13485
17618 17620
3819 3825
7474 7478
102 107
253 263
525 529
1021 1026
4562 4565
297 306
1796 1797
14800 14802
82 95
511 522
4 10
704 705
754 757
1459 1460
5018 5019
5159 5162
6379 6381
7559 7563
8063 8064
8446 8447
11629 11630
12865 12867
15205 15206
15633 15634
16295 16296
18473 18475
18848 18850
2677 2680
4857 4861
153 168
15712 15713
754 767
5142 5145
8105 8108
11134 11136
16274 16275
757 767
5720 5723
249 263
664 665
4563 4565
9755 9757
424 431
7133 7134
119 130
2797 2800
4077 4078
3663 3668
361 375
396 408
487 491
1418 1420
2423 2429
3240 3243
3657 3660
3720 3721
4041 4042
5005 5007
5192 5194
8725 8727
11586 11587
14389 14390
14740 14741
17256 17258
17621 17623
1004 1009
2646 2648
2664 2665
5303 5304
100 108
6806 6807
10057 10058
17683 17685
7421 7424
13758 13760
14692 14693
5802 5804
17152 17155
400 408
534 541
4188 4191
15726 15728
125 129
241 246
509 512
779 789
1444 1445
4548 4552
6146 6148
7028 7029
10033 10036
12523 12526
13861 13862
3279 3281
278 283
4471 4473
990 993
7081 7082
9017 9021
195 202
1169 1175
2980 2984
19523 19524
7014 7015
1288 1292
11506 11508
15607 15608
13378 13380
7920 7922
141 155
249 253
739 745
1152 1157
1325 1332
2223 2227
2731 2732
2886 2890
3469 3470
6247 6248
7730 7732
8343 8344
12344 12346
14241 14243
17008 17012
17009 17013
17964 17965
13649 13650
1264 1271
2168 2176
4002 4006
18057 18059
1724 1728
2219 2225
6637 6639
8873 8878
5598 5599
533 542
681 688
4570 4572
14236 14237
18795 18797
123 137
1077 1080
2033 2036
4593 4595
11467 11468
680 688
919 923
1309 1314
3725 3728
7027 7029
18308 18309
47 59
14684 14685
226 232
587 595
609 611
759 766
1683 1685
1751 1753
2783 2784
4387 4389
5260 5262
8129 8130
14911 14912
15301 15302
15727 15728
402 412
120 137
5277 5280
9056 9057
11007 11009
4035 4037
4438 4443
7302 7304
10451 10452
11704 11708
50 57
2511 2514
8158 8159
13695 13696
337 353
18492 18494
15007 15009
1052 1055
14043 14045
18511 18513
26 39
1512 1514
2221 2225
3230 3234
4171 4172
5379 5381
6402 6403
7027 7028
11976 11977
13475 13478
3789 3792
4855 4860
136 146
6462 6465
7123 7127
10794 10795
17102 17103
121 137
694 705
147 154
3667 3669
12036 12037
17356 17358
17568 17569
1973 1975
2463 2467
17999 18001
442 451
1155 1161
1229 1234
2927 2929
2421 2424
8441 8442
9060 9062
17677 17678
15218 15219
301 307
573 581
11 30
78 86
120 123
256 263
1241 1244
4287 4292
4908 4910
10739 10741
11100 11101
11421 11422
16859 16860
641 647
2592 2596
10191 10192
8046 8050
305 310
339 347
8590 8593
120 135
318 332
694 704
1191 1198
10123 10126
61 65
123 135
944 948
1706 1710
2409 2411
2720 2722
4079 4082
4314 4317
4469 4470
9009 9010
10178 10180
12285 12288
15588 15589
7480 7482
12673 12677
1687 1691
4924 4927
7856 7857
12291 12292
977 986
8602 8606
28 37
305 317
3564 3566
6749 6751
11564 11565
14867 14868
15298 15299
254 265
2986 2990
695 700
1911 1916
1920 1924
2312 2318
12916 12917
13713 13714
16055 16057
897 905
1863 1864
2853 2854
15938 15939
1530 1534
7827 7828
17318 17319
310 317
671 677
2026 2028
5051 5056
5887 5888
12387 12388
15258 15261
17 39
1133 1138
4810 4811
10191 10193
4900 4904
2157 2160
2879 2883
13018 13019
16106 16107
6914 6916
17464 17466
252 265
1369 1373
215 229
56 63
275 280
631 637
841 846
1049 1053
1430 1432
6243 6246
14312 14314
121 135
1002 1008
1230 1234
2310 2316
3554 3558
126 133
1938 1940
2499 2500
3830 3831
5959 5962
19091 19093
356 366
812 819
171 176
3337 3339
10883 10885
14348 14350
16845 16847
3526 3531
17553 17554
503 506
570 572
693 705
13210 13211
607 616
5918 5922
12708 12709
13366 13368
223 228
406 413
3832 3834
5875 5878
6102 6106
7296 7297
12387 12389
147 166
257 267
4137 4138
8315 8317
1324 1329
2515 2516
7708 7712
8587 8588
15948 15949
17079 17080
8107 8110
16 27
499 501
1220 1222
1697 1698
2544 2547
1085 1088
2896 2899
1233 1237
1400 1404
2567 2571
2729 2732
6036 6039
6170 6172
1113 1121
5132 5135
976 986
28 48
410 417
461 466
763 769
613 622
5810 5813
823 827
2434 2438
3784 3787
3483 3490
6008 6012
8788 8793
8773 8774
12413 12416
1132 1138
1315 1320
1554 1558
3848 3850
4839 4843
5541 5545
401 416
1448 1451
2032 2036
2647 2649
3808 3811
6662 6665
154 166
13476 13477
1899 1905
6970 6972
16933 16934
17658 17660
7073 7076
8861 8863
15274 15275
6488 6489
693 704
2425 2430
3183 3185
4212 4217
6 23
2713 2717
6752 6756
7206 7209
37 48
2347 2349
1626 1632
5575 5576
12627 12631
1193 1199
8335 8337
16941 16944
1843 1847
6032 6034
46 59
521 530
4809 4811
14099 14100
590 595
2066 2068
3248 3252
8612 8615
286 293
4168 4172
338 346
567 574
725 735
5360 5364
18911 18914
5359 5364
10637 10640
12357 12360
148 166
8283 8286
453 462
2218 2225
3020 3022
6420 6422
10208 10209
3534 3537
15423 15425
1418 1424
16776 16777
681 692
6678 6681
2375 2379
12739 12741
680 692
10358 10359
374 390
2857 2861
13377 13380
210 220
276 285
1442 1449
5189 5194
9915 9916
11324 11325
3380 3382
13805 13810
2957 2959
140 163
7441 7444
14168 14170
776 789
1974 1978
12339 12341
14793 14794
1457 1461
13291 13292
5376 5378
2833 2837
7161 7162
17 26
40 49
45 53
43 51
61 72
81 83
87 95
88 89
94 97
100 112
115 118
127 137
121 123
120 130
124 146
132 134
150 166
148 154
158 162
160 164
177 180
186 192
221 225
250 260
252 254
258 267
297 304
339 342
350 357
358 375
377 387
425 428
420 421
424 430
438 445
443 448
452 454
474 475
490 495
524 529
549 551
555 559
565 566
602 605
643 650
661 662
680 681
709 713
718 723
717 720
724 732
736 744
737 743
762 764
805 813
808 814
811 817
840 846
845 848
869 873
887 891
915 918
926 935
934 936
955 958
979 987
990 994
1020 1024
1035 1036
1074 1078
1082 1083
1110 1111
1165 1172
1177 1179
1181 1185
1209 1216
1227 1228
1252 1253
1281 1285
1303 1304
1308 1314
1378 1379
1407 1410
1420 1424
1488 1489
1501 1502
1581 1582
1594 1599
1636 1638
1729 1730
1738 1741
1764 1767
1774 1776
1805 1808
1841 1845
1871 1872
1876 1877
1884 1887
1914 1917
1967 1968
2011 2013
2024 2025
2038 2039
2062 2064
2073 2077
2129 2131
2158 2161
2170 2175
2184 2189
2223 2226
2252 2255
2273 2274
2272 2275
2284 2285
2355 2360
2393 2397
2407 2408
2432 2435
2506 2509
2538 2542
2584 2586
2663 2666
2668 2670
2846 2849
2916 2917
2925 2926
2965 2970
2966 2974
2998 3003
3071 3073
3088 3092
3127 3130
3161 3163
3212 3213
3214 3215
3282 3283
3303 3305
3395 3396
3431 3434
3447 3449
3569 3572
3585 3586
3612 3614
3747 3748
3782 3783
3788 3790
3802 3806
3822 3826
3877 3880
4021 4023
4064 4065
4118 4121
4163 4165
4173 4175
4264 4267
4293 4295
4294 4298
4391 4392
4488 4489
4515 4519
4556 4560
4726 4727
5101 5102
5103 5104
5156 5158
5212 5214
5281 5282
5357 5358
5359 5360
5422 5424
5434 5435
5440 5441
5517 5520
5529 5532
5561 5562
5720 5721
5733 5735
5770 5772
5783 5786
5854 5858
5886 5888
5934 5935
5949 5950
5981 5983
5982 5985
6159 6160
6213 6214
6244 6248
6404 6405
6434 6435
6437 6438
6454 6455
6480 6483
6491 6492
6510 6511
6691 6694
6706 6712
6722 6723
7095 7096
7369 7370
7519 7522
7700 7701
7986 7987
8019 8020
8098 8099
8122 8123
8133 8135
8166 8167
8264 8266
8496 8497
8595 8598
8642 8643
8796 8797
8875 8876
8967 8968
9204 9206
9311 9312
9748 9749
9832 9833
9855 9856
9863 9865
10017 10018
10092 10093
10123 10125
10133 10134
10192 10193
10259 10260
10331 10333
10437 10440
10449 10450
10500 10501
10587 10588
10750 10752
10825 10827
10911 10912
10921 10923
10952 10953
11051 11052
11291 11292
11432 11433
11532 11533
11627 11628
11714 11715
11767 11769
11799 11800
11844 11845
11930 11932
12046 12048
12358 12360
12388 12389
12570 12571
12765 12766
12789 12790
13257 13258
13728 13729
14020 14021
14110 14112
14134 14135
14223 14224
14435 14436
14614 14616
14641 14642
14711 14712
14951 14952
15421 15422
15427 15428
16028 16029
16418 16419
16462 16464
16667 16668
16759 16762
17138 17139
17252 17253
17311 17312
17420 17422
17494 17495
17585 17586
17871 17872
17918 17919
17976 17977
18352 18353
18463 18464
18467 18468
18583 18584
18639 18640
18839 18840
18876 18877
18984 18986
19096 19097
6551 6553
1509 1515
8147 8150
11291 11293
942 951
9486 9489
14872 14875
1262 1271
11292 11293
28 49
142 163
1268 1276
2776 2780
17 38
2293 2299
16179 16181
455 465
552 562
5780 5786
2342 2346
5485 5489
6363 6365
13755 13756
4166 4170
5597 5599
235 246
6245 6248
7027 7030
13659 13661
350 363
10047 10050
11155 11157
667 673
13964 13965
709 716
177 187
277 285
2876 2881
17953 17954
946 956
16438 16443
3375 3379
8841 8842
14483 14485
3269 3273
3785 3790
9304 9306
6244 6247
3240 3244
13800 13803
786 794
2027 2031
6737 6739
16851 16853
2682 2688
2805 2809
577 585
1650 1656
12694 12696
26 38
1257 1263
2440 2446
8058 8062
2261 2265
4751 4758
6 22
4838 4843
17582 17583
1071 1076
2399 2402
3398 3399
19556 19558
1830 1834
2520 2522
249 260
262 271
614 618
1492 1496
2858 2864
2340 2346
28 40
3689 3692
9826 9828
132 145
503 507
4200 4202
10931 10933
7558 7563
14640 14642
3785 3788
4419 4422
197 209
631 642
1590 1593
8630 8633
12097 12100
12175 12177
713 716
4744 4748
5980 5983
14650 14652
17836 17837
777 789
10138 10141
617 623
14024 14025
586 595
4759 4760
357 363
3953 3956
16183 16185
143 163
808 819
4820 4823
103 108
121 130
319 333
334 346
402 408
708 716
12862 12864
1269 1276
69 77
222 229
440 450
1135 1137
4406 4409
12574 12576
12613 12615
15440 15442
2659 2662
2836 2838
4661 4664
6346 6348
1796 1798
5190 5194
17351 17352
134 145
339 344
708 713
906 909
2604 2609
4341 4342
7140 7146
10298 10299
132 151
9297 9299
16769 16771
24 39
94 111
327 335
492 501
2384 2388
3290 3291
8423 8425
14724 14725
18410 18411
437 451
1984 1986
2567 2569
4363 4368
11880 11881
13098 13099
8612 8616
17154 17156
2287 2290
2983 2988
7083 7086
9658 9660
11054 11055
5875 5877
14152 14154
127 135
613 619
1143 1145
5975 5977
13719 13720
3598 3606
15613 15617
134 151
2612 2614
14094 14095
999 1009
10043 10044
97 111
19009 19010
401 417
1098 1105
1165 1171
1826 1828
1892 1895
4393 4396
4703 4707
4932 4935
8121 8123
9766 9767
17266 17268
19166 19167
6232 6236
43 52
58 73
2352 2356
2449 2451
4541 4542
4956 4957
5993 5994
8228 8229
15353 15354
18071 18074
787 796
3044 3047
4885 4887
11328 11329
123 130
180 187
235 241
608 611
814 819
2059 2061
5201 5202
6767 6768
9359 9362
452 463
3920 3924
15729 15731
50 62
6245 6247
37 49
301 308
1441 1445
2325 2330
2729 2731
3613 3618
5973 5977
11477 11480
603 616
2775 2780
5208 5215
14469 14472
535 543
1223 1228
16704 16705
5731 5736
15021 15023
25 30
145 151
2218 2221
2914 2917
2928 2933
3690 3696
8749 8751
11586 11588
2353 2359
8845 8846
661 665
14779 14780
255 267
259 271
995 997
3525 3528
4685 4687
5780 5783
7028 7030
7452 7453
10993 10994
13475 13477
14669 14672
15221 15223
16994 16995
5861 5864
638 640
1306 1314
2144 2145
3909 3913
4057 4058
6662 6667
124 136
5072 5076
362 376
15842 15844
56 66
199 204
537 539
534 544
696 700
1290 1293
1967 1969
6386 6387
7713 7716
10164 10169
15859 15860
9050 9052
12056 12057
15235 15236
17100 17101
805 816
1787 1790
13685 13688
14091 14093
662 665
1223 1227
1731 1732
5312 5315
5973 5975
8671 8672
10941 10944
13372 13373
3557 3562
4779 4783
6054 6057
47 57
1000 1009
3854 3857
6597 6600
8440 8442
12601 12602
13666 13667
92 98
183 189
454 463
2107 2110
3301 3304
3604 3609
4070 4071
6679 6682
9754 9757
19346 19347
3732 3737
17602 17605
354 366
7655 7657
850 857
1184 1190
801 809
1447 1451
1587 1591
7901 7903
126 138
242 247
324 329
850 859
953 960
1265 1271
1390 1396
3664 3668
4168 4171
5531 5536
6608 6612
6872 6873
12824 12826
15007 15008
17008 17010
1533 1536
5418 5420
689 701
1690 1693
65 72
102 108
394 397
497 500
857 859
1142 1145
1318 1320
2157 2163
7061 7064
8048 8049
11808 11809
2421 2430
615 621
124 144
305 315
1574 1586
6070 6073
12509 12510
16302 16305
18290 18292
139 155
379 391
1007 1011
1505 1507
2183 2185
12264 12267
13183 13186
361 376
191 201
486 498
637 642
898 907
5949 5953
227 233
1028 1032
1786 1790
5544 5547
6121 6124
11705 11708
13106 13107
4686 4690
7473 7478
14089 14090
356 365
482 493
1968 1969
2623 2625
9877 9880
19549 19551
604 611
828 831
1650 1655
793 802
910 913
3349 3352
12750 12751
13460 13464
11432 11434
1018 1023
3695 3699
3347 3353
147 156
405 413
625 632
695 702
778 785
1097 1103
1526 1529
1672 1675
2047 2051
3980 3984
9480 9484
16322 16323
494 500
7698 7699
9055 9057
11117 11118
17171 17172
489 495
666 672
1392 1399
9834 9836
761 768
8613 8619
19090 19093
16720 16721
15345 15349
920 922
2339 2344
2340 2342
2347 2350
2474 2475
3112 3114
4835 4845
5017 5019
5112 5114
5189 5192
5886 5887
7737 7739
8874 8876
10900 10901
11745 11747
15124 15126
16585 16586
1389 1396
1511 1517
6697 6700
2273 2276
6271 6272
1674 1681
7337 7340
11433 11434
253 260
902 908
6799 6800
17458 17460
9375 9376
9446 9450
1256 1261
1375 1380
771 780
924 929
4919 4920
7758 7760
14867 14871
4359 4366
9432 9433
348 363
429 435
457 460
1267 1270
1470 1471
1667 1671
2914 2916
2930 2935
2985 2991
6234 6235
6866 6868
7740 7741
8169 8170
10718 10720
14687 14688
2859 2864
337 351
11309 11311
3773 3775
2952 2954
4024 4027
4063 4067
5693 5695
947 960
11 21
136 144
724 735
1001 1009
1550 1557
4387 4390
4501 4503
5661 5662
9261 9264
13663 13665
14367 14368
7336 7340
10946 10947
406 416
17823 17824
3267 3273
6897 6899
191 202
1549 1553
2332 2333
2601 2602
4561 4565
5132 5134
8085 8086
8435 8438
10370 10371
14766 14767
15284 15285
16956 16957
19425 19427
490 501
10328 10330
2941 2946
4973 4975
3954 3959
8118 8119
217 224
571 574
573 580
2274 2276
5206 5210
5225 5226
14828 14829
456 465
797 806
8015 8016
2873 2878
5371 5372
5716 5719
6136 6137
11734 11736
12472 12473
17008 17013
4026 4031
1825 1829
2049 2056
7326 7327
8744 8746
1974 1977
7568 7569
8288 8290
16833 16835
10681 10683
5814 5818
9613 9615
150 154
275 283
944 956
1629 1631
1643 1648
1688 1693
2373 2377
2407 2411
3486 3487
3662 3665
4075 4078
4263 4266
4391 4394
5885 5888
8157 8159
11775 11776
18015 18016
177 190
977 987
211 220
401 410
9591 9592
10808 10809
6205 6206
401 415
4178 4179
6867 6870
7084 7085
7695 7696
8289 8291
10782 10783
6736 6739
11750 11752
331 346
410 415
2364 2366
4856 4861
9610 9614
11116 11118
14064 14066
235 243
878 884
9936 9937
359 375
2313 2318
2408 2411
3099 3102
5110 5113
5852 5853
8464 8466
9385 9386
2094 2097
4582 4584
4286 4292
6934 6936
46 57
103 112
309 314
549 556
604 608
1004 1006
1925 1927
3483 3487
3688 3694
3950 3955
4662 4665
4832 4834
6598 6600
8052 8057
8121 8122
8904 8905
10806 10807
14130 14131
14419 14420
14625 14627
14656 14658
2419 2428
9876 9880
61 77
2795 2800
422 428
567 572
1152 1159
1459 1461
2003 2007
4599 4602
6528 6530
7029 7030
8964 8965
3852 3857
1383 1386
6041 6043
9807 9809
900 905
1697 1702
3483 3486
3502 3505
3941 3943
5299 5302
12214 12215
14640 14641
18897 18898
19567 19568
10995 10997
297 307
4227 4231
17309 17312
4836 4845
17868 17869
206 214
441 450
1337 1339
1624 1628
1854 1861
15756 15758
976 987
140 166
10711 10713
1945 1950
5906 5909
8183 8187
12423 12424
770 775
237 244
288 294
342 344
492 499
682 688
1436 1438
1660 1663
2424 2430
3120 3121
4194 4196
4392 4394
6546 6547
7360 7362
8280 8281
10142 10144
15794 15796
15824 15826
16750 16752
17010 17013
18544 18546
19496 19498
5051 5057
6662 6668
312 323
1835 1840
10910 10912
14138 14140
606 611
3435 3436
3057 3060
3419 3422
13851 13852
13982 13984
14248 14250
4070 4073
4374 4378
6791 6794
2222 2227
8225 8227
76 83
682 692
762 769
2016 2019
5412 5413
6314 6315
9232 9234
13171 13172
16669 16672
19038 19040
17638 17640
15410 15411
489 501
1532 1535
24 38
378 391
813 816
947 953
1560 1564
2821 2822
6120 6123
4185 4187
174 178
213 218
1623 1628
9537 9539
3346 3352
19247 19249
2087 2090
4931 4935
966 972
11392 11393
47 62
148 156
179 189
433 434
478 488
494 497
737 742
771 782
1168 1174
1841 1846
2174 2178
2560 2563
3498 3500
3814 3816
3900 3902
5197 5199
6288 6290
8432 8436
9254 9258
11992 11993
14628 14629
14757 14758
10436 10440
830 838
2092 2097
17212 17213
141 157
5612 5615
2160 2163
7160 7162
8795 8797
17309 17311
2108 2114
3023 3025
212 216
264 279
557 562
19005 19007
3762 3764
3927 3930
6266 6270
8203 8204
9281 9286
318 333
18758 18760
102 112
213 219
403 412
404 413
1231 1237
6941 6942
7533 7536
11929 11932
37 40
167 173
688 692
737 745
795 806
1299 1302
2452 2454
2581 2583
7075 7076
7216 7219
11792 11793
12630 12632
13616 13617
15480 15481
16969 16970
17018 17019
8614 8619
10399 10401
321 329
1583 1591
6007 6012
18788 18789
573 584
14998 15000
8 14
284 292
2169 2171
3090 3091
8451 8453
8839 8840
81 95
3170 3174
551 556
652 657
742 745
820 825
3308 3310
6990 6992
8899 8900
9211 9212
377 388
17712 17713
17 36
194 204
7978 7980
5611 5615
13824 13827
8 20
341 347
518 522
550 560
708 709
851 853
914 922
