4723 2503
7014 9172
6937 9589
9815 3633
6068 8639
4806 4101
7921 5485
800 4872
6941 4198
7526 60
2031 8341
2697 9948
381 8466
4431 401
8964 2596
3391 1049
8841 5636
1739 9444
9296 4248
1917 6400
3462 2575
5693 9804
662 2003
474 1701
380 1636
4631 9586
7401 9765
9776 6165
9853 4811
693 1993
3782 9942
9278 2525
6937 1659
7216 489
8968 1535
6894 6117
2633 9041
2094 1342
6318 5798
8929 6326
682 5237
6232 3669
5038 5075
2564 6556
8555 5154
2507 5458
22 5153
5524 9966
8494 3404
3457 938
5554 3340
3703 5347
6185 152
55 1365
9850 4522
7662 3263
6094 9622
4517 4772
7381 8533
6530 3518
3250 3581
3186 3539
7814 1133
9714 7006
4479 4154
3343 7280
7997 7456
2519 9825
6852 9397
4216 240
2356 44
5398 772
1979 1396
6059 8410
5379 2470
7881 7342
8475 9867
9323 9644
922 3400
4027 8064
33 7441
6295 4834
3345 6487
9376 2431
1679 2655
8403 848
4641 541
1532 7324
9606 7066
8177 9316
5538 9592
5575 3838
9567 2582
1769 256
818 3276
3135 8633
6964 3349
3154 5844
6734 3970
5314 1626
1665 1973
5118 8525
7228 6597
2457 145
9812 7173
8555 3492
6920 9662
4122 5510
7651 2738
3311 499
5507 8764
6344 9231
8144 1073
5154 3492
7551 6571
8470 19
8833 3449
8719 713
5551 3401
7721 9575
3994 1038
4247 3484
8010 3945
5588 3695
5348 9933
748 2729
2001 6398
2370 4123
248 5727
1502 6618
723 9473
4366 375
5476 6980
7940 9763
921 5147
4127 6204
1474 2041
3460 6422
6150 5281
1477 3975
1263 2377
7845 6211
4544 4477
8474 2502
1419 8771
7359 5956
2714 6838
2264 6377
5273 7747
2644 1855
5788 2214
2258 1339
5940 928
2648 3926
7374 487
1808 6364
2666 2382
1780 2185
9728 6811
4545 1077
8415 6699
6262 9067
2812 5237
6129 1416
789 5811
6476 4512
5358 373
4589 5996
3983 8193
7442 4599
9298 6687
2223 2573
4561 9809
8132 7713
4351 3589
2193 8905
2519 214
1166 9101
3358 9125
1926 6469
8214 6257
1995 3549
7711 1700
4303 3914
983 1126
9265 6062
2292 2444
5188 3767
8758 2371
3710 9629
1833 9036
1250 7135
6335 6319
6091 3671
2270 6723
4972 6773
4372 7020
5459 8332
5229 3281
7073 2870
3643 517
5365 9094
3164 197
2201 7790
3918 6174
2069 2539
1296 6213
6792 6145
122 8822
9916 5890
1966 968
9471 184
9865 1155
7446 7517
2052 1705
7374 4749
2158 9725
9447 583
238 5361
1271 8329
6813 5026
1443 4161
1909 7611
2943 3622
9000 11
6764 2331
1127 1433
1763 9973
4933 3344
9832 1616
6798 1139
4877 3652
7160 228
282 2876
73 1328
5179 130
5643 6955
8954 8370
8102 5581
9635 9374
5353 3980
2812 682
5164 8657
2858 166
186 9141
7808 4161
6845 8025
6295 437
8712 5627
203 9157
463 2103
1374 4260
4168 2517
1397 5746
6185 8464
8346 1215
5423 4053
7808 1443
2087 5333
942 8662
5950 959
577 2551
9323 7439
4243 594
5515 4593
8240 6010
1091 698
6808 4612
9741 1993
8342 7166
6622 2820
4017 4490
1094 7580
2690 7788
6511 911
3290 1994
1922 7924
3306 4257
8528 7170
2695 5258
9550 6685
2967 6118
5069 2002
5718 9755
7228 8399
2665 7286
8877 8353
4283 3595
9825 214
9323 8676
7683 1226
656 335
8278 8578
9876 6745
3718 8122
799 4570
2715 9541
3570 2114
4801 8696
7617 1967
4527 8130
5716 3980
6460 7395
7757 5458
7589 8845
1612 9493
8282 4508
170 8452
4116 6301
4631 3466
980 4610
204 9840
554 7561
2186 9400
683 9403
9798 2380
7997 1855
4181 858
8448 672
4743 8049
701 6323
8032 2050
3320 2122
5336 7890
1904 9870
5448 9081
6740 3126
8909 9924
3042 6355
2299 6644
4857 2921
6068 2835
3164 1078
5993 7909
2541 4820
9335 1345
8516 7588
9820 9474
3628 2849
7051 8445
1890 5744
2929 900
3966 46
4256 6815
9471 1003
887 7992
6755 2144
6019 6670
4934 4957
7677 6087
7714 7201
8687 6702
5584 277
598 3944
9749 6092
8277 4511
4528 4217
337 5235
2932 508
3720 253
9339 4851
1962 7669
5114 6010
1504 8327
6779 6574
5716 5353
5392 6680
4143 3736
5672 7598
1941 3415
6878 8451
8026 6589
3164 5433
563 5754
9866 24
6995 1100
3815 1748
5290 694
9269 7276
2039 9425
9882 8662
1391 8816
4026 9811
3426 2910
3796 8367
3548 9652
4586 4638
6403 819
2584 354
4230 5971
9895 1863
7287 8983
8733 6389
51 5967
7864 1386
3592 9742
9643 9575
882 9068
6917 1406
5647 7745
637 6630
7573 7030
1485 6283
521 669
5246 6631
280 4799
1799 863
1621 4607
6546 75
5595 3603
5477 5786
2938 8104
6665 1469
6597 8399
8626 9432
4628 5250
4605 2414
5796 7403
4621 9934
8388 217
6236 6966
8871 2050
2750 3561
359 2678
3950 430
6262 6326
2437 7565
4621 5279
1009 6049
1712 986
7200 9629
8879 2985
9371 1342
7337 9644
7371 5027
8317 7635
5829 6066
1904 5604
3234 6814
4641 6585
4561 246
2808 2237
8467 2597
2560 7419
8433 5887
7778 8978
2645 4038
5087 2525
4841 699
5984 7855
3211 8946
3094 4642
8372 7787
3789 4201
4834 437
5584 2086
7180 256
649 8561
509 3162
8334 5827
3687 6563
5542 8435
2109 5309
2569 9600
4191 4424
1843 4423
5456 342
512 1136
9609 6655
378 9955
1939 4869
6872 1398
2196 6916
8990 2227
9051 2680
8075 9187
6992 2818
5796 300
5582 9845
1543 3476
924 823
3978 1425
4080 8081
3311 5257
7420 2284
3437 5977
6261 8353
2080 3001
647 6550
2492 2131
8974 2571
8456 243
6274 7186
7636 5328
6656 5014
8838 6474
3782 2669
6059 5381
3703 1944
6506 7473
5788 1133
9994 650
2028 9682
5828 805
685 3829
3417 5888
7401 4355
8412 1814
4920 2958
7284 9730
799 4282
4268 9202
1847 8202
2218 6565
8392 214
4322 5518
9469 5213
1501 5641
7241 5081
7535 3174
7937 3297
9180 6786
4458 2857
5292 3623
9230 4112
1540 313
1135 9905
5982 4964
8100 9382
3462 6452
5722 2110
2004 3527
4666 7917
625 6512
8607 7452
3442 1610
8115 1330
9719 2796
5989 5937
6144 4228
7386 6519
2341 5354
5705 1942
3426 5062
9076 9141
5833 5095
9576 9171
9606 6628
799 6300
1782 3915
9063 5590
4374 9254
973 2581
4066 7163
9837 5546
4691 9218
8295 4158
8096 4046
1289 2274
1841 2066
663 2775
3020 403
3777 5306
6891 2605
573 4707
2136 5266
5947 485
5834 6498
814 7299
4382 8679
8056 42
723 2602
6682 4719
4216 8550
7551 5721
5441 1990
9383 8935
9364 4428
7091 8597
8222 4423
5672 8256
4168 9409
9552 3456
2307 9444
8768 7805
7091 3210
5414 867
2541 5618
720 9987
6274 2668
7416 2194
5911 1793
1809 4985
229 1322
1709 2235
1253 2022
6383 5402
2496 5531
1472 3322
1041 788
1844 7005
6717 848
3520 9730
8639 2835
1194 5413
4747 5964
8617 3995
9778 946
5311 2055
5366 7873
1524 9766
6261 8877
2693 7732
4825 3173
5365 2403
5270 4773
6783 4483
3444 4262
7070 7569
7439 8676
2904 8988
2541 6936
5206 8272
4322 4062
6998 5659
7471 8298
8576 9637
7724 4954
186 8274
5057 5851
5926 7857
7078 8524
297 7559
5575 9909
6787 8410
4526 7692
5976 3526
7407 8731
7591 7775
2890 1446
7851 8060
6834 1129
7740 4480
6935 2864
6776 5351
3452 1641
4724 2895
4032 8463
7826 7517
280 8018
4650 1837
2651 9400
5004 4193
1503 4205
5091 8947
2694 4251
1286 3499
706 9125
4168 5807
4589 2475
9595 9500
1764 1240
5829 5440
836 7848
9074 3904
1750 3549
4970 3700
8576 4411
9405 3843
4613 30
3161 302
3065 4244
3009 4873
3529 400
4673 2138
5364 4405
3840 9585
6788 2302
1532 7399
6976 2373
2903 9217
9022 6759
3274 5361
850 9589
266 6700
2954 3965
6471 9931
745 250
3934 589
7101 6248
5554 6330
7337 8676
7687 4427
7994 5232
8681 3974
7337 7439
3042 2856
4515 9046
5818 7538
3529 8226
1853 6219
2908 7496
5046 7908
5818 584
3289 2567
850 1659
8754 5271
7180 1769
2256 9759
3537 6910
1307 8289
5576 4511
3871 555
4340 4339
666 8184
7054 2910
8889 9308
2695 552
9043 5451
9859 5804
9029 1160
8512 520
3077 7822
9480 6659
1228 9268
3205 6241
4670 8969
8649 9284
8945 4539
8392 9825
923 2277
1114 6637
948 2493
9777 4610
1474 2601
6041 3928
9275 6760
9775 2155
1121 2761
9380 2405
4515 2716
8053 6888
5045 4688
4272 8716
414 2861
3373 645
103 9934
4469 1378
1732 2952
8770 705
6321 6110
8737 9172
7951 4021
7676 4474
5621 7451
9014 1315
7876 3382
3212 9634
6703 5710
4434 8818
905 5874
103 5279
1102 2027
9587 1705
9836 6378
6591 3957
5091 1947
6068 9721
1907 2607
2363 9472
6126 7375
8961 3937
1368 4966
4777 2800
2782 6918
1388 7972
9028 3551
8494 669
2845 6180
1808 5471
6998 139
9165 4693
667 6367
6064 6316
3240 3760
5943 72
696 9676
8762 6056
725 8571
941 28
8871 8032
5858 7658
2619 3949
6067 6944
2517 9409
745 7316
8454 8955
8039 8878
116 6642
737 8525
9009 2499
7613 3717
8427 4952
5572 270
6306 7949
2568 4751
3283 1742
7192 6866
7989 2719
6154 352
3645 8901
7474 4759
7717 3356
2308 3799
2112 9764
128 6156
3377 829
7465 9525
6054 5906
7722 6948
3979 7141
9371 2094
8304 1007
7734 9369
4092 8916
6927 6392
4631 6743
6769 7616
6197 3908
4605 8788
6446 8549
5133 152
2631 989
7432 4151
2848 8756
2662 7397
6785 6895
5672 9327
5179 5411
2986 1981
6785 7165
2218 1587
8148 2371
7982 1480
3050 2684
178 3584
8007 1224
1997 4809
2399 5155
9178 379
7839 7328
9983 1378
2955 7085
1499 4832
8747 2106
512 1590
3520 7284
3644 3732
2416 8744
3825 271
9154 3563
4591 192
5802 7431
8075 2199
112 9465
2012 7784
8882 597
5146 3317
6290 3470
2671 6028
5724 2190
7554 8927
3927 8685
2858 710
4211 9944
8534 8268
4326 5965
7528 2692
5599 5487
8388 1123
7970 1247
8926 9395
4343 5421
1772 2459
151 3609
1561 9878
4017 9098
5609 2443
9076 8274
6299 7040
6113 4003
6265 5612
8895 9529
8195 4584
6069 8259
8238 5719
2977 8109
6783 8718
168 5239
1834 8513
3973 5299
7921 1295
4386 2734
6564 838
6249 2088
4650 8159
3458 8756
4129 7251
6950 8612
5743 8135
6922 1225
7140 4626
3458 2848
8910 6160
5794 6307
7679 9733
7666 1274
8899 1994
6293 5005
6001 6611
468 411
5066 2274
8555 3303
5405 3354
2414 8788
4978 9418
8254 3409
2363 834
1621 2588
6740 2757
472 1245
5457 8539
7829 7181
9434 8055
8182 9060
3986 9256
6935 6651
6240 4566
8158 9734
2320 2824
2527 7697
5634 2003
6102 8748
5835 3539
3478 3471
9120 5465
7766 6364
6094 5162
2517 5807
2242 3997
4622 6443
8029 7293
7054 5062
8456 7796
8297 2002
8681 7630
7304 5849
2349 802
8854 3737
1553 911
1892 9341
9861 8358
8694 4823
7951 8165
5046 8062
9983 4469
4706 8327
5621 2046
3017 7866
2073 7580
5118 3787
6638 5657
8214 8844
2812 5766
7313 8667
5050 9223
5240 8324
3364 57
4763 4232
1114 3024
5453 4745
74 2897
8825 9638
2922 9985
3917 835
5946 9771
9976 6702
4348 795
9258 6245
2899 9342
626 4982
5788 7814
9313 7846
818 3152
6558 889
2987 2505
2840 7170
5142 6010
4372 1413
400 8226
6951 7281
8833 3516
5877 9384
6703 3396
393 2659
4071 5633
6078 5521
6755 7939
9029 5277
2191 8992
6878 2769
2391 6135
5409 1021
3320 4748
460 67
290 501
7061 4443
8312 2413
8206 8724
706 3358
9296 8262
5927 4815
3286 3483
1774 8286
2830 4107
1815 3713
7126 5132
2887 9629
154 7602
3283 7379
7894 3929
5771 1805
8356 4087
9472 834
4326 7361
4861 862
6878 4698
2868 9628
3108 8079
5098 1900
5194 9054
4524 6645
3825 4468
6560 2135
5476 4008
652 1333
4829 2418
6489 6103
484 6060
4407 4097
3592 5149
3504 6531
3041 4811
7369 2000
4883 8673
8047 1596
6496 2654
6467 7473
4960 8668
6166 2357
1532 480
9205 893
6113 5360
4819 6625
7402 9706
7228 6966
4124 7924
739 912
7225 7239
5571 1324
5251 4161
8233 4022
6787 5381
2105 1220
6459 1182
9751 4712
3444 8450
4847 4402
6503 431
5244 7775
1987 7827
9582 7267
3052 4466
5066 1289
9253 7268
9110 9892
7734 2473
6224 3227
2383 9629
8639 9721
4058 7928
2905 1239
1397 4512
2903 9579
6249 9928
7155 4352
8208 5970
3412 2081
6507 9977
8853 9346
5562 6363
3283 1787
6496 5362
7164 7476
5619 2733
2202 5095
3417 6789
6446 1898
263 2213
8075 7373
5226 2703
2531 9208
5358 289
8430 3564
4202 3539
7663 2431
2109 2640
7216 6686
5043 8391
3073 2797
8769 9805
5957 3869
449 2991
2750 9381
5041 4281
1178 8002
7815 7139
227 3593
2572 5600
9844 8757
5695 6615
7980 9765
9660 7412
781 1537
9074 9527
1176 7089
8694 6961
9694 3068
7636 8181
8733 9795
1335 8149
9204 627
9753 2260
5092 7931
3900 3669
5539 2269
706 6022
5725 3453
8789 5850
9203 6517
7291 5806
3830 7333
9545 7129
5325 5116
2740 1958
7091 4331
129 8918
6744 6072
1777 2638
9694 7440
432 551
9227 1188
4597 5769
1163 7281
6123 7493
301 3945
2570 1389
4878 949
2853 4297
7651 2267
9654 2729
2020 1293
8318 4560
1978 7390
8467 8660
2986 1061
5259 5779
2024 5410
4854 4722
5038 2533
4253 224
4027 7770
6244 8055
3141 6897
2644 819
9812 3340
5685 6928
4577 8898
4582 7571
492 3897
4489 6146
3727 2468
9269 259
1287 4232
6920 650
6407 5505
2159 9266
5340 4507
8508 3803
8313 655
125 9091
7940 413
5940 3146
8502 610
2830 7965
5399 8187
5752 5159
8080 1770
49 8491
678 1187
5364 4762
1249 3061
2984 8655
3056 5758
2801 3875
1740 5625
9980 1033
8703 6277
2814 461
1039 9068
2863 454
6068 458
4184 8958
2882 8407
6580 4284
1981 1061
1025 1730
3020 1141
697 928
3936 5779
4184 7885
6334 8850
9275 6084
383 9891
5690 8785
4564 5029
3357 2973
6497 7309
2200 5874
1459 4952
5678 7147
1962 2520
8575 7568
9383 9941
549 5883
7189 7827
73 489
3068 7440
3417 7151
2098 1208
7112 2127
2270 9048
8746 4667
9921 1489
6338 2655
4159 1609
278 4136
5673 2222
7864 5117
7593 8303
4235 8633
3246 3760
6614 6429
8482 3619
8536 3625
8892 3468
6045 9030
2012 4261
5133 8464
9452 4821
4925 7670
7893 8577
4675 3949
5248 871
9238 8363
5092 5245
2793 583
4908 4580
158 9385
4265 6865
2156 3700
2270 2263
4545 8665
6689 6666
5572 4234
5129 5676
9492 2371
2148 2717
2576 4880
1127 8868
6741 3230
9421 1020
1570 7752
4697 1151
6527 2798
3575 5469
1312 4239
634 2431
8949 9591
5617 1801
3567 6620
5374 7221
5325 1497
4529 461
9107 4397
2750 4225
1722 7323
3212 273
8494 521
8287 5054
6839 8170
5989 1984
2320 7275
6571 5721
2256 4618
4586 4615
4003 5360
6878 3413
7325 5512
1372 5873
3637 3273
3638 5958
9286 5255
8156 6690
4914 7533
2195 5629
1059 2852
472 1681
4065 9942
7750 2796
6471 6678
4340 2053
7808 6323
6393 8586
1202 1208
3936 5259
2943 7357
1368 1894
5515 6303
1525 3762
5592 2623
3358 6022
7402 3414
4013 1854
1075 1916
7715 6012
7117 9674
5482 406
3884 7832
9779 8483
5542 3327
1680 3176
1417 891
186 7385
8961 4337
1271 3142
3466 6743
3205 6066
5513 3583
6779 5992
3543 5975
4305 6230
8205 4325
8871 5344
1448 6963
5957 8067
9513 2883
4361 3702
6845 5195
5496 1425
1645 1205
5437 5258
8282 2461
9362 9769
8528 861
1554 9415
8342 5132
9450 602
7839 8020
5071 6745
5771 9186
1417 4627
9363 9653
7963 3803
6244 9434
9132 9112
176 6206
169 8229
8990 9210
460 1383
4899 2077
3543 4632
2868 1744
6020 7553
6789 7151
6650 6029
7469 550
129 5416
6597 6966
9469 2658
4931 3302
9812 6330
2984 2855
9598 1581
683 1107
9320 330
1084 7709
7171 9111
8433 2388
7792 6319
9362 5280
685 1791
3861 7888
9832 9717
2070 244
80 5272
6667 883
1484 5211
6380 3945
3239 3758
3463 3559
6748 6361
3164 8924
8640 9730
8356 5529
2087 619
9543 9309
1566 1489
6511 2907
2948 1683
7625 601
4622 7448
2178 5545
383 3528
1172 2301
6614 4547
1926 8593
5975 4632
2721 7239
4312 3389
6448 3298
1364 3157
8887 7409
1004 5726
4529 2814
2513 8695
3397 2003
2339 3482
2139 4464
5591 770
49 2958
5313 9162
8177 3203
7980 4355
4777 421
9082 2036
415 1229
5597 2581
2429 3471
3065 5945
2159 6237
8039 1237
1476 3915
7189 1987
8021 7709
8317 9973
3432 6087
4483 8718
723 2744
2834 7899
3537 9407
2013 9482
208 5663
2340 7592
1978 510
3907 4539
8333 1214
6964 6343
5477 5503
116 8500
7557 3187
383 1362
960 7227
6953 8966
9501 1090
6819 7909
7637 2424
8736 5936
9483 3583
5364 498
3903 6298
2756 5986
2650 9829
4620 438
9345 8601
5274 9774
2918 6774
1385 8202
7898 610
6720 7555
2835 9721
8607 8138
715 3859
1621 2810
4918 6778
6324 4607
651 3014
547 9589
5942 8379
4058 9803
2824 7275
4747 1575
6380 301
1166 9890
1300 3860
4246 8590
4070 3376
5256 3016
51 4145
4246 774
1802 1125
7862 3574
8590 774
3405 6940
3417 8580
9226 2971
410 946
9856 3506
3543 6777
4864 5931
5840 5990
2634 9547
9076 7385
921 2622
7336 4190
547 1659
5282 1470
8144 205
9871 3310
9364 7335
8074 3013
4678 4417
8053 9854
9611 3268
414 3834
5647 2366
1498 9416
8094 2872
1388 8635
2033 3889
6539 4461
4665 9789
9450 2030
5696 57
8935 9941
4628 2485
7467 4611
6741 9072
9292 9340
5052 4890
3095 2192
8547 7133
8951 6815
536 2165
2572 3305
5592 3617
7748 2130
6493 5450
4141 9559
9902 9904
8132 6238
2033 377
4406 1277
8512 3376
2697 4569
6937 9599
5252 4892
4202 5835
8474 9733
8549 1898
7155 1517
8032 5344
907 9271
31 7904
1091 992
8882 1165
9247 3416
2527 5152
8096 6759
2080 5781
8650 9001
6937 7198
393 2092
3205 5440
5748 657
6788 1193
9580 7256
7471 3788
4346 1395
1834 3958
5335 1735
6821 6722
9276 3427
1477 4996
8639 458
4513 5286
3796 928
9498 686
6214 9887
7997 819
6913 2328
5045 1227
2201 5417
3385 2438
4311 4157
21 153
719 5512
5777 7498
577 9382
6646 1710
4549 6226
6370 5084
4401 2115
8206 5894
7695 2214
8512 4070
7923 6698
8233 7788
3802 350
4746 2407
3357 9417
6086 9929
7098 8040
7446 4422
6779 4772
7446 1734
3562 7146
5998 8602
5660 3581
1027 2312
4841 3650
9323 8817
6143 3091
5993 8437
27 8859
5374 5338
8903 9883
8614 5111
5947 4088
3238 3828
6129 9499
8077 4780
9508 8727
5442 3622
9310 2061
2389 5744
9080 6181
5358 8540
2073 1094
1163 6951
1344 3191
9566 7705
6983 5677
8318 1371
1800 893
2122 4748
3345 3987
5136 7969
5164 7278
4931 9300
3399 7261
7477 9557
9984 3569
3935 6974
7766 5471
8527 6013
7091 2237
1134 2920
9853 4882
3397 5634
9819 1200
4861 7114
3961 8239
781 6342
3421 8752
5335 4206
4170 23
737 3787
1890 6502
3620 5594
9792 6165
5400 6340
5154 3303
3771 2072
7589 6254
4439 4837
4138 2898
5075 2533
1110 2981
4087 5529
5017 127
2298 522
3575 4987
7743 6928
9278 8097
6826 5689
3444 7610
310 2130
1025 7935
3520 1267
6887 2579
5579 7034
9477 6896
2754 3970
6959 1595
5496 3978
5267 3665
1326 8449
720 3952
8248 4748
8148 8758
8157 8658
7041 5324
9850 249
7586 5231
5855 4432
2586 5406
8173 6694
9620 4144
3789 6381
9872 1124
1281 4187
1579 1725
8613 6218
5584 6475
6197 389
4065 2669
681 6088
4794 4156
2065 2998
8416 1968
5494 8175
9312 5421
7864 6548
8631 7916
7686 5860
9441 2459
1432 4353
4379 8818
623 6486
3340 6330
4249 2508
38 7657
168 2460
9610 8560
8276 8493
6779 4517
1024 1077
5741 1666
5528 367
203 4201
9623 3598
2172 6664
9028 2523
7645 2128
3775 7409
8248 2122
4666 1580
5247 4818
8297 5069
5826 6137
2347 7496
1510 2245
5043 9996
7164 4034
1263 3985
7743 5685
5975 6777
1253 8434
5829 5299
9690 8366
1086 8695
4742 9191
5710 3396
1777 2962
8043 6178
9719 4250
7526 3829
8196 5888
3108 9493
1432 3609
7032 6046
4529 1309
1068 4004
658 451
850 9599
6247 9532
4353 3609
7646 3325
8895 1798
3077 7391
4492 2002
327 6566
3412 8221
3964 5166
4852 409
1451 5484
359 6566
850 7198
6030 7873
2845 9404
310 7748
5644 8439
6311 4823
8516 3603
7612 5954
359 327
9380 1361
9399 5021
9654 748
4442 4403
3132 3653
2381 283
6409 5804
9751 5059
851 1240
5009 4149
2648 5054
6336 9833
8597 3210
5821 4833
4376 4413
7520 8397
8347 9267
7528 4868
5993 2885
2648 8287
6244 3745
1566 9921
9513 6842
2084 4126
7221 5338
1244 7653
9913 2730
6470 9294
4756 4084
8860 1259
3730 4031
4714 8682
7230 3507
5624 1599
8604 3182
9177 1506
2322 1521
4888 1311
2931 1992
2210 8031
7563 1380
6598 6202
1672 9246
6465 1920
2629 9088
2882 7489
1110 9127
5655 6668
3364 2985
9080 4648
3561 9381
9324 1280
4981 1713
2298 6873
2247 6210
1203 4889
923 150
3348 7331
7050 7789
9075 9015
3796 697
2833 5769
3996 9108
2012 8460
8664 7882
1369 423
8163 9
2028 8917
6181 4648
1373 6253
8762 8400
1962 1586
3993 2217
6075 6188
4670 8875
4561 6528
7298 9754
3561 4225
38 7045
5091 5263
3646 9342
1876 686
9227 6424
2938 3180
8005 4158
6294 3960
9089 473
5030 8984
9677 470
3395 9400
6350 5487
5136 5697
7508 4081
9203 7332
5004 2315
6470 3284
9483 5513
3899 2427
5792 4472
1760 1820
189 1137
9832 494
683 8101
6682 5474
3264 503
2081 8221
6558 5746
8136 8730
6575 9481
5267 5463
9381 4225
6431 6647
7774 846
9364 6955
1715 7692
8610 1071
9595 2525
5300 79
5982 5686
7826 4422
3264 7929
6236 9139
1813 3402
7826 1734
2151 8396
3128 5775
6785 8298
6985 561
3437 2170
9351 5863
4401 345
1296 6904
7306 2405
8265 638
3355 5813
6311 6961
8634 2479
2201 3079
8623 5249
4248 8262
5441 2205
2943 4662
6241 6066
1448 974
897 7042
7551 2294
3289 471
3301 1314
2811 969
8218 849
6541 2488
4699 1132
2233 3971
7052 2597
1872 1328
3777 5567
2223 4917
1858 6533
1264 217
2887 7200
1786 3441
6935 9304
7411 4771
7660 7592
9080 1636
7284 1267
6366 7602
9217 9579
4650 8764
628 1140
5437 552
3241 8851
7977 5783
1735 4206
9625 8169
8112 5120
7162 7530
7669 2520
2256 4462
4558 4876
8158 2379
4855 7253
8871 4338
6286 6316
393 594
8903 1539
5478 6713
6181 1636
9896 3339
4870 2120
5802 1558
2814 1309
3363 848
5099 8187
4848 9102
5343 8923
219 6133
9865 525
5385 7331
9846 3174
9000 1327
2383 7200
6065 9557
3692 2737
5044 1216
8527 257
7853 1209
9154 4494
4481 3500
7970 2359
7209 6400
1525 592
1170 4930
3436 3764
6289 9711
7547 5800
6769 9619
8437 2885
4044 802
3437 2303
8108 7786
2463 9142
6789 8580
5713 5874
7876 8139
2827 1480
6217 3593
9016 5871
1786 8496
6288 5956
4636 6358
3801 4881
1041 7498
5963 1322
126 8680
4838 953
1316 4954
693 7378
4568 9215
6744 6756
1296 9118
3602 5922
4661 5275
2875 1869
7764 6314
1822 3321
7683 8657
577 8100
6376 8301
2749 3221
1453 5026
7514 3018
3494 1482
8231 910
6324 2588
3920 771
6094 5800
7472 7131
5316 6909
1499 5455
5355 7387
9661 736
3412 8921
4133 9669
1013 7113
1837 8159
7604 444
4022 7788
1592 5798
1107 8101
7999 5157
2311 8408
5335 6982
2329 984
8382 8790
2160 1627
3880 1314
9741 7378
4230 7897
4216 1231
2695 1797
1876 9498
6113 4820
6147 9116
4450 1450
8240 4171
8372 1902
1764 9354
9078 2691
3295 9409
5305 9438
607 5464
6781 1158
2341 342
1607 19
8156 6354
5385 3348
1819 6765
8369 9718
4240 4491
8739 6641
4186 6681
1203 2384
3718 3574
7851 1611
6185 6892
2676 9605
2247 6945
1553 2907
5378 4212
9521 9680
7157 587
9422 3721
2725 9502
2320 1168
8155 8068
8646 6187
1443 6323
5997 2776
2319 7895
625 3407
3894 6088
5748 8977
2471 5205
5826 4943
9494 6555
5392 1493
6369 3514
2830 194
3782 5949
1658 9010
1617 2481
5422 8647
1907 3400
843 9384
1331 2216
2421 2253
961 5931
2759 4390
6140 7917
3301 237
299 148
2835 458
6557 5170
3302 9300
1749 8272
5757 8106
595 3148
170 1266
3848 3896
5400 4660
9371 3091
8761 1088
6217 227
9655 1047
8926 6903
3275 8679
6796 1511
7341 9570
3692 7161
7274 1616
7697 5152
6094 7547
6081 3434
169 2613
3877 5979
9951 2214
9959 1026
7940 9367
6953 9087
2590 2002
460 7682
8356 7102
3628 8988
3529 5606
49 4920
8333 9254
2275 5970
5887 2388
1779 1081
5340 9712
4582 9155
586 9509
5372 2185
3247 2025
2648 5005
7721 4667
8694 3838
9464 8360
5185 2589
7126 1949
7993 7272
6210 6945
2519 160
3222 9638
4899 5445
7881 4204
8826 6592
2081 8921
569 981
4425 3276
9539 4774
3720 7672
4141 837
6976 5934
8482 9146
8754 6767
8940 9662
3391 9151
3070 6706
7157 9945
1897 3384
4168 6066
2812 8154
8512 5319
5838 688
3748 6394
9851 4011
183 4103
2882 6687
962 1993
1498 3099
8163 6215
8342 1949
8494 2707
3575 5424
8789 1623
3391 6310
5207 5291
7401 8367
5260 6319
3149 7268
6521 8752
8235 7969
5889 9095
3304 5712
8235 5697
3264 5732
7969 5697
6534 7396
7822 7391
9301 4948
4764 3849
6370 8477
850 6937
4766 699
4915 8668
9775 6367
7763 8997
9099 7003
7905 2243
9531 386
6329 4002
6317 7240
6040 7493
4069 4284
4966 1894
9207 2249
6735 4285
1502 9034
8147 6952
2266 8099
5251 6323
4762 498
464 9142
2566 127
7386 1953
6059 7924
447 5566
2132 7609
3020 5633
7341 6361
7185 418
3295 5807
4588 7976
6887 713
2737 7161
3458 2897
8116 4601
7608 6745
8342 7126
3880 237
2129 2561
266 6434
1940 8409
2065 8271
8648 2952
4525 5676
126 7753
8897 8358
6329 9360
6190 8524
9713 6930
4706 1504
3900 6232
2704 2583
5022 8337
6193 9395
6212 5361
3143 757
5162 5800
6318 2912
4189 374
4961 8848
3614 5401
2731 6160
1474 5403
9570 6361
8470 9236
5454 4123
4216 3555
3796 3146
7841 2632
6503 409
8484 8363
9421 7680
6384 6387
5858 4965
149 7933
2316 2168
8399 6966
6813 8446
6113 5618
4351 566
1630 3118
6214 970
9643 4667
8998 9353
1990 2205
656 5550
7746 5547
7452 8138
9863 2761
8103 7878
136 2386
3286 1985
2659 2092
3630 7435
5447 4021
5314 6974
7839 1973
607 6636
9434 3745
8872 2598
84 3455
2620 9897
5794 915
4357 7538
7073 8922
4357 584
1040 5216
982 7387
4036 627
6159 7861
6113 6936
2831 1820
8032 4338
9113 6835
2383 2887
3373 2027
6321 1544
6241 5440
8829 1804
9836 1468
9694 7609
5409 215
9026 9589
2045 9666
9631 4436
5621 7488
6222 9242
2029 6097
8887 7476
7073 8442
417 2162
4028 8632
897 6106
8155 6173
9026 1659
5916 893
4620 616
5833 8930
9153 5598
7577 3566
8910 8741
2272 7503
7337 8817
1166 392
5767 4110
7447 9739
9913 2994
7432 2240
9576 5578
5478 1118
8010 8445
5292 1323
8944 9615
628 9641
7216 4114
3825 2741
9753 4880
6757 2447
9442 1806
338 5837
8886 1603
2795 5018
4704 5749
2079 2582
3911 7346
7717 5988
4181 6138
8688 1649
5966 9579
2105 3988
8640 1267
2034 2169
5140 5025
1347 6642
2141 1220
4545 1033
3236 88
5087 8097
4168 5440
8761 9592
8433 241
2650 46
8833 1297
7117 6524
9518 4403
6068 9231
9694 2132
5896 4798
5972 4229
2024 9981
7230 1530
8308 9005
5695 6456
2651 2186
9028 5613
9832 5349
6650 8538
383 4923
8839 3715
8200 2996
8869 571
2258 9629
6503 4852
3306 4844
8534 7990
516 5564
1954 7349
6967 5602
5696 2985
6435 1171
391 5064
8200 6018
8174 7146
6954 6513
8541 9736
2821 6896
637 4755
441 7833
8112 1512
3412 4090
475 3811
521 2707
4750 7384
7668 6095
2643 2290
9882 942
1426 3521
7142 3291
7117 815
3872 2338
2193 42
7257 7124
9741 693
5966 9217
8420 3450
8402 2102
3576 5656
2808 6856
8392 160
1433 8868
5447 8165
1974 329
8956 3309
7880 7972
2039 2072
8334 3272
2310 2551
3903 2224
4645 1758
2052 3092
2904 7840
7937 8927
5126 6532
9043 7423
2099 8411
3703 3965
7787 1902
7257 5675
6983 2546
9075 4354
189 3266
8957 7019
8160 1005
6140 1580
9614 8697
7124 5675
6278 3970
987 4730
8784 763
9129 3047
8217 3764
8948 367
1111 8210
7676 8239
4168 6241
9149 6378
7973 6523
8403 8760
1565 6339
1230 9249
2356 6182
7228 9139
394 7527
4744 916
1177 4081
9542 1869
9183 5093
8645 6038
2080 388
5664 7076
4763 6850
685 5307
9828 6077
7750 4250
1244 8452
9963 6588
8674 4118
1501 2857
3935 7631
8412 1916
1537 6342
8295 2459
1202 2098
5678 1147
9519 2124
6852 879
4409 5610
1247 2359
4706 8983
6497 1923
7751 9224
5357 4897
112 7681
4020 1698
5527 4811
3592 5832
8080 3098
3996 932
8196 7151
3320 2439
8050 9316
755 5756
6854 1115
2139 9248
1275 1418
6290 1382
2198 6911
8173 603
2725 7459
5460 4541
8828 3761
8942 601
2028 2400
2625 7152
3311 6362
1579 2448
299 486
8132 4244
8079 9493
2695 1320
5114 4171
2440 7956
6336 5581
822 3126
9492 8758
8051 7988
6065 7477
1008 8091
6707 9891
4016 6171
7695 1133
2590 4492
3369 4770
7162 5420
6511 1967
6324 2810
8054 8237
2045 9946
9229 7046
5650 1783
1605 5702
7712 4893
6787 7924
9257 2274
9446 8771
1509 9062
32 9845
4293 6479
2648 6293
8779 358
3692 7400
6491 2739
6965 7293
9076 186
8562 6827
4243 1610
9778 4480
4394 3296
4664 7279
602 2030
652 4836
6752 7116
6371 7076
4864 5688
3771 4802
5777 8849
5961 4441
1918 4648
4235 3135
2486 9841
8123 9986
9661 8706
403 1141
2210 5047
1520 2559
3278 6986
5175 5651
872 4276
272 6194
4810 9784
6565 1587
1915 210
4887 2678
8526 9138
6677 452
1002 2871
2268 9280
7573 599
3205 5299
3627 8379
7812 6653
9521 7628
723 221
4716 4294
1301 3660
464 2463
3845 6768
8996 8213
1035 8997
1928 771
8212 4791
2081 4090
484 6176
6205 8449
5865 5458
6091 6015
2341 5456
8814 6401
7645 8229
6311 3838
8088 5870
1915 4792
1831 5955
7341 6748
5911 2396
8516 5595
9646 3468
6558 4512
5582 1159
8386 7042
2339 9905
1504 8983
8075 5143
4259 9467
2631 9937
5317 309
505 1239
8479 2849
7226 347
4360 3948
9345 541
3252 3852
1369 2886
5388 8330
4240 8113
7526 1791
3727 4790
6382 3510
667 9030
7945 7130
547 9599
5359 1223
5371 7408
1018 8796
9550 362
8415 1158
6130 8476
3775 7476
662 6644
5436 5939
8282 2077
2593 511
547 7198
4888 3847
7806 7227
6416 1545
4701 9251
3748 4826
4915 4960
8340 515
1543 5076
5126 8438
3062 9170
4729 1752
1388 1380
3657 6547
3664 6822
6992 3297
9625 1384
5974 6611
5766 8154
1966 4035
9466 2978
348 9834
5256 5964
7052 8660
6919 9414
7636 763
1918 1636
5575 8189
6638 5565
1264 1123
2340 4993
5856 8986
4756 5607
681 6918
99 589
2651 6991
3635 8114
2462 874
4922 8574
9244 2111
4980 1141
6852 496
7586 3843
3056 9708
5812 3669
2070 7064
2016 2367
2088 9928
3544 137
5624 3288
3490 7186
5574 6572
7588 3603
2347 2908
7719 1356
2749 7057
4438 9842
1722 2698
337 8751
7230 5820
8968 9842
8968 4438
751 8925
9089 2825
9596 2101
1492 8065
3356 5988
7853 900
7636 8784
1808 7168
2201 3281
7432 1810
2649 7034
5831 6552
5838 4809
278 9561
7683 7278
5690 86
128 6770
6717 8760
8712 6574
7646 3694
4980 403
472 9742
2623 3617
5962 2917
625 3726
980 6986
7402 196
8690 6012
1515 2536
9376 3372
2186 6991
1041 8849
1626 6974
6716 5625
7257 3285
9508 5209
814 957
8603 4902
3979 3390
5441 7781
3243 5516
1039 882
173 9202
9649 795
203 6381
7950 945
2164 4832
7189 4964
2824 1168
7982 9295
9383 8612
9858 8478
4374 3282
7884 5036
3730 9277
3283 4894
6595 6116
5573 1921
5091 7957
447 3492
7324 7399
3490 2668
2178 197
6256 9011
1864 7983
6069 5905
9888 426
266 546
7115 966
7603 9597
8887 4034
6244 2082
1232 9763
7066 6628
5428 92
7726 3626
5584 118
3540 5493
5007 9839
4887 6566
6471 242
1652 9457
2121 2766
6371 5664
5240 5603
2833 4597
2749 6691
8053 7333
5942 9987
9927 6028
3894 6918
1146 3502
1670 3598
2687 1848
9960 2115
9 6215
4766 3650
6416 485
3578 3930
1954 3217
6957 4713
5314 7631
1756 4237
4912 3044
9967 8391
2125 6004
4560 1371
263 8048
3923 3887
6707 3528
3442 311
7903 4167
914 5465
5535 92
9452 7269
6094 1952
7124 3285
3478 3089
615 58
272 8655
6143 854
2759 4643
6353 1128
3442 7794
6154 927
1130 8370
6016 9886
4087 7102
7905 9725
5912 4862
359 3708
9773 4076
6470 4935
3382 8139
2137 6013
7975 5224
1515 5709
6382 7375
2039 4802
7917 1580
6755 8578
3553 5322
4425 3152
2239 2723
2370 2386
5466 473
3730 1455
8691 4533
8056 5283
6938 3375
5915 5747
3522 5135
3192 4778
3644 376
1622 8850
5374 3990
1304 6202
2843 1613
3127 8404
2565 9800
651 3689
7431 1558
9028 3759
8132 5945
4589 7934
5796 7266
3323 3937
978 8
4311 4990
6525 3398
1955 2118
6707 1362
8217 3436
8591 6628
7843 9216
9610 6844
1612 3764
7437 2803
7192 2241
3901 753
2332 8884
2694 4455
1463 2709
7784 4261
697 3146
2620 7639
8732 3860
6560 9156
556 3144
5777 108
73 6686
8196 8580
6256 5438
3385 9462
8626 72
4315 4271
4102 2279
4186 5395
51 2728
9257 1289
3345 1185
3234 4165
1287 6850
7335 6955
9570 6748
5683 9419
9860 839
3612 9073
325 8086
431 409
7312 984
7551 5938
6123 9926
2543 1441
647 4262
2834 2219
6427 3125
8051 9266
9545 8280
9065 3678
7507 9632
6223 9385
191 7370
6943 3349
9159 2605
7499 4709
2845 4566
1204 4459
9737 1738
1170 8587
2678 6566
7091 6856
6193 6903
6959 6975
5535 5428
7758 8184
6650 7436
1440 6283
3525 3811
4311 7450
7819 827
7051 2321
5573 4476
9743 4832
3277 4152
2542 6423
5759 1206
2590 5069
4180 7435
8591 7066
9128 1420
1194 6174
6137 4943
2067 9306
7349 3217
8707 702
7184 8002
6194 8655
1782 1073
1563 7552
6671 3663
9566 8351
5364 5878
9765 4355
1217 3012
5935 2342
1041 108
8322 8449
8648 1732
1062 4416
3188 4971
2737 7400
3871 4123
5748 6640
534 7340
3143 8419
6923 3033
7688 842
9345 6585
4877 7775
93 6302
4084 5607
8768 5769
2178 1078
2042 9894
9951 1133
6238 4244
4563 823
1709 4137
5620 6201
438 616
8644 1103
8976 8514
3446 5432
7666 8049
5175 5187
3195 7183
7712 1721
4216 4788
8512 8803
7660 4993
3426 8729
6462 1269
9466 3353
3968 2551
4333 1599
5222 1906
2560 8554
7365 6155
4070 5319
4620 4221
5597 973
8108 5965
360 9054
7576 1896
4395 1541
7669 1586
3005 6364
9274 2893
5818 3110
7315 3674
7774 9898
9960 345
4065 5949
6785 3788
8248 2439
7973 3423
8649 1409
311 7794
5061 1400
7547 1952
1319 9004
8881 9410
4967 9032
3218 4149
2496 9282
6265 3558
4060 1934
5571 9414
8282 5445
9664 3735
3019 4076
2804 8398
9507 5115
6971 1663
1207 2095
1612 3436
8563 4761
9501 1816
4061 3588
315 7802
1917 8193
7685 8350
3052 9287
1526 9223
5940 5851
7274 9717
887 5487
1116 2469
5741 8497
4754 6378
3670 3517
7835 2561
2329 5331
6834 1946
59 6386
987 8711
2777 9359
5348 750
3835 5111
6236 7399
6527 1411
4136 9561
7291 1823
9247 6398
7668 5230
683 7785
8365 1137
8664 9914
1461 3648
7980 8367
2178 5433
2831 1760
2278 4745
290 6608
3523 6988
3920 7910
7401 928
3256 4173
154 1519
2808 2988
9043 14
2853 1220
1612 8217
6407 4355
5932 4869
2039 3771
8789 6021
6615 6456
3710 7693
8108 7361
9278 4863
7589 6412
8251 2583
7625 6733
8999 4214
9820 1689
2659 594
4066 6463
8431 749
7567 8831
4183 5516
6067 1169
5582 6582
2801 8720
5009 9755
8737 7014
1257 858
708 4432
5643 6319
8228 2614
6256 3773
4972 2710
2381 1842
3186 9559
6407 9765
8639 9231
7483 3860
4415 1730
7471 946
7360 1053
7061 2167
9793 7516
3718 7862
3775 4034
38 3599
2182 8315
5256 1575
8051 6237
7971 1994
8811 8785
2843 5451
8386 6106
9963 2376
1545 485
5092 8314
7104 7584
1756 1856
7287 5361
9538 3859
2246 6811
4161 6323
73 4114
7537 788
7015 2618
657 8977
3710 5988
9860 9881
6781 5895
1024 8665
4356 4688
8856 5255
2211 3447
7711 88
9205 7530
6236 7324
3999 7899
1927 3803
4177 5772
6244 8041
6054 5721
9132 7928
4086 4155
7118 8272
4210 3603
696 1860
5352 120
1004 2184
7230 6438
9587 3092
7577 9670
4238 8985
1624 5286
1046 1518
9371 854
6305 454
5248 7363
1041 5777
2202 8930
7903 6301
5759 1911
3770 3162
13 4871
4055 8862
9850 5879
7693 5988
2080 201
6385 4599
323 8447
948 5120
2573 4917
7073 7525
4816 8941
457 643
7185 1848
6318 370
4321 1942
9483 4474
6240 3749
8028 3016
5090 3443
7662 8977
32 1159
1956 1686
2137 257
3041 4882
4739 9419
1674 2991
5104 2284
8553 7832
2811 6322
8869 3887
9552 7762
1393 2225
5826 3072
3355 8874
2619 262
5776 4271
6496 9047
8047 6970
8601 541
2073 8925
5826 1830
6939 2353
3720 7094
1134 1311
7907 7789
9542 2875
708 5855
8369 4408
7712 3352
5251 1443
2929 7152
8599 4580
7662 657
4017 1258
563 9794
9940 3626
4428 6955
9421 6440
3594 2776
9895 7857
9792 9776
5802 3401
7306 1361
393 1610
4042 5625
8683 2254
8306 8124
4911 3124
1694 8329
3103 6291
586 5190
2329 8286
8737 4081
1553 1967
2961 6466
8736 9968
597 1165
7185 2687
4819 352
1692 5465
4915 9958
1626 7631
512 1598
3645 5883
2943 8704
5966 2903
9026 9599
5162 1952
9721 458
9753 2576
5720 420
7402 143
9026 7198
7148 6680
7013 8570
2693 1572
8512 7938
7800 642
7109 3780
3212 5658
9713 1971
3175 9811
3830 7248
3424 7496
1514 8821
5273 1993
8869 3923
6542 6358
3692 926
4037 1190
2531 1632
5796 7911
5854 9331
4001 5955
6959 4327
3672 3474
8854 9117
9244 2558
7348 5427
8797 5846
7236 9143
2096 635
7014 4081
3245 8722
1653 2607
1501 4458
7761 5519
146 7511
7676 3961
1253 8638
9406 8476
1134 3847
3920 6128
5185 335
1615 8275
9463 2484
923 935
3524 830
1955 7389
5235 8751
8769 4410
5524 5610
6478 3761
1829 8059
2200 905
9845 1159
9049 6349
3062 3014
8649 6053
4651 423
6370 7658
9132 9803
9447 9640
6482 8045
7922 8059
9078 3696
7880 8635
1472 5529
1925 5079
272 2855
8957 6220
4804 6556
8886 2296
7645 2613
8712 5992
5828 1671
8304 7838
9029 180
6238 5945
3242 6545
8945 5236
4794 302
1018 8773
3262 5465
1166 6447
5142 4171
7211 3651
2773 9332
6059 4124
8950 3731
2218 4174
513 9228
9442 6519
7228 7399
9773 1446
8832 5910
7091 2988
9967 9996
5999 7040
9896 5922
5690 6980
2696 3581
3934 5021
4237 1856
7556 3182
1881 5544
5776 4315
6819 2885
5448 2842
9595 8097
2568 6526
2398 2589
7612 4236
8774 8439
5442 7357
8622 6609
8998 618
1134 4888
4678 9908
8541 1482
4322 7382
3070 8513
9668 7873
5052 3172
3107 1092
6541 2456
1872 489
8512 8594
1372 3545
2834 9558
5818 515
1892 2503
5409 1513
6033 902
1110 5205
9270 5415
2643 4242
9100 4989
987 18
8687 6077
3846 2306
7117 7351
637 9401
6983 1099
5997 428
9113 4052
5950 6112
3899 7239
9380 3004
652 7462
5138 770
2182 3975
3894 681
3520 9185
743 1165
7274 494
651 6312
7166 5132
8880 9780
6197 1529
5118 1894
2264 1569
2211 2019
8405 654
9502 7459
4283 1541
6325 9528
4168 5299
1954 3621
5392 873
5966 3556
5136 3833
9274 433
4488 2491
688 4809
4439 5212
5175 2809
2973 9417
9743 2164
3239 8609
8377 8662
2542 5627
7851 568
7047 7863
4561 582
7808 701
5482 9309
285 2216
5515 5495
2457 7419
2517 6066
1116 8864
9029 6487
4728 9608
1990 7781
6089 9411
5619 9873
4370 9695
7492 4521
4617 2606
6236 480
9872 9541
8075 5901
1372 1427
4725 6495
8968 5651
4764 9723
1818 8633
4743 2036
2389 6502
5876 1934
9012 7404
9576 9929
7099 2941
4513 2713
6446 896
5650 8000
5582 9772
6686 4114
4159 871
1364 142
4729 8339
2634 9782
545 2639
8516 4021
3630 2930
4407 2745
645 2027
5477 4103
3421 2850
7474 2206
3019 1446
8858 214
7520 3406
6671 9807
6656 3654
5808 6420
6275 6963
7663 3372
7922 1829
8558 8780
3545 1427
3039 8249
209 1567
6872 891
1954 3891
4175 9002
8205 8748
1286 416
7228 7324
5476 2470
8640 7284
653 3374
3796 5851
1324 9414
5305 2455
6872 4627
1461 3668
6169 7279
5997 1394
3917 6674
1296 2487
6869 3780
3110 515
431 4852
8200 3001
3357 8781
8155 8503
9064 9970
7964 7705
1819 7619
8910 9021
3395 6991
9154 5871
8648 336
980 3278
1409 6053
8110 9135
669 2707
9373 5337
8003 3469
2859 5712
3823 9168
9590 4984
5448 6034
2211 6898
7839 1665
6817 8357
8968 5187
647 8450
5784 880
9501 5996
7510 295
7341 1240
9494 1581
851 9354
6792 100
9395 6903
6854 4396
1800 7530
439 6012
1774 3518
1177 7508
225 3715
7688 6663
5219 3572
3397 6644
2121 9220
7343 3125
5735 9562
4980 5633
8939 6133
5030 3539
1499 2983
5140 1859
5437 1797
7843 7933
8725 5328
2903 3556
8943 7076
8516 8165
1453 8446
7988 9266
475 7918
9205 5420
2929 2625
5330 5968
2429 3089
4246 1994
77 2844
8416 5698
5619 5742
3105 7440
3343 350
9105 2964
9064 9300
7401 3146
743 597
4180 2930
5181 1879
1523 2110
8415 5895
4544 1869
9059 3251
1650 7949
6671 5425
6922 6652
7651 9693
6416 4088
4428 7335
156 8016
8192 9560
5267 5308
5513 4474
8879 4176
5737 1416
5919 2163
1928 7910
1509 4562
1987 4964
8991 1620
1074 1115
7443 7805
1609 871
5366 6309
7591 6862
6671 6285
3482 9905
9970 9300
8761 5538
6228 8425
44 6182
2198 5083
6446 7675
7735 5106
6069 9147
3186 837
3983 7559
1451 5000
8982 4688
8712 4772
644 1741
563 4306
8087 3938
8526 738
7230 9017
327 3708
3017 6675
5592 6841
4742 8408
971 9233
2320 4339
1621 2923
9244 2466
9065 4559
9623 124
2094 3091
4389 7856
4571 4872
5044 8146
1607 9236
2180 2478
960 3139
1779 9358
5311 9196
8929 7513
398 4509
3664 7782
8968 2809
6382 6126
922 7788
1107 7785
2579 713
6481 4270
2819 9067
6052 5842
787 8823
8614 7022
9131 8993
3701 5541
8555 369
9464 558
4619 2607
666 4823
6511 7617
4675 262
4320 9036
7768 7837
9775 9030
9913 3691
7356 7069
1477 6515
5218 1122
3570 9001
4415 7935
316 2705
2853 2141
9844 3971
8333 3282
739 9010
6521 2850
8214 7390
5119 4304
4909 5217
9490 908
549 5806
1735 6982
7228 480
6959 9470
2590 8297
171 7643
4003 4820
7894 2441
9792 3681
7763 4169
2538 9685
1019 1026
3005 5471
1374 5346
6944 1169
7339 1028
8841 4542
5551 9088
5314 3935
6941 2134
8220 7279
5422 8320
4439 2746
9817 5971
8342 7896
460 4649
9952 7709
948 1512
9873 5742
1206 1911
6919 2800
32 6582
8043 1171
6995 365
8601 6585
38 9018
5331 8286
8008 1625
2564 7286
658 4385
8968 5175
3052 4807
4180 3630
6262 7513
438 4221
6677 3942
9580 8894
943 9568
8121 6479
6787 4124
7926 4896
8942 6733
7532 4381
5336 2581
7512 4318
9542 590
3481 8059
9935 6332
5962 92
316 5329
2643 3631
7808 9067
8071 427
7112 1350
5285 8468
5542 2838
3628 7840
6511 4985
2868 2305
6597 9139
4319 1634
1263 2747
7636 9758
7221 3990
1120 9066
666 6961
2235 4137
941 4427
8832 6076
7242 3144
682 8154
7526 5307
5514 4190
9643 7721
4333 3288
6282 161
1939 2185
814 287
3082 9170
2437 1425
6700 6434
6588 2376
4098 918
9490 5775
3504 6797
5572 5058
4679 551
1815 7376
7521 1208
4044 2349
773 4226
625 4598
3643 4405
8056 2575
8502 795
8935 8612
1514 2214
4933 5470
1417 3335
1612 374
7349 3621
5535 5396
634 3372
8004 9038
7577 9041
3562 1066
8160 1089
2715 6456
2517 5440
6194 2855
3457 247
5113 893
1271 4633
3362 2647
4492 5069
2280 1097
6244 958
4922 1278
415 1873
3055 1874
5274 9969
9690 9369
1995 6103
4847 7752
3475 8324
7474 8098
1204 6027
1779 7656
3848 8468
906 4441
5571 2800
3326 1851
6269 5105
3848 5285
5370 7742
3544 6538
502 6555
8471 9855
1694 3142
579 5980
393 4243
701 9067
9935 7414
3672 9025
6992 8927
914 9120
536 7832
4898 8530
723 8270
2247 2992
3922 8577
1027 3316
3252 2293
5904 753
7274 5349
5289 8275
1785 3925
3643 498
8694 9909
9863 1121
4864 4514
3149 9253
7469 1914
9976 6077
8607 9904
3062 3689
8039 7702
7617 4985
3234 9024
4915 1862
2052 6661
8954 4228
1498 8055
9447 560
2029 9214
8650 4453
4219 6172
1928 6128
9871 6768
5118 4966
5989 9822
4275 9529
3025 7972
1815 5959
7808 2819
2816 7599
8956 8258
6571 2294
5757 2464
5087 4863
219 9565
1348 1239
2944 2047
6311 9909
1007 7838
9107 3765
4619 1653
378 9458
3917 5953
5887 241
6411 4416
5244 6862
7664 1387
5343 4601
4186 6908
625 2501
2731 8741
4887 3708
1904 9478
2049 5499
2383 5988
3612 1828
6213 6904
1501 2392
6805 7044
8737 7508
8136 3159
5442 4662
3323 4337
8681 6540
4255 9971
8169 1384
2084 5874
3627 9987
6214 1196
7349 3891
9310 9939
6448 1618
7091 2808
4712 5059
1347 8500
7291 968
3286 6047
7401 697
1430 5793
428 1394
2643 4885
8725 8181
9165 9400
3848 9990
7287 6212
5791 3519
6311 8694
9396 7704
3543 6348
8892 2947
4641 1376
3792 2950
9728 1077
3597 5254
9845 6582
381 9949
2740 2924
6144 9666
9896 3602
2320 2053
8961 7875
9480 2066
9497 50
9580 2683
1207 5284
7746 6709
5316 2476
6493 8085
825 3960
1485 902
8235 3833
714 903
2421 7657
4577 5699
9501 2475
9244 2738
7980 928
8712 4517
696 3420
4926 423
8432 6567
9149 1468
2904 6436
6598 580
7864 9993
7876 5726
4046 6759
3587 8221
170 7143
6125 6563
9674 6524
8881 8421
6957 2231
8254 4121
4434 5526
9477 4929
3347 6389
9690 2473
1109 8859
9348 2884
7676 6156
3437 5351
1786 6621
6534 870
2887 5988
1800 5420
5136 5074
9181 6705
2905 499
8240 6433
8214 510
2278 5453
378 2509
8688 9468
961 5688
6757 5921
7109 7912
4202 9559
3672 3605
7940 5161
116 9090
8892 5646
7192 655
7036 4536
8640 9185
8512 1827
1120 5681
6868 1604
5637 2143
8787 7186
4645 8679
209 1057
1907 7788
1013 9706
7683 5164
7032 2405
5708 7
7764 7347
7535 6160
9570 1240
4691 1742
6059 1922
7549 5747
6638 775
2142 8863
5725 7974
1388 7563
6534 888
5231 3843
908 5775
2372 2435
2893 433
9009 356
5776 3508
6913 5147
818 1349
1831 6895
7160 7515
811 5747
1831 7165
3846 8840
6695 4269
8934 8967
8737 1177
3290 5786
8047 6800
9049 5692
410 4480
3245 6810
146 303
9351 9408
6869 7912
3645 5806
989 9937
3485 2709
3387 2498
737 1894
2704 1032
2986 8188
1472 7102
2666 1408
5366 7156
7993 8953
4283 4395
1808 1698
5154 369
6373 4048
9838 9341
6489 2990
6002 4832
5004 4495
1617 3817
7402 9496
1201 2058
808 6264
5809 8504
8372 2956
6987 8301
6217 9164
3478 7090
8787 2668
9674 815
9257 5066
5693 8537
8255 9870
3637 5850
8915 250
8555 1038
955 8418
2963 7133
7687 6790
5357 418
9576 6086
2196 9759
2421 7045
7532 8851
1343 944
128 4490
5528 308
4377 1506
291 3069
2398 335
8775 1180
8881 1885
5425 6285
312 7673
4915 8654
5210 4759
3907 5236
5045 2847
8526 7085
822 2757
8617 660
5748 6406
2052 501
9719 5729
3865 6760
3062 6312
4249 9790
3477 5064
7024 7899
9016 6114
1242 5500
7608 5071
1930 7583
765 6893
9380 6399
6912 8279
1522 3365
8047 4266
9743 5455
1364 5130
5578 9929
2961 1932
3727 7353
7843 149
4102 7985
8038 3841
7826 7446
9788 71
3057 3573
1381 4687
845 6161
4899 5018
1351 3647
987 832
8552 6111
5910 6076
5788 137
6144 9946
9963 3886
2875 590
9321 8030
8968 6179
378 8809
4825 8017
4257 4844
6197 5369
7898 795
7192 8313
5942 3952
8250 1215
9545 7219
451 4385
8957 3695
5748 2504
4739 5683
204 3081
8915 7316
3504 3265
5497 7909
5584 2302
2299 6932
5220 8904
4330 1559
6446 1895
8910 7406
6614 5734
4386 6189
6067 3734
1199 7267
8719 6211
7573 6180
2311 6439
6919 421
9799 8363
9064 3302
7054 8729
6943 6343
6732 4881
4525 5129
5056 1595
5916 7530
8475 7272
6869 7109
9995 1371
5466 2825
32 9772
2203 3468
5914 1970
2737 926
4249 1154
6213 9118
1940 1500
2560 5731
5414 9549
7712 4457
5571 421
472 5149
1740 5873
1565 8118
1843 9073
1592 2912
8346 4461
4438 5651
1202 120
4375 6203
460 1310
4714 387
4387 1387
897 166
8362 1291
3635 2189
6306 2508
2311 1353
7073 3287
7189 5686
9290 7655
8405 9493
306 9409
923 852
3108 3764
4691 7379
7507 8014
7284 9185
6478 8828
8010 2321
8944 6958
2472 1986
4558 8718
7159 8643
5428 5396
5792 8918
7988 6237
4252 2378
6696 5008
3525 7918
695 1141
9643 8746
1385 1847
4723 7632
9857 1900
6366 1519
7155 713
4803 8345
799 2095
7010 2257
8255 5604
8356 1080
2462 2748
5599 4688
3243 8407
2929 945
3643 4762
8899 5786
154 9031
6751 7895
2572 2506
5285 9990
3048 8261
4819 927
5571 6919
5660 3250
1465 2325
1682 5419
7859 2656
8247 5079
2943 1943
1966 6737
8304 3634
7677 8219
3643 5878
3070 3958
5437 1320
6956 9305
2791 220
86 6980
4766 4841
7381 2406
9920 5545
1795 9928
828 1723
4762 5878
3733 8093
4691 1787
4528 8435
5452 9167
7921 7457
2351 3051
5609 8985
6953 731
811 7549
8691 5042
4387 7664
6261 6464
6697 107
502 1581
3381 6050
7903 4116
4003 5618
99 5021
4532 3324
6241 5299
1192 6145
5528 5727
1548 9115
7485 2281
9853 2426
6539 1703
4398 1921
3587 8921
8056 6452
8892 8095
6336 8102
2272 6853
8468 9990
2629 9843
4166 8145
2123 1222
8155 5506
3614 5977
9603 4656
1709 7107
3663 9807
6976 8807
9569 9426
9112 7928
6787 1922
9661 9627
7662 6640
4887 327
306 5807
9802 7327
6752 147
7724 5547
5340 3741
3429 127
4230 9974
2098 120
4183 8407
4661 804
7312 8286
8687 9828
4379 5526
31 4023
3615 1431
666 3838
7126 7896
1308 5505
1697 6457
4319 8499
5061 916
9842 5651
9825 160
2749 6824
513 8898
1772 5632
8282 5018
4381 8851
4598 2501
6265 7620
4246 7971
6067 481
5653 3641
7721 8746
7014 7508
3107 9453
1765 3534
1064 3554
3865 6084
9860 8406
9983 2933
9661 1014
3701 7626
5289 1615
6124 6178
553 8731
7101 7962
7535 8741
7411 317
1857 4839
9657 793
7078 734
1232 413
3493 5747
4003 6936
2437 3978
9777 6986
6646 3153
109 5184
7324 480
8558 5326
2453 3182
4438 5187
7603 3557
3066 2614
892 903
4330 1729
6946 1470
1981 8188
4028 3527
2917 92
7635 9973
7160 1212
8148 9228
9545 5553
4405 498
9620 9658
8295 9441
9642 8731
5796 6260
2164 5455
275 8723
3710 3356
7465 2323
8686 7144
7140 8266
2821 4929
7025 2510
8039 7855
5441 6536
4310 2030
238 8821
7485 5049
9790 1154
8929 1633
1368 5733
9258 2393
1553 4985
7707 3150
3345 9644
3212 9975
8186 5499
6030 6309
7813 3434
1035 4169
8617 8458
6847 4324
8929 7344
2429 7090
1134 6216
3262 1692
3428 226
994 3532
255 6093
2853 3988
7867 4896
9136 631
7296 593
7677 7790
5185 5550
6661 501
8894 2683
9611 3854
943 8135
3303 369
2140 4999
1782 205
6946 5282
7195 4797
2042 4947
6262 1633
9793 8076
4006 4273
5748 5412
3367 6191
1312 1043
8520 8476
2868 674
9959 2682
2625 945
4360 4509
8315 3975
5314 4798
3078 6730
6626 7527
2154 3653
8053 7248
9642 553
6262 7344
5154 1038
1907 922
1476 1073
4181 4273
8441 9061
476 7536
4582 1789
2704 8368
1202 5352
2049 4045
2676 5723
5935 3328
4481 9532
9595 4863
7271 4693
514 2851
8222 9073
8277 2637
4181 4006
5998 6662
647 7610
7537 7498
8811 6980
9753 4185
8157 7598
6243 636
557 7565
4810 7494
383 9331
6169 4664
8161 9344
1013 3414
6275 974
9364 6319
9983 889
9845 9772
1685 6930
1925 9720
8235 5074
6228 1884
7072 7904
7155 2579
9096 5315
6374 605
6597 7399
9362 5328
1176 2297
252 3018
1062 5704
8542 7215
2122 2439
1514 1133
2835 9231
8575 3260
280 5339
2218 7992
5372 1780
1288 9740
3082 3014
1498 3745
6878 3600
9508 4523
9940 7726
9371 6143
7095 7789
7266 7911
4488 524
6699 1158
720 4511
8088 1386
4651 2886
5891 2774
238 2214
1388 1992
8512 5662
3218 9755
5136 5182
4670 1379
6704 3572
5035 218
1613 5451
1772 6313
629 6119
9863 7003
8910 3688
5229 6906
9110 4832
7543 9608
9286 3322
5422 7008
5803 1783
7118 1749
7980 3146
9461 3982
1889 1184
7392 4280
897 710
9842 5187
5836 8086
6396 7410
1679 3641
5854 9607
9469 1437
6210 2992
5140 3616
8811 86
8196 6789
13 9104
8028 5964
7148 1493
6606 1975
9507 1410
4202 837
4219 2673
4398 4476
4449 4611
5690 4008
7528 2945
2722 1699
1343 7908
4500 9575
9029 3987
6555 1581
2547 5286
3017 1396
2193 5283
4781 3276
7339 4164
1722 8791
7778 4391
8141 9811
4739 5857
783 7544
2182 4996
1324 2800
3339 5922
1612 4189
3850 8099
725 9814
3108 3436
1815 9285
9112 9803
2195 4418
6063 894
4575 8045
3129 4774
5722 9300
6123 7827
7314 6517
8882 4484
3999 2219
4696 1169
1795 2088
4268 1245
4438 2809
1368 133
4588 9305
7843 26
3062 651
9935 4419
5133 6892
2827 9295
3663 6285
4302 7942
5916 5420
6427 3551
5357 1848
3796 5940
6564 333
1090 1816
5597 1976
8789 7847
2261 2594
8318 1399
8789 7817
7312 5331
1915 5421
6793 749
9776 3681
2531 9626
8688 7071
9132 4058
7535 2731
7719 1555
1605 4104
3792 487
5898 5163
2839 6423
6550 4262
5767 1088
4488 3337
77 4953
5457 6637
8555 3994
2196 4618
1528 6762
7401 5851
6461 8175
2372 3836
6721 1629
5792 5416
5694 9746
5370 6202
701 2819
5043 940
9423 5019
258 835
8617 741
9992 4345
7122 6263
9614 1352
3902 7048
1 7919
6151 4205
8116 9905
9177 2009
5104 7420
4754 1468
2937 4152
6512 3407
3259 5488
2098 5352
8703 5546
8825 2338
3290 5503
6525 3596
8754 5167
3663 5425
9039 866
3347 9795
6521 3421
8309 9138
2999 1400
9998 7886
4588 6956
4998 7769
4244 5945
1178 1582
1716 7409
6068 6344
9043 2792
789 6911
4703 5199
6875 1861
8008 344
8316 4506
36 1478
5848 7888
4386 6750
607 4782
9362 8181
3345 8676
3792 4749
4970 2900
2631 6042
3961 6156
2213 8048
8157 8256
5962 5396
3935 4798
2804 2017
6371 951
3329 115
2356 6910
3301 1060
1150 2090
7035 3724
2198 6472
9850 2301
4311 2910
8541 3494
3004 6399
9728 8665
8282 4899
3377 8618
4348 4226
7035 5481
5683 5857
9970 3302
3920 52
1031 9343
8155 328
3199 1280
209 3404
1257 6138
944 7908
9460 5580
8431 1293
4871 9104
4184 9451
3201 7705
4605 8933
7636 3690
4838 4705
6088 6918
4440 9240
7392 8273
8427 1191
4530 5687
8546 8615
4070 8803
1024 1033
1186 8912
4553 7889
7104 8289
8899 5503
738 7085
3785 9548
8127 1683
2843 7423
5584 1193
4530 2143
7743 1879
7880 1380
6240 3913
2804 7700
1341 5278
1880 2692
9587 501
2333 3474
5233 104
6078 2617
8821 2214
4063 57
6650 7302
3575 5822
737 4966
156 5107
4000 6449
1553 7617
6163 7413
9842 2809
6124 1171
3880 1060
5398 7261
8648 7504
1105 9924
3587 4090
5316 8232
9278 7478
4360 398
3303 1038
5053 5756
7808 6326
5687 2143
1516 8476
3820 9384
3249 8780
4960 9958
2471 8997
1084 1638
6324 2923
6353 1908
6350 4688
20 2607
3727 9013
4465 8290
6923 8588
5357 2687
280 1494
1041 3896
962 7378
6030 7156
7554 9800
3594 1394
7668 7701
8365 3266
9530 3402
7289 7976
9044 7866
3304 9302
1074 4396
8205 6102
3458 74
5582 8532
7471 4480
2017 7700
4918 6428
1040 106
1303 5211
5592 2818
2629 6267
3320 6648
7563 1992
843 5877
6262 8929
9078 2521
3262 9120
2697 3852
7680 6440
393 7794
8687 9092
2773 7716
8469 5303
4042 6716
9490 3128
9257 5473
814 2657
1559 1729
1068 409
1508 3468
8029 3334
278 2611
7152 945
7512 1593
5883 5806
7051 1489
8282 2795
5554 1551
1093 2003
266 6617
4981 8565
5767 9592
6019 6397
4380 7007
7341 9354
1966 8068
5595 4021
9994 5824
3692 9732
2156 2900
2281 5049
6796 3221
3797 375
4311 5062
3810 7268
5114 6433
5207 2115
1926 3750
2773 5530
9492 9228
4701 3671
7164 6257
3637 1623
7712 8798
3705 3182
6366 9031
3628 6436
1407 9852
9383 6950
2600 6316
9323 4872
2826 8581
5045 1538
5554 5596
4763 610
6040 9926
7070 834
8251 1032
7014 1177
2210 3721
8879 8689
2933 889
8148 8898
4166 6537
4017 9786
1955 9069
1692 9120
8192 621
5429 6050
2209 9019
9077 6308
2354 4797
8071 3603
4310 602
8441 7249
9454 3227
708 2444
7483 8732
8021 1638
7116 147
8558 732
312 3949
6175 4403
6256 2252
5835 9559
2341 3849
1574 7928
715 9357
9258 2285
5457 3024
1331 2076
1460 2615
3877 601
8220 4664
971 3053
2714 6566
8934 4612
6700 546
3905 9739
6493 9757
7296 7428
5359 3051
2462 1414
2706 7936
3363 8760
961 4514
6869 9667
1532 6634
9238 6199
3481 1829
6407 8367
4405 5878
8471 6043
1102 5948
5862 6333
9606 3806
1834 6749
9655 2766
3320 4775
1202 6395
1385 4539
5995 3547
8645 7063
6054 2294
2001 8070
8247 9720
4044 4683
6332 7414
4899 2795
2178 8924
2715 6615
4303 3698
9901 3341
9602 520
9573 3117
1301 3134
4591 784
3154 8509
9273 7280
7336 8767
8872 1268
449 9340
2782 7789
6511 1809
652 5936
3149 1668
5400 1434
8225 9457
2543 7816
8326 4109
8259 5905
4529 9763
8157 9327
7989 1770
5256 4747
4071 2367
599 6180
8186 4045
2823 1478
121 7413
8174 1066
1236 1599
8398 7700
7162 7886
6764 6134
6599 4989
2541 8418
4622 504
4001 6895
4001 7165
8147 7705
8575 2394
229 8730
663 1643
1743 6188
9052 9232
8658 7598
3950 4846
4384 2390
2209 1767
134 6535
9483 8239
5478 4150
4268 1681
6597 480
4482 8955
7535 9021
393 311
616 4221
1324 421
7343 3551
3108 8217
4265 3453
6503 9707
3999 9558
9396 7871
6785 946
1087 3984
1087 4932
5206 779
9587 6661
4334 6803
3077 3893
3243 7489
4619 3400
6717 8403
7589 6417
9100 1511
5764 1518
8479 8988
3553 1745
3399 4497
9183 6415
956 712
1918 6181
1505 130
1574 9803
325 7564
9920 197
7711 3236
6720 7309
7472 1151
4544 590
4183 7489
6783 3255
6854 6706
8114 2189
9039 2100
5207 345
8338 366
8200 5781
4280 8273
1343 8062
3733 2150
7371 250
3822 4054
7173 6330
1831 8298
3840 4727
1007 3634
1373 7459
8356 820
2678 3708
6370 4965
3369 473
9373 3422
8235 5182
7168 1698
3381 860
8664 2997
1522 4593
4926 2886
7427 6444
8484 6199
5004 572
4854 2006
284 4948
8622 3824
3996 6584
6707 4923
6578 7553
4033 627
4080 3924
1655 1657
9495 6031
7787 2956
5394 7318
6094 1921
7138 5391
9153 7820
8388 7440
1146 6226
1966 6173
8846 9429
1881 3888
7867 7926
7339 2415
2039 5484
5405 3231
5533 4800
6127 1748
9398 243
4076 1446
3748 570
6997 9145
3304 2836
498 5878
929 9740
3840 5730
6068 7194
2560 9586
7245 3430
576 7062
7078 4941
9477 4445
1149 8946
7371 7316
9995 4560
9710 2849
7162 9998
608 4144
3164 5033
3345 7439
5096 5168
3645 549
8683 1620
4679 432
5154 3994
8248 6648
255 6292
6944 3734
6340 4660
296 8159
5831 477
8887 6257
923 2612
9477 1421
637 9699
8334 9390
6130 8852
509 1214
9077 2385
695 403
1640 1991
5595 8165
3959 3869
5022 343
563 762
2951 7089
4032 4700
3594 428
2823 36
2496 6201
3163 3722
1847 4539
6646 7670
8948 308
2098 6395
2972 3207
4914 2353
3481 7922
3256 7954
4478 5712
4421 4793
6734 2469
2354 7195
2016 4546
146 4707
1264 7440
3108 374
6798 6567
4406 8481
1121 7003
8688 4041
7750 5729
2969 7108
4861 132
9920 1078
9434 2082
4005 7161
1094 8925
4764 9488
6169 6818
2706 9212
325 7803
5244 7591
2858 4325
2333 9025
745 4155
8883 8294
9351 483
2243 9725
8253 3609
199 5172
1988 4347
5115 1410
3077 114
1592 370
4239 1043
6320 8237
2324 8379
3082 3689
208 3223
238 1133
1172 3008
7747 1993
4742 6439
1712 408
5645 4719
1846 6815
4183 3243
2398 5550
2919 6400
1287 610
4072 4671
6506 1190
4827 3676
8028 1575
5787 3396
6094 4476
3578 8031
8295 5632
5113 7530
319 9240
5052 6283
5364 5338
4742 1353
174 5512
9920 5433
5244 1868
5366 8262
8398 2017
7573 9404
8248 4775
1785 6268
2128 8229
9154 6114
4528 3327
7591 1868
6539 1367
5233 7560
1928 52
3927 164
6425 6890
8423 7584
1626 4798
2347 8938
4630 5150
2280 3030
790 7731
310 7915
9611 6823
7993 4004
6178 1171
134 6726
8858 160
4978 4285
3078 5612
6857 3686
5508 8489
9421 7188
7537 8849
8811 4008
1758 8679
9951 7695
1853 9536
7109 9667
8702 7517
6491 8633
9244 2267
8854 6874
9235 2254
8467 7202
9043 62
9492 8898
9623 5548
8658 8256
6574 5992
8691 6273
6431 5216
381 6076
5635 6056
8234 8705
4530 5637
2619 776
3025 8635
4621 9060
1988 8545
4036 9204
31 1042
6064 6092
8251 8368
6597 7324
8456 5756
1503 4844
5317 6372
3212 5583
394 9824
2664 810
7939 8578
2918 6508
5251 9067
6894 2044
7503 6853
2141 3988
9375 7946
6878 3044
1583 8993
8648 8417
6994 986
6121 1556
8926 6204
9226 6272
264 1156
3642 2259
6461 5494
9654 7661
5379 2291
8356 4655
9123 5324
3437 6776
9980 2114
2333 3605
9976 9828
4042 5873
8026 6165
8278 511
799 5284
8376 5485
4974 7077
3444 4869
1186 4578
6425 4014
3597 4292
5947 6277
1694 4633
8871 1730
2812 3298
9923 3706
2954 867
7741 6037
5252 2717
9205 7886
3244 5013
1172 2865
3973 5630
1264 8388
2383 7693
5385 8714
5788 6538
1948 1452
7241 214
1630 3418
1079 7182
9976 9092
6427 2523
5829 5630
7595 292
7514 8788
5273 7378
3959 8067
8948 5727
716 2342
5854 9503
1270 8506
9598 3026
5142 6433
9177 7092
2726 7027
5587 3197
701 6326
2193 2575
9513 3995
1166 7395
4769 7279
7306 6399
6944 481
5960 3313
9657 2926
2821 4445
3497 1755
8295 6313
7980 697
2839 5627
9997 7062
8260 9267
9828 9092
8815 6963
1484 5286
5829 3973
1574 9112
8813 9130
6411 5704
121 6163
6851 6031
1554 3841
944 8062
2341 9723
8158 2981
2821 1421
9099 458
5735 2976
5777 3896
5539 4432
3627 3952
6826 3472
2664 6863
8899 3290
5354 342
626 8213
3857 883
6629 8668
9434 8041
5339 1494
2349 4683
427 3603
9813 6330
2843 14
8220 6818
4942 2376
1843 1828
3141 7501
2631 6616
5655 2277
2824 4339
7715 1061
695 5633
9889 6896
1990 6536
6794 1757
2364 631
6093 6292
7483 1300
5290 5186
1207 2055
3241 6410
7200 5988
1150 6669
2651 5121
5833 4879
5382 6377
8047 3061
7535 7406
3473 1651
4070 7938
8276 8463
8036 6000
9389 3157
2740 3496
6576 465
4734 3967
4783 4674
7497 4115
383 9607
7024 2219
1927 7963
8147 3201
6649 9439
34 6763
8240 5427
1221 5844
5175 6179
9550 1371
6974 7631
5189 1649
2805 8752
8783 6811
275 5532
6734 8864
4696 3734
4746 2226
7431 3401
4558 4483
5256 6434
5932 2185
6002 5455
7589 1241
9471 1958
3307 1225
3105 3068
6721 1713
9442 1953
1880 4868
2756 6297
2453 7556
3249 5326
9997 576
3082 6312
9059 1766
9083 3474
7209 8193
2196 4462
4351 5937
9324 4753
116 2479
1954 939
9257 8440
8217 374
6716 5873
9375 3325
6633 3929
9983 5746
7010 4286
5374 5614
5912 5383
2327 4362
9089 7408
5004 5196
2421 3599
5943 2003
7537 108
5311 4089
4315 3508
9205 9998
5552 6227
1296 8485
1443 9067
9649 4226
2159 7972
4183 6687
8484 9238
1697 9840
4425 1349
7117 4552
906 5961
3090 3375
9421 2539
5833 6270
3200 5928
5128 3470
3225 3097
2049 6934
5358 6248
2560 6743
3614 2170
4589 1710
151 2163
6344 7194
7053 8745
7679 1587
8108 4326
1454 8086
7314 7332
6682 8453
2731 9021
2959 3566
2751 6929
3089 7090
5944 8142
2436 9597
3243 6687
8375 3957
6541 2238
8088 5117
8700 1788
7099 89
1317 6909
6787 6059
973 1976
8516 5447
666 9909
415 754
8814 9045
6504 9281
8096 9022
2660 6822
9466 7132
5620 8063
1203 9189
1685 1971
9507 9125
4515 5086
2782 7095
6331 9585
4170 593
7637 8642
4438 6179
1432 2163
4275 1798
6748 1240
4940 1547
1110 8997
8692 9579
8066 2388
6274 7710
7245 5430
5722 3302
3597 9656
6247 1996
6261 7958
9441 5632
906 9191
1139 6567
17 5843
8158 9127
1230 4365
5962 5428
9136 8462
4545 2114
6196 1581
9029 1185
7118 779
2694 6692
4801 4780
9373 7558
2073 751
1617 8823
3121 2371
4131 314
9728 1033
9590 1389
4696 481
8386 166
8116 3482
3614 2303
5113 5420
8818 5526
8732 1300
8234 7842
2819 6326
8416 3590
1391 6659
9508 6096
536 8553
2980 5278
8658 9327
497 9201
4532 7546
8013 9528
7437 4833
2706 8582
7707 4223
3303 3994
3775 6257
9396 9239
9610 5028
9110 5455
9655 9220
6551 4031
8306 9137
3984 4932
168 8785
7228 6236
2235 7107
2065 6474
1242 3904
1716 7476
5961 9191
7980 5851
2158 2960
755 7177
8219 7790
831 2940
8318 3885
687 6784
6891 6368
2751 2735
4819 6154
5725 8185
7946 3325
7171 8986
6448 2269
5389 5868
1621 9023
2327 3080
2845 3749
2462 2571
7216 399
4438 5175
6609 3824
9859 9912
657 6640
8646 7505
9136 6341
6720 1923
5359 2351
8005 2459
7148 873
5496 5010
8247 1925
5643 5260
7964 8351
3936 29
5664 951
4069 6580
5835 837
4366 8756
8949 7367
3295 6066
4193 2315
4243 7794
7452 9904
5812 6232
1505 5411
8942 7625
5539 5855
170 3769
9131 1188
8150 7125
2833 8979
7416 8867
628 2936
1229 1873
9812 1551
1557 7305
7815 4115
3241 7587
4017 2635
6413 2760
4070 8594
9485 5510
9719 5504
1841 7434
7588 4021
831 5638
5561 7949
1012 2921
5423 3133
7743 5181
2310 9382
2399 4424
7288 3296
2722 8505
7876 2184
158 5026
359 3746
2507 6625
4706 5361
2414 8933
2308 9481
9812 5596
887 4688
7535 3688
9580 1174
2593 2207
2517 5299
1800 7886
2969 9308
9949 6076
32 8532
6854 8513
6576 3071
6725 1260
1577 6861
1090 5996
3395 2186
5572 45
4136 2611
349 3998
609 9899
1503 4257
8761 5006
9083 9025
6380 8445
4357 515
4020 3136
2804 2197
4170 7428
9052 1404
1316 5547
6471 3639
5247 4149
8309 7085
4383 3658
2001 5249
5950 933
8541 1398
2029 6630
6371 3793
6796 7057
6094 4398
8222 1828
4864 3580
9139 7399
7418 4441
5429 860
4510 5847
472 5832
1028 4164
7751 844
7650 2135
9014 3513
1432 151
4210 4021
1157 9037
9373 2477
7343 2523
2868 313
2201 6906
7164 8844
4126 5874
4691 4894
579 4646
4675 776
5609 4238
3311 9624
5118 5733
545 6612
6737 8068
509 9254
7024 9558
3077 2872
9335 7111
9441 6313
3076 7146
8887 8844
8603 1753
9431 7786
5626 7055
3986 6909
5035 910
8982 4356
5588 1181
6187 7505
4406 3892
3419 2447
4020 1210
7742 6202
3369 2825
7800 5446
6817 4831
4827 3716
1919 1305
6562 5954
5673 816
1726 2390
5045 646
8247 3856
5061 4744
2931 3150
6672 5702
3707 2254
3373 5948
654 9493
5578 6086
706 6400
2193 6452
4781 3152
2589 335
9646 2947
149 26
660 8458
9415 3841
8945 8560
7516 8076
5944 8900
2340 6203
9552 1022
4063 2985
6274 384
4240 7020
4529 413
3424 2908
2905 5257
6032 2878
7766 1698
6646 4925
1978 9578
6550 8450
8887 7164
2887 7693
9842 6179
4159 7363
6575 8727
6913 2622
4289 3263
7036 1132
9466 4860
4230 5990
6030 8262
8613 8465
6796 6691
7185 3772
3249 732
9083 3605
4747 6434
5365 9579
9856 5560
4825 6832
625 9947
5720 6182
2052 6608
1695 5404
4855 7123
2272 5754
8999 2632
1918 9080
9507 6022
9743 2983
1540 1457
652 9968
6075 950
914 1639
7588 8165
51 212
8016 5107
4245 7692
4970 6553
5256 546
7660 6203
4545 9980
1553 1809
9570 9354
8839 9316
8725 763
6427 5613
296 1837
4220 5261
7166 1949
1925 3856
4664 6818
6376 7076
7662 6406
2344 2458
1255 2699
9099 9721
7894 9638
5050 9560
6282 9004
6274 1354
2399 4191
8147 8351
9646 5646
2671 1449
6129 5079
6828 8870
8470 7736
8826 3715
6205 1326
8858 9825
2065 8838
4005 7400
9206 386
8126 5
299 8022
6403 7916
6265 8573
5087 7478
1652 8981
8623 8868
5118 133
4696 6944
2156 6553
9836 4221
4351 1984
5554 5272
4210 8165
5891 35
2917 5396
1545 4088
3643 5338
6770 4490
620 9414
6380 2321
1232 9367
6588 3886
4176 8689
1765 774
8482 5491
6589 6165
4760 5485
4488 7597
6147 9213
5462 2691
8386 710
8583 6392
403 5633
2824 2053
1917 7559
789 5083
5725 8151
2256 9588
7662 2504
9446 1419
1519 9031
1084 9533
4057 3410
6872 3335
7779 3609
154 5298
5854 6590
8083 3669
5768 1142
195 9160
9501 7934
1800 9998
4092 5232
7365 2287
7547 1921
8003 2117
4066 1412
505 499
2023 5306
8820 8249
2995 7913
7112 9892
7679 6565
381 5910
6983 5623
4458 2392
8357 4831
7593 9936
798 9493
9543 1934
3851 6191
6976 7461
2341 9488
9846 6160
6521 7927
8328 8290
991 6581
9846 8741
1821 9528
818 8495
3301 3036
1498 2082
1498 8041
9076 2921
6286 6092
2697 2293
7702 7855
5325 1773
2082 8041
8405 8079
5442 8704
5270 6363
5757 5008
1522 6303
3395 5121
8137 3027
9217 3556
1176 8246
7806 3139
3037 355
9406 8852
1565 2187
4247 2295
6160 8741
4524 9847
1600 5801
9495 8890
73 399
7510 7380
383 9503
9542 4537
1041 9990
1515 9448
6407 928
9321 2361
9595 7478
1927 8508
2845 3913
1264 3068
6222 5782
2067 7218
7474 2409
7724 6709
1515 4579
7829 9104
7424 2555
8683 8991
9614 3233
5688 4514
4728 8170
3872 1771
1702 7256
9538 9357
6819 8437
3497 9977
3880 3036
9076 1012
2542 5992
9463 2934
662 6932
3377 218
9582 8292
7334 364
3540 4215
5872 3276
2354 3878
5513 8239
8982 1227
8021 9533
6075 4095
3280 3370
3785 5250
4617 2488
462 3291
8445 2321
2492 4737
7677 5417
122 1224
4827 4856
798 654
7381 7771
3119 3559
8942 4741
5384 7422
4366 2848
290 8557
8398 2197
1373 9502
9131 6424
1236 3288
13 5431
8088 6548
1907 4022
6185 9233
1163 4828
9547 9782
9264 5294
1086 2513
4865 6044
4934 8370
2823 8535
9871 3845
7407 8273
3877 6733
1858 4657
3968 9382
9205 7162
9253 1668
709 92
9039 2765
5056 6975
2186 5121
8186 6934
7815 7497
6446 6658
1716 4034
6231 2928
5501 869
5162 1921
836 517
2233 1757
7547 4476
7668 7129
2125 8131
3201 8351
5267 1126
625 8207
1448 104
8147 7964
9362 763
2363 9899
6282 1319
3986 1317
3600 3044
6592 3715
9813 7173
637 7570
7627 4695
7677 3079
9668 6309
9235 1620
6306 1154
1670 124
3534 774
2421 9018
1472 4087
1717 3389
2999 916
691 6408
2961 9867
8909 4441
1068 4852
6703 82
369 1038
2364 8462
3387 8180
5114 5427
4243 311
7336 8908
9519 3210
3158 4859
1988 5869
7784 8460
697 5851
8871 7935
8768 4597
1926 1924
4300 5814
20 1653
4360 2489
4356 1227
3179 5107
6656 3535
8430 2878
5759 8819
9113 1375
5645 5474
1987 5686
4918 2953
4001 8298
6334 7384
7032 1361
9474 1689
3364 8689
6432 8904
2549 6423
1966 8503
2223 485
1461 8519
1962 9341
4210 7588
8555 9347
4773 6363
2085 4317
2437 5010
5808 7201
8050 3203
6854 3958
7238 1026
8772 1169
3295 5440
7615 7566
550 1914
5787 5710
4582 909
6947 9198
2329 3518
969 6322
6649 5309
1831 3788
296 8764
7315 3729
9282 6201
2316 9201
2364 6341
1941 2174
5976 801
225 9316
7306 3004
8649 5173
5679 8680
3578 5047
7118 5206
2527 9730
9301 1861
7625 4741
7138 5211
3460 2342
6311 8189
1079 5714
4915 8792
524 3337
7154 686
9110 6002
9519 8597
901 9915
4305 3157
9836 616
5830 8302
3118 3418
7593 3916
1813 3808
8692 3556
2156 4970
4170 7296
8709 3875
2416 8058
8123 254
7325 6806
3704 5085
1264 3105
4810 3915
5134 7263
2542 6574
6560 1101
3020 2367
929 1288
6064 9749
9842 5175
8172 9322
1426 4323
9623 988
360 5194
1499 401
7667 4759
8264 3113
3531 1793
9646 8095
6427 3759
8444 8972
8860 4413
5162 4476
3205 5630
6205 871
9494 3026
99 3934
7483 3507
2471 4169
1939 1780
8959 6641
7646 7700
4678 41
683 2449
3367 7932
93 4400
5535 3515
2242 8129
4291 7966
7746 7017
9922 245
445 9192
6788 5631
6318 1438
1264 7609
5836 7564
7149 4373
1393 8891
1041 8468
8362 222
3421 7927
2959 9670
4967 6131
2246 1077
3901 4294
9920 8924
3775 8844
1333 4836
1426 3890
5516 8407
1936 2058
4620 6104
6558 1397
7814 137
2542 4772
8702 4422
3412 3967
8702 1734
116 8634
5716 541
8765 1616
6737 6173
1476 205
8590 1994
1472 1080
7343 5613
3481 2369
7662 5412
7365 1584
540 6421
3173 8017
9310 493
4055 2423
6752 9271
4641 3633
5365 3556
5891 8952
6851 8890
8388 3068
5091 5375
3424 8938
6699 5895
5576 2637
4383 9370
847 5860
2129 9249
625 6643
5916 7886
9845 8532
78 9036
6113 8418
1609 7363
7471 410
5142 5427
1304 580
2754 2469
586 9950
8380 2225
1041 5285
3055 3168
1163 3427
4803 407
8333 4374
4750 9787
6240 3677
8811 5690
3105 7609
7079 9933
3707 1620
1326 871
6462 6607
640 705
9595 5087
5635 8400
492 7928
919 717
5679 7753
9953 9192
625 3565
3637 6021
3417 8751
8971 6611
8692 9217
8456 5053
1835 4797
8566 3843
5343 9905
1749 779
9180 9211
5979 601
2159 8635
6169 3828
6351 9091
2316 497
5913 4148
5115 9125
5836 7803
2341 4764
6484 733
3125 3551
3490 7710
5124 1276
8070 5249
2665 8912
5655 150
1821 8013
2987 7023
1808 3136
5454 2386
158 8446
1130 4228
478 1216
5644 3267
3817 8823
8260 8347
1772 7519
21 5702
1265 7821
737 5733
914 3538
9000 1357
4915 1023
20 3400
1448 7560
7016 810
9228 8898
6681 5395
9555 8585
7923 6208
547 6937
4544 2875
2877 9261
6788 7403
1815 7068
4087 1080
7091 2259
6306 9790
5256 6700
8200 388
383 6590
6883 8616
3378 4352
1243 756
8865 4751
8066 241
3900 6139
3244 3972
261 2152
8111 627
9107 5598
2139 4262
8732 3507
6366 5298
8956 4995
1808 1210
950 4095
4871 5431
8254 8358
5643 7792
6998 1755
5436 3208
9043 4603
2319 2274
9537 2670
3323 7875
5998 3000
5357 3772
306 6066
4102 2169
8881 3589
290 5523
5365 9217
2731 7406
492 9803
719 6806
1498 9434
3364 4176
1074 6706
6335 2709
4673 4976
7673 3949
921 8621
5476 2291
2877 2432
2064 1169
7594 794
3382 5726
9876 2702
2859 9302
8976 2130
6755 511
1257 4273
4828 3427
9446 3495
9165 6991
4681 4053
9846 9021
8528 1748
5997 2192
9728 1024
9785 3554
125 9663
3179 8016
3345 8817
2486 4288
402 3112
5392 9245
2531 5444
3397 6932
3789 6680
5295 9184
6338 3641
8502 4226
3462 6524
7142 3685
2833 404
8182 4519
186 2921
4850 6753
6788 300
6794 3216
8943 951
2714 3708
5802 9088
7016 6863
7337 4872
4777 9202
99 9399
8474 1587
8212 4110
6805 3992
8456 7177
577 6379
1574 4058
3108 4189
9286 5529
9668 7156
5722 9970
7573 4566
3705 7556
7271 9400
6626 9824
8945 6844
2109 5020
2332 3831
2957 9986
6435 8941
1600 7139
737 133
1872 4114
567 1342
9205 1920
6129 9720
9345 1376
6782 1752
658 3519
1930 1403
7750 5504
6256 6074
4360 9956
983 4680
4951 8911
6821 7331
204 4791
8342 4464
3462 815
2858 8748
1250 6013
6953 2345
3042 8413
1463 4659
1607 7736
2538 1020
3065 4917
6512 3726
9960 4401
9500 2525
9587 6608
9009 1683
9674 7351
4760 8376
907 2681
8856 3322
8333 3443
1270 6315
6574 4772
3821 9333
7809 9919
3271 9027
9026 6937
1090 2475
5316 7987
8631 4610
625 7196
3490 384
5631 7403
6289 672
4341 3317
9065 9071
6008 8923
1296 1292
6992 7937
6575 5209
6207 7327
4353 2163
4323 3890
599 9404
9480 7434
4529 9367
1785 2915
4268 9742
5821 7585
5053 7177
8071 4021
4283 3467
2203 2947
4465 4350
2754 8864
6069 5531
1563 5095
8318 9618
7822 3893
6599 1511
5355 6110
8915 4155
1802 9752
3164 4991
2908 8938
3214 5293
906 8408
5599 1227
6935 9250
5391 5211
8267 9634
1006 9942
199 1037
7033 1534
8051 7972
5452 2553
7401 5940
7113 9706
8388 7609
6252 6840
7349 939
5674 5390
8309 738
5784 4470
7175 4693
2280 3941
1484 2547
8786 8363
3490 1354
8220 3828
2565 7531
1034 2194
8148 513
6862 1868
5573 4091
8163 2027
6407 3146
3537 4607
7815 8920
6998 9977
6193 6204
3749 3913
8284 1332
1307 3606
6121 1875
4789 6520
6383 8124
1653 3400
3645 1823
8010 1489
5342 3761
9180 7823
353 2551
4747 546
3385 5502
9459 188
3501 3862
3776 7193
4374 3443
1242 9527
1904 9037
8340 6531
5056 4327
4895 6698
3907 8560
4561 434
2017 2197
2203 5646
7743 8662
3042 4010
6992 9800
8516 7951
7644 1585
1110 4169
9183 2397
4100 7387
5365 8692
8312 8859
2944 2249
4829 6031
9123 7041
6496 1322
2984 8294
8265 1571
8527 8816
1498 958
8156 1599
5066 5473
6504 5081
8032 1730
6522 8581
6409 9912
2694 1888
8071 8165
7999 4486
2925 8523
1739 5980
8345 407
5123 8793
3493 7549
7859 7949
255 1384
4500 4667
3562 698
186 1012
2324 9987
8144 6479
7937 9800
7343 3759
5328 8181
5916 9998
7458 6896
9483 6156
9953 445
7291 4035
5154 9347
6416 6277
8879 153
1244 1266
2545 3440
2211 6552
9229 8449
9991 3603
5418 1552
7538 584
7162 1920
9029 9644
5609 9877
3377 910
4071 4546
467 1725
7091 3642
5574 5801
5631 300
559 9361
8650 9928
8639 7194
9480 1841
248 8984
319 4440
7922 2369
7851 1072
279 4533
5370 580
4314 7475
679 2232
7722 3227
4495 572
181 1315
9812 5272
5514 8767
7407 4280
5872 3152
2173 7539
5489 3843
3149 642
1176 4106
2096 8130
8206 8919
9026 547
5757 6696
4133 3572
2859 2836
306 5440
2814 9763
9099 9231
8736 6628
488 2078
4249 2493
8334 8667
1693 585
586 3342
7660 2340
2542 4517
5352 6395
3871 2386
7843 9221
5551 9843
7037 3982
6503 3841
5716 6585
9362 8725
9851 3655
4180 6314
3664 859
919 7426
5275 804
3774 9835
6123 4964
9849 9978
8598 5518
6870 9526
4931 627
8547 5141
258 6674
3310 6768
2437 5496
5115 6022
2665 4578
2039 5000
9123 5327
2899 1518
2365 6586
3234 6972
3412 4734
8815 974
2931 4223
2164 2983
8709 8720
7822 114
6598 8805
8494 3760
8295 7519
4878 3702
7047 3652
5960 5667
3478 6307
2549 5627
6259 601
4760 1295
6891 7890
9230 2090
3575 9085
4974 8905
2139 8450
8690 1061
7576 3007
4902 1753
1966 5506
3833 5074
8899 4103
1296 9716
3894 7789
8618 218
395 2047
6845 9418
5574 7139
1915 9312
3107 7147
2929 7950
6247 1435
9497 7018
9550 4560
9351 3552
5571 9202
3494 1398
4078 4195
3483 1985
8322 871
6170 6165
4488 838
6535 6726
9819 1616
2737 9732
6834 28
7483 1530
1031 79
3531 2396
7117 1985
7117 3483
2959 9041
818 4584
2905 6362
6324 9023
6045 8834
9896 8081
7480 2874
1419 3495
2711 6774
9043 233
2158 7438
4305 9389
6629 9958
8664 4771
2660 7782
1526 9560
3934 9399
8192 7323
2821 9477
1157 3798
7898 4226
740 6673
4422 1734
5650 8397
9051 869
5840 5991
1695 8302
6321 161
1300 3507
9846 7406
4701 6015
1059 1975
5767 5538
8415 6781
1800 1920
7543 8170
5658 9975
6016 4154
1013 196
2254 1620
8161 3613
5290 3676
6927 9038
2560 3466
8895 1627
5752 3268
1296 7948
6097 9214
5527 4882
2530 1128
4897 418
4274 4308
799 2055
5497 2885
4510 5622
5066 8440
2363 609
1554 8038
8953 4004
1995 2990
9683 8901
2429 6307
1019 2682
3017 1979
2759 375
3615 1306
1639 3538
1755 9977
4630 9033
5865 7757
5508 1117
9362 8784
4111 846
8326 8024
1829 2369
502 3026
3206 8904
9983 4512
5004 6003
3903 3658
268 3957
5004 700
1825 6802
4530 1458
5803 8000
7746 507
2939 8109
9434 958
9029 8676
5850 1623
6286 9749
9562 2976
5222 8595
1650 2508
2317 57
8456 755
4210 5595
8388 3105
446 3308
6717 7040
6793 1293
6003 700
203 6680
1039 5217
5244 6153
1514 7695
1028 2415
8650 2088
4887 3746
7761 8226
9450 8728
5777 9990
2782 7907
2202 4879
3644 7220
4838 2474
9365 7468
3592 101
6152 322
2843 2792
7497 8920
3670 6026
5336 1976
8598 4062
1067 1826
8555 3451
5743 3686
5962 3515
1955 9702
8029 1911
2437 1762
7864 3976
2740 5556
9176 9554
3277 1225
4914 6939
5808 7714
5539 2444
2777 3085
7677 3281
2203 8095
9339 893
8939 9565
8725 8784
4620 7170
5273 962
941 6790
9273 350
3041 2426
3405 5238
8812 4839
5856 231
4840 6058
4240 1413
4394 1456
666 8694
7341 851
1006 2669
8123 64
8405 3764
5204 4206
8259 9147
666 8189
4766 67
1807 6486
7122 5665
8694 8189
4302 5849
5982 9215
9107 7820
5113 7886
8526 2955
7851 4962
8413 4010
3464 4813
660 741
6614 5390
3290 4103
4942 3886
5914 7780
2127 1350
1579 4919
7100 8831
4714 5602
8227 9797
1270 6327
4241 9342
4513 8501
4086 4574
8646 1820
209 2707
9686 9241
8544 5303
5374 2653
3903 9370
1897 9520
2202 6270
232 6251
1583 1188
7970 1581
5156 4113
5313 2014
103 9060
5801 7139
6417 1241
9286 7102
2023 5567
3399 5648
9580 1359
4883 6466
8376 1295
8308 3374
789 6472
5300 3803
5759 4557
2749 4156
5186 3676
3522 3946
4005 926
3785 2485
9583 8373
5696 8689
2383 3356
3242 2674
1454 7564
8783 1077
4928 7569
7986 2884
539 2909
1508 2947
2972 1839
2012 9628
3558 7620
9450 3207
4960 1862
5473 8440
3188 591
7646 2197
6460 5888
983 2382
6460 7151
5981 1081
8382 9086
9139 480
4099 7976
8732 1530
1756 8572
7735 5168
5017 9411
9256 6909
5050 621
9623 9941
4425 8495
2045 6879
44 6910
9230 6669
2971 6272
5316 7005
5888 7151
4489 8750
9110 2983
2233 3216
258 5953
1802 2005
2081 3967
5404 8302
8881 566
1093 5634
1679 5653
8471 4196
5496 1762
9208 1632
2436 3557
3198 8299
2109 3069
4916 4352
2812 1618
6679 791
424 9314
7591 6153
1904 3798
3419 5921
9380 2502
5335 774
8148 5699
8979 404
8772 3734
8843 1746
857 7846
4070 1827
1941 5853
3262 3538
2840 861
7086 4596
7041 5327
1508 5646
349 8914
6129 3856
9362 9758
4819 3906
2173 4924
6779 7263
1472 820
620 2800
3537 2588
2182 6515
2246 8665
7503 5754
6887 6211
1892 7632
2529 7445
2531 4969
1960 6760
6137 3072
1454 7803
3387 4583
8403 7040
5639 2216
168 6980
3504 1165
8779 4535
1463 2935
8789 3263
8039 5984
8474 6565
2652 3559
4697 2700
1966 328
7483 5820
359 8850
225 8839
5976 1337
1750 6103
549 1823
7356 6356
5664 3793
726 9736
5571 4777
4503 8466
86 4008
5904 4294
1048 6111
3432 7790
5521 2617
8575 2380
6137 1830
4143 2505
8728 3207
5364 3990
1074 8513
7880 1992
1877 3459
5819 4108
1674 9340
3592 7268
3903 4383
7241 160
6707 9331
3835 7022
9846 2731
6278 2469
6614 5674
4168 5630
2320 4340
4637 3111
3082 651
1960 6084
3355 9344
5828 9224
7811 6000
6187 1820
2364 9136
9967 940
5966 4508
447 1038
1800 7162
4951 7797
5963 8730
1624 2713
9982 7451
5884 1874
7245 3969
3703 867
225 3203
3489 8824
6679 4713
6857 8199
6527 2314
455 1095
4161 9067
9466 6814
5826 2480
9846 3688
7637 7920
3506 5560
1056 3564
5574 1600
6647 5216
2845 3677
4918 2038
211 8629
7779 8253
8520 8852
8821 1133
8839 3203
7099 7136
3950 9553
4911 7882
4366 2897
331 5545
658 5791
5290 3716
539 7998
6785 4480
4055 4787
9132 9769
4553 8107
8094 7729
509 3282
5818 6531
183 4452
4529 1232
1577 5488
356 1683
7336 4097
7994 7208
2322 6928
2731 3688
6091 7495
6385 7442
8725 9758
5251 6326
1694 1271
7761 400
7073 9762
5417 3079
595 9925
4769 6818
4303 9435
1819 4671
5056 9470
907 8685
385 8374
2067 5577
2056 4012
2139 6550
513 5699
4544 4537
90 8620
33 1198
9888 1189
7287 3274
8772 481
2434 7429
8789 4289
8423 8289
7608 2702
2676 9808
4434 4599
3303 9347
9311 4842
7588 5595
319 2837
9132 5280
1504 5361
2307 5980
6999 5846
5660 3324
1904 1157
9375 3694
8132 4917
7537 3896
658 9653
8768 404
2972 4049
4311 8729
2174 5853
255 8169
4594 3156
8173 4813
1250 257
1629 1713
5534 8722
2139 7610
6045 217
1532 5157
5052 1440
5370 1304
9949 5910
9657 4910
6002 2983
7052 7202
8683 8179
101 7268
2527 1267
1692 3538
9793 6012
9964 1030
5947 5546
4766 1383
6039 6164
3921 3317
8051 8635
3301 2979
4495 5196
6571 5938
5599 4356
1743 4095
8506 6315
3020 4546
6229 8015
5009 5718
5347 1944
7118 2373
2967 3471
6107 1634
4848 9801
4375 3193
3076 1066
5891 2562
4513 1792
7078 7158
1477 7698
8604 7569
7356 8352
2391 2594
791 4713
2586 3407
5957 2484
6222 9187
3614 5351
6144 6879
3907 6844
586 3812
3385 4
1583 6424
7593 6727
8854 83
9029 7439
1516 8852
3880 2979
4931 8111
3262 1639
1926 6390
8853 9216
4829 8890
5551 6267
1740 1427
1472 4655
6159 7251
906 6439
8267 273
8811 2470
6196 6555
4595 3584
5776 5954
5290 4856
3825 2325
906 1353
6217 6858
6826 8143
2909 7998
9715 5697
1864 1030
6185 3053
8173 3464
9284 6053
709 5396
4553 213
6550 7610
7646 2017
1316 6709
901 5122
5650 3406
5766 3298
3025 1380
3851 7932
136 2540
7120 2227
2335 6884
7764 3131
5442 1943
8115 4200
9882 1937
6683 2940
3643 3990
7766 7168
1864 9964
9872 6456
2064 3734
1439 5545
3567 5464
9649 4348
3240 7190
961 3580
5113 9998
982 6110
8346 1703
4377 2009
5966 2461
5682 4208
4619 7788
3201 7964
6282 7012
8732 5820
9864 3293
5358 7962
2690 7046
9631 1315
5185 656
5004 8394
84 1759
9737 9425
1508 8095
5186 3716
2223 4088
9100 3221
4407 5216
6278 8864
9665 470
3720 1852
7778 3006
9672 3106
6038 7063
2028 1980
1514 9951
9492 5699
4916 3378
4421 5799
8834 217
4238 9877
2067 4336
6350 1227
3612 7709
8825 1771
8285 3595
681 7789
2077 5445
4042 1427
4001 3788
1257 4006
2530 1908
8200 201
9188 9613
9871 8042
6455 9432
417 4896
4840 9094
447 369
4915 4463
8758 8898
5189 9468
6001 3182
7557 8138
49 4430
4440 2837
5053 755
4892 2717
2492 8283
7257 7293
2843 62
1477 2587
7371 4155
2266 226
5256 6617
5961 8408
5748 895
451 3519
9107 9153
4897 1848
5916 1920
8293 8371
7839 5227
4742 2311
652 6628
9167 2553
9982 2046
1025 7523
6683 5638
1093 6644
8842 8901
5865 6625
8618 910
9844 1757
7298 9130
492 9112
9668 8262
5932 1780
6040 7827
4379 4599
8158 5205
8603 6921
1172 2075
5995 7703
9863 458
7636 912
2153 6079
3068 7609
8555 6532
7829 5431
6420 7201
4265 7974
6721 8565
3432 8219
8527 6659
514 6330
540 3213
4346 1589
8475 4004
3094 2286
2659 1610
7808 7513
9405 7631
3107 1147
6885 8637
7469 8093
9819 8765
901 2387
3228 3054
8355 2636
1837 8764
5647 5973
9963 5983
2951 2297
6063 1718
6758 470
5154 3451
9028 7397
5777 8468
1822 5557
979 2146
7032 6399
5384 2229
4469 889
8555 8438
9097 4205
8982 2847
7010 2518
6779 5134
5791 9653
9719 4709
6094 4091
2619 8224
9110 2164
937 7895
4246 5786
8768 8979
3771 5484
8071 5595
8889 3018
9507 3358
8248 3320
8168 5881
1070 9692
2350 9681
362 1371
3437 2729
3077 7729
7822 2872
7676 4490
6460 8580
1926 7205
3463 1342
1485 6033
8108 6778
5092 8327
4060 1141
6125 3687
2064 481
4673 3047
6435 4816
478 8146
5573 8928
3840 7904
8501 1792
8225 8981
8441 3889
6157 5955
3369 5466
7483 6438
4914 9289
7108 9308
4042 1740
720 2637
5498 1676
4177 8086
8074 3754
4721 3908
449 9292
5943 5634
225 8050
620 421
4804 7286
6919 9202
6782 8339
238 7695
2570 6712
4597 404
5186 4856
6093 1384
8441 377
7113 3414
1348 499
9446 1063
2808 2259
1244 7143
378 8052
8797 4774
3646 1518
306 3295
1197 3530
4407 6647
8156 3288
8315 4996
4235 601
7216 9525
1070 7259
9989 5037
7715 8188
7589 736
6467 1190
6078 7690
4617 2456
2332 3038
7329 2567
1835 7195
914 5360
6868 8861
1087 8708
1835 3878
1385 5236
4636 7836
9555 2360
9064 627
2676 3912
7195 3878
9963 1654
9796 5566
6850 610
4591 4207
7624 1691
7230 503
1036 5931
8321 2309
7532 6410
9235 8991
2073 3415
6107 8499
9785 1064
843 8184
383 5854
4246 5503
1954 3086
7230 7929
5593 5843
7180 379
5777 5285
7535 8910
7386 4011
1074 3958
5043 788
4762 5338
2948 2144
8342 9248
971 4263
4481 1996
8071 7588
3537 2810
4638 4615
73 9525
6542 7836
8282 6865
9149 4221
6796 6824
9692 7259
5941 3474
475 5402
6546 4195
2319 1289
4877 1868
2472 3441
9450 1839
8650 1795
7841 1420
2529 8716
1377 9325
6629 1862
8753 4031
6275 104
557 1425
8700 7804
9098 1258
6065 6483
9649 773
7348 972
5259 29
6008 4601
1039 4909
9138 7085
7221 5614
4980 2367
3077 8094
8420 8596
2105 7413
2620 6726
285 2076
7116 9271
5357 7185
5020 3069
3462 7351
2472 8496
5582 8847
1743 950
2662 6053
8783 8665
129 749
2968 862
2159 1380
3699 1824
3567 6636
5204 6982
4298 2582
5428 3515
2528 3388
7117 6047
4138 8476
4478 9302
1443 6326
2065 6046
4087 820
6527 3816
7668 8280
7418 9191
3699 4487
7679 4174
5655 935
449 405
2830 4973
6742 119
5340 3187
7033 6925
6660 1081
9464 3354
3478 915
2004 2359
3184 6304
7294 3360
8789 8977
8775 2618
1858 3109
6505 11
1695 5830
4883 1932
1008 7618
7357 4662
9450 4049
1574 9769
9205 6465
6672 4104
195 3371
6833 6221
1962 9838
5287 267
7650 9156
5941 9025
427 4021
9211 7823
1230 253
8136 4759
9940 440
6407 5851
5592 3297
154 288
7091 8713
5148 7412
5767 5006
4763 795
3037 7978
443 8493
3125 2523
3986 2476
5993 7279
2875 4537
5943 6644
2317 2985
7500 733
1013 143
5247 9755
4981 4608
9441 7519
516 5271
2643 3386
5122 2387
5139 5490
5720 6910
2429 915
3546 3608
8382 7966
6530 5560
3477 391
3645 968
4016 911
5599 2847
4425 4584
8909 9191
6542 4636
8312 1109
9039 6355
1574 5280
9519 4331
586 56
1426 8241
9614 452
1062 5176
6213 2487
6054 5938
7757 6625
2620 6535
2142 4436
8362 6005
4960 8654
9799 6199
3034 4893
8182 7879
8943 3793
4728 6839
8839 8050
2370 2540
3078 7620
7766 3136
5759 9019
3183 9218
3707 8991
5181 8662
5476 5379
7711 8655
5759 1767
1300 1530
6697 6838
9920 2178
7867 4304
5514 8908
9339 7530
7758 4823
6471 3416
4850 5805
2578 7720
3884 1401
1926 766
6938 7643
248 3539
7104 3606
211 5306
5219 2225
9205 3732
1496 6421
7078 1422
8405 3436
8195 7340
8566 5231
1431 1306
7871 9239
7766 1210
3485 4659
9247 5249
6883 3753
9292 405
615 8046
3364 153
5942 4511
2937 1225
9517 8611
8414 2867
1744 2305
7140 5170
1273 5712
1155 525
2656 7949
9383 4172
8430 6032
8558 5321
427 8165
8604 4928
1692 1639
4305 142
8029 1206
4180 7347
5436 8455
8645 7330
7532 7587
7989 3098
3562 992
989 6042
7230 5732
5643 2709
3084 1469
1739 4646
6144 2045
5941 3605
2570 1688
8732 6438
4528 2838
1312 959
3339 3602
5705 7074
4916 1517
1110 2471
7644 664
7555 7309
1832 7909
7148 9245
5325 4153
4855 9682
7660 3193
3670 1400
8032 7935
2858 6102
4111 9898
9492 513
6275 7560
9609 2375
3143 8145
836 5878
7835 9249
1514 137
2814 413
7969 5074
4718 7463
8218 3484
13 3411
5113 1920
2749 302
8079 3764
7168 3136
2208 1567
9105 3680
8240 972
9362 3690
378 4278
4356 2847
2320 4815
168 4008
1048 8552
4933 7362
1612 2260
8629 5306
73 7216
4630 456
3369 7408
3756 7955
1876 4160
2566 9411
312 262
2763 3781
9321 6901
8405 374
21 4104
6629 8654
3444 2185
3249 5321
4478 2836
7973 9172
6760 6084
6751 2274
3738 2798
9819 9717
3611 5987
1764 827
9000 855
9636 5499
5399 3502
2173 1428
2887 3356
790 9032
7381 7981
8475 8953
8426 4932
7038 2106
8426 3984
9450 2972
1719 1854
6276 6083
7758 6961
7826 5594
2340 3193
173 1245
1772 1641
993 7267
6996 1983
1754 6949
6306 2493
7688 8776
7080 6142
6757 826
6160 9021
5872 4781
6041 6510
5233 1246
4372 2583
3775 7164
36 8535
6665 3176
1700 88
5690 2470
7168 1210
2191 5744
8709 2801
3758 8609
9555 8584
8529 366
1526 621
512 3438
1228 877
5142 5114
5660 7546
4621 4519
5896 1158
4934 4228
3570 4453
9226 6057
8071 4210
8884 3831
8255 9478
8328 4350
7483 9017
4848 6025
8295 1641
5516 7489
4630 1631
492 4058
726 1482
8787 7710
2662 9284
5405 8064
1670 5548
6997 4019
467 2448
9405 6974
9148 1608
8238 930
1670 988
1127 6867
7704 9239
8112 9879
5979 6733
3264 4770
134 8790
2750 7909
7604 5804
6629 4960
5548 988
6125 4332
3594 2192
8887 7390
8459 8632
4166 240
8506 6327
1261 5697
7231 3648
8684 8851
5757 4814
3078 3558
1831 946
2128 2613
8945 5028
8909 7418
8626 2003
6150 8585
5317 6713
2258 5988
4529 5161
7115 4944
6121 2166
238 9951
7652 8245
5423 3032
4675 8224
8735 94
554 1761
5981 9358
5812 6139
1523 9300
6366 288
208 1184
156 6724
8192 2698
7469 2150
7819 1325
1655 347
2246 1033
7977 8337
2094 854
8479 7840
238 137
7993 409
5229 271
6551 9277
7485 1182
652 8736
4072 2071
1560 9886
1793 2396
4723 3625
8799 9209
3877 4741
7724 7017
8784 9758
8028 6434
9951 137
1075 6171
2089 1731
7510 1143
8346 1367
1128 1908
4087 4655
6712 1688
5584 7403
9915 2387
3850 226
1025 1164
7231 3668
1915 4343
9100 7057
3643 5364
7800 6581
9889 4929
978 9897
3789 1493
6482 6963
1502 529
5154 6532
5477 4452
7228 6634
9631 181
6094 8928
5030 9559
9086 7966
6883 131
6735 7
4848 3330
5917 3308
5848 3861
5935 4959
1800 6465
5189 7071
8278 2207
7554 7531
6769 1713
9421 2069
1287 795
8518 913
9513 8458
6431 106
6222 2199
5311 5060
6233 9911
3815 771
751 3415
7312 3518
967 6408
6854 3070
3249 8558
8316 1441
297 8076
1825 8035
1331 9821
1800 3732
5154 8438
5584 300
383 8319
9494 9598
8295 1772
9501 1710
7589 8706
5561 2508
2644 7916
9123 281
9029 8817
8444 9314
5634 6644
4377 7092
4287 7422
1296 7270
996 5745
5226 5903
5673 1790
3782 6316
4594 4224
7814 6538
4395 3467
7126 4464
4604 3474
7734 2387
4415 7523
1955 7582
874 2748
4718 7773
1577 3259
3303 3451
7547 4398
6259 6733
3140 7346
7427 830
9339 5420
2457 8554
5771 4403
7557 9904
3034 1721
4070 5662
5981 7656
5436 9600
6305 2863
4450 9725
4795 5322
2201 271
7808 1633
6352 964
5513 6156
2576 4185
8622 2018
9100 6691
4530 4179
2324 3952
8026 3681
1439 331
6481 6570
5724 7034
3355 3613
4604 9025
6720 6497
8853 7933
8832 7983
539 2802
319 9440
2052 8557
5912 3309
7808 7344
8915 745
4348 773
6068 9809
447 3994
4346 3997
443 8463
5759 2209
306 5299
5876 1141
7704 7871
514 7173
1939 5372
3283 3598
8230 7873
8787 384
6939 9289
2429 3478
8549 896
22 6775
4980 4546
3357 2610
1561 7441
3796 5057
6575 4523
2081 4734
6433 5427
6147 840
1448 1246
4255 6773
3114 4167
765 7745
9882 6730
5314 1158
4664 3828
5398 4497
8518 4767
1909 7562
8758 9228
6716 1427
6081 6567
6503 9415
1166 7151
1324 9202
3114 6301
5552 6
4036 2730
8911 7797
7535 6392
2322 5685
8335 5931
6413 1728
9274 2998
8240 7348
1108 1576
5786 5503
168 86
2159 3025
1915 3569
8362 5810
6465 3732
6523 3423
1368 6445
4387 9091
3979 2717
5466 7408
5206 2373
5833 9887
158 1453
4026 2946
9244 9693
8787 1354
8123 6365
5229 4468
1439 197
7734 9915
1255 9512
6416 5546
3311 1614
6503 8038
8728 1839
5929 1699
2777 6345
4065 6316
6971 190
3845 8042
380 9192
9833 5581
9566 4164
349 3155
8765 9717
8155 7810
8887 510
331 197
7859 2508
2658 1437
1821 6325
381 7983
4080 1708
4604 3605
5487 4688
1732 336
3143 6537
6196 3026
4291 4225
1503 3306
521 3760
8789 6640
3232 1686
8541 891
7687 2525
229 3159
141 5461
2201 4468
4120 5793
2812 2269
5462 3696
9672 6880
8430 7960
8931 2516
8541 4627
1194 3918
9620 9875
8690 8188
9423 9379
9159 6368
6914 8229
7761 5606
652 7066
8399 7399
2593 7786
9636 4045
9415 8038
4957 8370
536 1401
4405 5338
203 1493
942 1937
5840 5199
7306 2502
5534 6810
8959 8739
4167 6301
9513 741
9380 9733
9863 9721
9710 8988
128 1258
5162 4398
4166 8550
1300 5820
7734 5122
451 9653
8725 3690
2289 876
3229 2982
6411 5176
136 9880
8636 5155
4911 9914
9579 3556
1166 5888
6671 7191
7537 9990
8982 1538
5854 8319
6551 1455
279 5042
9051 5501
7750 4709
5450 8085
8915 4574
6282 2949
3262 5360
183 3626
9459 6848
6350 2847
9569 9002
4489 3104
1726 4384
1388 3150
4887 8850
2968 7114
4305 5130
3417 5235
3720 4768
3034 3352
158 6813
8954 9666
8995 4809
9837 3925
8732 9017
8555 5126
439 1061
4941 7158
5101 1597
9253 642
6707 9607
6032 7960
1044 4538
7288 1456
9819 494
2212 8409
8527 1391
5731 9586
955 7844
3141 8099
1716 6257
2090 6669
7521 120
7747 7378
2201 5229
5891 5242
9480 3581
1439 1078
3442 1215
2208 1057
7360 6495
9654 4853
7446 5594
457 5842
4247 6905
1732 7504
2600 6092
8123 5001
1492 2194
9791 2060
7930 5426
5776 6562
4553 5706
5123 8125
5647 9058
8728 4049
8051 1380
1086 8037
9076 4857
4060 5633
1207 9196
4590 8721
725 3360
9915 5122
1847 5236
599 4566
6755 2207
9531 9171
2012 2305
7225 366
4754 4221
3490 6274
6779 1803
5325 251
3271 8677
6679 2231
6025 3330
6151 4844
7695 137
7863 3652
5489 5231
6256 9476
9801 3330
3073 479
716 3328
8172 7276
5768 4417
7881 4412
9801 6025
6769 1629
1166 8580
3485 2935
683 5566
1372 7720
336 7504
4588 8048
6854 6749
6660 9358
7291 8068
5148 9660
7401 5057
780 1552
331 1078
173 1681
8856 5529
8783 1033
2363 1350
4343 3569
5776 4236
1439 5433
3436 374
5725 2326
3148 9925
4526 2861
9991 4021
5228 1711
3311 2574
2307 4646
1909 7320
6068 246
1344 7283
5722 627
261 3882
6489 5925
1548 898
745 4574
2586 3726
4871 3411
9286 1080
6753 5805
2137 8816
2843 4603
4000 8628
2052 5523
3474 9025
3240 2774
5655 852
7271 6991
9623 8612
9853 5276
4861 3962
266 8245
2851 6330
6236 6634
9154 9016
9614 3942
5696 4176
5743 8199
9471 2924
9901 5323
8664 317
1229 754
8053 3830
6661 6608
5348 3217
6115 863
2831 5860
7923 9157
5317 1118
9494 581
3986 8232
8737 7944
5599 1538
3286 7456
9083 2333
6127 771
8174 698
331 5433
6957 1001
3687 4332
488 5291
8931 9954
897 4325
7425 7224
9714 7405
987 6520
6660 7656
943 3686
2782 7050
8295 3452
4351 9822
5450 9757
7175 9400
6614 9353
828 3762
2777 7103
1253 6676
5343 3482
2332 6184
9149 616
7712 9262
9431 5965
7651 5607
6886 9648
6562 4236
8155 482
514 9813
484 6449
6558 6476
942 6730
8066 5887
4421 8384
735 4390
9059 2377
1684 1993
6999 4774
438 6104
8998 3174
5009 1239
2782 8451
2619 5841
9995 1399
8653 1912
4769 3828
8961 6499
3525 5402
1962 2503
9991 8165
4340 4815
3670 916
3501 4295
7287 2214
850 2494
9328 43
2370 9880
8880 5465
2704 4222
3397 662
8910 6392
1006 5949
6527 6258
7050 8451
7528 8027
2513 8037
2641 802
337 2520
2398 656
4673 9129
7877 7388
3428 1145
443 8276
6525 8936
9049 9108
2951 8246
327 3746
2933 5746
8715 3087
3329 7602
8954 9946
4819 1972
1192 100
7162 3732
2929 4656
8028 546
9901 236
9741 705
6287 3398
7474 4158
9707 3841
9039 2856
1965 1131
7033 7727
8155 8198
5071 2702
3775 7390
9513 660
3295 5299
6222 7373
5118 6445
3920 7410
2490 8778
1563 8930
6407 697
451 5791
6154 3906
8047 1249
1120 5443
3083 6984
5065 1179
4061 453
4699 6010
1448 5233
381 8832
5061 9709
7792 2709
8990 5039
4481 1435
1612 4880
249 5879
5884 3168
4431 3980
2750 1832
6914 2613
5052 902
8683 8359
6872 1417
914 4820
7982 4963
7980 5940
6064 2043
4036 2994
1692 5360
7291 6173
2808 3642
9422 7901
921 1100
3720 689
272 8294
8190 8085
1937 6730
549 968
4914 7824
6446 3837
1772 3452
2223 1545
8549 7675
6899 5451
6244 9650
563 5468
9850 3008
4721 389
8976 7748
3017 8341
4440 9440
2472 6621
8826 9316
7543 6839
4415 1164
7724 507
5877 8184
3637 7847
9863 9231
4184 1649
3637 7817
8534 4808
1303 5286
9499 5079
492 9769
9967 788
3628 2904
8126 2179
8240 9784
1070 9355
5720 44
7190 2774
3493 811
5926 2468
9598 581
3950 1429
7679 7992
5260 2709
9123 1238
8321 5377
8190 9757
1626 3935
1822 5740
8959 4988
9844 3216
8719 7845
4007 107
8814 7075
5189 4041
1670 9941
2486 2215
3996 2177
5314 5896
8380 8891
2173 95
8686 3909
701 7513
6380 1489
715 9456
6633 2441
5335 3534
2531 1796
9674 4552
7142 2780
492 5280
5833 970
8736 7066
8304 265
2563 1993
8479 6436
6914 2128
3110 6531
6385 6600
4649 1310
463 2435
353 9382
128 9098
5693 7640
3900 411
1554 2092
1419 1063
5916 3732
6123 5686
3699 152
9775 667
5220 2616
6671 9645
6542 3744
2568 7533
266 7652
9235 8179
2363 2127
7859 5561
8909 8408
9345 3633
3070 6749
9431 7361
7870 1856
8088 9993
5022 3604
7162 6465
4621 7879
1247 1581
3125 5613
6317 7797
5248 2544
218 910
6885 1479
4967 2161
4897 2687
978 7639
2880 2692
1607 8470
5477 3626
557 3978
9566 2415
6555 3026
800 147
33 2419
8882 3191
5237 8154
4098 3049
4545 9001
996 936
6744 3257
5519 8226
3548 8574
9274 8271
6757 727
8293 2556
7739 4859
2012 1744
8883 6759
3462 4552
6895 7165
1357 855
202 5906
5932 5372
2980 1341
2816 4687
3042 3842
3458 6087
5645 8453
3818 5324
9743 401
6382 8354
1890 8523
6737 8503
2569 997
8818 4599
5142 972
10 130
7401 3796
5755 9685
4704 571
9952 1638
2363 9892
6704 2225
7164 7390
4865 7128
4235 6733
6374 7229
2839 5992
21 6672
3635 2638
9850 2865
5696 153
7668 7219
5961 6439
169 6803
9064 8111
4589 3153
3707 8179
4428 6319
8474 4174
7072 4023
9922 2362
4553 4830
6093 8169
4810 1073
1283 2205
8814 7135
4877 6862
7969 3833
3228 1475
4450 2243
7758 3838
8085 9757
7124 7293
5961 1353
2805 2850
3303 6532
2404 1596
8334 7313
3286 1855
4926 4651
7326 1082
678 9232
505 5257
8282 3453
211 5567
6127 3815
468 2290
6622 8616
9483 3961
9896 3924
32 8847
5050 7323
2759 3797
6376 951
5916 6465
5584 5631
5840 4703
4506 1441
4216 1814
3523 8491
4287 2229
683 9796
8693 5472
5514 4097
4394 4629
2843 233
3775 510
8311 7002
4972 2732
4289 8977
7719 9158
9364 2709
3303 8438
7800 991
5409 9288
1232 5161
3578 3721
4597 8979
7418 8408
3173 6832
3078 8573
680 3831
6259 5979
706 2919
1712 2871
5114 972
1928 7410
7726 440
3475 5603
264 6693
9463 703
914 5618
6606 9299
51 6618
3720 54
3236 8655
7743 8377
8631 6986
3907 5028
1372 2578
4252 5132
9398 7796
6470 364
3383 8383
6249 9042
9882 5612
4016 2907
5912 8258
1286 3843
4066 7433
5030 837
9630 4073
657 6406
836 498
7430 9119
275 8216
3462 9674
6869 5625
7319 4954
5405 7770
5862 3601
2695 1387
3307 6652
7834 9457
8190 5450
7348 9784
3250 3324
1806 6519
163 7396
2721 366
6527 8759
6375 2022
1765 1994
8416 7026
5422 5601
8825 3872
4027 7069
5695 6984
7555 1923
9587 8557
914 6936
8547 4496
5969 8002
3548 1278
2122 6648
9507 6400
5579 5221
9819 5349
8340 6797
3256 9551
3996 4456
1574 9132
4704 3887
2247 4025
7676 6770
1589 3997
3446 6405
5392 9255
2127 9892
7768 1669
8976 7915
128 9786
4356 1538
983 1408
6295 7060
683 3492
4102 2034
252 8788
3326 3435
8837 7087
887 1227
7687 9500
798 3764
9227 6333
2211 477
8856 7102
6242 794
6857 833
4508 2461
6286 2043
2563 1684
2538 6440
3395 2651
7537 8468
2649 5221
1041 3848
9602 3376
2437 1664
6420 7714
5113 3732
3699 8464
1051 2692
3733 7281
2814 9367
1317 2476
1009 5987
6039 5753
836 5338
9372 8845
5957 2934
1459 1191
720 5576
7547 4091
4177 7564
5043 7498
5914 1205
6599 3221
3200 1899
1266 7143
5409 1272
6294 4328
6882 9374
6503 2092
9576 8159
9837 6268
8687 1328
4256 5089
3950 9003
3880 3301
9785 8149
5650 7520
6764 7172
7237 7145
657 2504
1819 2071
5314 5895
4575 6963
3672 3549
8786 6199
5916 7162
7668 5553
1716 8844
5966 5445
2001 8868
4769 4664
3225 3722
4902 6921
1186 6780
3373 1102
1939 986
3460 3328
666 6311
6771 3824
9728 2114
6922 3318
4268 5149
1360 5387
4065 3782
8639 6344
9180 6949
9286 820
3132 5608
2830 7900
6951 3427
4176 153
1516 8520
6795 7633
4387 6351
9922 6061
8601 1376
3523 2958
1338 9222
5162 4091
6992 7531
1308 4355
4159 2544
4636 3744
3050 321
38 764
446 9767
6592 9316
1013 9496
8959 4231
7660 4375
6052 6761
8182 2965
4220 768
8972 9314
989 6616
5802 9843
254 64
5128 1382
4675 5841
7970 3026
1722 8800
9442 4011
2585 7206
9203 555
1424 4227
2208 3404
5516 6687
906 2311
5932 986
6758 9665
734 7158
8765 494
6317 8911
3108 2260
9836 6104
9495 6037
1300 6438
7637 3279
1150 1836
5092 8983
5046 4108
8629 5567
8516 2719
171 8360
3504 597
4177 7803
7458 4929
5533 8009
9386 9841
9247 8070
9313 7728
550 8093
1941 1805
7537 5285
6094 5573
2984 6759
8681 210
2270 7133
5741 2820
3277 6652
3810 1668
3169 6082
5207 4401
4066 7659
502 581
4265 8185
2137 6659
567 3091
9389 142
5701 5426
2261 7019
3627 4511
4841 67
2999 4744
398 2489
8757 3971
6695 1595
505 6362
6129 1925
6157 7165
6157 6895
7711 2855
8029 8819
2826 8069
1333 7462
2196 9588
8681 4792
6094 3194
5404 5830
6350 1538
1381 8336
3378 1517
7164 510
2122 4775
5876 5633
579 617
782 7493
4141 8374
4028 2359
5113 6465
5365 2903
1166 6460
9902 9237
8223 2155
8414 8531
1044 24
4237 8572
5872 1349
8355 8652
9796 3492
6707 9503
3876 1180
9820 3948
2113 1223
5573 3194
8836 3547
8405 8217
5559 9652
2162 4896
9861 4324
2839 4772
8136 7667
831 2102
5695 3083
3905 7447
5932 1939
7104 1307
6252 1944
6700 6617
6795 3863
7371 4574
1230 7672
4941 1422
5966 2077
2751 1478
5366 4248
5896 5895
9550 1399
8160 3248
498 5338
5674 9353
5246 4581
5476 9971
5004 604
9098 9786
2589 5550
463 3836
6575 6096
5210 2206
2881 9704
2782 2769
9713 9368
2890 4943
6894 9805
3399 3974
1650 1154
1485 6698
607 7213
6755 8278
4129 4884
7430 6206
3630 6314
2037 7227
2212 1500
6262 4137
9654 4623
6751 1289
4905 3564
8277 1656
5695 4064
6708 7578
7292 8863
7576 10000
7763 6711
3005 1698
2256 3547
8604 834
204 4110
9286 4655
7037 9461
2356 9407
2782 4698
3034 4457
2804 2483
8251 4222
7969 5182
4469 5746
3894 7095
6403 4610
7510 1768
7671 5712
3083 4064
2256 8836
1639 5360
7341 827
3312 8504
2951 4106
8340 3265
9587 5523
8399 480
6336 8848
5154 5126
5335 1994
8614 2378
3520 5068
2909 2802
9364 5260
7226 2605
6054 6571
1514 6538
5336 973
9364 7792
850 3609
8087 5397
556 9143
6238 4917
1838 6774
3355 8161
1496 3213
9567 2390
5929 8505
960 9027
1554 594
1453 6813
8306 1486
385 9931
8248 9740
4696 6067
5260 7792
7381 4047
9052 527
6217 1363
4326 6778
5637 1458
9949 7983
1369 7942
5220 8782
5655 2612
2740 1208
942 5612
4978 7
1674 405
5118 1368
9960 7031
1135 9780
323 3724
5348 3621
4394 7342
238 6538
5414 2396
3214 8301
3380 5320
4855 8917
693 705
6002 2164
1388 4223
5385 758
5400 702
325 1651
4388 2030
3648 3668
323 5481
3614 6776
34 3719
3382 2184
116 770
6244 1332
5575 7475
1843 7709
3587 3967
4283 5684
9174 4024
20 7788
9497 2748
7905 2960
9324 584
9324 7538
6169 3238
1624 1792
9963 712
1463 8194
4239 959
4825 3144
5090 8671
3299 8561
5452 2646
8444 424
9970 627
2834 85
4883 9867
2917 3515
9322 7276
743 4484
3412 3827
8054 4109
2777 3067
3417 2520
7149 5059
4166 1231
447 9347
126 7866
6834 4427
4549 3784
8382 4225
1178 6653
5592 8927
7829 3411
7392 2679
1909 1989
5372 986
9832 7186
6721 4608
4293 7873
8789 6406
6922 2892
5240 3410
4166 3555
3399 7630
9889 4445
9375 7700
2065 2405
3432 3079
5867 4472
157 4800
3348 8714
5983 1654
2750 2885
7241 9825
4572 9414
3222 2338
4060 403
3632 6377
2943 9005
6996 1119
455 2120
6503 594
4526 3834
4604 5941
7359 3957
3490 5350
6845 4285
9889 1421
8853 26
737 6445
9180 1754
1070 8385
1234 4948
7514 8933
3704 1334
7329 471
2649 5579
3252 6768
7970 6555
536 3884
7047 7775
4877 6153
4037 4471
5348 3891
6471 6398
8789 2504
7160 8561
2898 8476
1680 5200
5142 9784
9402 9514
3046 2253
2541 7844
5571 1245
4005 9732
9099 2835
6589 3681
9321 562
7315 9747
2528 9433
5658 5583
7307 7998
6997 7039
7081 7167
3077 2157
2364 6080
8815 104
8115 805
1335 2424
8553 1401
3258 7648
6321 9004
4265 8151
9204 2730
1749 2373
3277 3307
5818 6797
9832 2668
6787 9575
5519 400
7815 9410
1726 9673
9405 4798
6811 1077
1941 9186
3850 2266
609 1350
6030 4248
7001 846
7637 3874
8163 645
3589 566
8043 8941
836 4405
4670 8524
6731 4297
6334 9787
5202 7161
2591 6569
3789 873
6373 19
1316 7017
3628 5258
8739 4988
1802 8734
8964 5697
8762 2176
4249 5120
2831 847
4916 713
3211 3949
5290 4827
1822 8619
6026 1400
2056 1562
7160 3299
9049 932
7118 5934
449 8695
9976 1328
3320 9740
5991 5199
5735 1153
5784 4600
6033 6698
2782 3413
2012 674
3095 4056
3262 4820
7334 9937
7209 7559
8645 4921
765 2366
3718 1646
8740 3618
6489 6414
3125 3759
5118 2446
1464 6457
129 1293
203 873
2665 6780
280 8204
7349 3086
3247 3375
6305 1882
9466 4165
9415 2092
887 2847
9441 1641
9339 7886
9989 8332
5993 6818
4621 2965
2745 5216
6596 9554
6660 5981
2029 4755
5113 7162
8909 6439
5114 9784
9256 2476
8929 4137
9903 9251
9450 6547
6851 6037
9724 8808
2367 4546
7142 6639
1832 2885
359 1622
8909 1353
5548 9941
2896 4267
3612 1638
2112 7063
6261 3021
8127 2144
3241 1998
9159 7890
9472 9899
439 8188
7036 6010
3432 5417
6003 8394
263 3197
5482 1934
6045 1123
5752 3854
2340 4375
828 592
678 1404
1645 1054
7287 1133
7521 6395
5033 4991
7010 4101
719 7325
3534 1994
4847 1570
438 7170
2593 5965
8182 7825
2811 9770
8326 4873
2600 9749
393 1215
4001 946
7636 9010
9982 7488
4766 7682
8789 657
4747 6617
6446 8395
2880 4868
1368 2446
6160 7406
5718 1239
1630 9827
3635 2962
6432 2616
7748 7915
7586 7631
8894 1174
238 1514
3979 4892
2656 2508
4974 42
1374 4647
5219 8891
5888 8580
1890 2925
3179 6724
3242 2097
2854 3826
