3810 1568
3535 3460
4065 3036
2620 2418
1288 4152
2132 260
4187 1243
4209 3341
4024 2633
1484 2591
2240 1207
44 2708
3052 2514
3014 4841
541 496
920 3291
4400 2336
1660 4224
240 1276
3066 914
4752 3072
3532 278
3157 2082
1557 2993
2095 2746
4746 3912
1221 4840
1906 2119
1039 460
4873 250
3712 3582
412 3281
951 1102
4939 1417
540 4142
2759 1761
4931 2328
4368 3053
4310 2397
4573 2652
4558 3808
440 4886
2051 1216
3532 2671
4814 3122
3296 1015
1814 1673
4400 3097
1995 3289
667 4597
3099 4514
2214 2757
3746 2744
274 1102
1535 892
4573 969
3464 4605
774 978
7 3278
1677 4477
909 3783
2416 3565
3459 1086
2061 3150
1203 2628
4429 631
2336 3097
2755 611
1707 1518
3300 349
4998 391
4445 910
3788 3523
1825 3429
1294 4847
3729 1317
3552 2681
643 4680
274 951
632 3204
2760 1642
284 3940
4893 4699
3872 2664
2095 361
2422 2910
618 4916
4653 1332
2030 1046
3502 3021
175 4115
4294 1699
4731 367
3916 1354
1094 3285
4368 133
254 70
3144 1905
1312 3281
3809 4211
3823 1596
2411 1354
4315 2980
2825 3799
4333 3581
3512 16
1987 2474
2652 969
2609 4117
3542 2525
2411 3916
2778 4181
2227 4001
1506 4191
4983 2528
1066 225
3530 4320
3636 4938
4714 87
2546 4117
3753 2975
1066 4050
794 1194
4341 401
1004 2363
1264 465
1288 3507
4612 2881
461 4686
1668 1013
731 4390
3704 2976
1037 1607
4491 835
1377 285
4672 929
2546 2609
4207 1365
588 2437
17 1083
3807 1600
1832 4355
4232 3615
2264 4483
2588 1463
2225 4047
1024 3922
225 4050
3489 2332
4762 1622
3759 4001
742 4556
3156 1874
24 128
716 1961
1168 3734
4469 4372
3053 133
4323 2799
157 1968
620 977
3107 4920
4896 2313
4043 2223
4418 4142
3518 3770
4250 126
186 1588
1843 4690
3410 3998
3442 1718
1480 3501
3470 683
304 4611
4310 1976
1709 4331
4765 2299
3854 638
340 1703
2803 3928
278 2671
3256 233
4194 1775
2039 1896
65 3953
308 3184
3219 4314
1295 1074
4540 1035
742 338
4315 1953
2043 497
3007 3808
304 3005
1482 3059
3093 1287
288 885
4693 2454
294 98
4607 4796
4722 2602
1908 3964
937 1934
3062 3783
2225 1266
4178 2414
2515 4001
270 2935
328 3487
1183 2679
4887 3131
1001 2462
3896 3538
4882 1015
3142 2831
1509 1455
4072 3247
4795 606
522 3040
2021 4142
2224 4753
2649 3059
4263 3427
79 1867
4047 1266
4488 3001
3706 4365
3309 4001
3833 3379
4611 3005
1193 3770
1668 1585
4261 3269
2096 1931
1151 1808
1987 3131
4792 2831
4318 421
4509 3160
3096 3998
3960 2064
1987 4887
3311 2642
2596 751
2891 974
2052 1427
448 650
3832 2399
3759 2227
3779 32
1193 3518
4695 1785
3815 164
718 814
3967 862
1832 1903
3175 4796
2753 2594
3377 3057
1449 2304
4792 3142
1812 4457
4556 338
2869 538
1566 1099
1554 291
1838 4929
2003 2583
3327 1418
722 4031
3642 544
2253 1711
4135 2459
2829 3404
4587 2363
618 2080
3623 3486
3871 182
1768 2598
3834 45
2576 2363
2279 2679
3490 762
4099 263
2215 3562
2576 4587
965 3582
1995 2529
3098 4484
4102 795
1434 1623
4101 64
4252 3978
2260 2744
1264 2217
541 3763
803 3979
2046 3618
2127 3792
3190 1835
4792 3057
4261 977
2607 4996
3082 523
1892 3586
2735 4702
1284 4856
4792 3377
2253 289
3782 784
1168 1361
3699 1108
4561 2990
756 1179
2160 3525
732 3596
2544 1427
2015 2304
3099 1910
4914 660
4000 82
48 4001
4574 4863
4783 3324
4633 1080
3142 3057
4125 4492
1949 3748
3416 4962
2617 2090
4882 3296
3175 4607
3845 820
2666 3006
3012 1135
3623 2361
1444 309
3142 3377
3440 1470
3180 3368
1881 2187
4110 2742
1022 3271
4892 2295
4789 4709
4400 4760
2253 4104
923 3005
3269 977
2108 3566
2746 361
1314 1751
4349 64
335 3516
4896 2243
2649 1482
4033 1332
3089 3035
2376 3077
1527 4862
4880 2873
2015 1449
2981 2521
919 133
697 1714
4013 163
326 1641
2074 1726
2183 1708
3587 1852
774 1079
4061 4944
4789 2633
4452 4185
4493 2317
146 4608
829 545
2619 3718
4389 4293
3420 3150
1987 2569
195 4632
2094 730
447 3049
2734 4262
3753 1132
1041 3036
234 467
3840 3038
1711 289
4866 4365
3485 2923
3103 2220
3567 3046
1 3494
602 2159
3822 4077
871 711
629 2890
2225 2550
379 2304
4317 3232
2027 885
4709 2633
1213 4365
3879 3260
4042 3606
2831 3057
1357 4472
4573 2861
2083 2837
921 566
2576 1004
2684 1111
1803 2425
3698 2248
923 4611
162 4963
1898 2739
3823 1689
2981 2986
2688 1476
3369 291
3793 1246
4398 638
3192 1628
3638 2291
2313 2243
4395 389
2905 1411
236 4128
690 1430
900 3633
4595 3662
2838 1126
3488 2578
592 1813
690 1489
1562 1408
4299 4838
2944 3754
1911 349
4573 4863
3003 127
3425 117
1339 4514
1430 1489
4316 4438
697 3084
2174 4609
4831 605
228 2090
2515 2227
2256 997
4956 3953
3459 449
2984 2014
4902 1005
4573 4574
2544 2052
4418 540
3192 1108
4089 1830
4047 2550
498 3657
48 3309
649 338
2947 1582
1143 4268
123 3027
252 4575
803 1596
1779 2587
2401 1047
3190 1755
4513 363
4558 4225
48 2227
909 2707
2831 3377
4261 620
3362 3087
3725 3581
2627 113
2861 4863
3939 4103
48 2515
4792 4359
2194 2469
2818 1717
1678 1461
1949 4779
1628 1108
2894 182
2521 2986
3309 2227
4655 2598
2891 3081
141 1373
4486 1269
4016 2527
120 3681
1711 4104
2336 4760
3504 1172
379 1449
3883 1866
2750 2372
854 3890
1234 4838
2039 3197
3190 482
2324 4629
3591 425
1688 2742
1625 635
937 912
221 2118
3099 1156
4200 823
2327 4895
3124 4812
4470 4175
4924 1600
2221 2385
1555 3404
919 3053
4080 496
548 64
2171 2526
1415 1042
138 1847
956 1623
1942 3987
788 4409
2077 1230
2861 4574
4503 185
3369 1554
4038 2137
1017 3581
2194 212
4397 2711
974 3081
3979 1596
2150 4362
2773 572
1062 3856
2015 3363
48 3759
3685 1418
4287 3558
2292 2399
3398 1375
2108 4040
2308 4933
2725 4875
3051 3758
1685 966
3785 3930
1157 4174
4789 4024
1234 4299
2943 2614
3751 60
3306 3487
222 1758
3938 748
4853 4483
854 2782
2314 219
4935 2381
4503 2020
3820 1257
104 3495
2927 4673
3683 3640
649 4556
1714 3084
1832 4898
1312 412
954 3566
1517 3534
2021 540
794 1419
3848 2974
3844 3651
115 604
3142 4359
3235 4220
2608 2752
2605 1252
3405 87
793 3202
2283 1866
2428 2514
2190 2772
379 3363
1114 1857
884 4377
4336 4241
1720 2317
4315 4210
4937 2436
3699 385
2467 1673
477 4557
1897 91
4940 2589
1159 394
4323 312
3192 385
4848 3792
3727 4490
3898 4471
750 259
909 1269
2057 1801
1611 1939
4821 116
4665 184
1065 1160
4080 3763
2901 3253
1545 4881
2909 4605
4329 2460
2530 2664
3504 3651
4423 822
3457 3427
3692 2745
3961 3643
686 100
592 301
1688 4110
3192 3699
3007 4225
475 2958
655 244
1028 3383
1769 246
356 971
1633 134
1989 2851
3890 2782
4152 3507
4621 3385
1449 3363
4743 164
1288 1670
1017 3725
1628 385
1512 4756
4102 672
4595 4309
3703 751
2279 1183
3893 4809
1213 4866
3062 2707
3734 1361
176 3267
4842 2364
615 405
3504 3844
2508 3812
3950 4439
2552 1112
75 2372
619 4484
3488 4149
3191 4479
4281 4766
1221 3467
4887 2569
2730 3687
3164 875
2469 212
4089 1981
4401 2875
4587 1004
1295 1166
4797 3114
537 1647
1540 1726
1625 2465
3607 4999
2942 253
726 1100
938 1842
763 2687
954 4040
4668 1461
1172 3651
596 1186
909 4486
2019 2473
86 4243
1987 4008
157 2364
1729 4921
2353 1723
4302 2580
3062 1269
1977 4142
3990 1457
3989 673
3514 1980
1131 3404
3066 3808
496 3763
1424 977
1891 2453
3469 2328
7 1186
1467 2986
3549 239
4877 3312
1570 2560
2799 312
1949 3299
2652 4863
3883 3953
4729 2453
1490 2536
1389 899
4493 1553
1339 1910
3313 1176
4729 1891
3459 4682
3546 3770
3143 1254
2533 2245
3309 2515
2513 2355
3690 2954
3079 838
322 860
1721 2980
1168 508
1490 1485
924 3928
415 4890
803 1689
2283 3953
2018 3651
2536 1485
3735 4360
7 596
157 4842
4106 2209
2108 2457
877 2711
4289 70
3530 3472
2991 2009
1441 3696
498 544
4965 566
1036 3500
2831 4359
2667 4702
3313 2625
3655 4833
3796 1310
4444 1196
550 1502
4482 3059
831 1195
2707 1269
1693 3429
1168 1343
3327 2956
1654 4652
141 729
200 129
4055 517
2882 1113
3543 3350
2113 4738
121 910
1108 385
969 4863
3105 4897
3983 3651
1721 1953
4765 2054
1353 49
2292 3832
4140 2340
1735 1046
2713 3115
213 4632
2018 1172
3234 1218
4748 3863
2652 4574
4353 408
1013 1585
2877 4403
461 3495
75 2750
937 1261
2632 1150
2458 1945
884 3187
2559 4889
68 2082
4450 2577
937 1020
4491 1090
3131 2569
4349 4101
4892 2151
2723 1937
1750 2577
2304 3363
3440 1483
4734 1432
1204 1080
1155 2129
2021 4418
4617 904
1866 3953
2999 3177
3704 4490
3621 2002
1501 3937
1517 4934
4310 3161
2911 4648
4668 1678
954 2457
774 1049
655 133
2086 4910
3062 4486
1261 1020
2445 1642
674 1129
3066 4225
244 133
3531 401
2018 3844
1339 1156
447 3750
4400 4471
1913 3414
3983 1172
3486 2361
1830 1981
3094 2907
2855 605
3449 4829
2512 1647
4789 1900
3865 3039
1555 2829
4627 1181
2044 1984
1720 1553
1073 1337
3546 3518
3107 4379
938 1907
1925 3211
3418 3293
774 3303
75 4857
3527 1230
4033 4653
3983 3844
4395 841
2468 4303
2695 2775
3915 2002
521 4181
2156 2951
619 3098
969 4574
3685 2956
356 4175
635 2465
1750 4450
2886 3057
743 1703
3883 4956
36 3651
3970 4455
571 3183
3096 3410
4512 282
3979 1689
115 385
3692 1481
3505 2622
3811 3266
1467 2521
3304 1407
900 1058
207 1373
4877 4045
1171 3855
3464 4442
3415 1060
3382 4564
2089 2980
2126 1445
3219 3645
1226 1816
709 2671
2965 377
2790 435
2978 4747
1903 4898
2413 533
3401 3634
1426 3363
1853 4855
1022 4046
4400 3898
1694 2993
2283 4956
4448 4895
2003 1103
2347 2490
4949 832
188 3147
989 875
1676 2694
1167 2332
270 2848
795 672
289 4104
3397 2973
3280 3055
1814 2128
3256 2821
2750 4857
508 1343
3872 1260
4698 1923
1386 3648
7 69
3412 3081
3704 3727
12 1225
3534 4934
4723 3069
3961 3271
732 3266
4427 4228
3751 4356
1540 2074
3753 1308
4686 3495
4579 4183
1295 2412
115 1108
2886 3377
2089 1953
4860 3301
1896 3197
2377 898
2895 1865
55 2923
2886 4359
2985 4496
1288 2032
3258 901
1755 482
4146 486
1628 3699
1684 573
3621 1934
1238 4392
3049 3750
2937 1679
3377 4359
3506 1417
946 903
1832 190
1114 1443
571 4725
3883 65
1697 1200
3983 2018
274 1525
4626 2743
877 4397
1902 3409
4801 4075
3304 1340
2467 2128
4535 2762
3066 3007
6 1174
4430 3570
240 3766
618 650
749 1725
1721 4210
242 3281
604 385
3541 4699
3557 2028
2586 2004
2512 537
4578 271
2670 1585
2852 2000
461 104
732 3811
1426 2304
1176 2625
3159 4516
4335 1550
2283 65
3815 3158
1831 1461
3915 1934
3309 3759
141 4018
722 2338
1288 2276
1949 2511
1032 4516
2150 1533
4743 3158
3 2425
1075 4439
1660 691
548 4101
3022 1208
4430 819
321 460
1204 4633
3157 1487
220 3940
2442 2840
1087 295
1407 1340
4743 3815
3776 1173
1539 4875
579 910
1032 3159
3011 4399
3656 4757
2059 2926
207 729
379 2015
2474 2569
3064 4104
991 2453
908 1651
3621 912
1598 1150
4499 2578
36 1172
4237 3245
3064 289
4764 1038
709 278
3140 4603
4289 254
3566 4040
596 69
36 3844
670 2577
1398 4154
1164 3203
1535 2618
313 1063
2467 1814
1802 1052
1707 2404
4659 4972
3457 4263
5000 3598
60 4356
3570 819
2225 2826
1878 2507
2670 1013
3066 4558
3258 1144
2503 966
3956 2935
2943 3122
1164 1647
2966 2425
4709 4024
3203 1647
3915 912
3052 2363
218 1841
643 3409
971 4175
1064 3000
4190 1115
4664 4999
1469 266
3643 3271
2902 3773
3113 2142
2336 4471
728 2394
251 1451
3657 544
719 64
1172 3844
2428 2363
2021 376
4159 3537
3300 1736
3279 1616
4902 2084
1345 4115
3924 2690
4261 3869
40 1232
873 2772
4198 4972
3009 2002
4431 4362
1869 4648
107 2949
4924 3807
4499 4149
4301 2883
4355 4898
4555 3622
805 4339
3327 1859
4526 3211
617 4548
4259 3241
548 4349
3469 4931
3505 2031
3621 1020
804 3036
3182 2340
604 1108
2059 1412
3974 2633
3382 3060
1017 4333
12 600
3577 1702
2260 3746
1693 1825
4518 3475
4418 376
3099 3756
3278 1186
3607 262
3009 1934
1677 2277
2575 2641
1539 2725
3532 2646
2545 3097
653 2499
4800 3913
2515 3759
1211 1931
4287 3000
3915 1020
4198 4659
1570 3717
2089 4210
690 46
3481 834
2545 4760
2122 3408
909 2433
4287 1064
2428 3052
4229 4926
3621 1261
372 2222
4792 2251
1391 4183
3485 4279
3316 1369
2966 3
210 2986
2032 2276
2306 209
207 4018
3269 620
4049 1652
2548 2047
3748 4779
2635 3363
4341 1052
3470 4605
2858 4826
4011 164
316 3586
3009 912
3192 982
1908 1470
103 1969
2886 2831
4631 3215
3915 1261
1831 1678
3783 1269
2976 4490
4383 1340
292 4861
3097 4760
130 2124
1391 4579
4709 1900
2966 1803
498 3642
1653 1207
2622 2031
356 4470
4525 4037
2059 3595
2002 1934
328 1785
1225 600
3032 2028
115 3699
4297 164
4099 4069
2689 1163
917 832
1164 537
157 3775
1684 64
3 1803
3469 4919
3222 3581
3549 626
506 4009
658 2577
4341 1802
643 1902
4374 2490
4095 4083
2570 1056
3066 3850
2256 1413
3009 1020
906 2123
4024 1900
115 1628
3062 2433
4079 1702
3983 3504
2327 2294
1131 2829
1987 710
618 448
3489 811
3950 216
4513 2687
3685 1859
3286 1432
240 1235
4010 899
3022 4272
1016 3438
1228 2743
1107 734
2431 4543
3989 3764
3836 894
3064 1711
995 397
947 1590
2596 1537
2458 2072
4920 4379
4036 3212
1949 1198
68 1487
4047 2826
3203 537
2894 3871
4887 4008
4031 2338
2017 1544
3192 4788
3009 1261
2658 2465
4131 1414
4871 2980
655 3053
335 3555
284 178
4931 4919
4503 3238
2354 2614
3057 4359
4717 2867
2531 1567
951 1525
3531 1052
740 4690
1911 1736
2621 3624
3446 315
4443 2567
1194 1419
1074 1166
2318 3211
803 3823
3089 1083
2088 2461
4538 4894
4871 1953
424 283
3961 4046
2844 50
2632 4103
3973 3676
2652 2861
115 982
2336 3898
1424 620
244 3053
1405 3363
3274 2694
85 3298
4714 4455
1884 1596
4765 764
1820 2438
3655 2344
2651 4227
4301 1986
2002 912
1066 3647
1293 4063
4693 1739
2922 3575
4689 976
3488 2959
4585 209
4769 2644
3128 864
1598 4103
4431 1533
4481 4770
424 170
4429 2857
4664 262
2773 983
207 141
4853 2264
3488 3388
897 3835
4828 3247
1066 996
1339 3756
663 903
4646 2836
1170 1363
2926 1412
1566 2473
2804 4274
207 1450
4583 1169
836 4258
1941 2633
573 64
2926 3595
2981 4380
2578 4149
1412 3595
1639 2569
2632 3939
1523 4669
141 1450
1424 3269
1628 982
615 1055
670 4450
3588 4186
1598 3939
3181 1516
115 4788
2168 2188
36 2018
2172 1045
1221 4738
1977 540
2814 1150
3132 837
4261 1050
1418 2956
4785 810
3526 4078
3531 1802
4319 2022
2211 2537
4314 3645
1208 4272
1213 3706
1327 4515
1968 2364
2689 1823
4368 91
4842 3775
2797 2393
4011 3158
1598 2632
4729 2739
3821 2547
1075 216
2517 1166
238 683
3738 1712
3235 172
4297 3158
1532 401
1908 1483
3256 4136
2331 3633
978 1079
2508 672
2984 968
586 4484
2002 1020
670 1750
3621 937
2572 3849
2959 3388
2040 87
3026 2833
3699 982
2172 3137
4043 1551
1087 3620
991 1891
1532 1052
4717 3002
63 392
228 2617
4683 2690
3647 996
1434 1596
718 3005
1028 957
1479 3146
2006 4844
4871 4210
401 1052
1164 2512
471 325
207 737
283 170
4481 901
3974 1900
3535 3720
1977 376
3734 1343
4645 3339
4717 393
3278 69
3488 1380
1491 2118
995 2900
2514 2363
1684 719
4310 2577
3915 937
2635 2304
4965 921
374 4340
1952 398
1831 4668
1426 1449
3157 494
3209 3730
3449 3318
3306 1785
3142 2251
4481 1144
1527 2980
3840 1946
2468 3626
2530 1260
4956 65
2658 635
68 494
1527 1953
4503 1730
450 3242
363 2687
3957 2591
2377 4934
3085 1266
3331 30
1157 3634
321 1039
732 4434
2531 1547
4952 3987
68 3157
36 3504
3210 2631
2170 1600
1628 4788
1663 285
2194 4632
157 639
2545 4471
3286 4734
4413 1340
264 4809
4294 720
247 1726
2283 3883
292 276
3643 4046
3761 4775
843 1292
4448 2294
8 2908
2195 2375
68 3163
2517 1074
4686 104
3045 4274
3956 2848
561 3694
192 2547
540 376
2239 2940
4624 4591
871 2914
4891 4142
4654 2526
2318 4526
604 982
744 1276
17 2397
3157 3163
955 4479
2324 1981
3854 3777
956 1596
4383 1407
2867 3002
88 1356
3885 2064
1639 2474
4235 110
1886 4040
520 1621
476 3335
141 737
3131 4008
4564 3060
1527 4210
489 1373
2867 393
2318 1925
284 20
4558 3850
3009 937
2824 1621
2075 984
2943 4814
4297 4011
991 2739
659 566
1532 1802
826 4955
3699 4788
4749 3867
1837 1100
3190 2584
1486 4643
1424 3869
2784 2671
1639 4008
3566 2457
1211 2096
4770 901
2500 3139
4289 2365
3761 1928
2839 4040
192 3821
173 4861
1906 3497
1639 3131
115 3192
3600 484
4462 1461
1467 4380
2909 4442
2183 1186
3908 1417
354 249
2354 3122
1891 2739
1598 4604
742 4347
2980 1953
2852 1839
4775 1928
945 590
2002 1261
318 1673
2428 1004
3703 1537
2814 4103
3297 1276
2508 795
4578 1804
2299 2054
2474 4008
604 4788
898 4934
2886 2251
17 1976
3974 4024
4526 1925
2450 2916
2864 4576
3002 393
1430 46
2575 1656
3162 3315
3175 4580
562 3812
1145 2816
2740 2352
4770 1144
649 4347
1036 1052
3210 3450
3748 3299
3183 4725
48 759
4072 2705
722 2938
2706 3837
1835 482
1941 1900
919 91
591 2787
4250 1761
489 729
4679 3550
3063 3584
3007 3850
4965 2809
3089 2397
2411 171
4482 1482
4139 1543
1886 2457
2814 3939
1531 4337
4573 1209
2405 1703
3032 3557
4265 1961
1288 2875
2585 4195
4446 1726
2632 4604
3269 3869
3596 3266
2839 2457
3405 4455
1968 3775
997 1413
1295 2062
1884 1689
2229 3339
552 2537
939 1457
3470 4442
604 3699
3274 1676
3176 1378
2353 2935
2027 288
4165 1631
478 4516
670 673
1472 2871
401 1802
2468 2045
1886 3566
4578 4808
1434 1689
1119 4205
3734 508
3428 4186
1081 583
35 98
4251 1102
2839 3566
4126 887
2495 355
4068 23
2883 1986
954 2108
2435 2569
2283 43
3089 1976
1903 190
2411 505
2331 1058
2824 520
3336 4189
1163 1823
1567 1547
2183 69
3883 43
912 1020
185 2020
2839 1886
1434 1884
4310 658
4474 3114
3100 1298
1866 65
173 276
4377 3187
4623 3592
55 4279
4518 1622
3500 1052
4657 1138
3132 3048
2812 394
3704 4228
4726 2840
2109 4954
2666 1223
4310 4450
1048 2124
2575 3946
4665 4402
3809 4923
1405 2304
2888 864
2797 405
223 4074
4630 3027
921 2809
3470 2909
3263 394
3085 2550
4813 1373
1213 1079
742 1840
494 3163
4204 2447
1527 4871
4398 3777
2517 2412
958 2159
4310 1750
4772 3812
2393 405
3316 4779
3219 1631
1804 4808
893 2004
978 1049
3552 4255
4503 1127
658 4450
649 1840
4107 37
4310 673
178 20
4513 763
305 3281
489 4018
728 295
853 4796
973 2963
3704 4427
1987 842
7 3476
3144 4827
4125 753
1750 673
318 2128
4088 823
4486 2433
4400 4340
2225 2286
1320 393
4491 1263
4443 4084
3610 1174
75 285
3219 4165
2364 3775
4259 1166
4842 639
4801 2594
807 751
1320 3002
3621 970
1213 1049
3706 1079
658 673
154 3619
814 3005
956 1689
2204 2936
3682 4226
620 3869
1613 2241
1845 2342
4122 2484
839 832
2784 278
3316 3299
3052 1004
1213 978
4866 1079
3915 970
4450 673
240 4360
3203 2512
562 672
1819 2956
2272 2823
4400 374
1639 4887
1205 4365
2545 3898
1288 4401
4167 4546
1168 2496
1036 1802
3009 970
4743 832
3974 4709
1670 2276
3989 1974
4465 834
4743 839
1213 3303
1062 3669
4028 762
220 20
3706 1049
4204 2310
2985 4100
1934 1020
2353 2848
4866 1049
4499 3388
2838 4917
1143 1457
238 4605
4714 3970
649 742
2033 1201
4289 3197
4813 729
389 841
2814 4604
4540 3558
658 1750
4481 3258
4680 3409
2447 2310
476 3372
3316 3748
1093 1800
3706 978
2435 4008
3796 3189
1695 4757
3706 3303
2976 3727
284 3495
3219 2281
1563 2840
4866 978
4866 3303
4518 4762
469 182
978 3303
220 178
1866 4956
1157 3401
995 4674
4400 3351
2324 1830
1911 3300
3009 3915
610 3579
604 1628
4174 3634
4353 638
2769 2499
634 2176
4355 190
3343 2249
3162 1323
992 3586
4763 751
4772 672
1424 1050
4578 3177
4368 1897
4289 1896
1320 2867
1221 2113
4499 2959
4310 670
3383 957
2443 3429
4629 1981
3263 2812
709 2646
3469 2497
4999 262
1566 2019
1684 4101
3240 338
3241 1166
4439 216
3964 1470
3394 2862
758 349
167 696
2831 2251
2018 3504
2021 2748
677 4181
1842 1907
68 490
4703 2176
3161 2577
3852 3839
2428 4587
1691 708
75 1663
379 3726
220 3495
4655 1768
2225 2070
2980 4210
4792 4039
4310 3764
3009 3621
3089 17
870 1984
3316 2511
3761 105
4109 438
1203 3221
4498 4320
4869 4514
1523 1046
1036 401
3066 1783
728 3620
178 3495
4560 2222
162 4515
2474 3131
4488 1301
776 3266
1733 3281
800 1969
2207 3281
1970 3888
745 1451
2280 367
4146 4339
1083 2397
2422 3359
489 1450
3805 1414
4499 1380
210 2521
2469 4632
3514 577
1289 381
2183 3278
670 3764
2299 764
4159 3353
1425 2823
4813 4018
2029 3414
2283 4163
718 4611
2729 4820
204 2604
137 2573
3950 1529
1143 939
4789 4223
2377 3534
3500 1802
4979 4618
4866 3706
4466 3775
1079 1049
3883 4163
4462 1678
3568 768
20 3495
1920 1369
3335 3372
3514 3208
164 3158
3811 4434
1074 2412
2106 4082
19 366
3954 1388
304 3601
3097 4471
1099 2473
678 1793
707 1666
1941 4024
2100 227
4133 1068
4043 4986
3917 4158
4839 1402
2288 1647
615 584
2435 3131
2015 3726
3009 271
465 2217
2435 2474
4165 2281
2394 295
3964 1483
3738 3185
3467 4738
2733 1726
3621 271
3009 4808
4743 917
157 713
3312 4045
1291 1399
1684 4349
3089 2577
3915 271
456 4463
1048 130
3412 974
1953 4210
701 2709
3621 4808
1598 1944
195 1784
3297 744
1487 3163
2024 2676
2707 2433
562 795
3915 4808
909 4087
1623 1596
1083 1976
4743 4949
17 2577
4289 2039
489 737
4310 1974
4775 105
225 996
4251 1525
577 3208
2424 3586
4614 4292
1804 3177
1114 256
2180 2064
4297 3815
986 2028
1075 1529
4481 434
2339 3595
271 4808
3812 672
509 3424
2453 2739
1881 4356
3009 3177
587 689
4199 1568
658 3764
414 714
4089 2642
3009 1804
2353 3956
1635 2795
4259 2412
786 2403
1581 3380
4498 3472
3099 4635
1389 4751
2777 1997
2943 3342
1339 4635
3621 3177
3327 3328
557 2362
4325 2687
956 1884
2720 4557
3915 3177
3958 3953
2166 3134
4669 1046
4010 4751
1671 2762
1968 639
1339 3099
3621 1804
1735 2030
655 91
1934 912
3403 3582
3915 1804
173 292
36 3983
2847 2139
4220 172
3460 3720
3035 2397
3100 1124
4418 2748
2886 3142
44 291
4893 2317
3748 2511
2422 1984
2984 1569
1322 3863
4297 832
3610 6
4124 2567
794 2042
2999 4950
2373 1752
1920 4779
1920 3299
4915 349
683 4605
3386 4111
924 2803
969 2861
244 91
4010 1389
3089 3161
4779 3299
670 1974
4772 795
873 2190
2049 3231
3062 4087
1097 4216
4310 3989
154 3266
4055 2837
4259 1074
1079 3303
3329 3801
452 4260
132 1704
1320 4717
4011 3815
923 3601
4011 832
3815 832
2283 524
3269 1050
2736 369
3235 1651
2929 3046
2944 1940
3226 2273
1750 3764
1835 1755
1977 2748
2614 3122
2109 2162
4813 1450
2328 4919
4849 4916
3035 1976
1391 4185
2027 3104
3207 370
3883 524
1425 2272
3406 1726
1014 1246
793 1279
4047 2286
3918 3001
4031 2938
4400 3013
2586 1113
3009 4578
3089 673
2308 233
2394 3620
1632 2020
3611 4022
2054 764
1150 4103
4005 1585
3157 490
139 3536
4297 839
4389 67
934 3468
3316 1198
4876 3491
328 4695
17 3161
4450 3764
4703 634
3206 1365
3009 4950
1632 185
1089 470
4617 3158
1327 1311
288 3104
3009 2999
1369 3299
1920 2511
4036 1035
17 673
3532 1703
658 1974
210 4380
1563 4726
1475 4875
2750 285
3161 673
1487 494
271 3177
1092 3744
1157 2395
1819 1418
2409 2459
1083 2577
739 3659
298 2828
4017 4911
3359 1984
3621 4578
4777 4496
837 3048
1369 4779
3621 4950
4362 1533
3915 4578
3258 434
3685 3328
374 3351
3915 4950
2976 4228
3241 2412
4578 4950
171 505
3070 3864
1470 1483
1798 2460
4088 4200
2435 4887
4011 839
3621 2999
4813 737
4466 2364
2207 1733
3915 2999
223 3170
4010 1098
4305 4875
2121 4744
919 1897
835 1090
1066 3835
3940 3495
4124 4084
1686 2400
4883 2961
3872 708
3035 2577
2920 487
3670 2633
1920 3748
4145 4753
4540 3000
1819 1859
707 2889
212 4632
4638 1907
2797 1055
188 4447
1824 3299
3382 4816
901 1144
3992 16
1894 3584
1977 4418
2482 2340
4578 2999
3148 3084
1228 4626
408 638
586 3098
4002 98
4639 3944
2632 1944
4979 4927
4573 3475
2422 870
3469 4296
1824 4779
1684 548
4431 2150
4657 2493
4617 164
2988 1930
2339 1412
2441 2473
1167 811
4833 2344
914 3808
776 3596
4737 2537
2783 1702
1389 1098
2393 1055
681 4584
4658 1999
1108 982
917 4949
4931 2497
2777 4262
3988 600
904 3158
4893 1553
1418 1859
239 626
4849 2080
3357 977
945 1383
2814 1944
3329 1255
3929 851
1235 4360
3815 839
194 4027
3845 3645
2976 4427
1045 3137
1673 2128
275 4551
1639 710
937 970
1576 566
4353 3777
1495 2486
1976 2577
596 3476
2888 3128
4573 1622
3470 3464
1369 2511
2353 270
1750 1974
3089 3764
4466 639
225 3647
4050 996
4367 869
1824 2511
2040 4455
4301 2924
2256 1592
2680 751
4978 2362
928 2478
1824 1369
4446 247
4477 2277
3510 3146
3670 1900
3959 4411
1866 43
953 1455
4638 1842
1691 4372
1527 2089
4047 2070
154 3596
722 4605
2224 1905
2397 2577
2479 4991
1941 4709
1682 405
140 1455
4811 1961
305 242
1083 673
3500 401
3356 3696
4297 4949
1631 2281
4482 2649
4450 1974
937 4808
2336 4340
2824 932
4301 1930
2814 2632
3866 3663
1532 3531
4297 917
3727 4228
3783 2433
3035 673
4623 1672
2185 4160
4190 1550
2822 4862
1957 1195
3872 4372
2508 4102
2635 1449
2183 3476
17 3764
826 2429
147 2384
4573 4762
86 2768
4065 1827
3311 1459
154 776
961 4776
2925 1458
213 1784
3089 1974
3686 3928
4301 2988
670 3989
1598 1921
2306 2963
620 1050
3915 3621
1591 4479
4869 1910
2354 4814
3690 2486
2364 639
489 141
162 1311
3274 1453
937 3177
3886 1642
3527 2077
4280 977
1041 1827
520 932
3796 246
3089 4450
140 953
1426 3726
970 4808
2324 2642
3690 1495
4540 1064
1400 1817
1062 3708
4152 2276
3872 1691
3319 3355
2081 172
2784 2646
254 2365
3619 3266
904 164
1222 4144
4998 3334
4891 376
4011 4949
3270 3260
2834 4787
2548 3576
286 3452
3052 4587
3986 3671
4011 917
2336 3351
2170 3807
2183 596
3089 1750
1824 3748
4849 650
613 2295
371 295
4055 2083
2886 4039
1328 2389
17 1974
19 922
2231 4514
970 3177
3537 3353
506 792
2135 4392
1623 1689
3611 4697
2193 1931
3934 4820
1598 3889
2167 3122
4527 2569
220 284
1906 1986
1920 1198
4275 3730
3519 80
709 1703
749 2386
1041 4065
4998 1541
1479 64
238 4442
2207 242
1997 4262
1733 242
4155 1568
4956 43
3161 3764
1108 4788
1811 2677
1115 1550
2336 374
1976 673
3144 4837
4973 2078
3241 1074
2104 1596
1637 3018
4525 3237
3035 1083
4861 276
4664 3607
4973 3495
1759 4485
4480 3533
4560 372
2078 3495
106 3711
3866 3562
2745 1481
3727 4427
2339 2926
1833 2577
1164 1137
1475 2725
371 3620
4513 2739
2397 673
722 683
4562 1780
2822 4210
3334 1541
4413 1407
1782 1533
791 3137
1150 3939
4810 4557
2723 3138
17 4450
898 3534
702 3770
1168 1655
791 1045
3061 4991
849 3646
3999 4379
1697 3253
4779 2511
3541 2317
4842 713
2521 4380
4036 3558
3510 64
27 4591
4338 4312
682 2823
4527 4008
990 4936
3113 2690
3629 70
774 1135
4305 2725
2545 4340
2435 710
4585 2963
3440 61
379 386
2930 3775
632 128
658 3989
3142 4039
2959 1380
3061 2479
3035 3764
354 349
1369 3748
2924 1930
1295 3454
1707 3223
1715 3571
1083 3764
4079 3577
4267 2528
154 4434
4511 4898
4723 2452
17 1750
1066 897
4763 807
4289 2244
3161 1974
552 2211
2225 1781
937 271
3009 3340
1833 673
3146 64
3166 4149
2545 3351
173 3108
4132 131
2196 2772
3885 3960
2822 1953
404 1144
2167 2614
3950 1195
3568 2485
3732 4313
240 3735
3561 3358
1684 1020
4922 3533
2194 1784
1824 1198
404 901
3274 3991
1205 1049
3089 3989
1708 1186
3443 2828
4808 3177
3035 1974
4229 3544
4031 4605
4353 4398
4801 2753
763 2739
1075 1195
2288 537
562 4102
2130 302
363 2739
3195 3349
1083 1974
3815 4949
3377 2251
1782 4362
3405 3970
1563 2442
3382 2801
4862 4210
663 946
1795 2939
3766 4360
3384 1265
3475 1622
4177 1112
1205 3303
3428 3588
3384 3101
1804 4950
2718 3081
2822 2980
2633 1900
4368 1109
1532 4341
162 1327
3089 658
4777 4100
1434 3979
2545 374
937 4950
719 4101
3915 3340
4314 2281
4869 1156
4729 1898
708 4372
2732 38
3621 3340
4573 4518
1857 1443
319 3290
937 1804
2024 2671
4770 434
2441 1099
2777 2734
1708 69
2784 1703
3815 917
2306 973
1377 2092
3147 4447
2240 3775
2491 3987
1684 912
1727 4760
3297 4360
4055 2830
3698 112
1707 1565
519 4472
2061 4271
2354 3342
3974 4223
65 43
1265 3101
4446 2074
2712 2050
914 4225
2002 3177
2627 1561
1684 1934
3035 3161
548 1020
3878 3354
1150 4604
2567 4084
2015 386
1632 3238
363 763
4828 2705
4933 233
2002 4808
4005 1013
220 104
765 3114
3195 2693
1833 2397
1693 2672
3497 1986
749 4433
2421 3571
4453 3069
4320 3472
2517 2062
776 4434
4325 2739
4202 641
2530 4372
2814 1921
4075 2594
3297 3766
3973 3150
1653 3775
1727 4471
4353 3854
4386 4091
3364 1647
4445 2369
4126 352
2372 4857
3592 1672
3541 1553
17 3989
4089 1459
4629 1830
3788 929
1684 1261
4302 2454
1833 1976
3449 1982
744 4360
4772 4102
271 4950
624 806
4314 1631
3714 3931
2530 708
2797 584
2000 1839
3089 670
4931 4296
3203 1137
937 2999
1205 1079
284 104
4460 2484
4892 3284
1369 1198
853 4607
1833 3764
3561 3355
1083 3161
4492 753
1346 3451
1527 1721
2814 3889
1831 2743
3885 1010
3893 3060
4813 141
3966 2711
3212 1035
1976 3764
2067 100
3212 3558
1035 3558
2207 305
803 528
1291 2764
1956 1498
3950 1957
445 3603
2557 3344
3309 759
2080 650
4840 4738
1086 449
1309 1046
2397 3764
893 1113
2393 584
1012 2990
2421 1715
4722 789
610 4728
1833 1974
4302 1739
2283 1053
3692 159
1636 393
548 912
3502 4103
1075 1957
598 1451
814 4611
4465 3481
254 3197
1733 305
498 2527
1866 4163
2174 1262
2646 1703
722 4442
4992 3337
3035 4450
2979 1873
2938 4605
686 3615
4862 1953
3306 4695
1221 3376
4978 557
462 2631
1976 1974
4511 190
2081 4220
1096 211
3271 4046
4723 3572
599 2599
971 4470
2635 3726
2422 2044
3058 3448
3883 1053
548 1934
2157 4051
3195 3249
2024 278
3633 1058
2397 1974
4852 276
2983 2916
970 4950
4349 1020
4353 4195
3195 3172
4431 492
4567 3141
4089 3311
1915 2273
2632 1921
3561 3319
4617 832
3299 2511
1213 1135
4731 2850
1207 3775
3045 2804
3878 1466
2207 412
4036 3000
2750 1663
4778 3390
1566 4773
4168 116
744 3766
4760 4471
3358 3355
247 2074
1733 412
3249 3172
295 3620
4810 2720
574 405
1639 842
4810 477
154 3811
2104 1689
3035 1750
4915 758
685 4754
4462 4668
2720 477
615 1786
106 391
3235 908
2687 2739
1083 4450
2336 3013
444 4794
4688 545
3845 2281
2515 759
1682 1055
548 1261
4585 973
659 2809
4179 2956
3003 4154
3278 3476
305 412
2577 673
4145 1905
1636 3002
4050 3647
817 1052
4521 1144
408 3777
991 1898
2324 1459
4259 2062
745 251
719 1020
17 658
27 4624
51 1958
3446 1413
919 1109
4482 4864
2731 1111
2632 3889
1894 3063
1952 1072
4521 901
1632 1730
2676 2671
1968 713
4852 4861
4769 2139
3502 3939
1684 3177
292 3108
3502 4604
157 3501
2693 3172
2545 3013
1250 3525
2024 1703
451 2475
304 1199
562 2508
3732 4805
1924 4863
1906 2883
3349 3172
4101 1020
1684 4808
249 349
1083 1750
1307 2739
4862 2980
3140 2763
1088 2906
956 3979
4866 1135
2002 4950
3035 3989
3939 4604
2081 1651
132 1300
2512 1137
3066 966
3845 1631
3287 3409
4513 2453
1489 46
924 2827
2930 639
4251 951
1361 1343
458 468
688 3493
4973 3940
3963 1455
3305 3792
582 1533
1804 2999
718 3601
3440 438
4349 912
2652 1209
2477 1477
404 434
1205 978
1405 1449
3748 1198
3153 262
3854 4195
4556 4347
1941 4223
904 832
1138 2493
4763 1537
461 4727
3401 2395
4572 4702
4416 4040
4629 2642
4239 2610
3923 840
655 1897
573 1020
2377 1517
3510 1479
462 3450
1186 69
3706 1135
2370 1776
318 1814
2324 3311
2207 1312
853 4580
3161 4450
1083 3989
1075 3950
887 352
711 2914
4556 1840
29 4787
3053 91
2380 4073
2231 1910
1733 1312
4916 650
3796 1769
4220 1651
2693 3249
3085 2826
263 4069
1527 4315
75 2092
719 912
4468 3472
2194 213
2708 291
1581 3640
4466 713
4349 1934
3349 3249
3240 4347
4416 2457
3009 2173
17 670
278 1703
68 3330
4031 683
2024 2646
254 1896
3885 3589
1536 1458
3444 4784
3240 1840
4174 2395
2435 842
1684 4950
4146 805
3787 3676
1928 105
2454 1739
3349 2693
4769 2847
807 1537
3502 1150
264 3060
2142 2690
271 2999
3336 662
548 3177
4726 2442
3923 2484
4527 3131
4303 3626
3866 2215
2386 4433
3009 1762
33 92
1405 3726
2329 511
923 1199
719 1934
2779 1102
2184 64
2119 1986
4349 1261
970 2999
366 922
3532 2405
4753 1905
3240 4556
3440 4109
244 1897
2240 639
2256 834
323 2771
2684 4895
4835 501
3297 1235
4036 1064
840 2484
4174 3401
3958 43
1866 524
380 860
3960 1010
3759 759
548 4808
3358 3319
225 3835
4101 912
2293 4348
2002 2999
305 1312
970 271
4398 4195
2676 1703
1908 61
4468 4320
4935 1431
488 3651
3496 4262
1456 3317
3057 2251
719 1261
1449 3726
4922 4480
81 4776
4956 4163
1684 2999
1668 4023
4240 1973
2545 2336
1307 2687
2729 4649
804 1827
3166 2578
3498 4248
2684 2294
2002 271
72 45
1684 271
2569 4008
1684 2002
1320 1657
4623 297
1653 639
1684 970
4400 3273
1813 301
1684 1804
3212 3000
2002 970
4462 2743
573 912
1833 4450
2779 1525
3315 1323
1915 3226
3596 4434
1820 3077
1977 2021
2495 4818
3025 2671
3093 3538
1426 386
4155 4199
2568 1726
2002 1804
3222 3725
2843 1600
1434 3823
4338 4593
4347 1840
126 1761
4101 1934
4323 3904
2150 492
3382 255
1228 64
1206 3021
4887 710
4617 839
2329 3855
2308 2821
4340 3351
3915 2173
970 1804
4031 4442
3161 1750
400 3158
178 104
3161 3989
3621 2173
4527 2474
1750 3989
3716 3344
3845 4314
573 1934
1666 2889
4349 3177
4449 2137
1833 3989
3642 2527
4493 3550
1833 1750
1670 2032
3915 1762
4460 4122
4101 1261
774 3012
2078 3940
2082 3163
4973 20
3025 1703
2676 278
1632 1127
719 3177
728 1087
3961 1022
3420 4271
1191 4520
424 4160
3812 795
3621 1762
1833 3161
2616 3087
548 4950
1158 4262
4772 2508
3764 1974
2530 1691
573 1261
2187 4356
3767 3385
3066 2503
1692 1408
582 4362
1527 2970
4668 2743
1906 1930
1830 2642
1213 3012
1807 2223
1036 3531
2649 4864
63 3513
208 3624
4915 1736
3009 530
3845 4165
195 2574
4349 4808
1143 3990
4521 434
4626 64
2904 2407
363 2453
4250 2759
794 4056
719 4808
924 4855
3787 3150
3241 2062
1213 774
2596 1141
2671 1703
1720 3550
1036 4341
1204 2047
4453 2452
2788 4559
4132 133
3126 3069
4101 3177
4797 3119
4453 3572
511 3855
1035 3000
404 4770
4891 540
573 3177
4699 2317
3475 4762
2770 2604
4287 4396
4895 2294
1945 2072
2324 4089
2735 317
378 2910
4047 1781
1119 1950
3189 246
2193 2096
2230 3242
4439 1529
2467 4632
2911 3285
2338 4605
4150 4806
2452 3572
75 1377
3711 391
2917 3575
4814 3342
1532 4716
4338 1393
548 2999
573 4101
1207 639
4439 1195
3676 3150
3490 4447
4983 301
744 1235
4578 3340
73 1439
4803 3771
3035 658
4314 4165
3982 2916
1529 1195
573 4808
2059 1888
4617 4949
4101 4808
2231 1156
2443 1825
3751 1148
4983 1813
68 1325
3610 2691
2441 2019
4891 2748
432 387
763 2453
4807 593
2803 2827
574 1055
1471 1849
4074 3170
649 2540
3066 1685
513 4191
4866 3012
683 4442
326 1046
4849 448
4349 4950
719 4950
4714 2430
2623 243
271 1804
3619 4434
2195 2249
719 4349
3521 2384
4473 262
4124 4443
758 1736
904 839
937 3340
548 1804
548 271
1102 1525
3723 4806
1684 3340
4097 1485
3531 4341
1908 438
1228 2184
1684 937
138 864
3025 278
4527 710
4538 235
4450 3989
4422 4274
1676 1453
157 1480
1906 2924
3219 3628
1261 3177
3915 530
3510 1020
1684 4578
2514 1004
4831 1091
3621 530
1440 1371
4617 917
2733 2074
1997 2734
4325 2453
340 823
3176 2282
548 970
2802 3525
4315 2970
3507 2276
1479 1020
3923 4122
1921 3889
2185 1224
2288 1137
3357 3869
2167 3342
2676 2646
2544 2739
499 3021
1934 3177
1598 345
207 3374
354 1736
4365 1049
4050 3835
573 4950
1906 2988
4954 2162
1682 584
4280 3869
2844 2363
4538 1775
1869 3285
3257 3419
408 4195
1508 3314
2856 4387
506 867
1602 2873
3179 393
2797 1786
2194 2574
4022 4697
3145 460
428 638
697 601
4101 4950
3035 670
3532 743
937 4578
613 2151
2883 1930
3706 3012
1036 4716
540 2748
1670 2875
722 238
2078 20
4973 104
2014 968
3212 1064
3988 1225
4124 1112
1709 182
899 4751
4593 1393
2167 4814
3395 4104
1338 3371
719 2999
2842 1483
969 1209
3222 4333
4443 1112
4349 2999
4956 524
956 3823
3958 65
3014 760
354 758
2328 2497
3443 298
3958 4163
4715 1363
3703 1141
4365 3303
3657 2527
722 2909
4179 1859
65 4163
655 1109
4527 4887
3007 4558
2831 4039
1908 4109
3670 4024
451 3184
4795 590
4353 2585
2393 1786
3781 559
1707 4037
3723 4150
682 2272
1721 2970
424 1224
4482 3468
3146 1020
4709 4223
3893 4564
4466 1968
2170 4924
3497 1930
1021 4875
3531 4716
4866 774
486 4339
3234 2064
3025 2646
397 2900
4909 4721
972 641
4699 1553
3502 1944
3510 912
4341 4716
4280 3357
238 2909
3510 3177
1918 2862
548 2002
2225 2315
3918 1301
904 4949
912 3177
2308 4136
3032 4666
3120 1511
2160 4415
2032 2875
424 2185
573 2999
3496 2734
4060 964
3449 4441
775 105
2658 1625
2796 3935
432 4428
719 1804
3096 2643
2652 1622
4431 100
719 271
1727 3097
4482 934
4285 2975
1479 3177
220 4686
686 4232
1116 4591
244 1109
1434 528
4349 1804
3126 3572
1083 658
1948 1483
1479 912
235 1775
122 3041
2880 4104
1924 4574
3096 2217
1487 490
4101 2999
1570 4616
2680 1537
4349 271
4676 281
2643 2217
437 1282
1716 1703
3435 4062
3259 566
2180 1010
3510 1934
2037 4104
4416 3566
3179 3002
1676 3991
3695 4929
3510 1261
1025 1483
3510 4808
3791 2368
195 4620
1261 4808
7 211
3629 2365
4291 4829
371 2394
4798 1780
548 3340
1011 566
1976 3989
2397 3989
3841 3713
3126 2452
2061 1269
2697 3580
3496 1997
2583 1103
719 970
228 1351
1934 4808
907 4678
1479 4808
3619 3596
318 4632
1479 1934
395 3620
1228 1020
4267 301
2803 4855
904 917
2024 2784
573 1804
718 1199
3380 3640
3146 3177
1479 1261
4316 4490
592 1218
1636 2867
2441 4773
131 133
4010 546
3395 289
573 271
742 2540
2078 104
3497 2883
4430 1890
71 1939
2855 1091
2194 4620
4349 970
2469 1784
3629 3197
4267 1813
4325 763
1158 2734
997 1592
1831 64
4869 3756
3510 4950
2543 4478
2397 1976
2002 3340
877 45
2596 144
3782 4610
4629 1459
213 2574
702 3518
340 4200
3958 524
4152 2875
157 881
2246 2210
3146 912
2372 285
1680 768
2635 386
3166 3388
4101 1804
2184 1020
4316 4228
1385 1272
2938 4442
404 3258
3934 4649
2166 3307
1479 4950
3406 2074
817 1802
2652 4762
1228 3177
4626 1020
4101 271
1083 670
29 2834
3382 3163
1833 658
7 1096
1307 2453
4040 2457
1654 4478
3199 3427
4313 4805
268 2465
3146 4808
1654 2543
4268 1457
840 4122
400 164
2788 353
2094 1646
785 1246
1237 46
573 970
2880 289
3153 4999
962 2547
1727 3898
3007 1783
3410 2217
2577 1974
808 355
2194 195
44 1554
2037 289
733 4603
4558 1783
1814 4632
719 3340
4521 4770
2119 1930
3706 774
709 2405
3096 465
2364 713
3146 1934
548 4578
261 3955
3146 1261
2930 713
1684 2173
4493 4679
254 2039
2184 3177
2930 2364
1228 912
4538 4194
3168 603
2339 1888
3420 1269
3923 4460
1035 1064
4626 3177
2328 4296
1684 1762
1228 4808
4381 673
4280 1050
4973 178
2667 317
3127 473
775 1928
956 528
2474 710
4349 3340
395 295
3146 4950
3510 2999
2397 4450
1043 1056
4607 4580
3663 3562
604 3192
1976 4450
912 4808
2652 3475
2570 4006
1563 3953
3497 2924
4811 4265
1391 4452
1693 3477
3357 1050
4490 4228
1833 670
2935 2848
1934 1261
1258 2961
315 1413
4626 2184
1720 4679
406 2333
3647 3835
1158 1997
1228 1261
1228 1934
4101 970
573 3340
4303 2045
1819 3328
81 961
2089 2970
1228 4950
4791 3069
4316 4427
2379 1931
2814 345
4431 2067
400 832
2183 211
1479 2999
379 1187
4462 64
3963 953
2954 2486
719 2002
3331 3646
3497 2988
4626 4808
4459 1049
3707 2414
997 834
2876 2459
2184 4808
3949 1900
1204 3576
828 1118
3364 537
354 4915
1934 4950
4626 912
143 1864
1261 4950
2858 1056
3025 2676
3382 2082
2240 713
2884 4942
4804 4934
3398 3495
1594 2486
2184 912
2643 465
4885 3081
4259 2517
3629 1896
3703 144
220 4727
2586 2882
574 584
4310 693
4491 1600
4459 3303
50 2363
2575 4894
1788 1448
1528 2849
4453 4723
4527 842
3827 216
1653 713
4101 3340
1684 530
489 3374
548 937
1594 2954
4626 4950
3446 1592
1716 2671
3741 4307
4152 2032
519 1357
3510 1804
776 3811
722 3464
4816 2801
969 1622
3500 4716
2184 4950
4626 1261
2024 2405
4626 1934
121 2369
2052 2739
3960 3589
20 104
2180 3589
876 1266
65 524
2883 2924
3446 834
2180 3960
794 572
1535 2179
877 72
3785 4910
3510 271
3382 494
2184 1261
1318 2475
1831 1020
2861 1209
1467 2981
3146 2999
2184 1934
2183 1096
4809 3060
3490 3147
2919 2752
3166 1380
4285 1132
1228 2999
1661 1448
4349 2002
1831 3177
4857 285
733 2763
3405 2430
228 4326
408 4398
709 743
2991 9
1205 1135
499 1206
4259 3454
3410 465
4381 1974
264 4564
1484 4652
3958 4956
4668 64
2617 1351
4952 1942
1479 1804
499 4103
1206 4103
499 4604
1206 4604
1592 834
4726 3953
719 4578
1228 3146
2240 2364
990 1316
3549 3972
1721 4315
2517 3454
651 383
4634 1816
1405 386
924 1853
891 291
2397 1750
1479 271
4842 3501
2345 37
573 2002
3827 1195
4481 723
4103 4604
2883 2988
3878 1027
2365 3197
1020 3177
4791 3572
2298 3494
284 4686
2577 3764
3940 104
2024 743
3442 1740
1976 1750
2842 1470
2229 4645
4603 2763
1746 1416
4271 1269
4654 2171
970 3340
1168 1770
4852 3108
912 4950
1660 267
3487 1785
1831 4808
4779 1198
4626 2999
164 832
4511 4355
3082 1118
2283 2035
3670 4223
3510 3340
1833 1083
3510 970
4462 3177
3037 734
4381 3764
899 1098
1653 2364
1661 1788
3532 823
1680 2485
606 590
1276 4360
3502 3889
4462 1020
4381 2577
4933 2821
2229 1485
138 3128
4645 1485
2184 2999
4948 2580
4795 1383
4349 4578
73 3701
1228 1804
1576 2809
424 944
2649 3468
2007 4149
3157 3330
3592 297
1708 3476
216 1195
2024 709
3446 997
1831 4950
4289 2301
814 3601
428 3777
2283 1590
213 4620
2390 1518
573 4578
2442 3953
2545 3273
3364 1137
1228 271
1831 912
1479 3340
2195 3343
3146 1804
3089 693
2216 4086
2225 2271
4629 3311
2150 100
2839 2108
3502 1921
466 3101
3263 1159
1678 2743
3714 3188
969 4762
4945 2457
3883 2035
4668 3177
3382 490
1479 970
2119 2924
1948 1470
2880 3395
3085 2286
1237 1489
4305 1475
284 4727
3146 271
185 3238
4462 4808
548 2173
4405 607
4945 4040
548 1762
4540 4396
408 3854
2019 4773
1831 1261
3113 4683
4791 2452
1025 1470
4668 1020
3014 2371
863 439
1831 1934
1737 2956
4777 2985
1228 3340
2360 1461
1697 2901
2119 2988
2015 1187
536 3211
1275 3081
1866 1053
4164 392
1682 1786
3883 1590
2438 3077
3097 3898
581 738
4312 1393
499 3939
4626 1804
3320 2808
4135 4712
3082 828
4462 4950
1281 2511
1723 2848
106 1541
2649 934
1742 2076
3113 3924
1074 2062
1594 1495
544 2527
3166 2959
4813 3374
1021 2725
225 897
1206 3939
340 4088
4626 271
1228 970
4521 3258
2112 2457
2789 1672
3410 2643
573 4349
4538 1144
1207 713
3126 4723
2037 3395
323 4147
3146 3340
1831 2999
719 937
3021 4604
4686 4727
2544 2687
2784 2405
2173 1762
4123 3361
2112 4040
1716 278
4668 4808
4462 912
379 3630
2061 2433
2750 2092
1084 3640
2184 1804
3359 870
3523 929
3444 3150
3412 2891
3297 3735
90 3874
4370 4543
3532 4200
900 2144
3836 2248
86 1359
4626 3340
4101 2002
3021 4103
3949 2633
4724 3905
127 4154
2861 1622
2218 184
4538 901
431 80
4668 4950
2184 271
2024 823
4101 4578
4031 2909
3940 20
3382 1487
64 3177
1389 546
4462 1261
397 4674
1539 4118
2544 2453
786 2465
4579 4185
1716 2646
1723 2935
466 1265
719 1762
3146 970
1727 3351
1645 1340
548 530
4462 1934
719 2173
2002 4578
1378 2282
4311 3060
3113 1699
2528 301
4627 507
4302 4693
2627 1129
2575 1775
2081 908
4368 3582
2338 4442
2938 683
2596 11
2184 3340
1678 3177
2174 714
2784 743
1339 2615
414 125
4462 2999
56 772
3131 710
4626 970
3823 528
428 4195
537 1137
373 4875
1092 430
4373 517
135 3849
4511 1903
969 3475
2743 3177
2771 4147
4035 735
4668 912
4473 4999
3079 3737
3510 4578
709 823
4365 1079
2467 212
1678 64
1831 1804
4466 3501
3113 720
2119 2883
146 2960
573 937
573 1762
937 1762
4194 1144
2858 1043
3929 98
3510 2002
573 2173
813 2276
249 1736
1321 4241
937 2173
4490 4427
4871 2970
3845 3628
1318 3184
3418 2161
4567 410
3420 2433
4349 1762
1033 87
1707 3237
4349 2173
2233 2036
1034 3574
2575 235
707 2155
255 3163
686 2333
1831 271
1881 60
2641 1656
2617 4326
4973 4727
3924 1699
1678 1020
2687 2453
4668 1261
4683 1699
4349 937
3085 2070
1831 3340
1727 4340
2024 4200
3629 2039
4538 434
4617 3815
1934 2999
1116 4624
876 2550
2082 494
1260 4372
2575 1144
2283 947
4668 2999
4668 1934
2184 970
4330 1937
1678 4808
2528 1813
962 3821
1453 3991
2020 3238
2467 1784
2428 2576
2954 1495
719 530
235 1144
2256 3481
4683 3924
1228 1479
429 2302
4867 3671
1033 4455
1281 3299
4626 3146
1228 4578
3897 133
4194 901
3019 4457
1479 4578
2575 901
914 3850
2336 3273
730 1646
2575 4194
2743 64
2360 3177
4933 4136
2743 1020
4430 2223
1678 4950
64 1020
4459 1079
873 4942
4438 4228
1213 4144
3025 2405
4462 1804
4474 3119
3893 2801
4301 1861
4132 91
2743 4808
271 3340
3703 11
4253 3899
1261 2999
628 2159
1461 3177
1949 2493
1228 2002
4233 419
3025 743
1307 763
1099 4773
3235 2669
64 4808
61 438
849 4086
1277 4514
238 3464
4462 3340
17 693
3958 1053
4462 271
573 530
4683 720
1881 1148
919 3582
1479 2002
1604 1354
2497 4296
4026 4432
3924 720
3883 947
1831 970
2743 4950
212 1784
3510 4101
4124 4177
235 901
3510 1762
4826 1056
2818 1031
4101 1762
4421 393
4973 4686
3510 2173
2104 1623
4784 3150
4101 2173
2224 4827
2861 4762
2046 4713
2575 434
686 406
2183 7
2784 823
4349 530
2015 3630
4028 4447
1775 1144
1563 43
579 2369
166 3034
87 4455
2353 3393
2632 345
804 4065
1579 1999
709 4200
64 4950
3825 66
3058 4938
3181 895
3600 38
3956 270
3029 3385
3532 4088
1020 4808
2435 1639
4459 4365
1228 1762
2360 4808
4816 3163
2360 1020
3635 4787
400 839
3021 3939
1228 2173
1891 1898
2567 1112
3069 3572
873 2884
2078 178
1667 2897
2827 4855
4626 4578
60 1148
2040 3970
3025 823
4668 1804
1968 3501
2360 4950
574 1786
138 2888
3893 3163
4036 4396
1479 1762
4 4228
4194 434
4668 3340
1678 912
1355 3363
1479 2173
3652 858
2405 743
1461 4808
2697 721
1915 1774
378 1984
1205 3012
3141 410
2024 4088
1720 4493
2318 3301
1209 1622
504 3672
4431 3615
1461 1020
754 3631
2231 3756
1678 2999
3146 4578
1673 4632
1775 901
4668 271
4047 2315
4595 1019
937 530
3510 530
3510 937
3241 3454
2676 743
4893 3550
4462 970
2360 64
1461 4950
4887 842
2676 2405
1426 1187
3557 4666
3126 4453
356 1849
606 1383
235 434
2014 1569
3893 4816
1150 1944
744 3735
1281 1198
4626 2002
4866 4144
1228 4101
4903 2340
1678 1261
1228 530
4101 530
1983 4794
4626 1762
3113 4294
1449 386
3035 693
1020 4950
4626 2173
4438 4427
1830 1459
2905 4409
1228 937
3157 1325
1863 4327
2174 125
4107 4929
2801 3163
1678 1934
2676 823
1804 3340
794 983
2285 3109
3433 4141
95 2758
912 2999
4359 2251
2002 1762
4019 1607
2885 2594
2900 4674
2225 2794
2743 2999
2733 247
264 3163
400 4949
1479 530
2184 4578
1725 4433
2743 912
4101 937
2024 3532
2822 2970
2002 2173
1213 1222
3146 1762
4079 2863
2784 4200
3025 4200
2078 4727
1831 4578
3025 2784
499 1944
3146 2173
1713 3043
278 2646
478 3159
808 4818
264 2801
1461 64
2405 823
1017 250
30 3646
3146 2002
1775 434
1095 3533
2360 2999
4717 1657
4726 43
1737 1859
2051 4290
3917 3325
4421 3002
2360 912
1949 1138
499 1150
1831 2184
2575 4538
4626 530
3605 3001
196 3931
4668 970
1565 4037
1831 1762
2807 1656
4698 2709
2024 340
2184 1762
743 823
4152 1670
2743 1261
1482 4864
1207 2364
1479 937
2174 414
1831 2173
3893 255
318 1784
580 3677
4 4427
178 4727
3304 1420
2184 2173
1727 374
1258 4883
4491 2843
481 2580
1833 693
1678 3340
1635 3160
3445 4218
4289 3920
2934 4210
1206 1944
2360 1261
1461 2999
4031 3464
4945 3566
3384 1588
3785 2086
1678 1804
1831 2002
3359 2044
1399 2764
2743 1934
3662 4309
2035 1590
4438 4490
2168 1169
2443 2672
4026 3345
4894 1144
3028 3730
3706 4144
3146 530
3532 340
4247 2460
2112 3566
1727 3013
2184 2002
1281 4779
4462 4578
2360 1934
3577 2863
1461 912
315 834
1221 382
1204 2548
2676 4200
1228 3510
4002 35
4626 937
2807 2641
3670 4709
185 1730
4956 1053
1831 530
2807 3946
4475 4392
4430 1807
1678 271
2641 3946
4462 1762
3971 201
4024 4223
4271 2433
64 2999
1884 3979
4462 2173
709 4088
27 4059
1897 1109
3827 1529
2184 530
686 1766
3426 673
3488 3536
814 1199
525 266
2861 3475
2608 3198
685 69
1206 1150
2446 1672
313 393
3223 4037
1479 4101
400 917
1426 3630
1563 4163
1513 600
1461 1261
2360 2743
849 2216
4389 3291
2360 3340
3893 494
2743 3340
4338 3808
3999 4920
831 1608
4894 901
2442 43
4431 4232
2799 3904
36 4254
1831 3146
1228 4349
2002 530
2150 2067
2113 3376
1083 693
4311 4809
4866 1222
4152 4401
2803 1853
3066 1642
1461 1934
1245 4419
2360 1804
408 2585
4439 1957
1858 2526
4462 530
4 4490
3415 1101
2743 1804
4564 3163
2840 3953
3025 4088
4578 1762
1314 2656
4462 2002
3711 1541
2033 4742
4791 4723
3332 4702
4894 434
767 2128
4050 897
3872 4469
4722 673
1641 1046
767 4632
1982 4441
1461 3340
2128 4632
4626 4101
3382 3330
3893 2082
3510 4349
749 671
1831 937
1375 3495
986 4666
154 732
4668 1762
2360 271
264 4816
3179 2867
1753 4331
1716 823
1670 4401
3908 3506
268 635
264 255
4668 4578
655 3582
885 3104
1847 864
3777 4195
3872 4003
1025 1948
4668 2173
404 723
1500 4609
356 1471
3426 1974
1684 3621
4816 255
4513 1898
64 912
4541 3355
318 212
4095 2348
2743 271
592 2064
4431 2333
2112 4945
4578 2173
1636 1657
4973 284
264 494
3893 490
4842 1480
3146 937
1884 528
3279 3084
1373 729
2774 1885
217 2188
4338 4225
1461 1804
1563 524
4092 3177
4469 4003
4267 4983
1637 2259
160 1368
1678 970
3234 1010
1728 409
4816 494
3097 3351
1240 1220
907 4213
3440 4054
851 98
2200 3736
1075 1608
2858 4006
886 3680
2784 4088
4683 4294
1540 4906
255 494
3212 4396
3629 254
2544 763
4486 4087
4668 530
4381 3989
4898 190
244 3582
488 3844
4626 1479
4808 4950
2184 937
2717 1432
4722 1974
4106 233
2405 4200
4285 1308
1934 3340
1684 3915
705 3317
1461 271
4107 3695
3165 3202
4448 2327
1716 743
645 3204
4431 406
4789 179
3507 2875
3979 528
1228 573
1362 1972
3124 1960
813 2875
313 3002
374 3013
685 1186
2375 2249
1814 1784
264 2082
813 3507
3316 2493
786 635
4462 937
3025 709
172 1651
4930 4756
2676 4088
4084 1112
264 490
1716 4200
1043 4006
4459 978
870 2044
1240 114
3924 4294
371 1087
4430 1551
4726 4163
1084 3380
1986 1930
64 1261
3706 1222
1307 4325
1086 4682
4668 2002
2020 1730
2360 970
1831 4101
3107 151
1220 114
4431 1766
4443 4177
1075 831
1913 3731
1716 2405
989 3164
4092 4950
207 2176
64 3340
2 3955
3331 4086
623 3597
4763 1141
4092 4808
1686 2342
2078 4686
3950 1608
789 673
3426 3764
1795 3080
1295 2236
2082 490
1908 4054
58 4711
2602 673
1275 4885
4031 238
1678 1762
304 4322
373 2725
4311 3163
1209 4762
1261 3340
4816 490
2477 2986
401 4716
1697 4740
904 3815
4816 2082
4462 2184
1678 2173
4993 2694
2339 2059
4466 1480
1036 1532
3725 4333
4593 3808
499 3889
743 4200
2575 4770
2839 954
2661 3899
3629 2244
2930 3501
1836 3368
3382 1325
1506 1253
1011 3259
1099 2019
4261 1880
4809 3163
3490 188
2743 970
2469 2574
4251 274
2965 4216
3025 340
1228 719
2283 2481
4722 3764
4842 881
594 2344
801 4730
2653 1354
4123 768
2288 2512
2822 4871
3625 485
4462 3146
2664 4372
107 2657
3021 1944
1678 4578
2880 1711
2037 1711
64 1934
1678 530
2240 3501
2360 1762
3089 4310
2801 494
4521 723
789 1974
1653 3501
1636 4717
4726 524
901 434
2602 1974
2578 3388
3541 3550
255 490
786 268
4145 4827
923 4322
2360 2173
1461 970
2227 759
4578 530
4626 4349
4092 1020
3234 3589
2474 842
4916 2080
1310 246
3446 3481
4123 2485
3964 438
4431 686
1782 492
131 91
4614 219
2467 2574
2040 2430
235 4194
2185 944
3957 4652
4743 3914
2635 1187
4250 2270
1831 1479
4668 937
4316 3727
2377 413
718 4322
820 3645
2442 4163
2037 2880
2224 4837
552 4141
1117 611
2207 2525
2924 2988
2360 530
3605 1301
1206 3889
4297 3914
2505 2638
4513 1891
912 3340
4593 4225
3686 4855
3339 1485
255 2082
64 1804
4432 3345
4792 933
3883 2481
4869 4635
499 1921
709 340
1025 2842
3897 91
4312 3808
2360 4578
4092 2999
2052 2453
3958 1866
3893 1487
2743 1762
489 2176
3625 3081
2330 2302
254 2244
1307 363
1733 2525
1358 2690
485 3081
4466 881
4280 620
4462 4101
1878 3900
4179 1418
1461 1762
2544 4325
2743 2173
1716 4088
2142 1699
2934 1953
2602 789
645 128
2467 2469
2068 2752
2575 3258
1831 4349
588 2848
3950 831
3097 4340
1920 2493
4893 4679
4047 2271
4613 3786
3377 4039
3503 4008
1461 2173
3316 1138
2184 3146
3510 573
3761 3399
868 3861
4016 2502
3099 2615
4564 494
4491 3807
168 3775
2789 297
4198 4656
2379 2096
2676 2784
3502 345
4386 570
552 3433
4932 625
1924 1622
2007 3388
2142 720
2801 490
3897 131
4406 1477
3287 4680
1190 3479
1482 3468
4383 1420
354 3300
2544 363
4613 163
2743 530
185 1127
3973 1269
3050 2425
718 923
2707 4087
1653 2240
1461 530
4112 3857
2205 4944
2635 3630
4305 4118
1971 4138
3194 375
3734 2496
175 556
1307 1898
2602 3764
29 1634
2544 1898
4 4438
789 3764
3963 140
3426 2577
3061 4524
3500 4341
3304 3578
4146 2962
4312 4225
2442 524
4092 3340
4754 69
65 1053
4989 2499
264 1487
4763 144
2544 1307
3786 163
2731 2294
4314 3628
569 4147
2007 2578
64 271
2530 4003
1475 4118
1277 1910
3361 768
1678 2002
363 1898
2812 1159
3169 4793
3940 4727
2560 3717
1206 1921
1824 2493
3361 2485
2472 2385
4499 3536
2743 4578
1228 548
4067 1900
1948 2842
2437 2848
1479 4349
1461 4578
4564 490
2623 4548
2921 2848
893 2882
2824 3494
1934 1804
4430 4986
1063 393
894 2248
2661 4253
2467 4620
3983 4254
1385 3754
4722 2577
4092 912
2570 1003
326 1309
4297 4743
4311 494
1461 2743
1563 1053
3243 4565
4325 1898
598 251
2403 2465
768 2485
3686 2827
208 2621
588 2935
2184 4101
469 3871
3398 104
791 2172
2921 2437
2495 18
107 2302
2801 2082
509 3624
2676 340
820 2281
807 1141
4792 2761
4092 1261
3366 46
4190 4335
1563 65
4613 4013
2256 4465
4538 4770
774 4144
582 492
1281 3748
3240 2540
2081 2669
315 1592
4813 2176
4919 4296
1977 4008
2360 2002
3070 3987
4626 573
4211 4923
4311 490
3382 3157
989 3799
2201 1525
4092 1804
3395 1711
1393 3808
4289 4674
4462 4349
3162 2510
1924 4762
278 823
2934 2980
1831 573
3146 4101
1427 2739
1912 16
2784 340
4381 4450
1949 4657
4092 1934
596 211
1878 3245
3148 1714
4899 4332
1405 1187
4564 2082
466 1588
4011 3914
2150 3615
1906 1861
3783 4087
4809 494
2469 4620
4289 2900
3964 61
1434 803
1482 934
2209 233
2839 3461
318 2574
2538 1839
2304 3726
4232 2333
3164 3799
2475 3184
970 1762
4021 943
3025 3532
3176 1436
3608 1365
326 4669
2345 4929
1168 443
1831 4626
3988 12
1678 937
1035 4396
4462 1479
2921 2935
30 4086
1782 100
3406 247
4289 397
4092 271
520 3494
1207 3501
2437 2935
272 1485
4291 3318
718 304
1020 2999
484 38
2125 1899
4467 1621
3510 719
2614 3342
2061 4087
3898 3351
4826 4006
3964 4109
4311 2082
2657 2302
2797 615
3467 3376
1920 1138
1968 1480
4809 490
2 261
2575 723
437 1705
203 1335
2779 951
1831 719
4459 1135
3900 3245
718 827
2020 1127
3021 1150
3327 4058
2840 43
2652 4518
1405 3630
2061 3783
670 693
2007 1380
304 827
3917 181
2646 823
1831 3510
3786 4013
2360 937
4626 719
1116 4059
1393 4225
3787 1269
1509 757
3503 2569
996 3835
20 4727
2530 4469
2021 4008
3060 3163
4507 3177
4498 3530
4381 1750
853 3175
658 693
221 59
613 3284
4668 4101
3893 3330
4541 3319
970 2173
2544 1891
3204 128
4564 2801
2780 384
2405 4088
4132 3053
1834 3112
3085 1781
3357 620
1063 3002
4338 3850
2495 169
4056 572
923 827
3949 4223
2783 2863
1814 212
3234 3960
4446 4906
1924 1209
4626 3510
3488 139
2910 1984
2630 1049
2061 2707
4726 1053
4010 1454
2807 1144
310 3775
2807 434
4311 2801
3412 2152
1552 2309
4092 64
4202 2486
2602 2577
3782 3705
1824 1138
1205 4144
3420 4087
406 1766
1716 340
1506 869
3219 517
1461 2002
952 1417
2316 3055
4311 4564
4344 4970
1968 881
2338 683
4189 662
3827 1957
4816 1487
2630 3303
1309 4669
1484 4478
4754 1186
789 2577
954 3461
2446 297
2680 1141
2858 1003
582 100
1977 2569
4600 2739
3289 2529
4092 1762
264 3330
318 4620
1144 434
4668 3146
2807 901
4809 2082
3958 1590
2568 2074
147 597
1011 2809
2147 4399
3540 2923
2008 3495
4737 2211
4311 255
4670 2758
4538 3258
3259 2809
488 1172
2443 3477
3162 1696
3685 4058
4092 2173
4462 573
3558 3000
61 4109
3021 3889
2266 1080
64 1762
807 144
2743 2002
4507 4950
1807 1551
220 461
4698 701
2331 2144
778 1703
2142 4294
1964 815
1484 2543
1831 548
4161 2762
107 2330
970 530
278 4200
3420 3783
1261 1804
4092 530
4092 970
391 1541
2004 1113
4564 255
4365 978
1684 3009
428 4398
2132 673
4458 1443
1712 3185
3018 2259
3958 2035
1753 182
873 2071
83 1867
1908 3440
2083 2830
4507 4808
4466 4842
3161 693
685 3476
3825 4282
4264 700
2838 770
64 2173
106 3334
3299 1198
4722 3426
618 153
763 1898
2061 4486
2132 1974
4179 3328
4418 4008
178 4686
1149 3046
1164 1317
1085 3229
440 583
1277 1156
2253 3090
991 4729
3420 2707
4573 1652
4462 719
1307 1891
2671 823
3131 842
2542 355
1043 1003
4872 927
1041 4844
2676 709
3973 2433
986 3557
4562 4001
2032 4401
3064 3090
4891 4008
1461 937
305 2525
2052 2687
64 530
4626 548
1924 3475
1509 3614
4155 3810
2104 528
3893 1325
4336 4523
379 1185
2218 4402
1425 348
4726 65
2194 2154
2150 2333
4035 1455
1653 2930
2284 3239
1866 1590
4763 11
3676 1269
3692 136
428 3854
2442 1053
3734 1655
2844 1004
2366 3604
592 1010
2098 2262
2255 2939
2143 3651
2926 1888
1934 271
972 2486
1663 2092
4668 2184
4311 1487
2021 2569
4413 1420
3645 2281
2822 2089
1884 3823
1563 4956
4276 4632
1413 834
1440 4539
4668 4349
4963 4515
4140 3768
813 4401
3540 4279
817 4716
3619 3811
2822 4315
4145 4837
4798 4001
3444 1269
3179 1657
2646 4200
3398 4727
2184 4349
283 4160
338 1840
1977 3503
1716 2784
2544 4513
4047 2794
4383 3578
3097 3013
2731 4895
3974 179
2558 2118
1150 3889
4302 2764
1673 1784
64 970
318 2469
2345 3695
168 639
2507 3245
2428 2710
2150 4232
264 1325
3064 2253
564 1080
107 429
813 2032
3838 662
1263 1600
2743 937
3678 2273
196 3188
835 1600
1949 644
4092 4578
4183 4185
1205 774
835 1263
767 1784
2318 4860
3420 4486
4106 2821
2680 144
4791 4453
2089 4315
804 4844
3001 1301
1653 1480
4507 2999
1866 2035
1794 4210
4462 3510
1523 2030
1441 816
2930 1480
2607 1550
3316 4657
1814 2574
1587 4796
2458 14
4462 548
2240 1480
4526 3301
2397 693
3703 2596
1187 3630
3793 2381
3021 1921
1674 3448
2229 4097
3066 3886
3510 548
4106 4136
428 2585
4564 1487
2373 2516
2150 1766
1653 881
4973 461
3845 517
3331 2216
2930 881
2641 434
2130 3372
1561 1129
2240 881
4809 2801
3541 4679
4302 1399
2796 4554
3943 4091
2575 4521
1020 3340
4809 255
592 3589
1976 693
4291 4441
2132 3764
1205 1222
4737 4141
912 1804
3838 4189
4507 3340
2801 255
3521 597
2824 2298
767 1673
2150 406
1017 4873
356 2273
4507 1020
4220 908
2007 2959
4561 698
596 1096
2641 1144
4593 3850
4630 123
2840 4163
1684 852
1595 3114
3841 1410
3446 4465
743 4088
3182 3768
4325 363
4538 723
2942 1596
4698 3572
4852 292
260 673
3818 3109
610 1332
4202 1495
1228 3621
3165 1279
260 1974
4816 3330
1 1614
2727 4009
1684 1301
4132 1109
240 3038
2952 2457
4133 3414
1684 3001
735 1455
3787 2433
4714 4850
4872 2739
4936 1316
4809 1487
4311 3330
3140 2529
4753 4827
3971 802
4418 2569
784 4610
588 1723
4891 2569
2671 4200
4107 1838
4894 1775
2891 2152
927 2739
2207 3542
1272 3754
774 1222
4007 1930
3140 3289
826 2462
4784 1269
356 3678
2365 1896
4406 2986
2578 1380
1989 1282
2190 4942
4891 4418
2641 901
1228 3915
2370 2939
898 1517
2330 429
1294 1923
756 1335
3958 947
2211 4141
4325 1891
580 1417
3646 4086
3946 434
2200 1214
591 1006
4311 4816
5 1547
4500 625
1345 556
3398 20
3949 4024
2858 2570
363 1891
157 4594
701 3572
2240 2930
1716 709
1733 3542
4400 2848
2886 933
1656 434
2393 615
1387 4516
1025 438
2801 1487
4312 3850
1843 3720
2360 1678
3009 852
1830 3311
3444 3676
2840 524
3970 2430
2952 4040
2079 3937
2201 1102
1704 1300
240 1946
4267 1218
2843 3807
3009 1301
1948 438
1376 2592
1562 1703
3946 1144
4573 4049
3998 2217
1814 4620
3509 2332
3817 638
4722 3989
255 1487
849 864
673 1974
4737 3433
1727 3273
1677 37
1833 3035
3145 1039
3009 3001
47 2326
3316 644
2921 1723
1684 3605
1656 1144
3060 494
1213 1889
235 4770
2231 4635
2575 404
2364 3501
1831 3621
1552 2492
1265 1588
2995 393
4028 3147
1468 1503
207 634
489 634
3060 490
997 3481
3817 4195
2842 438
4645 4097
2733 4906
2360 4101
489 207
3400 1930
4826 1003
4564 3330
3146 4349
4164 3513
4400 2935
3173 246
2112 4416
2821 4136
3426 3989
1678 4101
2029 3731
4067 2633
4397 45
4232 1766
3057 4039
313 4421
4668 1479
4467 932
2442 65
1920 4657
4301 4707
212 2574
4462 4626
459 3006
4617 3914
2015 1185
1707 4525
1563 1590
1515 1485
56 4185
2947 2031
313 2867
2542 4818
4507 1804
3497 1861
1934 1762
852 1301
722 3470
4421 2867
132 941
4809 3330
820 1631
1831 3915
972 1495
4668 573
509 2621
4381 693
3946 901
3751 925
727 2892
638 4195
3278 211
310 639
3155 700
4785 665
2329 1171
520 2298
3500 3531
3854 2585
2398 1492
3744 430
4044 3389
807 11
4798 4562
3064 3661
1131 1555
4507 912
3097 374
4368 3403
1439 3701
3512 4456
4311 1325
1656 901
499 345
2670 4023
2167 2354
4061 1432
2605 3363
798 1931
2639 2739
2663 2892
4092 2002
494 490
4491 4924
1480 881
4499 139
2437 1723
4365 1135
1244 2341
260 3764
206 4546
956 803
3677 1417
4496 4100
808 18
2619 4618
571 3172
3982 2983
278 4088
1563 2035
2886 2761
113 1129
4507 1261
3831 1930
3444 2433
757 3614
4194 4770
715 4142
433 3112
1824 4657
792 867
1479 573
4668 719
4507 271
4939 3874
1418 3328
1977 710
1424 1880
3050 1803
4973 220
2619 4927
3318 4441
4331 182
3676 2433
4462 3621
1674 4938
4698 3069
459 1223
1623 528
928 2199
2128 1784
2663 727
56 4183
4698 2452
540 4008
2349 4009
2938 2909
657 2103
675 262
4507 1762
489 4703
2872 227
1941 179
64 4578
1228 1301
4289 995
4726 4956
2682 2889
4816 1325
3856 3669
4626 3621
3752 69
2211 3433
4459 3012
2253 3661
1565 3237
1228 852
4413 3578
1934 2173
2424 992
1934 530
2801 3330
4811 716
1228 3001
157 2276
354 1911
3219 4373
3009 3605
2173 530
4507 530
4507 2173
207 4703
4983 1218
2822 1721
398 1072
762 4447
4462 3915
4507 1934
1207 881
4600 1427
2309 2492
1164 3729
4338 914
2785 1761
1920 644
3200 182
3406 4906
808 169
2965 1097
1207 1480
4092 937
2838 421
1256 259
2680 11
1831 1301
1866 947
3101 1588
3223 3237
4180 1916
3898 4340
2495 1871
2052 1898
4866 1889
3789 2674
592 3960
4813 634
2119 1861
1831 852
3496 2777
2209 4136
1831 3001
4626 3915
2098 2906
255 3330
2132 2577
3069 2452
2168 4583
3439 3201
4099 4794
2750 1377
3686 1853
2602 3989
230 787
2923 4279
4055 2387
1908 611
4398 2585
2108 3461
765 3119
4984 1758
157 2875
1926 4384
2995 3002
1684 3918
4114 3702
1261 271
3496 844
4948 1739
2360 4349
4015 2893
1025 4109
3963 3614
1824 644
4668 548
2209 2821
4809 4564
2777 844
1261 1762
1847 3128
279 4588
271 1762
919 3403
3331 864
3398 3940
4462 1301
1115 4335
852 3001
2467 213
1426 1185
509 208
682 348
3200 4331
804 1041
4809 1325
739 1992
2345 1838
4894 4770
4564 1325
3963 757
4215 1726
4391 2118
265 4260
4132 1897
4243 2768
3366 1489
4267 2064
3162 1005
4726 1590
3222 250
1948 4109
4462 3001
1150 1921
4626 1301
4462 852
2676 3532
3006 1223
1716 3532
1228 3605
2575 4481
1716 2676
3503 710
814 4322
1206 345
4400 1723
4664 4143
969 4518
789 3989
1393 3850
1678 4349
1253 869
4626 3001
235 3258
4784 2433
4754 3476
4626 852
2021 710
68 1616
924 4379
968 1569
2075 2235
1065 929
516 309
1158 844
2807 1775
4280 3269
3149 1907
3449 2164
701 2452
1479 719
1851 1354
3915 1301
898 413
2306 224
3957 4478
1831 3605
1610 1854
1043 2570
1782 2067
272 3339
3440 611
2576 2710
2842 4109
3515 2711
1563 947
701 3069
2646 4088
1449 3630
912 1762
4132 3582
658 670
4775 3399
1737 3328
1477 2986
1415 3775
2807 4770
678 892
108 266
249 758
2360 3146
2630 1079
3943 570
3897 3053
4813 4703
4259 2236
1869 2911
4245 3046
3089 3437
4726 2035
2689 3651
283 1224
2104 3979
166 4408
3897 1109
4157 2459
4124 2552
253 1596
3405 4850
2709 3572
1261 530
3449 246
1494 148
1913 4907
2411 531
4864 3468
1209 3475
4400 2437
582 2067
3621 1301
3053 1109
278 743
3845 4373
4507 970
1977 842
904 3914
3510 1301
2657 429
3915 3001
3893 3157
1025 61
3872 2756
1170 4149
1775 4770
322 1072
4945 4416
1423 349
3510 3621
2416 772
4633 2047
1261 2173
4462 3605
4956 1590
235 723
2840 1053
3915 852
492 100
2807 4894
4338 1783
2021 3503
740 3720
451 308
3957 2543
1897 3582
1782 3615
157 3507
271 530
2164 246
3947 464
813 1670
3752 1186
3510 3001
4271 4087
4993 3991
4668 1301
356 3226
1699 720
2477 4380
1948 61
1794 1953
3966 45
4400 2921
3336 150
3783 2707
313 1657
1228 3009
212 4620
582 3615
2727 867
3510 852
3621 3001
3923 3906
2280 2850
157 4401
4915 3300
3706 1889
912 530
1908 1117
1708 211
1073 352
3203 1317
1797 4372
1193 1305
70 3197
2216 864
4626 3605
749 1246
4400 588
4891 710
674 1585
1143 4960
247 4906
2942 1689
4007 1986
1881 925
786 1625
3060 2082
3085 2315
4668 3001
4065 4844
4194 3258
4939 90
4983 2064
3635 2834
3621 852
2807 3258
141 3374
1517 413
2807 4194
1886 3461
4668 852
814 827
1467 2036
1737 1418
271 2173
3457 4228
2467 195
315 3481
221 1651
2416 4185
264 3157
2807 723
3817 3777
4668 3621
3510 3915
4585 224
1686 1845
1487 3330
2671 4088
1228 3918
157 2032
912 2173
4699 3550
4560 3880
322 398
2545 2848
540 2569
4939 1002
1563 1866
1678 3146
3505 3255
2184 573
4919 2497
4194 723
1074 3454
4504 3043
2442 1590
2349 867
2801 1325
548 1301
982 4788
1831 3009
3045 2629
3785 2382
2842 61
4792 4547
912 271
3407 3687
1449 1187
4418 710
767 2574
4381 1976
4439 1608
4235 3260
1831 3918
1251 4601
1425 3875
4 3727
772 4185
311 1105
1918 3394
1479 1301
4862 2970
2695 861
4840 3376
3162 2084
4507 4578
2496 1655
3009 3918
3369 392
2727 792
3656 2449
3984 1617
967 4337
1653 1968
4421 1657
4302 1291
3958 2481
4668 3915
3446 2256
4894 3258
719 1301
4894 723
2479 4524
733 2529
876 2826
2748 4008
2184 1301
1684 4488
1782 2333
849 3128
243 4548
30 864
548 3001
3258 723
4498 4356
326 2030
582 2333
573 1301
2807 235
1158 2777
1925 3301
2403 635
260 2577
1461 4101
978 1135
1479 3001
2471 4082
3570 1890
2021 842
2788 1701
140 3614
79 4602
804 2006
2183 4957
145 3104
4956 2035
4462 3918
3510 3605
2545 2935
590 1383
1989 1705
3279 1714
2349 792
548 852
2370 2255
2360 1301
2324 1605
168 713
2190 2884
1389 1454
4389 920
3400 1986
4668 3605
3998 465
3827 1608
157 1670
4276 1784
3440 1117
3841 1239
2442 2035
1479 852
2774 1049
719 3001
2184 3001
582 1782
3219 2837
2184 719
4726 947
733 3289
255 1325
1068 3414
3297 3038
2885 4075
4247 1798
2442 4956
536 3301
573 3001
582 1766
157 813
2078 284
1782 1766
3503 842
3398 4686
2774 3303
2191 1419
3635 1634
2360 3001
4381 2397
2559 94
1358 720
3644 1679
2184 852
2067 3615
3831 1986
1678 1301
1090 1600
4809 4816
481 1739
1358 1699
4462 3009
719 852
2142 3924
962 192
1977 3131
3449 3173
3948 1483
2150 686
90 1002
4668 3510
3897 3582
1885 1049
3161 670
4201 4238
3915 3605
4310 3437
2360 573
4626 3918
1479 548
778 823
4178 2281
3800 1647
2360 852
573 852
3367 3618
2240 1968
659 921
4007 2988
157 4152
4715 4149
3845 2837
3146 1301
1041 2006
2538 2000
2467 2154
3457 4427
1775 723
4722 4450
1885 3303
4891 842
1678 3001
3297 1946
1692 1703
1794 2980
2684 2327
2416 4183
1677 4929
240 3840
2360 719
3278 1096
2104 3823
140 757
849 1847
4753 4837
1673 2574
455 1981
3066 2445
767 4620
2262 2906
3521 147
3846 393
839 4949
318 213
2386 671
1975 2547
4007 2924
1678 852
3800 1137
3621 3605
3507 4401
4458 1857
1804 1762
4291 1982
914 1783
2349 2727
3161 658
4091 570
2446 2789
3146 3001
2317 1553
2194 2341
536 1925
4202 2954
2952 3566
582 4232
582 406
305 3542
4232 406
4219 4756
4624 4059
3150 1269
3502 2632
1775 3258
1228 4488
3382 1616
24 3076
81 97
113 1561
1782 406
2360 2184
1545 4711
808 1871
1782 4232
1831 4488
4414 2975
3963 1509
1479 3605
1471 2273
1807 4986
667 3581
1833 17
3400 2988
356 1774
4418 842
3146 852
817 401
3831 2988
4507 64
3189 1769
2360 548
3449 1310
2360 3605
2530 2756
548 3605
338 4347
3570 2223
780 2580
4657 644
4993 1453
1834 1724
4349 1301
4381 670
2184 3605
1563 2481
2099 1541
1369 2493
4458 256
4722 1750
3060 3330
1143 2787
4668 3918
3093 3896
3530 4356
2981 2036
4381 658
221 172
563 1973
3999 151
565 751
2184 548
2345 4107
2930 1968
2635 1185
2186 4086
209 2963
1647 1137
3400 2924
3015 3040
3831 2924
4400 270
1467 2233
4381 3161
4462 4488
1461 1301
719 3605
4891 3503
2450 2913
3897 1897
3471 534
778 4200
3510 3918
4440 607
2194 1244
2938 3464
4626 3009
3831 3400
3426 4450
2360 1479
2360 3621
2495 3197
1804 530
4414 1132
1479 3621
164 4949
122 3326
2834 1634
4722 693
3331 3128
573 3605
3467 2113
283 944
1678 3605
431 3519
1825 2672
2372 2092
455 2642
1678 573
2507 3900
1331 2465
1473 302
877 3834
3179 4717
3752 3476
2052 763
1675 1443
164 839
4349 3001
4894 4194
4053 1930
4182 1455
2288 1317
1776 2939
2442 947
1991 2833
4593 1783
3276 4210
2709 2452
4941 2758
30 2216
1461 3001
772 4183
2184 3621
655 3403
4943 2129
4289 2399
1831 1228
1678 719
2921 588
3629 2301
877 3525
2360 3915
3973 4087
50 1004
3007 966
4611 3601
2572 3713
318 195
1415 639
3365 2819
2878 3238
2052 1891
2687 1898
318 2154
2196 4942
3845 3219
2495 70
1857 256
2132 3989
4061 2717
1906 4707
3316 1949
3898 3013
1892 2105
3053 3582
195 2154
2655 4192
1461 4349
4991 4524
4594 2276
3834 3525
3916 505
4400 3956
1375 104
1510 2457
1562 823
643 2117
4626 4488
1750 693
4681 257
767 212
1814 2469
1461 852
310 713
4178 3645
379 2565
4220 2669
1307 4513
4101 1301
4349 852
2021 3131
321 3675
4614 2314
3146 3605
2999 3340
1673 4620
4438 3727
2517 2236
1270 4955
2545 1723
2421 4514
378 2044
56 4579
2544 4729
3827 4439
1977 2474
1479 3915
3426 693
2626 3953
1163 3651
1709 3871
972 2954
1708 1096
548 3621
1538 3598
849 2888
2709 3069
4698 4723
2078 461
2360 3918
4316 2976
763 1891
3060 1487
1277 3756
643 93
3818 2285
1678 3621
3426 1750
1063 2867
3715 1414
3846 3002
4093 3808
1678 548
4312 1783
2184 3915
2404 4037
1119 2819
756 203
4813 207
3009 4488
4267 1010
4311 3157
744 3038
2878 1730
2406 4615
4093 4225
4603 2529
641 2486
3964 4054
65 1590
4067 4223
2495 1896
3845 2830
2067 2333
3546 1305
2743 1301
2630 1135
1684 2444
3448 4938
3984 1541
1479 3918
2684 4448
2094 2334
4593 914
2878 1127
1294 3572
1119 3365
2804 2629
1833 3437
2184 3918
137 4913
498 2502
1866 2481
2338 2909
253 1689
4459 4144
4318 1455
2194 4755
3398 178
244 3403
4101 3001
1725 671
3219 2830
2748 2569
2602 4450
2482 3768
1021 4118
2297 4806
3885 4309
1924 2861
1510 4040
4891 3131
1691 4003
4668 4488
1678 3915
1678 3918
2544 991
3915 3918
1804 2173
3845 2083
2446 3592
1405 1185
685 211
17 3437
3279 3148
744 1946
682 3875
3467 382
2112 3461
1378 1436
1461 3605
2872 2100
4507 2002
3966 4397
2495 2365
290 2836
4092 1301
1617 1541
1218 2064
3995 1867
2602 693
3089 1230
4770 723
813 4152
786 2658
3021 345
489 4925
3182 4140
548 3918
1375 4727
2627 1585
376 4008
1562 4200
562 3533
3982 2913
4594 2875
4726 2481
1695 2449
2743 3001
3836 112
4558 966
2623 617
4772 3533
719 3621
1831 2444
3219 2083
2646 743
4267 3589
3060 1325
4603 3289
131 1109
3331 1847
808 3197
2528 2064
4495 3499
3357 3269
4668 3009
3795 554
3085 2271
1228 2444
2680 807
2113 382
1358 4294
1640 1646
3035 3437
719 3918
2029 4907
1298 1124
1408 1703
2885 2753
4956 947
540 710
3621 3918
1868 4457
4474 4797
2528 1218
1715 4514
4101 852
573 3918
4973 152
2803 4379
3646 864
3510 4488
2174 2523
1386 2547
1363 4149
1759 2715
573 3621
3600 2732
4349 3605
3449 1769
4092 3001
213 2154
4155 2123
4450 693
3173 1310
2653 1604
2626 43
4462 2444
400 3815
2067 1766
2336 2848
4801 960
2390 4037
1205 1889
2397 670
3787 4087
4507 937
2743 852
3885 3662
592 3234
3203 3729
2602 1750
4726 1866
548 3915
632 3076
346 3000
594 4833
789 693
2184 1479
3503 3131
4430 4043
1886 2108
2018 4254
3529 4584
1677 3695
3142 933
2797 2310
1678 1479
794 2773
3449 3189
4002 294
1678 2184
4468 4356
2630 978
3066 2760
1296 751
789 4450
1237 1430
3146 3918
4092 852
4864 934
4948 2454
4556 2540
808 70
1892 1104
2360 4488
1977 4887
1499 1984
778 4088
4312 914
1063 1657
2934 2970
4400 3393
79 1801
2708 1554
30 3128
400 3914
4973 2638
433 1724
2641 723
4418 3131
3132 672
3670 179
131 3582
2128 2574
4491 2170
3571 4514
4813 4925
2324 16
2142 4683
2545 2437
2319 3626
2840 1590
1473 3372
4678 4213
1020 1762
4446 1540
115 2795
2266 2047
3331 2888
808 1896
2981 2233
2193 1211
242 412
1281 2493
2743 4101
1656 3946
4896 818
2983 2913
1890 2223
3815 3914
2058 1137
3893 1616
4872 1427
489 1931
3052 2710
1020 530
1461 3918
3418 4799
2671 743
284 461
260 3989
2293 4697
4983 1010
4314 517
1981 2642
2641 4770
65 2035
1111 2294
2397 658
719 3915
4626 2444
59 1651
4271 2707
3126 4846
2021 2474
564 2047
592 2180
2336 2935
207 4925
1730 1127
715 4008
3704 1700
3150 2433
1678 4488
264 1616
2666 4188
4564 4816
4945 3461
4778 2478
379 566
1793 892
4092 4101
2743 3605
3032 293
4611 1199
770 421
2682 1666
573 3915
1042 3775
2545 588
1487 1325
899 546
2082 3330
2401 4350
808 2365
4535 4566
4092 3605
2495 2039
3629 3920
2184 4488
2312 3849
4535 4063
2467 2341
1270 2429
4101 3605
1823 3651
4566 4063
3444 4087
4166 2384
1479 4488
2545 2921
1924 4518
1986 2988
115 3160
4135 4149
4973 2505
3831 4007
3369 3513
2789 3592
3089 2077
1796 3282
3146 3621
789 1750
236 2703
4178 1631
4418 3503
3241 2236
3949 4709
2319 2045
2187 1148
873 25
2186 864
1660 3819
4305 1539
4061 4734
2886 4547
2216 3128
3191 4501
540 842
2393 2310
4891 2474
1025 4054
2624 1414
3142 2761
2483 3404
4092 2743
4813 1931
1696 1005
1170 3388
2442 2481
1831 1684
4668 2444
1527 2129
3287 1902
4414 1308
2364 881
3223 1565
2514 4587
355 4818
4271 3783
1488 10
4374 2347
4960 2787
326 1523
1812 2258
4983 3589
3707 2281
2051 4137
2568 4906
4870 2282
3089 3527
2015 2565
4633 3576
2542 18
210 2036
4167 4212
2840 2035
2040 4850
2390 2404
220 152
4542 819
2542 169
4276 2574
1989 437
1294 2452
4429 4838
876 2286
3678 3226
685 1096
2545 270
1948 4054
3510 3009
2844 4587
3457 4490
207 1931
1064 4396
2307 2793
1241 4193
1309 2030
4406 4380
3765 1734
2844 2514
2586 4130
4373 2837
1461 3621
1923 3572
4826 2570
2416 4579
4322 827
4500 4932
1201 4742
3297 3840
3570 1551
4271 4486
2360 3009
1562 4088
4693 2764
4349 3918
2641 3258
4425 4859
1563 3958
4165 3628
548 4488
4963 1311
7 4957
346 3558
3607 4143
18 169
313 4717
1762 530
1109 3582
2441 1566
1918 1269
3003 1398
2467 1244
3126 2806
220 2638
719 4488
3146 3915
4477 37
1355 3726
2360 3510
1369 1138
573 4488
1881 3751
1831 1876
4843 1266
1778 1643
1294 3069
1339 2242
4466 2276
3569 862
4600 2453
1020 2173
315 997
599 4640
4574 1622
873 4120
2626 4163
1656 723
318 2341
3394 1269
472 3855
2128 4620
1226 1752
2807 4538
915 4485
3946 723
2360 2444
2790 1883
2008 104
4092 3918
4056 983
3808 4225
1461 3915
3510 2444
2842 4054
1684 1876
2196 2884
3234 2180
68 3084
2619 4979
4466 2875
4310 1230
2840 65
2065 2747
1393 1783
455 1459
1267 1745
3146 4488
714 125
4009 867
154 751
1228 1876
971 1849
1397 38
808 2039
2501 99
2058 1647
4791 4846
1461 4488
4459 1222
2008 4727
592 4309
4664 1582
3382 3084
2512 1317
2545 3956
3364 1317
2042 572
1260 708
4462 1876
3908 3874
2288 3729
3364 2512
1426 2565
2304 386
3676 4087
2458 607
931 1368
2792 1126
2743 3918
1976 670
1677 1838
3915 4488
2495 2244
4443 2552
2112 2108
2838 1455
2626 524
2467 4755
1920 1949
2901 4740
1527 4943
4311 1616
3009 2444
4365 3012
582 686
1814 2154
3158 832
1461 3146
3818 4805
302 3372
4809 3157
2021 4887
1809 4138
4879 3603
3382 68
1228 1684
3647 897
2921 270
701 4723
513 869
632 24
2132 693
3973 2707
1692 823
2375 3343
4276 4620
2883 1861
3228 4702
3085 2794
3686 4379
307 4171
876 2070
1671 4063
2015 566
4099 1983
3279 601
4418 2474
883 4806
4462 1684
4891 4887
4092 4349
820 3628
3982 2450
1434 3749
2997 3702
4093 3850
4715 3388
404 4481
1678 2444
1780 4001
592 3662
4267 3960
4925 1931
3621 4488
1710 3411
1054 1052
4829 4441
1986 2924
1475 1539
1673 212
104 4727
2510 1005
3490 1248
1083 3437
220 2505
4784 4087
588 270
376 2569
926 2465
2338 3464
2099 391
4135 1363
1170 1380
2920 1364
3805 4131
4101 3918
4028 188
2112 1886
1708 3278
3629 4674
3045 4351
1486 1703
3856 3708
1329 1492
3973 3783
2861 4518
4507 1301
1732 3586
318 1244
1824 1949
70 1896
4994 4516
2480 2326
405 1055
4791 2806
971 2273
3973 4486
1461 573
30 1847
571 3249
4366 4339
2192 834
2104 1884
4462 1228
3234 4309
1235 3735
4053 2988
2184 2444
1461 719
279 4865
591 4339
1656 4770
4338 966
4857 2092
30 2888
1012 698
2052 363
4466 4594
3940 4686
3946 4770
1014 2381
591 4366
1426 566
2748 710
200 2899
2840 947
1678 3009
4840 382
424 935
3149 1842
1479 2444
2285 4805
4142 4008
820 4165
1461 548
4626 1876
2364 1480
1415 713
1318 308
715 2569
808 2244
2774 1079
3503 2474
278 2405
1847 2888
357 3404
718 3266
688 3693
2180 4309
2266 3576
318 4755
378 870
481 2454
2545 3393
2024 3792
1833 1230
1412 1888
4036 4540
1782 686
2904 3177
778 743
564 3576
4053 2924
1871 3197
4643 1703
4263 4228
4092 4488
1976 658
3629 2900
4507 3001
3966 72
1735 1411
469 2894
4608 2960
3276 1953
1918 2433
1692 4200
4466 4401
1281 1138
4053 1986
4798 759
1075 2832
1668 402
2944 1023
4668 1876
3041 3326
2995 2867
4416 3461
346 4396
3615 2333
2067 406
4819 867
615 2310
3864 3987
2407 3177
3234 3662
2208 1855
4085 4845
4276 2128
4872 2453
3394 2433
3908 1002
2190 2071
2626 1053
1849 2273
1885 1079
641 1495
2132 4450
168 3501
3655 1999
3565 4185
1423 1736
3629 397
4842 2276
2995 1657
891 1554
573 719
1461 2444
373 4118
2975 1132
4597 3581
1696 2084
3600 66
2437 270
749 785
4349 4488
2743 4488
1825 3477
4842 2875
2287 3671
380 1072
451 3653
3872 4875
2743 4349
3984 391
3939 1944
471 3480
3707 3645
1033 2430
4893 4493
4867 3986
1653 2276
4572 317
17 1230
1917 1919
4843 2550
3199 4228
4559 353
2797 2447
4310 2077
4648 3285
2458 4440
927 1427
3783 4486
2078 152
4507 852
4092 3621
2394 1087
1653 2875
2904 4950
2336 1723
210 2233
2390 3237
3222 4873
2807 4521
1656 3258
1675 256
2572 1410
4291 246
2078 2638
4466 3507
2421 1910
3035 1230
4699 4679
1057 1103
548 2444
65 947
450 3603
3497 4707
3946 3258
573 2444
719 2444
2052 4325
2542 3197
2572 1239
956 3749
4715 1380
2807 4481
1658 3499
3238 1127
2180 3662
4819 4009
1831 1071
3146 2444
2630 3012
4330 3138
2862 1269
4201 2434
119 276
260 693
1510 3566
2360 1876
2508 3533
1727 2848
4418 4887
2370 3080
4809 1616
2240 2276
4280 1880
4466 2032
3965 1764
489 798
715 376
4871 4315
4618 4927
3173 1769
2240 2875
3570 4986
4477 4929
1382 4604
3275 2384
4891 2021
3752 4754
4252 2090
4772 562
744 3840
1671 4566
4310 3527
2748 842
1410 1239
3166 3536
1908 2755
1682 2310
2407 4950
2671 2646
2779 274
4541 3358
2225 2343
2442 1866
4092 3915
1491 1651
4462 1071
2807 404
730 2334
1042 639
64 2002
685 3278
2132 1750
1653 4842
3089 237
2184 3009
3601 1199
923 304
1506 4367
2469 2154
3787 2707
2565 566
3615 1766
4521 4481
2542 1871
1306 4514
1228 1071
489 2096
3893 3084
3977 4546
778 2646
3146 719
4135 3388
778 2671
2464 2744
4693 1399
1373 4018
152 2638
2528 1010
4877 769
3025 3792
2930 2276
450 4879
36 4589
3734 1770
249 3300
4594 4401
1957 1608
2930 2875
157 1288
775 3399
2119 4707
4507 3605
1562 743
4849 153
573 548
2732 66
3146 548
264 3084
3146 573
674 1013
1851 1604
346 1064
3130 74
3510 1876
2534 4210
3973 4271
2422 4069
1385 1940
239 3972
1296 565
2414 2281
4092 2444
3678 1774
2293 4022
3908 90
4086 864
574 2310
1833 2077
4881 4711
341 1137
732 751
4263 4427
4634 1752
780 1739
2904 4808
4352 3839
2921 3956
4664 2031
4956 2481
3752 211
379 2809
1923 2452
4564 3157
1259 4372
115 1635
513 1253
2867 1657
2164 1310
2824 1614
2639 1427
1331 635
1678 1876
1814 213
4760 3351
3787 4486
2933 1930
3950 2832
1684 1071
4983 3960
4574 4762
1727 2935
4101 4488
4065 2006
1 4461
2216 2888
2542 1896
2078 2505
3288 3754
581 1069
3787 3783
2186 3646
4813 798
395 1087
2409 4712
502 193
2878 2020
2530 4875
140 1509
4813 2096
2510 2084
2635 566
923 3266
4945 2108
4902 1047
304 3266
1408 823
564 2266
154 565
564 4633
2266 4633
4973 1967
685 1708
1831 3927
4338 4558
3199 4427
217 1169
2393 2447
1833 3527
195 2341
719 548
4466 1670
927 2453
2439 1181
2186 3128
610 4653
3915 2444
4754 211
798 2096
1975 3821
3023 1600
3646 3128
3144 3626
268 1625
767 2154
1989 3622
893 4130
3276 2980
4460 3906
4562 759
4869 2615
2804 4351
2528 3589
2292 4457
835 3807
1715 1910
2407 4808
154 1296
540 3131
170 4160
2542 70
3398 461
718 4434
1653 4401
2082 1325
747 1052
1720 1665
2797 4204
1386 3821
4288 2659
2774 1135
1479 3009
2904 3340
2324 1912
4462 3927
3144 2045
2639 2453
2635 2565
632 4147
1814 2341
1617 391
938 3861
2276 2875
3725 250
4526 4860
164 917
2640 1870
3444 2707
395 2394
81 142
2627 1013
1653 4594
2269 3669
3503 4887
588 3956
4842 4401
2795 3160
4564 1616
1587 4580
141 2176
3621 2444
2743 2444
1081 1844
2743 3621
310 3501
2542 2365
131 3053
1228 3927
1819 4058
3202 1279
924 4920
1494 407
3707 1631
2240 4401
4819 792
2404 3237
2196 2071
4626 1071
3469 2961
3827 831
4421 4717
2184 1876
1363 3388
715 710
4135 1380
60 925
284 2638
154 1537
3838 150
313 3179
4289 3832
4354 439
4722 670
1386 1975
4507 3918
213 2341
3506 3874
2997 4114
1692 4088
1427 2453
17 2077
2407 3340
874 4761
2157 2908
3180 3109
770 1455
4075 2753
3035 2077
1472 1553
2397 3161
2904 2999
4668 1071
2862 2433
4698 4453
974 2152
4893 1665
1814 195
4311 3084
2133 3081
592 3885
64 937
2664 708
4466 4152
284 152
4006 1003
2067 4232
3953 43
1885 1135
1296 1537
1294 2709
2591 4652
4804 3534
3444 4486
2125 549
953 3614
4569 78
2240 4842
3949 179
772 4579
2240 4594
4842 4594
3842 2248
2840 2481
1479 1876
4816 3157
1923 3069
1405 566
4467 3494
4178 3628
1179 1335
207 2096
4816 1616
1716 3792
2641 1775
3571 1910
3157 1616
1256 750
4676 269
1653 3507
1871 1896
3364 3729
221 908
4681 4802
4722 658
767 2469
1678 3510
4349 2444
3444 3783
1968 2875
2411 1078
2930 4401
2578 2959
1667 790
4570 538
3964 611
1968 2276
2112 954
526 1485
3382 1714
4338 3007
1562 2646
3061 911
967 1531
4561 3268
17 3527
2386 1246
1653 2032
2216 1847
1832 2601
376 710
3035 3527
3199 4263
3504 4254
3009 1876
618 1496
2622 3255
3948 1470
1461 1876
3865 2384
924 151
1408 4200
307 2892
1684 3927
520 1614
2407 2999
4560 1855
1461 3009
2219 4601
1562 2671
4244 3516
2630 4365
2743 3915
3793 1431
315 4465
1851 2653
3398 2638
2872 3201
2421 1156
221 2669
1725 1246
4092 548
1207 2875
3152 3177
24 4147
3831 1861
3558 4396
1207 2276
3656 430
1472 2317
2024 3305
565 1537
2240 3507
59 172
1846 3122
2948 1703
2360 1071
4092 719
2458 4405
2255 3080
207 798
4698 4846
1025 611
1131 1962
3485 1428
778 2405
3398 152
715 842
2240 2032
4092 573
1020 1804
1407 1420
4842 3507
1682 615
2409 4149
2878 185
4267 4309
1369 644
3097 3273
4466 813
2930 4594
4593 966
260 4450
1998 2589
4698 2806
1281 644
3625 4885
2667 2735
1244 4755
2934 4862
1143 1006
4945 1886
1794 2970
931 160
2393 4204
4894 235
4842 2032
1281 1369
1170 2959
1702 2863
1073 887
4722 1976
2542 2039
64 1301
2495 254
3845 2387
4626 3927
81 1900
4142 2569
2921 3393
2015 2809
4560 2208
4493 1665
1948 611
4600 1898
1170 2578
3035 17
3440 2755
278 340
1032 3462
421 1455
2822 2129
1194 572
1471 3226
3642 2502
4668 3927
1405 2565
2336 270
1294 4723
1814 4755
3752 1096
1440 1703
3180 4805
1814 1244
2437 3956
1982 246
2626 1590
774 1889
2930 3507
1709 2894
2627 674
4092 3146
805 2962
1056 1003
2717 4734
4470 2273
131 1897
3848 3245
2930 2032
3148 601
937 1301
4089 1605
2904 530
284 2505
201 802
4092 1876
1653 1670
808 254
4267 3662
4893 1720
3146 1876
1426 2809
3152 4950
3872 2725
4507 4488
2333 1766
4473 3153
749 2381
4312 966
4036 4287
2458 1347
4338 2503
4101 2444
4712 4149
1486 823
3274 155
1529 1608
2164 1769
2904 1762
2839 4108
4067 4024
814 3266
3398 2505
3357 1880
1441 4750
1675 1857
1660 3104
376 842
1918 3150
4882 2277
1555 1962
2495 2301
142 1900
573 1876
4453 4846
1484 1654
437 3622
4538 4481
588 3393
778 340
3607 1582
491 2535
719 1876
1678 1071
4007 1861
1695 430
4722 3161
4629 1605
4893 4071
3173 3189
1083 1230
4422 2629
3382 601
548 1876
1 96
2360 3927
260 1750
4318 4182
4348 4697
3378 4904
4093 1783
2033 1485
4453 2806
2407 530
1193 4696
461 2638
2240 1670
3398 284
1363 1380
808 2301
2319 4303
3382 3148
2605 3726
4171 2892
1720 4071
4928 4532
2002 1301
3703 426
3600 4282
2842 611
4722 2397
2269 3708
2840 4956
923 4434
3506 1002
1461 1479
2702 2642
3510 1071
574 615
304 4434
1382 4103
3400 1861
2582 3913
4178 4165
778 278
767 2341
2407 1762
195 4755
2904 2173
1562 2405
3509 811
1329 2398
1207 1968
1715 1156
2542 2244
1623 3979
1188 4863
900 1060
1393 914
1871 70
2512 3729
536 4860
4643 823
2998 233
220 1967
1685 1642
3565 4183
2630 4144
2130 3335
2709 4723
908 2669
2784 709
2200 2425
1653 4152
4602 1801
3446 2566
3109 4805
484 66
837 672
157 375
1725 2386
1025 3964
3846 1657
1207 4401
195 1244
4002 4766
3126 4671
2639 927
1968 4401
4842 1670
1908 3087
2676 3792
4276 212
3817 2585
4035 3614
4089 16
4815 38
68 1714
3025 3305
1851 505
4529 3669
326 1411
4809 3084
168 881
1143 4339
2304 3630
4872 1898
2626 2035
2736 2721
2336 3956
4338 1642
2930 1670
3636 3760
3144 4303
4629 16
540 2474
2407 2173
1837 726
113 1585
776 751
4846 2806
1491 172
4397 72
2477 2521
2495 3920
916 257
4539 1703
1871 2365
64 3001
213 4755
2531 3688
4338 1685
3065 3930
4349 3621
4310 237
4715 2959
808 3920
3152 4808
675 4999
461 152
2240 4152
4092 3009
3992 4456
1486 4200
2437 3393
157 3194
1562 340
2186 2888
685 596
2296 1417
849 138
380 398
4314 2837
4333 250
1833 237
2641 4194
4708 3314
1056 4006
4374 4790
840 3906
4011 4743
3711 3334
4754 1096
3676 2707
4920 151
4507 2444
3144 2319
2743 1876
18 3197
4504 1713
2530 2725
3934 2729
1678 3927
1536 2925
3061 3074
4882 37
2336 3393
1727 1723
2184 1071
6 2691
3394 3150
1355 386
162 3355
213 1244
1824 1920
4784 2707
4703 1931
938 868
2495 4674
216 1608
3571 1156
808 4674
3152 3340
916 4802
378 3359
3426 670
2652 1652
2859 1125
986 293
2336 2437
3846 2867
3060 255
3318 246
1673 2154
4161 4063
2469 2341
543 1481
3570 1807
2998 4136
4135 2959
2930 4842
4983 4309
4917 1455
808 2495
1471 1774
1653 813
4594 3507
1407 3578
4476 3554
3893 1714
4370 2431
2303 4961
1682 2447
4791 4671
1461 1071
894 112
4715 2578
4381 3437
4302 1818
916 4681
4629 4089
4365 4144
645 3076
2602 670
4477 3695
784 3705
1729 2465
523 1118
264 1714
200 4592
3510 3927
4594 2032
3263 82
3676 4486
2224 3626
1449 1185
4643 4200
1513 1225
2169 2700
2564 4360
2930 4152
1621 932
574 2447
4373 2830
1637 2685
1562 278
4359 4039
808 2900
1277 4635
4784 4486
2052 4513
1479 1071
4842 4152
2102 3163
4031 3470
4882 4929
2495 2900
1207 3507
4880 4632
2224 2045
1833 4310
3948 438
1371 1703
767 4755
1207 2032
4668 4626
1382 1944
2024 4848
2167 2943
663 4214
1207 4594
3007 2503
341 1647
1281 4657
3219 2387
4135 2578
995 2399
254 2301
2904 1804
3916 171
820 517
2774 978
1231 3353
3426 658
1307 4729
2855 4831
2801 1616
4493 4071
808 397
4491 334
2661 1840
1623 3823
732 1537
3966 3525
2240 813
804 3214
937 3001
1408 4088
2653 505
1201 1485
2495 397
4340 3013
3152 2999
767 1244
2602 658
3657 2502
1968 3507
2347 4790
2037 3090
1968 2032
499 2632
3676 3783
169 3197
4983 3662
3412 4557
2336 588
999 1974
2904 1020
2838 4182
2732 4282
2414 3645
2024 2127
4784 3783
2635 2809
4405 1347
2422 263
3619 751
4092 1071
1693 2972
803 3749
645 4147
1506 2357
971 3226
2037 3661
2458 2726
3607 2031
1968 4594
2596 426
3984 2099
70 2365
1605 16
4439 831
581 676
3053 1897
1716 3305
65 2481
4459 1889
3315 1005
2824 4461
3802 3562
4400 2353
3646 2888
1477 4380
4291 1310
615 2447
3546 4696
4135 4715
1376 116
3915 1876
2880 3090
4316 1700
44 392
1318 3653
135 3713
886 706
1345 175
2407 1804
455 3311
749 1014
1083 2077
2002 3001
2626 947
814 4434
4668 1684
2078 1967
356 1915
3507 2032
1737 4179
3035 237
3369 4164
461 2505
2184 3927
4742 1485
1042 713
4784 3676
2607 4335
2702 1981
1415 3501
4564 3084
4349 1876
2880 3661
4291 1769
4529 3708
2269 3856
4267 2180
68 601
2196 2190
3541 1665
17 237
2838 4318
1709 469
133 91
1461 3927
4664 2947
1025 1117
3146 3009
1320 514
2409 3388
3685 3327
3007 1642
3893 601
2639 1898
1491 59
3382 3279
1948 3964
3810 2123
4099 444
115 4509
1382 3939
4498 1148
3818 4313
4626 1684
2930 813
1391 4834
2336 2921
2407 1020
310 881
3831 2883
264 601
4893 4508
4939 245
4142 710
1831 3004
767 213
1885 978
4311 1714
3787 4271
2822 4943
3506 90
4035 953
3893 68
1971 1161
4247 4329
3367 4713
927 1898
1440 2948
4132 3403
1490 1939
3897 3403
540 4887
3707 3628
168 1480
2904 271
3897 4132
1083 3527
2591 4478
1065 3523
2868 3579
3621 1876
1207 1670
2953 3285
3469 4883
64 852
2186 1847
25 4120
3146 1071
4798 2227
1978 1103
2983 2450
1306 1910
1375 20
3152 530
3076 4147
1479 3927
4035 757
4178 517
4146 4741
4462 3004
4349 3915
3009 1071
1589 1287
387 4428
3893 3148
2528 3960
1063 4717
1561 1585
3236 2939
634 1931
4726 3958
1813 2064
4842 813
971 1774
4540 4287
4028 1248
4276 2154
4422 4351
1851 171
3132 795
1948 1117
2100 3201
2602 3426
926 635
2802 1250
1057 2583
264 68
877 1250
877 2802
4945 954
1924 969
3445 662
154 1141
1405 2809
4785 2949
264 3148
4538 4521
68 3148
4092 3927
1682 4204
1836 4805
2754 3495
1310 1769
3629 2399
997 4465
876 1781
3964 1117
3183 3172
574 4204
3152 1762
1890 1551
2792 1455
4816 3084
2824 96
2733 1540
3331 138
767 195
2151 3284
1382 3889
1270 2462
2277 37
3045 1333
154 144
4504 838
2544 2714
953 757
1369 4657
4785 2302
119 4861
4664 3255
3956 3393
4507 4101
1851 3916
3440 3087
3092 3925
1997 844
1339 3913
1797 708
79 2057
2112 4108
573 1071
1440 823
1677 4107
1692 743
2193 4437
582 2150
3025 4848
4698 4671
877 4415
1811 4279
2407 271
3496 1771
4 2976
4965 4392
2949 2302
581 4393
3142 4547
2948 823
1918 4087
1713 838
1006 4339
2503 1642
3315 2084
719 1071
4005 4023
3090 3661
1968 1670
97 1900
1355 3630
1339 2582
3190 2716
4477 1838
580 952
2534 1953
2602 1976
999 673
4507 1876
4142 842
3060 1616
3819 3104
3398 1967
2544 963
1727 270
2041 4394
3058 3760
1321 4523
2231 2615
1228 3004
2469 4755
3426 1976
1468 282
574 1682
548 1071
2414 1631
4538 404
1831 1360
2682 2155
3238 1730
1791 1126
1609 3564
4101 1876
1846 3342
3025 2127
2088 1076
1461 2184
3152 2173
1673 2341
4558 1642
1207 4152
170 1224
2409 1380
1143 4366
2277 4929
1486 4088
1158 1771
119 3108
3629 995
4311 601
1720 4508
3233 3184
718 3596
2702 1459
452 4154
1263 3807
4092 1479
4469 2756
1188 1622
3129 3137
789 670
2952 3461
3659 1992
4145 3626
4462 1360
520 4461
2933 2988
2068 2919
2743 1071
1397 66
4611 827
2998 2821
2774 3012
447 4394
86 608
2802 4415
2844 2710
4145 2045
18 1896
3898 374
2602 3161
938 2772
4810 636
170 944
4958 2486
2224 4303
4468 3530
2759 2270
2102 490
4558 2503
3394 4087
255 1616
1250 4415
701 2806
2748 3131
187 2694
3113 2034
1602 4632
4664 2622
2842 1117
3541 4071
1314 4771
3426 3161
4373 2083
1523 1411
86 4274
3146 3927
2591 2543
4197 4308
1535 3634
1978 2583
3444 4271
3199 4490
2871 1553
2324 4456
3983 4589
4368 965
4053 1861
793 3660
4291 2164
111 1061
2661 4347
2143 3844
735 3614
608 4274
584 1786
3316 1219
2630 1222
3881 2459
4507 3621
1150 345
4709 179
64 3605
1598 4407
1709 2594
4202 1594
3811 751
2042 983
4311 3148
919 965
221 4220
1440 4200
1871 2039
1978 1057
4593 1642
4314 2830
4291 3189
4643 4088
972 1594
1175 3354
2469 1244
989 2825
3734 443
4155 906
961 1900
4245 1149
4712 3388
3779 1269
4882 3695
1831 3298
789 658
447 2041
4398 3854
2933 2924
4123 1680
701 4846
1528 4029
1228 1360
233 4136
1727 3393
58 2701
1393 966
2602 2397
145 885
2641 235
1824 1219
2904 912
204 1003
2948 4200
2360 1684
1968 4152
2007 3536
4470 1849
2052 4729
2904 1261
3490 2518
1908 2616
749 1431
154 11
1240 860
1920 1219
955 4501
4462 3298
254 3920
1885 3012
3009 3927
2876 4149
3007 1685
3766 3735
573 3927
488 4254
3420 2061
2623 1447
4539 823
4276 2341
4867 439
2947 3255
2626 2481
2164 3189
1727 3956
4804 413
808 2399
1791 1455
469 2594
3656 3744
615 4204
4357 922
283 2185
2192 1413
4668 3004
4593 2503
520 96
2467 2194
2029 1913
573 3009
1716 4848
1026 2220
4588 4865
3690 493
3532 3792
2689 3844
972 4202
719 3927
1245 3114
3426 2397
4312 1642
3948 4109
2824 1
178 2638
1224 944
4507 3915
4246 3404
162 3319
1307 991
1012 3268
379 3259
732 565
676 4393
3070 2491
484 4282
2008 20
4948 2764
135 1239
2373 976
1033 3970
715 3131
37 4929
4722 3437
740 1843
3248 3687
3457 3727
4893 1530
254 4674
3000 4396
2542 2301
4626 3004
3685 4270
1207 813
1126 1455
310 1480
1294 2806
3752 3278
1425 3396
548 3927
3376 382
2784 3792
1604 505
1252 3363
3327 4270
2743 3927
718 751
2331 1060
1924 1652
2528 4309
1716 2127
489 2379
1518 4037
999 3764
3514 3774
1275 2718
3157 3084
379 1011
4996 1550
3089 2893
4289 4457
2360 3004
937 852
2676 3305
709 3792
4870 1436
2224 2319
4473 4143
2495 2399
4529 3856
4367 2357
1313 3292
3963 2823
3070 1942
776 1537
2407 912
2318 529
2230 3603
4593 4558
808 995
294 4766
301 2064
4669 2030
1275 2152
1214 2425
4847 3572
924 3999
2111 1485
2407 1261
2871 2317
169 1896
3195 589
4267 3234
2718 2152
4542 2223
2743 548
1228 3298
1684 3004
1673 4755
868 2772
4882 1838
2300 821
699 266
1294 4846
3412 477
4312 2503
4135 1170
4354 863
1306 1156
4858 227
450 445
1488 13
3129 1045
1371 823
1391 2860
4763 426
284 1967
649 1457
1952 4604
1188 4762
4314 2083
2405 340
4507 4349
173 3111
2542 3920
2324 3992
4829 246
1598 1826
405 1786
719 3009
1674 3760
1175 1466
2542 4674
3683 1492
2256 2566
2002 852
2102 494
3939 3889
4675 4117
1695 3744
3798 1672
1776 3080
1073 4126
2838 3614
1427 1898
4809 1714
4668 1360
4493 4508
1363 2959
3845 4055
1836 3109
204 4006
1175 1027
110 3260
3205 4262
51 2683
4381 1230
1449 566
2713 1597
3418 4768
3152 1804
1041 3214
212 2154
2128 2154
4440 1347
2128 212
3779 2433
2534 2980
2168 2606
4397 3525
44 3513
4718 4185
2904 1934
1375 4686
2652 4049
2106 1455
4459 774
1831 85
1296 1141
4600 2687
4500 3177
2542 254
4813 2379
2803 151
3153 4143
4507 1071
4163 524
3920 4674
4539 4200
2102 3330
56 4452
969 1652
1980 3208
4760 3013
1194 983
4626 1360
3150 4087
2641 4894
1296 144
3707 4165
2891 4557
2605 386
1515 3339
2528 3662
785 2381
2495 995
3406 1540
4932 3177
740 3460
2491 1942
536 4526
4349 1071
3802 3663
3382 697
3269 1880
2542 2900
2068 3198
4462 85
1853 4379
2360 1360
971 1471
3646 1847
4880 1784
4593 1685
2904 970
3893 3279
3390 2478
4861 3108
4634 1226
355 3197
1382 1921
4712 1380
2743 3009
3990 2787
718 3811
1466 1027
3058 3636
4945 4108
3596 751
4276 4755
3984 3334
1971 957
264 3279
4521 404
3707 517
3043 838
4955 2429
1499 2910
4311 68
4375 2642
4320 4356
1673 1244
4263 4490
2653 171
1843 3460
3264 2903
2542 397
509 2103
2801 3084
3211 3301
2416 4452
4178 820
3935 4554
4312 4558
2671 340
808 3629
2132 670
3246 4818
1968 813
1500 1262
3152 1020
4591 4059
2109 1136
4145 4303
2544 889
4314 4373
4815 66
4368 3712
919 3712
4725 3172
1684 1360
1073 3122
2458 4062
4291 3173
3686 151
4668 3298
178 152
2545 2353
1656 1775
2426 4970
4165 517
4917 421
4007 2883
2407 1934
254 2900
204 1056
2396 4644
18 2365
3648 2547
3276 2970
2422 4794
64 3918
2743 719
1235 3038
1204 2066
4026 3354
919 4368
3619 1537
643 1856
1415 881
1721 2129
4500 4950
4473 1582
2689 2143
1235 1946
405 584
1678 3004
4267 3885
3400 2883
2839 349
1371 4200
2765 2889
2417 2332
4126 3122
3915 1071
1831 3689
4038 3516
4468 1148
4809 601
1083 237
2904 4578
513 2357
36 4697
281 269
1727 2437
2052 991
50 4587
4312 1685
625 3177
4808 3340
4092 2184
2672 3477
923 751
3541 4508
4626 3298
2285 4313
81 2633
4992 2311
2605 3630
2407 970
1422 4195
4932 4950
478 3462
1470 438
2406 2527
2933 1986
304 751
682 3396
2360 3298
4928 1573
715 2748
1720 1530
2804 1333
773 309
4507 3927
741 1914
2626 65
2894 2594
3736 2425
35 4766
1692 2646
2919 3198
4318 3614
3316 4921
1811 2923
32 1269
1228 85
2774 4144
2008 4686
4462 3689
3152 271
4872 2687
4276 1244
789 1976
1323 1005
2602 3437
2099 3334
1213 4651
3032 680
780 2454
945 4454
1824 4921
2132 658
2200 1803
2671 2405
2862 4087
1871 2244
4026 1027
4593 3007
4922 1349
591 486
4867 863
1440 4088
4527 1639
4971 3770
1218 1010
2851 1282
4664 3505
3153 1582
1920 4921
4026 1466
749 3793
4469 4875
2780 980
4858 3201
2409 2959
604 3160
548 3009
178 2505
2905 788
4473 2031
3621 1071
789 3161
3426 3437
4698 4791
3530 1148
3325 181
1611 3495
1831 325
481 2764
3946 1775
2661 338
2112 349
1831 3480
1272 1940
4101 1071
4323 300
2102 1325
4 1700
891 2708
4558 1685
494 3330
2360 4626
2995 4717
3166 139
3565 4579
1727 588
685 4957
1111 4895
2272 348
4760 4340
1692 340
1294 701
489 1211
732 1141
1562 778
4659 4656
3865 3275
3817 3854
1684 3298
2407 4578
2544 4796
3089 4015
3719 4472
732 144
1260 4003
135 1410
1753 3871
2128 2341
2292 1868
4882 4477
3060 3084
475 975
3817 4398
4462 325
2029 4378
1161 957
4948 1399
1831 471
4462 3480
1678 1360
2568 247
2421 3756
4349 3927
157 4544
3048 672
492 1766
485 4885
4916 448
3800 537
2664 4003
2026 23
2770 1003
4444 4757
2838 735
2372 1663
2743 573
520 1
4446 2136
625 4950
4542 1551
3557 293
2838 757
4419 3114
4182 3614
2803 4920
2831 933
254 397
1692 2405
735 757
937 3605
4867 4354
1645 1420
3153 2031
1885 4144
3038 1946
4311 3279
4101 3621
3180 4313
3752 1708
18 70
814 751
489 4437
2843 4924
3332 317
4462 471
923 3596
4611 4322
1339 4800
2948 4088
1692 2671
1309 1411
3320 3560
2183 4972
2814 4407
1735 4409
919 1304
4983 2180
1228 3689
655 965
1923 4723
1312 2525
3490 2598
4199 2123
605 1091
472 511
4368 1304
1363 2578
4809 3148
876 2315
914 966
2147 3011
4700 4185
4102 3533
1797 4003
4594 1670
1397 4282
187 3991
304 3596
3447 626
4475 2135
715 2474
4093 966
1323 2084
4813 1211
4381 2077
2002 3605
1434 2752
3831 4707
4093 914
645 24
81 4223
4239 838
318 2194
3398 2078
4915 1911
1337 352
2106 1126
326 4409
3246 3197
2876 3388
3510 3004
4562 2227
4668 85
1079 1135
2637 1105
3861 2772
718 1537
624 3835
2196 4120
513 4367
2495 3629
3752 596
2812 82
3316 2465
1742 3586
4431 779
4500 3340
1727 2921
3686 4920
307 727
4698 3126
1824 2465
1143 486
212 2341
72 3525
3872 4118
3515 45
4348 4022
1178 4008
4813 4437
1932 262
2653 3916
32 2433
4500 4808
4312 3007
1296 11
3587 4733
1949 1219
2784 3532
1645 3578
4600 1891
3827 2832
4386 3669
1920 2465
2414 3628
36 4022
2664 1260
1358 3924
2089 2129
355 1896
36 4348
3483 1867
1674 3636
1461 3004
4932 3340
4780 4865
1809 957
1981 1459
2186 2216
1193 532
1678 3298
2304 1187
2360 85
1426 2015
1602 1784
326 1735
4564 1714
789 2397
4466 1288
4810 2673
4932 4808
2676 4848
1913 4378
4381 3527
4626 85
2842 3964
403 98
3400 4007
1228 325
1228 3480
3162 1047
2748 2474
2580 1739
4145 2319
4178 2837
3099 2242
2409 2578
3286 2739
665 2302
2831 2761
2904 1301
4092 3004
604 2795
3440 2616
1797 1260
4166 597
3915 3927
299 3333
1426 3259
492 2333
2015 3259
3908 245
789 3437
4026 1175
1797 2664
1691 2756
1355 1187
610 4033
2416 56
2458 3435
236 3151
61 4054
169 2365
2196 25
3607 3255
255 3084
887 3122
2396 1955
1228 471
4960 4339
2777 1771
3616 4818
2397 3437
325 3480
379 1576
227 3201
2467 2367
1925 4860
2230 4879
1095 4480
1581 1492
3986 439
4365 1222
2191 572
2841 358
2709 2806
1908 3362
2676 2127
2763 2529
2979 1049
4493 1530
4958 1495
4872 1891
3984 3711
786 902
3395 3661
4552 3081
1691 4875
3893 697
4101 3927
1294 4453
1426 1011
2184 3004
4722 1230
4668 3689
1491 2669
2680 426
4615 2527
4021 385
30 138
264 697
2015 1011
1824 3316
2161 4799
2979 3303
1200 3253
1294 4671
4470 3226
1924 4049
2542 2399
1194 2042
1081 3422
1211 4437
3979 3823
3541 1530
1160 929
3510 1360
3929 4766
4067 179
4453 4671
4470 1774
4302 830
3039 2384
4539 4088
2862 3150
1240 1072
