14630
14632
12467
10520
3597
13087
7047
7047
2941
7047
5110
5110
709
709
709
709
8100
11862
11862
4786
11862
11103
5556
10702
11862
9821
5520
4881
5922
5922
30
4850
5922
7263
11764
11770
4493
11770
11770
11475
11544
3649
801
3649
13355
9850
9850
9850
14208
5693
5693
13814
11049
9531
8233
4592
5615
279
279
279
5085
5085
5982
5982
4461
5982
6346
4200
10032
10272
8795
12889
1322
6238
6238
6104
12889
7273
12986
3545
2730
3545
1195
7170
7170
2459
7170
8009
9170
2285
14633
9925
9338
14634
14634
10002
10002
6635
10002
10002
5056
5056
10002
164
10002
10002
5455
4848
5455
2188
2188
8652
8230
10819
6845
4862
839
10819
11363
11363
2425
11363
4257
2503
4257
8021
1477
10446
12922
8517
9903
8699
625
12922
5250
12936
12992
4979
190
190
190
9538
4536
7452
7452
3472
7452
7452
13288
11908
11908
4191
354
9452
452
10525
7916
4614
5968
10525
7462
13288
6490
5797
7789
14184
4593
14184
4341
14184
13549
13828
13828
5265
4056
4056
4889
2906
5265
12529
12529
10238
13828
1853
1853
1853
2804
6199
6199
6199
6845
9070
10062
5935
5935
7912
7912
7891
438
6715
13828
9186
5692
9186
7801
8379
9186
3298
3298
2241
12826
13668
10811
2747
3612
1003
13668
4331
8295
10787
3133
3133
3133
3133
6122
6122
8171
6679
2475
1340
9928
9928
10787
1927
1927
1927
1927
1927
2117
2722
7036
7912
7389
10031
8123
11159
1301
9844
11912
1143
12791
9144
6384
13327
13403
4538
3045
3045
960
4538
13403
10783
2608
6244
3232
6244
7083
8251
714
714
5307
6775
126
10475
13676
5880
6147
14166
3513
3513
4465
4465
4465
12772
13313
2378
923
14166
14000
498
498
4532
2806
758
7854
12698
1224
9168
7101
7357
12698
14000
14040
14410
5792
14410
13019
6568
10441
6696
9442
10441
5826
3732
473
10441
13258
8375
7583
7984
13258
12340
2678
12340
1113
1113
2904
4836
915
915
915
6402
194
1273
115
115
3554
3554
2340
7771
3058
3058
3655
3655
3655
3655
1033
1033
1033
1033
6340
6093
11526
9988
7465
4680
9354
3045
3045
3045
7026
8978
5380
13074
672
5624
1457
1457
5771
506
11594
6810
11408
3721
6059
13075
13075
11297
6783
2318
2318
8158
9902
7281
9618
2988
2757
2757
13955
4799
1973
1973
3711
3868
3868
3868
4799
10002
1581
1029
11286
10155
2642
2642
8955
3385
3385
3385
3385
6329
6653
9017
7964
339
14640
459
753
12158
1581
1581
1581
1581
1581
885
885
885
5436
6781
6781
5980
4821
4821
4821
5921
5980
996
6781
127
127
5135
6806
6828
6011
6983
5965
7132
7132
8348
8583
8583
8583
9056
5101
5101
2066
9056
2376
7581
9056
11043
11043
11340
11340
11340
11669
28
28
28
28
8530
976
8920
11002
9363
10570
5497
5497
515
3683
3498
8885
8885
7186
2455
249
4723
6471
6471
9058
11990
11990
2285
12404
119
119
119
13450
1232
1232
1232
3493
3493
13450
12245
13402
12800
7977
3709
3709
12800
12800
12350
12350
8265
483
483
7764
6940
6940
6940
1601
1601
1601
1601
1601
6571
6940
9712
685
685
2662
7388
1229
7762
9712
9712
7888
7975
7975
13532
13140
1376
11902
11942
6806
1117
1117
6806
6806
6806
8109
10427
10427
7656
9938
9933
9506
10427
3455
3455
3455
188
3455
3455
13140
8576
8038
5702
4897
7555
3134
8576
10612
10416
10612
9323
1046
1046
1046
2761
8816
5845
5845
10232
10232
6269
1412
10232
815
448
5702
14500
14176
14176
2817
14176
731
731
731
731
9571
9571
3292
9571
5132
4491
10501
8637
8637
10501
12931
14051
14051
9959
9959
14051
24
24
24
13429
4278
4278
376
3991
5646
11129
10648
14209
8258
5556
5556
8258
10065
10065
11750
13207
3997
3997
7151
4413
5303
6413
4971
1140
1140
1140
4926
3288
3288
3288
4926
8302
9215
6440
3251
5106
5106
12998
1540
1540
1540
4408
10909
642
12998
1948
1948
288
12772
10424
10424
14278
7750
2804
2804
3241
7750
6865
164
164
6865
3427
671
2326
2326
3235
3235
3708
1882
300
300
300
6523
8564
8564
307
6417
14187
4365
5606
7049
1412
7330
8650
8650
8650
12833
1509
1509
6200
3966
3966
6200
5148
9952
13551
8250
8250
10913
14512
7000
7000
6751
3171
2415
2415
3171
3171
3171
2932
2932
8616
7307
2593
2593
7932
5606
9619
11373
10820
5501
11745
11071
833
14512
6137
12627
12627
6163
294
294
294
2307
6163
6163
8600
3155
8911
8911
9550
9550
9550
4058
1522
9550
4100
2766
2766
4100
7636
5922
7636
94
1414
10702
2263
9582
11349
11349
14512
6129
6129
1185
6129
11064
8483
11064
3265
11064
11264
8061
5681
8061
5422
5422
5422
140
4104
3867
14499
420
420
8774
8774
31
8774
14536
8604
4870
4473
4870
4870
3509
9769
9769
9769
10662
3203
1464
288
3203
5914
8214
10910
7810
10910
11099
5385
11806
1143
11806
14397
548
548
4926
5538
7807
4564
7046
11710
12826
3952
12898
3603
3196
10537
13
13
4379
4079
2063
2063
4079
6387
6387
9013
10183
10183
10027
6674
11667
7013
7013
7013
11689
9887
11689
14005
7607
14005
6912
6912
10332
10332
5388
12759
12759
1376
1376
2644
2644
1238
2779
5546
7318
8723
7993
3641
1996
9237
9237
14536
14536
4717
3484
9890
2814
2814
2814
2814
6162
9006
3584
9006
11993
2448
2342
2342
2342
527
527
527
10456
13676
373
373
373
373
373
373
373
5190
12321
7748
6206
7748
7721
7686
7748
1460
4317
4317
9617
10201
501
8396
230
7258
7258
8171
12667
10085
10445
10445
3087
3419
11639
1348
11623
11062
13676
12057
12057
4544
6575
1356
1356
9427
9427
8799
10757
10757
5637
2177
14340
14340
8199
8199
1510
1510
7784
4807
8199
14276
11872
9112
11677
11677
13646
4870
2488
4668
4352
4352
6981
6981
6981
6981
4811
6109
3353
6109
7783
8476
10347
8377
8377
8377
7642
681
5956
3026
3123
3123
11048
5218
7121
4849
11048
4549
8043
13659
10803
10803
10803
10803
274
1446
10180
10180
12344
12080
7353
2323
2323
2323
2797
2797
2797
1131
9586
14435
4874
2032
5179
5179
5179
5179
3048
5179
5179
5179
2552
5179
8505
1665
8705
6959
6959
2351
6959
6959
1914
2755
7616
4101
2202
3510
3510
4101
4101
4101
4101
4101
4101
2651
2651
5140
4827
5828
3568
7596
7596
7596
4511
3280
3280
3280
10719
11529
11627
4710
673
580
580
580
673
2997
4710
5022
5323
5808
10613
11491
6075
11491
12555
5919
3851
3851
3851
5571
8118
1107
8118
13172
6047
11405
13172
13356
6524
8671
11001
13625
13121
8553
8553
8553
8192
8192
8717
8717
3673
8717
9372
5083
8338
9642
12096
7792
4065
3734
3696
3696
2259
7792
6574
6574
6574
8629
8629
8629
8629
58
9320
9320
8555
104
104
104
104
104
274
2354
429
429
4674
4674
8310
8310
9533
9533
9593
13561
7107
3340
3340
3340
3340
2332
3340
495
7107
8797
2845
12872
12872
3224
1608
2493
2756
5825
5825
5825
1513
8087
10446
12259
3917
3633
3633
7722
10795
10795
50
2152
2152
2152
7584
4499
4499
4499
1444
4085
377
7246
10006
10006
7696
2901
12924
10769
10769
201
13325
2723
13325
777
9197
11279
13325
12085
4330
12257
6795
5284
5282
6795
9705
11091
2395
13575
6243
9408
3268
3268
9580
12101
3005
3005
3005
3488
9823
975
975
590
9823
4653
4653
13197
8010
10207
10207
7929
13609
7096
6497
6805
7188
7188
11791
2782
13944
9780
10268
1111
10268
9943
1815
8840
3000
3000
1504
1504
12560
4862
4862
7655
10661
3796
12251
12560
4012
4012
4012
347
347
347
347
6922
6922
10933
10933
10933
8736
8935
12799
5173
11118
8604
8101
2446
365
8604
8528
2730
1283
14553
14553
1831
1831
1831
533
4112
4112
4112
9646
2163
2163
3301
9646
9646
6217
2634
4234
3777
4234
10845
8805
3627
5868
2576
10494
6006
5502
5502
7002
7002
10828
11123
12414
12525
8094
7061
499
10873
12813
12497
8673
392
392
10884
747
4219
10884
3052
8834
4892
437
12411
920
920
7759
12677
2297
1652
9093
9093
11831
11714
12018
7926
12000
8858
4165
4094
4165
14138
11038
14138
3420
3420
11569
4655
4655
10066
10066
10591
11569
14592
11839
9961
9961
7714
5976
6627
6627
2632
2632
2632
10693
3309
5423
5423
5423
271
11943
3285
3285
3285
8626
6257
11761
12472
1826
1826
6375
9002
8099
7346
2515
2515
2515
2515
2515
13256
13256
9816
4073
4073
1300
1300
9816
6979
6979
357
357
5359
5359
13506
4696
6238
3345
6238
331
13506
3457
3457
7085
4442
4442
13506
13675
14347
186
186
12137
9789
5192
459
459
459
459
1792
9789
9234
9181
9181
5593
5593
9234
9234
2303
11260
1488
12894
421
421
375
6898
7218
13169
13169
13169
3699
3997
235
14234
12223
7147
6514
6514
7147
7147
2020
10960
10960
10960
3273
3273
7273
7273
10105
8112
5822
5540
5822
10038
10960
1610
10960
5442
3331
11451
11451
1507
10615
9397
320
9397
1599
1599
11108
11108
11108
11108
668
2974
12235
12235
8240
12235
1016
5424
5424
5424
4628
5424
11595
7486
10142
3298
7152
11101
11101
4534
1723
11101
11869
12763
13178
13178
11057
687
751
7107
7107
7075
7107
3584
9540
13224
5425
5425
5425
13224
6736
8436
5044
493
13224
1702
2687
9372
9290
10275
10275
327
327
327
1393
8993
3047
3047
5598
3792
3792
4083
4083
5947
5947
6069
6973
13351
6696
13351
12764
12764
213
13118
5503
4072
13118
2433
513
13118
1994
9247
3135
8570
8570
8570
2053
10283
5656
10648
13351
2831
385
13138
4686
3003
4267
12936
30
30
13832
13832
6121
12426
4436
2560
2560
4436
6893
6893
10390
1306
1306
12426
12426
12426
12426
8797
2189
8714
6111
8714
8714
8714
14283
12856
1702
1702
1702
4508
4508
4508
2507
2507
2507
4508
4067
4067
4067
349
349
4067
7233
7986
2362
7986
2983
2172
2942
2942
2942
2942
2942
2817
3858
9902
10070
10200
8562
7065
5301
5301
2460
10306
3117
3117
3117
11209
993
8188
2047
1483
11802
357
11802
1597
12587
10939
5471
10939
7362
2543
10250
10939
3141
12913
12913
3791
1743
1743
1743
371
8352
8352
6217
6217
6350
6628
2389
2389
8352
8352
648
9087
8781
9306
158
3673
3877
9306
3929
3929
3273
190
1008
1008
3273
3273
7956
6501
4896
3522
7956
4911
7956
5423
10990
13174
7991
120
120
120
120
120
1956
9669
10472
1769
3660
3660
3660
4420
9500
7730
10214
10203
4031
2409
1768
9322
9322
2039
12301
5265
2352
4495
10636
10636
10636
11134
8877
11432
11884
5387
13846
11107
3203
7497
1648
1648
5122
3705
5122
10990
1456
10990
492
10378
8347
2846
13700
13700
13700
3131
669
3131
7452
7452
3373
1491
1230
13973
10901
10901
10901
4558
14060
9457
3519
3376
3519
9755
56
1298
9755
9616
10197
8013
10197
12287
6450
5522
12287
572
572
10879
6176
10879
3052
7907
7912
7384
6700
2981
14060
9155
9155
393
2402
14061
12358
12358
10199
5210
5210
6007
6007
10199
11801
4466
11801
10737
5265
1378
1378
2142
12867
4076
2680
2680
2680
9204
10362
1427
10925
3728
3728
12550
12550
12550
1438
6526
1214
1214
8978
2262
2262
8978
10679
10692
1640
8990
4856
179
468
3291
2483
4856
6440
8990
1493
1493
1493
6860
8990
6039
6039
6039
9172
7417
7417
14250
8147
11742
14250
2072
2072
7310
3793
7310
7310
10387
132
2331
10674
11555
224
224
224
3674
3332
3674
8379
6239
6239
6239
1865
1865
1865
1865
3058
3058
3612
4016
4364
1073
4854
4854
8446
8446
8165
9414
1556
7056
1573
1573
303
3394
9262
7410
11337
13834
7093
7
14341
874
874
874
874
874
4078
3694
4009
4009
4468
2367
2220
6277
6900
9483
6932
9483
591
9483
12335
8689
8689
10597
10597
8236
6863
7393
6249
1310
12335
11006
11006
5279
1246
1246
11573
12079
12079
12079
13666
4810
3133
3133
572
3133
2045
2045
3398
2916
13785
5719
5952
256
334
14372
14372
2647
2647
12152
14440
1792
1792
1792
1792
1792
1744
1744
1744
1744
3442
754
509
509
7785
5394
10340
11455
3016
11518
289
289
3197
4080
3699
4080
10087
9565
5432
2303
11157
7314
951
10790
6599
6599
5807
6599
4863
4443
6599
7291
7662
2920
2920
2955
5312
14331
1237
1237
1237
1237
7122
7122
2652
5494
6319
6319
10652
10652
3939
10652
2078
768
768
14440
13713
12286
6861
4640
3282
6854
853
853
6854
8426
8426
7887
2346
2346
1400
8876
11651
5234
11080
8625
904
904
904
5786
10359
12843
12619
6149
6519
11022
12619
8831
3574
12619
11422
12619
6396
5288
5288
7339
1312
7415
7415
128
7910
12161
11219
9735
3459
2655
12224
6958
6958
9709
9223
3609
10457
1331
1331
12224
2539
12224
12224
9649
10804
7823
3924
3924
3924
3924
7823
7916
2579
8745
1336
10804
9416
9862
10804
7572
6984
11006
11006
4294
10075
10075
5462
834
834
2947
2947
4119
4119
11302
11302
3040
3040
3486
2661
5821
5624
2394
2394
2394
2394
1925
3736
3736
1180
4309
4843
4982
5229
720
4928
5530
5530
5821
5821
9036
9724
9724
9724
2996
10213
7727
9851
4453
7060
7060
2442
7060
13049
4718
4718
6543
6543
1457
1457
1457
5268
4959
2708
7521
2322
13049
4680
4680
9620
2899
2899
6889
6889
7118
9952
11481
6523
6294
6523
1233
9391
3730
11525
9120
13313
12257
13313
1740
2528
2528
2528
2528
5027
84
5027
598
598
556
184
184
556
556
556
598
2172
6239
6239
6239
3353
3353
6826
9810
6187
4363
3657
6187
922
922
9490
9810
1281
1281
6974
598
2054
10029
2820
1067
865
7334
10060
10743
10178
3981
8059
11128
5556
4788
4821
6912
11525
12106
10154
8258
9394
4998
5548
6249
12590
12613
10221
8065
6327
12613
1997
7304
4849
4849
7304
7274
10661
5977
12261
3084
7166
5336
7166
8536
8536
13054
13054
3824
6901
6901
6901
7280
4033
4669
588
588
4391
4669
3825
13487
10786
7457
6751
13487
3038
13487
13487
1548
1548
1548
13075
14404
2794
2794
2794
2581
7022
1756
12264
12551
12551
11526
902
5867
9048
6605
14177
6975
6975
14177
14206
12695
6416
5396
2514
12115
12695
6649
12695
1868
1868
1868
13759
5825
852
852
852
2471
2471
8862
8862
3521
8932
4331
12151
3643
2791
11674
191
191
12151
13406
2804
10051
10051
11036
11036
11036
11160
11789
13460
13276
8906
8906
6793
682
3422
4772
1988
4772
7419
8381
9620
9620
12682
9754
2250
12682
4301
1671
12682
1590
8843
2000
6196
6196
6816
9811
1326
9723
12500
10392
9183
10238
580
10392
10744
11902
1316
7775
4274
12307
410
37
410
410
410
1035
3472
11182
11182
12777
527
527
527
2020
2881
11339
8173
7311
10871
14473
14473
13521
13521
8340
5209
4098
4098
1416
1416
5209
5389
6175
6175
6175
5740
5740
5903
7470
1972
865
1972
1972
1972
2100
3462
6921
1008
3174
5790
11288
8801
12975
8792
8792
8792
4214
4214
11469
8129
4299
3103
4299
6177
2974
11495
7508
1580
1580
266
266
266
3532
9971
12975
13146
11882
4162
12631
9446
12631
12631
5304
5304
10930
6895
5877
10930
10930
10930
6364
8100
8758
2711
8269
12682
12212
8280
8280
8280
12500
6679
12500
9515
12500
4300
4300
14298
13365
7276
3629
1882
3629
3629
5895
1869
1813
1813
1813
1813
1813
4311
9570
7801
5846
7801
11690
1106
10663
5426
13094
13094
4036
4036
4036
4036
8287
8287
8287
6940
10091
10091
10830
8794
380
380
380
380
7713
2667
12018
12018
10775
10775
10775
10775
9960
51
51
3037
10512
11723
3320
3320
6147
6147
6147
5560
5560
312
312
4921
4921
5560
6147
2412
6522
4598
6539
453
6539
485
118
9351
9785
9898
1134
10043
11982
9388
10323
13048
9101
9101
4648
7435
9460
2317
2317
9460
1297
10154
4931
10154
10742
10185
12560
4664
4664
4664
11157
10046
3966
11157
4819
12095
3685
3685
7366
10050
2313
11835
7268
656
656
656
656
656
656
9324
9324
9324
9242
9242
5902
4697
8433
8433
9324
8583
8583
5833
9324
3055
3420
5513
685
5513
9536
9765
9765
740
11488
9057
1202
1202
8921
8921
8205
1622
10715
10715
10715
7502
737
7502
10351
10715
5278
10715
10421
5544
5544
5544
1474
5066
11703
11703
186
6932
3139
5940
10692
3848
3848
7288
3993
3993
11230
6775
6443
1921
11685
3685
12845
884
884
884
884
2721
184
3819
954
6364
6603
2389
2389
226
2389
1527
8339
7064
14121
2594
2594
2594
1848
2867
8058
904
904
847
847
9130
4758
4758
2649
4758
7074
7074
10513
7228
12234
13347
8671
272
272
272
2581
5532
7361
9572
13347
9632
9632
4265
86
13347
7242
10210
10210
10210
13776
13010
1767
12419
12419
13177
10305
1881
5832
10305
1282
5162
4904
4904
4904
4904
4904
12518
3389
12941
342
1317
1581
1118
9536
14447
7192
7192
9692
9692
5738
5738
5738
5738
3843
11542
11542
5457
5457
5457
5457
5457
11778
7430
7430
9188
7813
7813
11184
10234
1455
4061
9646
7412
5172
3384
3965
1337
5172
2852
82
82
2852
1065
8328
14448
10300
8393
1435
1435
1435
8393
10043
9651
7494
2680
10300
10333
10237
7281
8718
8718
8126
12743
5949
5949
13839
10065
10065
10065
10065
4511
1073
187
3785
566
566
2841
10065
5273
1614
1614
11125
1349
1349
3836
3836
6557
2912
2912
3251
4122
887
1213
900
1213
1349
3931
8930
8930
5064
5064
6966
6966
758
8930
4057
5215
5215
8906
2029
8906
9102
11176
11479
5932
7366
5168
6602
10906
7102
7102
7102
7102
8947
11988
1171
2710
2710
1436
1436
1467
6310
2397
6694
6236
11112
3810
1172
6349
12110
12110
10139
10770
13066
13066
13022
215
215
215
3898
3898
2942
5841
5841
12517
13325
9815
437
437
437
437
5383
10492
11050
3554
657
7920
5787
5787
1006
5787
6519
7920
11934
10921
9280
12012
12229
9381
6296
8155
12229
8348
12258
5020
7911
7911
13937
10928
4535
3108
4535
1900
426
6183
3965
9423
374
11073
13905
7685
11729
11081
11729
5477
2676
3354
4123
6580
7076
4241
13450
260
12419
13450
7474
13450
12181
283
9552
2069
13196
739
739
6930
7071
9996
14448
7311
6294
5188
517
6294
7311
5754
2893
2893
9057
14313
14313
12419
12419
9946
6955
14313
10675
5857
3273
3354
4967
5857
7502
7502
7502
14303
6174
242
6174
6220
1856
9558
9057
4065
4065
9057
7536
3154
4097
10925
1291
1291
1291
9461
9461
14537
10112
10112
4279
10112
5890
14551
10984
5926
5926
5926
14372
13036
7705
7220
7705
11069
9337
4480
4480
7887
8015
754
7491
11134
8830
9853
3660
9853
10829
12355
5163
10563
6833
3727
2689
6938
6938
2009
2009
2009
2788
5919
7890
9621
9621
5105
14372
6496
6496
14372
7996
7996
309
10988
5882
5882
7131
12212
9628
2614
2614
4391
4391
5437
9298
9628
6329
8443
8570
2503
10447
9040
573
573
573
4461
967
2996
1229
1229
1229
1229
1597
10871
11053
5383
6378
6378
10281
10281
10281
6744
13511
5867
10984
10984
14551
14562
8631
4073
4073
337
337
4073
4073
115
4073
7611
7611
8000
1199
1199
6209
8631
7897
8979
5338
1459
378
5338
8979
8979
8979
10655
10655
3095
6425
6425
6425
14154
1756
9212
2858
9997
9671
9671
1095
9671
9411
5517
5517
2161
2161
12312
12312
5922
5922
5528
9423
9423
12312
5148
5148
8696
8696
5953
4813
4813
4813
6770
12584
4202
1599
10964
13234
13234
6156
13234
2781
353
14067
1925
1925
1925
7236
8088
8337
9082
798
976
9086
9861
11798
12064
4048
7489
11355
12077
517
22
440
12942
13487
12545
12545
8693
869
9246
2734
745
745
1694
2223
2223
5499
9246
2139
9553
10690
6185
373
6747
2298
10690
2799
7792
5990
4434
11879
11879
3401
3401
1085
1085
1085
4754
666
11976
9760
2891
5357
5357
6760
6698
6572
6572
33
10955
10955
10955
12477
12477
3420
6446
1670
6446
1241
3626
7630
7684
8230
4340
8230
13157
13407
8467
8467
4747
303
8467
8467
9434
5935
508
826
10709
5455
10775
1566
1566
3003
4014
4014
134
9452
2570
10775
7902
11619
13082
5685
2695
6172
12027
6958
12027
13473
7949
1630
7243
4131
4131
2589
7243
7785
4985
5210
4613
5210
4294
4294
5131
2169
6429
6605
11835
11835
4087
6183
6183
6183
7194
897
897
897
7194
10715
14444
13868
13868
9492
9492
7596
7596
8617
13868
6649
6649
211
211
211
6743
6743
7231
7901
7901
7901
8698
11435
3967
3797
6315
5835
3905
13815
13815
13815
3021
11312
991
1784
11857
8368
8368
8368
3797
3976
12318
9491
9491
9491
9993
6962
629
629
7122
2533
14075
6396
5715
13625
14590
2793
2793
2793
3415
6627
3920
8110
8110
8398
3787
11585
1631
1631
2593
2593
7690
6262
11387
11585
11853
1769
12283
7538
3978
7538
1859
1859
1859
1859
8525
8472
1201
13582
13582
5664
4320
4320
6972
6972
6972
10001
7797
4237
11323
11323
9874
6948
4471
6948
6948
1072
1072
4248
4248
3032
10990
9922
3008
3008
3008
9922
9922
6546
9922
9922
3755
8018
8018
7477
7477
8018
8018
5710
343
7438
7438
7438
4952
7438
9169
11653
12033
6158
4221
12779
11473
5929
7178
7178
7730
6971
982
14222
14222
14377
2170
1008
1008
1008
1008
7867
6100
7867
7867
1156
1156
10992
10992
2053
8390
7592
7490
2875
2875
2875
2875
5446
5446
5411
7490
7490
7592
8069
1537
7597
8634
830
8634
679
44
672
2250
2250
9293
8130
10495
6541
11553
11553
10346
5621
9222
4314
4974
2337
10346
2698
8664
9537
5332
463
463
5332
5332
11410
9391
7680
13990
10384
10384
10384
5591
11352
5549
5549
8892
12309
12309
9623
9623
9623
2170
9833
9912
11124
186
12024
12396
13233
1943
4350
4350
1794
1794
2055
2055
6343
6343
6343
3652
9958
9958
5833
12652
12652
3228
12652
10750
8572
8572
2108
12432
12432
14420
14420
2920
2920
6280
11753
12244
1021
8478
12244
12244
10715
1566
4816
13380
5993
4152
12406
8715
5558
8807
12406
14420
13509
8954
4664
4664
4664
4664
12817
4256
12817
8031
1408
5431
4965
11567
14465
14465
65
14397
14354
1901
1901
6566
4520
8013
2242
2242
4193
6286
5935
6286
6286
9394
9427
2915
9427
9427
9427
9427
5658
4863
1955
9427
12070
2389
12103
6490
10701
9098
10701
6273
6273
13351
13982
11490
3345
2712
14074
2918
2073
14074
13940
11860
9271
8837
8837
11202
12317
5616
2602
5021
5949
1581
5827
3151
12317
14074
5010
307
5010
1174
8774
5625
5625
5625
2305
7131
12157
11879
2330
2330
2959
2959
1824
4675
1031
1031
4352
4675
4675
6655
1389
6655
2348
1713
1005
4189
5233
8098
8781
8922
2385
6766
2722
2998
2998
2998
2998
5397
8321
8321
805
6792
3597
2913
3597
1491
11479
11876
346
10726
7157
7157
4903
4828
4903
7518
7518
224
224
538
538
7057
9335
9335
9335
9335
4626
467
4626
1379
1379
4687
4601
3772
4687
4687
1548
68
4687
13156
550
550
6607
5116
6722
13003
11359
7200
5552
5552
5552
13156
2548
1223
1223
10060
10060
1356
10060
516
10137
3774
6767
12789
13345
5052
3591
13016
7983
11778
3742
9496
3289
3289
3289
1233
1233
9391
9391
1127
4786
10404
5926
9219
1813
1053
1813
1813
3091
8689
523
523
637
3503
572
3503
7687
7690
4460
9050
11235
11492
1342
12624
11197
3148
10071
10984
3314
10984
11750
6945
4704
6945
6208
1445
1094
6945
8610
1723
1332
1332
14606
7372
12584
12584
12584
12584
14606
7505
383
383
383
383
383
383
4458
4458
436
4593
5486
7062
7505
11583
11920
1091
1091
7903
722
5271
1118
5271
5204
5271
5271
9046
106
9046
9046
1385
6503
8958
9443
2678
5162
9443
10125
12486
1221
12247
12247
12247
1530
5016
4230
717
1220
3641
12247
5072
5072
1086
11214
7001
11214
11214
11214
10193
11681
10546
11681
9373
6655
3414
3414
11482
6225
5397
12714
7835
2607
7835
3662
11593
2588
11797
11829
2353
11829
14302
7908
7908
164
5430
7908
4494
7908
11646
2355
12752
1207
3181
8253
13946
4843
13946
14113
2035
2035
5875
35
10518
4910
8242
4358
1232
1232
1232
12741
8559
12786
5615
5615
12349
6110
11531
5157
1448
12349
3547
828
8199
14302
13605
8039
13303
11710
2634
11710
3757
14302
233
233
233
2235
2973
1473
12399
14308
1901
14366
10005
10005
10005
5154
5154
5154
5154
6607
10244
2955
10244
9587
209
209
2869
2499
6059
11583
6465
8877
1995
1995
6419
686
5998
5998
3502
5125
13401
7374
7374
7374
2501
7374
7374
6316
11139
11139
9885
11139
2725
2569
5228
2451
4036
1381
3838
3838
10337
9208
4388
10738
10738
6541
4867
7213
1829
1829
3542
3542
6941
6363
6941
7293
13179
2620
11552
9012
13179
9552
5231
11104
11104
13492
3643
3643
2978
3643
3643
6892
4724
4724
1629
10337
2263
2263
2263
7403
7403
4222
5120
5120
5120
4066
2726
25
25
25
542
155
317
317
317
2981
4066
4646
5120
3097
2709
3530
2706
3530
4849
1677
1677
5958
5958
8204
5747
7896
8204
3023
9322
9323
9323
9353
9353
1073
4620
1250
9901
10122
3727
10504
10504
10957
10957
2422
1383
4318
4318
4318
4318
1165
5829
8700
7826
10141
5511
6502
3801
2591
6502
1577
1577
12406
8896
5716
8030
7033
175
8896
8026
8026
7471
7471
7471
7471
9089
7354
6928
7354
636
315
315
315
408
9940
9940
9940
3743
9940
4840
9993
6425
3811
7210
2644
461
2644
9299
10499
2015
6110
6121
6121
3693
4271
10095
3035
10592
10672
35
10579
9647
4832
10672
10797
7305
10085
1290
9910
6852
10291
5489
8756
11267
11267
10888
11423
9188
11304
8851
11304
11838
11838
12002
12614
10208
10208
2553
3109
959
959
1333
6633
6633
6633
439
6633
9232
2430
9232
3430
830
830
1312
1312
12625
6219
6219
11347
11281
11347
12721
9928
9928
9928
11916
2931
6678
11916
10407
8977
8977
118
118
118
118
118
4438
11907
11907
2112
10814
10735
5775
9540
9540
2259
13533
13244
8328
8328
5479
5479
5479
5994
5994
1281
2986
2986
2986
9847
5932
9847
11552
11552
11552
8572
8572
11552
3814
3814
3814
3814
2177
2177
3814
6140
6140
115
115
4184
6140
6140
7756
5506
8211
1548
2519
5534
464
7618
12771
1735
12771
12706
4266
5
5
4255
2994
4543
4326
4326
5494
3680
13670
7879
13797
7773
3918
3918
7773
6584
13094
4778
4778
2738
3258
4349
10372
12718
14101
7176
7176
7176
7176
7176
2257
7176
12439
12043
12043
3701
13874
10308
9666
9666
2463
4019
1046
1046
3668
9666
1171
12003
1209
1209
5797
1486
5797
220
408
5797
6936
7268
69
13874
3552
2701
2701
2756
9143
9143
12398
11989
12398
8005
14011
5224
13937
4302
12222
14197
12830
7159
1133
1112
1112
1112
931
931
3626
6164
4934
9474
10044
7176
7176
7176
9545
6386
9545
9545
1495
10044
4116
10190
934
6827
10666
1780
8956
8956
1740
7036
12443
5351
1627
5351
5351
2186
5351
12443
12443
6321
569
10672
10672
13171
10881
13171
13339
10704
5091
13339
1065
13339
9556
12586
3436
4462
5741
4310
13339
13382
8424
2048
605
11353
13221
736
9868
9868
3835
218
218
9868
9868
11331
3991
12352
209
209
5357
7238
12352
12473
3315
3315
6164
9099
9099
9099
10291
3828
10291
10291
11433
11433
7261
2482
7592
7592
7592
13418
11554
3539
7316
737
9289
2604
1166
6874
14250
5984
12353
9997
9374
6257
13029
9610
12246
4363
2794
12246
6906
12924
13764
1582
1582
5263
4999
5263
7913
6840
14476
13076
2573
4778
4778
4778
4778
4778
4967
5800
467
467
986
24
8328
8328
10087
420
10087
11230
10090
6795
13291
13291
4777
14444
6484
6484
6484
7584
7584
7762
8526
8526
8805
1556
10081
10133
3643
3643
10134
10280
8963
8410
6479
7490
6221
2147
5641
1098
6221
2954
11138
3251
1484
7508
4061
11291
9396
5833
2707
3331
5833
2990
8127
12885
6210
5766
12885
13709
10213
13709
3977
3977
7897
5739
7897
1308
7857
7857
85
382
11447
1200
496
2721
11752
11752
6337
12791
12791
12791
12791
7570
14043
3924
4130
4130
14444
11465
3825
466
3608
3825
12008
4376
11913
10659
10659
6370
14112
1144
719
719
1144
1681
1681
5039
7756
11633
7464
10912
3118
3118
2028
4055
5922
6281
10823
7593
4517
13645
12507
6690
6690
3181
3181
11715
4611
7593
12507
6900
13114
7618
5723
7618
7618
5392
4232
4232
4232
5123
2057
9914
5923
5923
1261
551
551
6895
1842
3725
6895
9914
1148
11387
1228
4594
11387
12691
12691
3981
3981
3981
7751
4961
4961
323
7107
7107
7184
14240
11016
2507
2507
14240
14240
14240
12350
11920
8330
11920
11597
6475
10184
12350
12350
8939
8939
8939
9441
8658
7745
9441
2576
6469
9441
2976
11244
11585
4959
7136
7061
12452
13701
11016
1071
1071
10529
14407
292
292
292
292
1046
1046
1478
336
6933
1014
4938
4938
4938
5183
3203
3203
412
3203
700
5183
5183
8705
7147
8705
8705
9451
4708
5285
5285
800
800
800
6453
2624
1327
6603
1577
1577
7926
10921
5268
5177
5177
6490
6490
6490
11341
11341
11003
11003
14407
9049
7072
7072
47
47
4136
4136
4136
6996
6996
6649
5940
7072
3877
1821
11712
4732
12963
5604
5604
5604
1214
3530
814
8366
9684
9684
9684
2528
9684
9684
6611
5479
5479
1217
1217
1217
1217
3878
3334
9507
802
802
802
1937
12114
2745
2745
2745
5190
12347
7473
12347
7980
7980
6043
6043
5633
5510
2426
12347
8125
2871
6590
3602
12347
10354
12759
4665
12343
5153
2205
8999
2078
10000
2719
13088
8585
11933
1926
13088
6819
6819
6819
3776
3776
2290
8448
8448
11222
807
807
12727
12727
7283
5763
11403
2884
2884
5605
8068
8068
12727
2927
2927
12727
10198
8581
5498
593
10198
12279
7871
7871
2692
2306
2692
1636
1636
14474
8980
3492
6083
6083
6083
9967
8532
8532
3636
3636
3636
5548
8988
9991
3257
3257
2654
3257
10163
10988
703
703
10988
8453
6642
6642
8376
3658
8637
11189
9965
5384
4457
11189
1832
5
1586
413
7823
5246
5246
5246
13461
10276
10405
4494
4494
13875
11731
11731
4937
4937
11731
9524
6784
3171
6105
6784
7341
68
68
8314
10412
7113
6553
3871
11355
13875
428
428
7140
5499
11255
13439
9339
13875
8930
2878
13875
8348
11739
8232
14403
14603
5416
5416
5416
5416
102
102
102
9749
1398
9749
11065
11065
11322
13346
8777
8777
4695
4695
10644
1445
6541
3667
3667
385
4716
4716
4568
6739
474
6739
6844
11080
3025
11080
1498
5874
4813
1490
100
1490
3149
4813
5874
5874
9262
633
9262
9652
9652
5043
5118
2275
810
3471
5118
7826
2896
8387
5443
5847
5847
7606
11985
2758
4579
6530
11421
11421
6044
6044
9013
3597
9076
7464
7337
10537
4947
11079
11079
8377
8377
8377
4556
5367
6005
13569
3744
1736
3744
6839
7596
1863
12717
14124
6911
6597
3022
3809
6597
5680
6911
13217
2258
13195
2211
13195
13195
10745
13195
11271
10728
11271
274
274
274
524
573
7693
5441
10849
6539
8460
5526
13062
4492
4492
3343
4492
503
8772
2332
3632
4312
84
8772
10984
1660
670
11198
3529
2816
11715
3476
5536
12516
8605
7107
928
12516
1273
12851
589
1644
12851
13062
12120
9383
12334
4803
980
13286
9767
6281
133
133
9073
3161
3161
9073
9073
9073
9073
7654
3972
2167
2167
3578
3578
1692
3578
3578
3244
3244
8819
8819
4494
4494
886
11580
10584
14605
9272
9272
4372
4372
4372
4372
4372
4984
2538
9272
9272
8790
2323
2323
2323
3597
1433
925
578
578
6394
6394
9526
4713
10457
10601
1734
11258
11258
11258
10243
10204
12229
8344
8344
3329
3329
12229
1707
7206
41
10813
6201
6201
8155
1545
10813
6335
8463
10813
11358
4874
12061
11610
9958
6297
7483
8419
6439
8419
4899
2471
10238
5811
13151
4962
4956
4956
7762
4511
3085
3085
14055
14055
14155
1698
1698
7411
1225
1225
4109
4109
4109
3470
3470
1973
1973
3470
3750
5511
5511
3258
1857
3258
9426
11460
10430
3117
3117
3117
6190
12687
11645
5349
5349
13802
12734
6744
496
496
6744
8677
10296
12734
10869
8268
8268
7746
7746
7746
7112
819
8143
8134
3732
3515
3195
6924
6924
7831
9346
9346
6760
7503
7503
9602
10492
10492
30
6880
11757
1957
8197
761
761
12115
12115
13140
9390
9390
10424
770
10030
10424
3962
2718
3962
3962
6286
9050
4111
11777
8739
8739
8739
6100
4704
6716
11397
8651
10854
11397
11777
11777
11885
8111
11885
12266
10883
12555
12792
7568
1675
1675
1280
1675
9403
9492
10697
13648
7905
3492
7221
3838
13648
12068
11564
7741
5699
8566
8566
6331
12068
12711
7182
7188
3472
14169
5701
5701
8141
5029
8141
8141
4707
4707
8141
13024
10230
10687
9734
13024
10793
10804
12000
855
647
855
11427
10308
13525
6834
6162
6162
3858
3858
1889
1889
316
1889
3858
1638
1638
8398
2607
1094
6564
2396
6564
9824
4709
2094
8930
6414
6359
11456
6924
11819
5278
1196
5177
4099
1642
3680
5278
2952
2952
6916
6916
6916
12822
11074
3670
12822
13255
1342
1342
3990
13030
12096
568
568
4494
4494
6604
6692
6705
4092
6705
7131
7131
7131
11387
12689
8600
12689
14001
131
131
131
131
131
7735
7735
6984
11314
12115
1170
12115
12115
3710
1768
1768
1768
1768
9367
12868
5939
613
613
5951
13103
13103
3793
2646
1106
8626
7686
903
2902
5502
3936
3936
3936
728
728
11947
6322
8640
8640
11144
5113
7685
8053
8053
7708
9415
1546
2993
2970
2993
6359
11198
11198
2546
2546
858
11198
1234
5460
4444
5754
1841
1841
6640
6640
2013
1148
8155
8155
10994
10994
3780
12682
3707
12682
9420
12922
1138
10309
10309
2591
13325
3900
3900
2674
6943
10444
10444
7836
11229
5345
5345
2206
5345
11229
8685
11474
11474
6792
4680
7647
6794
7025
7647
7647
6730
4554
1624
8762
8762
183
10405
10405
10899
10899
10899
5779
5779
8314
10074
4656
4656
6548
10899
5088
6508
6508
2480
2480
12174
5646
3611
5646
1586
12349
7851
13786
6678
6678
10977
10844
2892
6977
7041
5205
6456
6456
2682
6456
6494
10760
210
9369
10018
1057
7140
2190
8730
8154
117
1210
6344
4819
4819
6707
7076
10293
13986
14112
708
4565
9343
14275
11303
1823
1823
1388
1823
1823
3523
5441
9051
9199
9511
2838
7094
4104
5638
1989
13079
9027
9278
4825
10382
7316
6328
5255
5255
7436
13198
3972
9847
13198
12307
11368
11992
8155
4441
11865
4418
4556
4556
5745
5745
2526
2177
2526
1346
5030
5745
3531
2023
5745
5646
1948
1948
1948
2730
6793
3540
11909
13005
855
855
4029
9575
9575
6661
6661
3273
968
968
968
3273
6661
7102
9575
3945
4581
4568
4568
11208
11208
11208
5133
11767
10112
10112
12618
3720
3234
11320
13802
12648
13881
1752
1752
1071
9022
8896
13415
13881
3886
3886
1581
6571
6571
11843
4405
3762
3762
1248
4405
8482
2670
158
8482
12232
10078
69
922
12165
1787
1899
1097
8900
8900
7910
9745
12765
4448
3271
3271
7866
10780
10474
11058
7271
2004
6412
11679
10115
5992
3542
2722
2722
5434
5992
5992
14362
14407
5379
5379
2809
2809
14407
7227
4166
1107
1107
4166
1360
3483
7227
10521
7036
10521
5440
10521
7699
4712
24
14407
4264
12729
14230
12574
11398
11398
12063
12063
10632
6046
2152
6046
8619
2615
8619
8351
461
8351
3341
10211
951
10211
9273
1034
3719
10211
11931
312
12714
2868
2868
4532
5154
2503
5154
1502
3952
11011
8541
1004
13232
6063
3862
6063
1464
1223
9678
2828
12733
3906
1552
3906
4884
9426
8980
9426
9978
1462
12770
5606
13949
2422
14143
5880
2390
8208
7529
8208
56
8371
4665
9522
12478
3206
3527
12319
5176
12478
8140
14143
14131
4681
4681
5824
7823
2586
8113
728
728
728
3398
1644
8944
10444
10444
10559
10559
9191
9191
5637
2406
3961
9191
6310
4582
9230
1036
9230
516
516
3086
11482
1547
4048
9530
9530
12611
12961
12961
13417
8125
13417
13417
3093
3093
3093
7291
10937
10973
6398
5941
13627
2592
2592
5049
10812
122
122
7834
7834
4707
11386
6006
6006
6282
11386
10906
9054
9054
7984
2770
5654
8584
3773
10014
9211
14035
6185
6185
11858
2470
11798
11858
5017
13668
7206
7206
7889
8994
5274
646
5274
8994
13141
11099
13083
9288
9209
9288
5824
686
5824
4447
9059
12473
13373
619
619
2387
7191
1497
3011
3011
3011
6704
14411
1327
1327
2195
2195
2195
2195
3850
5720
8398
9514
1832
1386
12291
5855
467
1294
1294
4035
373
6143
6348
9591
1781
1781
4509
4509
7319
8292
8292
9346
1201
1201
1201
6598
7727
7727
7727
242
3483
3483
3793
5723
154
154
4352
10638
986
986
986
986
986
986
1524
3390
5522
5918
6918
7818
7818
1924
5422
5422
1773
277
1021
1021
1773
51
3163
3163
3163
5639
6970
6970
567
4097
10785
20
20
20
2299
808
6285
5553
5553
10240
7904
10785
11596
11596
6848
11113
1568
3383
3383
3383
1381
1381
3383
3383
7295
10135
1530
4672
10851
10851
4487
4487
4487
4503
4287
6496
2632
1601
1601
2605
8811
10856
6521
11270
3342
11488
8288
11488
11488
12272
12464
11382
11382
12781
10302
11780
11780
9138
3543
3543
3543
7239
7239
3141
5212
1727
13699
5234
3206
13699
6698
10552
6777
10936
7388
8340
10928
10928
5647
10196
9152
4791
5822
5822
5822
5822
192
570
5822
5822
4081
4081
999
5822
1053
1976
535
5822
6009
7669
2472
9183
9183
2806
2806
2806
2240
4295
10458
8816
3422
10458
10065
10683
10683
10683
2642
11218
11218
11218
654
654
7920
3230
3230
4621
10167
4296
7932
7932
4718
4718
6796
796
6796
8484
3973
2661
3091
4799
9905
2340
11595
11595
2661
2661
2661
12156
11834
11834
9982
12769
12769
960
11517
12769
12980
12980
10078
12559
6223
13408
13408
12280
13408
13455
14215
1126
14215
14286
328
14286
14250
620
620
620
1609
1609
1609
5981
7878
10749
1193
5134
5134
13168
13168
3772
3772
4541
6504
6504
6504
1936
6504
10225
126
126
1209
10334
5105
11419
6155
5860
8836
2925
2973
12239
7817
845
7817
2381
12281
5528
12281
13809
12458
11598
13809
13639
4326
10877
10877
8126
7821
3107
3107
12981
7599
13761
13761
13774
281
8120
12809
12809
14509
937
14246
4410
4410
4410
4365
4365
589
589
589
589
589
589
1127
1662
3504
3504
3505
4040
4365
4410
5060
31
31
847
3592
5430
6572
4341
7329
193
7329
4538
2440
11654
8648
7753
1450
1450
1326
1326
1450
1450
8316
497
11747
5324
5324
2036
2036
5324
11747
11747
11747
12339
12339
12789
7943
3145
3145
7409
3406
3406
3406
3406
3481
7684
6111
1088
1088
1576
4473
2036
2036
4473
2544
4473
8085
3500
3500
10416
7933
5064
11199
11330
10182
13633
7837
7837
2869
7837
8466
4838
12214
2522
13044
2349
2349
2349
2349
4885
3050
11627
5114
5114
9184
11971
5573
8503
11971
3539
7149
11436
2477
5439
1584
13646
9325
9325
9325
9325
5772
9764
9764
1247
4369
4115
9764
2477
11562
13710
13790
4192
4192
10543
10543
8917
8917
1177
13226
6882
9523
13826
12130
4272
2762
12130
29
13826
13874
6688
13874
13888
489
489
455
4579
3379
12464
13142
11823
807
12626
12626
8
8
8
4998
6133
12626
12945
9664
12998
10604
10203
6753
11878
12998
5029
3281
8634
8975
12998
12580
5659
10360
9158
12845
7508
11758
2687
1024
2224
966
966
7453
9548
10835
10835
1126
2650
3023
9813
7665
4659
2602
11758
6307
7404
5274
6323
3944
1146
6712
6601
11959
564
11959
5363
8854
11959
7414
12027
5449
5449
5449
6240
2482
6727
6727
5190
9810
1055
12497
11569
11365
12497
320
1103
3175
3175
3175
6465
6465
6696
9641
10370
1742
276
7003
11768
9224
4188
29
1664
12026
9268
1949
11343
11343
4693
4693
3356
3356
3356
3356
456
123
2806
8544
5399
11571
11017
11017
11017
8221
871
11079
8251
11571
11865
5751
495
10256
11865
12874
3708
3708
3708
9359
4927
4927
2722
6209
6209
6209
7020
7020
14156
14450
14331
4494
14331
3314
3314
3314
3051
3314
3651
1927
1927
1927
1927
5884
10003
6061
12405
3102
3102
12405
12778
12095
8879
3958
1885
1270
7633
9282
11763
798
798
798
798
4034
5690
5690
6358
2518
6358
3632
3632
2217
4852
2138
8444
8685
1694
1776
14562
8136
6891
6101
5979
3995
7785
7785
7785
7785
1712
1712
7546
7546
7546
7627
6154
6154
577
5751
4004
2619
7627
3496
3071
8347
4360
7461
9832
6031
3003
6031
6579
431
5709
5709
