3862
1643
5213
820
7677
7677
3554
3554
3554
3554
3493
3297
1710
1710
1710
1710
1189
3194
3193
5035
5236
5236
6319
6528
2717
2588
297
7254
2556
2556
3464
7254
7254
4859
7014
3784
1881
7254
4769
4769
7326
52
52
453
1542
5615
5615
6709
2124
6709
1435
5141
4738
4654
1265
1265
3203
4738
7106
7106
2190
905
7106
534
5984
482
7106
2507
7314
4195
4195
6114
7314
3310
1666
579
7337
138
3865
6108
749
7678
6834
5279
559
559
6834
6834
2871
2871
1180
1180
4196
3030
4196
2948
2553
2948
3750
3041
7595
7595
2978
2978
5969
3213
433
5414
5414
5969
5037
5037
3437
3350
3437
109
1522
4634
3569
4634
4462
6560
3760
6583
6539
6698
184
854
854
427
854
854
942
1970
6441
5269
5269
807
3419
3419
4032
2671
2671
3562
4032
7291
5039
5039
633
633
633
1129
1129
1129
4679
5411
1407
1407
1407
4166
5411
3430
301
301
301
301
2606
2606
7454
7454
3656
4076
4266
2015
3604
1255
2918
3604
2085
4266
6936
6936
35
6655
2833
6936
7293
680
7419
7419
4114
266
266
2858
5139
2440
281
6329
2934
6329
3019
143
2668
7419
7251
4345
304
304
4345
4345
2133
5896
160
6149
1522
6002
5335
6669
6669
7560
7560
1328
998
998
359
1665
7432
3641
483
483
4341
6003
246
7296
6049
5239
2538
3511
5383
2456
7296
1490
7679
6955
58
6875
6955
4152
5632
7279
7279
879
2533
4268
251
251
251
251
251
7154
1391
1391
1391
1391
1901
1901
2329
4557
4557
4557
4978
4978
2654
5740
4028
3463
3463
6742
6805
2960
6952
3376
3376
1321
2595
3376
3864
1832
1478
1478
7008
7261
7467
4591
7681
7681
2942
2942
2942
7448
2738
2738
2738
1955
1955
1955
2182
2738
1563
858
2738
4419
1548
524
3665
6517
6517
6178
6325
6817
2496
2323
2323
3636
4571
4571
5133
4732
1175
5157
5157
5157
3608
3608
2765
1365
5157
576
576
2659
5790
5790
2655
5206
5861
2312
2312
2312
3568
5625
5129
2827
2827
4788
5129
5987
6136
1794
1794
1794
1794
1848
940
95
5643
5353
817
5643
1940
3101
3757
3757
3757
3192
6136
1963
1963
4558
274
5380
5107
6745
6591
2883
2883
2883
1808
1808
2883
1530
1530
3068
3068
1444
2232
1327
3068
3068
4525
4542
261
136
2936
4740
4985
4985
1533
4288
1356
5400
4323
636
636
3442
3641
5169
5169
6505
5040
4677
2185
603
4677
2979
3417
1330
1664
3417
4367
2830
1615
4586
1176
3419
3378
6017
2820
6469
3687
3689
7026
5717
1404
703
219
1404
1404
1734
2494
202
202
202
886
328
400
2774
2774
1513
3044
2453
3044
5513
5513
549
1456
1778
7052
2254
1322
1322
1322
1322
1322
1794
27
1794
1794
5171
1215
2240
2240
2240
2240
2810
2810
113
4689
2398
876
876
876
3053
3053
5062
6525
3270
4060
2339
2339
2339
1721
644
644
644
2756
1747
3867
3867
1321
465
6012
6321
5833
6321
1409
4787
4787
5153
5153
4138
4138
562
5383
4299
1001
2744
7027
6136
2353
2353
2353
2353
590
960
2353
2601
2601
2601
764
4553
6136
4905
6136
242
969
6651
5306
2192
5306
5346
2220
4858
5158
6651
4394
6651
2899
2899
6665
2525
474
812
207
5755
6352
408
7613
7613
1342
1342
1342
1342
4965
4726
3385
5924
6858
3505
3341
2840
1598
1598
1598
2840
2840
546
3115
4275
4275
4275
247
1619
1619
126
126
126
1619
5106
5336
5465
5518
4343
4055
392
4055
4055
5809
4199
3390
1992
4199
4199
5184
3934
3934
5600
6153
6153
6198
2631
1635
975
975
975
975
1635
1947
1961
3682
3682
5749
1196
5749
2818
5749
2180
6955
3367
1607
3208
3208
7239
1948
4944
7239
6699
6268
2111
6425
78
78
3601
855
855
2065
2486
4876
2377
5863
285
285
285
262
262
1918
678
1632
1283
5930
1218
1539
1514
1514
1514
2113
2113
2113
2746
5105
6065
3900
3902
2369
2369
7421
2612
2612
2636
2636
2636
1812
528
528
528
2666
2719
2719
5505
1234
5575
1086
5575
15
15
2225
2225
6420
7007
6064
6064
2448
2448
1627
1768
948
3394
3394
3681
1218
4485
2648
3389
3262
3020
4485
5094
5891
3890
6373
6373
5946
4678
4678
884
5707
7252
3784
6234
7465
5078
5078
5078
2690
2690
3907
5078
561
3114
4490
5664
5664
5664
4300
4477
4477
3246
3246
3456
337
4477
345
5056
4009
3562
5521
5521
5521
2095
3273
5157
5521
2345
750
612
612
3647
3894
6940
4377
4377
3097
3097
2040
3768
952
4377
5667
6007
6007
3151
3151
6007
3882
1721
1721
6894
3681
5255
2012
5255
4763
3692
2175
89
89
89
1143
907
2175
1050
3528
4330
3425
4330
4757
6813
7436
3042
2287
664
7079
7436
1861
7436
7436
7465
7465
4525
374
6897
3085
3085
3085
5063
5401
1138
4531
5401
5401
7681
1063
220
220
4814
4814
6785
4554
4554
7684
7684
5166
5166
5166
5166
5166
5166
4647
4647
6027
6027
6027
2826
2681
2681
2681
1116
2681
1579
1324
1579
2826
4065
3594
4065
4515
6027
3187
5593
3215
5593
6634
609
514
3609
894
894
1480
4399
211
1830
4426
4927
4927
6857
6857
2675
2675
2675
3576
7094
1063
1063
6455
2430
1416
1236
1004
1004
1004
5435
7345
5158
3369
3369
1629
1629
3369
2999
5158
5577
5577
2223
2725
5765
2119
2119
1692
1389
1389
1692
4942
6066
3821
721
721
2137
5368
3003
5772
6287
6983
4634
5718
6426
660
5605
3139
6829
6983
5903
2502
2502
5411
3163
5411
5903
4801
2350
4391
1264
5761
5903
7204
7254
4345
6438
7274
2980
2980
2980
1663
1938
7274
1579
1579
1981
4292
411
411
2730
2774
3200
682
682
3282
4651
1108
2405
4651
3514
904
543
2166
7014
1367
3469
7014
2143
1144
1250
1002
1002
5392
5392
1286
377
3722
3722
6576
1003
2997
2997
5082
7477
7477
4076
2105
227
227
4487
4781
766
2712
2441
4675
7225
858
858
88
1134
467
467
467
467
2042
7487
7487
829
829
829
3659
3659
3659
1983
1983
1141
1141
1141
2750
672
672
226
2230
2230
499
652
652
2288
4989
5545
4177
4177
4177
691
691
3351
3772
808
4177
556
5610
4049
3663
4049
6636
6913
6553
6281
4513
1450
1450
1450
1450
2808
2721
704
704
2808
4770
4335
3891
3891
3891
3891
3891
3843
3883
4277
6718
3962
1425
1425
3962
5786
1987
1987
5686
3231
291
1408
1408
1408
1253
3077
5028
5028
1893
1813
5028
2829
2126
4102
2370
4102
660
3423
3423
4021
1724
1724
3270
4199
4199
4199
6116
466
7477
7477
4712
5344
5344
5344
4898
5607
5607
7120
2215
7120
6292
5141
1856
1856
1856
1856
2579
2579
4426
4426
5287
5172
7477
2021
2021
2227
7477
2060
2060
2060
2227
3115
4535
7003
3145
1210
3643
7086
4291
2148
3448
4372
3450
3619
3619
3619
2484
2484
2484
217
2448
2880
2534
2534
1967
3619
1662
614
614
2437
2366
1747
4469
854
1022
1022
4818
4818
5916
5916
5615
922
4022
5988
6024
3640
4954
3097
1537
6291
2183
2103
189
2103
2103
2389
4345
4381
144
2299
321
321
321
2299
2299
2645
2380
2914
2012
4486
2934
2493
1968
2493
946
2493
6391
2905
6391
4491
387
228
228
5061
5875
4477
2493
2493
2493
4477
4477
1522
4861
3725
2910
2910
2910
2729
2729
2841
3334
3334
1690
103
5627
7062
4261
1366
1366
1366
1366
1128
2742
6170
2059
6170
981
981
981
2845
3242
1264
3884
4377
5768
5768
6473
629
2142
5888
3703
3703
5155
3806
580
580
580
5771
5771
5771
7086
1583
7152
772
1708
2972
218
218
4343
4343
304
304
304
304
304
1813
4514
6862
5472
1443
5582
1224
782
782
7369
7369
882
882
882
749
2510
4555
4555
4590
1431
1431
3238
6233
6379
6379
6379
3761
2114
6379
6379
2647
2612
5207
4305
4643
387
6969
3576
6799
835
6624
398
2948
6264
4941
6799
6061
6799
7151
1971
1971
1971
1971
1958
906
5936
1127
1127
3467
136
4515
4515
1048
1048
2237
6838
6186
4558
3869
1577
1577
2559
2549
3800
6186
6186
3652
6838
6838
3333
3333
262
3333
6194
6838
4097
308
6320
4014
6838
6853
6536
2167
931
911
931
931
931
5538
4381
6903
6865
6865
6865
5754
883
6865
3149
2914
6903
2098
2098
5744
5809
4116
6813
6698
7585
582
582
582
1556
1556
1556
780
780
780
780
1556
5121
5121
4668
2627
1971
5121
4929
3549
3549
4602
3043
3043
5296
3816
5147
171
1879
5734
1313
1601
4568
7
7
6490
4152
3259
918
4152
5151
1960
6642
4630
6642
3991
6334
435
2414
225
3186
6649
4601
2083
3626
3626
4697
3517
4697
5092
3077
3077
725
306
3077
4455
4816
5729
3557
7252
1944
4705
4078
3847
1516
2067
2067
7088
7118
2416
2416
2416
5083
5083
5083
1418
1350
1418
1969
3556
1173
6817
6817
5110
1395
1455
3869
2465
1936
7102
6379
3913
7102
5861
5471
1147
2724
5555
5555
1161
4335
4069
4069
486
4069
4150
846
2200
2200
2200
2200
3433
4433
3354
514
4433
7096
7096
7076
6040
3484
3484
3823
3917
3068
7107
1777
4785
3039
1191
1191
4084
4084
3325
1777
4084
4084
3856
4373
657
4373
338
6691
2102
804
804
4504
6122
365
5792
5792
6799
6799
6897
2599
7327
5821
7327
5413
6759
4089
3259
3259
6542
3884
3884
213
3884
5774
1828
7458
5774
5774
3773
3773
4481
1137
141
5774
7260
6016
788
353
353
353
1210
2198
2927
3637
3637
3871
3661
4487
6499
2022
527
7605
6634
6634
6634
6634
1051
1732
1732
1732
1732
545
213
2157
5700
263
5890
5890
1589
6480
4788
4788
1675
2523
5528
858
1366
1366
1366
1989
721
4868
1746
5308
2775
6580
4194
4341
5253
5253
5694
5281
6805
3290
2270
2270
3997
7222
1856
3274
3646
2207
2679
1992
1992
1458
567
567
6329
935
1274
42
1274
263
3933
1102
1822
1822
2076
5105
2791
5105
2184
2575
7102
2398
2398
749
749
2398
3961
5049
4449
3545
6571
6571
1591
1591
6943
985
985
985
4146
2879
3294
2525
2810
5075
2236
7176
7176
7176
404
5631
2965
4606
5631
4499
1004
1004
642
2895
529
4499
3376
309
309
309
581
947
5898
3795
5898
2486
5898
1141
705
1141
1950
3520
6341
2774
2774
7375
3565
806
2870
2870
2000
1520
1520
5971
6249
6237
5334
3007
2790
3517
3517
1219
7611
6326
6326
6278
978
978
978
1131
5160
6028
1673
1673
1699
3475
1271
3336
6028
173
6278
6278
3920
3920
3920
367
5123
4353
5123
3794
5123
5325
7494
3480
3480
3480
7611
4225
4078
4225
4225
6015
1658
1658
1511
2978
3652
3652
4544
4544
2272
738
738
738
738
2483
57
2483
1494
948
2003
2443
2443
1750
993
4539
2914
3761
4157
4157
788
3071
4223
5504
4853
3920
3920
3920
5504
2377
3993
5504
4117
1086
4978
4152
4978
5292
5292
696
4477
4043
6105
3441
532
4571
287
4571
3423
2220
7041
5359
1814
1814
2641
5157
4061
124
278
216
278
963
963
3242
3614
4462
6708
6512
1919
5060
2174
772
6856
2000
3982
3982
6856
6578
2755
2755
3558
3558
3119
6578
2588
852
852
852
2903
3244
5124
4030
4030
4030
3007
5331
5331
3117
569
3762
95
95
95
3762
3762
5282
3091
1824
4074
5282
5282
4025
2933
2636
2636
2636
2645
5832
6216
4181
1671
6836
4743
2658
4743
4743
5687
1688
1688
1688
1688
1402
1688
2009
2556
5510
5510
4122
2814
247
5510
4295
4402
2337
2002
172
2337
2223
5370
2980
2915
2015
2232
2915
6390
304
304
4108
1317
1317
1317
1317
3912
6671
3620
4634
4498
2325
2325
5184
2384
4229
5226
5461
7217
4240
2925
1579
2458
2925
2925
6351
486
7292
63
63
2246
4218
805
805
805
5881
4259
3659
1146
3343
3659
5447
5447
5334
4355
5447
2666
115
2891
2891
1852
2891
2905
5951
3925
732
7095
7095
7513
711
711
6511
2573
3027
7406
5102
3687
281
7406
2264
3921
7406
5837
4726
4261
366
5837
1940
7221
6789
7221
4111
4111
3440
2576
1781
1781
4809
4917
6749
6036
4237
4237
4056
6150
6150
9
5338
1277
6150
657
4703
5365
5365
1712
6320
2453
738
738
447
204
204
1709
1790
7329
4223
4223
5273
3115
946
946
946
946
5273
2029
816
816
2029
772
772
772
2815
6903
5124
4820
7662
1330
7564
4228
670
670
808
808
808
808
808
808
2490
4228
4228
4288
4288
4075
4624
344
344
1011
652
6699
5707
6678
2923
2546
2743
3645
3645
6678
5306
5306
5331
1670
1271
6699
6241
5554
1497
6941
4094
6789
5377
7031
486
486
1331
6446
218
3619
789
3427
3427
823
3427
4660
1065
1065
5137
558
558
558
558
558
1290
921
1290
4843
2874
6268
5191
5191
728
728
728
1736
7428
3791
3791
6122
6122
6122
6122
5569
6122
2848
2953
7166
7166
2026
1109
2477
1062
2477
2956
1056
1056
2634
17
704
738
4222
5712
5712
6783
6783
1200
1200
2887
2532
7487
5632
5291
5632
7487
3072
937
6851
1932
875
7662
7662
7662
2436
2436
890
6441
2421
2421
2080
2080
421
7223
4623
4623
4597
1205
1205
1205
7223
5956
5306
5306
929
745
622
622
745
745
2985
5387
4586
4586
4586
3809
474
472
3809
3581
173
3809
1917
1917
2416
299
299
2441
2441
3383
3383
4652
4652
3438
2529
2529
3482
5229
1517
1517
4635
800
3258
4635
6614
5334
2209
219
5334
7038
7038
7038
5590
3322
3322
3322
2481
4277
4277
7213
5776
1256
1256
3032
5776
4594
4594
3386
5776
5999
6468
4382
905
5588
6468
3173
2198
6717
1076
6919
6919
446
446
446
7284
4362
4362
3239
5204
3255
4776
5914
5914
5914
2682
2682
2682
2682
3631
3631
3631
1761
5914
6030
6030
4284
4753
6030
6030
6474
3083
3579
3579
4712
6306
1515
3042
6285
6285
1960
941
2007
6285
1830
4411
6285
3771
6874
3844
6874
5598
6343
5612
5958
6874
6225
4354
4354
1846
4984
4984
4984
196
196
196
196
1361
5005
4864
4864
1681
1039
1039
1039
2433
3194
3194
3034
3740
1233
4243
4243
16
6451
3134
6451
5414
1061
1061
5224
303
303
944
510
1647
1647
257
1809
1809
3742
857
4743
1949
196
5595
6756
2528
2434
2528
816
165
3215
3215
5873
6855
6855
1887
407
6855
1162
1162
327
327
7227
3836
2962
4283
3378
4283
2049
3899
3899
3899
4150
3670
4150
4283
4283
5216
5452
4307
2962
2471
2471
6544
632
632
3610
5109
5109
5109
5109
1183
5202
5202
2937
2948
2948
1368
1368
6544
1680
1680
573
1680
7158
293
293
293
525
525
2782
468
2782
2782
5328
3495
2794
3495
2611
3495
420
4765
5823
1316
5891
2784
4651
5950
5086
6411
1632
6044
6237
2773
3820
5757
5938
2273
1061
7499
140
3472
596
596
596
2597
2220
2220
3472
899
209
209
209
899
3732
5043
1111
1111
4684
1453
1453
1571
6018
5431
1926
107
1754
7670
1507
1507
1507
339
225
339
1507
2400
2400
5541
5541
313
5038
4159
2180
5038
5038
2980
2980
5068
5068
5068
5944
6223
2091
2091
2091
2091
5501
5229
5501
6726
3540
4297
2495
2324
7105
1262
1262
860
1262
1168
3930
1529
1529
1529
6067
4493
4919
407
407
697
622
2747
4260
5132
5962
3457
3457
686
160
2466
4962
4962
7053
4181
4181
4181
4181
876
876
5085
1036
1036
1036
1036
1036
1036
1318
1331
2524
2524
4890
4890
2449
5155
4389
1931
4389
4009
3486
5155
3819
5155
5440
5985
3985
2012
2012
1880
1880
2677
442
442
442
442
442
442
72
6147
6147
6147
1597
1597
3658
5598
1365
1365
524
7486
6646
2575
2575
1266
214
6596
791
791
142
2249
2249
2249
2249
2249
3760
3760
1435
3092
3505
3760
968
4203
106
5321
3497
5378
2283
5378
5556
424
352
6162
3425
4062
3450
1944
5814
5067
4244
3771
417
5067
130
5067
6420
6894
4945
6894
6291
2401
899
590
2401
5572
2705
7290
6634
3457
4777
4489
2250
637
2238
7290
6952
4766
1747
2272
6459
4553
7404
6581
6581
6962
5464
211
7187
6406
4491
7670
7670
7440
7440
6576
1351
1351
1351
6576
991
991
7269
2126
2126
2126
2126
2666
3736
498
498
7670
491
491
491
3063
3063
2541
3063
3861
7200
5462
398
398
6187
6187
5045
388
2849
5735
44
5735
6247
1764
1764
3339
3268
6893
6852
6852
6815
5226
3142
5226
5226
542
542
3862
2766
2766
2766
2766
3862
4565
348
1454
3796
4095
1333
651
651
1473
332
1473
1473
5625
369
3375
5625
2201
38
5735
3369
5943
3183
1903
1903
1903
4545
5133
5277
5363
4435
638
1597
4854
4197
4197
1097
1175
4854
4854
4854
4854
4854
5951
6916
2396
2396
2396
3127
4838
4838
2889
806
4938
1007
3794
6966
2916
6077
5713
5513
436
436
3721
1561
1561
3721
2877
3837
3837
4704
2534
4704
3040
7092
4349
4544
4671
1589
6053
1133
7324
7398
1669
247
247
1603
1669
3701
3701
3402
978
866
4114
4114
4114
745
5556
5556
6142
546
546
546
3099
4970
2341
4970
2116
4195
4195
195
195
195
195
195
3400
3682
3766
3766
3226
3226
2061
1462
1999
317
1999
4269
1537
5567
2226
2226
2444
2166
457
6122
1868
6122
6122
2085
6386
3866
7027
7198
7207
3450
3382
1813
1813
1813
5608
7226
565
5363
5363
3800
3800
6592
6009
6009
5908
6009
7226
4076
6531
3507
1200
683
683
1200
3507
3507
2247
4336
5394
467
467
5356
1403
3115
3294
5933
427
427
5073
5531
5933
3130
4044
3009
2374
4044
4221
5933
2890
5982
2477
140
3140
3140
3140
3912
3912
5241
6698
769
769
2720
4139
3531
4139
6698
5540
258
258
3454
3997
3997
378
378
378
3627
2467
3997
4564
2346
5540
7034
7034
2985
7557
6867
519
598
598
2609
1561
1561
2609
510
510
510
2609
2181
3175
3451
3451
3919
383
1440
961
4980
1272
4980
4251
4980
3771
2284
819
912
2284
1347
1347
4330
1005
4330
4888
529
5159
5665
1234
5665
4979
4746
2080
2711
46
46
1098
1706
1468
1706
3753
5852
4656
3505
4186
2460
5426
2874
1531
2942
2171
5426
3871
5818
5325
5325
3738
2947
3738
4083
4752
4916
5969
6220
5394
5394
5368
2954
4641
5368
2779
2779
6852
3451
5028
2572
980
7292
6879
6903
6776
446
3875
1239
6373
3552
2948
1202
2948
5159
4411
5536
5536
5056
5056
5056
1015
1015
1015
582
582
582
140
140
1198
1401
2767
1319
4354
3845
3535
3535
4815
5288
6894
7689
3640
3640
489
107
107
107
107
107
1127
1127
1127
1127
3587
3640
504
3411
3853
887
887
3466
3243
1174
3626
3626
6215
4013
439
4013
6719
63
63
63
3797
3797
5050
1914
3256
6771
382
382
382
892
1874
1874
612
2268
251
251
251
703
1228
2268
86
1058
1058
1058
1058
1058
1732
3375
3375
454
454
4974
1945
144
4529
4529
1245
1245
826
5139
4146
506
5108
2332
2332
3059
1171
2072
3059
3135
3784
5275
6165
6165
6165
4206
4111
3800
1200
6311
6470
1096
3373
6470
2531
327
2531
941
6966
2759
2759
2759
3301
4991
9
5356
5535
5535
5535
1251
5535
2421
719
1305
2617
6966
71
1691
1691
2069
1973
6598
6804
5598
6804
2072
2123
1942
2123
2756
87
5561
3893
2175
2175
2175
1163
5803
553
1710
4045
2639
3827
844
5803
5803
1997
7130
2222
350
4488
125
2386
2386
2386
2386
2997
2997
417
417
417
5186
6307
3020
6307
1112
1283
2715
2715
4269
4269
3320
2803
495
218
218
495
2173
6691
6691
5081
1474
1474
1474
6755
5140
1673
4333
569
5140
4379
4379
622
6755
5461
6923
5417
6081
639
639
639
4195
4703
3786
4703
1698
4324
4324
1626
6700
6700
5692
4208
3494
1286
3494
5414
6144
1921
5879
2149
2149
5879
5879
5879
3000
3062
6977
5416
2765
4421
2788
833
932
591
3486
6977
4901
4901
443
5246
5246
4576
4576
3585
1684
7527
363
2245
2245
2245
1837
1837
6923
6037
7451
7451
7193
7193
2262
2262
5735
5873
3540
417
1757
5483
5400
3046
5332
2745
2795
6931
6228
6228
5971
5381
2699
3792
4470
6176
6176
2372
1929
2055
6176
6163
7557
7557
1724
75
5663
5663
646
2787
2787
2787
126
3886
1845
1845
2742
3657
3808
6412
6514
2274
5512
1303
6181
3916
1549
6945
6017
5649
4348
1334
4774
4774
3321
4774
4774
94
94
7371
7371
4542
2364
7164
7371
3658
2840
2840
2840
66
638
638
638
638
4051
358
6208
2185
2185
1076
1076
2185
2185
5270
3437
4340
5270
2109
887
3486
2273
4245
3459
3459
4351
4543
6084
2595
955
197
2595
480
1500
4368
5543
3394
5405
5543
1514
1514
1514
4005
6261
5149
6261
6268
6386
6280
6458
4096
4623
2912
6271
1709
1224
6458
6458
6706
540
6072
1521
5387
