22148
22149
14781
11237
11237
9822
9822
7571
5681
2134
2134
2798
5681
5681
5681
8081
9822
9822
11922
4329
11922
3509
11922
8057
6898
6898
8057
3334
3334
3334
3334
1984
11220
11220
4732
743
4464
4685
1145
766
766
6380
3267
2638
358
3267
3267
11793
1095
1095
17005
10710
10710
10710
8583
19957
2134
2134
14502
17298
370
370
370
2226
5228
15710
14832
19386
3000
19386
10156
4191
4165
5582
11241
16022
969
15780
19554
13477
8128
5098
5098
5098
129
4438
5098
8712
10044
6761
17745
18071
4670
14987
19869
18403
18504
14878
18504
1954
20159
7739
7739
7739
20334
11073
20093
20093
20093
20023
12438
19281
18493
13177
19281
19281
17864
3268
8961
8961
13693
13693
18234
18234
17663
17663
11891
5714
18197
15985
2085
10719
10719
1989
16950
5258
18431
6716
4418
4418
4584
3698
6716
6716
14019
1151
14312
1511
7418
18431
18952
10575
9607
2268
14291
16295
15114
15114
14219
996
15114
15114
15114
15856
10758
10758
12208
9526
16767
13833
16767
19514
4707
4707
5660
5660
57
4939
16112
16112
10983
1036
1036
14206
14206
14206
206
206
18546
18874
17173
8324
11275
18874
5697
15000
18874
18874
18610
20002
20163
14062
15110
15047
20163
11414
11414
12096
13868
6960
16965
9625
4990
4990
5417
5417
20073
13869
13869
3398
13869
2803
20073
19773
6195
17592
220
20073
6169
12281
12019
12019
3672
10774
4794
4794
4794
4794
10069
520
13332
5645
8977
13332
8191
13944
13944
10227
13944
13944
13944
9208
2443
2443
2443
15147
2
4470
4470
5555
5555
17108
16843
7340
13098
19474
2640
1853
1853
935
2016
2640
10472
10472
18158
15845
19084
9468
3102
19084
19788
20103
16557
16557
4255
16020
21063
19305
985
985
985
12922
22133
5429
5429
438
438
5429
7313
7313
1421
10432
2468
2468
1989
2468
7020
7020
7020
7104
6288
7104
14221
800
19769
6050
7331
15694
15694
15694
15694
8203
15694
5919
4397
1291
1291
17153
20695
9534
9534
18885
13700
13545
11413
16842
10105
16842
17150
5125
22133
18652
4102
2513
2513
4102
18652
1447
1447
1447
1447
1447
1447
2602
9911
9911
9911
9911
12412
9218
1142
12999
3105
3105
10218
11667
11667
16473
15493
1473
11305
11305
14363
6715
10203
15493
15493
6739
6451
6451
6451
6451
8342
703
5798
5798
21254
1993
2325
2325
3989
6178
9159
9159
9319
2917
12927
4845
4845
10478
3823
16121
4235
13316
12667
12667
12667
3169
10040
20013
20013
11326
10672
18771
10344
4345
4345
11836
6721
3296
6360
828
4762
16181
15991
14683
12944
9486
1661
1661
1661
10924
9691
4263
9691
9691
57
9691
11015
2563
7491
19522
20800
79
3509
21505
19728
4658
21505
21505
21505
12027
12027
12027
12721
2491
12721
939
939
7093
18344
10696
12403
18241
369
369
369
8360
3093
21506
2291
2291
2291
15868
16846
10408
10408
16846
16846
19931
1603
13822
19931
4365
12068
17594
13801
17594
11779
6129
19950
9609
9609
9609
2443
4219
13284
5013
7848
13284
13284
4285
4285
4285
11412
16682
2913
17791
17791
10242
8889
11685
12085
1959
15957
15957
3808
6822
12757
5179
3843
3843
3843
12589
12589
12589
12589
19799
19799
10097
10097
10097
1055
1055
4486
4486
4486
3754
12921
3396
13967
13545
16864
17446
17967
5408
5408
5408
14706
5333
359
2203
885
6685
17967
3952
11549
17967
12032
256
21322
20126
12668
12509
12509
12509
8607
8943
12509
14816
5841
14102
13439
2750
3860
6370
14527
16046
10410
12243
7938
16046
16564
4583
20258
214
5596
11799
7493
8324
8324
1914
7367
13272
13406
10495
2957
2957
6808
20984
21782
17708
17708
10130
17708
399
17708
11068
7775
17708
3584
16637
16637
11500
16637
10602
8505
10602
10602
10626
21600
20366
19797
4419
14509
14509
20366
13366
11025
17781
3963
3963
3963
3876
3963
6402
6402
7487
2358
2358
6513
10294
12375
15159
15159
9187
15145
9421
3839
3839
3839
12579
9119
9119
8040
8040
13428
9856
9856
5850
5581
13859
13859
14351
15329
8785
2830
11458
11458
11599
13296
10499
16330
16330
12355
16421
16421
14090
14090
16776
4950
16776
16776
7678
14558
17507
16765
8393
12478
12478
12569
744
17979
10591
13724
13724
8987
13724
11835
532
7765
16127
18280
11613
3431
15818
3563
11440
650
650
11726
10456
11726
17155
6017
18493
4896
19037
19693
19184
4986
19693
5187
5187
19869
13947
4024
839
14404
10253
10253
14404
18501
13634
9804
9804
20786
9807
9807
9807
7850
7850
7850
1151
10350
15187
15187
18246
6284
6284
6284
6284
16243
298
18246
17351
20786
15379
21500
21500
14838
11
9710
322
9710
9710
9710
14273
13967
5431
4445
14076
17551
17551
1243
1243
1243
1243
1243
1243
2
6071
6071
1158
6071
6071
2908
9978
5383
9978
439
13481
3485
3485
8657
10443
9734
14466
13494
6263
15303
417
15303
1196
10996
10996
6294
17551
15213
15213
15213
15524
1633
15796
18151
4146
19816
19816
14641
5744
14641
14845
4102
4102
4102
4102
4703
4703
7359
378
378
378
14917
1491
1491
14917
10094
14379
14379
10353
20174
2754
15046
6293
6136
5824
5824
6136
722
12322
12322
2186
2186
2191
2563
20174
19454
19260
15853
15010
19260
1391
20174
9207
9207
7991
7991
8752
8752
8752
1984
9484
9484
14601
15207
1492
1492
3365
4174
10239
10239
9244
10239
6669
10885
312
14002
3335
14002
12262
14002
5981
20896
20981
6080
2738
2738
17125
9204
12820
7409
19521
9663
20547
9051
9051
5757
15781
20981
3649
886
3649
3649
7199
13741
13741
20253
3815
2322
14197
2569
14689
7472
11503
21490
21393
8479
8479
5092
12488
6786
6786
6786
10489
6224
7087
1164
16435
4077
4077
9268
4443
20581
912
10005
10005
10005
16852
10221
10221
16852
14548
14548
16852
17555
14096
17555
17555
11924
5170
5170
5170
8845
1891
2396
4029
18305
15052
13638
13676
15052
14568
10788
7462
16754
589
14089
6048
6048
7017
16754
17177
9246
9246
5334
10212
10212
18557
10117
1322
10117
6628
4274
4274
21519
11013
5311
5311
5311
2994
10435
10995
21148
16932
21148
4384
4384
4786
4786
2457
2457
13143
13698
8177
7555
8177
20752
20087
9642
10813
9577
9577
10813
11538
17247
3733
13777
13044
3834
21230
18868
21806
6209
6209
212
212
212
6209
9073
14833
7652
590
7652
7652
18437
5877
19095
549
549
549
549
549
2240
2240
2357
2357
6980
16399
18974
4456
4130
4130
4130
4456
9065
7848
7848
8679
17838
5288
5288
5288
5288
2724
4040
8196
8196
17838
15419
17838
18128
12941
3076
816
816
6641
6641
2841
2841
6641
12480
846
3120
16252
17212
7685
9753
13594
17700
5143
5143
10283
7737
5610
1489
10283
15448
4524
21737
7029
7029
7029
7029
8369
16099
16099
16099
1231
8414
14251
13021
546
13021
14251
14251
9719
17672
17660
19328
19328
12165
4737
12165
7573
18816
18816
16057
15801
16057
6542
6507
17826
16816
17826
1368
13330
7814
17826
3472
3472
3472
3472
9225
5921
14337
4169
14209
2897
5761
5761
15813
2309
14740
14740
16820
4613
4613
4613
16920
11574
16920
17856
20215
506
5035
10347
10347
10711
6856
14392
4967
4967
4967
4967
9496
13410
13410
16902
16902
17542
11743
10008
11743
5982
5982
5982
8289
2797
548
12868
16125
8485
8485
10239
4134
12832
11305
11305
11119
11119
11119
10292
7557
7982
4450
11305
12832
14693
14444
6018
14444
17325
1675
1675
16438
17967
13238
4017
3502
4017
11793
11081
7475
7475
9996
18813
13696
14505
20687
9369
9338
5256
5256
9338
9666
943
20557
20557
9831
13159
13760
1381
20557
12279
12173
11906
4252
4212
4212
18873
15575
4872
18060
2670
20202
7181
15213
4518
14351
5904
3474
323
5904
5511
17072
5057
20737
2677
2677
2677
2677
2677
2677
6956
6956
9592
11012
480
20737
20737
20737
20737
6781
6781
6781
11865
380
11865
13102
9845
9845
12885
12249
17298
1959
5248
20712
12792
10712
20330
14000
9797
8259
13026
7710
5628
10201
2138
8776
5697
372
8229
15745
10359
17672
17672
968
3993
7731
7731
5829
2934
7731
7731
19349
1663
20379
21232
18575
18585
7768
17963
21600
5886
21103
21600
18166
21600
16534
13870
9777
13870
17451
6204
19025
1168
18635
227
227
227
227
227
5827
13237
5083
3530
3530
16587
16587
10885
1145
6518
6518
8959
13787
19253
2695
2695
15093
8539
15093
241
979
11210
8746
6232
8746
20022
1828
1828
17961
13108
7756
19598
13285
16181
16362
16362
19785
19785
4566
14999
262
11578
11578
8221
9612
11578
3675
11578
9396
9396
12889
20022
2943
10374
8063
20271
8294
7330
20271
20271
10674
20162
5547
2210
2210
14294
7680
13995
18312
5823
9443
10521
264
264
264
7941
1313
9658
8621
5908
6704
9658
19527
20358
3678
3678
13961
6857
6857
630
3000
13961
14954
3817
14954
16894
16894
16214
16214
3474
7901
20117
3333
3333
3333
8548
14389
11989
11989
20358
17855
6980
5659
12054
12054
12054
11780
9973
12054
16321
14365
7426
16960
17009
18462
16311
12567
9798
9471
9471
8972
1780
1780
15161
15161
4424
4424
4424
7248
11610
11610
8178
14281
14281
15161
454
12886
7870
16550
16550
2625
16720
14811
14811
20688
555
555
555
2946
15519
15865
2795
2795
8944
10861
6026
4954
12494
15811
20688
21183
15786
8095
5221
5221
5221
13211
2757
2757
2757
7516
7516
7516
14180
13145
9137
17338
5144
5144
5144
8666
10027
10698
10698
7750
12499
6692
15116
19107
3747
1451
21629
1463
1463
21883
9501
21883
20423
2671
8164
8164
10319
16729
1118
16205
14461
14461
15445
20975
20975
5411
5411
8602
5906
20975
20975
4366
5705
14566
13263
3558
3558
735
735
735
14290
14290
7674
7674
3682
3682
3682
4572
4572
4572
9836
9836
9836
14177
6797
9202
9667
12464
22048
17248
1438
1438
1438
15816
11126
15816
17248
17248
10607
17794
19931
5664
10719
19702
20809
20809
20809
13512
14867
4453
22048
12984
12984
11075
6374
11075
9443
9443
9443
5207
3637
3637
5207
5207
5207
5207
5207
5411
13436
543
9976
9749
8903
8156
679
4484
4484
4484
15918
1110
21642
3146
3146
3146
12141
17014
21349
2254
17439
21349
18186
14871
8839
20114
15727
8496
21349
20248
8148
22063
19622
7359
22140
5041
10343
10343
16107
12245
12245
12245
12245
10697
12467
7715
12102
6110
12102
16192
2785
2785
3124
11932
11932
11932
16151
16402
16402
16230
16565
12378
11400
16565
146
150
150
19967
5981
5981
15508
10559
17559
10033
17559
17559
18674
3731
5294
11365
19688
14532
11866
9396
14532
19967
11816
19967
18939
1972
6705
20087
20087
19016
4552
7353
2182
21048
14429
12945
2452
2452
7214
7214
14429
15794
697
697
10789
19647
14965
19647
71
71
71
71
9769
8280
2520
16949
17485
17689
19647
19647
20037
3239
11135
8770
14443
11785
21189
21320
15800
15103
15103
21320
10968
10968
2967
12759
12759
12759
12759
6295
6295
6295
1193
3016
3016
2630
18412
18412
1087
1087
2690
14855
20869
14149
19879
6563
13989
13906
13906
4463
4463
4463
1095
15030
8902
3332
3332
3332
3332
3332
20431
8323
8323
8323
3794
10657
18017
18409
711
3559
19657
20431
13896
21242
12550
12550
7878
11668
9997
3065
3065
11317
11317
11317
11317
10166
12582
9029
541
12582
18034
7970
104
104
9681
17583
14319
7472
1481
1481
5986
5986
19251
19251
19552
21519
20402
8698
3583
8698
17082
12550
6953
12550
287
21597
10847
1638
1638
1638
4445
4445
4445
4533
4673
2616
20608
20608
19840
8906
13024
10161
20608
9716
9716
9716
9880
9880
9880
9880
9215
11511
11907
22092
406
9355
9355
9355
5096
844
4569
5096
9355
7292
9966
9966
9966
3999
9196
3717
3717
3717
3717
3717
12702
7050
7050
12702
15577
8142
2516
2516
10609
17182
6955
6955
2715
6955
10513
19446
14352
18158
10012
10012
18181
17739
15187
15187
15187
15187
14721
15187
20603
16054
16054
10625
13462
16054
20603
18188
8133
8133
8133
8133
10564
2195
15723
5736
11994
20931
15162
15162
1781
15162
2973
2876
15535
4737
15
15
15
4737
4737
675
18113
13824
13824
16188
13620
12219
14079
11434
7343
16188
21549
16796
4473
9513
9513
148
148
148
4652
6154
18560
18560
20625
19230
9553
16817
20625
11374
11374
11374
11374
11374
11374
2678
85
18635
16782
7729
7729
196
11737
8422
15069
3453
1413
3453
10153
10153
10153
10153
2996
10286
10286
10286
10286
10006
4836
15069
12337
3357
14724
10256
10256
16223
5104
7375
7375
7375
7375
7375
3823
9317
9317
9121
7341
9121
9724
6035
9724
4319
15083
15427
1677
14273
13517
17013
17013
8785
8785
2829
16462
5820
5820
3317
3317
3317
5820
5820
12783
12589
15463
7776
13812
15120
3526
15651
15651
16131
16834
16327
2413
17648
9778
9778
18820
3247
9864
9864
9864
5498
9864
5186
12862
4346
8493
13408
13640
14330
13040
10110
14330
14330
3849
20365
20906
13182
13182
5194
17352
16673
7588
18097
13484
18097
7193
1457
6551
18422
13281
11292
19259
20906
1010
15614
7140
10701
10282
17394
1377
20956
9414
9414
9414
7490
12666
6559
10707
14389
20780
6543
20780
20028
9786
7090
8611
8611
9290
9290
9600
15040
17763
21491
21491
1772
1287
21491
2763
2763
2763
2763
2763
2935
7292
13705
13705
2617
2000
12722
12722
12293
308
6070
6070
16014
2272
7460
7460
14580
14580
18195
5868
5868
12306
2504
21777
7804
7804
7804
14137
8324
4322
3675
3675
14276
348
2555
2555
8256
7044
8256
8256
8256
17557
11365
4050
16944
17557
17490
6963
15008
5724
15008
15008
7272
7272
19044
9162
4
9162
4298
9756
947
947
947
1212
3514
3514
9756
8063
10941
2420
21951
1557
1557
1557
4119
5943
3369
6105
6105
2713
13366
9558
10565
10565
10565
12102
12102
5440
12102
12781
15107
18718
15907
17952
9264
18718
4230
12961
2324
13328
16129
18718
8931
11277
15369
16968
19914
17719
17928
17928
8609
1839
8609
21951
10934
10934
10934
1002
10934
2805
2805
16069
16069
9044
9044
9044
19029
21260
21260
11646
3137
3137
3137
4938
11646
12691
7571
7571
6792
2207
13045
4167
13045
17069
17069
8573
12014
7434
17710
9347
4405
4405
16946
814
814
814
10162
2558
17193
17193
6180
5992
5992
7060
173
7060
12881
13795
13795
2111
2111
2111
4697
13465
13465
4029
1093
12532
11996
6471
6471
12441
12441
11073
11073
3860
1315
16913
11926
15142
16913
16913
3617
16913
2255
13716
13716
13586
11271
12583
14959
17792
1489
8663
5097
1116
2072
9161
17792
9119
17792
9089
18730
16904
18730
16286
19398
12927
12927
11829
9475
4726
9412
7253
7755
9475
9351
18595
9534
9625
598
9344
20809
20809
9386
20397
11298
4708
3053
20397
8569
10761
10761
5068
4331
4331
12888
1671
14664
14664
8619
2833
21160
17674
16647
16458
16231
21348
12225
1607
19310
4595
19310
15476
19310
21348
6300
6300
5142
15821
15821
5147
5147
7033
21348
10891
831
7850
10204
9150
5460
10204
9443
16736
9862
16764
18953
8680
17229
19003
21494
6510
21494
21494
12340
12056
15593
15593
17266
17266
1591
10609
20028
9567
11241
21984
13284
4674
3288
3288
13284
9509
9509
9509
13284
13847
5591
12530
17439
13684
1554
1554
1554
14304
14304
14304
18647
1495
13122
13122
9165
9881
8799
1851
9881
3837
11047
21000
21984
16865
15644
15644
16865
10551
21984
21065
20606
8607
1126
6084
8607
14933
4011
2728
11523
6462
12048
2326
20072
6791
3738
3361
6791
16741
15970
20072
15654
9716
9716
13263
14235
14235
2551
14235
3403
6383
1491
11978
17662
18088
12966
12966
3871
3871
16500
8347
14751
10490
2593
1701
2593
5263
5263
1301
6447
6447
14751
5753
7111
7111
5091
7111
10208
10208
11116
11116
6763
6763
2913
4034
2602
6763
12365
6817
13184
9882
93
15227
15227
16787
10276
19375
18114
17801
8581
8581
1584
1584
6036
11587
18318
811
7063
6378
2699
2699
2699
2699
5881
8102
11290
14396
14396
17319
1660
1051
1660
9654
10050
10841
17319
16056
13549
13549
13549
12742
13824
13824
20166
22148
14210
3617
13422
13422
13422
13422
13422
13422
2591
2591
14202
7457
14202
11819
2014
2014
2014
2014
11781
16236
4145
7798
7798
8863
2316
11222
13838
9112
13358
13358
19758
20905
7372
7372
7372
7372
8443
8326
7242
20632
11228
15247
6287
10334
10334
2488
75
394
10334
14599
12819
18065
4330
17142
21912
22148
20475
5069
5069
5069
992
5069
1030
12840
9118
12840
12885
12445
6785
888
888
12445
10032
10032
14033
14033
2487
1832
2169
2487
15397
10995
3877
15397
12565
15834
15834
15834
1344
15834
15543
18168
18168
18168
11422
11422
12730
15848
151
11715
16539
17129
18804
18742
6136
14353
4396
14353
11896
7652
12698
14353
5374
187
187
4372
6476
6476
12461
12461
11745
12798
3498
11953
19654
13543
1446
1446
13543
14682
5004
3287
5004
7940
15134
15134
3458
15134
10066
15356
15356
15817
5921
5921
3449
6065
10856
2858
2858
2858
21320
17221
13057
5927
10664
1494
17221
17868
17868
17262
16151
14667
18344
18344
10286
5737
16935
8162
9641
9641
10360
14012
2597
16935
18736
18736
18736
18792
19325
20701
20701
21453
15054
12537
7998
15054
15054
11383
15054
21453
21117
134
21453
4997
20084
11730
8596
20163
17725
20163
16076
16910
1661
17519
964
5972
20163
2188
20163
7091
5408
585
585
7396
9495
4129
197
11440
1863
5904
11440
11295
13083
14943
17978
4480
4480
12666
12947
12947
21631
16604
21631
21847
7613
7613
2108
22095
21605
3817
3817
3817
3817
3817
2207
9985
16327
5089
5089
5089
6724
2579
2579
6486
13666
16433
18334
6458
6458
14080
3299
20895
16779
12016
12016
12016
12016
4110
12016
2190
13261
13261
11569
2751
10485
5836
18570
9096
6671
9096
9096
9096
12592
13728
18362
16585
6701
18362
7212
18777
6560
6560
14509
17096
18777
21540
10381
15058
15058
11353
5910
4723
5910
5910
5910
9617
14754
2564
14754
2397
2397
9994
15602
342
11710
8436
8436
10457
11710
1957
8480
8480
15559
15858
13770
9585
9246
14583
5559
9913
16878
10800
8568
11945
6315
16878
2882
22139
7209
5299
5299
5299
5299
111
7209
17583
17043
6627
16787
17043
17043
8860
2621
17513
1254
7378
4873
17583
8536
8536
3438
37
13971
187
14314
5587
10995
7837
7837
1129
1129
6306
10436
10436
10995
12399
12399
12399
14603
7890
14997
481
13208
5836
18961
15692
10834
15268
14693
14693
15268
9563
1921
1921
9563
10810
10810
15268
15298
13509
13509
13509
5078
3516
3516
7884
7884
4535
13509
15609
15609
833
8930
16116
6950
18656
7086
16765
974
17320
17320
709
709
17320
843
843
843
11876
8860
9720
13900
2009
17320
10748
4245
4245
4245
5256
8282
10748
7004
1970
15095
11762
17714
19784
19784
12951
13084
11801
18299
5397
5397
19784
18880
18880
18880
12238
5563
19918
2161
9335
6611
4750
9335
20653
12867
17424
2112
2112
12986
4009
17412
17424
9793
17424
5220
20480
10699
16836
5010
12977
11422
5838
14370
17781
7175
6672
6672
5908
20653
16146
13472
16146
11627
7157
17596
17596
13326
10719
13326
13326
14992
3925
3925
20301
20301
2403
20301
2882
20301
14271
4320
20301
8297
10825
10825
14522
13517
10432
7664
14522
14522
14522
14522
10358
14522
16558
175
175
514
514
752
752
752
3986
15249
2861
3244
3244
11870
11643
3651
3651
3651
21054
8386
8386
8386
5129
973
5129
4138
4138
2027
6154
6154
2382
2382
10151
10151
5130
1552
10151
10151
15342
14050
10236
10236
10236
686
15029
15029
5316
4656
13760
21665
11624
11624
9084
9084
9084
11624
11513
17002
17002
17002
16986
16986
3736
18216
11320
11320
8424
2905
2905
2905
2905
2905
11726
15301
15301
15301
7990
11677
17490
5883
14457
16983
9142
13925
2582
13203
5049
16426
16426
19833
10163
19932
1406
19975
7339
20011
20114
19524
9034
9034
18402
20787
3941
3941
3941
6923
7577
17276
1628
18375
13015
13015
2416
19208
10083
10083
13443
17310
17310
20068
20787
8556
20787
6271
2231
2231
9270
18221
14514
15359
18221
13724
453
8584
13724
9908
16146
15539
15539
6489
19776
9510
1408
14587
19776
18365
1436
12319
20977
912
912
13255
20989
10878
17623
12215
12215
15217
5645
21176
21176
2873
3561
3561
10719
8523
8423
17530
6319
1413
9432
9432
9432
16418
13202
12888
16418
14538
1450
12629
12629
10150
15209
11044
14050
9478
13608
13608
10448
7293
7293
7902
19031
18318
9908
3727
2393
1308
19707
2419
20810
263
263
9944
16842
21176
12496
4459
1824
1824
1824
8429
8144
5354
2381
10672
10672
10672
10672
10158
10672
8487
17661
17661
20914
16055
2737
416
2737
11230
5838
5838
3709
3709
2369
13759
13759
741
13759
13865
11730
4989
10144
13431
15302
15302
16055
11676
8431
16055
10432
15076
9249
9249
9249
2143
13002
14894
19821
13047
13047
17106
19455
14892
14901
14901
10573
4320
14861
17556
10069
4936
17964
17964
14131
7830
17659
18678
20114
7350
7350
7350
7980
9773
5538
13099
12260
8395
3051
20114
11163
20114
20114
14025
20914
2989
8903
15712
9235
18296
5798
6104
21338
14830
7252
7252
7252
3256
19696
10552
10552
4165
7219
10192
19696
19696
584
584
584
9466
12426
15026
6165
15022
15022
11871
15022
1039
10904
10904
10913
10913
10913
6474
6474
6168
10913
1674
13298
4523
4523
13298
3818
2024
357
13298
14398
13138
2303
13659
1601
1414
12795
12795
10413
13107
14114
16186
16186
12995
10931
17835
17605
17605
16204
19162
21755
186
19937
19937
92
92
92
2485
2485
5715
7276
10516
16202
6030
10791
22074
19404
6833
17293
14833
17576
8077
5945
5945
5945
7787
7265
7787
2591
7787
11208
6710
6710
11231
11231
2406
12663
4766
4766
7753
86
7753
13204
13529
8767
12044
9273
9273
1842
19385
13100
2326
3490
13100
3434
18353
2828
2828
9465
20112
10512
20789
6966
7378
2861
2861
7482
14988
15764
8240
21335
15262
15262
16917
16917
18893
16839
19374
19374
2806
667
12357
12357
21010
21368
5425
5425
10844
1107
18204
21368
8046
7538
4255
4255
4255
1960
9694
3431
8537
5716
11911
11911
11911
11911
10764
14958
20192
20192
9510
5070
9518
5249
13104
13104
3831
2239
2239
9773
5524
21741
3968
3968
218
3968
3968
1360
13503
5600
8469
8469
7997
18770
18770
2395
1147
9785
7750
9508
9508
446
16407
1194
2649
21279
15329
15329
15329
552
5899
677
7846
2830
14244
568
16813
12123
12123
7303
12878
17885
15572
4538
17885
17885
12148
9319
21671
18754
2492
2492
16606
13089
13089
8351
7713
7713
7713
1965
20778
20778
20778
3149
3149
20778
5762
5762
10193
4508
9287
2676
795
18071
18013
5257
5257
17554
14388
3780
3780
3780
3780
3780
12802
12802
12973
12973
12973
12973
15973
4460
15036
542
2274
2274
13466
14604
7850
7850
7850
16247
10950
4878
10950
2876
5291
2636
2636
2379
2636
1010
16282
16282
16282
14554
16282
15374
16282
6958
16934
17786
1184
4991
4991
5207
7252
14067
9397
5598
9397
9397
9397
4608
9361
19071
5757
2969
18756
15459
18756
11269
987
987
3076
10181
662
662
18595
12899
11442
11442
5049
7899
7899
1056
1056
7899
9506
9818
14472
12423
2713
3140
3140
3140
9841
9914
11142
6614
15710
17906
17906
10889
13679
18824
2106
666
20137
3309
3309
3309
5027
602
12668
14095
14095
14095
14095
11851
11851
11851
11851
574
574
574
11851
11851
11851
12459
4495
11437
12658
12881
13961
13484
15975
15975
16030
15925
16030
18796
15259
18796
9727
9108
20528
1671
1671
1671
20638
20815
19824
12881
12881
5919
5053
1568
5053
5919
2548
2548
9533
132
16459
15229
7344
15229
1775
16459
16459
6802
6802
12342
4466
12342
5905
19824
979
979
16606
16606
19824
19824
19824
10236
10236
4346
4817
4817
3550
1485
4056
3097
9407
9407
8605
9407
9407
11946
17897
17897
17897
18657
12033
12033
12033
2081
18267
18267
3197
6043
16048
6942
6942
13546
16048
18726
14336
4221
19993
16550
16550
3368
3368
3368
17051
11406
11406
18292
12823
5869
21267
1664
1664
16230
3891
11026
21103
21103
3019
7426
13621
13621
13161
13552
21393
4778
2897
8044
8044
8044
10716
13717
21452
18512
1915
1915
18512
18512
21705
15072
3953
3953
11425
9273
11425
6895
7749
1342
2690
11425
15918
7071
16347
16347
18775
20503
20503
15023
19100
15534
15534
15534
11411
11411
5642
5642
8580
6832
6832
8580
14711
17701
8166
21228
21228
20441
8948
8948
8813
4284
2290
6230
7473
8948
10705
10705
14473
11811
2350
2350
11811
13083
7871
16166
9615
9615
7892
7892
9615
2215
15667
14954
14954
15667
2202
15667
13504
15667
7479
651
17035
21485
7268
7268
7268
5608
5608
3737
1026
6698
18545
18545
231
231
14866
222
222
3215
17032
21540
7274
5147
5147
4049
5235
19522
21562
17878
12805
17878
1866
999
7746
13712
18037
18111
16157
595
4956
4956
4956
21688
11575
11575
11575
11575
9263
9263
8481
4973
4
2486
8481
6320
3363
16247
13463
4214
8769
13643
16648
4114
136
3774
3774
6600
14623
5621
2517
2694
9375
1560
8549
8549
2769
10619
4499
10619
8777
307
16891
18660
837
837
16556
14434
18216
14740
6179
6574
1189
1189
13982
19145
7408
19145
20903
13252
7716
21532
7173
7173
6633
14938
7713
21688
20564
15398
266
15398
10381
16084
11350
1696
1696
11350
11350
16100
16100
746
746
746
298
14873
13100
10938
20224
20224
4291
20224
18023
20932
17096
8503
8503
8687
7808
15953
6741
6741
3774
3774
12445
10528
16981
16981
3804
7078
729
729
729
11468
15466
17143
17146
7328
5652
834
7328
17050
4828
12166
9919
4719
576
17146
3696
17146
2074
17444
2015
827
17444
2909
2909
11882
1762
1762
1051
18714
19275
19275
5913
18772
18772
5667
20339
11640
11640
11640
11640
12438
13360
18840
14759
20772
20772
18733
21960
2937
2937
2937
2937
20469
20469
7900
7900
11023
10372
1738
1738
20589
13260
13260
13260
13260
1435
19656
9273
14455
13552
13552
13552
13552
13552
3169
7328
10846
10846
8
8
8
3625
14568
9367
14568
3867
994
14568
18819
20537
15192
2374
2374
2374
18035
2834
8498
8498
3157
12143
2123
11432
8235
6144
18208
10261
18210
20880
10689
10689
11316
3288
5197
5197
5197
8691
4578
4578
508
6717
6717
12261
12261
14608
14608
4359
4359
4359
4845
4251
7331
6886
6435
6376
7331
12189
9664
12189
12620
8585
17057
4233
4233
8835
6828
2851
12025
7967
5762
1251
1251
5762
7967
8025
10652
13588
6296
13588
13072
12449
9000
9060
1391
9060
9060
9060
14101
14101
19094
19094
14476
21995
16396
16396
16396
10312
2432
15335
16396
17938
13716
3613
11621
10484
3249
13716
21674
21094
21674
9277
9277
9277
11026
12991
11218
4915
592
4736
4736
3794
4736
13911
13911
1956
1956
17974
1621
17974
20362
5902
4976
5902
5902
7223
15048
4264
13381
7929
9741
3287
3287
9741
8427
9741
5463
5463
17516
17516
9618
9421
9618
21281
21281
18396
21152
14085
20512
20512
1978
20512
17993
2817
11302
589
3056
13532
18153
114
13595
16171
16171
16171
3655
10709
3337
16464
16164
12991
15958
15958
203
19828
4870
4870
4870
10302
3303
3303
7540
1122
3894
5076
7540
966
11271
11271
16281
16281
16281
16281
17476
16582
16582
5468
14180
14180
9009
18326
19210
7541
14775
10661
729
729
6609
16747
6015
6015
16685
12911
12911
7482
12911
2760
1179
2760
2760
11129
13867
13867
2240
2240
2240
2240
5510
2878
7134
8477
1645
18158
8293
18609
8520
18609
1319
14803
14803
6498
7020
4994
1153
963
11424
11424
11424
9260
9550
4374
8227
8227
15134
15134
15134
15134
525
4515
4515
4515
4515
12209
11131
10173
12209
16119
8136
16119
14892
8665
9880
16119
13634
4141
4141
2356
10649
9031
7309
10649
13634
9986
3906
3906
4982
4982
17678
8151
12857
18168
6012
6012
9594
11878
20431
13789
14366
11848
3017
11848
15162
13905
5893
5893
4470
4018
6447
1223
6447
19606
14509
18375
7403
4683
18375
17941
21139
21139
5366
2839
2839
2839
5366
13043
14189
18105
21556
21638
7689
7689
4156
7689
17406
3289
8243
310
310
6854
8243
19051
19051
3512
984
13691
12793
2982
9468
2021
19051
839
19723
5165
18993
5747
13658
15083
16011
20665
8417
4559
18302
15064
5538
1900
11911
501
6352
6352
4959
2828
2828
8175
9569
9569
10566
11425
4848
9635
9635
9635
8500
9635
9635
19228
17049
11450
7931
704
7931
7931
9309
9921
4866
2284
1246
11450
9959
3799
3799
5004
11314
11314
19209
7751
7751
5104
19797
18227
13956
13956
1987
3693
12858
11920
14709
14722
19797
15407
14339
15407
10685
12768
19797
7167
7167
19797
19524
8613
11465
11465
11573
19797
20042
13393
13223
20042
20042
898
12185
9573
6328
9573
9573
9573
12185
3383
12185
20908
4429
4429
14138
1828
21648
4548
4548
12124
21502
8833
21502
21502
21502
16473
21502
12218
5205
21502
3312
21502
21502
280
11621
14542
3931
14542
575
1721
12583
21648
4283
4283
17963
8448
11627
2259
2259
54
2259
5196
889
6125
16844
13112
8930
13112
1579
13951
12238
361
13951
21965
10040
3421
1642
3421
13276
13276
11429
11429
11429
17597
7371
18771
19330
2668
757
12769
18644
14737
6105
15331
22073
2251
2251
2251
13021
5498
13558
13194
13194
10105
18992
10155
12967
22
14018
21927
3128
3128
3128
14100
16493
15981
7144
16187
12461
8264
3978
16187
16029
4476
4476
4527
4527
3898
3898
12499
12499
13726
10310
9345
13726
16584
1447
4329
4329
2904
2904
13582
13582
9855
9855
245
11110
1009
1009
1009
12303
12303
7774
4419
4360
4419
7774
15534
3130
6768
2196
4336
10084
9877
9877
2274
2274
2774
7718
7718
4315
13116
18500
19770
12780
2855
12743
8541
1708
1708
1708
1708
8541
5882
12543
12543
11632
1394
10607
12543
11632
19146
13647
19146
1526
1526
17743
9275
2490
2490
18803
19146
19393
11656
11656
18288
10160
10160
2350
3878
10160
9132
1399
15913
19393
17403
19393
13937
5561
7283
20679
6528
6528
9401
9401
9401
11515
19723
19723
883
11652
11926
11926
16925
16758
16737
4807
8455
16737
8712
11381
2856
2856
8593
10764
14312
14312
2925
14340
4843
4843
3728
4843
13301
10865
10865
1080
14801
8527
4939
8527
12513
12513
14801
16900
11591
8290
19818
5717
13622
5905
5905
5905
7261
7261
7261
1258
7261
4931
4931
4931
7811
14911
14911
10901
8889
864
14911
16200
2474
2474
13687
13687
10448
18698
16129
20180
6514
3674
4469
17856
15619
20180
9927
9942
707
9942
17391
22112
8360
8360
8360
8360
8360
7531
18565
7134
7134
7134
14691
14691
14691
3195
11951
10473
18213
18213
10821
19246
17085
10987
10987
1710
10987
11751
12016
1858
12016
12651
9583
7185
9316
9583
9583
3918
9583
8467
8467
17068
17068
14454
7317
3156
17068
5584
962
962
9261
7218
7218
7218
7218
7218
3471
7819
7819
4855
7720
8744
9076
8104
13716
14325
14478
19702
19702
19702
18762
13542
19004
19144
5050
19909
8442
8442
15706
13944
15706
16492
16681
15707
17392
14703
14703
944
12347
2591
9986
2715
2715
2299
2299
2299
2299
2299
2299
2299
3910
3910
6018
11167
11167
4401
4401
4401
6942
7919
11534
15275
15275
20252
15515
1044
1044
14437
14437
11348
17983
13512
7413
4867
12809
5913
17983
18822
5230
3566
3896
3896
3896
20390
20390
20390
4769
11605
11605
15084
15282
10999
9674
8394
21547
21547
13844
13844
2272
1116
1116
2272
6841
6841
12034
10499
7813
323
323
12675
18624
304
304
16919
19052
11879
11879
19052
14605
609
609
609
1754
6140
11931
5646
10364
9272
4051
4051
13332
16819
9541
16819
18454
18454
1651
1651
6699
7835
14923
11607
3207
2603
2603
3207
3319
15759
15100
15759
17848
17848
9595
4480
9595
16439
16439
21908
5823
5823
7324
7324
7324
19542
19542
18058
19542
20561
1734
20561
19456
6087
14002
165
7978
5708
5500
5500
5500
5708
21321
19137
15634
18175
15770
21465
20031
14917
14917
20031
17709
17709
7502
5900
5900
2209
4257
10797
19920
19388
16800
87
87
10635
4876
4876
1155
10828
16800
17383
9218
221
9040
9040
5244
9713
9713
7940
12694
1043
17592
17592
6112
19742
3101
3101
12517
14439
7222
21908
17830
14060
9580
14060
14060
5975
12662
192
10355
10355
2900
1315
1315
1315
4101
4101
8603
2310
5462
9756
21632
15019
9563
13674
13674
11421
13674
15019
15019
870
870
15019
5205
5205
3828
5205
11627
15019
6614
22097
16190
5816
5816
16499
3597
3597
3597
3597
2670
2670
1492
12525
19659
17905
4823
1587
19659
2517
11
11
11
11
6668
11114
463
463
463
1982
4052
9507
8815
9709
14181
14181
21828
11097
11097
5077
5077
13395
13395
13395
13395
7297
4175
5861
4021
4021
12190
11448
12190
5827
12253
1216
19316
11642
11642
10777
10777
10777
11046
3982
11046
12971
11701
3379
693
693
2331
2677
3379
10846
13201
2284
2284
7945
15692
18236
13863
14792
1938
12723
12285
12285
12285
16249
4226
16401
8557
10027
19316
10543
7916
7013
10059
20167
18726
20307
15306
18799
10471
475
15728
5577
15728
15728
17267
15056
14080
11466
5978
8934
8934
8934
4802
4802
4802
15464
884
884
12240
9227
12240
2292
16174
12796
14971
13253
13253
1964
20207
3650
3650
6588
6588
6588
6588
13581
13581
2209
20880
21681
19598
17082
8286
8286
3179
3179
19598
13304
13304
10061
5431
9088
8770
6958
5945
7505
7505
4056
7505
7505
10762
369
369
1025
11683
13721
13721
13721
3453
13721
9440
3420
11850
1263
1263
1263
1263
1263
4154
4832
3586
739
10627
3811
6594
14946
12672
14946
14946
15994
18607
18615
15794
230
130
9604
9604
9538
6930
12699
11894
225
225
6438
6438
6438
6438
9522
14845
2786
17291
19241
6126
19241
8268
4532
8268
6749
4139
4139
10230
916
14654
9126
10331
284
284
284
10081
10081
17905
4940
15677
20016
15893
2343
20693
21060
3831
3831
2071
21572
21572
13297
13297
19291
13607
13607
2919
20107
20107
20107
16116
15951
12445
874
16800
4142
4142
16800
3830
15296
15230
3256
3256
3256
7466
19991
20932
20932
21714
10208
1036
1036
7154
7407
3790
3790
9193
7784
4514
7784
14044
2574
16460
18478
2344
18478
14825
4556
4556
4556
4556
9585
8715
14666
14666
22085
12909
12909
6032
18593
525
525
525
525
14553
2846
2846
14553
7156
2788
7156
10841
17787
6600
6600
6600
8043
8485
8870
17787
1861
1861
22085
5667
5667
5667
4500
5408
6187
2569
478
478
7425
7425
7827
8000
8000
8000
10127
2413
2413
2413
7739
10372
9329
11090
12192
3660
12199
5189
12199
14252
3608
15290
8696
2400
8696
6206
8613
15812
11095
11095
8864
8864
7572
8864
7221
7221
2708
3085
14123
16137
18829
2774
1097
19983
22100
9690
9690
8606
9690
612
612
612
9690
9690
12834
10360
17532
17532
19334
17960
19165
16240
6599
7078
21230
14325
21237
5146
17269
1772
1181
134
134
1568
1480
7826
330
7826
17554
4364
2564
13082
13082
11265
2456
5913
1127
21237
21247
18058
18058
299
4795
18058
8416
8416
6814
8302
3770
3770
181
181
419
419
3770
4337
4337
4929
4909
4929
7398
8302
9059
15186
9189
3831
3831
3831
9189
15186
13935
15186
4000
16217
1759
9831
15490
13303
7938
1934
5276
16217
16770
16918
953
16918
17634
17323
6789
12125
185
185
2747
14329
320
16547
17919
6820
6820
17062
19664
8305
4325
5650
21539
21539
565
565
17566
463
463
19058
22121
11578
11578
2180
2180
2180
2180
14977
5673
4577
4577
4577
4577
12124
10371
19718
19718
9345
1940
7334
3826
3205
3205
14880
17185
19718
18201
2375
3232
3232
7361
695
19855
12217
5859
12217
12161
18856
1432
2094
15911
9543
587
19779
20596
16890
11636
16890
12371
12371
10816
11347
12371
12371
12371
16608
16608
16608
3862
2806
2645
2806
3971
10692
16890
16266
17231
148
21748
21748
16298
16298
2223
2196
2196
2196
2223
3912
3912
6214
9372
9372
7814
1803
9372
12211
12211
21515
20637
17163
4257
17163
13142
2231
2231
2231
4203
4952
14946
9950
14946
202
14946
20339
20339
17195
2498
2498
2498
2498
11735
11735
13812
14273
13751
14273
18562
19051
18146
19070
19070
3847
3847
3847
3847
5213
2991
7950
20361
7967
7967
14022
1850
20293
16313
17203
3742
20361
966
966
966
5261
17765
4171
20974
4519
17012
3626
20974
9186
9186
9186
5602
5602
13777
14701
16245
16755
13035
2706
16264
9044
6701
9044
8073
21740
11625
8616
11625
9116
14222
17013
18369
12181
6273
6273
5920
5920
5920
5920
5920
5920
8780
8780
6717
6717
6717
14108
14108
14445
15701
1347
15866
8623
6174
5036
15866
12607
15679
2973
2984
15679
3750
15679
16938
9843
19056
4898
3956
4898
4898
13454
13430
2772
8745
7195
15189
4735
14392
1774
1774
6467
6529
12392
14392
14392
11784
1823
13941
3910
4576
171
5548
15189
18525
69
69
13071
13071
1193
14654
6205
6205
14654
20000
15547
6548
6548
6548
9414
9661
15765
20988
7612
20988
15626
2566
5596
9573
9573
7154
7154
16689
2561
18561
16539
16974
10211
15649
11281
5378
5378
3080
5378
5378
2921
2921
2921
2921
2921
8136
8136
5516
2296
2296
2296
11367
3369
3369
3369
3429
5360
9550
15262
17045
17045
6504
16165
1340
14548
14548
17523
17523
6325
393
393
9718
2242
2242
2242
9718
1861
11435
8942
15464
4265
4181
26
26
17859
7837
19391
2940
2940
1027
7599
16489
14324
8529
2590
9046
9040
14725
6515
2604
2604
12723
12608
12608
12723
12723
5580
12091
2740
14725
15273
10632
4433
10632
15155
10492
6968
3414
18250
5073
2212
5073
5001
10250
2950
7195
3518
11837
3687
3687
3687
6292
1173
10367
10282
11837
11837
11837
1453
14712
19408
3621
3120
3120
3120
10611
10611
10611
10611
6419
10235
6888
10235
13306
15190
16366
6188
16366
8795
18670
4380
17374
8349
18670
9208
19372
19065
19065
17388
4435
3919
6367
6367
6367
1063
8026
8026
4579
2483
514
4579
8026
8026
4630
4630
8026
8026
8026
8026
12524
12524
15117
15117
15117
15117
7514
17213
17213
13120
7575
7240
17213
18845
18845
16638
2208
12749
1357
3769
9341
4753
7829
7829
13776
21158
7907
7907
3772
3772
3818
13242
13242
6747
16353
16353
4589
20793
13130
13130
13130
15146
12143
16093
2122
19552
9832
20123
20123
10875
10875
9018
6
9018
88
9018
12309
13449
8456
18669
5704
5704
5704
13253
14958
13121
21331
21349
6070
6070
6070
6070
8497
8497
5175
5175
3875
11499
4670
6240
3591
6208
6240
16471
12922
5062
16471
1859
17889
5934
12147
17863
12209
12209
12209
18469
15454
4497
20575
1291
1291
1291
4366
6192
6302
7092
10816
18863
3985
10963
10963
1006
11351
15125
11506
12877
15125
4532
7722
1383
9272
6310
9272
9326
5490
5490
7121
7121
7121
1490
7121
3155
3155
14790
13464
4279
2249
10149
20575
11785
11785
8836
11785
11957
1223
11957
16620
1388
18655
8506
918
8810
2219
2219
7252
2345
2345
2345
159
11016
12164
12164
14280
1915
18029
16318
16798
13555
7230
18029
5028
9560
9560
14047
14047
6838
14047
19463
12458
20101
10726
5826
5826
69
5826
9325
15888
9123
9123
21349
13321
13321
8667
8974
8974
13321
10802
6902
14474
17408
17819
1294
18122
12301
4874
10373
10373
10373
4087
5729
5729
7779
602
7779
20050
17643
15297
12949
11546
11573
11573
11573
3580
13992
18780
16092
18780
15915
18780
18780
16521
10410
12877
7070
13694
14629
16521
14385
16154
18410
4583
19912
1217
1217
6980
15054
679
9995
3536
3536
3536
3569
9995
16942
5745
16942
4403
6358
18385
3486
3486
3486
4952
8172
1975
1975
1975
1975
1975
11688
2520
13174
17977
5492
5492
5492
5492
16226
16226
13171
16226
16226
18159
18159
18248
1757
1757
20288
12899
40
40
2378
20330
7755
7755
9978
680
2415
2415
12559
12559
12793
12281
12956
3237
13529
6357
8746
13908
11383
11383
1284
1284
5450
4754
5450
2499
3497
3497
14794
14794
13852
11842
18792
15256
7694
15256
5881
8385
7379
21006
7398
9567
21006
11454
15222
5417
5417
5417
19956
19956
9986
15204
15204
4990
17293
14649
4913
4913
14649
21400
17710
21400
9404
5077
5241
5241
6896
6814
18197
16619
6303
3472
7420
7420
13870
13870
755
19134
12965
12965
12965
18439
17584
13920
6715
10768
10768
16027
4701
6897
4748
6754
11949
3835
895
11949
16672
1349
10744
10744
9313
10744
10744
10744
2029
21423
21862
20149
20149
20149
11123
8856
20149
5888
2368
5888
2412
5888
2373
17120
17120
20031
2145
16451
7845
21912
14329
14329
10444
10444
3512
3512
3512
6151
3653
11192
10256
10634
4522
10634
10536
10634
11192
11192
5942
1772
821
821
5698
620
2450
2450
14577
7293
973
8965
3033
8965
15573
15573
17843
18569
391
18569
18569
18569
18569
12797
12174
12174
1680
1680
8475
16119
4486
19046
13634
7365
8289
20014
20014
20014
13203
21917
69
69
69
69
2535
2535
16531
6543
19081
18184
19081
10957
9162
7747
6523
18676
18676
15635
9303
9303
9303
1901
1901
12759
12759
10107
1125
1125
4373
1646
8923
12447
8874
14087
10903
15437
18985
18985
3402
3402
15639
18985
18986
19493
19493
14531
11268
2310
20467
15062
11781
13295
13177
19311
4128
1857
11761
10522
14487
7017
8731
17349
8267
14881
21471
3726
1473
9088
9088
3309
9088
13585
11607
15488
12984
15488
15488
18932
17603
6972
4187
18932
13939
18932
19629
407
9863
13048
19906
17914
4202
17915
17915
10944
10944
4297
4297
15730
15730
15730
15730
20628
21873
19945
12962
12962
12962
4650
3518
9083
9083
9159
9159
1805
20293
21494
3734
3734
3734
3734
8127
14326
14599
14599
3350
3350
15049
16476
13742
13742
13742
642
642
11640
8517
12138
7233
9036
12138
13476
20500
20410
14923
1575
12299
20410
12924
20448
20448
10316
9117
6275
3736
3736
3736
3736
6275
7171
11277
3579
11531
12330
10952
10952
659
659
659
8792
513
513
15046
15046
7725
17637
16521
16521
11582
18781
14279
6268
18781
19157
11884
11961
915
20605
6170
21192
14240
11980
5005
14240
4971
3174
14240
10261
10413
2426
10324
11271
17968
4686
18445
21711
17475
17475
17475
17475
16510
16510
1861
1861
659
659
5653
5653
6849
8769
9554
12357
98
12357
13240
15333
3201
18717
16233
13928
7503
1989
1989
1989
1989
1989
3628
3964
1716
1461
6843
6988
7503
8504
12354
1975
12535
14494
15920
9858
1278
10213
727
727
9601
16789
1406
1406
19619
1548
3698
3698
2860
2860
21353
21453
11833
17746
17746
17540
16286
16286
17746
10147
10147
10147
10147
9122
15109
5416
17746
2185
2185
2185
500
6294
536
6169
3229
14546
14546
18492
18492
13691
13115
7717
6415
6415
6415
16985
1647
1647
16400
14493
16400
11857
6384
6384
17479
17704
15108
4800
7956
17231
17704
17704
11323
1621
11883
11883
16033
5600
3358
3164
7892
7537
7537
7537
6783
7842
12542
4072
12087
8694
5434
12087
12087
12087
20549
8808
6904
8819
8819
12694
15803
10192
13447
10314
13447
11532
3401
1812
1812
11669
2423
2423
2423
4383
12891
20390
2805
2805
7140
19509
904
11657
14349
16658
19482
19509
8503
17324
7133
16351
3195
20832
19733
18693
20832
20832
11057
13556
7869
21178
8924
8924
1642
20536
12081
254
254
4578
8891
21178
12376
8914
8914
8914
22120
22120
10859
4558
4558
4558
4558
4558
7763
9556
1055
10859
7675
7675
15393
9830
10432
10297
10297
16284
10173
16284
7684
19342
13506
13506
13741
6574
19342
8066
2979
20369
20369
15242
6029
7381
17528
7957
21730
11009
11009
11009
10629
11009
17686
6884
6884
5330
5330
9434
9434
9434
9716
5958
4160
5958
5958
5958
5958
3036
5958
5958
842
11932
13020
19895
5438
2181
5438
5438
5438
5438
12293
18029
19895
5826
18027
19895
20322
15979
14911
9266
11882
11882
596
10745
10745
10745
3538
3538
3538
14208
14208
7992
7992
7992
7992
14208
2115
1515
14889
14476
14856
16738
499
499
499
499
3938
13121
13121
10708
1000
1000
11087
5071
5071
10626
9087
4360
9542
9542
9542
892
892
157
892
3728
3986
2328
7205
3451
3451
4145
8392
2840
1978
10968
8716
13535
2887
871
2887
2887
3468
3468
3468
13535
9202
17355
18649
18649
13365
7425
3189
18649
18649
19957
568
568
568
12816
8380
5906
15148
15421
16588
15385
17241
19717
9449
19717
7563
19957
3355
17048
664
13586
13586
10981
6188
20435
9850
9850
9850
9850
14718
6866
14718
1008
20584
17406
3645
20584
6815
6815
18243
20699
20699
21306
5807
1822
5807
5807
9593
8603
9593
10944
2409
1700
11042
11042
11042
11042
16486
12069
13937
12591
13076
6204
8140
8140
8140
13426
9105
8390
19277
19277
8980
19277
485
18723
18723
7166
6095
7166
1320
12845
2710
2710
2710
2956
15213
10953
17012
9544
9544
7221
17012
9986
10927
2723
481
18095
15646
15651
21062
11653
18122
16097
13386
13386
12237
8716
11381
2361
1141
11515
11515
16388
16388
12420
12420
5882
5882
5882
14013
14013
13321
14013
7930
15378
11055
6586
17475
21828
21875
21875
21875
16422
2922
2922
2922
12567
11152
11624
15138
8098
4625
15138
18638
4617
21970
14721
17144
17144
4418
4418
2972
2972
2972
5713
13995
15665
2788
2788
17749
15772
8609
3232
7234
1744
1744
1744
8609
6533
8609
8609
11975
15359
15255
15765
5644
7792
7792
18685
20357
17070
4016
1340
1340
15887
12255
4128
20357
5458
20357
13681
20357
13619
2780
2780
5693
7628
21093
17033
18685
416
21093
21093
14533
16478
21093
5633
14348
6944
387
21161
7361
7361
7361
7361
7361
11692
16467
21075
16930
4001
21075
12861
21438
21438
16627
16627
6988
16627
21411
17504
15743
21411
5253
18493
988
9594
9594
9594
12087
12087
9428
16307
18791
18791
8641
8641
12685
9040
5680
12685
15879
6585
6585
17177
9315
17177
15148
20713
16358
12516
20714
20714
20714
7479
5818
10557
12004
6013
20676
20038
644
20676
8213
4328
14909
18909
18909
8717
7251
18909
16387
11198
18931
12676
9652
21915
10149
9555
8963
8963
5582
9555
6331
2788
17862
15451
1547
1547
2400
6175
6442
3631
1579
6442
6442
16619
13310
11832
15679
2315
16619
15815
2296
6024
17862
17862
8529
10939
8897
15145
17862
21476
13776
6721
10556
10556
4269
6669
5021
5021
5021
5021
5021
2384
2384
8755
3339
3339
1451
1451
1659
3339
10537
3355
12042
9391
9969
10218
12042
1911
10403
791
8907
13804
5842
3414
13915
13915
18869
14081
1470
841
19513
20088
9306
14377
18836
17815
17141
14374
14374
11549
6966
9727
5113
14734
5294
14734
6029
2144
17141
4427
18096
21054
21054
14654
14654
19056
16817
14812
14812
12204
2913
2913
11374
6256
6256
5222
9688
583
9688
10716
17848
17848
15096
15096
15214
15907
17848
3301
17848
18724
5150
5150
7392
16224
7826
603
603
18888
14767
18888
5110
5251
18888
17394
20524
5569
5569
5569
3734
5569
7377
1675
2446
18394
11595
11595
7981
501
501
2143
11595
9375
9375
11595
12823
13788
573
8734
2333
2333
17883
17883
3768
3768
5492
5492
1139
1139
1139
7575
7575
8975
18121
12951
12951
18856
3207
3207
6747
6747
2632
17457
8314
9493
15955
10625
16852
13960
11510
18856
18012
18856
18856
11083
4844
18118
15240
7375
18118
17891
17225
18118
18259
18259
20434
8902
20074
9246
9246
5926
14786
14786
14637
19734
21128
14356
14356
14356
14356
18149
5419
18149
3461
13380
10377
18149
18149
21128
14760
21128
10084
11539
16931
9378
9378
9378
9602
9602
15006
16347
16626
605
18429
2915
1346
17324
18429
14826
13327
14087
14087
19319
3416
11542
11542
10287
10287
10287
532
532
10287
10287
9217
9217
1646
1646
6129
12370
17735
4590
4590
4590
2328
10058
11097
10843
1949
12399
12399
49
17546
18060
2466
1272
1272
1272
18556
4440
4440
2014
2014
378
7261
5292
1085
996
5263
5292
7261
1233
1233
6901
3357
3357
3357
2322
2322
12769
14271
16950
18997
14108
11543
11543
11543
6400
11543
11543
12358
12358
11955
12358
16921
15044
3915
4359
15044
14340
13834
19450
1097
19450
7475
7734
19807
10230
2727
12060
19807
7197
7197
7197
3812
11736
352
149
1760
13084
451
21411
13860
13860
171
3229
5240
14937
8466
13221
13221
17640
9374
7163
2023
14317
14317
1496
5747
10101
636
636
6186
18472
2195
10186
18472
20106
1761
1761
1761
1761
8449
541
12958
13455
15775
2449
2449
23
9207
7635
226
226
7635
19973
15399
12561
12561
9044
9044
17102
16668
16668
20272
14520
5833
16630
3802
16181
6742
6073
20272
3933
15951
20272
1760
7328
4232
4282
6706
4845
4906
13901
2609
8482
2898
20543
6967
6967
6967
14099
14099
14099
8968
14099
4054
3952
4352
14099
15481
11457
15481
19150
20351
17219
17219
923
6903
6903
2520
11672
2035
11528
3012
9723
11528
11528
3779
3779
6836
21134
2793
21674
13497
13497
7308
21340
10092
10092
393
10092
10092
5570
7549
10092
3160
19042
20049
5000
5000
3046
3046
3046
14656
2913
2913
14656
6875
14656
9765
16596
3574
21066
9709
4826
9709
2282
14307
9483
21066
2122
21066
20722
17993
2598
10472
10472
18530
18842
16411
15375
7980
12543
17724
19676
16470
21282
6927
3066
3066
21545
13438
9575
10544
7599
16772
12359
16772
14286
17919
11400
17919
14724
10132
9924
5705
12320
12005
7347
12005
22137
6174
6174
6174
16292
13490
7070
7070
13490
14769
9924
13107
16397
6745
6745
21310
9447
9447
2666
9447
9447
9447
9447
9447
12383
11514
17097
9463
19438
19438
15619
19438
19454
6252
2007
1032
6252
17512
17512
17512
17512
13110
18378
8503
4273
4273
4384
4384
4384
19707
4451
4451
17379
17379
13735
13735
6573
1173
20261
17095
17095
17095
14829
17095
11319
7974
8616
8616
9043
11609
11609
1594
1594
1594
21407
21407
8071
8071
20373
3547
17842
20058
20373
4278
3102
17538
11366
11366
12217
11472
12217
12249
6894
1070
7800
21563
2715
1298
1298
2715
8341
2788
2788
11294
7200
7200
10012
10012
10012
2758
2758
10012
2208
7322
7322
7322
7322
6135
6135
6135
3671
7322
7322
7322
8209
6997
6526
8209
6136
4844
1665
1665
3424
1952
10012
4099
6479
8522
1879
1803
10835
9951
3663
11625
2773
2773
11625
11625
3663
13475
12234
12234
13393
12545
13475
13475
13685
14013
1975
13671
6882
16815
13010
16815
14994
14994
1738
12522
18071
13474
13474
15855
17220
14022
17220
11555
12172
17444
10939
10504
6224
10504
10504
5528
10504
5490
5137
10504
6991
3266
10939
7711
13796
13796
13906
14596
14596
1404
15247
895
15247
3488
3488
3488
3488
3488
7671
7671
10999
10999
5220
5220
2987
405
12608
15188
15247
15246
15246
15247
11146
11146
14856
14856
16590
9591
5403
1117
15698
16590
4341
12942
19225
2625
2625
3570
4237
6864
12344
1825
3256
3256
9792
17785
8478
5787
19913
19913
20684
20684
20684
6185
13260
13260
16538
14064
1974
243
20767
8386
6090
8847
8847
18658
18658
5370
16902
4538
20968
9960
9960
13525
12382
2986
12382
12382
8892
6144
12382
4264
20968
11235
11235
2022
2022
2022
3572
6299
4645
8952
18771
5566
8452
4764
15067
15067
20982
1674
4127
13702
7906
9432
20667
20622
1015
1015
1015
14321
12231
6907
14291
6047
20514
20514
134
5942
6904
10
2362
2362
843
9963
12635
6559
2249
6559
6559
7639
1366
2147
2147
2147
9900
2251
2251
14684
14684
11578
16002
16002
5252
17343
18382
14844
9351
3883
6244
13355
3576
11871
19468
19328
14550
1760
12726
14267
10978
15460
16441
12938
6819
6819
9322
9322
9322
9322
1072
6763
12616
12616
21508
22061
4573
522
522
522
522
522
4573
4573
6548
5071
7307
7307
7307
7307
9149
9149
9149
9149
12382
636
1786
20383
19265
18172
10361
6996
11528
11528
11528
18973
18973
7959
7320
3211
906
16648
1677
13469
2142
4789
2427
8034
5988
15024
6010
10325
15024
16178
5301
5301
9377
17398
13395
7605
17840
10393
10058
7602
5498
10393
10393
6531
8288
1633
8288
1176
1176
1176
1176
9943
12551
6191
9943
12551
7093
7093
3793
501
501
501
501
501
180
180
180
11579
11579
11579
11579
14858
17376
12378
7492
14586
14586
5744
5744
17681
17681
17717
17781
14737
12985
18336
18380
249
249
3265
4681
861
2039
2039
2039
2039
2039
5263
2057
5263
5263
7302
9534
9741
11222
12530
12885
12885
3441
13566
18121
5342
8642
8642
8642
8642
18156
247
15268
800
15268
9690
5639
4464
5761
13548
4923
15268
740
18156
9395
9395
2933
3861
9395
12071
10316
7023
4558
13547
16109
16706
3733
8098
8098
8098
620
20719
4138
4138
4138
1189
1189
1189
1189
7249
9395
7317
7317
13734
13734
15590
11780
11780
1870
1590
12044
2739
9950
9950
9950
9950
5613
834
9950
20719
9543
9543
9543
12153
14102
14102
1399
14102
930
251
251
20719
11619
4286
4286
1400
4286
4286
10793
10838
10838
3759
12123
9706
9706
15392
16668
16922
16922
16922
18812
15545
4093
12395
10946
10946
19431
18304
15786
10598
10598
5434
3572
359
10598
2265
6666
10598
12584
15786
18304
18304
16130
16130
16130
14794
276
276
7135
16781
16781
2747
16781
18675
18528
4186
14417
20365
4252
20365
9005
9005
9005
9005
9005
740
9005
7769
20365
5088
10338
5230
5230
5230
10338
10338
13494
2654
13494
13342
13494
15889
16566
5052
2242
6146
18518
20365
20662
3017
1751
3017
12030
228
11425
12030
12030
16839
13236
18933
16858
12234
820
20662
20662
2734
17113
11706
2586
17359
7501
17359
974
16305
15506
7266
7266
7266
9194
9194
9194
9194
5024
14029
12037
13188
18819
915
12424
13113
3871
3871
10284
18442
13541
13541
9556
9556
13541
12613
12613
9031
937
9031
11862
15589
266
21845
14533
8664
8664
8664
16946
17328
9319
9319
16176
9973
9973
9973
3852
11923
38
20597
20597
20597
10971
10971
10971
4370
10971
12383
12383
12383
3788
13082
15413
435
1944
4135
7474
17320
14221
9761
7034
7034
9712
9761
3462
6547
16025
9487
18154
8435
8435
18154
7603
7603
7603
8306
20550
2702
2702
2702
9792
6683
3833
6200
6683
2860
5602
10763
10763
12858
12858
18341
6360
16368
16368
16368
16368
1791
1791
1463
1463
1463
1791
1791
13627
13627
17808
3043
11703
11703
17808
19428
342
1357
1357
7987
6229
3113
7987
13574
15420
6242
16989
19917
17299
7316
21009
12916
12916
11205
10197
10197
10197
3116
12152
12152
6365
6365
2722
6365
6561
6561
6561
12152
1063
13795
19564
4509
8357
11109
9567
16720
19564
3541
3541
1757
15312
19767
16218
16218
7637
7988
16218
17437
17437
18042
18042
4542
4542
4542
4542
5442
8055
18505
9814
18505
15699
680
15699
17986
17986
20548
11159
6833
3042
11159
5535
11759
20361
4277
7437
5694
7437
2399
19310
21313
4759
4759
8986
16314
21337
9707
6168
6168
4087
6168
7759
7759
2570
21218
4794
4966
10826
10826
4040
4040
9144
18524
18524
19960
3742
3742
10229
10229
14033
15729
9528
10119
14619
10338
15058
12960
4577
4577
12960
12960
11813
8945
16132
7367
7367
7367
16132
3811
15361
16132
17639
7394
14859
14859
17215
8265
3316
8265
11264
4346
4346
4346
3602
2547
9566
21365
16040
11189
11189
4521
4521
4521
2125
11189
11189
13191
4139
3873
13824
16040
12196
14765
11135
608
6574
16040
11726
13188
1570
1570
11492
8127
16192
16192
16192
12648
16192
11916
16192
16192
17059
10142
101
7566
18822
12212
18822
10142
6848
18942
19881
19881
9117
710
710
710
19697
19697
12752
19697
5472
19565
19697
13978
13978
12950
9871
9871
9710
12950
13978
2411
2411
11749
12691
16529
4500
16529
16908
16908
16908
9625
3414
8421
4177
8786
18954
3825
1296
945
3825
3949
4735
2456
12802
16106
17139
18954
2616
2616
7092
2165
7092
10062
20281
9649
18081
2485
2023
8299
3520
4730
4730
2348
4730
10109
2688
2688
3617
9705
20173
15572
4561
20173
21458
8960
5831
4699
21458
12771
21112
18390
4330
4268
22071
17925
729
729
729
9694
386
386
386
6318
6379
14556
4013
4165
10050
3202
16836
9483
1946
1946
1451
1451
9020
10904
4190
19738
10869
11075
10594
1112
16843
16843
16574
12710
9567
15344
687
687
687
9193
18061
16470
16470
12365
12365
7131
12144
21216
15855
14441
5131
11903
13658
13658
12771
4277
4277
2837
2837
2837
4277
4480
10535
10877
4990
12771
9084
13658
14566
9552
14566
14566
9086
4194
9086
7871
1551
1551
6558
15912
15912
15912
3439
3439
1178
1178
1008
1178
6852
6852
11424
4220
10774
9977
17189
17189
3562
3562
17189
17279
12611
8323
10543
16523
7424
17279
18059
2456
2456
2198
2198
9748
1228
1303
13249
15046
1374
4952
3738
4952
17449
16466
14352
11775
18983
11871
10752
11871
14504
8178
17878
6848
6848
17810
6256
19098
4781
19098
7473
4734
3476
3476
1832
1832
9150
13438
13438
4555
7505
7505
19078
10783
11394
16357
5350
13897
19497
10033
19343
20108
6244
6244
3576
3576
3576
6244
6244
3987
10361
11686
14825
17699
15191
17847
19121
4177
15160
8538
1477
3701
3701
9142
9142
20398
20259
8891
9115
9115
5765
14570
20127
10884
298
17048
15980
17048
4776
4920
9755
5036
16724
20726
18787
20726
14904
1121
1121
1121
10528
10528
186
10833
284
11082
5986
12406
18799
16997
12604
5558
2837
5558
7208
7902
7902
16997
14103
16512
16997
10341
14822
4961
2693
11222
18719
18300
12107
18300
18300
15099
15099
15099
12424
2010
2010
12190
10588
12190
3525
14316
1146
14316
2228
13761
7513
16072
17587
19548
1464
1464
530
19385
1298
1298
508
2127
8176
8176
8176
14655
1843
3915
2622
3915
11918
6023
14084
11165
6087
11165
20871
20307
20307
1969
14901
14901
20871
8594
4836
4836
4836
4836
7484
7484
20357
9721
9721
11523
11523
12682
15489
20529
14002
3406
17432
17382
8350
17382
9712
9712
10729
18779
14398
18779
18779
18779
2824
11541
8485
2093
8485
9847
1860
5169
4974
4562
5169
6832
9757
9126
19
6458
15462
9867
5712
1708
192
1708
10701
3686
14024
3895
17772
19811
20411
10352
3876
3876
3876
6465
75
4421
695
6465
3435
8028
2455
2455
3750
10210
12241
12241
3694
1086
3694
13606
7949
7949
7949
9571
10057
15478
13869
7731
6423
13585
8668
4308
6539
6539
3541
3541
21900
22088
19585
13613
335
335
335
15825
8980
8980
8435
8435
8435
2835
8435
7072
8435
7567
8980
13073
3859
6515
6515
14723
15825
15825
4212
720
720
6926
11891
7514
11891
10040
5690
6139
6139
82
14866
4038
4038
16208
3285
2615
3285
7394
5797
16992
16992
822
16319
4315
21451
21451
10870
18849
17336
617
5413
290
3766
5413
4794
6007
12123
16382
16382
16850
10847
21193
13090
21193
12911
14539
1830
14539
15311
9635
15311
5122
13995
21451
15850
6446
1436
6446
6446
15005
6451
19925
4289
8125
3020
5830
7330
19925
16953
4994
1365
8437
8437
11362
10783
243
1769
12548
1633
1633
8034
14656
15249
19460
12754
12754
12754
10101
9108
19669
6227
53
53
3561
20350
9376
9376
20350
1562
1562
16570
16570
15763
7787
823
823
21136
16058
21136
7760
5872
21136
8535
21497
17954
2227
17954
18426
10307
6386
6386
6386
6386
6386
14232
14232
6336
6336
12550
6606
14232
7564
19519
16164
12403
19519
21808
5939
15796
14488
14488
8795
8795
6864
11591
13926
15796
16740
5394
5327
5394
8534
20458
2998
20458
9841
2105
1686
531
2865
20458
4003
19539
20458
19133
8092
1046
12069
20458
20649
9681
20649
15482
18126
9845
10302
13282
480
13282
13282
3609
3609
3609
6302
6302
8369
8925
4648
3230
75
4648
11580
11580
12887
17460
17641
2216
20138
20653
12749
1976
11268
7184
11904
11904
11904
20199
5942
3279
20199
15818
15818
8540
2008
8540
8191
6539
8191
5216
14822
329
4468
12646
15577
3646
5996
5996
13505
5340
5340
9282
16928
9477
15832
6799
16928
18862
19596
7801
15834
8786
14103
14880
15834
18605
18605
14555
797
4423
14555
1281
14667
12220
16921
16921
9210
9210
6269
6269
12357
10285
10285
12357
11280
11969
15947
12731
15947
15947
4119
4119
11245
16893
15615
4745
8133
12573
11057
13194
16893
4060
4060
13305
5640
41
101
5640
13036
1639
13305
17664
14214
905
1241
1241
1241
1241
6597
5177
7670
7670
7584
8025
9065
11122
3776
358
17066
18493
14793
8686
5411
14793
15621
3852
3852
8945
21470
18793
10580
4845
10580
18793
18793
774
18539
12613
10791
13463
13271
9373
9373
9373
9373
7310
7039
6651
4215
6651
4273
4273
15991
15991
13780
2823
15991
7576
367
4226
11050
795
8197
3695
16316
5131
16316
21919
16931
10284
10284
7217
1722
1722
1722
4776
16931
5009
5009
4892
4586
4892
5009
7923
7923
7558
17621
10461
10461
5675
5675
6785
6785
8159
8159
10461
12473
16879
8947
8947
9819
9819
17621
17621
18926
3147
1461
21181
8097
7050
7050
1230
3937
11484
10085
10085
11484
11044
2879
17272
9168
3333
3333
3333
3333
5381
9258
15214
14608
3522
3522
3522
3522
10992
8305
10992
11547
14608
1541
10321
680
15613
7759
15613
8572
15613
2882
2882
6290
5749
6290
16019
11964
12697
12697
12697
12697
9302
13342
14630
4873
10390
8810
2579
8810
16075
8391
16149
7731
7731
16149
16149
16149
15350
15350
17401
17401
2401
12841
17959
20169
11007
21180
9911
5084
9911
13412
6618
6780
21295
4456
4456
4456
4456
7740
13563
13563
13563
13563
8800
2516
13687
7120
12399
13687
14974
15572
15572
2706
14302
20251
14746
14459
12757
12757
12757
12757
409
7391
12757
11912
7703
17490
21351
9661
5336
5336
9661
12220
5305
12220
4673
748
748
6277
21150
2449
11570
8627
11570
21150
15272
4058
1580
12591
13897
6377
7554
7554
17741
11198
17741
17741
5750
5726
5726
5726
15276
15276
4202
16093
6079
13450
11509
7238
7238
7238
19731
19683
5269
12661
12661
6865
6865
6865
2315
12661
13918
13918
13873
9619
13873
20221
7998
1663
1663
1663
1663
1663
1952
3400
7518
7518
6554
9463
9463
9773
9773
13849
19540
4370
4370
2121
1994
4370
4556
15451
11031
11031
9665
8524
19540
4288
20547
10995
10046
10995
9045
9045
17711
16637
16637
13252
13252
13582
16637
12839
17254
14791
6672
672
672
15465
15465
15465
13595
2321
15465
12829
18480
3145
1853
1018
1853
17452
7293
13601
6377
14606
13978
14606
5487
14606
14606
21078
13893
21464
18694
18694
13192
1107
1777
1777
1777
7695
7695
7695
12171
12171
4319
12171
1877
14212
12496
18718
1999
1999
1999
7118
7118
9469
13044
