835
820
576
374
238
238
238
438
164
164
308
349
535
17
172
434
700
700
162
162
158
293
251
700
45
77
77
77
538
358
574
593
650
657
464
442
442
442
464
195
720
720
541
785
327
327
422
422
422
430
338
81
911
332
911
212
212
212
348
359
351
359
362
709
747
92
288
610
221
812
599
599
594
599
676
110
965
816
604
567
370
604
816
267
816
61
61
61
183
184
184
205
216
469
452
767
130
767
767
734
189
767
860
803
478
109
542
916
112
897
138
305
195
195
224
349
538
640
640
313
313
185
185
11
11
11
202
592
211
551
625
317
88
169
836
16
16
16
98
469
700
441
221
700
591
14
14
152
152
152
322
647
965
553
83
83
124
124
367
234
726
726
372
636
153
726
382
732
776
106
106
106
106
136
79
155
155
155
500
254
380
500
344
344
500
500
953
953
349
349
545
545
122
52
432
229
233
233
385
393
657
657
657
382
657
149
309
130
72
71
72
72
274
490
455
690
890
84
890
623
243
473
812
812
344
240
344
234
214
344
263
508
508
325
34
537
262
537
554
554
246
261
396
454
511
554
168
168
540
388
132
19
388
540
200
540
196
29
567
595
440
630
766
247
528
23
528
814
220
160
253
253
2
2
2
564
614
516
516
367
367
611
588
14
14
212
366
486
486
486
534
246
246
356
71
538
490
538
392
538
681
395
477
681
143
143
143
534
149
83
493
493
550
625
625
625
968
672
255
776
98
971
863
109
109
109
159
159
159
159
159
159
159
150
193
494
494
122
122
531
244
531
531
239
239
557
281
291
549
134
693
693
4
4
4
82
79
62
79
293
293
529
612
612
603
105
202
543
543
543
496
477
496
849
849
475
671
413
41
851
700
109
851
291
176
176
427
15
15
15
11
496
27
378
378
636
636
448
558
558
707
927
548
548
548
548
481
446
548
548
555
239
605
740
140
140
633
213
697
497
497
523
697
484
586
717
381
535
568
717
279
255
340
340
340
340
154
72
526
605
874
844
756
597
631
874
467
640
113
95
534
534
686
461
667
620
129
82
82
55
619
179
696
54
696
653
239
915
874
457
549
558
169
385
385
845
845
927
90
725
733
267
228
367
399
399
426
524
931
298
56
56
56
56
56
641
804
14
807
64
6
807
427
427
54
606
387
180
160
160
873
684
930
785
510
308
308
335
60
335
203
102
579
238
199
199
60
60
199
149
594
623
130
26
26
26
26
26
101
365
463
210
320
510
572
105
105
105
360
481
481
714
726
170
411
74
36
74
367
421
73
421
540
866
311
191
81
373
373
883
87
883
91
910
846
295
295
395
623
379
379
846
451
114
111
932
318
363
289
575
863
5
353
313
307
640
605
555
555
93
93
93
456
269
306
361
12
361
573
420
573
642
622
185
185
29
68
581
581
438
947
39
39
39
39
178
361
534
747
789
302
265
475
662
471
338
346
200
200
200
200
346
743
458
388
463
89
89
389
389
271
244
463
336
196
336
533
249
249
396
612
612
801
114
812
619
666
317
157
879
317
879
672
549
549
880
726
776
713
713
324
60
619
261
261
404
732
316
880
27
307
195
222
373
373
801
745
681
681
669
826
564
395
733
332
914
701
613
724
276
135
135
747
130
747
930
599
218
218
317
39
348
144
144
97
110
223
223
73
599
203
957
17
17
262
262
262
262
568
568
568
568
568
177
417
142
610
193
193
466
403
813
771
167
68
167
554
147
116
16
147
55
379
554
592
217
690
690
338
338
342
436
515
57
317
463
186
186
186
186
463
532
532
632
632
550
47
729
176
176
335
137
862
451
451
889
652
46
544
544
680
696
635
839
352
352
231
570
458
508
508
522
330
246
958
606
892
170
754
892
958
128
128
128
960
150
150
48
48
150
689
430
368
430
384
270
764
795
766
795
208
926
926
903
2
194
378
47
291
680
635
484
484
680
133
471
722
722
46
952
834
737
148
737
555
632
175
883
654
385
375
385
359
385
385
829
797
316
316
558
647
647
102
264
43
647
952
121
121
171
171
171
536
419
657
674
357
674
416
129
418
53
818
112
266
385
53
53
53
53
53
401
324
401
462
141
207
742
147
621
157
855
147
674
674
718
718
665
665
45
228
36
628
628
119
628
628
804
804
804
842
597
124
647
132
132
354
442
505
747
468
747
787
187
270
79
422
787
389
389
941
364
149
364
962
813
632
734
734
245
245
245
189
189
83
83
147
193
359
359
359
232
87
87
143
497
329
345
466
497
521
521
94
224
109
297
690
808
108
813
174
813
566
675
1
1
43
43
43
457
591
903
187
50
292
731
731
409
292
903
903
595
412
903
753
337
903
325
325
325
941
179
179
179
388
785
24
24
665
543
634
28
43
706
147
898
477
898
898
115
459
528
739
315
100
776
219
404
776
196
625
417
961
961
857
188
188
189
857
839
173
563
857
357
405
720
720
114
720
720
720
505
669
644
57
371
58
42
817
330
730
97
165
45
45
81
586
586
644
283
166
53
53
150
150
150
704
966
448
340
126
163
163
163
143
143
143
143
143
426
611
576
671
110
110
593
557
12
682
324
12
162
359
325
717
717
160
383
83
722
154
728
547
165
165
165
490
323
281
886
742
742
889
889
819
889
889
172
601
728
541
53
541
25
503
414
503
574
273
513
728
757
28
935
333
896
547
387
682
361
747
427
486
486
530
878
600
473
473
472
178
473
598
273
273
642
804
229
410
344
344
242
563
855
448
50
218
114
6
114
34
34
201
201
629
55
286
447
629
750
759
829
112
674
76
757
829
503
668
869
367
946
953
962
271
271
271
271
858
858
858
337
726
146
146
146
458
564
706
640
918
918
918
783
918
573
573
573
833
833
467
746
661
661
449
449
591
185
500
884
884
184
184
333
301
206
206
179
301
108
333
706
806
584
353
645
168
806
536
214
214
366
366
730
912
810
271
810
734
635
734
39
790
705
31
31
372
263
263
263
502
502
521
581
680
750
421
228
228
228
951
847
39
39
43
642
171
574
574
847
60
97
600
75
68
98
349
174
531
195
931
706
37
561
197
561
409
645
506
53
460
37
460
568
902
287
287
711
162
162
105
162
206
309
393
296
539
177
362
110
539
139
586
670
227
547
507
507
561
310
642
642
642
781
781
824
533
754
507
3
829
21
439
783
263
668
491
916
476
476
282
282
508
748
491
962
751
962
916
963
626
767
107
620
208
620
700
57
57
57
902
223
223
149
282
485
788
788
831
567
857
857
869
745
411
652
26
652
309
766
873
873
456
456
456
400
192
192
63
400
72
621
454
621
660
422
810
311
311
497
810
169
169
906
346
9
346
668
616
664
237
433
292
162
292
14
510
792
712
341
212
485
297
396
146
146
385
138
396
396
670
178
670
413
670
656
300
713
122
90
232
325
76
413
100
383
695
682
170
682
145
145
31
682
79
801
99
685
471
801
402
402
28
194
194
194
337
24
337
610
245
610
709
405
405
289
299
87
405
764
218
563
493
878
878
968
714
714
365
365
122
365
365
531
293
293
531
531
714
672
196
672
748
455
455
95
853
853
332
288
169
169
143
393
185
12
185
513
430
232
363
190
513
513
419
513
853
604
412
412
412
282
282
282
282
260
129
311
311
445
445
445
445
268
90
90
651
464
301
741
741
741
524
524
461
524
7
220
524
937
72
72
72
72
244
77
244
415
740
740
848
848
937
547
54
547
862
10
14
19
19
19
19
19
19
111
910
10
10
10
10
10
332
435
60
60
615
349
597
258
597
155
155
122
757
808
241
241
264
51
7
51
590
847
190
262
235
235
297
373
362
362
829
677
369
299
677
943
606
606
523
32
329
408
9
9
331
334
505
505
306
675
461
647
345
427
166
955
940
109
24
24
24
24
339
347
56
878
128
288
968
31
31
31
31
462
78
78
447
586
406
9
586
586
439
1
1
1
372
380
831
674
16
40
40
601
222
454
454
454
517
704
177
912
912
572
85
132
132
132
140
204
204
207
234
721
43
43
43
1
959
622
622
114
490
191
42
71
593
60
454
415
274
274
550
672
800
383
800
271
271
224
271
222
357
448
448
448
156
536
304
536
536
278
595
537
506
691
916
916
551
518
332
916
337
337
101
959
704
704
679
164
164
372
372
372
462
218
55
764
320
214
520
328
328
300
300
328
328
328
204
68
204
698
825
207
207
144
232
562
68
562
817
328
328
328
328
164
457
612
579
723
723
723
902
583
285
902
425
669
148
41
310
669
583
348
296
329
329
769
724
819
140
651
104
104
104
104
249
249
249
475
479
573
530
573
147
13
13
13
196
162
84
244
256
457
201
117
821
405
904
884
99
40
40
700
521
171
591
533
700
212
968
80
80
80
80
192
271
80
80
80
424
287
486
817
229
292
89
817
221
817
295
170
812
419
10
10
10
10
156
379
551
185
241
241
241
420
227
644
581
445
914
746
620
313
581
372
372
372
221
221
221
221
372
354
445
581
590
590
345
685
575
526
289
69
69
289
539
575
634
369
236
665
665
665
748
748
792
817
819
821
141
438
51
43
308
412
412
412
84
609
567
83
246
772
788
134
788
142
655
803
656
635
810
380
185
763
523
780
358
358
358
134
915
915
888
730
129
129
129
561
97
93
6
213
213
393
53
599
730
10
10
297
151
297
7
530
530
575
652
445
870
128
670
587
670
358
358
192
192
104
19
104
435
670
670
384
925
353
353
353
357
377
459
257
257
216
467
467
467
652
925
841
660
461
660
660
933
302
116
302
604
684
278
641
154
929
929
491
443
570
17
505
505
540
540
540
540
633
633
531
531
388
388
531
531
585
860
860
961
642
665
665
927
927
508
99
99
99
99
99
99
508
508
850
523
167
167
167
167
168
185
50
239
535
503
501
503
770
309
309
309
309
265
177
309
309
309
309
700
539
700
249
478
282
282
282
64
335
245
335
478
478
387
857
14
14
328
328
536
536
536
28
219
243
536
541
199
51
51
889
889
240
74
345
345
114
345
608
377
92
608
111
349
520
384
554
554
529
514
30
472
628
375
806
636
636
494
742
840
153
140
840
933
456
456
534
84
304
534
173
122
122
188
716
716
147
716
838
59
59
219
207
14
219
543
543
732
102
732
306
42
373
505
785
736
315
714
785
113
550
171
550
950
537
537
388
316
771
513
513
543
724
817
454
872
232
232
656
656
750
18
629
750
424
424
474
724
809
921
774
774
164
164
574
586
334
482
482
482
556
556
556
601
294
551
551
626
167
503
503
950
617
136
536
730
716
202
223
593
55
280
457
25
563
563
307
953
309
309
309
184
309
157
354
76
76
76
273
185
384
565
481
122
760
216
62
888
556
186
556
120
556
724
157
157
412
173
412
412
109
109
109
109
109
418
495
136
706
319
565
102
513
709
709
709
517
517
517
224
224
517
366
219
398
398
398
931
127
127
91
91
91
91
877
25
358
21
358
602
267
654
43
43
476
476
476
877
141
141
665
886
792
17
513
792
496
931
920
151
151
388
388
207
207
29
29
804
121
121
667
680
680
190
680
299
138
862
862
862
790
855
184
447
196
216
280
319
334
334
154
334
334
601
814
371
371
444
190
843
727
522
740
438
237
438
871
466
647
450
757
645
618
910
92
528
956
753
345
345
221
125
125
80
103
93
486
486
289
204
144
144
144
144
151
212
301
301
66
444
388
303
303
362
444
62
624
114
624
624
586
573
421
421
739
327
257
219
257
680
654
795
663
663
841
841
55
55
55
179
84
220
398
271
660
193
660
673
98
98
170
520
117
117
392
256
247
247
269
477
24
477
530
291
201
201
201
103
207
123
123
207
207
291
105
755
289
53
284
289
755
210
468
210
755
362
362
394
89
404
232
232
4
230
308
308
935
644
683
389
569
569
393
256
160
160
160
39
39
955
234
545
545
545
364
763
254
254
254
254
264
540
540
30
369
540
953
867
867
814
953
1
1
710
418
418
866
761
90
565
38
38
38
316
316
565
614
647
691
148
148
148
148
41
209
209
141
141
152
593
155
13
13
62
321
441
770
737
770
508
417
235
296
149
417
508
508
603
603
492
430
430
758
58
915
915
408
408
653
148
644
468
222
610
610
610
95
748
748
225
536
783
355
391
257
391
7
856
170
783
588
183
183
21
751
856
856
70
70
70
30
30
61
839
839
176
782
733
908
196
196
438
567
153
695
208
768
798
210
659
659
659
659
116
703
891
849
914
187
294
927
859
657
657
620
620
115
782
782
272
324
438
438
438
2
438
743
305
752
93
812
812
157
157
133
177
731
521
757
822
471
550
953
835
953
514
485
63
63
6
6
534
672
672
672
672
288
423
39
39
39
369
369
51
930
922
850
215
836
125
125
125
314
560
475
79
753
419
431
431
431
113
113
113
9
9
9
654
328
708
368
796
356
809
964
794
107
107
107
255
720
303
607
552
115
59
607
10
794
351
351
24
503
539
209
342
850
676
138
138
83
83
83
83
83
138
138
376
376
782
524
757
44
434
221
503
503
428
813
813
542
79
542
542
392
392
230
618
764
558
474
359
359
61
19
175
359
411
355
411
99
670
64
276
78
360
858
1
1
1
401
622
46
46
80
305
588
102
535
535
78
511
535
712
892
893
362
304
893
394
647
890
534
346
326
326
346
751
267
267
111
267
141
744
79
517
230
661
308
572
294
345
744
494
751
570
249
570
570
691
35
35
195
578
89
89
398
379
379
398
599
168
168
168
146
146
146
146
146
46
46
35
453
30
30
878
703
300
245
51
51
245
2
2
249
249
249
249
249
74
74
74
378
378
378
378
271
271
451
256
256
175
282
282
661
354
381
326
326
381
313
313
476
476
691
158
431
427
55
76
652
691
536
691
454
787
796
530
533
796
554
261
103
261
211
869
271
271
265
130
34
265
403
426
475
798
649
20
869
800
183
376
376
834
313
402
405
668
291
291
291
104
104
68
322
885
166
166
745
239
481
133
106
106
592
91
91
91
99
407
63
63
267
21
333
243
323
738
397
32
397
738
677
171
284
913
375
375
375
375
375
451
448
55
448
392
392
652
779
711
779
244
508
364
465
722
722
722
362
159
159
194
98
110
110
110
198
214
248
470
202
470
155
306
739
264
120
120
464
576
923
971
13
13
13
13
13
13
53
53
53
53
70
99
235
462
462
238
477
504
504
504
410
384
525
346
589
3
447
432
654
603
269
269
269
303
368
245
368
443
18
18
290
424
254
424
424
668
594
344
344
440
594
780
396
10
10
396
541
656
656
656
136
656
656
780
74
829
922
178
178
373
204
204
204
76
204
197
197
213
122
122
122
454
511
578
509
137
137
225
115
110
225
539
850
671
649
241
317
169
164
859
171
127
171
150
6
6
6
6
637
320
637
213
550
935
766
838
482
201
201
201
201
232
232
519
632
803
379
570
803
499
82
519
98
519
519
741
389
822
794
533
533
437
350
332
332
349
411
137
271
838
62
915
853
576
289
289
576
141
891
891
497
497
516
671
625
671
819
295
910
326
326
326
326
326
399
235
399
399
424
483
501
593
427
612
123
123
123
560
85
82
82
132
262
217
217
335
325
342
521
521
61
521
135
907
467
467
479
479
479
312
479
671
709
795
840
865
55
423
676
176
676
210
210
479
193
254
574
229
158
293
612
782
585
684
837
238
238
88
624
837
299
299
129
333
244
31
333
492
492
86
492
492
492
194
512
492
266
829
490
490
829
77
833
833
833
682
169
113
169
408
408
619
182
148
182
693
75
797
884
884
859
535
571
318
132
9
616
632
105
517
343
343
340
655
947
886
176
154
577
577
679
741
215
765
886
886
886
886
898
898
898
56
859
2
2
2
2
347
263
599
99
99
246
246
642
313
321
99
727
508
741
372
908
595
595
580
580
580
488
580
148
148
231
536
684
411
513
684
362
301
362
362
258
512
512
117
584
819
465
128
128
181
181
181
473
473
632
616
616
36
901
147
147
147
160
160
160
190
251
684
361
712
329
761
761
201
201
201
201
285
115
313
680
693
354
761
644
761
488
488
192
516
581
780
278
824
277
779
578
663
110
557
557
230
560
212
740
457
457
25
25
25
25
201
374
23
298
325
355
374
545
388
388
138
163
561
248
248
699
131
214
855
364
364
483
674
827
660
855
944
676
538
538
370
370
370
104
104
370
195
310
287
310
536
735
159
159
76
501
577
648
198
18
461
565
684
422
422
492
567
705
510
495
533
514
511
486
514
49
533
370
257
2
676
437
618
626
387
387
387
644
644
889
846
423
172
207
207
561
363
561
198
561
99
454
109
109
282
904
3
582
113
339
575
354
386
701
520
701
55
55
228
789
672
662
11
11
11
11
228
228
654
736
121
736
568
736
736
736
851
44
747
771
727
856
856
167
224
881
369
468
881
42
197
914
823
303
303
175
175
434
730
837
427
130
837
61
856
463
195
86
195
287
463
823
823
510
510
512
733
823
528
162
849
634
856
158
82
628
856
645
921
921
821
955
279
135
279
658
242
175
175
242
658
652
652
803
803
708
803
819
213
669
669
190
190
190
190
57
187
113
113
113
113
348
464
557
586
586
586
586
709
94
317
709
649
589
585
589
104
843
843
843
303
215
127
878
453
907
935
935
464
17
748
720
115
743
775
351
351
768
539
539
539
254
272
768
768
323
242
543
240
240
4
842
543
816
167
167
321
145
792
792
142
532
198
532
532
485
314
532
638
664
664
458
792
470
488
566
320
328
328
119
251
251
858
467
858
858
336
660
864
619
86
48
291
23
23
291
291
265
27
414
367
367
367
480
480
224
924
642
959
14
14
14
251
267
115
429
145
307
965
583
583
687
170
687
935
284
120
935
842
395
813
935
934
247
935
601
601
231
247
247
679
258
965
202
202
308
308
308
374
423
325
308
423
809
450
398
450
231
146
231
450
255
255
151
743
569
26
569
267
743
638
801
908
350
215
350
350
350
350
134
807
319
319
470
205
807
7
807
78
403
610
597
122
308
308
308
308
453
544
116
183
381
824
374
364
824
309
532
908
602
602
587
797
616
199
616
616
87
72
360
196
616
782
748
486
108
108
1
377
409
895
400
124
370
857
910
512
215
147
927
119
851
758
851
585
311
311
311
311
311
24
95
795
291
193
344
344
344
344
43
940
441
646
165
165
254
750
750
232
100
629
940
502
502
90
820
351
425
856
123
940
62
948
136
922
372
883
948
598
358
546
75
373
245
717
147
94
344
894
414
147
147
147
147
293
293
108
468
468
468
468
404
10
10
10
404
196
417
866
385
258
258
385
115
444
532
857
557
828
66
66
721
743
510
198
198
198
510
567
281
641
128
128
128
128
393
393
230
242
61
506
506
641
699
674
674
674
537
596
447
825
72
643
643
758
758
406
316
316
736
80
736
736
51
133
460
406
764
83
83
747
747
647
747
546
305
747
747
22
683
518
174
814
673
350
350
673
161
317
652
284
284
257
25
25
25
257
253
690
236
236
617
906
876
119
89
21
76
76
76
76
329
282
355
113
497
91
91
91
149
596
737
471
461
666
203
655
144
737
808
808
393
713
713
713
478
602
363
363
602
7
906
265
265
358
542
906
13
404
656
389
650
650
383
302
392
390
390
136
446
466
378
41
944
214
214
214
111
769
769
807
687
806
679
450
612
358
311
311
311
612
803
803
535
10
197
691
506
691
691
582
691
707
6
472
808
41
99
866
126
126
348
435
624
558
866
244
848
879
921
950
494
302
302
302
671
181
181
95
806
112
518
518
504
849
507
507
594
305
368
594
594
364
364
211
364
77
77
422
384
422
487
367
470
482
487
487
460
389
337
337
441
568
503
564
594
657
813
303
303
303
634
600
231
231
167
242
242
446
446
392
175
813
173
173
255
255
816
70
715
816
365
191
855
720
299
299
720
720
216
216
216
345
345
345
74
74
282
445
616
199
828
503
828
644
228
544
644
343
343
343
343
672
778
292
451
77
77
148
122
148
464
464
170
170
464
247
231
217
809
135
135
135
114
219
219
539
858
688
372
372
663
235
449
796
893
286
286
286
286
672
898
898
480
923
929
499
940
258
258
320
649
783
877
838
698
877
820
795
831
460
44
702
940
887
708
506
708
