35170
27382
35170
863
863
863
863
35171
29305
17865
17865
6062
6062
6062
18401
28466
795
28466
15014
6294
8569
12668
29305
23612
10479
32665
446
446
446
28103
27528
26487
27528
28103
5770
32525
11807
11807
11807
16603
16603
19245
19245
26635
18582
139
9831
9831
9831
9831
17789
16391
28798
15872
15872
7772
7772
18004
20566
7411
7411
15001
6667
6667
6667
27153
32915
12509
32915
31353
2666
2666
31353
25180
17450
17696
17733
23133
19371
23133
12877
23133
23133
28518
8406
22541
19320
15205
17920
17920
17920
3722
33335
4368
4368
28619
28619
811
34533
17698
17698
17698
17737
21747
1843
1843
34533
3459
3459
3459
3459
3459
3431
6019
34533
35174
31749
11408
11408
11408
11408
1496
1496
11408
12587
1967
30299
11476
5925
5925
5899
5899
5925
11476
11476
6319
10711
11160
7899
7899
7899
3896
12334
14934
23385
3551
6830
23385
3338
16514
16514
16246
18345
16531
26611
26611
26611
20260
15594
31488
474
25492
31749
30445
20386
29248
29519
29519
22278
6183
6183
14578
249
25949
32189
4222
1832
1832
1832
1832
4518
3503
8291
14552
14552
19509
19509
19509
19509
19509
7553
19509
4459
26336
31504
23301
21556
23301
9639
17386
15120
21857
21857
21857
22537
3839
7423
33777
13044
13044
18479
29513
9635
29513
33777
14394
35174
22756
18285
22756
12113
12113
12113
12113
28399
893
893
28187
28187
28187
321
3214
28187
28187
9664
15668
1516
27282
28187
28399
28399
19853
19853
23227
17254
14822
10499
23227
25789
7390
28399
17590
339
339
339
11218
14380
22718
11795
23058
23058
23058
23058
21306
24820
23570
31497
25588
16589
11616
16589
21920
6887
19391
17139
19391
16839
9370
17882
25291
25291
26061
13970
4047
4047
20242
16661
16661
23906
15604
223
6263
4260
23026
17423
8904
2102
2102
2102
4664
8524
16029
25117
25117
31497
4549
4549
30439
31381
25556
9615
33303
31085
3580
3580
3580
3580
11530
1397
20514
20514
22609
17758
4553
22609
20032
11256
11256
29551
27000
13287
13287
13287
33672
28119
9505
9505
4835
18947
19661
19661
22636
13712
34204
12589
15041
107
107
107
107
10337
11838
17175
17175
21929
8772
8772
30135
26886
7135
22386
29943
17975
29943
10096
11222
13799
33669
23740
4966
32565
3987
3987
9833
7177
3061
3061
3061
3061
164
164
17499
13623
13623
13623
13623
13623
18798
10137
18798
24248
33645
26700
26700
26700
16918
26700
5565
5565
5565
5565
14264
14264
17485
15887
14035
14035
14035
14035
14035
15887
240
16854
8909
9828
9828
7467
10320
10103
10103
5526
10320
10943
10943
11321
15945
18308
18308
25677
25677
28177
14594
14594
7117
22774
29665
32336
32336
32336
33929
15385
15385
9022
19719
21528
21528
5676
15855
10878
670
21528
21528
21528
23566
25008
11076
25055
25055
25072
2694
1336
8610
13077
27349
30909
13769
13769
18815
18815
18815
7899
3725
3725
3725
9719
24317
16254
16254
11422
18528
18528
1416
1416
9996
60
60
12128
12128
30208
30208
18099
18099
21950
9727
21950
21950
22479
22916
30122
29167
22236
14153
10897
10897
15995
6411
6411
6411
8873
8873
12552
1114
12552
21560
23740
10519
24336
30103
8976
8976
7672
2921
26588
26588
2596
26588
27526
27526
5538
25703
28871
28871
2876
31110
19993
29718
31110
15022
6896
30502
5979
11613
19479
25315
25315
26558
3053
3417
32300
10630
10630
32300
13701
13701
33225
11560
11560
19729
33102
34614
12533
12533
12533
12533
9701
20303
6256
2621
2621
2621
2621
6256
13861
980
980
980
2908
11985
7688
20303
20303
9104
25377
27219
28813
29587
29587
7861
7861
7861
7861
27255
12475
5831
12475
20295
14807
16834
21731
32043
18321
18321
19544
19544
11830
19544
19544
14844
14844
14844
20600
16739
20600
21554
3031
19028
21712
21712
21712
25469
25469
30221
4569
4569
16761
16761
13559
27466
27466
10952
6082
6082
6082
3905
9475
5313
10952
11002
14059
6934
14692
14692
26571
2197
16499
16499
14736
9400
13904
31524
31524
6811
6811
4520
9072
31781
30551
18113
23263
23263
23263
14188
15754
6046
12134
25314
32591
1556
1556
1556
1556
1556
1556
1556
4663
8836
8923
8923
12537
19083
1541
1541
26014
26014
23905
26544
27732
16740
16740
16467
15264
24416
28345
17168
8339
6991
14351
17168
5516
7258
7258
18240
18647
9123
9123
9123
27807
15287
12145
12145
12145
12145
29883
26529
26529
9050
9050
781
20991
13361
128
16805
16805
1477
24018
15036
12443
12443
17424
17424
28288
20267
11727
11727
11727
6133
13486
17888
19648
23631
166
31570
22990
4457
61
31637
14521
11305
11305
12807
12807
7614
21662
16803
22764
32372
19977
19977
19977
19977
21688
9699
9699
9699
29621
17861
17861
20255
20255
7331
7331
7331
16392
16392
17771
18555
13812
18555
18025
18555
20763
25798
25798
3673
3673
21766
20316
934
24060
6812
6812
4609
6812
9867
25891
31541
31541
7675
31541
18194
18194
8677
6877
18194
6748
31948
17078
17078
3919
17078
1553
17078
5470
17078
2890
2890
12434
27483
27483
8175
20307
32114
21739
20911
20911
21739
17868
17868
17868
5729
5729
16637
5558
9462
24565
14712
23876
29505
33179
20873
2925
20873
5785
13373
3543
28490
9748
29578
27512
18940
17914
9762
28655
30554
23773
32369
9993
9993
5028
5028
15649
2805
2805
15649
15389
15272
26276
2517
7200
7200
7200
2102
30634
28870
2379
30803
33643
33643
4591
4591
4591
9695
9695
17244
20154
27781
27781
27781
28739
18657
24806
29242
29242
7110
2503
2503
13357
34342
34342
18426
18865
34342
6627
33750
29972
8203
30022
10059
24080
13171
3498
31128
1158
1158
1158
1158
21466
18603
16803
16803
145
145
145
10221
10221
15244
13474
17276
10331
4140
17276
17276
11033
11033
7270
17789
17789
6623
6623
20543
3573
6936
6936
16167
15291
16167
25669
18382
16827
25013
25627
2291
2291
3676
32262
29841
22085
9261
9261
9261
18003
19543
6922
6922
13728
13728
19543
14865
14865
11934
271
271
11934
11934
14865
18342
9796
23696
916
916
9636
23234
28105
29100
20085
19328
19328
22242
10090
22242
17595
9560
9263
24947
8484
2526
2526
2526
2526
17071
17071
17071
12027
12027
3360
17610
14952
10109
13242
17244
9782
9782
9782
22553
15859
14030
34317
31837
22684
13140
13140
13140
13140
21266
12513
18009
12552
12552
1795
15258
15258
1494
1494
5716
17098
19381
16349
19381
20440
20440
28147
5061
15995
18360
8775
8775
29813
31181
29701
11429
11429
11429
283
10383
7039
32596
24574
34515
9666
6557
6557
6557
9666
8372
14142
14142
10093
17791
16039
20234
29326
21157
29326
29941
26802
6115
19824
15111
12127
31693
18712
31693
2197
32134
21922
26700
1936
10681
32134
26839
32134
10256
7355
2761
2761
13588
27097
27097
3794
3794
3794
9054
9054
9054
17237
25409
15612
15612
15612
25409
34947
27199
27199
27199
25982
20569
20569
5465
20569
26546
31063
12163
729
2061
2061
8221
16580
7086
16934
24986
1274
24986
18388
33682
33682
34098
30308
25788
538
22846
14831
14831
3263
3263
29167
22727
22727
12248
2812
2812
2812
1849
25469
27332
14347
10241
8208
8208
23120
12555
23329
3629
9617
9617
1991
1991
32643
10026
27955
33088
33088
33088
26315
5741
5741
10796
31635
13834
13834
30990
18503
8945
8945
8945
4862
18503
3913
6718
6718
9038
9038
16336
22786
3073
22786
20209
25646
12841
25646
25646
24274
30010
30010
30010
2816
30249
25184
30249
23152
30249
4972
14829
9679
17117
26080
23077
21531
4012
17161
13853
17161
21993
11551
948
948
10081
10081
10081
35176
10096
10096
10096
12607
13818
13818
9997
13818
13818
13143
287
15536
6026
25186
17618
1118
27333
12301
12301
27333
27333
17089
9432
27598
27983
27983
29197
5059
32538
29165
32538
24534
32538
32538
32538
3828
32574
11108
33423
13122
12170
33423
12281
33423
24085
1613
34420
18228
172
29613
23063
11331
11331
23063
23063
22414
28988
28988
28988
445
445
9663
9725
16647
9258
29613
30747
2889
28091
1364
15858
18520
27150
31403
7127
3087
31403
30350
33678
11676
11676
6917
11676
5573
33678
33678
33678
30908
24613
20153
1926
31700
2786
31700
33678
22434
31662
19914
33678
19144
33704
5212
34825
34825
22184
15174
15174
30162
23612
20959
21595
33103
3378
1962
3378
3378
28394
2679
2679
2270
7437
26026
340
7469
223
34961
6342
29998
13637
9563
13637
13637
30935
23867
23867
23867
2815
2815
30901
4625
4625
12774
20029
15597
14944
27989
1035
23169
1551
1551
30935
31205
31205
26771
31512
18473
18473
486
34311
33598
19726
19726
19726
25230
25230
25230
30000
30000
32498
16498
34011
22761
30265
8018
19540
10912
3207
3207
2136
2136
3207
3207
3207
5608
9316
8429
9316
14550
5795
27467
27467
27467
29009
23219
15720
16292
23267
818
818
21031
20682
20682
20682
12581
20682
21774
21774
23964
13543
9438
24678
7211
26463
26463
9586
23103
9750
23103
20592
30959
11470
28785
19765
19765
2934
17672
10467
3265
10467
10467
18884
4976
15898
30415
26766
26766
15549
29437
7341
16637
9738
29437
9769
8592
30415
7526
1531
3618
12614
12614
7289
29269
29269
24998
1897
1872
1897
2833
9069
2981
23892
3888
1810
12641
19311
8816
27538
7980
27538
21401
29269
23720
23720
7676
9457
9467
23720
4441
4441
14322
8750
27349
4273
27349
17526
1561
18822
10525
18822
27733
23146
27733
27733
7848
10146
7196
17051
21638
12894
21638
3941
22026
4644
33231
16444
16444
3726
22626
22626
32951
34660
4987
7530
7530
8201
8201
12699
29432
10115
10115
10115
10499
12974
11825
11825
7236
11825
33851
3506
34364
22872
10676
34364
7983
3001
7983
13372
8769
8769
21509
20189
11825
11825
11825
24606
34660
26764
4201
716
2742
2742
2742
2742
12209
29470
2418
2418
19500
19500
5658
7817
1821
19500
20174
20174
20174
21866
6704
26926
12428
12428
35045
9850
9850
9850
13163
13163
13163
13163
1624
1624
1624
7073
16050
30507
31742
30027
19556
19623
33549
18684
22271
2685
32735
33549
23558
11234
13006
32921
32196
13266
27490
33549
31008
31008
5461
22025
14019
15301
853
13792
2350
2350
1613
1613
2350
13252
13792
8930
16872
17598
5511
19636
18845
21043
25342
5268
26645
26645
19533
30886
16914
4558
4558
5736
9811
16914
23616
29613
13955
13326
28790
28790
24125
18103
29613
30886
23193
23193
132
27358
26073
21376
4075
7889
10112
10112
10112
5188
5188
5188
5188
5188
29429
4942
32425
2922
2922
20277
20277
6557
5275
6208
6557
5897
5897
5897
5897
5897
5897
7622
12394
622
22224
22488
22488
14836
29087
12991
11976
11989
12991
8236
12991
12991
14991
4652
4652
4652
4652
12243
12824
12824
12824
12306
13255
11861
17348
17348
20845
26462
9462
18222
20390
465
18406
6719
26462
30793
24424
14249
10308
14249
5837
29292
18235
11661
11661
17834
11361
30297
1606
5286
5286
22170
21243
8576
24658
25142
25142
9948
22570
31358
26261
17259
17259
19396
19396
19396
1735
23796
7350
7350
31409
31409
20803
15988
7710
7433
7710
8557
4290
894
894
4290
4290
4290
4290
2060
2060
4290
192
192
5479
14658
20765
20765
4477
20765
33200
33200
33200
11344
21701
7735
6509
13696
13696
35066
10154
10154
10154
10154
17238
32624
2120
2120
2120
26242
26273
586
26273
9778
2243
20457
7940
25897
34504
2848
2848
2848
2848
2848
3716
3716
11950
10632
10632
2520
13415
13415
13415
13415
13415
25190
25128
25190
23976
25190
25190
26429
28129
25536
30545
11109
28468
29109
8961
20670
11246
18494
30545
30545
4400
2747
4400
12610
18734
18734
16168
19052
20845
19507
2113
20845
10603
10603
31755
14362
13060
13060
13060
20139
16098
16098
393
16098
16098
16098
25484
4009
11453
11453
24859
2101
28644
21339
20877
11806
31821
25435
25957
25957
26364
9522
9522
14275
14275
18884
2775
5531
5531
30792
9671
1144
30792
18237
32145
1187
1187
17380
17380
17556
12158
24686
13455
3112
6164
6484
3850
6484
15825
33558
17686
17592
18574
3798
3798
26967
25905
20168
26183
3736
3736
4094
6127
5228
8104
18150
18150
2190
18150
23737
9911
17307
2896
23737
7150
20529
17244
26034
26034
26034
32025
20941
2906
80
80
80
80
777
13263
19969
19969
17018
20021
20021
20021
18647
31758
4276
31531
11813
4987
11813
1953
31758
13463
30871
9636
23299
24043
31758
23929
31758
32722
19591
13372
13064
18365
5875
14944
4683
5757
14944
19708
19836
11207
11207
34388
27954
5235
17202
1771
34388
22820
34304
6136
6136
6136
6136
6136
18029
21955
21955
21955
13887
1821
23310
19182
23310
32020
14888
26101
26101
20370
14834
10438
20370
15612
9559
1512
9559
2432
9559
5068
5068
26101
26384
28103
3780
17282
3213
10654
17282
597
27302
29814
7114
33336
20832
30890
17851
9595
24957
33336
29738
26017
1196
1196
31315
5360
5922
31297
16110
35121
25314
5948
5948
10339
2775
10339
25314
3622
22304
9741
22642
22642
17826
14219
19118
18910
22642
15861
12182
12115
5644
24243
27670
25496
17289
33364
1650
13878
13878
13878
21189
6554
17299
1782
30280
7474
22954
20463
6016
15609
22954
23541
15064
3458
6445
21948
21948
21948
25120
14226
34712
34712
25177
22543
5601
13784
25177
8317
2034
1391
23644
10732
18700
18579
14596
18700
11895
11895
5092
5092
5990
11513
18700
17105
3149
25374
19128
2036
2036
4577
25374
25374
9653
28602
33834
18434
33834
30987
30987
13435
17686
25752
33834
25551
34154
16087
25179
35180
24039
20724
20724
7950
7950
6424
7950
24039
26034
8872
10130
1276
1276
1276
21870
3764
3764
3764
3764
3764
5204
6117
19590
8319
24389
24389
13314
27950
27950
27950
21139
24163
18224
17229
3164
2688
2688
2688
2688
25442
7863
7863
839
3824
25864
3478
3478
4368
17362
25864
25864
25864
26889
17800
17800
15723
6037
6635
32358
556
20676
24510
27931
27931
30953
13508
24011
24011
14522
24011
17592
4062
13280
19005
4360
22532
13312
22532
22532
20263
21538
24087
21745
5787
5787
1453
5787
12016
18246
11609
28063
28700
28700
10565
29103
29103
8196
11268
5802
22496
9983
9983
17346
4620
12368
17346
22386
28568
25034
30008
32083
16728
32083
21174
19931
16514
20692
20692
31780
10841
26833
22040
32236
26135
26135
22931
34789
27815
25397
29304
29304
3717
3717
2653
7894
10041
29304
26800
15335
11707
11707
7416
7416
7416
16961
6246
22713
15192
10308
24056
8192
1803
27542
29783
29783
14547
11808
16485
16485
29441
12819
1451
4682
33914
33914
13375
13375
14189
1827
22234
16842
21596
27572
1519
1519
22435
3034
6052
26304
26304
29543
23254
31063
33492
4458
7753
193
7090
7753
15929
9173
15929
15929
27767
21186
28185
1165
14146
12766
23635
30076
30076
34837
25544
25544
13990
4287
7014
7014
1888
7014
7014
8061
12866
8087
18370
16287
16287
18370
9648
18370
16564
27291
16009
16009
23354
6530
6530
6530
6530
18553
18553
12168
6196
19630
19017
23354
24544
24544
29304
29304
21841
18245
18245
1116
18245
34537
15401
15401
10159
15401
20490
29490
29490
18807
29812
25283
25283
30285
11553
11553
3310
3310
3310
28730
9647
28730
14619
8041
4024
34103
14372
35127
31865
23723
13736
7107
7107
7107
8599
12318
18320
11661
11156
18320
18320
10063
28575
28575
3825
3825
4624
28575
5040
31424
28710
8716
16619
31892
12087
10510
12087
14212
14212
31057
19485
4611
4611
4611
10340
11428
14246
24409
24409
24409
26053
27142
11640
3061
18759
27142
32053
27552
18595
18522
32053
9199
12853
12853
28722
28722
15342
29272
15093
7004
4734
15093
16518
3875
16518
25909
32552
16976
16976
12584
12584
12584
27519
27519
27519
29436
30368
30368
19928
7563
33949
33949
33949
29328
15019
12684
28310
29328
4283
33431
20222
7448
7448
34091
6527
34681
35127
19002
16658
16658
16658
22428
22428
22428
22428
21696
18107
23108
8971
13145
23108
11153
23108
7698
5888
23108
11607
29820
15451
15451
32308
32895
19304
19304
19304
3730
3730
3730
3730
1739
13374
3472
3472
6977
14854
15908
15908
8320
15908
5479
5479
5479
5479
5479
2330
11962
14867
22021
16302
16282
22021
20016
21326
26240
6627
27119
27119
31211
31211
19853
15741
16856
391
19853
31211
31211
5031
28426
17155
12371
28682
990
32730
771
34690
11823
11823
1580
1580
7479
30551
2074
17940
25047
20198
34289
14081
13797
33359
3942
5030
5030
16695
27166
13812
15678
10636
31718
22266
12694
14057
18689
18689
20738
33359
4869
33359
31442
28649
4407
33697
29614
29614
9765
26862
29614
24531
21641
18489
33707
22643
34420
34635
28027
27758
20845
34746
2911
2911
11473
972
972
23582
987
987
20352
14052
15132
20514
30797
34338
17335
29397
28338
10065
12860
21325
21325
11545
11545
8504
11024
28370
19448
23668
16472
23668
27187
30305
27675
8884
34031
21381
13837
4889
18716
33432
14736
14736
26695
26695
31389
7534
7534
21786
8702
16372
31166
31166
12577
31389
20283
27605
16930
27605
19738
17098
8723
29399
29399
33963
33963
23342
23342
16058
14600
14267
13187
5253
5253
5253
5253
13187
16875
14984
16875
14989
22582
10499
23342
21232
20382
15722
2948
25504
27873
27873
27873
21725
18396
14691
27873
25119
6970
6970
6970
8104
8104
13816
15356
24194
16193
10325
7189
7305
24194
3199
3199
16686
17288
24845
21756
28338
2326
2326
2326
2103
2103
13935
13935
13920
3905
6352
6352
4835
4835
2779
5704
28489
2258
30043
27848
24512
11682
11682
11682
9963
9963
9963
4899
5978
5978
9963
13219
14209
14368
9619
17737
19609
2315
2315
2315
273
24233
21070
21070
21070
10119
10119
10119
7532
24233
5688
24233
21446
21446
17320
23121
25672
25672
26470
31550
15229
14345
16653
3774
31550
31614
14389
14389
8872
2782
2782
6180
13335
25985
31905
32721
19820
8674
10030
28646
4229
4229
19494
19494
16440
14791
17531
910
25666
11327
11327
11327
5204
5204
5204
1580
13636
13636
9450
9450
9450
15413
15413
2294
2294
15413
13029
5483
5483
16888
16888
16888
5943
4392
17465
775
17465
10936
22358
10149
10149
931
7061
15073
18533
12895
12895
18933
21254
21053
11969
29663
15771
29663
10383
3227
10383
12673
9303
29663
29663
31240
31240
17327
7181
7181
12061
16634
5297
24313
17820
30730
31240
28119
13261
21738
28119
31346
31346
13465
21572
31346
10401
4810
4233
28657
12381
429
26335
15226
22246
31394
13932
11301
11301
11301
12573
12573
26842
2064
2064
8380
23641
3035
3035
23641
18224
3996
25907
8427
16169
2942
2942
16169
17845
33462
33462
33462
6786
26271
19199
26271
21142
7697
6266
7697
21142
21142
6726
21142
22164
25430
26271
26271
27552
29392
29392
1661
1661
2709
28216
4922
25073
21392
29392
19708
30044
18665
26352
33462
33371
11493
11493
11493
11493
29588
30577
27599
27599
21753
21753
34520
10414
5579
5579
5579
10414
10414
24346
29281
13055
20676
18000
18000
9562
20676
20994
22668
17090
17090
17090
17090
17090
18089
15725
4237
18900
18900
18900
19126
22668
22668
12752
22668
22668
22668
25592
19849
19849
10026
21526
14346
18910
23982
18892
25483
25592
27836
28160
17375
20477
28665
28573
14586
29122
27259
24763
27259
29054
30340
15486
15486
30340
14938
4393
16868
20826
7243
20826
23772
24274
32542
15406
7990
7990
19994
224
224
33089
33178
32814
12046
12046
6627
6627
21702
21600
11907
3598
32814
18120
18120
18120
16289
19016
15875
1855
3280
6631
15875
20450
20450
932
20450
14239
14239
12217
21003
24719
20391
17513
19497
20391
22869
22869
7597
7458
26666
33182
18766
23576
8290
3471
3471
3471
23576
14814
23576
23576
31316
12867
12867
33061
33061
33061
33061
12234
11089
11089
11089
10952
10952
10952
11089
1707
11429
20783
18139
2525
7500
7500
5900
1879
1879
5900
6166
8960
9413
9413
18596
15391
21964
3867
15646
15646
15646
26799
16753
16753
16753
31239
5095
5095
5095
5095
29446
19219
19219
23981
18854
3833
3833
3833
6048
6048
18854
18854
11403
2835
20970
23981
6231
19998
19998
5361
19998
19998
13151
15045
15045
18690
2116
18690
30077
14932
12407
9960
7643
1179
3375
9960
14932
9407
20434
20434
20434
9553
21950
30077
49
11068
5956
11068
5345
4449
4449
22145
3778
11619
14217
14217
14217
9293
29253
31585
1460
31601
32587
19848
24903
34208
34208
23001
2431
2431
2431
7905
22160
10241
26189
27399
12041
19282
28592
28056
10867
25204
19212
11073
11073
11073
17057
10098
18206
18206
9938
993
9938
9938
10629
26432
14008
7795
10632
21974
21974
12723
21974
24189
13391
24189
22661
6313
18264
22661
12236
4366
4366
31783
34017
33103
27423
19600
14477
21387
23036
27423
23365
4431
2640
2640
2913
25220
25220
25220
31068
9704
25929
11055
18829
14970
1457
1457
1457
5608
6703
12204
14970
13416
14970
1636
18829
18829
20136
22248
25081
17081
17081
17081
16694
17081
25145
12907
12907
12913
12913
22805
3803
27412
5774
5774
1866
5859
5859
5859
825
8024
13721
24391
34623
34623
18396
18396
12922
9217
9217
12922
18396
18396
18194
10743
6732
6732
6732
10150
14726
14726
28996
32871
767
767
767
23966
23966
5777
8228
22133
22273
14912
23966
29411
20433
7404
7404
9414
5773
9414
23687
23687
11011
12963
3985
3985
3985
3985
4982
12963
13931
20478
17043
27180
27180
9375
9375
3005
12897
6975
16671
6834
10386
27180
34839
7231
7231
7231
8786
8786
1209
9934
14080
4151
34400
10084
11813
11813
11813
19157
18889
18889
31792
26118
8517
2582
31792
2025
2025
7882
19873
31994
14492
14492
14492
9242
9242
8800
34400
18701
16220
4958
1358
1358
13356
2635
2635
26374
13873
13873
12146
12146
12146
12920
12920
6025
13402
3249
10420
6595
7442
1845
29797
17029
17029
29797
20420
3655
14359
29797
6897
6897
16166
1808
2739
26209
15354
22867
27176
27176
19582
28161
3729
6040
6040
6040
6040
6040
6040
6040
10206
17562
17562
13260
17799
11797
20458
27581
10291
3023
3023
3837
10291
6223
26429
12069
8555
8555
3419
3419
3419
3419
13005
15993
20502
20502
4818
4818
25368
18103
18103
18103
30301
11938
8990
11938
2180
2180
5427
11938
3928
12448
20360
24646
18121
29009
9058
29009
29009
16992
8364
22248
22248
20180
26477
13880
26477
14962
6647
12297
29307
9794
7269
22757
29307
1976
7139
12016
27728
10718
10718
17421
19272
16842
31310
3917
33034
19460
23023
33034
33034
33034
4792
26540
15712
18396
18396
23797
23797
23797
34084
34432
24032
24032
23528
21678
24032
24032
34380
5695
5695
9664
9664
1975
5186
3625
3625
3625
3281
5186
3096
1496
3096
5186
322
14477
14477
10588
5459
32766
32766
34171
34171
34171
30985
30927
30985
7293
9738
16667
16667
19410
19410
18737
18737
30255
30925
24692
34010
20555
24988
30275
34010
19297
31500
24686
34676
4574
10060
10060
30141
30141
29878
31128
15001
15001
15001
15001
15001
15256
15758
15758
15499
15499
4192
12251
11526
16260
11575
16260
15956
2933
16606
17395
109
109
4010
18396
18396
14289
9957
18396
18838
12913
274
15564
15564
22272
16343
22272
2489
24686
548
22916
23911
23911
23911
22056
18356
24236
17803
13048
11133
26769
1133
1133
10109
10109
16612
16612
9427
19354
29929
937
937
937
15174
21169
21169
2450
21169
18264
11267
26840
8739
3340
3340
24464
24464
26840
28003
27857
33837
30492
825
825
825
825
6107
6107
5857
6212
6531
1309
13800
13800
30492
17647
17647
33008
16386
28664
23734
16747
29566
17172
6449
29566
27089
26707
24415
18286
23349
5743
33819
7877
7877
1557
4137
7877
8308
32413
32413
1853
1853
18670
19715
16341
1510
1510
1510
1510
4385
19715
8995
10933
10933
20650
20650
23412
7866
23412
11181
24854
23940
24854
31754
6873
6873
531
6873
3040
1855
3040
12284
29654
6013
11002
2886
22916
7889
24459
21395
11051
32724
18288
18288
18288
7271
12104
12104
11685
12104
12104
17915
9101
12266
25622
15879
13752
835
835
16790
16790
4401
22816
22816
5286
29919
7170
7170
7170
18811
5557
5557
5557
13363
22977
486
16250
15667
27589
34345
5048
7240
7240
27053
16466
10788
12317
4010
4010
8743
8743
8743
21781
7840
13976
19562
19562
19562
509
27371
27371
3986
7401
7401
29120
13093
8498
35146
32483
30828
28867
22116
22116
22116
15145
10556
1953
10556
10556
10556
2000
2000
12025
14090
14090
13246
4733
4733
5904
27981
5044
2260
1377
27981
2595
2595
20447
20447
513
5676
4976
27296
19695
30383
30383
5052
5052
25883
28655
28192
479
591
30383
19928
3308
3308
7466
30383
27440
30820
30820
18898
30820
31058
24607
2674
2674
2674
680
13532
30381
7311
12515
13260
7815
5215
22682
31234
31234
31234
18997
12716
12716
14536
24688
27239
26188
11571
6704
30980
33811
18017
11514
31910
19126
13544
34891
34891
1279
1279
1279
8546
31055
3735
25561
25561
25561
25561
18401
18757
18757
18757
14914
20494
20494
4631
84
84
11330
16322
13600
13600
23001
10184
10184
16683
29979
22161
4779
8928
30961
17907
12386
12386
17907
19827
13015
678
7805
7805
7960
6246
19827
29486
10546
29715
21636
25521
29715
27976
3770
15470
15044
10295
30961
22469
22326
26443
5705
23886
30961
3458
3458
2298
2298
8006
31055
22035
10354
7028
20523
2274
2274
3667
4168
20523
5021
5021
20523
17329
8688
6137
32106
32106
32106
32106
32106
7193
7193
26604
26604
28206
14133
14133
21286
30584
31214
31214
32226
23975
23975
11810
2167
2167
2840
351
3489
3489
13376
20030
32226
20349
20349
20349
27129
3190
29190
31678
10647
2871
2871
4667
4667
4667
17278
17278
31678
11941
26568
10189
26568
18020
17349
17349
25260
26568
21938
26662
10948
26662
26662
29085
23618
31384
13253
3951
6448
17519
23556
6007
22412
13095
33442
33442
9905
23177
1501
4768
21576
24003
22132
33470
22541
22541
24470
29389
14306
10587
29389
22830
18523
12507
12507
12507
18523
22184
4135
4135
4135
3966
10041
24610
11941
11941
31507
22576
21902
21047
30858
20265
23067
32142
32142
8951
19817
32142
23210
29586
12234
12234
8704
8704
12588
14501
14501
18014
18014
23911
23911
23149
29734
28706
28259
21452
21770
21770
16075
10748
23148
23148
33774
13771
13771
13771
11160
14226
18835
26176
7748
22845
26410
31778
1350
13212
32618
32618
14708
7065
7065
478
630
17198
27009
10296
29430
25261
27397
17089
17089
25427
23012
13096
13096
34811
11354
11354
1452
11354
6866
6866
12210
26454
20398
20398
16736
10782
14578
5265
14578
695
11446
17630
11133
24495
3210
24495
24495
24495
24495
21791
11644
24495
19191
17267
19191
23591
5965
5965
4751
7878
2380
7878
15505
28329
30441
23021
30984
13287
25850
12099
12099
12099
13432
22163
19986
19986
5053
19986
13779
13779
13779
26545
16566
29281
6110
11671
18451
14330
23439
29281
25001
29360
13642
34056
11030
11030
19694
17637
5046
6234
34456
6959
836
836
8159
5331
17724
8068
8028
1251
8068
14001
14001
3145
14001
8556
2443
17756
18655
27716
24671
23568
23568
14119
30196
5093
8740
8740
8740
5516
25690
13675
13675
16743
7813
20488
4643
20488
33298
6048
25307
15776
12944
12944
11602
12944
7227
5243
6545
396
6545
6545
9552
15280
18083
25655
9156
31294
10575
10575
10575
10575
8168
10575
10575
10575
2313
4034
4034
16617
16877
7947
8342
11147
17491
32172
30602
4929
6136
6136
4684
20830
5269
17326
20830
23677
28434
24260
25189
18090
23903
18805
32172
32172
7315
7315
4585
7315
10931
33421
868
16831
26752
3218
3218
3218
3218
8803
8803
21641
25647
10098
13140
25647
16356
25647
8179
2818
17453
17453
17453
17453
17453
17436
17453
20937
20296
20296
20296
23425
23425
25843
2440
26868
26868
14356
19498
19498
27035
27035
25458
700
4257
14056
30845
28024
5467
15232
24084
21999
4292
28024
12687
12687
24230
25711
31675
30051
22193
4685
3143
527
10806
11810
17536
2946
19662
5362
15917
842
842
30131
31710
31710
31710
31710
31710
4866
13237
29641
9097
26170
32671
22251
30316
17039
16407
32676
6548
28566
18297
21723
28566
32771
8985
29838
20587
11368
2362
11368
20587
24750
24750
25585
29319
29319
28865
27752
5446
5446
5446
5446
17471
20164
12148
1964
26472
3683
30738
17719
30738
28435
23548
24710
9056
9056
18075
18075
30770
14945
30770
11884
9644
9292
30682
9510
9318
31583
27002
8423
13881
27175
27175
422
21678
13764
19041
19041
19041
19041
19165
15743
15743
5662
28419
2239
22965
5268
4828
16244
16244
26623
8720
23995
24290
26121
26121
17081
17832
17832
3952
3952
3952
17815
15813
13909
13909
21330
26699
26863
28259
28259
28259
28259
27261
11273
11273
11273
1476
1476
7579
7579
20144
27480
27480
26941
26941
27480
5542
5542
6620
6168
4721
1912
15028
15028
15028
6174
3640
16328
15115
13081
7423
15115
16328
22788
11915
22788
11107
20461
13264
33825
19689
14122
20196
8661
33825
5709
5709
5417
5417
5709
6175
9223
14357
8132
8132
8132
13504
33882
18079
18079
17886
18079
17314
18079
626
22715
29607
2250
2250
2250
2250
21047
9676
6091
4481
4481
8632
8632
8632
14586
1713
14586
21094
22785
4453
4453
4453
14676
10061
18215
29328
23106
33867
33867
33867
32705
23058
17193
28511
32705
14555
33867
3624
5716
5716
16811
5989
5989
5989
10186
8499
24468
24468
23292
23292
23292
3853
22184
23292
20682
23292
33346
33346
33976
31954
1611
15934
15934
32924
33910
33910
15101
15101
16590
21437
21437
604
7969
24091
13471
20734
10762
10762
2943
34571
13250
2460
13250
8422
5554
2199
2199
2199
8987
21219
20202
21219
14730
32744
35181
34949
143
143
19691
10511
10511
19691
13800
19691
19691
18883
949
4295
18883
9370
19691
19691
519
3212
15989
19691
19691
13849
12388
20939
22472
6040
6040
6040
12762
4421
20351
27835
10724
8148
710
29584
25488
25488
12491
12491
4057
12491
25488
3588
27920
28083
29039
31151
2318
33438
5503
5503
5503
5769
27314
15655
11635
6336
17262
28157
28157
12949
13221
13221
14347
27544
24434
6159
2478
18805
20251
28157
16118
21830
29837
17934
9810
25635
33438
25307
27919
11083
28603
28603
28603
22350
864
33438
16065
1788
33438
27850
9415
9415
9415
27850
20143
27443
4371
26278
25574
410
410
8955
8955
3183
24211
24211
6219
26645
24156
16446
25930
25930
21124
34514
17465
13397
11029
9356
20073
1226
12100
3492
7989
7989
22046
22046
22381
21617
7173
21470
8766
21470
21470
14275
1886
27033
24345
20144
27033
1787
14359
34648
17934
21257
21257
23346
23346
23346
23346
3952
8970
8970
731
7437
12388
12388
12388
12388
22840
11310
16313
5654
31500
22716
4593
4593
17284
29489
24789
29489
8381
30336
18859
18859
22156
22156
25726
25726
9219
7175
6393
6393
7175
539
20757
14528
5149
14528
12427
12427
12441
14348
29322
29322
31500
13995
13995
19079
19079
19079
19079
21660
21660
26363
34949
5397
5397
5397
5397
5397
12981
12981
3147
12981
2367
6526
31039
31039
7594
7594
21249
21249
8154
659
21249
23784
243
23784
29321
29321
6122
29321
24984
15412
14423
27754
29321
34843
16240
16240
16240
16240
13568
12351
17043
8369
18493
18493
10807
10807
18493
13430
4784
19179
2364
12363
5777
4404
19179
11531
19179
9588
9588
11811
11811
7365
7365
7365
13765
16880
19047
27211
11756
21526
7467
21526
23183
6514
27211
27211
11280
31888
30259
16326
3451
3451
5748
11871
11871
10925
8061
3858
8061
8061
14008
19817
19250
14046
21289
20473
22178
13514
9615
26430
24246
24246
13639
24246
24246
28023
597
8169
29325
12983
11342
9568
2539
9568
135
9142
17202
14752
31625
3788
3788
14624
14624
13370
13370
13370
3937
3937
25755
13697
13697
26735
29723
14389
14389
27712
4340
19945
29678
28740
29678
26813
33794
11637
33794
7541
17472
4227
17472
13232
17472
17472
30185
18363
21175
2388
21573
20727
24708
33805
33805
25523
20440
10860
10860
23426
4503
24696
6816
24696
24332
7819
21138
21138
22139
13110
15829
13199
13314
3806
955
955
955
3806
4526
31498
24732
28600
24514
547
28541
18813
18813
32106
30275
13129
13129
13129
26969
13919
30275
25302
25302
17972
35027
17496
6216
6216
6216
1529
5369
5369
6216
7110
17496
8596
17496
267
267
267
23562
8360
9146
30842
23980
18915
16287
30771
5146
30771
30842
26289
3185
24709
5989
31145
18014
866
31145
21527
31195
30446
1557
27190
13459
12915
13459
15302
6492
1618
1539
33203
32775
9208
22327
3323
13315
32775
16059
32775
33886
16635
13376
9938
9938
3699
34341
12337
2895
12337
21335
4515
2092
4515
4515
2352
15458
15678
15678
11593
11593
14342
14342
2136
8574
14342
25375
25375
2960
2960
28686
28686
28019
28686
12726
28781
22578
4426
13992
13563
20552
19128
19189
75
75
12274
12274
12274
29
27982
12435
19491
5793
19491
5814
8901
17691
11817
26967
9009
9491
9491
11826
10206
10206
10380
11423
19926
19864
2782
16904
19864
15891
2722
20558
20558
10397
4985
4985
32914
5859
5859
4031
30595
28342
6311
24330
9242
24330
25320
27357
27357
18006
7480
34781
21033
15339
14624
15339
19938
21033
23077
11543
18809
7582
25732
13774
27496
1085
2279
30057
21926
28351
12175
5798
5798
19129
19129
19265
27129
9963
9963
9963
9963
11387
20215
27129
27129
30602
15839
8397
15839
22853
7805
27602
6980
31058
24143
24143
8656
663
663
663
663
9533
1362
1362
1362
1362
1362
1362
1709
4056
5765
4181
9533
9533
9899
9899
9899
13802
21228
21228
21228
12313
1204
12767
12767
9383
9604
12043
23446
23446
14986
24021
3533
27417
27751
4114
29187
15095
12176
15095
3673
22423
18550
25880
29187
29187
29187
16689
16689
16689
3088
26055
13637
13637
15474
14270
27735
15991
15407
1553
1553
32720
32045
32045
5774
5774
4249
5774
11926
30855
26381
30855
14604
14604
8677
8677
8677
33110
26252
26252
12479
951
10645
10645
10645
12479
12479
24840
24840
17472
27424
14142
20382
7413
7413
9706
31667
11987
11987
7415
12610
31667
32635
26260
7138
13118
13634
32635
7288
2301
2964
33110
25292
33110
22006
12922
22006
19378
19378
23537
3534
595
595
19896
14327
4201
19896
10327
18267
19896
3819
4084
33110
8132
8132
34240
1155
1155
1155
1155
1155
17429
17429
19081
21645
21645
21645
7939
7939
15302
15302
20061
21884
21762
4071
24662
9664
14002
14002
20263
4673
1069
16052
20263
6616
6616
20263
20263
5326
33193
10667
33740
21563
8809
5478
8809
16274
20251
19520
34163
17835
10127
10127
3703
10018
28349
28349
28349
12923
12923
20932
23715
23715
23715
9321
13168
13168
13168
34748
27552
27552
27552
7091
7091
7091
22141
6745
22141
22854
5261
5261
1212
10113
2923
9095
19221
27552
27552
33213
19982
19982
24243
24243
24243
14027
31984
27724
6943
14933
14933
18352
17705
26856
30152
3530
25653
980
12911
12911
5449
12911
14016
23247
16664
12291
7072
16664
16664
26930
25687
6725
33366
6707
33366
23380
23809
7533
14034
14034
22827
12574
13973
27888
1149
2609
9369
18417
12926
33654
28305
1385
21170
13061
10187
13061
15202
15202
28197
186
5165
23068
28197
26450
19543
24125
1457
1457
728
9796
10075
10075
22075
24758
28821
13797
10910
14624
25663
11900
144
28821
28236
316
316
4195
4195
32796
34124
32980
29639
17555
23781
2381
23116
5542
2897
2897
5542
12338
12338
15257
22973
15248
13187
13187
24569
33515
33515
24949
4658
14693
24949
21727
24161
24161
6723
7180
26679
26679
33515
33515
21636
26901
26025
4482
15929
34389
28380
28380
30030
30030
21130
34809
34809
10774
3990
3990
2408
2408
2408
3990
7949
3907
3907
3907
1574
3730
7949
3097
3097
7949
7949
7949
30569
247
247
247
7824
7824
7824
11158
11158
11158
12593
7964
7964
7964
11534
26564
7425
7425
28354
15235
7742
18241
28280
26710
22233
26710
23947
12403
28576
17228
17228
19495
28576
15376
4418
20881
30220
8295
8295
24291
4157
4157
4157
4505
20002
20002
30220
7319
7319
12233
12233
11268
24220
20614
15645
15645
15074
15074
15074
20614
30399
30399
30399
12061
12061
17143
16269
17143
17143
2519
7953
22217
26925
5967
5967
4312
4312
4881
22620
25857
89
15200
10359
20704
20704
7945
383
383
15598
20704
20704
20871
24292
5861
24292
26011
19601
20372
21955
19100
27749
1271
27601
23849
18077
18077
23849
19807
25466
25097
18102
25466
25466
14436
14106
27601
29094
11230
11230
9373
16125
3224
15197
26229
29094
29094
11954
19985
25492
29094
31234
7289
9395
9395
7893
13632
12565
29021
22130
11402
10361
11402
19160
26369
30884
16259
16259
10041
10041
16259
28222
24055
24055
8280
33148
25974
794
794
12542
12542
4180
8030
12542
25974
2005
31785
34327
34327
20246
17417
6216
17417
34327
18691
18691
5938
5938
3938
8423
16605
18691
12016
12016
12016
20473
17010
21446
21446
5626
5626
5626
5842
2386
27589
4758
4758
14614
9795
9795
9795
20760
20760
12195
19303
3217
4842
32175
8030
8030
22548
14311
3447
19103
17162
19103
1604
1417
21170
31590
5860
24313
21417
21417
29610
25672
1822
32175
15093
14823
3111
28549
10063
10063
7224
10063
21255
25094
14987
33730
33730
23376
28237
15141
15141
13907
2593
2593
2593
2593
8219
26541
26541
17386
17386
17386
9547
9547
9547
12007
12007
17386
6573
6521
6521
16086
11015
5159
27887
10829
1043
25715
1984
24955
7607
3047
2053
2053
2053
2403
3047
3807
10365
10365
15527
15527
15527
12513
21061
25851
1523
1523
1523
30703
4582
47
47
1515
1515
22629
2939
2939
10929
26786
16920
30511
29779
24110
30126
4285
14906
1335
25241
15239
8638
4109
7254
30126
33665
13270
34061
24819
12159
4174
13813
5680
26192
21170
302
302
26192
1164
1164
1164
17105
17105
5208
5208
5208
1096
5208
5208
10670
17105
18356
18356
8738
4205
15809
15809
25376
25376
13432
13432
13432
13432
13432
24082
5576
5576
22617
20166
12678
12678
26192
16844
1035
6566
21559
32327
16678
32327
31225
13713
13713
14906
9785
8655
19656
32327
29815
29815
13290
8946
17039
33776
21354
8760
21354
27011
20718
5473
5473
5473
5473
14404
14404
2162
19589
8353
19589
14262
19589
19589
20718
20718
7137
7137
7137
5000
17447
21735
9783
26032
16783
27067
24225
14161
26398
18248
18248
12109
27067
1321
1321
3244
27903
27903
12366
992
14292
10683
13491
14020
8701
14020
14020
4885
29259
29259
14834
14834
17341
18976
25328
18058
7098
8591
17078
20836
21071
14563
26375
15906
23672
27811
2664
3916
3916
3916
3916
8886
8527
9686
9686
9686
9686
9686
13254
13254
14887
14887
3970
9673
21088
21088
6118
10187
10187
1595
18809
18148
4085
8924
18809
20837
21492
17087
17087
17087
9410
9410
9885
17087
21025
16010
24369
24369
5707
16316
3186
27286
26782
2013
2013
21887
13993
18378
1339
21887
24775
17559
15340
2718
17559
24775
7457
6131
7457
3422
19820
8269
8269
879
26901
33223
9596
11418
11418
20718
29383
4026
29383
20488
141
3524
20488
26757
26757
21021
29988
15020
15020
9010
17127
12398
26773
26773
21155
33686
16160
27965
10470
28225
33202
16461
16461
19971
19971
26012
332
15151
34059
34059
29458
20490
34257
33815
25676
33815
23616
31583
14589
26548
13337
13337
5362
13337
13337
11414
26734
17306
970
26734
29084
27676
23505
29990
442
442
442
15416
9206
9206
2540
2540
2540
2540
2540
2540
13472
23623
19486
23623
23623
29631
1107
1107
1107
1077
1077
28526
12245
12245
12245
15765
10895
10895
23116
4321
16790
16790
23116
5521
23116
18056
24788
1940
23998
32237
6054
6054
6054
6054
6054
6054
1546
1546
27171
24989
24989
1838
1838
15836
2281
15836
15836
15836
15836
6454
6454
15836
15836
15836
15401
15401
16859
25882
2998
2998
4954
23050
15795
23050
8153
6137
11577
10622
23412
15440
17468
6884
4238
17468
847
7485
11045
29280
11153
11153
15222
13170
3008
3008
15222
14452
14452
10056
10056
15222
15222
15222
12998
7401
27640
10732
1357
6164
10732
10732
16826
19850
24140
19729
5844
18451
20137
6470
2527
727
11180
11180
11180
12395
15088
7925
10563
392
392
392
392
392
392
314
314
26410
7744
34353
31751
31309
14131
19286
19286
22672
22672
5047
5047
5047
20751
372
372
6674
6674
1288
2469
7747
8655
12396
14621
15602
19861
10225
10225
21132
3960
10692
10692
10692
10692
10978
10978
22750
5482
5482
7862
9198
11674
2579
19199
19199
21419
2827
2827
22750
23268
6081
6081
34353
22041
2147
7896
7896
34353
32588
233
233
233
233
29372
2286
2286
12988
9461
6052
19984
3019
19984
10850
31261
74
74
74
23490
15771
23490
22559
1660
4299
32744
34353
19615
20855
9250
9250
4696
4696
7911
9250
9250
14371
7094
20855
31305
31305
5621
5621
11480
16896
26371
28032
29164
31305
175
175
12304
1280
33938
16466
16466
16466
18055
22066
12646
10153
19754
17813
17816
6277
6277
3263
7444
11961
21968
21072
11388
23433
23433
2295
23480
9819
18730
11224
10821
11224
16700
10247
10247
9912
11466
24268
15425
14893
1499
1637
12862
12862
15265
10640
2545
23419
18586
9677
23419
24129
24129
19696
19696
24957
12344
15160
15160
25463
3374
3374
18283
321
321
1002
21597
7632
21597
14818
5790
9233
521
521
24245
24245
10970
7227
700
5148
7227
7227
22445
22445
24299
25639
31269
31269
13399
3991
3991
5820
5820
13399
17352
17352
24571
6529
7877
7877
28268
6434
4082
6434
10205
740
11568
17988
24785
28540
32085
32085
33378
23601
23601
27521
34546
34546
4390
4390
23252
21793
33305
18769
18702
7111
7111
24971
28113
34248
12514
21648
4952
17767
30045
20347
30045
12391
8174
9273
9024
6199
6199
6199
9273
8355
8727
9273
12571
1613
1613
20150
20150
20150
12112
7263
21660
16578
15716
15716
28485
28485
27897
21068
13032
21815
28485
28485
16902
30138
4544
24691
19477
1612
9966
3999
31030
34146
10664
10664
10664
10664
22557
12731
12731
12731
12731
16103
17280
34146
17135
15573
15573
10454
17135
2805
5407
7225
7225
7225
5832
3702
5832
20282
20282
14933
22745
13837
7246
18436
22745
29565
28470
22892
5884
32915
31912
30425
33164
25575
2757
25575
23316
9999
12904
12904
14208
30892
13564
20617
24780
30892
7409
30892
22149
21956
33164
24692
8014
8014
34988
22902
22902
19047
18937
18937
18937
18937
18937
4507
14213
24997
19250
7310
7310
24997
28753
28753
28753
28753
9326
9326
21012
678
6980
22201
22201
22201
23859
23859
23859
3886
256
256
10002
24520
28743
33214
30711
2626
2626
4373
11907
26586
15846
26586
6399
30711
33552
18295
17066
26758
7215
15126
33741
22740
22740
20330
22740
29260
15562
15562
24965
30973
5612
30236
34137
2516
34137
23203
21628
21109
2478
23203
25271
4310
4310
4310
11244
6342
21109
31359
31359
5874
4615
31359
20859
16236
7588
33066
31554
1263
6141
18098
18098
17059
10191
13409
13409
3688
21158
25572
18043
20905
18661
31441
29672
32495
22257
14166
17072
32495
24215
17720
29508
18290
6526
21071
20699
6112
21071
16429
34842
28307
2957
11743
10387
34842
25614
25614
21838
25614
20160
30160
5047
1254
1254
1254
13031
15794
15794
7728
7447
20299
18207
20299
8495
23424
11935
28584
13536
13392
14393
28584
29388
29388
34337
6906
6906
4181
4181
4133
6906
15879
9291
9291
32430
6471
3862
3862
2094
1321
1321
1321
14238
17885
30562
13104
11518
11525
8170
8170
8170
20648
2508
17011
13732
14602
9014
18438
20648
20648
16916
20648
25217
26346
2127
12163
2736
2736
2736
25069
21096
21035
21035
6086
22489
31501
6361
8625
8394
8394
1426
11750
28270
4898
858
17058
17058
3863
3863
3863
3863
13631
17404
25586
25586
6273
27981
10736
24433
15400
18701
4018
27570
27417
10157
398
10157
20417
24500
19172
476
16065
14466
16065
13496
13496
19652
16766
31858
31858
26198
14396
572
572
11807
11807
17459
2618
17459
23438
15742
33053
1201
32380
4521
4521
6970
6970
10184
11726
11049
25141
22961
32328
32328
2769
886
15543
25564
1450
1450
11038
11038
23778
23778
7860
25731
25731
13070
18058
12841
12841
30470
33828
19046
30929
33828
17885
20499
19078
15265
15265
16811
18545
35181
9984
9984
9984
9984
1261
1261
1261
1261
9690
9984
14719
15766
16668
12258
12258
2702
12258
13345
16668
15741
6280
6280
6280
26839
23620
4661
4661
28723
29877
9447
29877
21733
19967
19967
10076
19967
19967
21733
3344
25285
1235
7347
612
23866
30373
25743
25743
5278
25200
33364
3976
12713
3450
7625
20614
6672
30765
20255
20255
11130
5432
353
11130
2850
6567
11848
7952
20255
15256
4734
15256
30765
26772
20068
22300
4515
18937
26772
24314
20533
30765
13989
30765
29498
31361
26815
12709
20017
20017
8195
8195
8195
24456
32063
5389
5389
5389
10816
18744
21541
18945
3823
3823
13551
13551
28639
32065
26142
32065
10775
2669
2669
2669
2669
2669
8055
9230
9527
17574
1721
20560
28551
25287
15461
19845
19845
9225
10887
3266
13772
16930
371
371
371
13191
13191
8202
16930
17556
12316
18578
8136
19016
26966
26966
26966
13885
17298
26966
15153
29574
1606
1606
7338
7338
29697
29697
22912
22635
7045
7045
7045
28533
28533
10126
34533
25355
25355
25355
3137
3137
3137
2548
18356
23352
5544
20288
6911
20288
463
463
8249
31439
20449
1762
19878
25613
25613
22792
14324
14324
25613
25613
3026
3026
3026
16586
6960
6960
6960
6960
4756
4756
9555
18674
19066
19066
19066
7240
19066
19066
3807
22204
30064
6426
6426
6426
22669
17021
17021
3352
31785
11367
11367
7900
6472
6472
6472
6925
11367
6550
1725
6550
8764
11367
13455
13455
25191
25191
25191
13951
23716
25191
21311
12076
29044
19462
8991
8991
26351
4976
9229
19207
26351
10131
26983
26983
15908
11487
11487
11487
11487
11487
19296
19296
11202
14192
14192
14192
20312
24960
10870
10870
3301
3301
947
8895
8895
7445
2684
2684
13492
13492
13492
18271
18271
27795
14049
29140
18899
18899
18899
29591
1221
16040
25634
2521
17274
17274
12530
29591
15566
2043
2043
2043
5716
32410
12494
12494
4188
17736
1782
32216
3271
3271
7200
4461
32410
32214
33162
14448
5740
5740
13327
17376
15316
15316
15316
15316
19310
1155
27557
28763
14437
3979
19090
25638
33259
14732
14732
12541
12541
18785
4797
6423
34049
31796
20056
20056
20056
6497
6497
6497
3538
5895
5895
5895
12769
7861
20056
27540
29979
1802
1802
15418
29979
3819
31379
4412
11877
31379
32125
14031
14031
3081
17682
10395
7821
17067
22850
7094
17109
17109
22850
1531
22850
7666
2885
20543
25013
33391
11900
11900
11900
11900
15534
899
11666
18087
20642
13456
22916
27042
6465
18000
18000
11077
13537
2678
29850
22147
2955
22147
3987
3987
3987
22147
22147
12449
12449
12449
13823
5336
22147
15897
24191
9894
9894
9894
403
26986
23177
23177
16762
6054
6054
25764
26423
2231
20330
29250
16523
8969
22703
29262
15552
22854
20871
1320
1006
29262
29519
551
29710
23046
29710
29956
4374
4374
11744
19219
19756
2664
23336
26368
27482
10043
10043
27482
3594
3594
3594
3594
13294
13294
13294
29254
3295
3295
3295
8267
8267
8267
1555
30527
17061
9260
9437
29841
33537
16726
17799
33537
16815
16815
16815
10265
10265
10265
8687
15111
31400
23000
5847
5847
5847
18171
18171
26167
26697
26697
25108
27810
28942
21918
13069
5309
28942
3894
3894
7413
7413
14031
17231
16590
28555
18927
8398
23319
17310
17310
9999
9999
9999
9852
17310
23318
27721
888
27721
4987
20766
27721
29938
17917
21567
6840
6840
6840
8865
31921
10418
10418
10418
10418
13981
329
14655
8709
22148
16585
16585
16585
6650
15806
5743
18960
4116
2989
4116
6595
23814
23814
10451
26630
26346
26346
11335
26346
3680
6292
6771
5302
6771
6771
6771
6076
3324
3324
4712
4712
15769
15769
5137
7061
13619
6772
15769
20627
18325
19950
34096
3595
3595
3595
1639
1639
4820
4820
8017
8017
19933
9520
2689
5726
24289
24289
4951
24289
4168
24289
325
7888
26103
25334
16317
27078
27078
27078
28860
28860
28860
26963
3908
31871
18837
1513
7462
7462
24567
24567
2525
31871
14131
8475
6924
7448
396
396
396
396
7448
3646
14556
13384
13384
14556
16167
21795
34835
3635
3635
3635
573
573
3635
10577
16609
21476
21476
28144
26584
32810
29340
33163
19297
19297
19297
19297
7257
19853
16917
20275
21174
15250
10902
15250
28586
940
24212
19099
19099
9069
26280
25411
31564
24197
24197
25990
26614
9541
9541
18355
11482
35114
30945
25196
23093
3247
19455
10519
127
4257
866
4257
24615
19501
18900
25196
17988
24165
22143
11171
25196
25196
28992
24819
30945
34280
17579
6244
31506
27077
27077
8417
5846
27077
31506
31506
4754
4754
10289
7150
23885
22132
7615
14906
14906
14906
16177
1438
12884
16177
16214
32137
21796
13464
13464
21796
11405
5764
5764
17670
187
28118
2861
2861
28118
28118
25767
5908
5908
7073
7073
91
9958
28118
13525
2236
2236
2236
2236
24861
24861
18141
15490
15490
18530
14578
14578
1727
11211
26095
28377
25690
25690
6492
6492
19516
18548
18548
33460
2558
2558
2558
17923
15127
9991
9991
9991
18463
15256
25095
15597
13798
30639
30334
30639
33200
8906
323
323
8106
15422
33530
24767
9869
637
637
637
2987
9869
6343
81
1393
9083
11467
23549
9406
6959
8186
3618
26662
26662
26575
20520
33661
27424
33661
6599
733
733
6599
15767
12539
15756
15767
18841
20649
12955
20675
15417
15417
10655
15417
15417
14909
3688
14909
10717
11122
11874
8466
18433
10873
22576
25803
4379
7549
3909
7549
22874
4795
7294
17706
25803
20454
25803
16352
16352
12677
7352
32657
32657
21915
21915
18053
26711
4189
337
337
4189
4678
11529
25896
3640
12632
12632
12302
24770
10727
1914
1914
24770
10479
13789
28301
763
22647
25463
2650
2650
4767
21562
27522
27522
6435
6435
13353
27522
10281
10281
10281
5339
10281
5031
19609
21669
15471
21669
26853
3255
14927
14927
14927
2693
2693
12126
26456
13185
13185
20531
18946
17765
33373
33373
4486
4486
30544
30544
15121
3962
31442
29956
22258
21917
16980
31401
27361
27361
10115
10063
4790
27361
27361
27361
21854
2199
2199
16569
21854
21854
17625
25558
8431
8431
2454
18737
18737
18737
18737
18737
1898
18737
5335
112
112
5335
5335
5335
5335
5335
18737
20274
21377
22713
21193
17849
22713
6319
22713
29976
1951
1951
1951
1003
13408
701
1393
1393
1393
1393
22393
13409
3790
3790
13409
13409
12808
1103
12495
32420
18156
18156
3329
18156
3178
9969
9969
605
9969
14876
3164
25363
13240
8845
14217
25363
27286
11197
27447
2734
16020
16020
14030
16020
18200
1268
20273
20273
8844
32014
26676
11226
11226
16043
2880
16043
19744
26676
12153
26676
1402
1402
1402
1402
31521
31521
32599
25396
24857
19203
17121
10940
909
19203
19203
167
10330
7069
1501
1984
7069
5199
18965
8177
8177
5185
5185
5185
9199
20845
10056
4525
25396
28582
22440
22440
16509
22409
26674
16632
19290
1227
26781
23476
3505
203
28582
20365
20365
14272
16567
16567
16567
211
26387
16767
10719
1272
1272
1272
1272
1272
3378
10719
18435
18435
26568
20629
14308
15848
15848
19608
27588
22486
244
1255
22486
22193
11871
23381
23477
23477
23477
27911
30470
1341
1341
1341
4487
5347
1252
2818
5463
5256
5463
8205
25337
7525
19093
1122
154
5736
1210
22118
22118
22727
7688
7688
5228
5228
4541
4541
8958
14141
32599
9126
9126
750
74
74
9409
9409
9409
15417
10043
15417
15417
16594
16594
23849
19980
1974
5513
25136
20379
12476
10867
10867
25933
31065
30526
10612
10612
18784
18784
4790
1876
23712
14476
20261
31273
20014
22305
5734
2585
22830
13282
5003
22830
22830
22830
22830
29931
29931
27717
14528
29369
34263
7101
7101
25056
10885
13706
2966
26050
26640
23233
6089
25933
27540
6895
6895
12159
17854
17854
5870
17854
33193
33193
21733
15033
4715
4715
9379
9965
10508
11673
26676
27213
32852
15453
27382
31490
29394
34304
2422
26691
18099
15700
34526
5326
5326
17775
15181
10813
10813
10813
9171
10813
9265
20067
1088
8229
18114
34526
23748
1515
34526
22977
22977
34122
28381
34122
22642
29488
14206
26718
11491
11999
4125
2925
4125
4125
12567
5739
6163
6163
6163
28798
28058
28058
26614
16106
28798
1481
28798
6566
6567
6566
6566
2880
6566
1036
5854
5154
4504
15085
15085
15085
15085
15085
17013
4999
3118
22559
23056
6168
5668
2511
5668
11441
14096
16118
9862
16118
14472
16994
5454
7317
7317
27342
6625
34874
18352
2821
16323
594
594
16323
18352
12396
18352
7644
20963
20963
20963
18178
26336
26336
9553
9553
9553
9553
9553
24294
24294
8456
24294
27445
27753
18024
30976
30976
2053
2053
17432
6284
11387
30976
32825
9296
26922
11521
32825
17131
28762
119
8604
15522
29885
6939
6939
23460
16690
16690
16690
32384
390
390
17716
17716
13309
32384
3841
3841
27140
5104
25884
27140
27465
16
27523
20202
30252
12436
11733
12436
21735
30952
17412
17412
17254
13355
13355
10081
5457
5457
5457
13243
13243
29166
16469
29166
29374
29374
19801
29374
3247
3247
11869
11869
8632
11869
31704
32533
21613
21613
21613
32533
32533
22174
22174
26090
22848
19805
3873
19805
3467
20512
15922
15922
13902
15922
19231
17808
17808
10194
17472
33736
25129
6432
34885
25825
25825
25825
25825
834
834
834
834
5691
5691
4879
10492
12859
24942
25825
8448
8448
22600
17681
17681
25999
10829
10829
555
19030
5958
5958
15444
27606
18373
22519
11174
3233
8181
11174
11174
3837
11174
2003
2003
11174
2121
15800
15800
21503
4239
28375
24329
12766
12649
24430
13780
24430
144
24467
19582
16988
12785
28874
2508
24983
24983
24983
27388
23909
23656
23656
31437
21143
21143
15567
15567
8201
7728
16564
16564
21143
4526
28369
22629
12362
3400
11854
5413
5076
10713
1455
18496
22629
19174
3714
18732
22629
8912
8912
2262
17747
15757
15757
7070
32608
30509
15302
15302
17830
17830
30509
18777
30509
10524
10524
10524
33479
27209
27209
22942
4937
27209
19511
19511
19511
22089
6757
6180
1942
12903
17470
13312
24074
30937
24363
27914
25336
16542
14429
22990
10529
15878
2555
15878
16024
23018
33890
27637
17939
12541
17939
12901
27340
10231
10231
984
27649
27358
7183
27358
22842
21879
32650
11398
13473
34346
34346
29188
28291
7385
7385
7385
9782
14291
17488
11387
18593
30441
25767
30441
9607
9607
13022
30450
28984
8961
8961
26277
20527
7821
654
654
23358
28361
28361
28465
28321
28321
1826
28321
26487
4614
326
28210
16869
14705
33025
5362
30575
9482
7467
34561
17587
2587
27915
2418
23991
20380
34561
34561
10603
10603
10603
10603
16864
18537
7442
17899
15115
13407
17899
13382
30366
12706
21778
18858
17005
32092
32092
22519
6765
6765
6765
24045
24045
27816
27816
27816
4899
27026
26521
26494
26494
19306
15749
26494
14465
14465
20607
8406
25421
16603
13780
13780
24132
26765
33630
11613
11613
9413
27639
28660
23117
25600
16980
25600
21063
7885
5192
25954
2722
5280
19350
3055
9378
9378
33630
33630
12427
19420
19420
8054
14101
24030
21725
17465
13404
15544
2311
2311
2311
24887
34382
34382
26410
26410
18764
15540
26410
27636
3785
3785
3785
2482
3785
6763
28441
5994
29387
28769
34515
25837
2987
2987
9583
25837
2680
7400
7400
26576
26576
27182
10719
10719
10400
14406
3702
27182
4765
24124
23445
445
15699
13457
13457
27910
6498
6498
584
6498
6498
12471
26981
15141
15141
13036
10025
15141
27438
28785
27631
27631
27439
24112
31846
20175
17762
817
817
817
3690
3690
12285
4548
12285
669
669
20175
20175
20175
1179
10136
23561
25889
1300
1300
2880
18831
20531
22000
2374
6579
11675
11675
31848
273
12169
4497
12169
17302
14057
17302
4085
4085
2455
2472
2472
2472
4806
4806
13859
13504
19342
30085
21584
20030
810
30913
28023
25193
15805
10564
2895
10564
104
15235
25195
23167
27573
27573
4239
28641
2848
28463
11616
17019
9962
165
9962
20179
2854
23417
26615
33339
5811
21112
7615
33822
23475
26242
1690
32322
26438
487
25433
1256
34178
4721
4721
4721
21849
34966
4196
4196
4196
4196
4196
4196
4196
4196
13414
14752
19279
12611
23955
12530
12530
12530
11168
11168
11185
5420
3339
5420
14953
15002
4333
8816
15002
18039
5826
5826
5826
23062
19412
18544
19412
28972
26024
18869
3894
13807
7870
28972
8275
8275
8275
20099
30302
4425
4425
12726
30302
30302
6586
12127
4684
4106
4684
12127
9796
293
12127
754
14182
342
4049
14182
8682
14182
8018
13494
13494
23741
18656
6690
6690
17902
25106
4150
4150
4150
4150
20226
17715
9536
25106
5576
5576
5576
15660
8925
18737
2701
19209
28596
28596
19703
24871
10317
8548
10317
13485
8241
2494
6555
32980
13639
11405
4158
4158
7908
7908
13639
12407
3837
1005
5549
5549
5554
5554
2872
20102
20102
18544
9749
20663
22220
9713
22770
26176
29463
1009
7585
31353
20164
20164
6146
6146
6146
6146
7986
10458
8167
10286
13441
13441
24101
20835
20835
7251
14222
8223
14222
26883
8748
26883
27192
28328
21262
16240
16240
26607
26607
28020
2530
32980
24788
33684
33913
26101
14893
8272
1186
1186
1186
1186
3219
8272
14893
16279
10089
12640
16029
14547
1269
24832
1691
1691
24832
24832
20687
20687
20687
16771
26824
26824
26824
20078
8314
27434
19430
19430
15175
27042
27042
2459
26763
26763
23422
26763
29215
25038
4430
24108
9755
9755
10798
14322
30540
17327
17327
32668
32668
14463
1439
1439
5282
23253
27472
23450
23450
8524
13291
8937
8937
8937
19371
16931
16931
16931
16931
16931
1612
1612
1612
5430
5804
6664
29844
5603
5603
10839
29117
29624
31030
24428
1688
1688
1688
1688
21208
21208
22236
9875
22236
22236
22236
28253
20090
12645
12645
13483
14510
20090
9052
20772
20772
22188
2487
2487
2487
2487
14001
25871
4527
6855
2117
19022
11376
19022
7280
23252
27899
7963
30535
11741
11741
3681
3681
10726
10726
31696
8653
11639
17678
13245
13245
13938
18220
18306
32265
26110
26110
26110
26110
5804
2958
30260
29096
22967
22967
637
10324
11494
22967
11925
8601
22967
25624
21714
4363
25224
2018
22764
21115
12924
22764
24754
24754
24754
19174
10062
10062
10062
10062
703
16431
4150
8571
4327
4327
8571
12990
17648
22076
27234
10166
10166
2004
17027
18364
22447
32813
18802
1615
1615
18802
18802
18802
14417
20815
23373
33226
22045
11995
126
126
3353
5526
8240
19015
2389
19015
17831
19213
22045
26955
26809
26809
26955
14193
15766
26955
29138
7539
20998
30462
12933
8280
6774
31162
11708
31719
20539
17227
17227
3155
31719
20682
9574
32615
13948
9286
13948
818
18836
18836
15828
29754
2964
29754
30646
22537
11845
11845
24432
24364
24364
5645
5645
5645
5645
5645
5645
5645
5645
7771
13948
13948
13948
13948
18315
15146
11010
29849
29849
1989
29849
10607
10607
2547
2547
10607
11623
12384
13653
15482
15482
15482
15482
27322
27322
26046
13952
13952
15131
26046
24996
14716
2267
2267
3607
7052
7052
13428
9459
20814
20814
20814
22600
13562
15751
15648
23018
23018
20271
10422
20271
13487
23018
10424
23018
24063
14736
26192
16920
11823
16920
12381
19432
20244
4952
26892
11412
1943
1943
2092
11412
16827
4987
22355
13179
30654
30654
3875
3875
9116
26748
13466
30654
14647
14647
10606
10606
17176
11845
7158
7158
2479
28201
17580
2744
5743
8592
9260
26204
21453
31663
27555
5495
31663
1616
31663
18851
24158
20612
4811
19925
23852
30653
33850
27189
26715
28200
3143
2922
3143
3143
31908
13967
31005
31005
4709
3870
7925
24893
14363
29857
15976
15976
16646
26886
9212
12592
20369
9260
1722
7993
9260
20011
23992
23676
13259
2288
28018
13494
1871
1871
681
681
10020
12413
29409
28072
14929
1410
1410
14929
3570
25318
25318
14136
14030
14136
29165
24392
13125
23074
13015
7698
31821
33193
8634
21652
33193
19591
17354
8022
8022
17166
20716
34135
8399
8399
21050
17835
34135
8177
8177
9551
14736
23939
29860
10391
16925
14177
12302
10745
34135
22125
18198
22125
1310
27540
27540
30042
34808
27619
27619
9985
9985
17666
8373
8373
12829
17014
16527
17014
7590
22717
2485
30587
21589
15077
15077
14707
2326
5410
23427
22285
22285
22285
34996
29848
14664
14664
14664
14664
5194
5194
5194
20110
20110
7644
7644
7644
16093
16093
24777
27824
5242
5242
10781
10781
10781
10781
13690
18659
24043
3670
23525
24648
24648
32477
25886
25886
17286
14135
10257
25886
4996
30288
30288
24304
14205
9553
9553
9553
2926
9553
15822
13683
4538
4130
11140
13683
15822
22649
5615
1848
11851
30932
13493
8235
16224
16179
21348
21211
3360
24793
6281
1611
6281
6281
23254
24231
19279
19279
24793
11578
28311
28311
18107
11470
11470
27629
1058
6849
31031
31031
33270
30577
12923
28780
480
12582
12582
12582
20798
15487
31123
31123
8654
6408
12277
8115
8115
12277
12277
32497
23758
16000
13145
6441
6441
10505
10505
10505
20326
20326
11729
11729
11729
30746
15026
31291
31291
25020
2005
2005
11024
8327
16024
21483
28271
31291
6005
13999
3512
5391
5391
14921
14921
12815
12719
23281
23549
10523
4634
4634
4634
12246
12511
12914
632
2166
16657
18054
17670
20016
21586
14733
29698
33052
33052
1436
34468
9185
3143
21744
19347
19347
4134
18708
6414
6852
6852
6852
32977
20190
20190
18229
5789
5789
5789
7600
19845
19845
23979
16561
23979
18998
25288
27615
28403
6978
6904
7052
28403
32392
11528
4269
16003
16003
24049
28808
6241
28808
28808
8588
28615
28808
14368
4835
14989
2214
2214
2214
3818
1647
3818
8035
14989
684
6500
16074
20459
28063
23502
23502
24308
28063
30086
30086
21729
25807
6003
22806
10013
32029
14395
32029
32029
6204
10488
34535
9029
9029
11972
20139
34535
34722
6341
6341
6341
5706
5706
15382
15382
6943
31395
16628
31395
31395
21585
15044
35080
13188
7847
23491
16765
35080
34171
35096
987
35096
18486
18486
30370
11896
7800
7800
61
61
61
61
6146
4821
8333
6737
8333
11896
12726
13404
17464
17464
19802
27131
705
705
4604
4604
4926
6872
27131
28323
28323
23776
9370
3562
817
817
817
817
24863
24863
15485
17484
22659
22659
24090
21248
10633
11338
30370
17798
17798
17798
12893
12156
12893
11693
11693
7356
7356
7356
9932
26362
9063
9063
9063
13458
12786
1532
1063
26362
20338
17977
14899
17977
10107
5449
2653
20338
26694
11310
26694
25040
19902
7190
7190
18980
28001
27910
17837
17837
3238
17837
8970
13124
8783
14610
14610
14610
4009
4871
4871
17523
26751
25103
28069
22973
28069
20210
28434
12261
8951
28434
18197
6758
28434
3657
30483
1487
4450
23082
7424
23082
8374
23082
23568
14861
16132
33113
33479
20535
2689
2689
2689
2689
2689
1529
14560
14560
13290
14560
14675
14819
32741
3204
3204
3204
3204
3204
3204
13879
16998
11317
11317
16998
29508
32741
30503
5170
5170
3061
6445
18419
2470
32414
18844
22040
32575
4043
33656
305
27024
20892
31829
21638
24725
31829
21302
6282
6282
8532
8532
6531
9706
33656
4498
4498
24303
13378
3436
33428
35109
33992
22719
27413
234
19167
19167
12238
3360
12238
19167
19167
19167
13318
13318
18143
18996
17660
19167
10137
1753
19902
9839
13484
11065
11065
21500
21819
21819
5992
21965
1722
1722
8333
4250
21965
21965
26950
16171
27413
496
26539
27436
27436
27436
30224
17877
30224
2490
2490
7661
30667
8648
28494
26122
26747
12844
27140
29237
21456
5566
5566
5566
21456
7279
6364
2311
2311
26631
18887
18887
18887
13211
591
591
5112
239
17765
17765
18039
20712
20712
16927
7717
7717
7717
25542
25177
24006
24006
5030
3628
16000
5682
5682
10623
14824
890
27466
27545
29633
29633
10844
8480
31486
3218
3218
3218
3218
3218
3908
31688
2996
31688
31688
20224
14513
14513
28122
32679
9486
8597
29104
31230
24396
22933
32679
24501
3952
3763
24501
20357
15972
33709
2775
26666
32625
28964
14185
4913
15938
22070
22070
7064
28704
28704
28704
33850
26724
30306
6277
4216
33850
30144
29928
10713
7544
6419
6419
7544
3756
168
10713
15099
33340
19684
16393
19684
11755
23508
32249
27545
30585
2471
2471
22342
22342
22342
2791
9353
24188
25536
25536
23678
24910
12975
11915
28517
10550
24905
28426
24078
7833
7833
33340
24872
19548
12201
26439
24247
5442
5442
5442
5442
17555
17555
24247
1992
11787
18457
26828
4171
10404
28927
20296
16014
3363
14902
16014
13549
14222
6852
24918
7101
13955
18856
23543
19929
28927
28927
11521
20593
19430
17028
15843
17916
3093
17916
18706
17188
13434
890
890
30808
30808
27462
25135
27462
3616
3616
18679
5235
6830
6830
6830
9064
9064
19925
272
2667
27322
17246
27322
28219
6519
25698
30923
12294
12294
27083
27083
24772
27083
23388
23388
10689
4329
4329
4989
8106
8106
30652
26451
30652
30652
11630
27863
7027
7027
14112
32025
23311
20730
17432
7034
218
218
218
17942
22076
22076
17182
31161
31161
7467
1648
965
7467
25421
28368
21015
11035
11035
11035
12906
27500
20778
30355
17664
30355
16747
30355
1902
15425
14674
15264
28286
18170
26211
28286
28286
33225
33225
17006
6744
635
592
6744
3769
11143
27287
19842
30607
16338
11183
11183
16401
7066
7066
16401
18586
18586
22697
22697
4924
26091
729
28745
4771
4771
4771
1105
1105
27149
12347
12347
2008
13058
29351
1770
3113
17911
12778
21841
21841
794
20085
22712
30288
30288
29253
30560
30560
5313
24281
14248
31851
23710
23710
15746
31851
28290
22654
30244
27326
10159
7935
7935
7935
31400
27052
14190
6282
14190
13274
28636
24764
28636
28636
8424
7889
15564
20036
441
6415
6415
5537
26708
13581
13581
13581
23511
26708
6800
11955
3112
11955
7762
7762
7762
7762
7762
7762
5013
20573
20573
7667
23555
19608
17734
23996
6028
23996
28759
16077
12936
6319
6319
11274
11766
30353
772
6891
6891
6891
8424
4891
818
818
818
818
818
2248
2248
3792
6065
16648
14234
14234
13480
23044
23044
23044
18112
15409
10581
7492
26538
12838
12838
12838
18850
2745
17636
18850
2224
22111
14062
19304
32633
29498
10419
10241
3813
3813
9144
843
843
843
8352
15379
10912
9002
9002
1890
15379
15379
15379
16065
14186
17542
14738
25738
25738
10815
23300
28914
1078
28031
9264
21447
5425
32975
16605
11909
3957
13893
13893
13893
25550
5059
5059
5059
11224
18042
24033
2112
2112
7227
29670
26351
9211
26351
26230
11969
593
29480
5065
21027
15965
25151
22596
19129
8304
22596
16166
26452
26452
26452
20613
34163
24983
13287
13287
23834
31967
1424
1424
1424
3167
6166
20578
21673
21673
26270
28163
19055
9235
29462
29462
28859
29895
15343
6500
20245
339
14389
9676
14389
6316
22317
115
115
4831
4831
15592
24333
11238
11238
11238
12317
4224
20725
21526
7537
24333
28007
7518
23099
11266
10445
10445
10649
16255
16255
16255
197
197
6771
34163
23165
23165
2901
2901
5494
29249
21465
21465
11051
923
27475
7463
7463
5272
27902
28191
21144
3249
21144
21144
16421
26895
4444
7604
1685
1685
1685
7588
7588
7604
8979
34225
22375
11470
11470
604
6357
16900
16900
32091
32091
32091
32091
32091
32091
13399
6998
9807
8435
32091
20697
4293
13544
13544
10227
19721
7025
1425
19721
9418
20955
7859
7859
29694
6806
23379
29694
31743
7707
17998
30226
31743
28832
25325
26525
12409
31743
9472
29794
6590
15730
7575
20435
20435
15973
30967
23242
19307
19307
9285
19307
21345
18848
15915
22126
8091
22427
1700
12037
27742
6004
30669
4403
23311
22022
2586
2529
2005
2529
7179
7179
11598
11323
22494
22494
22494
6285
28210
28210
6711
23832
22440
29753
26054
4823
4823
5473
19993
19993
18891
26054
27556
18404
27556
26881
27418
15339
3445
31782
27740
3745
27740
1122
7393
10251
11439
21803
25878
13602
30497
31782
17451
19181
19181
19034
6166
6166
6166
8479
19181
8712
8712
7740
22539
22539
24343
20442
209
24343
24343
24601
6317
21315
16477
21315
19273
21315
21315
7215
7215
12744
19913
7531
30501
18092
10290
6762
10290
3376
630
630
184
9945
18092
18274
30501
17243
27116
10602
30501
27434
23002
11061
10568
30501
13235
12869
13543
832
30501
30741
8552
15369
30741
6317
30741
9235
9235
9432
10087
30782
29090
26453
26453
1772
6941
26771
14067
27056
17587
17587
15074
7125
20766
27056
2713
27056
12850
2451
23066
23066
31988
27545
122
122
23044
9098
18354
18354
18354
2097
5807
5807
5807
25740
25740
25740
2264
2264
24148
2508
2508
11681
6275
32675
8959
2495
2495
8959
11590
5988
5633
4441
11590
16638
25324
24481
24481
18807
2369
21836
15154
10323
10323
15154
15154
32312
3063
21759
21759
27366
21391
8900
8138
8138
8138
8138
2032
8138
3000
12442
21566
11822
11822
11822
14841
14841
27205
22101
27205
8838
27205
27205
31532
21333
7870
31859
11878
7351
7641
4435
11878
24569
9406
18332
1563
699
699
31859
31859
18290
31859
7290
19114
26449
11504
11504
2066
954
954
7241
24655
26712
26712
21691
551
33116
19367
19367
29325
14256
3251
4706
33116
27463
27463
1073
27463
27441
27463
20378
31741
35057
1691
35058
15312
35118
35118
10047
10047
8553
8553
7389
7389
10047
12371
6955
11143
11010
5392
11010
12387
15391
12024
8235
3874
3874
12024
12024
12273
15391
6163
14258
14258
14258
25794
25794
8018
19383
12279
6112
6112
13600
5984
24605
26552
30501
14137
14137
5983
2066
5983
15256
15256
30501
20235
30501
14039
16100
16100
18092
18092
18092
2908
8457
7254
12429
18155
18591
4030
4030
10463
11508
30784
17894
17894
17894
17894
17894
17894
3110
3110
21907
17594
14146
17733
21907
7772
7772
19040
15024
19040
22895
26355
15983
5343
5343
5343
6555
6555
9889
12759
18361
7222
7222
29469
27741
1442
29108
10942
10942
18714
6748
12574
12574
28847
10136
4
28847
23499
21273
3293
3293
21524
26445
7586
26846
14457
26846
16184
16184
19778
17690
17690
17373
17373
17690
435
28953
17460
24003
27496
19209
24733
28953
16764
17439
17439
17439
17439
17439
1181
25072
25072
5171
14787
2984
19910
23922
26387
26387
1999
1999
31229
28070
12463
12463
12463
8129
31229
31229
19672
433
433
19672
11330
21758
13584
29806
6325
29806
29806
15869
30732
6417
20193
24640
11152
30732
22661
11095
11095
5965
11095
17454
17454
22661
26051
17052
6937
10436
10436
20085
13465
1433
4089
4089
9833
9833
9833
2744
10977
25258
4366
4366
3776
240
3225
14253
25399
10502
10502
10502
10502
14598
15991
25414
10550
19468
16851
6802
23712
19468
32769
12244
13268
9747
13268
14466
10943
211
24148
31260
21811
8571
13160
27260
27260
23536
7227
23536
27260
19264
27260
4106
31232
17309
9559
15560
31379
31379
26169
7258
10529
10529
10635
10635
14151
11314
24783
9922
23930
25785
30122
32767
13718
11482
11482
21235
21622
25456
23605
34060
18978
1560
1560
1560
11975
7003
7003
4562
4562
7003
7003
11975
11975
13305
13305
24699
24699
24895
29385
30388
29756
15607
29756
19590
12577
6600
11914
21457
29853
28281
5597
17492
17492
33906
15412
12604
25911
35118
19194
863
863
863
863
863
863
9701
9701
9701
7849
7849
6733
6733
8793
9701
18134
18134
18134
19194
3722
19194
3732
9144
11547
5687
5687
8093
9901
1233
14882
20778
21433
21433
23268
21365
14631
23410
5366
8383
10582
10582
10582
6686
11073
14114
15598
21061
19571
27230
18838
27418
28489
1933
27879
25513
4696
719
15196
5751
23611
29850
30789
16354
16354
30789
31081
31081
31176
31176
4385
4385
4385
3738
3738
4385
2833
5649
14457
14457
16674
3406
2519
3406
4514
6570
6570
1286
31167
13694
8097
8097
13694
10166
15338
15338
14913
14913
23898
3750
23898
11059
25577
25577
7835
327
6947
26404
32413
5929
5929
13141
19093
4299
19093
9032
530
530
25409
10496
1159
1159
17133
12180
17011
21143
540
21143
13230
12591
2
28909
11471
28909
29260
4986
4986
7178
17442
9060
25078
4779
4779
4779
3137
30779
9755
28732
25670
8767
20842
13089
10035
13089
2763
15799
18904
11248
11248
11248
4240
758
4240
24806
25207
3314
3314
33726
33726
34734
3878
3878
3878
3878
3878
3878
12364
12364
14063
23371
10747
16977
10115
7316
7316
7316
9668
9668
8835
23950
23950
23950
11916
17595
25267
27562
20694
27562
17252
17252
19649
8251
15651
19649
21714
13494
6085
6085
6085
29312
29312
16667
140
140
3274
13731
12522
19983
2941
19983
7311
11775
11775
692
7210
24411
17979
17794
28413
17119
33035
22664
972
972
19442
13304
19442
25810
25810
13541
25823
8547
25823
28620
22443
27221
4396
4396
12430
26563
30522
16463
19543
25786
4048
29566
17602
16534
17602
2808
24730
20707
19841
19841
33708
3179
29263
4462
20549
33708
15575
15575
5129
13879
1073
23332
34580
8846
8207
23005
23005
20159
20159
12375
27876
11297
27876
28345
26428
284
13237
6103
10929
13237
28474
29421
28125
17225
10568
22384
22384
22384
7206
7206
20074
15322
15322
5011
10708
30646
25366
25366
21883
23797
2747
28630
32255
29242
31752
24570
16973
5448
8542
34734
5400
5400
10542
9830
1983
1983
11974
11974
16803
16803
16803
24073
15809
17535
17535
1435
1435
4030
8764
15458
15458
35148
24143
9365
2684
2684
2684
9365
9365
2953
2953
9365
3581
10257
19417
22105
11128
22193
23275
23275
23275
12851
11298
23321
3766
7489
10302
10483
10483
23410
14155
23780
24463
25105
25105
19288
24888
21649
25105
17707
25796
3250
3250
3250
13827
12005
20149
6852
21764
29337
29337
16267
16267
16267
12479
20943
20943
23012
29337
29337
29337
8393
8393
31303
31303
32990
4115
4115
12869
12869
8486
1382
1382
8486
12869
13605
22499
22499
27197
27197
26857
13013
27197
27990
27990
25201
29466
11432
4704
11432
11432
15096
2007
24369
30285
18954
18954
18954
14465
10329
5551
5551
13641
13641
6461
5255
5255
5255
5255
29508
27794
9344
27794
21741
9413
9413
9413
13313
21741
23863
3814
12443
24971
27278
10637
13622
20251
20251
20251
17826
17826
17826
17826
17826
14605
7528
7528
7528
24749
28931
10109
28931
2094
8938
8938
15787
5326
33384
33384
10360
33384
22320
22320
22320
20914
12277
12277
33687
34162
17415
12169
12169
16630
11140
11140
16630
17415
15093
23561
2151
18630
11932
10735
9627
23561
2973
31769
32910
7139
7139
13602
13602
6982
6982
26120
7342
7342
833
833
833
833
9101
17029
8319
2086
8319
17029
17029
13123
13123
13123
13123
13123
13123
1175
19229
19229
19229
13110
13281
26120
28382
3421
3421
2247
2247
1786
3421
3421
5051
7008
7008
6040
16536
16536
11798
20008
8273
20008
22284
2198
25552
29753
1731
3248
3248
3248
20447
2509
20495
20495
25269
22733
25665
31078
31078
25345
8101
8101
22220
2595
25345
28511
16669
21680
29973
31528
19566
31528
7219
33781
292
33781
31424
30307
16029
12584
8339
8339
8339
12584
12584
13078
13078
15226
16029
25032
3160
7930
16851
5403
16851
9853
9853
9853
9853
9853
12545
12545
11903
3503
18166
19809
8645
8645
18024
9339
5975
5975
5975
6368
16484
20101
23315
23315
7748
27356
6219
32530
32530
33686
23641
23478
94
16691
11067
23478
26105
2421
105
26105
32756
32756
29099
21583
7099
21624
7130
14712
5096
33129
9526
9526
29286
20211
25299
8158
8158
8158
9888
26175
19064
27052
1624
1624
33535
31921
144
31921
31921
3442
3442
29828
23387
23387
23387
23387
23387
8326
23387
23387
683
26115
26115
27844
27703
13049
25217
27703
3688
21510
19463
4135
1919
19463
30663
23688
34618
4880
4880
4880
8642
8642
8642
9890
9955
6114
2629
15218
17760
29464
19072
19072
7215
9205
16043
1810
10412
10412
8747
7948
5884
5884
5884
5884
8747
9927
8959
9927
3657
3657
15912
15912
20534
22724
9541
22724
17549
18461
10114
10114
3787
3787
2273
2273
26003
8789
8789
8789
5902
5902
5902
6846
26003
1601
873
1601
27179
16972
27179
5299
11227
11227
10693
8945
6240
30567
30567
15867
24686
33242
23896
22616
6161
5650
19091
21553
21553
32526
11014
14604
14604
18480
21952
3308
28247
6285
6285
15330
10264
13100
11499
13100
21672
3874
33068
24384
33242
25868
12245
12245
12245
19003
1756
1756
9671
3656
774
25868
29971
29971
13703
4679
8590
14194
12294
28519
10110
34492
2864
2864
2864
2864
10646
21126
21126
21126
26500
13765
13765
17012
17012
17012
11051
18062
32147
2409
2409
2409
2409
1964
1964
1964
15633
6242
13292
16199
18081
19687
19687
21417
25581
25581
21185
8502
8502
15554
26593
16166
7102
26593
17308
10384
31436
21886
10427
20977
10995
21538
33403
33397
26847
27261
27261
22006
15188
25078
20852
19933
20852
19902
12163
20852
24172
3354
3354
10613
23647
10722
17241
17241
28610
11839
11839
14160
16703
27327
27327
10674
89
27327
14812
25593
13114
13114
32988
30065
23099
23099
29474
13
26452
364
364
22302
1436
22302
4485
13611
23679
30277
30277
5320
5320
5320
2013
2013
2013
5320
14982
16302
23730
20139
6917
1285
1285
2662
6917
32368
16917
12569
11125
11125
11125
11125
11021
11021
11021
9665
2688
9665
29082
3076
29082
29082
20804
20804
18164
2084
21672
10918
4079
22708
13169
22708
22327
1073
29082
8986
8986
10970
12481
17012
29082
15845
11418
32629
17106
17106
32629
32629
23673
17267
17267
17267
17267
17753
17753
34145
15712
30567
5326
2685
2685
10876
10876
10876
1381
16681
16681
2074
24605
10802
25748
26905
22058
28435
24194
27956
25209
19960
19960
19960
16696
16696
17142
15741
19305
18133
11518
9123
9965
11518
19072
19305
16315
12835
2412
19305
21884
28843
28941
18096
9118
1210
1210
6221
15479
24813
31646
4523
14401
2279
2279
14401
17601
31297
14989
33390
1463
1343
1463
14475
23842
5653
23842
23842
34606
31991
22318
3459
1369
28708
25883
994
26159
3458
1435
1435
1435
34882
34391
20109
20109
3528
6920
34932
3734
3734
3734
3734
12028
4401
25205
4684
4684
3002
11020
31135
35024
22794
35024
15315
3699
3576
3576
866
866
3699
5118
5118
5118
5118
15315
22995
18483
539
10482
18483
7550
17048
13428
13428
13428
29345
20285
29345
12460
8932
8932
4026
8932
18100
15685
15265
26138
26138
29345
29345
21866
29345
31408
31408
978
10004
19832
19840
1546
4718
21240
9849
29369
31415
8688
25045
29713
26602
31537
22161
22161
28843
15026
24850
15997
24537
1823
12541
12463
12463
8156
4603
4603
9465
13970
13970
24758
28741
19269
7826
7826
5784
5784
5784
196
5784
8156
10114
9962
20302
29647
25807
11027
10734
29647
4986
19644
15886
23893
23877
16645
13096
9084
8521
13096
4473
3491
23877
12035
12035
30516
30516
19121
30516
16542
26979
26697
30618
12765
12765
29363
30842
31682
29841
3168
3168
981
29109
22772
7321
7321
9120
9120
9120
9120
18293
18423
18423
18423
20837
14024
10316
10316
10142
21420
9787
21420
11297
11297
15893
15893
15893
15893
5879
1211
5879
20236
240
17727
20220
12168
20260
27503
26089
26089
26089
26089
26089
28597
6148
10930
10930
1744
10930
8302
10930
12664
12664
19258
14079
14247
23742
11821
11821
14337
13000
13000
27109
27545
29393
15296
30374
10245
28677
9969
15092
6892
27036
8355
23080
1560
1560
1560
12546
23080
18483
23783
10481
30029
29732
30029
21707
17295
9595
14326
24520
24520
22978
33127
33127
28537
32425
5210
16918
12629
23420
23389
33127
14170
14170
17952
31423
11126
27889
24614
13729
13729
33360
1412
15697
32011
23261
27243
13182
34892
22738
19383
22738
22738
22738
20237
27348
22725
13982
13982
1578
25551
7919
25134
8641
5262
5262
8641
8641
3651
25134
822
26937
7597
7597
14746
24373
5940
15910
4652
24620
25112
5629
26937
699
8338
9339
26937
26094
20894
20894
26076
29948
6884
11424
11424
1855
4307
7756
30091
2510
30094
9978
6371
6255
6371
6371
11030
260
2246
15235
15235
6486
21483
14224
10373
15991
15991
24311
27908
12912
30472
30472
20032
8250
28665
33677
1525
1525
1525
28474
26413
26413
19978
23522
10943
18613
12332
12332
12332
17235
3134
11420
17235
3289
5988
24061
24061
20903
10170
18986
20903
17233
9283
23352
24061
29944
13358
30823
31072
16418
10265
16418
8987
3892
26218
19041
3484
11824
11824
26218
9726
9726
9726
24054
29317
31087
10569
29258
14424
18283
11578
34025
35148
10104
35148
32158
29251
24255
8556
8556
8556
8556
8556
8556
8556
8556
8981
8981
8981
8981
9385
9385
9385
9012
3271
9012
10938
10938
10938
17770
15041
15041
23472
11119
17369
24857
24364
25419
25778
10385
3870
10385
10385
21962
14100
2702
25991
12126
12126
11035
12126
6512
28753
28753
25039
28753
30098
6051
12101
7321
10424
31509
7540
13802
13802
13802
6385
3799
26719
27262
31577
27780
22510
22510
9460
31577
8969
26917
2609
2609
2609
2609
21144
19842
1858
27679
33677
7291
30223
30223
33718
23029
15827
1563
1563
1563
1563
1873
19881
19881
14431
19881
22290
24522
24522
24522
25373
25373
25614
24326
24326
7542
24326
16458
19290
2547
26990
26990
18516
10031
30064
31862
19914
27495
27801
34078
11148
11148
6207
1079
1079
6207
10664
22295
11972
26491
26242
28978
28978
14776
6419
14776
11754
11754
6435
6435
6435
6022
6022
1030
21542
26594
9033
656
656
1283
505
505
11633
6163
6163
6374
11633
21008
24407
34125
1697
1697
1697
18311
4034
6071
18199
33673
22487
22487
8913
11127
22487
21897
15659
21897
25400
9243
9243
22991
25850
26634
30687
8162
32263
21880
22164
7315
10677
31501
31626
17274
17274
14649
8886
31626
22467
31671
31671
24552
34125
28534
2291
19552
17010
17010
14189
16636
17660
1114
29112
29319
26557
6264
6219
28232
29319
1180
9564
9564
10672
21800
25617
3757
10097
736
6104
10097
34303
34303
14044
14044
5167
14044
13553
14044
13912
34743
10282
14722
11495
20087
4717
13431
13431
5367
5367
13431
13431
13431
10060
35184
28622
9676
3316
3316
3316
9676
11118
11118
11118
7819
7819
11118
16492
21324
8195
23971
12654
6876
6876
13340
24727
9849
27951
27951
7668
13443
13443
28949
28909
12425
14962
8573
8573
8573
8573
14962
10158
23601
10399
30696
4065
24359
9499
9499
9499
9499
13702
14657
13267
25644
20604
15673
21309
2836
2836
18565
18565
1556
3734
3734
3415
3415
3415
3734
12178
24859
27015
25766
4073
5259
7215
10581
773
5850
24383
15111
15111
21505
18710
24908
20775
20775
14076
2011
2011
10513
1098
14332
25020
26245
31721
993
32436
32695
8970
14853
7328
24705
22518
22518
24705
19947
30066
33907
33907
10437
18595
18243
18243
18243
18243
12293
34581
12605
12605
12605
21332
14510
14800
21332
21980
12915
7295
12915
22562
22670
24179
25633
21386
2727
20857
20857
27681
9380
9380
9380
26012
9961
9335
9335
21862
21862
15280
15280
33172
29222
7808
23807
13494
33172
25914
5793
25914
9140
3444
21923
1573
17464
28751
28751
14874
11116
33172
33172
5156
5156
11373
11373
11715
2950
10914
32013
20454
18082
7051
5668
20454
15716
12736
20454
26249
25858
25858
13040
25858
10980
16536
16536
7676
4435
4435
21706
32013
24338
33013
34581
20850
24412
24412
17149
27589
27589
33738
2080
2080
28310
21493
7797
17080
35032
32311
20060
812
812
812
7913
1851
887
887
16618
12783
12464
12464
12464
2997
2997
22675
22675
32311
17438
17438
3012
3012
10793
19250
31292
21300
5536
5536
5536
5536
5536
14333
3947
3947
3947
14333
272
16687
16687
7095
7095
14749
14975
14975
19462
20765
17162
20765
9280
9280
5232
5232
4953
21326
3687
3687
3687
14512
1431
15469
17971
9353
9298
17971
6452
6452
12576
21326
7795
6773
21326
27743
28869
14998
28869
29602
22575
32342
8235
8235
28959
11815
30241
31484
20651
32766
25025
15248
15248
23014
14730
32766
23732
32766
29289
27807
3223
27205
27205
30092
29716
24468
24468
21537
1893
23243
11238
10185
33320
33320
33370
1626
150
24986
394
27966
27080
28105
28105
28105
477
477
2103
2103
29615
29615
23911
22407
29052
6246
24472
13261
12366
31948
21550
2924
2924
21550
30055
30055
26482
15594
32686
4236
25604
838
24585
13188
13188
5960
16986
31810
13277
4030
1911
8596
31810
17757
13806
2058
186
33336
18471
27395
25789
19213
10384
18772
8384
8485
35189
1081
1081
1081
1081
5007
5007
5007
5007
5007
5007
5007
5007
5007
5007
6038
598
598
4597
8090
3785
12259
5889
5889
12259
13917
14355
4661
14800
12914
14800
17429
22221
23398
10458
3404
3404
10458
11366
23398
12159
24793
22080
14477
20010
25436
13403
28759
28759
28950
26722
9117
26722
18829
10742
10742
6154
6821
6821
5892
5024
6867
6867
6867
27402
21431
3283
3283
3283
3283
3283
3283
3283
5247
5594
17835
17835
3508
3508
3508
26007
21079
21079
20456
20456
22529
19211
13946
15852
17175
599
7430
24827
4245
4245
4245
4245
14542
14725
24827
24827
659
9379
8052
23142
15983
27510
13143
5932
5932
8225
8225
10157
16763
21841
30248
16803
28765
30603
6505
6505
5089
5089
1064
5089
1404
6505
7330
15203
27328
9018
453
10310
24287
30233
30233
20871
20871
20871
14943
32017
24286
24286
32686
32871
5881
20033
32871
9021
25386
33140
12375
2375
3932
33140
12745
9944
6353
6353
6353
1954
19786
19786
19746
11308
26008
3225
13277
30370
9192
25944
11835
1797
15126
29939
29502
8576
27778
12112
10860
10860
8068
12447
12447
12856
1769
3354
33836
2406
2406
2406
707
17873
4568
8053
8053
11835
8164
27501
19674
13838
8187
19674
21861
17609
17609
8336
10041
25403
24152
12165
32253
17643
32253
22528
33103
7530
33836
32337
32337
1500
1500
1500
4754
6666
13631
26131
23808
26131
17199
28147
21246
21246
32337
11893
32337
4186
4186
1457
10134
6589
2156
6589
2554
21173
21173
21062
21173
27342
7117
6963
8284
24602
24602
12232
9366
12232
20146
6059
14675
14675
14675
27483
19315
31178
26704
26704
26704
22987
9167
7609
18492
9770
23366
28005
30045
33771
28248
26085
10876
10876
21279
14167
26085
25209
492
492
492
31598
31598
26017
4061
17374
17374
13015
16179
25468
14957
14957
14957
15914
24662
9190
24933
24933
5029
21885
24933
27629
34340
34340
2518
2518
1859
2518
5911
5911
29563
17937
32961
1699
21694
21694
4329
866
23859
23859
23859
1236
23859
20331
421
22151
6324
6324
19785
13782
20637
20637
25772
18741
15221
15221
8848
7703
2500
20551
20551
4391
8820
8820
26376
2146
16170
14205
11420
11420
7227
26798
26798
27559
17159
17159
17159
7165
27559
27816
29666
19258
2518
30971
1999
20770
10731
28899
30782
30971
30984
16737
10351
16737
7874
6834
7290
23166
24862
24862
7949
19016
19016
20463
20463
22293
25087
3999
14522
27355
32766
25250
29438
28230
7638
7638
28230
11158
11158
12302
12302
9525
26803
17048
3226
17048
28230
9417
13532
19821
22825
1615
16807
18037
29438
25052
28415
28415
28415
8728
29442
1623
20552
16513
16513
12172
16513
19805
2097
19805
22452
6540
23931
29691
1774
17728
19103
29691
18890
4372
29691
26610
26975
16673
23749
15904
23749
18099
29818
12241
6763
2725
2725
20588
14024
18969
3290
1532
24142
24142
24142
16934
16934
4181
3930
6460
28279
1923
1923
14414
14414
8747
5119
5119
8747
23170
23170
4885
13699
15763
19114
21929
1736
7932
23654
10013
13923
14712
23713
20838
9697
11538
24893
24893
28577
28577
9480
9407
9407
22431
5260
12613
28577
10244
20014
27584
29731
26746
26628
29701
30429
34635
8538
30470
20733
34736
31243
8619
31243
23222
23222
23222
15174
15174
6355
15174
5112
18256
25518
15086
27847
27847
25178
976
976
976
976
31243
30939
18325
18325
15105
13508
18325
3783
3783
3783
14700
14700
14700
14700
7117
28647
28647
19574
10455
15136
12563
12563
9874
9874
7958
9874
12563
15136
25684
5103
1633
5103
13653
19046
3289
7230
3586
3586
3586
3586
3586
3586
2125
2125
2125
2125
9900
2316
20556
8878
2046
8878
20556
12102
2610
7112
10529
10529
3363
5433
10529
18588
3767
18588
18588
13986
14443
14443
14443
20165
20165
23253
16496
12834
12834
9116
20019
20019
27337
30840
14267
1483
33520
26032
33520
33520
12144
12144
5651
25696
16895
13920
12042
12042
829
20370
20370
1230
1230
32095
30061
20906
20906
20906
14147
14147
14147
25183
12753
12753
12753
12753
17829
22209
22209
10291
24769
2119
17757
3664
3664
3664
13926
2467
16489
8555
16489
14442
16489
29241
8904
25280
627
24812
8063
1151
16172
16172
10211
32095
18646
10391
10391
10391
1222
12270
12270
1241
32545
328
2233
2233
2233
6729
8049
13492
13492
27246
27246
28373
22051
6986
6986
32545
17714
12374
17714
26187
24319
23116
23559
23559
24734
24734
24734
24734
24734
10210
10210
10893
10893
25366
26715
25822
26715
26715
24576
9131
22331
28316
13273
28036
9897
29110
30154
7870
9558
9558
6618
19001
19001
19001
6474
20761
20761
20761
16282
20761
28900
24370
10068
31286
19659
19659
19659
13872
23568
23568
23568
31887
6377
6377
18710
443
443
23440
23440
24458
24458
1285
10137
4068
4068
9154
7746
16113
28932
23472
28932
14107
28932
28932
34512
34512
30200
30200
30200
16644
34529
34158
26717
26717
22466
5446
21109
26717
26717
21595
14996
26068
7577
6536
7577
27744
27744
17570
21873
22562
14833
14833
27766
25784
1630
2839
23209
12910
5985
244
244
7472
4773
12071
15403
18927
18910
22564
104
16314
12667
24431
12900
12900
6116
24038
7272
24038
18974
18974
22211
10748
10748
10748
26285
22553
18612
34529
10512
10512
10512
10512
10512
26638
16872
16872
16872
1353
1353
12567
19859
12940
12940
31838
5266
5266
33793
29976
13405
4186
4186
23997
29976
1456
1456
1456
1456
1456
1456
5791
18559
21208
7454
7069
23344
23344
18261
23344
23344
17497
23973
22594
30844
276
23510
16913
8227
8227
8227
8227
11172
18812
7142
18812
10422
18812
18753
20832
20832
5222
32526
32627
5364
24934
3259
33489
32846
14655
23603
31262
33489
8524
10332
8291
115
26854
28552
35100
6997
6997
6997
6997
6997
6367
6367
10771
6914
6850
6850
6850
6850
10193
10193
1527
6194
6194
6194
8395
10193
8854
16142
16142
11355
4325
4325
9991
11163
11163
19247
13130
15742
13544
13544
2820
7282
13544
1055
3645
5019
17243
19520
10672
19520
19767
19767
20826
3646
3646
3646
8550
24052
14714
22005
22005
8973
24506
2066
26640
2001
2001
26640
28468
13819
20159
20159
16618
5086
5086
16618
16618
10681
10681
14987
14987
14987
16618
16618
18214
19026
15275
9801
12618
12618
20159
20159
20159
3991
16213
22228
21014
7254
2793
2793
21014
18442
18442
23342
4415
14556
22724
27576
6913
19254
13096
4228
19254
25530
28474
27184
26363
24942
30410
31027
28690
26912
15336
31027
9966
9966
29727
866
29727
28826
29727
31468
2784
23866
18684
17689
18684
23866
23866
23635
3722
21506
3671
3671
20038
20038
20038
20038
1787
1787
2507
2507
2485
2507
26322
11630
32733
32733
6185
6185
6185
3727
6080
6080
9515
15048
15048
32639
4730
4730
4730
2660
24309
7834
26519
27810
27810
27810
19300
27810
12278
12278
14783
31294
7899
7899
7899
7899
8912
10729
27358
27358
1695
1695
32748
8741
156
156
19370
15467
5990
5990
5990
17951
33167
12613
12613
12613
51
51
51
14968
4841
44
44
17258
10646
10646
28080
28080
21127
12600
11869
9543
21127
10449
25086
718
28193
28193
16331
28566
1728
22777
4318
12302
9124
8014
12302
32362
30356
30538
32362
4546
4546
3569
2761
13685
534
534
13376
5366
13376
19565
28530
1749
28530
7804
7804
7804
23036
19257
30475
21299
23896
10197
30475
32362
26356
3446
3446
3446
7623
17431
89
89
5616
5616
25386
9652
7119
7119
7119
10153
10153
17041
5990
9774
9931
8024
19037
19037
19037
4986
15280
12866
22322
9007
3670
2396
9550
22322
30607
2317
12965
2286
30704
31971
13105
33167
24680
24116
21420
33508
16970
16231
16970
4593
15036
3437
3437
3437
3437
3437
5075
2140
5075
9492
22738
26364
26364
18782
18782
4815
23501
20285
20285
1202
14396
21969
24219
26364
26364
26837
31237
6591
22156
22156
1531
15182
23544
20362
20362
23998
17043
17043
28646
12070
22986
22185
13191
13191
12862
23208
640
640
640
2162
2162
6421
6421
18201
34285
34285
5052
5052
5052
8890
8890
732
732
732
732
732
5990
20073
20073
20015
7807
7807
29301
29301
29301
8355
8355
8355
21445
7512
21445
13190
15090
27253
22866
17734
17191
8086
20524
29438
7562
7562
6091
6091
6091
11469
2096
2096
2096
13639
13639
4008
4008
4008
4008
6155
3700
3700
3700
3700
3700
303
303
303
3700
3700
625
6071
28992
6430
1712
1712
1712
1712
6430
9825
16636
12936
16636
28077
23236
20216
20216
21942
26857
16052
32580
32580
15346
12189
15346
16056
2809
27235
7186
6913
6913
6913
15342
23643
26811
33208
16934
16934
16934
4091
14660
24779
24886
7490
28879
22569
22569
24913
24913
14671
1546
24913
27693
26143
34352
20065
9445
9445
9445
9445
27057
25671
27057
24730
28310
17833
23234
28310
13287
27717
7527
7149
14537
2414
431
28547
9990
34381
29430
29430
28983
28983
28983
29430
18832
12744
25823
23209
29129
23026
22931
4924
24622
5587
15362
34190
34190
27613
13289
13289
31312
29146
31312
12634
12634
12634
18333
18333
8372
18333
20382
20382
5179
12897
7263
24443
20449
353
5090
24443
19233
27641
17279
23362
23362
24410
17576
11358
30829
847
1156
6186
30922
6318
25444
30922
12404
28404
487
25579
14890
5372
14327
14890
16392
32382
28004
32303
9717
24696
32303
11180
5665
32303
21207
1415
6301
28242
6163
5151
6163
20090
1982
20090
17246
9467
20355
34346
25779
31807
8889
8889
230
230
32032
27420
22645
22645
18258
7117
10354
7147
16400
18258
5306
23182
31007
29203
7614
7614
7614
13281
781
22795
13659
2978
4745
21301
21301
21301
4051
4051
12186
12186
17729
21116
18032
8559
8559
8559
8559
29776
34158
25962
25962
5844
5844
5844
15663
24773
22980
22980
22980
22980
13131
15106
8415
8415
8415
8415
2610
8415
22557
28020
14137
22994
31374
1566
20593
26293
23877
31614
31614
12488
32754
12276
12028
6254
6254
6254
18426
7123
18426
27871
27871
23210
16898
16898
3110
3110
19701
29644
2952
5149
4900
5149
5149
20167
20167
2005
20167
21295
14526
25800
26467
28607
30937
27272
11685
6142
26152
20453
26903
19570
19597
22342
26903
27265
26124
3460
3460
3460
20889
6154
20889
17520
27628
27628
6073
6073
30833
1785
1785
8655
30833
12117
29964
7673
3877
32166
20627
32166
33290
28646
17043
34277
34277
25407
12625
12625
12625
12625
32998
19601
19601
19601
32998
7077
1186
28832
11901
17759
16730
22489
18979
15075
5743
3556
10010
29347
24068
21038
464
28167
17863
2506
2506
2506
14649
14649
7686
7686
11407
14649
22755
22755
25117
5846
28167
9508
9508
9508
31185
8102
8102
31185
20721
20721
27911
10767
10767
12778
5167
5167
5167
5167
5167
5167
25543
10751
10982
25563
10846
10846
2025
2025
12438
1843
16067
30303
11501
11501
11501
11501
33916
33916
19030
19647
19647
19647
19647
19647
19647
18696
22898
9001
26236
25433
33116
8063
33116
29909
19851
13973
637
19851
19851
792
792
792
3880
6159
18891
29393
934
33116
26068
4482
15988
7380
7380
1123
7380
22755
31603
31705
2866
2866
30864
25272
25272
33664
5137
32508
11715
12162
3640
3640
3640
3640
12162
12517
9234
12807
14201
14624
24268
1492
1492
1492
7993
7993
9264
9264
1705
31159
16840
13484
13484
6789
4501
32242
33601
5769
5769
5769
2794
2794
2794
2794
2794
772
4755
5769
7945
12875
8463
12875
9589
32071
23850
12928
8682
8582
8582
7767
8582
8682
17800
11172
19454
545
545
545
12144
23850
9178
24199
24199
15652
6003
24199
3713
13383
12017
27169
33269
28595
27917
11926
27494
21092
21092
21092
21092
10530
10530
2698
27886
1628
1628
9586
13860
10491
21025
8719
18
8719
33840
32641
21832
11693
309
309
15520
12162
6053
6089
19869
19869
12510
6292
6292
6292
5443
23354
4815
4815
4815
6567
7260
33840
33840
33840
20507
16217
5840
2183
33840
34950
25553
31538
2703
2703
16541
16541
16541
11085
19184
24956
24956
20971
20971
25029
25029
13651
28451
20460
24019
2465
28472
28895
30419
31538
18400
2232
29268
29130
29268
29268
2006
2006
13453
21279
15347
1899
22599
22599
22599
22599
2911
22599
2724
13018
13018
24414
24856
26260
30012
12817
12817
12817
12817
11694
5054
19640
30012
17865
6344
17865
17865
17386
23686
8895
8895
8895
7157
10249
35084
35084
13459
13459
8128
5161
13459
13459
8591
8591
8591
13459
14513
4361
16941
7680
7680
21813
1451
632
25055
27092
6550
6550
6550
6550
18888
19448
7586
5341
5341
25442
25442
23032
25442
6689
26409
13187
1476
25117
16278
23622
9323
22763
8210
4144
4144
5720
13896
4202
620
27092
18789
28603
22951
18559
30847
7086
16417
2080
7980
15923
17262
30435
1041
14128
22061
696
30989
7886
9010
9010
385
385
385
733
733
2848
2848
3300
83
11087
13370
13370
13370
10350
16314
6773
28068
19198
19198
3827
19198
26831
23588
16366
26831
28068
10632
1986
14957
348
348
348
693
693
693
693
19056
9604
9604
9604
2703
5537
5537
21455
14663
14663
16399
16399
16399
23604
23967
28235
28235
13208
6913
13208
29118
7222
7222
7222
7222
8637
8637
17384
17384
10107
10107
18292
4984
18292
21278
4829
4829
12094
12094
34000
29696
12252
12252
12252
12252
12252
7519
12252
11602
11602
30163
6856
6856
20069
20069
6217
5325
6217
24741
29759
30179
14664
30886
12084
12084
23669
1253
26787
26682
26682
430
13935
13935
14256
19086
13821
19086
25228
1051
11805
11496
25228
31351
22398
22398
13818
11134
33474
18724
18724
29323
29323
18557
29620
14929
4268
4268
17810
2352
11922
16461
27385
4115
4115
27385
27385
27385
28222
18453
1852
6837
2499
12637
4969
7847
12637
15604
819
16682
34257
14220
10568
10568
10568
12260
14220
14220
14220
13526
17028
10228
2881
7366
17741
29281
2174
2174
2174
2174
2174
19411
19411
10009
26634
6539
6539
12211
3931
13050
13245
9620
9620
8696
9620
13696
26634
22426
3653
3273
20562
9453
9453
9453
9453
14402
14402
14402
18217
20562
24363
19450
9189
6616
7273
19128
5259
5259
5259
19128
12759
5763
12759
19981
12707
12707
31761
32005
5111
20158
20158
9186
23358
24824
24824
19421
10534
10534
19421
3782
19421
14835
14835
14835
21350
20968
28446
28446
22102
6234
11946
16449
12933
6527
6527
13323
13323
16037
951
17449
18968
23371
21983
14920
32971
32971
28464
19212
14028
18658
18658
18658
32401
10466
10466
7612
10466
12258
17438
17584
30405
34547
20353
3762
3762
3762
9680
6851
6851
9680
2870
6371
6371
2795
2795
15360
17958
9307
9307
9307
9307
29256
7318
19399
28839
29256
3059
15743
2209
29256
1027
27319
24920
13963
18249
1300
1300
9047
9047
9047
18249
2003
2003
7000
7000
1002
8185
28807
14513
27179
3734
3734
18042
18042
10427
10427
10427
10427
2364
2364
2364
11437
8373
21932
14496
21932
28696
26900
26900
14753
14753
14753
5300
26900
18186
17007
202
26
26
18467
4014
18467
3290
3290
23319
23319
23319
16249
28696
3273
3273
10333
2134
10333
20726
31264
19658
9791
28113
23940
6942
20376
20376
20376
20376
21884
2830
2696
2696
2696
26546
21365
20591
20591
26546
19236
251
19236
21095
21095
10090
10090
10090
21784
30623
28630
13173
13173
1243
14422
11347
10511
23552
7181
4944
12529
1529
30032
23340
9346
9346
11408
11408
23340
23340
10741
18245
10262
25990
6382
11888
3483
3483
27833
9068
28743
17154
8668
19033
19033
1177
6162
30856
30856
9781
32402
32402
10184
6042
6042
10184
30347
30347
27250
20555
2253
5136
30347
25654
10692
18195
4557
12132
28584
28584
24130
28584
15761
15761
15761
16427
4262
16234
4083
16427
32848
8988
6367
8988
27895
27895
4486
2064
28638
8964
7358
17889
5282
31394
3007
31394
26306
15125
22711
13614
13614
19915
22837
22837
8501
13043
13043
6434
15367
17942
34465
34465
7792
7792
17891
403
34465
29832
11744
13101
4320
29832
17082
17082
14350
23886
7908
28925
3868
20736
207
30213
25919
4715
4715
4715
4715
4715
17058
17058
19218
19261
25764
18282
11956
7243
7243
11899
11899
27534
27534
53
53
53
14612
13691
14612
14916
8829
23922
27068
3188
3188
5282
7972
7972
27304
23281
27534
21090
7148
7148
14039
21090
24713
31888
26376
