4000
24 96
24 59
24 91
24 73
24 65
24 64
24 66
24 31
24 23
24 20
24 16
24 7
24 99
24 83
24 81
24 61
24 36
24 92
24 84
24 82
24 63
24 62
24 57
24 44
24 35
24 34
24 33
24 29
24 27
24 6
24 86
24 50
24 41
24 5
24 2
24 94
24 74
24 72
24 68
24 51
24 13
24 1
24 90
24 89
24 87
24 85
24 77
24 40
24 9
24 3
24 93
24 80
24 76
24 58
24 56
24 43
24 30
24 21
24 18
24 15
24 14
24 79
24 70
24 69
24 67
24 54
24 47
24 46
24 26
24 19
24 98
24 95
24 78
24 75
24 60
24 52
24 49
24 42
24 22
24 12
24 8
24 97
24 48
24 45
24 25
24 17
24 11
24 10
96 59
96 91
96 73
96 65
96 64
96 66
96 31
96 23
96 20
96 16
96 7
96 99
96 83
96 81
96 61
96 36
96 92
96 84
96 82
96 63
96 62
96 57
96 44
96 35
96 34
96 33
96 29
96 27
96 6
96 86
96 50
96 41
96 5
96 2
96 94
96 74
96 72
96 68
96 51
96 13
96 1
96 90
96 89
96 87
96 85
96 77
96 40
96 9
96 3
96 93
96 80
96 76
96 58
96 56
96 43
96 30
96 21
96 18
96 15
96 14
96 79
96 70
96 69
96 67
96 54
96 47
96 46
96 26
96 19
96 98
96 95
96 78
96 75
96 60
96 52
96 49
96 42
96 22
96 12
96 8
96 4
96 97
96 88
96 71
96 48
96 45
59 91
59 73
59 65
59 64
59 66
59 31
59 23
59 20
59 16
59 7
59 99
59 83
59 81
59 61
59 36
59 92
59 84
59 82
59 63
59 62
59 57
59 44
59 35
59 34
59 33
59 29
59 27
59 6
59 86
59 50
59 41
59 5
59 2
59 94
59 74
59 72
59 68
59 51
59 13
59 1
59 90
59 89
59 87
59 85
59 77
59 40
59 9
59 3
59 93
59 80
59 76
59 58
59 56
59 43
59 30
59 21
59 18
59 15
59 14
59 79
59 70
59 69
59 67
59 54
59 47
59 46
59 26
59 19
59 98
59 95
59 78
59 75
59 60
59 52
59 49
59 42
59 39
59 38
59 37
59 25
59 22
59 17
59 12
59 11
59 10
91 73
91 65
91 64
91 66
91 31
91 23
91 20
91 16
91 7
91 99
91 83
91 81
91 61
91 36
91 92
91 84
91 82
91 63
91 62
91 57
91 44
91 35
91 34
91 33
91 29
91 27
91 6
91 86
91 50
91 41
91 5
91 2
91 94
91 74
91 72
91 68
91 51
91 13
91 1
91 90
91 89
91 87
91 85
91 77
91 40
91 9
91 3
91 93
91 80
91 76
91 58
91 56
91 43
91 30
91 21
91 18
91 15
91 14
91 79
91 70
91 69
91 67
91 54
91 47
91 46
91 26
91 19
91 8
91 4
91 100
91 98
91 97
91 95
91 88
91 78
91 75
91 71
91 60
91 55
91 52
91 49
91 48
91 45
73 65
73 64
73 66
73 31
73 23
73 20
73 16
73 7
73 99
73 83
73 81
73 61
73 36
73 92
73 84
73 82
73 63
73 62
73 57
73 44
73 35
73 34
73 33
73 29
73 27
73 6
73 86
73 50
73 41
73 5
73 2
73 94
73 74
73 72
73 68
73 51
73 13
73 1
73 90
73 89
73 87
73 85
73 77
73 40
73 9
73 3
73 93
73 80
73 76
73 58
73 56
73 43
73 30
73 21
73 18
73 15
73 14
73 79
73 70
73 69
73 67
73 54
73 47
73 46
73 42
73 39
73 38
73 37
73 32
73 26
73 25
73 22
73 19
73 17
73 12
73 11
73 10
73 8
73 4
73 100
73 98
73 97
65 64
65 66
65 31
65 23
65 20
65 16
65 7
65 99
65 83
65 81
65 61
65 36
65 92
65 84
65 82
65 63
65 62
65 57
65 44
65 35
65 34
65 33
65 29
65 27
65 6
65 86
65 50
65 41
65 5
65 2
65 94
65 74
65 72
65 68
65 51
65 13
65 1
65 90
65 89
65 87
65 85
65 77
65 40
65 9
65 3
65 93
65 80
65 76
65 58
65 56
65 43
65 30
65 21
65 18
65 15
65 14
65 95
65 88
65 79
65 78
65 75
65 71
65 70
65 69
65 67
65 60
65 55
65 54
65 52
65 49
65 48
65 47
65 46
65 45
65 42
65 39
65 38
65 37
65 32
65 28
65 26
64 66
64 31
64 23
64 20
64 16
64 7
64 99
64 83
64 81
64 61
64 36
64 92
64 84
64 82
64 63
64 62
64 57
64 44
64 35
64 34
64 33
64 29
64 27
64 6
64 86
64 50
64 41
64 5
64 2
64 94
64 74
64 72
64 68
64 51
64 13
64 1
64 90
64 89
64 87
64 85
64 77
64 40
64 9
64 3
64 93
64 80
64 76
64 58
64 56
64 43
64 30
64 25
64 22
64 21
64 19
64 18
64 17
64 15
64 14
64 12
64 11
64 10
64 8
64 4
64 100
64 98
64 97
64 95
64 88
64 79
64 78
64 75
64 71
64 70
64 69
64 67
64 60
64 55
64 54
64 53
66 31
66 23
66 20
66 16
66 7
66 99
66 83
66 81
66 61
66 36
66 92
66 84
66 82
66 63
66 62
66 57
66 44
66 35
66 34
66 33
66 29
66 27
66 6
66 86
66 50
66 41
66 5
66 2
66 94
66 74
66 72
66 68
66 51
66 13
66 1
66 90
66 89
66 87
66 85
66 77
66 40
66 9
66 3
66 93
66 80
66 76
66 58
66 56
66 52
66 49
66 48
66 47
66 46
66 45
66 43
66 42
66 39
66 38
66 37
66 32
66 30
66 28
66 26
66 25
66 22
66 21
66 19
66 18
66 17
66 15
66 14
66 12
66 11
66 10
66 8
66 4
66 100
66 98
31 23
31 20
31 16
31 7
31 99
31 83
31 81
31 61
31 36
31 92
31 84
31 82
31 63
31 62
31 57
31 44
31 35
31 34
31 33
31 29
31 27
31 6
31 86
31 50
31 41
31 5
31 2
31 94
31 74
31 72
31 68
31 51
31 13
31 1
31 90
31 89
31 87
31 85
31 77
31 40
31 9
31 3
31 97
31 95
31 93
31 88
31 80
31 79
31 78
31 76
31 75
31 71
31 70
31 69
31 67
31 60
31 58
31 56
31 55
31 54
31 53
31 52
31 49
31 48
31 47
31 46
31 45
31 43
31 42
31 39
31 38
31 37
31 32
31 30
31 28
31 26
31 25
23 20
23 16
23 7
23 99
23 83
23 81
23 61
23 36
23 92
23 84
23 82
23 63
23 62
23 57
23 44
23 35
23 34
23 33
23 29
23 27
23 6
23 86
23 50
23 41
23 5
23 2
23 94
23 74
23 72
23 68
23 51
23 13
23 1
23 90
23 89
23 87
23 85
23 77
23 40
23 22
23 21
23 19
23 18
23 17
23 15
23 14
23 12
23 11
23 10
23 9
23 8
23 4
23 3
23 100
23 98
23 97
23 95
23 93
23 88
23 80
23 79
23 78
23 76
23 75
23 71
23 70
23 69
23 67
23 60
23 58
23 56
23 55
23 54
23 53
23 52
23 49
20 16
20 7
20 99
20 83
20 81
20 61
20 36
20 92
20 84
20 82
20 63
20 62
20 57
20 44
20 35
20 34
20 33
20 29
20 27
20 6
20 86
20 50
20 41
20 5
20 2
20 94
20 74
20 72
20 68
20 51
20 13
20 1
20 90
20 89
20 87
20 85
20 77
20 48
20 47
20 46
20 45
20 43
20 42
20 40
20 39
20 38
20 37
20 32
20 30
20 28
20 26
20 25
20 22
20 21
20 19
20 18
20 17
20 15
20 14
20 12
20 11
20 10
20 9
20 8
20 4
20 3
20 100
20 98
20 97
20 95
20 93
20 88
20 80
20 79
20 78
16 7
16 99
16 83
16 81
16 61
16 36
16 92
16 84
16 82
16 63
16 62
16 57
16 44
16 35
16 34
16 33
16 29
16 27
16 6
16 86
16 50
16 41
16 5
16 2
16 94
16 74
16 72
16 68
16 51
16 13
16 1
16 90
16 89
16 87
16 85
16 77
16 76
16 75
16 71
16 70
16 69
16 67
16 60
16 58
16 56
16 55
16 54
16 53
16 52
16 49
16 48
16 47
16 46
16 45
16 43
16 42
16 40
16 39
16 38
16 37
16 32
16 30
16 28
16 26
16 25
16 22
16 21
16 19
16 18
16 17
16 15
16 14
16 12
16 11
7 99
7 83
7 81
7 61
7 36
7 92
7 84
7 82
7 63
7 62
7 57
7 44
7 35
7 34
7 33
7 29
7 27
7 6
7 86
7 50
7 41
7 5
7 2
7 94
7 74
7 72
7 68
7 51
7 13
7 10
7 9
7 8
7 4
7 3
7 1
7 100
7 98
7 97
7 95
7 93
7 90
7 89
7 88
7 87
7 85
7 80
7 79
7 78
7 77
7 76
7 75
7 71
7 70
7 69
7 67
7 60
7 58
7 56
7 55
7 54
7 53
7 52
7 49
7 48
7 47
7 46
7 45
7 43
7 42
7 40
7 39
7 38
7 37
99 83
99 81
99 61
99 36
99 92
99 84
99 82
99 63
99 62
99 57
99 44
99 35
99 34
99 33
99 29
99 27
99 6
99 86
99 50
99 41
99 5
99 2
99 94
99 74
99 72
99 68
99 51
99 32
99 30
99 28
99 26
99 25
99 22
99 21
99 19
99 18
99 17
99 15
99 14
99 13
99 12
99 11
99 10
99 9
99 8
99 4
99 3
99 1
99 100
99 98
99 97
99 95
99 93
99 90
99 89
99 88
99 87
99 85
99 80
99 79
99 78
99 77
99 76
99 75
99 71
99 70
99 69
99 67
99 60
99 58
99 56
83 81
83 61
83 36
83 92
83 84
83 82
83 63
83 62
83 57
83 44
83 35
83 34
83 33
83 29
83 27
83 6
83 86
83 50
83 41
83 5
83 2
83 94
83 74
83 72
83 68
83 55
83 54
83 53
83 52
83 51
83 49
83 48
83 47
83 46
83 45
83 43
83 42
83 40
83 39
83 38
83 37
83 32
83 30
83 28
83 26
83 25
83 22
83 21
83 19
83 18
83 17
83 15
83 14
83 13
83 12
83 11
83 10
83 9
83 8
83 4
83 3
83 1
83 100
83 98
83 97
83 95
83 93
83 90
83 89
83 88
81 61
81 36
81 92
81 84
81 82
81 63
81 62
81 57
81 44
81 35
81 34
81 33
81 29
81 27
81 6
81 86
81 50
81 41
81 5
81 2
81 94
81 87
81 85
81 80
81 79
81 78
81 77
81 76
81 75
81 74
81 72
81 71
81 70
81 69
81 68
81 67
81 60
81 58
81 56
81 55
81 54
81 53
81 52
81 51
81 49
81 48
81 47
81 46
81 45
81 43
81 42
81 40
81 39
81 38
81 37
81 32
81 30
81 28
81 26
81 25
81 22
81 21
81 19
81 18
81 17
81 15
81 14
81 13
81 12
61 36
61 92
61 84
61 82
61 63
61 62
61 57
61 44
61 35
61 34
61 33
61 29
61 27
61 6
61 86
61 50
61 41
61 11
61 10
61 9
61 8
61 5
61 4
61 3
61 2
61 1
61 100
61 98
61 97
61 95
61 94
61 93
61 90
61 89
61 88
61 87
61 85
61 80
61 79
61 78
61 77
61 76
61 75
61 74
61 72
61 71
61 70
61 69
61 68
61 67
61 60
61 58
61 56
61 55
61 54
61 53
61 52
61 51
61 49
61 48
61 47
61 46
61 45
61 43
61 42
61 40
61 39
61 38
36 92
36 84
36 82
36 63
36 62
36 57
36 44
36 35
36 34
36 33
36 29
36 27
36 6
36 86
36 50
36 41
36 37
36 32
36 30
36 28
36 26
36 25
36 22
36 21
36 19
36 18
36 17
36 15
36 14
36 13
36 12
36 11
36 10
36 9
36 8
36 5
36 4
36 3
36 2
36 1
36 100
36 98
36 97
36 95
36 94
36 93
36 90
36 89
36 88
36 87
36 85
36 80
36 79
36 78
36 77
36 76
36 75
36 74
36 72
36 71
36 70
36 69
36 68
36 67
36 60
36 58
36 56
92 84
92 82
92 63
92 62
92 57
92 44
92 35
92 34
92 33
92 29
92 27
92 6
92 86
92 55
92 54
92 53
92 52
92 51
92 50
92 49
92 48
92 47
92 46
92 45
92 43
92 42
92 41
92 40
92 39
92 38
92 37
92 32
92 30
92 28
92 26
92 25
92 22
92 21
92 19
92 18
92 17
92 15
92 14
92 13
92 12
92 11
92 10
92 9
92 8
92 5
92 4
92 3
92 2
92 1
92 100
92 98
92 97
92 95
92 94
92 93
92 90
92 89
92 88
92 87
92 85
84 82
84 63
84 62
84 57
84 44
84 35
84 34
84 33
84 29
84 27
84 6
84 86
84 80
84 79
84 78
84 77
84 76
84 75
84 74
84 72
84 71
84 70
84 69
84 68
84 67
84 60
84 58
84 56
84 55
84 54
84 53
84 52
84 51
84 50
84 49
84 48
84 47
84 46
84 45
84 43
84 42
84 41
84 40
84 39
84 38
84 37
84 32
84 30
84 28
84 26
84 25
84 22
84 21
84 19
84 18
84 17
84 15
84 14
84 13
84 12
84 11
84 10
84 9
84 8
82 63
82 62
82 57
82 44
82 35
82 34
82 33
82 29
82 27
82 6
82 5
82 4
82 3
82 2
82 1
82 100
82 98
82 97
82 95
82 94
82 93
82 90
82 89
82 88
82 87
82 86
82 85
82 80
82 79
82 78
82 77
82 76
82 75
82 74
82 72
82 71
82 70
82 69
82 68
82 67
82 60
82 58
82 56
82 55
82 54
82 53
82 52
82 51
82 50
82 49
82 48
82 47
82 46
82 45
82 43
82 42
82 41
82 40
82 39
82 38
82 37
82 32
82 30
63 62
63 57
63 44
63 35
63 34
63 33
63 29
63 28
63 27
63 26
63 25
63 22
63 21
63 19
63 18
63 17
63 15
63 14
63 13
63 12
63 11
63 10
63 9
63 8
63 6
63 5
63 4
63 3
63 2
63 1
63 100
63 98
63 97
63 95
63 94
63 93
63 90
63 89
63 88
63 87
63 86
63 85
63 80
63 79
63 78
63 77
63 76
63 75
63 74
63 72
63 71
63 70
63 69
63 68
63 67
63 60
63 58
63 56
63 55
63 54
63 53
63 52
62 57
62 51
62 50
62 49
62 48
62 47
62 46
62 45
62 44
62 43
62 42
62 41
62 40
62 39
62 38
62 37
62 35
62 34
62 33
62 32
62 30
62 29
62 28
62 27
62 26
62 25
62 22
62 21
62 19
62 18
62 17
62 15
62 14
62 13
62 12
62 11
62 10
62 9
62 8
62 6
62 5
62 4
62 3
62 2
62 1
62 100
62 98
62 97
62 95
62 94
62 93
62 90
62 89
62 88
62 87
62 86
62 85
62 80
62 79
62 78
62 77
76 75
76 74
76 72
76 71
76 70
76 69
76 68
76 67
76 60
76 58
76 57
76 56
76 55
76 54
76 53
76 52
76 51
76 50
76 49
76 48
76 47
76 46
76 45
76 44
76 43
76 42
76 41
76 40
76 39
76 38
76 37
76 35
76 34
76 33
76 32
76 30
76 29
76 28
76 27
76 26
76 25
76 22
76 21
76 19
76 18
76 17
76 15
76 14
76 13
76 12
76 11
76 10
76 9
76 8
76 6
76 5
76 4
76 3
76 2
76 1
100 98
100 97
100 95
100 94
100 93
100 90
100 89
100 88
100 87
100 86
100 85
100 80
100 79
100 78
100 77
100 75
100 74
100 72
100 71
100 70
100 69
100 68
100 67
100 60
100 58
100 57
100 56
100 55
100 54
100 53
100 52
100 51
100 50
100 49
100 48
100 47
100 46
100 45
100 44
100 43
100 42
100 41
100 40
100 39
100 38
100 37
100 35
100 34
100 33
100 32
100 30
100 29
100 28
100 27
100 26
100 25
100 22
100 21
100 19
18 17
18 15
18 14
18 13
18 12
18 11
18 10
18 9
18 8
18 6
18 5
18 4
18 3
18 2
18 1
18 98
18 97
18 95
18 94
18 93
18 90
18 89
18 88
18 87
18 86
18 85
18 80
18 79
18 78
18 77
18 75
18 74
18 72
18 71
18 70
18 69
18 68
18 67
18 60
18 58
18 57
18 56
18 55
18 54
18 53
18 52
18 51
18 50
18 49
18 48
18 47
18 46
18 45
18 44
18 43
18 42
18 41
18 40
18 39
38 37
38 35
38 34
38 33
38 32
38 30
38 29
38 28
38 27
38 26
38 25
38 22
38 21
38 19
38 17
38 15
38 14
38 13
38 12
38 11
38 10
38 9
38 8
38 6
38 5
38 4
38 3
38 2
38 1
38 98
38 97
38 95
38 94
38 93
38 90
38 89
38 88
38 87
38 86
38 85
38 80
38 79
38 78
38 77
38 75
38 74
38 72
38 71
38 70
38 69
38 68
38 67
38 60
38 58
38 57
38 56
38 55
38 54
53 52
53 51
53 50
53 49
53 48
53 47
53 46
53 45
53 44
53 43
53 42
53 41
53 40
53 39
53 37
53 35
53 34
53 33
53 32
53 30
53 29
53 28
53 27
53 26
53 25
53 22
53 21
53 19
53 17
53 15
53 14
53 13
53 12
53 11
53 10
53 9
53 8
53 6
53 5
53 4
53 3
53 2
53 1
53 98
53 97
53 95
53 94
53 93
53 90
53 89
53 88
53 87
53 86
53 85
53 80
53 79
53 78
77 75
77 74
77 72
77 71
77 70
77 69
77 68
77 67
77 60
77 58
77 57
77 56
77 55
77 54
77 52
77 51
77 50
77 49
77 48
77 47
77 46
77 45
77 44
77 43
77 42
77 41
77 40
77 39
77 37
77 35
77 34
77 33
77 32
77 30
77 29
77 28
77 27
77 26
77 25
77 22
77 21
77 19
77 17
77 15
77 14
77 13
77 12
77 11
77 10
77 9
77 8
77 6
77 5
77 4
77 3
77 2
1 98
1 97
1 95
1 94
1 93
1 90
1 89
1 88
1 87
1 86
1 85
1 80
1 79
1 78
1 75
1 74
1 72
1 71
1 70
1 69
1 68
1 67
1 60
1 58
1 57
1 56
1 55
1 54
1 52
1 51
1 50
1 49
1 48
1 47
1 46
1 45
1 44
1 43
1 42
1 41
1 40
1 39
1 37
1 35
1 34
1 33
1 32
1 30
1 29
1 28
1 27
1 26
1 25
1 22
1 21
1 19
17 15
17 14
17 13
17 12
17 11
17 10
17 9
17 8
17 6
17 5
17 4
17 3
17 2
17 98
17 97
17 95
17 94
17 93
17 90
17 89
17 88
17 87
17 86
17 85
17 80
17 79
17 78
17 75
17 74
17 72
17 71
17 70
17 69
17 68
17 67
17 60
17 58
17 57
17 56
17 55
17 54
17 52
17 51
17 50
17 49
17 48
17 47
17 46
17 45
17 44
17 43
17 42
17 41
17 40
17 39
37 35
37 34
37 33
37 32
37 30
37 29
37 28
37 27
37 26
37 25
37 22
37 21
37 19
37 15
37 14
37 13
37 12
37 11
37 10
37 9
37 8
37 6
37 5
37 4
37 3
37 2
37 98
37 97
37 95
37 94
37 93
37 90
37 89
37 88
37 87
37 86
37 85
37 80
37 79
37 78
37 75
37 74
37 72
37 71
37 70
37 69
37 68
37 67
37 60
37 58
37 57
37 56
37 55
37 54
52 51
52 50
52 49
52 48
52 47
52 46
52 45
52 44
52 43
52 42
52 41
52 40
52 39
52 35
52 34
52 33
52 32
52 30
52 29
52 28
52 27
52 26
52 25
52 22
52 21
52 19
52 15
52 14
52 13
52 12
52 11
52 10
52 9
52 8
52 6
52 5
52 4
52 3
52 2
52 98
52 97
52 95
52 94
52 93
52 90
52 89
52 88
52 87
52 86
52 85
52 80
52 79
52 78
75 74
75 72
75 71
75 70
75 69
75 68
75 67
75 60
75 58
75 57
75 56
75 55
75 54
75 51
75 50
75 49
75 48
75 47
75 46
75 45
75 44
75 43
75 42
75 41
75 40
75 39
75 35
75 34
75 33
75 32
75 30
75 29
75 28
75 27
75 26
75 25
75 22
75 21
75 19
75 15
75 14
75 13
75 12
75 11
75 10
75 9
75 8
75 6
75 5
75 4
75 3
75 2
98 97
98 95
98 94
98 93
98 90
98 89
98 88
98 87
98 86
98 85
98 80
98 79
98 78
98 74
98 72
98 71
98 70
98 69
98 68
98 67
98 60
98 58
98 57
98 56
98 55
98 54
98 51
98 50
98 49
98 48
98 47
98 46
98 45
98 44
98 43
98 42
98 41
98 40
98 39
98 35
98 34
98 33
98 32
98 30
98 29
98 28
98 27
98 26
98 25
98 22
98 21
19 15
19 14
19 13
19 12
19 11
19 10
19 9
19 8
19 6
19 5
19 4
19 3
19 2
19 97
19 95
19 94
19 93
19 90
19 89
19 88
19 87
19 86
19 85
19 80
19 79
19 78
19 74
19 72
19 71
19 70
19 69
19 68
19 67
19 60
19 58
19 57
19 56
19 55
19 54
19 51
19 50
19 49
19 48
19 47
19 46
19 45
19 44
19 43
19 42
19 41
19 40
39 35
39 34
39 33
39 32
39 30
39 29
39 28
39 27
39 26
39 25
39 22
39 21
39 15
39 14
39 13
39 12
39 11
39 10
39 9
39 8
39 6
39 5
39 4
39 3
39 2
39 97
39 95
39 94
39 93
39 90
39 89
39 88
39 87
39 86
39 85
39 80
39 79
39 78
39 74
39 72
39 71
39 70
39 69
39 68
39 67
39 60
39 58
39 57
39 56
39 55
54 51
54 50
54 49
54 48
54 47
54 46
54 45
54 44
54 43
54 42
54 41
54 40
54 35
54 34
54 33
54 32
54 30
54 29
54 28
54 27
54 26
54 25
54 22
54 21
54 15
54 14
54 13
54 12
54 11
54 10
54 9
54 8
54 6
54 5
54 4
54 3
54 2
54 97
54 95
54 94
54 93
54 90
54 89
54 88
54 87
54 86
54 85
54 80
54 79
78 74
78 72
78 71
78 70
78 69
78 68
78 67
78 60
78 58
78 57
78 56
78 55
78 51
78 50
78 49
78 48
78 47
78 46
78 45
78 44
78 43
78 42
78 41
78 40
78 35
78 34
78 33
78 32
78 30
78 29
78 28
78 27
78 26
78 25
78 22
78 21
78 15
78 14
78 13
78 12
78 11
78 10
78 9
78 8
78 6
78 5
78 4
78 3
2 97
2 95
2 94
2 93
2 90
2 89
2 88
2 87
2 86
2 85
2 80
2 79
2 74
2 72
2 71
2 70
2 69
2 68
2 67
2 60
2 58
2 57
2 56
2 55
2 51
2 50
2 49
2 48
2 47
2 46
2 45
2 44
2 43
2 42
2 41
2 40
2 35
2 34
2 33
2 32
2 30
2 29
2 28
2 27
2 26
2 25
2 22
2 21
15 14
15 13
15 12
15 11
15 10
15 9
15 8
15 6
15 5
15 4
15 3
15 97
15 95
15 94
15 93
15 90
15 89
15 88
15 87
15 86
15 85
15 80
15 79
15 74
15 72
15 71
15 70
15 69
15 68
15 67
15 60
15 58
15 57
15 56
15 55
15 51
15 50
15 49
15 48
15 47
15 46
15 45
15 44
15 43
15 42
15 41
15 40
35 34
35 33
35 32
35 30
35 29
35 28
35 27
35 26
35 25
35 22
35 21
35 14
35 13
35 12
35 11
35 10
35 9
35 8
35 6
35 5
35 4
35 3
35 97
35 95
35 94
35 93
35 90
35 89
35 88
35 87
35 86
35 85
35 80
35 79
35 74
35 72
35 71
35 70
35 69
35 68
35 67
35 60
35 58
35 57
35 56
35 55
51 50
51 49
51 48
51 47
51 46
51 45
51 44
51 43
51 42
51 41
51 40
51 34
51 33
51 32
51 30
51 29
51 28
51 27
51 26
51 25
51 22
51 21
51 14
51 13
51 12
51 11
51 10
51 9
51 8
51 6
51 5
51 4
51 3
51 97
51 95
51 94
51 93
51 90
51 89
51 88
51 87
51 86
51 85
51 80
51 79
74 72
74 71
74 70
74 69
74 68
74 67
74 60
74 58
74 57
74 56
74 55
74 50
74 49
74 48
74 47
74 46
74 45
74 44
74 43
74 42
74 41
74 40
74 34
74 33
74 32
74 30
74 29
74 28
74 27
74 26
74 25
74 22
74 21
74 14
74 13
74 12
74 11
74 10
74 9
74 8
74 6
74 5
74 4
74 3
97 95
97 94
97 93
97 90
97 89
97 88
97 87
97 86
97 85
97 80
97 79
97 72
97 71
97 70
97 69
97 68
97 67
97 60
97 58
97 57
97 56
97 55
97 50
97 49
97 48
97 47
97 46
97 45
97 44
97 43
97 42
97 41
97 40
97 34
97 33
97 32
97 30
97 29
97 28
97 27
97 26
97 25
97 22
21 14
21 13
21 12
21 11
21 10
21 9
21 8
21 6
21 5
21 4
21 3
21 95
21 94
21 93
21 90
21 89
21 88
21 87
21 86
21 85
21 80
21 79
21 72
21 71
21 70
21 69
21 68
21 67
21 60
21 58
21 57
21 56
21 55
21 50
21 49
21 48
21 47
21 46
21 45
21 44
21 43
21 42
21 41
40 34
40 33
40 32
40 30
40 29
40 28
40 27
40 26
40 25
40 22
40 14
40 13
40 12
40 11
40 10
40 9
40 8
40 6
40 5
40 4
40 3
40 95
40 94
40 93
40 90
40 89
40 88
40 87
40 86
40 85
40 80
40 79
40 72
40 71
40 70
40 69
40 68
40 67
40 60
40 58
40 57
40 56
55 50
55 49
55 48
55 47
55 46
55 45
55 44
55 43
55 42
55 41
55 34
55 33
55 32
55 30
55 29
55 28
55 27
55 26
55 25
55 22
55 14
55 13
55 12
55 11
55 10
55 9
55 8
55 6
55 5
55 4
55 3
55 95
55 94
55 93
55 90
55 89
55 88
55 87
55 86
55 85
55 80
79 72
79 71
79 70
79 69
79 68
79 67
79 60
79 58
79 57
79 56
79 50
79 49
79 48
79 47
79 46
79 45
79 44
79 43
79 42
79 41
79 34
79 33
79 32
79 30
79 29
79 28
79 27
79 26
79 25
79 22
79 14
79 13
79 12
79 11
79 10
79 9
79 8
79 6
79 5
79 4
3 95
3 94
3 93
3 90
3 89
3 88
3 87
3 86
3 85
3 80
3 72
3 71
3 70
3 69
3 68
3 67
3 60
3 58
3 57
3 56
3 50
3 49
3 48
3 47
3 46
3 45
3 44
3 43
3 42
3 41
3 34
3 33
3 32
3 30
3 29
3 28
3 27
3 26
3 25
3 22
14 13
14 12
14 11
14 10
14 9
14 8
14 6
14 5
14 4
14 95
14 94
14 93
14 90
14 89
14 88
14 87
14 86
14 85
14 80
14 72
14 71
14 70
14 69
14 68
14 67
14 60
14 58
14 57
14 56
14 50
14 49
14 48
14 47
14 46
14 45
14 44
14 43
14 42
14 41
34 33
34 32
34 30
34 29
34 28
34 27
34 26
34 25
34 22
34 13
34 12
34 11
34 10
34 9
34 8
34 6
34 5
34 4
34 95
34 94
34 93
34 90
34 89
34 88
34 87
34 86
34 85
34 80
34 72
34 71
34 70
34 69
34 68
34 67
34 60
34 58
34 57
34 56
50 49
50 48
50 47
50 46
50 45
50 44
50 43
50 42
50 41
50 33
50 32
50 30
50 29
50 28
50 27
50 26
50 25
50 22
50 13
50 12
50 11
50 10
50 9
50 8
50 6
50 5
50 4
50 95
50 94
50 93
50 90
50 89
50 88
50 87
50 86
50 85
50 80
72 71
72 70
72 69
72 68
72 67
72 60
72 58
72 57
72 56
72 49
72 48
72 47
72 46
72 45
72 44
72 43
72 42
72 41
72 33
72 32
72 30
72 29
72 28
72 27
72 26
72 25
72 22
72 13
72 12
72 11
72 10
72 9
72 8
72 6
72 5
72 4
95 94
95 93
95 90
95 89
95 88
95 87
95 86
95 85
95 80
95 71
95 70
95 69
95 68
95 67
95 60
95 58
95 57
95 56
95 49
95 48
95 47
95 46
95 45
95 44
95 43
95 42
95 41
95 33
95 32
95 30
95 29
95 28
95 27
95 26
95 25
22 13
22 12
22 11
22 10
22 9
22 8
22 6
22 5
22 4
22 94
22 93
22 90
22 89
22 88
22 87
22 86
22 85
22 80
22 71
22 70
22 69
22 68
22 67
22 60
22 58
22 57
22 56
22 49
22 48
22 47
22 46
22 45
22 44
22 43
22 42
41 33
41 32
41 30
41 29
41 28
41 27
41 26
41 25
41 13
41 12
41 11
41 10
41 9
41 8
41 6
41 5
41 4
41 94
41 93
41 90
41 89
41 88
41 87
41 86
41 85
41 80
41 71
41 70
41 69
41 68
41 67
41 60
41 58
41 57
56 49
56 48
56 47
56 46
56 45
56 44
56 43
56 42
56 33
56 32
56 30
56 29
56 28
56 27
56 26
56 25
56 13
56 12
56 11
56 10
56 9
56 8
56 6
56 5
56 4
56 94
56 93
56 90
56 89
56 88
56 87
56 86
56 85
80 71
80 70
80 69
80 68
80 67
80 60
80 58
80 57
80 49
80 48
80 47
80 46
80 45
80 44
80 43
80 42
80 33
80 32
80 30
80 29
80 28
80 27
80 26
80 25
80 13
80 12
80 11
80 10
80 9
80 8
80 6
80 5
4 94
4 93
4 90
4 89
4 88
4 87
4 86
4 85
4 71
4 70
4 69
4 68
4 67
4 60
4 58
4 57
4 49
4 48
4 47
4 46
4 45
4 44
4 43
4 42
4 33
4 32
4 30
4 29
4 28
4 27
4 26
4 25
13 12
13 11
13 10
13 9
13 8
13 6
13 5
13 94
13 93
13 90
13 89
13 88
13 87
13 86
13 85
13 71
13 70
13 69
13 68
13 67
13 60
13 58
13 57
13 49
13 48
13 47
13 46
13 45
13 44
13 43
13 42
33 32
33 30
33 29
33 28
33 27
33 26
33 25
33 12
33 11
33 10
33 9
33 8
33 6
33 5
33 94
33 93
33 90
33 89
33 88
33 87
33 86
33 85
33 71
33 70
33 69
33 68
33 67
33 60
33 58
33 57
49 48
49 47
49 46
49 45
49 44
49 43
49 42
49 32
49 30
49 29
49 28
49 27
49 26
49 25
49 12
49 11
49 10
49 9
49 8
49 6
49 5
49 94
49 93
49 90
49 89
49 88
49 87
49 86
49 85
71 70
71 69
71 68
71 67
71 60
71 58
71 57
71 48
71 47
71 46
71 45
71 44
71 43
71 42
71 32
71 30
71 29
71 28
71 27
71 26
71 25
71 12
71 11
71 10
71 9
71 8
71 6
71 5
94 93
94 90
94 89
94 88
94 87
94 86
94 85
94 70
94 69
94 68
94 67
94 60
94 58
94 57
94 48
94 47
94 46
94 45
94 44
94 43
94 42
94 32
94 30
94 29
94 28
94 27
94 26
25 12
25 11
25 10
25 9
25 8
25 6
25 5
25 93
25 90
25 89
25 88
25 87
25 86
25 85
25 70
25 69
25 68
25 67
25 60
25 58
25 57
25 48
25 47
25 46
25 45
25 44
25 43
42 32
42 30
42 29
42 28
42 27
42 26
42 12
42 11
42 10
42 9
42 8
42 6
42 5
42 93
42 90
42 89
42 88
42 87
42 86
42 85
42 70
42 69
42 68
42 67
42 60
42 58
57 48
57 47
57 46
57 45
57 44
57 43
57 32
57 30
57 29
57 28
57 27
57 26
57 12
57 11
57 10
57 9
57 8
57 6
57 5
57 93
57 90
57 89
57 88
57 87
57 86
85 70
85 69
85 68
85 67
85 60
85 58
85 48
85 47
85 46
85 45
85 44
85 43
85 32
85 30
85 29
85 28
85 27
85 26
85 12
85 11
85 10
85 9
85 8
85 6
5 93
5 90
5 89
5 88
5 87
5 86
5 70
5 69
5 68
5 67
5 60
5 58
5 48
5 47
5 46
5 45
5 44
5 43
5 32
5 30
5 29
5 28
5 27
5 26
12 11
12 10
12 9
12 8
12 6
12 93
12 90
12 89
12 88
12 87
12 86
12 70
12 69
12 68
12 67
12 60
12 58
12 48
12 47
12 46
12 45
12 44
12 43
32 30
32 29
32 28
32 27
32 26
32 11
32 10
32 9
32 8
32 6
32 93
32 90
32 89
32 88
32 87
32 86
32 70
32 69
32 68
32 67
32 60
32 58
48 47
48 46
48 45
48 44
48 43
48 30
48 29
48 28
48 27
48 26
48 11
48 10
48 9
48 8
48 6
48 93
48 90
48 89
48 88
48 87
48 86
70 69
70 68
70 67
70 60
70 58
70 47
70 46
70 45
70 44
70 43
70 30
70 29
70 28
70 27
70 26
70 11
70 10
70 9
70 8
70 6
93 90
93 89
93 88
93 87
93 86
93 69
93 68
93 67
93 60
93 58
93 47
93 46
93 45
93 44
93 43
93 30
93 29
93 28
93 27
26 11
26 10
26 9
26 8
26 6
26 90
26 89
26 88
26 87
26 86
26 69
26 68
26 67
26 60
26 58
26 47
26 46
26 45
26 44
43 30
43 29
43 28
43 27
43 11
43 10
43 9
43 8
43 6
43 90
43 89
43 88
43 87
43 86
43 69
43 68
43 67
43 60
58 47
58 46
58 45
58 44
58 30
58 29
58 28
58 27
58 11
58 10
58 9
58 8
58 6
58 90
58 89
58 88
58 87
86 69
86 68
86 67
86 60
86 47
86 46
86 45
86 44
86 30
86 29
86 28
86 27
86 11
86 10
86 9
86 8
6 90
6 89
6 88
6 87
6 69
6 68
6 67
6 60
6 47
6 46
6 45
6 44
6 30
6 29
6 28
6 27
11 10
11 9
11 8
11 90
11 89
11 88
11 87
11 69
11 68
11 67
11 60
11 47
11 46
11 45
11 44
30 29
30 28
30 27
30 10
30 9
30 8
30 90
30 89
30 88
30 87
30 69
30 68
30 67
30 60
47 46
47 45
47 44
47 29
47 28
47 27
47 10
47 9
47 8
47 90
47 89
47 88
47 87
69 68
69 67
69 60
69 46
69 45
69 44
69 29
69 28
69 27
69 10
69 9
69 8
90 89
90 88
90 87
90 68
90 67
90 60
90 46
90 45
90 44
90 29
90 28
27 10
27 9
27 8
27 89
27 88
27 87
27 68
27 67
27 60
27 46
27 45
44 29
44 28
44 10
44 9
44 8
44 89
44 88
44 87
44 68
44 67
60 46
60 45
60 29
60 28
60 10
60 9
60 8
60 89
60 88
87 68
87 67
87 46
87 45
87 29
87 28
87 10
87 9
8 89
8 88
8 68
8 67
8 46
8 45
8 29
8 28
10 9
10 89
10 88
10 68
10 67
10 46
10 45
29 28
29 9
29 89
29 88
29 68
29 67
46 45
46 28
46 9
46 89
46 88
68 67
68 45
68 28
68 9
89 88
89 67
89 45
28 9
28 88
28 67
45 9
45 88
67 9
