2400
100 70
100 15
100 72
100 60
100 52
100 36
100 59
100 63
100 62
100 51
100 46
100 19
100 34
100 33
100 86
100 73
100 68
100 58
100 54
100 8
100 90
100 82
100 74
100 66
100 50
100 44
100 43
100 39
100 38
100 31
100 27
100 14
100 9
100 3
100 97
100 91
100 80
100 48
100 42
100 40
100 11
100 75
100 45
100 28
100 17
100 7
100 4
100 94
100 84
100 61
100 53
100 32
100 30
100 6
100 95
100 93
100 85
100 83
100 81
70 15
70 72
70 60
70 52
70 36
70 59
70 63
70 62
70 51
70 46
70 19
70 34
70 33
70 86
70 73
70 68
70 58
70 54
70 8
70 90
70 82
70 74
70 66
70 50
70 44
70 43
70 39
70 38
70 31
70 27
70 14
70 9
70 3
70 97
70 91
70 80
70 48
70 42
70 40
70 11
70 75
70 45
70 28
70 17
70 7
70 4
70 94
70 84
70 78
70 77
70 76
70 61
70 53
70 47
70 41
70 32
70 30
70 10
15 72
15 60
15 52
15 36
15 59
15 63
15 62
15 51
15 46
15 19
15 34
15 33
15 86
15 73
15 68
15 58
15 54
15 8
15 90
15 82
15 74
15 66
15 50
15 44
15 43
15 39
15 38
15 31
15 27
15 14
15 9
15 3
15 97
15 91
15 80
15 48
15 42
15 40
15 11
15 75
15 45
15 28
15 17
15 7
15 6
15 4
15 1
15 95
15 94
15 93
15 92
15 85
15 84
15 83
15 81
72 60
72 52
72 36
72 59
72 63
72 62
72 51
72 46
72 19
72 34
72 33
72 86
72 73
72 68
72 58
72 54
72 8
72 90
72 82
72 74
72 66
72 50
72 44
72 43
72 39
72 38
72 31
72 27
72 14
72 9
72 3
72 97
72 91
72 80
72 48
72 42
72 40
72 11
72 79
72 78
72 77
72 76
72 75
72 61
72 55
72 53
72 47
72 45
72 41
72 32
72 30
72 28
72 25
60 52
60 36
60 59
60 63
60 62
60 51
60 46
60 19
60 34
60 33
60 86
60 73
60 68
60 58
60 54
60 8
60 90
60 82
60 74
60 66
60 50
60 44
60 43
60 39
60 38
60 31
60 27
60 14
60 9
60 3
60 97
60 91
60 80
60 48
60 42
60 40
60 21
60 17
60 12
60 11
60 10
60 7
60 6
60 4
60 1
60 95
60 94
60 93
60 92
60 85
60 84
60 83
52 36
52 59
52 63
52 62
52 51
52 46
52 19
52 34
52 33
52 86
52 73
52 68
52 58
52 54
52 8
52 90
52 82
52 74
52 66
52 50
52 44
52 43
52 39
52 38
52 31
52 27
52 14
52 9
52 3
52 97
52 91
52 81
52 80
52 79
52 78
52 77
52 76
52 75
52 71
52 64
52 61
52 56
52 55
52 53
52 48
52 47
52 45
52 42
52 41
52 40
52 32
36 59
36 63
36 62
36 51
36 46
36 19
36 34
36 33
36 86
36 73
36 68
36 58
36 54
36 8
36 90
36 82
36 74
36 66
36 50
36 44
36 43
36 39
36 38
36 31
36 30
36 29
36 28
36 27
36 25
36 23
36 21
36 17
36 14
36 12
36 11
36 10
36 9
36 7
36 6
36 4
36 3
36 1
36 97
36 95
36 94
36 93
36 92
36 91
36 89
36 88
59 63
59 62
59 51
59 46
59 19
59 34
59 33
59 86
59 73
59 68
59 58
59 54
59 8
59 90
59 85
59 84
59 83
59 82
59 81
59 80
59 79
59 78
59 77
59 76
59 75
59 74
59 71
59 66
59 65
59 64
59 61
59 56
59 55
59 53
59 50
59 48
59 47
59 45
59 44
59 43
59 42
59 41
59 40
59 39
59 38
59 37
59 32
59 31
63 62
63 51
63 46
63 19
63 34
63 33
63 86
63 73
63 68
63 58
63 54
63 30
63 29
63 28
63 27
63 25
63 24
63 23
63 21
63 17
63 14
63 12
63 11
63 10
63 9
63 8
63 7
63 6
63 4
63 3
63 1
63 99
63 97
63 95
63 94
63 93
63 92
63 91
63 90
63 89
63 88
63 85
63 84
63 83
63 82
63 81
62 51
62 46
62 19
62 34
62 33
62 86
62 80
62 79
62 78
62 77
62 76
62 75
62 74
62 73
62 71
62 69
62 68
62 66
62 65
62 64
62 61
62 58
62 56
62 55
62 54
62 53
62 50
62 49
62 48
62 47
62 45
62 44
62 43
62 42
62 41
62 40
62 39
62 38
62 37
62 32
62 31
62 30
62 29
62 28
62 27
51 46
51 19
51 34
51 33
51 26
51 25
51 24
51 23
51 21
51 17
51 14
51 13
51 12
51 11
51 10
51 9
51 8
51 7
51 6
51 4
51 3
51 2
51 1
51 99
51 97
51 96
51 95
51 94
51 93
51 92
51 91
51 90
51 89
51 88
51 86
51 85
51 84
51 83
51 82
51 81
51 80
51 79
51 78
51 77
46 19
46 76
46 75
46 74
46 73
46 71
46 69
46 68
46 66
46 65
46 64
46 61
46 58
46 56
46 55
46 54
46 53
46 50
46 49
46 48
46 47
46 45
46 44
46 43
46 42
46 41
46 40
46 39
46 38
46 37
46 35
46 34
46 33
46 32
46 31
46 30
46 29
46 28
46 27
46 26
46 25
46 24
46 23
21 19
21 17
21 14
21 13
21 12
21 11
21 10
21 9
21 8
21 7
21 6
21 4
21 3
21 2
21 1
21 99
21 97
21 96
21 95
21 94
21 93
21 92
21 91
21 90
21 89
21 88
21 86
21 85
21 84
21 83
21 82
21 81
21 80
21 79
21 78
21 77
21 76
21 75
21 74
21 73
21 71
21 69
68 66
68 65
68 64
68 61
68 58
68 56
68 55
68 54
68 53
68 50
68 49
68 48
68 47
68 45
68 44
68 43
68 42
68 41
68 40
68 39
68 38
68 37
68 35
68 34
68 33
68 32
68 31
68 30
68 29
68 28
68 27
68 26
68 25
68 24
68 23
68 19
68 17
68 14
68 13
68 12
68 11
10 9
10 8
10 7
10 6
10 4
10 3
10 2
10 1
10 99
10 97
10 96
10 95
10 94
10 93
10 92
10 91
10 90
10 89
10 88
10 87
10 86
10 85
10 84
10 83
10 82
10 81
10 80
10 79
10 78
10 77
10 76
10 75
10 74
10 73
10 71
10 69
10 66
10 65
10 64
10 61
10 58
56 55
56 54
56 53
56 50
56 49
56 48
56 47
56 45
56 44
56 43
56 42
56 41
56 40
56 39
56 38
56 37
56 35
56 34
56 33
56 32
56 31
56 30
56 29
56 28
56 27
56 26
56 25
56 24
56 23
56 19
56 17
56 14
56 13
56 12
56 11
56 9
56 8
56 7
56 6
56 4
3 2
3 1
3 99
3 98
3 97
3 96
3 95
3 94
3 93
3 92
3 91
3 90
3 89
3 88
3 87
3 86
3 85
3 84
3 83
3 82
3 81
3 80
3 79
3 78
3 77
3 76
3 75
3 74
3 73
3 71
3 69
3 66
3 65
3 64
3 61
3 58
3 57
3 55
3 54
3 53
50 49
50 48
50 47
50 45
50 44
50 43
50 42
50 41
50 40
50 39
50 38
50 37
50 35
50 34
50 33
50 32
50 31
50 30
50 29
50 28
50 27
50 26
50 25
50 24
50 23
50 19
50 17
50 14
50 13
50 12
50 11
50 9
50 8
50 7
50 6
50 4
50 2
50 1
50 99
98 97
98 96
98 95
98 94
98 93
98 92
98 91
98 90
98 89
98 88
98 87
98 86
98 85
98 84
98 83
98 82
98 81
98 80
98 79
98 78
98 77
98 76
98 75
98 74
98 73
98 71
98 69
98 67
98 66
98 65
98 64
98 61
98 58
98 57
98 55
98 54
98 53
98 49
48 47
48 45
48 44
48 43
48 42
48 41
48 40
48 39
48 38
48 37
48 35
48 34
48 33
48 32
48 31
48 30
48 29
48 28
48 27
48 26
48 25
48 24
48 23
48 19
48 17
48 16
48 14
48 13
48 12
48 11
48 9
48 8
48 7
48 6
48 4
48 2
48 1
48 99
97 96
97 95
97 94
97 93
97 92
97 91
97 90
97 89
97 88
97 87
97 86
97 85
97 84
97 83
97 82
97 81
97 80
97 79
97 78
97 77
97 76
97 75
97 74
97 73
97 71
97 69
97 67
97 66
97 65
97 64
97 61
97 58
97 57
97 55
97 54
97 53
97 49
47 45
47 44
47 43
47 42
47 41
47 40
47 39
47 38
47 37
47 35
47 34
47 33
47 32
47 31
47 30
47 29
47 28
47 27
47 26
47 25
47 24
47 23
47 19
47 17
47 16
47 14
47 13
47 12
47 11
47 9
47 8
47 7
47 6
47 5
47 4
47 2
47 1
99 96
99 95
99 94
99 93
99 92
99 91
99 90
99 89
99 88
99 87
99 86
99 85
99 84
99 83
99 82
99 81
99 80
99 79
99 78
99 77
99 76
99 75
99 74
99 73
99 71
99 69
99 67
99 66
99 65
99 64
99 61
99 58
99 57
99 55
99 54
99 53
49 45
49 44
49 43
49 42
49 41
49 40
49 39
49 38
49 37
49 35
49 34
49 33
49 32
49 31
49 30
49 29
49 28
49 27
49 26
49 25
49 24
49 23
49 22
49 19
49 18
49 17
49 16
49 14
49 13
49 12
49 11
49 9
49 8
49 7
49 6
49 5
4 2
4 1
4 96
4 95
4 94
4 93
4 92
4 91
4 90
4 89
4 88
4 87
4 86
4 85
4 84
4 83
4 82
4 81
4 80
4 79
4 78
4 77
4 76
4 75
4 74
4 73
4 71
4 69
4 67
4 66
4 65
4 64
4 61
4 58
4 57
4 55
54 53
54 45
54 44
54 43
54 42
54 41
54 40
54 39
54 38
54 37
54 35
54 34
54 33
54 32
54 31
54 30
54 29
54 28
54 27
54 26
54 25
54 24
54 23
54 22
54 19
54 18
54 17
54 16
54 14
54 13
54 12
54 11
54 9
54 8
54 7
6 5
6 2
6 1
6 96
6 95
6 94
6 93
6 92
6 91
6 90
6 89
6 88
6 87
6 86
6 85
6 84
6 83
6 82
6 81
6 80
6 79
6 78
6 77
6 76
6 75
6 74
6 73
6 71
6 69
6 67
6 66
6 65
6 64
6 61
6 58
57 55
57 53
57 45
57 44
57 43
57 42
57 41
57 40
57 39
57 38
57 37
57 35
57 34
57 33
57 32
57 31
57 30
57 29
57 28
57 27
57 26
57 25
57 24
57 23
57 22
57 20
57 19
57 18
57 17
57 16
57 14
57 13
57 12
57 11
9 8
9 7
9 5
9 2
9 1
9 96
9 95
9 94
9 93
9 92
9 91
9 90
9 89
9 88
9 87
9 86
9 85
9 84
9 83
9 82
9 81
9 80
9 79
9 78
9 77
9 76
9 75
9 74
9 73
9 71
9 69
9 67
9 66
9 65
64 61
64 58
64 55
64 53
64 45
64 44
64 43
64 42
64 41
64 40
64 39
64 38
64 37
64 35
64 34
64 33
64 32
64 31
64 30
64 29
64 28
64 27
64 26
64 25
64 24
64 23
64 22
64 20
64 19
64 18
64 17
64 16
64 14
13 12
13 11
13 8
13 7
13 5
13 2
13 1
13 96
13 95
13 94
13 93
13 92
13 91
13 90
13 89
13 88
13 87
13 86
13 85
13 84
13 83
13 82
13 81
13 80
13 79
13 78
13 77
13 76
13 75
13 74
13 73
13 71
13 69
67 66
67 65
67 61
67 58
67 55
67 53
67 45
67 44
67 43
67 42
67 41
67 40
67 39
67 38
67 37
67 35
67 34
67 33
67 32
67 31
67 30
67 29
67 28
67 27
67 26
67 25
67 24
67 23
67 22
67 20
67 19
67 18
17 16
17 14
17 12
17 11
17 8
17 7
17 5
17 2
17 1
17 96
17 95
17 94
17 93
17 92
17 91
17 90
17 89
17 88
17 87
17 86
17 85
17 84
17 83
17 82
17 81
17 80
17 79
17 78
17 77
17 76
17 75
17 74
73 71
73 69
73 66
73 65
73 61
73 58
73 55
73 53
73 45
73 44
73 43
73 42
73 41
73 40
73 39
73 38
73 37
73 35
73 34
73 33
73 32
73 31
73 30
73 29
73 28
73 27
73 26
73 25
73 24
73 23
73 22
20 19
20 18
20 16
20 14
20 12
20 11
20 8
20 7
20 5
20 2
20 1
20 96
20 95
20 94
20 93
20 92
20 91
20 90
20 89
20 88
20 87
20 86
20 85
20 84
20 83
20 82
20 81
20 80
20 79
20 78
20 77
76 75
76 74
76 71
76 69
76 66
76 65
76 61
76 58
76 55
76 53
76 45
76 44
76 43
76 42
76 41
76 40
76 39
76 38
76 37
76 35
76 34
76 33
76 32
76 31
76 30
76 29
76 28
76 27
76 26
76 25
24 23
24 22
24 19
24 18
24 16
24 14
24 12
24 11
24 8
24 7
24 5
24 2
24 1
24 96
24 95
24 94
24 93
24 92
24 91
24 90
24 89
24 88
24 87
24 86
24 85
24 84
24 83
24 82
24 81
24 80
79 78
79 77
79 75
79 74
79 71
79 69
79 66
79 65
79 61
79 58
79 55
79 53
79 45
79 44
79 43
79 42
79 41
79 40
79 39
79 38
79 37
79 35
79 34
79 33
79 32
79 31
79 30
79 29
79 28
27 26
27 25
27 23
27 22
27 19
27 18
27 16
27 14
27 12
27 11
27 8
27 7
27 5
27 2
27 1
27 96
27 95
27 94
27 93
27 92
27 91
27 90
27 89
27 88
27 87
27 86
27 85
27 84
27 83
82 81
82 80
82 78
82 77
82 75
82 74
82 71
82 69
82 66
82 65
82 61
82 58
82 55
82 53
82 45
82 44
82 43
82 42
82 41
82 40
82 39
82 38
82 37
82 35
82 34
82 33
82 32
82 31
30 29
30 28
30 26
30 25
30 23
30 22
30 19
30 18
30 16
30 14
30 12
30 11
30 8
30 7
30 5
30 2
30 1
30 96
30 95
30 94
30 93
30 92
30 91
30 90
30 89
30 88
30 87
30 86
85 84
85 83
85 81
85 80
85 78
85 77
85 75
85 74
85 71
85 69
85 66
85 65
85 61
85 58
85 55
85 53
85 45
85 44
85 43
85 42
85 41
85 40
85 39
85 38
85 37
85 35
85 34
33 32
33 31
33 29
33 28
33 26
33 25
33 23
33 22
33 19
33 18
33 16
33 14
33 12
33 11
33 8
33 7
33 5
33 2
33 1
33 96
33 95
33 94
33 93
33 92
33 91
33 90
33 89
88 87
88 86
88 84
88 83
88 81
88 80
88 78
88 77
88 75
88 74
88 71
88 69
88 66
88 65
88 61
88 58
88 55
88 53
88 45
88 44
88 43
88 42
88 41
88 40
88 39
88 38
37 35
37 34
37 32
37 31
37 29
37 28
37 26
37 25
37 23
37 22
37 19
37 18
37 16
37 14
37 12
37 11
37 8
37 7
37 5
37 2
37 1
37 96
37 95
37 94
37 93
37 92
91 90
91 89
91 87
91 86
91 84
91 83
91 81
91 80
91 78
91 77
91 75
91 74
91 71
91 69
91 66
91 65
91 61
91 58
91 55
91 53
91 45
91 44
91 43
91 42
91 41
40 39
40 38
40 35
40 34
40 32
40 31
40 29
40 28
40 26
40 25
40 23
40 22
40 19
40 18
40 16
40 14
40 12
40 11
40 8
40 7
40 5
40 2
40 1
40 96
40 95
94 93
94 92
94 90
94 89
94 87
94 86
94 84
94 83
94 81
94 80
94 78
94 77
94 75
94 74
94 71
94 69
94 66
94 65
94 61
94 58
94 55
94 53
94 45
94 44
43 42
43 41
43 39
43 38
43 35
43 34
43 32
43 31
43 29
43 28
43 26
43 25
43 23
43 22
43 19
43 18
43 16
43 14
43 12
43 11
43 8
43 7
43 5
43 2
1 96
1 95
1 93
1 92
1 90
1 89
1 87
1 86
1 84
1 83
1 81
1 80
1 78
1 77
1 75
1 74
1 71
1 69
1 66
1 65
1 61
1 58
1 55
1 53
45 44
45 42
45 41
45 39
45 38
45 35
45 34
45 32
45 31
45 29
45 28
45 26
45 25
45 23
45 22
45 19
45 18
45 16
45 14
45 12
45 11
45 8
45 7
5 2
5 96
5 95
5 93
5 92
5 90
5 89
5 87
5 86
5 84
5 83
5 81
5 80
5 78
5 77
5 75
5 74
5 71
5 69
5 66
5 65
5 61
5 58
55 53
55 44
55 42
55 41
55 39
55 38
55 35
55 34
55 32
55 31
55 29
55 28
55 26
55 25
55 23
55 22
55 19
55 18
55 16
55 14
55 12
55 11
8 7
8 2
8 96
8 95
8 93
8 92
8 90
8 89
8 87
8 86
8 84
8 83
8 81
8 80
8 78
8 77
8 75
8 74
8 71
8 69
8 66
8 65
61 58
61 53
61 44
61 42
61 41
61 39
61 38
61 35
61 34
61 32
61 31
61 29
61 28
61 26
61 25
61 23
61 22
61 19
61 18
61 16
61 14
12 11
12 7
12 2
12 96
12 95
12 93
12 92
12 90
12 89
12 87
12 86
12 84
12 83
12 81
12 80
12 78
12 77
12 75
12 74
12 71
12 69
66 65
66 58
66 53
66 44
66 42
66 41
66 39
66 38
66 35
66 34
66 32
66 31
66 29
66 28
66 26
66 25
66 23
66 22
66 19
66 18
16 14
16 11
16 7
16 2
16 96
16 95
16 93
16 92
16 90
16 89
16 87
16 86
16 84
16 83
16 81
16 80
16 78
16 77
16 75
16 74
71 69
71 65
71 58
71 53
71 44
71 42
71 41
71 39
71 38
71 35
71 34
71 32
71 31
71 29
71 28
71 26
71 25
71 23
71 22
19 18
19 14
19 11
19 7
19 2
19 96
19 95
19 93
19 92
19 90
19 89
19 87
19 86
19 84
19 83
19 81
19 80
19 78
19 77
75 74
75 69
75 65
75 58
75 53
75 44
75 42
75 41
75 39
75 38
75 35
75 34
75 32
75 31
75 29
75 28
75 26
75 25
23 22
23 18
23 14
23 11
23 7
23 2
23 96
23 95
23 93
23 92
23 90
23 89
23 87
23 86
23 84
23 83
23 81
23 80
78 77
78 74
78 69
78 65
78 58
78 53
78 44
78 42
78 41
78 39
78 38
78 35
78 34
78 32
78 31
78 29
78 28
26 25
26 22
26 18
26 14
26 11
26 7
26 2
26 96
26 95
26 93
26 92
26 90
26 89
26 87
26 86
26 84
26 83
81 80
81 77
81 74
81 69
81 65
81 58
81 53
81 44
81 42
81 41
81 39
81 38
81 35
81 34
81 32
81 31
29 28
29 25
29 22
29 18
29 14
29 11
29 7
29 2
29 96
29 95
29 93
29 92
29 90
29 89
29 87
29 86
84 83
84 80
84 77
84 74
84 69
84 65
84 58
84 53
84 44
84 42
84 41
84 39
84 38
84 35
84 34
32 31
32 28
32 25
32 22
32 18
32 14
32 11
32 7
32 2
32 96
32 95
32 93
32 92
32 90
32 89
87 86
87 83
87 80
87 77
87 74
87 69
87 65
87 58
87 53
87 44
87 42
87 41
87 39
87 38
35 34
35 31
35 28
35 25
35 22
35 18
35 14
35 11
35 7
35 2
35 96
35 95
35 93
35 92
90 89
90 86
90 83
90 80
90 77
90 74
90 69
90 65
90 58
90 53
90 44
90 42
90 41
39 38
39 34
39 31
39 28
39 25
39 22
39 18
39 14
39 11
39 7
39 2
39 96
39 95
93 92
93 89
93 86
93 83
93 80
93 77
93 74
93 69
93 65
93 58
93 53
93 44
42 41
42 38
42 34
42 31
42 28
42 25
42 22
42 18
42 14
42 11
42 7
42 2
96 95
96 92
96 89
96 86
96 83
96 80
96 77
96 74
96 69
96 65
96 58
53 44
53 41
53 38
53 34
53 31
53 28
53 25
53 22
53 18
53 14
53 11
7 2
7 95
7 92
7 89
7 86
7 83
7 80
7 77
7 74
7 69
7 65
58 44
58 41
58 38
58 34
58 31
58 28
58 25
58 22
58 18
58 14
11 2
11 95
11 92
11 89
11 86
11 83
11 80
11 77
11 74
11 69
65 44
65 41
65 38
65 34
65 31
65 28
65 25
65 22
65 18
14 2
14 95
14 92
14 89
14 86
14 83
14 80
14 77
14 74
69 44
69 41
69 38
69 34
69 31
69 28
69 25
69 22
18 2
18 95
18 92
18 89
18 86
18 83
18 80
18 77
74 44
74 41
74 38
74 34
74 31
74 28
74 25
22 2
22 95
22 92
22 89
22 86
22 83
22 80
77 44
77 41
77 38
77 34
77 31
77 28
25 2
25 95
25 92
25 89
25 86
25 83
80 44
80 41
80 38
80 34
80 31
28 2
28 95
28 92
28 89
28 86
83 44
83 41
83 38
83 34
31 2
31 95
31 92
31 89
86 44
86 41
86 38
34 2
34 95
34 92
89 44
89 41
38 2
38 95
92 44
41 2
