618
80 65
80 38
80 37
80 1
80 94
80 32
80 26
80 99
80 95
80 86
80 85
80 44
80 28
80 25
80 12
80 90
80 88
80 73
80 66
80 55
80 53
65 38
65 37
65 1
65 94
65 32
65 26
65 99
65 95
65 86
65 85
65 52
65 44
65 28
65 25
65 23
65 22
65 12
65 6
65 90
65 88
38 37
38 1
38 94
38 32
38 26
38 99
38 95
38 86
38 85
38 75
38 73
38 68
38 66
38 58
38 55
38 53
38 52
38 44
37 1
37 94
37 43
37 42
37 32
37 28
37 26
37 25
37 23
37 22
37 13
37 12
37 6
37 2
37 99
37 98
37 95
1 94
1 90
1 88
1 86
1 85
1 82
1 77
1 75
1 73
1 68
1 66
1 59
1 58
1 55
1 53
1 52
49 48
49 44
49 43
49 42
49 39
49 32
49 29
49 28
49 26
49 25
49 23
49 22
49 13
49 12
49 9
6 2
6 99
6 98
6 96
6 95
6 94
6 90
6 88
6 86
6 85
6 82
6 77
6 75
6 73
6 68
67 66
67 59
67 58
67 55
67 53
67 52
67 50
67 48
67 44
67 43
67 42
67 39
67 35
67 32
29 28
29 27
29 26
29 25
29 23
29 22
29 13
29 12
29 9
29 2
29 100
29 99
29 98
29 96
95 94
95 92
95 90
95 88
95 87
95 86
95 85
95 82
95 79
95 77
95 75
95 73
95 68
66 59
66 58
66 55
66 53
66 52
66 50
66 48
66 44
66 43
66 42
66 39
66 35
66 32
28 27
28 26
28 25
28 23
28 22
28 17
28 13
28 12
28 9
28 4
28 2
28 100
28 99
98 97
98 96
98 94
98 92
98 90
98 88
98 87
98 86
98 85
98 83
98 82
98 79
77 75
77 73
77 68
77 59
77 58
77 55
77 54
77 53
77 52
77 50
77 48
77 47
45 44
45 43
45 42
45 39
45 35
45 34
45 33
45 32
45 30
45 27
45 26
45 25
23 22
23 19
23 17
23 13
23 12
23 10
23 9
23 4
23 2
23 100
23 99
23 97
96 94
96 92
96 90
96 88
96 87
96 86
96 85
96 83
96 82
96 79
96 75
73 68
73 61
73 59
73 58
73 55
73 54
73 53
73 52
73 51
73 50
73 48
47 46
47 44
47 43
47 42
47 40
47 39
47 35
47 34
47 33
47 32
47 30
27 26
27 25
27 22
27 19
27 17
27 13
27 12
27 10
27 9
27 5
27 4
3 2
3 100
3 99
3 97
3 94
3 92
3 90
3 88
3 87
3 86
3 85
83 82
83 79
83 76
83 75
83 72
83 70
83 68
83 64
83 63
83 61
59 58
59 55
59 54
59 53
59 52
59 51
59 50
59 48
59 46
59 44
43 42
43 40
43 39
43 36
43 35
43 34
43 33
43 32
43 30
43 26
25 22
25 19
25 17
25 16
25 14
25 13
25 12
25 11
25 10
25 9
5 4
5 2
5 100
5 99
5 97
5 94
5 92
5 90
5 88
5 87
86 85
86 82
86 81
86 79
86 76
86 75
86 74
86 72
86 70
68 64
68 63
68 62
68 61
68 58
68 57
68 55
68 54
68 53
52 51
52 50
52 48
52 46
52 44
52 42
52 40
52 39
52 36
35 34
35 33
35 32
35 30
35 26
35 22
35 21
35 19
35 17
16 14
16 13
16 12
16 11
16 10
16 9
16 4
16 2
16 100
99 97
99 94
99 92
99 91
99 90
99 88
99 87
99 85
82 81
82 79
82 76
82 75
82 74
82 72
82 70
82 64
63 62
63 61
63 58
63 57
63 55
63 54
63 53
63 51
50 48
50 46
50 44
50 42
50 40
50 39
50 36
50 34
33 32
33 30
33 26
33 22
33 21
33 19
33 17
33 14
13 12
13 11
13 10
13 9
13 8
13 4
13 2
13 100
97 94
97 92
97 91
97 90
97 88
97 87
97 85
81 79
81 76
81 75
81 74
81 72
81 70
81 64
62 61
62 58
62 57
62 56
62 55
62 54
62 53
51 48
51 46
51 44
51 42
51 40
51 39
51 36
34 32
34 30
34 26
34 22
34 21
34 20
34 19
17 14
17 12
17 11
17 10
17 9
17 8
17 4
2 100
2 94
2 92
2 91
2 90
2 88
2 87
85 79
85 76
85 75
85 74
85 72
85 70
69 64
69 61
69 58
69 57
69 56
69 55
54 53
54 48
54 46
54 44
54 42
54 40
39 36
39 32
39 30
39 26
39 22
39 21
20 19
20 15
20 14
20 12
20 11
20 10
9 8
9 4
9 100
9 94
9 93
9 92
91 90
91 88
91 87
91 79
91 76
75 74
75 72
75 70
75 64
75 61
58 57
58 56
58 55
58 53
58 48
46 44
46 42
46 40
46 36
46 32
30 26
30 22
30 21
30 19
30 15
14 12
14 11
14 10
14 8
14 4
100 94
100 93
100 92
100 90
88 87
88 79
88 76
88 74
72 70
72 64
72 61
72 57
56 55
56 53
56 48
56 44
42 40
42 36
42 32
42 26
22 21
22 19
22 15
22 12
11 10
11 8
11 4
11 94
93 92
93 90
93 87
79 76
79 74
79 70
64 61
64 57
64 55
53 48
53 44
53 40
36 32
36 26
36 21
19 15
19 12
19 10
8 4
8 94
8 92
90 87
90 76
74 70
74 61
57 55
57 48
44 40
44 32
26 21
26 15
12 10
12 4
94 92
87 76
70 61
55 48
40 32
21 15
10 4
