3300
46 67
46 53
46 20
46 12
46 89
46 76
46 74
46 69
46 58
46 40
46 22
46 7
46 95
46 80
46 70
46 31
46 25
46 10
46 5
46 84
46 66
46 54
46 50
46 37
46 35
46 29
46 17
46 6
46 88
46 75
46 26
46 21
46 13
46 4
46 86
46 82
46 78
46 68
46 62
46 60
46 56
46 42
46 38
46 32
46 15
46 61
46 51
46 45
46 43
46 3
46 100
46 87
46 83
46 59
46 55
46 52
46 18
46 98
46 92
46 71
46 41
46 33
46 24
46 16
46 14
46 97
46 94
46 49
46 39
46 19
46 93
46 85
46 57
46 28
67 53
67 20
67 12
67 89
67 76
67 74
67 69
67 58
67 40
67 22
67 7
67 95
67 80
67 70
67 31
67 25
67 10
67 5
67 84
67 66
67 54
67 50
67 37
67 35
67 29
67 17
67 6
67 88
67 75
67 26
67 21
67 13
67 4
67 86
67 82
67 78
67 68
67 62
67 60
67 56
67 42
67 38
67 32
67 15
67 61
67 51
67 45
67 43
67 3
67 100
67 87
67 83
67 59
67 55
67 52
67 18
67 98
67 92
67 71
67 41
67 33
67 24
67 16
67 14
67 97
67 94
67 49
67 39
67 19
67 93
67 85
67 65
53 20
53 12
53 89
53 76
53 74
53 69
53 58
53 40
53 22
53 7
53 95
53 80
53 70
53 31
53 25
53 10
53 5
53 84
53 66
53 54
53 50
53 37
53 35
53 29
53 17
53 6
53 88
53 75
53 26
53 21
53 13
53 4
53 86
53 82
53 78
53 68
53 62
53 60
53 56
53 42
53 38
53 32
53 15
53 61
53 51
53 45
53 43
53 3
53 100
53 87
53 83
53 59
53 55
53 52
53 18
53 98
53 92
53 71
53 41
53 33
53 24
53 16
53 14
53 97
53 94
53 57
53 49
53 48
53 44
53 39
53 36
20 12
20 89
20 76
20 74
20 69
20 58
20 40
20 22
20 7
20 95
20 80
20 70
20 31
20 25
20 10
20 5
20 84
20 66
20 54
20 50
20 37
20 35
20 29
20 17
20 6
20 88
20 75
20 26
20 21
20 13
20 4
20 86
20 82
20 78
20 68
20 62
20 60
20 56
20 42
20 38
20 32
20 15
20 61
20 51
20 45
20 43
20 3
20 100
20 87
20 83
20 59
20 55
20 52
20 18
20 98
20 92
20 71
20 41
20 33
20 28
20 24
20 19
20 16
20 14
20 99
20 97
20 96
20 94
20 93
20 91
12 89
12 76
12 74
12 69
12 58
12 40
12 22
12 7
12 95
12 80
12 70
12 31
12 25
12 10
12 5
12 84
12 66
12 54
12 50
12 37
12 35
12 29
12 17
12 6
12 88
12 75
12 26
12 21
12 13
12 4
12 86
12 82
12 78
12 68
12 62
12 60
12 56
12 42
12 38
12 32
12 15
12 61
12 51
12 45
12 43
12 3
12 100
12 87
12 83
12 59
12 55
12 52
12 18
12 98
12 92
12 85
12 71
12 65
12 57
12 49
12 48
12 47
12 44
12 41
12 39
12 36
12 33
12 28
12 24
89 76
89 74
89 69
89 58
89 40
89 22
89 7
89 95
89 80
89 70
89 31
89 25
89 10
89 5
89 84
89 66
89 54
89 50
89 37
89 35
89 29
89 17
89 6
89 88
89 75
89 26
89 21
89 13
89 4
89 86
89 82
89 78
89 68
89 62
89 60
89 56
89 42
89 38
89 32
89 15
89 61
89 51
89 45
89 43
89 3
89 100
89 87
89 83
89 59
89 55
89 52
89 19
89 18
89 16
89 14
89 8
89 99
89 98
89 97
89 96
89 94
89 93
89 92
89 91
89 85
89 79
89 77
76 74
76 69
76 58
76 40
76 22
76 7
76 95
76 80
76 70
76 31
76 25
76 10
76 5
76 84
76 66
76 54
76 50
76 37
76 35
76 29
76 17
76 6
76 88
76 75
76 26
76 21
76 13
76 4
76 86
76 82
76 78
76 68
76 62
76 60
76 56
76 42
76 38
76 32
76 15
76 61
76 51
76 45
76 43
76 3
76 100
76 87
76 83
76 71
76 65
76 59
76 57
76 55
76 52
76 49
76 48
76 47
76 44
76 41
76 39
76 36
76 34
76 33
76 28
76 27
76 24
76 19
74 69
74 58
74 40
74 22
74 7
74 95
74 80
74 70
74 31
74 25
74 10
74 5
74 84
74 66
74 54
74 50
74 37
74 35
74 29
74 17
74 6
74 88
74 75
74 26
74 21
74 13
74 4
74 86
74 82
74 78
74 68
74 62
74 60
74 56
74 42
74 38
74 32
74 15
74 61
74 51
74 45
74 43
74 18
74 16
74 14
74 8
74 3
74 100
74 99
74 98
74 97
74 96
74 94
74 93
74 92
74 91
74 90
74 87
74 85
74 83
74 79
74 77
74 73
74 71
74 65
69 58
69 40
69 22
69 7
69 95
69 80
69 70
69 31
69 25
69 10
69 5
69 84
69 66
69 54
69 50
69 37
69 35
69 29
69 17
69 6
69 88
69 75
69 26
69 21
69 13
69 4
69 86
69 82
69 78
69 68
69 62
69 60
69 56
69 42
69 38
69 32
69 15
69 61
69 59
69 57
69 55
69 52
69 51
69 49
69 48
69 47
69 45
69 44
69 43
69 41
69 39
69 36
69 34
69 33
69 28
69 27
69 24
69 19
69 18
69 16
69 14
69 8
69 3
69 100
58 40
58 22
58 7
58 95
58 80
58 70
58 31
58 25
58 10
58 5
58 84
58 66
58 54
58 50
58 37
58 35
58 29
58 17
58 6
58 88
58 75
58 26
58 21
58 13
58 4
58 86
58 82
58 78
58 68
58 62
58 60
58 56
58 42
58 38
58 32
58 15
58 99
58 98
58 97
58 96
58 94
58 93
58 92
58 91
58 90
58 87
58 85
58 83
58 79
58 77
58 73
58 71
58 65
58 61
58 59
58 57
58 55
58 52
58 51
58 49
58 48
58 47
58 45
40 22
40 7
40 95
40 80
40 70
40 31
40 25
40 10
40 5
40 84
40 66
40 54
40 50
40 37
40 35
40 29
40 17
40 6
40 88
40 75
40 26
40 21
40 13
40 4
40 86
40 82
40 78
40 68
40 62
40 60
40 56
40 44
40 43
40 42
40 41
40 39
40 38
40 36
40 34
40 33
40 32
40 28
40 27
40 24
40 19
40 18
40 16
40 15
40 14
40 8
40 3
40 1
40 100
40 99
40 98
40 97
40 96
40 94
40 93
40 92
40 91
40 90
22 7
22 95
22 80
22 70
22 31
22 25
22 10
22 5
22 84
22 66
22 54
22 50
22 37
22 35
22 29
22 17
22 6
22 88
22 75
22 26
22 21
22 13
22 4
22 87
22 86
22 85
22 83
22 82
22 81
22 79
22 78
22 77
22 73
22 71
22 68
22 65
22 64
22 62
22 61
22 60
22 59
22 57
22 56
22 55
22 52
22 51
22 49
22 48
22 47
22 45
22 44
22 43
22 42
22 41
22 39
22 38
22 36
22 34
22 33
22 32
22 30
7 95
7 80
7 70
7 31
7 25
7 10
7 5
7 84
7 66
7 54
7 50
7 37
7 35
7 29
7 17
7 6
7 88
7 75
7 28
7 27
7 26
7 24
7 23
7 21
7 19
7 18
7 16
7 15
7 14
7 13
7 11
7 9
7 8
7 4
7 3
7 2
7 1
7 100
7 99
7 98
7 97
7 96
7 94
7 93
7 92
7 91
7 90
7 87
7 86
7 85
7 83
7 82
7 81
7 79
7 78
7 77
7 73
7 72
7 71
7 68
95 80
95 70
95 31
95 25
95 10
95 5
95 84
95 66
95 54
95 50
95 37
95 35
95 29
95 17
95 6
95 88
95 75
95 65
95 64
95 63
95 62
95 61
95 60
95 59
95 57
95 56
95 55
95 52
95 51
95 49
95 48
95 47
95 45
95 44
95 43
95 42
95 41
95 39
95 38
95 36
95 34
95 33
95 32
95 30
95 28
95 27
95 26
95 24
95 23
95 21
95 19
95 18
95 16
95 15
95 14
95 13
95 11
95 9
80 70
80 31
80 25
80 10
80 5
80 84
80 66
80 54
80 50
80 37
80 35
80 29
80 17
80 8
80 6
80 4
80 3
80 2
80 1
80 100
80 99
80 98
80 97
80 96
80 94
80 93
80 92
80 91
80 90
80 88
80 87
80 86
80 85
80 83
80 82
80 81
80 79
80 78
80 77
80 75
80 73
80 72
80 71
80 68
80 65
80 64
80 63
80 62
80 61
80 60
80 59
80 57
80 56
80 55
80 52
80 51
80 49
70 31
70 25
70 10
70 5
70 84
70 66
70 54
70 50
70 48
70 47
70 45
70 44
70 43
70 42
70 41
70 39
70 38
70 37
70 36
70 35
70 34
70 33
70 32
70 30
70 29
70 28
70 27
70 26
70 24
70 23
70 21
70 19
70 18
70 17
70 16
70 15
70 14
70 13
70 11
70 9
70 8
70 6
70 4
70 3
70 2
70 1
70 100
70 99
70 98
70 97
70 96
70 94
70 93
70 92
70 91
70 90
31 25
31 10
31 5
31 88
31 87
31 86
31 85
31 84
31 83
31 82
31 81
31 79
31 78
31 77
31 75
31 73
31 72
31 71
31 68
31 66
31 65
31 64
31 63
31 62
31 61
31 60
31 59
31 57
31 56
31 55
31 54
31 52
31 51
31 50
31 49
31 48
31 47
31 45
31 44
31 43
31 42
31 41
31 39
31 38
31 37
31 36
31 35
31 34
31 33
31 32
31 30
31 29
31 28
31 27
31 26
25 24
25 23
25 21
25 19
25 18
25 17
25 16
25 15
25 14
25 13
25 11
25 10
25 9
25 8
25 6
25 5
25 4
25 3
25 2
25 1
25 100
25 99
25 98
25 97
25 96
25 94
25 93
25 92
25 91
25 90
25 88
25 87
25 86
25 85
25 84
25 83
25 82
25 81
25 79
25 78
25 77
25 75
25 73
25 72
25 71
25 68
25 66
25 65
25 64
25 63
25 62
25 61
25 60
25 59
57 56
57 55
57 54
57 52
57 51
57 50
57 49
57 48
57 47
57 45
57 44
57 43
57 42
57 41
57 39
57 38
57 37
57 36
57 35
57 34
57 33
57 32
57 30
57 29
57 28
57 27
57 26
57 24
57 23
57 21
57 19
57 18
57 17
57 16
57 15
57 14
57 13
57 11
57 10
57 9
57 8
57 6
57 5
57 4
57 3
57 2
57 1
57 100
57 99
57 98
57 97
57 96
57 94
93 92
93 91
93 90
93 88
93 87
93 86
93 85
93 84
93 83
93 82
93 81
93 79
93 78
93 77
93 75
93 73
93 72
93 71
93 68
93 66
93 65
93 64
93 63
93 62
93 61
93 60
93 59
93 56
93 55
93 54
93 52
93 51
93 50
93 49
93 48
93 47
93 45
93 44
93 43
93 42
93 41
93 39
93 38
93 37
93 36
93 35
93 34
93 33
93 32
93 30
93 29
93 28
27 26
27 24
27 23
27 21
27 19
27 18
27 17
27 16
27 15
27 14
27 13
27 11
27 10
27 9
27 8
27 6
27 5
27 4
27 3
27 2
27 1
27 100
27 99
27 98
27 97
27 96
27 94
27 92
27 91
27 90
27 88
27 87
27 86
27 85
27 84
27 83
27 82
27 81
27 79
27 78
27 77
27 75
27 73
27 72
27 71
27 68
27 66
27 65
27 64
27 63
27 62
27 61
60 59
60 56
60 55
60 54
60 52
60 51
60 50
60 49
60 48
60 47
60 45
60 44
60 43
60 42
60 41
60 39
60 38
60 37
60 36
60 35
60 34
60 33
60 32
60 30
60 29
60 28
60 26
60 24
60 23
60 21
60 19
60 18
60 17
60 16
60 15
60 14
60 13
60 11
60 10
60 9
60 8
60 6
60 5
60 4
60 3
60 2
60 1
60 100
60 99
60 98
60 97
96 94
96 92
96 91
96 90
96 88
96 87
96 86
96 85
96 84
96 83
96 82
96 81
96 79
96 78
96 77
96 75
96 73
96 72
96 71
96 68
96 66
96 65
96 64
96 63
96 62
96 61
96 59
96 56
96 55
96 54
96 52
96 51
96 50
96 49
96 48
96 47
96 45
96 44
96 43
96 42
96 41
96 39
96 38
96 37
96 36
96 35
96 34
96 33
96 32
96 30
29 28
29 26
29 24
29 23
29 21
29 19
29 18
29 17
29 16
29 15
29 14
29 13
29 11
29 10
29 9
29 8
29 6
29 5
29 4
29 3
29 2
29 1
29 100
29 99
29 98
29 97
29 94
29 92
29 91
29 90
29 88
29 87
29 86
29 85
29 84
29 83
29 82
29 81
29 79
29 78
29 77
29 75
29 73
29 72
29 71
29 68
29 66
29 65
29 64
29 63
62 61
62 59
62 56
62 55
62 54
62 52
62 51
62 50
62 49
62 48
62 47
62 45
62 44
62 43
62 42
62 41
62 39
62 38
62 37
62 36
62 35
62 34
62 33
62 32
62 30
62 28
62 26
62 24
62 23
62 21
62 19
62 18
62 17
62 16
62 15
62 14
62 13
62 11
62 10
62 9
62 8
62 6
62 5
62 4
62 3
62 2
62 1
62 100
62 99
98 97
98 94
98 92
98 91
98 90
98 88
98 87
98 86
98 85
98 84
98 83
98 82
98 81
98 79
98 78
98 77
98 75
98 73
98 72
98 71
98 68
98 66
98 65
98 64
98 63
98 61
98 59
98 56
98 55
98 54
98 52
98 51
98 50
98 49
98 48
98 47
98 45
98 44
98 43
98 42
98 41
98 39
98 38
98 37
98 36
98 35
98 34
98 33
32 30
32 28
32 26
32 24
32 23
32 21
32 19
32 18
32 17
32 16
32 15
32 14
32 13
32 11
32 10
32 9
32 8
32 6
32 5
32 4
32 3
32 2
32 1
32 100
32 99
32 97
32 94
32 92
32 91
32 90
32 88
32 87
32 86
32 85
32 84
32 83
32 82
32 81
32 79
32 78
32 77
32 75
32 73
32 72
32 71
32 68
32 66
32 65
64 63
64 61
64 59
64 56
64 55
64 54
64 52
64 51
64 50
64 49
64 48
64 47
64 45
64 44
64 43
64 42
64 41
64 39
64 38
64 37
64 36
64 35
64 34
64 33
64 30
64 28
64 26
64 24
64 23
64 21
64 19
64 18
64 17
64 16
64 15
64 14
64 13
64 11
64 10
64 9
64 8
64 6
64 5
64 4
64 3
64 2
64 1
100 99
100 97
100 94
100 92
100 91
100 90
100 88
100 87
100 86
100 85
100 84
100 83
100 82
100 81
100 79
100 78
100 77
100 75
100 73
100 72
100 71
100 68
100 66
100 65
100 63
100 61
100 59
100 56
100 55
100 54
100 52
100 51
100 50
100 49
100 48
100 47
100 45
100 44
100 43
100 42
100 41
100 39
100 38
100 37
100 36
100 35
34 33
34 30
34 28
34 26
34 24
34 23
34 21
34 19
34 18
34 17
34 16
34 15
34 14
34 13
34 11
34 10
34 9
34 8
34 6
34 5
34 4
34 3
34 2
34 1
34 99
34 97
34 94
34 92
34 91
34 90
34 88
34 87
34 86
34 85
34 84
34 83
34 82
34 81
34 79
34 78
34 77
34 75
34 73
34 72
34 71
34 68
66 65
66 63
66 61
66 59
66 56
66 55
66 54
66 52
66 51
66 50
66 49
66 48
66 47
66 45
66 44
66 43
66 42
66 41
66 39
66 38
66 37
66 36
66 35
66 33
66 30
66 28
66 26
66 24
66 23
66 21
66 19
66 18
66 17
66 16
66 15
66 14
66 13
66 11
66 10
66 9
66 8
66 6
66 5
66 4
66 3
2 1
2 99
2 97
2 94
2 92
2 91
2 90
2 88
2 87
2 86
2 85
2 84
2 83
2 82
2 81
2 79
2 78
2 77
2 75
2 73
2 72
2 71
2 68
2 65
2 63
2 61
2 59
2 56
2 55
2 54
2 52
2 51
2 50
2 49
2 48
2 47
2 45
2 44
2 43
2 42
2 41
2 39
2 38
2 37
2 36
35 33
35 30
35 28
35 26
35 24
35 23
35 21
35 19
35 18
35 17
35 16
35 15
35 14
35 13
35 11
35 10
35 9
35 8
35 6
35 5
35 4
35 3
35 1
35 99
35 97
35 94
35 92
35 91
35 90
35 88
35 87
35 86
35 85
35 84
35 83
35 82
35 81
35 79
35 78
35 77
35 75
35 73
35 72
35 71
68 65
68 63
68 61
68 59
68 56
68 55
68 54
68 52
68 51
68 50
68 49
68 48
68 47
68 45
68 44
68 43
68 42
68 41
68 39
68 38
68 37
68 36
68 33
68 30
68 28
68 26
68 24
68 23
68 21
68 19
68 18
68 17
68 16
68 15
68 14
68 13
68 11
68 10
68 9
68 8
68 6
68 5
68 4
3 1
3 99
3 97
3 94
3 92
3 91
3 90
3 88
3 87
3 86
3 85
3 84
3 83
3 82
3 81
3 79
3 78
3 77
3 75
3 73
3 72
3 71
3 65
3 63
3 61
3 59
3 56
3 55
3 54
3 52
3 51
3 50
3 49
3 48
3 47
3 45
3 44
3 43
3 42
3 41
3 39
3 38
3 37
36 33
36 30
36 28
36 26
36 24
36 23
36 21
36 19
36 18
36 17
36 16
36 15
36 14
36 13
36 11
36 10
36 9
36 8
36 6
36 5
36 4
36 1
36 99
36 97
36 94
36 92
36 91
36 90
36 88
36 87
36 86
36 85
36 84
36 83
36 82
36 81
36 79
36 78
36 77
36 75
36 73
36 72
71 65
71 63
71 61
71 59
71 56
71 55
71 54
71 52
71 51
71 50
71 49
71 48
71 47
71 45
71 44
71 43
71 42
71 41
71 39
71 38
71 37
71 33
71 30
71 28
71 26
71 24
71 23
71 21
71 19
71 18
71 17
71 16
71 15
71 14
71 13
71 11
71 10
71 9
71 8
71 6
71 5
4 1
4 99
4 97
4 94
4 92
4 91
4 90
4 88
4 87
4 86
4 85
4 84
4 83
4 82
4 81
4 79
4 78
4 77
4 75
4 73
4 72
4 65
4 63
4 61
4 59
4 56
4 55
4 54
4 52
4 51
4 50
4 49
4 48
4 47
4 45
4 44
4 43
4 42
4 41
4 39
4 38
37 33
37 30
37 28
37 26
37 24
37 23
37 21
37 19
37 18
37 17
37 16
37 15
37 14
37 13
37 11
37 10
37 9
37 8
37 6
37 5
37 1
37 99
37 97
37 94
37 92
37 91
37 90
37 88
37 87
37 86
37 85
37 84
37 83
37 82
37 81
37 79
37 78
37 77
37 75
37 73
72 65
72 63
72 61
72 59
72 56
72 55
72 54
72 52
72 51
72 50
72 49
72 48
72 47
72 45
72 44
72 43
72 42
72 41
72 39
72 38
72 33
72 30
72 28
72 26
72 24
72 23
72 21
72 19
72 18
72 17
72 16
72 15
72 14
72 13
72 11
72 10
72 9
72 8
72 6
5 1
5 99
5 97
5 94
5 92
5 91
5 90
5 88
5 87
5 86
5 85
5 84
5 83
5 82
5 81
5 79
5 78
5 77
5 75
5 73
5 65
5 63
5 61
5 59
5 56
5 55
5 54
5 52
5 51
5 50
5 49
5 48
5 47
5 45
5 44
5 43
5 42
5 41
5 39
38 33
38 30
38 28
38 26
38 24
38 23
38 21
38 19
38 18
38 17
38 16
38 15
38 14
38 13
38 11
38 10
38 9
38 8
38 6
38 1
38 99
38 97
38 94
38 92
38 91
38 90
38 88
38 87
38 86
38 85
38 84
38 83
38 82
38 81
38 79
38 78
38 77
38 75
73 65
73 63
73 61
73 59
73 56
73 55
73 54
73 52
73 51
73 50
73 49
73 48
73 47
73 45
73 44
73 43
73 42
73 41
73 39
73 33
73 30
73 28
73 26
73 24
73 23
73 21
73 19
73 18
73 17
73 16
73 15
73 14
73 13
73 11
73 10
73 9
73 8
6 1
6 99
6 97
6 94
6 92
6 91
6 90
6 88
6 87
6 86
6 85
6 84
6 83
6 82
6 81
6 79
6 78
6 77
6 75
6 65
6 63
6 61
6 59
6 56
6 55
6 54
6 52
6 51
6 50
6 49
6 48
6 47
6 45
6 44
6 43
6 42
6 41
39 33
39 30
39 28
39 26
39 24
39 23
39 21
39 19
39 18
39 17
39 16
39 15
39 14
39 13
39 11
39 10
39 9
39 8
39 1
39 99
39 97
39 94
39 92
39 91
39 90
39 88
39 87
39 86
39 85
39 84
39 83
39 82
39 81
39 79
39 78
39 77
75 65
75 63
75 61
75 59
75 56
75 55
75 54
75 52
75 51
75 50
75 49
75 48
75 47
75 45
75 44
75 43
75 42
75 41
75 33
75 30
75 28
75 26
75 24
75 23
75 21
75 19
75 18
75 17
75 16
75 15
75 14
75 13
75 11
75 10
75 9
8 1
8 99
8 97
8 94
8 92
8 91
8 90
8 88
8 87
8 86
8 85
8 84
8 83
8 82
8 81
8 79
8 78
8 77
8 65
8 63
8 61
8 59
8 56
8 55
8 54
8 52
8 51
8 50
8 49
8 48
8 47
8 45
8 44
8 43
8 42
41 33
41 30
41 28
41 26
41 24
41 23
41 21
41 19
41 18
41 17
41 16
41 15
41 14
41 13
41 11
41 10
41 9
41 1
41 99
41 97
41 94
41 92
41 91
41 90
41 88
41 87
41 86
41 85
41 84
41 83
41 82
41 81
41 79
41 78
77 65
77 63
77 61
77 59
77 56
77 55
77 54
77 52
77 51
77 50
77 49
77 48
77 47
77 45
77 44
77 43
77 42
77 33
77 30
77 28
77 26
77 24
77 23
77 21
77 19
77 18
77 17
77 16
77 15
77 14
77 13
77 11
77 10
9 1
9 99
9 97
9 94
9 92
9 91
9 90
9 88
9 87
9 86
9 85
9 84
9 83
9 82
9 81
9 79
9 78
9 65
9 63
9 61
9 59
9 56
9 55
9 54
9 52
9 51
9 50
9 49
9 48
9 47
9 45
9 44
9 43
42 33
42 30
42 28
42 26
42 24
42 23
42 21
42 19
42 18
42 17
42 16
42 15
42 14
42 13
42 11
42 10
42 1
42 99
42 97
42 94
42 92
42 91
42 90
42 88
42 87
42 86
42 85
42 84
42 83
42 82
42 81
42 79
78 65
78 63
78 61
78 59
78 56
78 55
78 54
78 52
78 51
78 50
78 49
78 48
78 47
78 45
78 44
78 43
78 33
78 30
78 28
78 26
78 24
78 23
78 21
78 19
78 18
78 17
78 16
78 15
78 14
78 13
78 11
10 1
10 99
10 97
10 94
10 92
10 91
10 90
10 88
10 87
10 86
10 85
10 84
10 83
10 82
10 81
10 79
10 65
10 63
10 61
10 59
10 56
10 55
10 54
10 52
10 51
10 50
10 49
10 48
10 47
10 45
10 44
43 33
43 30
43 28
43 26
43 24
43 23
43 21
43 19
43 18
43 17
43 16
43 15
43 14
43 13
43 11
43 1
43 99
43 97
43 94
43 92
43 91
43 90
43 88
43 87
43 86
43 85
43 84
43 83
43 82
43 81
79 65
79 63
79 61
79 59
79 56
79 55
79 54
79 52
79 51
79 50
79 49
79 48
79 47
79 45
79 44
79 33
79 30
79 28
79 26
79 24
79 23
79 21
79 19
79 18
79 17
79 16
79 15
79 14
79 13
11 1
11 99
11 97
11 94
11 92
11 91
11 90
11 88
11 87
11 86
11 85
11 84
11 83
11 82
11 81
11 65
11 63
11 61
11 59
11 56
11 55
11 54
11 52
11 51
11 50
11 49
11 48
11 47
11 45
44 33
44 30
44 28
44 26
44 24
44 23
44 21
44 19
44 18
44 17
44 16
44 15
44 14
44 13
44 1
44 99
44 97
44 94
44 92
44 91
44 90
44 88
44 87
44 86
44 85
44 84
44 83
44 82
81 65
81 63
81 61
81 59
81 56
81 55
81 54
81 52
81 51
81 50
81 49
81 48
81 47
81 45
81 33
81 30
81 28
81 26
81 24
81 23
81 21
81 19
81 18
81 17
81 16
81 15
81 14
13 1
13 99
13 97
13 94
13 92
13 91
13 90
13 88
13 87
13 86
13 85
13 84
13 83
13 82
13 65
13 63
13 61
13 59
13 56
13 55
13 54
13 52
13 51
13 50
13 49
13 48
13 47
45 33
45 30
45 28
45 26
45 24
45 23
45 21
45 19
45 18
45 17
45 16
45 15
45 14
45 1
45 99
45 97
45 94
45 92
45 91
45 90
45 88
45 87
45 86
45 85
45 84
45 83
82 65
82 63
82 61
82 59
82 56
82 55
82 54
82 52
82 51
82 50
82 49
82 48
82 47
82 33
82 30
82 28
82 26
82 24
82 23
82 21
82 19
82 18
82 17
82 16
82 15
14 1
14 99
14 97
14 94
14 92
14 91
14 90
14 88
14 87
14 86
14 85
14 84
14 83
14 65
14 63
14 61
14 59
14 56
14 55
14 54
14 52
14 51
14 50
14 49
14 48
47 33
47 30
47 28
47 26
47 24
47 23
47 21
47 19
47 18
47 17
47 16
47 15
47 1
47 99
47 97
47 94
47 92
47 91
47 90
47 88
47 87
47 86
47 85
47 84
83 65
83 63
83 61
83 59
83 56
83 55
83 54
83 52
83 51
83 50
83 49
83 48
83 33
83 30
83 28
83 26
83 24
83 23
83 21
83 19
83 18
83 17
83 16
15 1
15 99
15 97
15 94
15 92
15 91
15 90
15 88
15 87
15 86
15 85
15 84
15 65
15 63
15 61
15 59
15 56
15 55
15 54
15 52
15 51
15 50
15 49
48 33
48 30
48 28
48 26
48 24
48 23
48 21
48 19
48 18
48 17
48 16
48 1
48 99
48 97
48 94
48 92
48 91
48 90
48 88
48 87
48 86
48 85
84 65
84 63
84 61
84 59
84 56
84 55
84 54
84 52
84 51
84 50
84 49
84 33
84 30
84 28
84 26
84 24
84 23
84 21
84 19
84 18
84 17
16 1
16 99
16 97
16 94
16 92
16 91
16 90
16 88
16 87
16 86
16 85
16 65
16 63
16 61
16 59
16 56
16 55
16 54
16 52
16 51
16 50
49 33
49 30
49 28
49 26
49 24
49 23
49 21
49 19
49 18
49 17
49 1
49 99
49 97
49 94
49 92
49 91
49 90
49 88
49 87
49 86
85 65
85 63
85 61
85 59
85 56
85 55
85 54
85 52
85 51
85 50
85 33
85 30
85 28
85 26
85 24
85 23
85 21
85 19
85 18
17 1
17 99
17 97
17 94
17 92
17 91
17 90
17 88
17 87
17 86
17 65
17 63
17 61
17 59
17 56
17 55
17 54
17 52
17 51
50 33
50 30
50 28
50 26
50 24
50 23
50 21
50 19
50 18
50 1
50 99
50 97
50 94
50 92
50 91
50 90
50 88
50 87
86 65
86 63
86 61
86 59
86 56
86 55
86 54
86 52
86 51
86 33
86 30
86 28
86 26
86 24
86 23
86 21
86 19
18 1
18 99
18 97
18 94
18 92
18 91
18 90
18 88
18 87
18 65
18 63
18 61
18 59
18 56
18 55
18 54
18 52
51 33
51 30
51 28
51 26
51 24
51 23
51 21
51 19
51 1
51 99
51 97
51 94
51 92
51 91
51 90
51 88
87 65
87 63
87 61
87 59
87 56
87 55
87 54
87 52
87 33
87 30
87 28
87 26
87 24
87 23
87 21
19 1
19 99
19 97
19 94
19 92
19 91
19 90
19 88
19 65
19 63
19 61
19 59
19 56
19 55
19 54
52 33
52 30
52 28
52 26
52 24
52 23
52 21
52 1
52 99
52 97
52 94
52 92
52 91
52 90
88 65
88 63
88 61
88 59
88 56
88 55
88 54
88 33
88 30
88 28
88 26
88 24
88 23
21 1
21 99
21 97
21 94
21 92
21 91
21 90
21 65
21 63
21 61
21 59
21 56
21 55
54 33
54 30
54 28
54 26
54 24
54 23
54 1
54 99
54 97
54 94
54 92
54 91
90 65
90 63
90 61
90 59
90 56
90 55
90 33
90 30
90 28
90 26
90 24
23 1
23 99
23 97
23 94
23 92
23 91
23 65
23 63
23 61
23 59
23 56
55 33
55 30
55 28
55 26
55 24
55 1
55 99
55 97
55 94
55 92
91 65
91 63
91 61
91 59
91 56
91 33
91 30
91 28
91 26
24 1
24 99
24 97
24 94
24 92
24 65
24 63
24 61
24 59
56 33
56 30
56 28
56 26
56 1
56 99
56 97
56 94
92 65
92 63
92 61
92 59
92 33
92 30
92 28
26 1
26 99
26 97
26 94
26 65
26 63
26 61
59 33
59 30
59 28
59 1
59 99
59 97
94 65
94 63
94 61
94 33
94 30
28 1
28 99
28 97
28 65
28 63
61 33
61 30
61 1
61 99
97 65
97 63
97 33
30 1
30 99
30 65
63 33
63 1
99 65
33 1
