1000
91192 85558
91192 83254
74765 70445
74765 68487
63734 61626
63734 61493
54864 50684
54864 46960
40852 11398
40852 6855
99990 99978
99923 99910
99870 99817
99759 99755
99719 99685
99680 99664
99636 99551
99501 99364
99283 99259
99226 99214
99192 99088
99049 98945
98941 98866
98859 98851
98838 98726
98661 98510
98410 98323
98313 98304
98276 98064
97894 97849
97734 97730
97694 97589
97584 97453
97404 97390
97374 97345
97339 97326
97324 97257
97254 97039
97021 96962
96931 96876
96859 96855
96854 96830
96817 96807
96736 96631
96567 96342
96276 96208
96169 96140
96115 96095
96042 95803
95800 95749
95708 95616
95341 95322
95315 95155
95146 95032
94996 94920
94918 94900
94885 94871
94827 94825
94821 94759
94706 94687
94589 94534
94510 94328
94298 94217
94167 94105
94099 94050
94033 93969
93938 93840
93770 93750
93669 93584
93437 93424
93352 93333
93318 93198
93191 93132
93057 93024
92969 92826
92805 92777
92770 92744
92743 92741
92677 92621
92599 92584
92471 92461
92327 92302
92237 92234
92167 91991
91953 91916
91910 91835
91771 91718
91709 91646
91627 91613
91577 91561
91537 91477
91476 91463
91451 91347
91284 91278
91237 91168
91162 91158
91146 91080
90815 90764
90750 90656
90414 90371
90326 90303
90295 90278
90271 90238
90217 90188
90139 90122
90117 90093
90072 90054
90051 89851
89780 89603
89599 89595
89520 89491
89386 89373
89336 89282
89266 89217
89179 89096
89050 89046
88984 88961
88927 88896
88866 88865
88858 88775
88774 88773
88698 88350
88326 88238
88190 88179
88116 87969
87924 87843
87794 87753
87680 87618
87563 87529
87502 87493
87488 87375
87369 87323
87282 87253
87241 87214
87178 87083
87078 87048
87016 86993
86951 86853
86810 86781
86755 86741
86713 86686
86638 86577
86571 86511
86495 86475
86443 86366
86327 86303
86251 86243
86210 86192
86160 86123
86112 86029
86024 85987
85862 85775
85768 85741
85733 85726
85712 85672
85644 85612
85611 85574
85558 85514
85448 85322
85299 85175
85073 84854
84836 84805
84788 84740
84584 84493
84478 84444
84282 84275
84167 84157
84062 84058
83852 83840
83813 83755
83740 83727
83628 83605
83592 83527
83428 83409
83400 83254
83245 83217
83216 83169
83148 83143
83097 83039
83023 82999
82970 82823
82756 82725
82704 82674
82661 82606
82602 82480
82420 82337
82300 82214
82206 82135
82070 82052
81999 81980
81970 81960
81949 81924
81781 81575
81501 81447
81427 81390
81144 81133
80990 80966
80952 80869
80826 80822
80806 80798
80749 80720
80638 80637
80532 80494
80489 80479
80414 80374
80322 80220
80208 80177
80149 80147
80125 80014
79998 79978
79966 79955
79921 79914
79897 79886
79880 79852
79798 79757
79736 79678
79653 79577
79529 79483
79471 79469
79370 79322
79313 79286
79228 79223
79140 79071
79042 79037
79004 78984
78970 78843
78733 78680
78641 78623
78622 78596
78561 78507
78380 78369
78324 78287
78275 78217
78144 78122
78058 77940
77859 77835
77829 77691
77655 77524
77486 77435
77404 77376
77260 77249
77175 76946
76891 76861
76757 76751
76691 76612
76577 76571
76559 76549
76517 76511
76504 76413
76384 76369
76215 76173
76159 76108
76058 76017
75940 75868
75848 75845
75838 75694
75584 75456
75449 75353
75334 75307
75304 75280
75153 75102
74946 74944
74904 74724
74716 74650
74649 74572
74537 74502
74499 74460
74443 74428
74376 74320
74305 74288
74212 73975
73931 73905
73821 73757
73721 73667
73654 73646
73585 73577
73559 73552
73528 73344
73222 73175
73163 73003
72967 72962
72939 72871
72864 72749
72690 72559
72529 72462
72408 72364
72330 72296
72282 72235
72167 72091
71975 71916
71870 71836
71823 71811
71806 71763
71645 71628
71585 71490
71444 71411
71220 71176
71139 71098
71046 71018
70991 70976
70956 70873
70827 70816
70809 70764
70704 70551
70542 70540
70517 70445
70419 70233
70213 70199
70024 69985
69885 69737
69681 69647
69635 69568
69345 69246
69193 69186
69151 69148
69130 69007
68966 68931
68927 68888
68856 68846
68839 68604
68487 68219
68145 68128
68054 68008
67928 67906
67831 67806
67747 67709
67613 67585
67475 67328
67248 67239
67182 67168
67157 67010
66931 66913
66900 66875
66866 66632
66622 66543
66535 66462
66453 66314
66222 66157
66038 66000
65998 65975
65947 65862
65833 65757
65681 65570
65347 65253
65245 65177
65085 65063
65030 64981
64957 64911
64850 64758
64734 64617
64445 64359
64335 64291
64227 64153
64140 64098
64038 63930
63917 63888
63869 63865
63777 63664
63652 63628
63613 63606
63596 63576
63512 63493
63368 63263
63250 63214
63165 63149
63090 63065
63003 62978
62906 62874
62866 62555
62525 62513
62219 62212
62211 62180
62178 62048
61987 61960
61939 61924
61892 61791
61766 61753
61670 61647
61626 61588
61514 61506
61498 61493
61479 61477
61458 61455
61414 61410
61350 61255
61244 61205
61203 61151
61148 61102
61096 61089
61072 61048
61009 60967
60896 60895
60684 60669
60625 60460
60405 60317
60263 60255
60164 60071
60027 59956
59922 59910
59895 59866
59832 59784
59753 59676
59619 59598
59545 59537
59445 59346
59231 59206
59113 59076
58961 58875
58852 58824
58765 58719
58697 58696
58695 58688
58667 58535
58495 58470
58413 58399
58362 58344
58338 58319
58190 58188
58114 58100
58070 58057
58045 58037
58014 57855
57805 57724
57694 57635
57631 57476
57465 57364
57349 57320
57214 57175
57147 57146
57059 57025
56962 56889
56887 56864
56849 56838
56774 56737
56678 56613
56600 56583
56486 56398
56358 56299
56287 56236
56068 55891
55881 55853
55786 55690
55678 55677
55463 55362
55276 55204
55177 55137
55033 55001
54861 54794
54728 54598
54492 54446
54412 54373
54362 54303
54252 54202
54048 54041
53985 53976
53969 53953
53917 53875
53871 53820
53718 53707
53641 53575
53556 53502
53468 53439
53414 53400
53320 53319
53309 53276
53197 53088
52976 52897
52883 52765
52727 52666
52517 52489
52369 52352
52334 52289
52286 52150
52103 52069
52036 52024
51980 51945
51914 51760
51698 51565
51515 51369
51312 51307
51297 51214
51162 51131
51118 51045
51003 50975
50868 50826
50792 50716
50686 50684
50611 50582
50544 50520
50479 50458
50432 50406
50369 50356
50180 50176
50132 50083
50058 50033
50012 49994
49948 49882
49875 49817
49791 49786
49757 49710
49699 49680
49652 49595
49586 49400
49395 49372
49360 49328
49261 49172
49170 49086
48804 48794
48749 48739
48734 48716
48703 48634
48589 48587
48555 48418
48347 48326
48298 48236
48230 48147
48133 48125
48060 48049
47979 47970
47926 47882
47771 47761
47689 47443
47432 47401
47391 47371
47274 47208
47138 47089
47072 47041
47013 47008
46960 46889
46886 46848
46786 46746
46726 46635
46418 46360
46312 46292
46202 45984
45980 45771
45768 45687
45615 45568
45519 45509
45477 45401
45396 45389
45346 45341
45279 45242
45189 45142
45127 45067
44943 44879
44819 44651
44606 44517
44510 44414
44356 44353
44333 44139
44126 44030
43972 43895
43886 43850
43783 43662
43610 43606
43587 43584
43559 43485
43480 43473
43466 43446
43405 43391
43369 43350
43284 43215
43201 43085
43075 43057
43048 43028
42805 42780
42741 42702
42675 42613
42592 42448
42347 42345
42171 42145
42133 42091
42086 42049
41998 41975
41972 41968
41948 41833
41607 41584
41458 41390
41351 41341
41310 41224
41186 41152
41097 40914
40906 40821
40772 40760
40744 40739
40587 40568
40492 40402
40386 40379
40334 40278
40045 39931
39892 39855
39744 39695
39679 39640
39623 39571
39534 39501
39445 39416
39411 39219
39210 39177
38957 38944
38929 38920
38832 38817
38776 38722
38698 38649
38516 38461
38442 38374
38284 38268
38179 38124
38119 38028
38026 38009
38005 38004
37888 37778
37725 37706
37607 37598
37582 37571
37529 37528
37518 37456
37387 37339
37315 37304
37279 37152
37110 36991
36975 36943
36934 36920
36819 36792
36690 36638
36621 36602
36571 36570
36560 36389
36344 36313
36181 36152
36107 36097
36079 36022
35890 35882
35827 35726
35723 35709
35701 35663
35624 35617
35557 35499
35405 35251
35191 35100
35090 35071
34903 34901
34899 34881
34825 34823
34807 34791
34760 34719
34700 34694
34676 34664
34647 34633
34599 34535
34466 34463
34445 34411
34324 34309
34262 34248
34201 34190
34189 34147
34005 33975
33920 33829
33784 33783
33740 33685
33672 33653
33632 33518
33490 33486
33474 33437
33432 33411
33313 33300
33273 33212
33100 33025
32994 32936
32892 32853
32849 32819
32748 32634
32521 32499
32397 32340
32151 32088
32085 32041
31932 31870
31865 31738
31717 31716
31707 31669
31627 31536
31397 31235
30981 30973
30952 30939
30901 30874
30799 30667
30629 30558
30482 30430
30427 30426
30404 30378
30346 30332
30232 30097
30009 29955
29931 29889
29877 29859
29840 29822
29769 29739
29580 29480
29448 29404
29275 29085
29012 28984
28928 28876
28802 28790
28788 28658
28643 28635
28537 28497
28484 28481
28476 28438
28432 28390
28337 28320
28282 28266
28242 28114
28112 28079
28039 28030
28026 28019
27980 27876
27663 27660
27584 27503
27502 27500
27483 27456
27415 27345
27341 27243
27128 27114
26939 26901
26868 26805
26756 26666
26653 26644
26638 26579
26523 26498
26478 26472
26362 26266
26244 26208
26135 26123
26047 25961
25931 25914
25884 25855
25823 25778
25591 25555
25549 25446
25328 25299
25230 25119
25117 25105
25073 25053
25051 25011
24980 24924
24846 24800
24776 24589
24430 24429
24395 24383
24365 24307
24271 24254
24145 24126
24006 23940
23762 23709
23707 23706
23655 23653
23627 23618
23617 23597
23493 23461
23438 23378
23257 23203
23146 23098
23003 22955
22932 22929
22920 22918
22907 22891
22840 22821
22766 22744
22693 22679
22674 22607
22508 22491
22474 22444
22435 22429
22322 22257
22243 22239
22189 22102
22071 22058
22034 22032
22001 21998
21995 21728
21638 21581
21561 21505
21421 21256
21209 21196
21183 21083
21026 20983
20938 20829
20812 20803
20786 20776
20735 20459
20406 20347
20338 20335
20239 20040
20027 19968
19949 19825
19798 19784
19753 19750
19709 19691
19510 19484
19271 19196
19145 19107
18994 18907
18902 18875
18804 18797
18755 18726
18643 18624
18611 18609
18526 18409
18262 18256
18207 18159
18075 17965
17960 17954
17937 17832
17790 17743
17740 17682
17571 17425
17335 17329
17309 17269
17260 17246
17203 17176
17153 17144
17072 17056
16960 16746
16658 16465
16454 16442
16371 16333
16141 16138
16130 16054
16013 15942
15878 15833
15789 15724
15719 15698
15593 15570
15561 15547
15528 15358
15301 15229
15210 15178
15143 15085
15071 15037
15030 15022
15021 14904
14735 14687
14680 14671
14546 14519
14463 14406
14322 14311
14240 14214
14149 14147
14087 14049
13926 13845
13810 13739
13734 13656
13634 13579
13518 13500
13425 13411
13407 13266
13102 13013
12914 12913
12793 12767
12688 12681
12616 12562
12521 12517
12490 12454
12440 12428
12352 12025
12022 11972
11901 11778
11728 11693
11660 11579
11572 11558
11547 11398
11389 11315
11304 11297
11233 11187
11113 10950
10911 10853
10737 10643
10560 10559
10553 10532
10529 10464
10443 10442
10276 10248
10213 10192
10162 10157
10135 10083
10082 10013
9998 9996
9966 9946
9917 9842
9825 9819
9806 9744
9693 9503
9424 9411
9378 9309
9270 9262
9237 9212
9159 9150
9125 9089
9088 9001
8980 8975
8888 8835
8732 8657
8642 8636
8590 8571
8551 8476
8452 8448
8318 8264
8253 8223
8222 8092
8063 8057
8042 7996
7906 7875
7851 7837
7823 7782
7753 7691
7598 7492
7483 7395
7377 7346
7272 7251
7247 7246
7213 7201
7100 7068
7002 6929
6874 6855
6811 6735
6697 6651
6640 6590
6581 6514
6495 6442
6441 6375
6302 6258
6246 6226
6123 6111
6109 6076
6034 6008
5966 5963
5941 5911
5908 5892
5879 5756
5716 5645
5600 5564
5556 5546
5539 5461
5417 5328
5236 5182
5176 5163
5064 5026
4956 4945
4871 4788
4576 4532
4531 4527
4488 4457
4439 4423
4265 4261
4247 4235
4158 4146
4123 4121
4101 4023
4008 3934
3866 3795
3780 3769
3657 3625
3554 3546
3432 3300
3271 3238
3212 3161
3063 3001
2976 2865
2758 2719
2653 2590
2499 2451
2437 2415
2404 2396
2392 2353
2322 2275
2230 2157
2137 2117
2079 2073
2052 2045
2029 2020
2015 1966
1913 1858
1844 1837
1826 1818
1788 1755
1742 1673
1655 1617
1612 1568
1546 1520
1390 1363
1350 1265
1222 1191
1178 993
937 867
851 592
581 560
548 529
439 386
311 121
117 105
