36967526635
18271010973
18271010973
18271010973
9167531307
9167531307
9167531307
9167531307
8154183036
8154183036
8154183036
8154183036
7389112870
7389112870
7389112870
7389112870
7389112870
7389112870
7389112870
7389112870
7389112870
6539738504
6539738504
6539738504
6539738504
6539738504
6539738504
5651333873
3143780205
3143780205
3143780205
3143780205
3143780205
3143780205
3143780205
3143780205
3143780205
3143780205
3143780205
3143780205
3143780205
3143780205
3143780205
3143780205
1772321237
1772321237
1772321237
1772321237
1772321237
1772321237
1772321237
1561316273
1423171263
1423171263
1423171263
1423171263
1423171263
1423171263
1423171263
1423171263
1423171263
1423171263
1423171263
1307660837
1307660837
1307660837
1307660837
902692779
902692779
902692779
902692779
902692779
902692779
902692779
902692779
902692779
902692779
337568444
235287761
0
