26795953382
21193312292
18719070541
18719070541
18719070541
12742277327
12742277327
12742277327
12742277327
12742277327
12742277327
12014868652
7457022518
7457022518
7457022518
7457022518
7457022518
7164362548
7164362548
7164362548
7164362548
7164362548
7164362548
7164362548
7164362548
4627756249
4428507858
4428507858
4428507858
4428507858
4428507858
4428507858
3788441994
3788441994
3031022094
2824339681
2824339681
2824339681
2824339681
2824339681
2824339681
2824339681
2824339681
2824339681
2824339681
2824339681
2824339681
2824339681
2824339681
2824339681
2824339681
2726435149
2726435149
2726435149
2726435149
2726435149
2726435149
2726435149
2726435149
2726435149
2726435149
2726435149
2726435149
2726435149
2726435149
2726435149
2726435149
2726435149
2726435149
2726435149
2726435149
2726435149
2133178996
2133178996
1556791752
1556791752
1556791752
1556791752
1556791752
1556791752
1556791752
1556791752
1556791752
1556791752
1556791752
1556791752
1556791752
1556791752
1556791752
1556791752
985966088
714949962
714949962
714949962
714949962
0
