21585804311
15611995906
15611995906
13195754626
11962454308
8744233141
8744233141
7245918275
7245918275
7245918275
7245918275
7245918275
4159117567
4159117567
4159117567
4159117567
4159117567
4159117567
4159117567
4159117567
4159117567
4159117567
4159117567
4159117567
3613470355
3613470355
3613470355
3613470355
3613470355
3613470355
3613470355
3613470355
3613470355
3613470355
3613470355
3613470355
3613470355
3613470355
3613470355
3613470355
3613470355
3613470355
3613470355
3613470355
3613470355
2851869281
2851869281
2851869281
2851869281
2078505445
2078505445
2078505445
2078505445
2078505445
2078505445
949160639
949160639
949160639
949160639
804870083
804870083
545825569
545825569
0
