589169943848
421450852061
421450852061
421450852061
421450852061
289353154283
289353154283
240883766712
240883766712
240883766712
240883766712
175943082396
162941764020
162941764020
162941764020
162941764020
162941764020
162941764020
162941764020
162941764020
162941764020
162941764020
162941764020
162941764020
162941764020
157247841121
157247841121
157247841121
157247841121
157247841121
157247841121
157247841121
157247841121
157247841121
157247841121
157247841121
157247841121
148829054951
148829054951
148829054951
148829054951
148829054951
148829054951
148829054951
148829054951
148829054951
148829054951
90621061944
90621061944
90621061944
90621061944
90621061944
90621061944
90621061944
90621061944
90621061944
90621061944
90621061944
90621061944
90621061944
90621061944
90621061944
90621061944
90621061944
90621061944
90621061944
90621061944
90621061944
90621061944
90621061944
90621061944
80084565193
80084565193
80084565193
80084565193
80084565193
51221488853
51221488853
45813088025
45813088025
45813088025
45813088025
45813088025
45813088025
45813088025
45813088025
45813088025
45813088025
45813088025
45813088025
45813088025
45813088025
45813088025
45813088025
45813088025
45813088025
45813088025
45813088025
45813088025
45813088025
45813088025
45813088025
45813088025
45813088025
45813088025
45813088025
45813088025
45813088025
45813088025
45813088025
45813088025
45813088025
45813088025
45813088025
45813088025
45813088025
45813088025
45813088025
45813088025
45813088025
45813088025
45813088025
45813088025
45813088025
45813088025
45813088025
45813088025
45813088025
45813088025
45813088025
45813088025
45813088025
45813088025
45813088025
45813088025
45813088025
45813088025
45813088025
45813088025
45813088025
45813088025
45813088025
45813088025
45813088025
41288237253
41288237253
41288237253
41288237253
41288237253
41288237253
41288237253
29465846933
29465846933
29465846933
29465846933
29465846933
29465846933
29465846933
29465846933
29465846933
29465846933
29465846933
29465846933
29465846933
29465846933
29465846933
29465846933
29465846933
29465846933
29465846933
29465846933
29465846933
29465846933
29465846933
29465846933
29465846933
29465846933
29465846933
29465846933
29450195833
29450195833
29450195833
29450195833
29450195833
29450195833
29450195833
29450195833
29450195833
29450195833
29450195833
29450195833
29450195833
29450195833
26256908479
26256908479
26256908479
26256908479
26256908479
26256908479
26256908479
26256908479
26256908479
26256908479
26256908479
26256908479
26256908479
24966977790
24966977790
24966977790
24966977790
24966977790
24966977790
24966977790
24966977790
24966977790
24966977790
24966977790
24966977790
24966977790
24966977790
24966977790
24966977790
24966977790
24966977790
24966977790
24966977790
24966977790
24966977790
24966977790
24966977790
24966977790
24966977790
24966977790
24966977790
24966977790
24966977790
24966977790
24966977790
24966977790
24966977790
24966977790
24966977790
24966977790
24966977790
22844100891
22844100891
22844100891
22844100891
22844100891
22844100891
22844100891
22844100891
22844100891
22844100891
22844100891
22844100891
22844100891
22844100891
22844100891
22844100891
22844100891
22844100891
22844100891
22844100891
22844100891
22844100891
22844100891
22844100891
22844100891
22844100891
22844100891
22844100891
22844100891
22844100891
22844100891
22844100891
22844100891
22844100891
22844100891
22844100891
22844100891
22844100891
22844100891
22844100891
22844100891
22844100891
22844100891
22844100891
22844100891
22844100891
22844100891
22844100891
22844100891
22844100891
22844100891
22844100891
22844100891
22844100891
22844100891
22844100891
22844100891
22844100891
22844100891
22844100891
22844100891
22844100891
22844100891
22844100891
22844100891
22844100891
22844100891
22844100891
22844100891
22844100891
22844100891
22844100891
22844100891
22844100891
22844100891
22844100891
22844100891
22844100891
22844100891
22844100891
15328634729
15328634729
15328634729
15328634729
15328634729
15328634729
15328634729
15328634729
15328634729
15328634729
15328634729
15328634729
15328634729
15328634729
15328634729
15328634729
15328634729
13087024746
13087024746
13087024746
13087024746
13087024746
13087024746
13087024746
13087024746
13087024746
13087024746
13087024746
13087024746
13087024746
13087024746
13087024746
13087024746
13087024746
13087024746
13087024746
13087024746
13087024746
13087024746
13087024746
13087024746
13087024746
13087024746
13087024746
13087024746
13087024746
13087024746
13087024746
13087024746
13087024746
13087024746
13087024746
13087024746
13087024746
13087024746
13087024746
13087024746
13087024746
13087024746
13087024746
13087024746
13087024746
13087024746
13087024746
13087024746
13087024746
13087024746
13087024746
13087024746
13087024746
13087024746
13087024746
13087024746
13087024746
13087024746
13087024746
13087024746
13087024746
13087024746
13087024746
13087024746
13087024746
13087024746
13087024746
13087024746
13087024746
13087024746
13087024746
13087024746
13087024746
13087024746
13087024746
13087024746
13087024746
13087024746
13087024746
13087024746
13087024746
13087024746
13087024746
13087024746
13087024746
13087024746
13087024746
13087024746
13087024746
13087024746
13087024746
13087024746
13087024746
13087024746
13087024746
13087024746
13087024746
13087024746
13087024746
13087024746
13087024746
13087024746
13087024746
13087024746
13087024746
13087024746
13087024746
13087024746
13087024746
13087024746
13087024746
13087024746
13087024746
13087024746
13087024746
13087024746
13087024746
13087024746
13087024746
13087024746
13087024746
13087024746
13087024746
13087024746
13087024746
13087024746
13087024746
13087024746
13087024746
13087024746
13087024746
13087024746
13087024746
13087024746
13087024746
13087024746
13087024746
13087024746
13087024746
10740807687
10740807687
10740807687
10740807687
10740807687
10740807687
10740807687
10740807687
10740807687
10740807687
10740807687
10740807687
10740807687
10740807687
10740807687
10740807687
10740807687
10740807687
10740807687
10740807687
10740807687
10740807687
10740807687
10740807687
10740807687
10740807687
10740807687
10740807687
10740807687
10740807687
10740807687
10740807687
10740807687
10740807687
10740807687
10740807687
10740807687
10740807687
10740807687
10740807687
10740807687
10740807687
10740807687
10740807687
10740807687
10740807687
10740807687
10740807687
10740807687
10740807687
10740807687
10740807687
10740807687
10740807687
10740807687
10740807687
10740807687
10740807687
10740807687
10740807687
10740807687
10740807687
10740807687
10740807687
10740807687
10740807687
10740807687
10740807687
10740807687
10740807687
10740807687
10740807687
10740807687
10740807687
10740807687
10740807687
10740807687
10740807687
10740807687
10740807687
10740807687
10740807687
10740807687
10740807687
10740807687
10740807687
10740807687
10740807687
10740807687
10740807687
10740807687
10740807687
10740807687
10740807687
10740807687
10740807687
10740807687
10740807687
10740807687
10740807687
10740807687
10740807687
10740807687
10740807687
10740807687
8508285997
8508285997
8508285997
8508285997
8508285997
8508285997
8508285997
8508285997
8508285997
8508285997
8508285997
8508285997
8508285997
8508285997
8508285997
8508285997
8508285997
8508285997
8508285997
8508285997
8508285997
8508285997
8508285997
8508285997
8508285997
8508285997
8508285997
8508285997
8508285997
8508285997
8508285997
8508285997
8508285997
8508285997
8508285997
8508285997
8508285997
8508285997
8508285997
8508285997
8508285997
8508285997
8508285997
8508285997
8508285997
8508285997
8508285997
8508285997
8508285997
8508285997
8508285997
8508285997
8508285997
8508285997
8508285997
8508285997
8508285997
8508285997
8508285997
8508285997
8508285997
8508285997
8508285997
8508285997
8508285997
8508285997
8508285997
8508285997
8508285997
8508285997
8508285997
8508285997
8508285997
8508285997
8508285997
8508285997
8508285997
8508285997
8508285997
8508285997
8508285997
8508285997
8508285997
8508285997
8508285997
8508285997
8508285997
8508285997
8508285997
8508285997
8508285997
8508285997
8508285997
8508285997
8508285997
8508285997
8508285997
8508285997
8508285997
8508285997
8508285997
8508285997
8233661078
8233661078
8233661078
8233661078
8233661078
8233661078
8233661078
8233661078
8233661078
8233661078
8233661078
8233661078
8233661078
8233661078
8233661078
8233661078
8233661078
8233661078
8233661078
8233661078
8233661078
8233661078
8233661078
8233661078
8233661078
8233661078
8233661078
8233661078
8233661078
8233661078
8233661078
8233661078
8233661078
8233661078
8233661078
8233661078
8233661078
8233661078
8233661078
8233661078
8233661078
8233661078
8233661078
8120128115
8120128115
8120128115
8120128115
8120128115
8120128115
8120128115
8120128115
8120128115
8120128115
8120128115
8120128115
8120128115
8120128115
8120128115
8120128115
8120128115
8120128115
8120128115
8120128115
8120128115
8120128115
8120128115
8120128115
8120128115
8120128115
8120128115
8120128115
8120128115
8120128115
8120128115
6366046210
6366046210
6366046210
6366046210
6366046210
6366046210
6366046210
6366046210
6366046210
6366046210
6366046210
6366046210
6366046210
6366046210
6366046210
6366046210
6366046210
6366046210
6366046210
6366046210
6366046210
6366046210
6366046210
6366046210
6366046210
6366046210
6366046210
6366046210
6366046210
6366046210
6366046210
6366046210
6366046210
6366046210
6366046210
6366046210
6366046210
6366046210
6366046210
6366046210
6366046210
6366046210
6366046210
6366046210
6366046210
6366046210
6366046210
6366046210
6366046210
6366046210
6366046210
6366046210
6366046210
6366046210
6366046210
6366046210
6366046210
6366046210
6366046210
6366046210
6366046210
6366046210
6366046210
6366046210
6366046210
6366046210
6366046210
6366046210
6366046210
6366046210
6366046210
6366046210
6366046210
6366046210
6366046210
6366046210
6366046210
6366046210
6366046210
6366046210
6366046210
6366046210
6366046210
6366046210
6366046210
6366046210
6366046210
6366046210
6366046210
6366046210
6366046210
6366046210
6366046210
6366046210
6366046210
6366046210
6366046210
6366046210
6366046210
6366046210
6366046210
6366046210
6366046210
6366046210
6366046210
6366046210
6366046210
6366046210
6366046210
6366046210
6366046210
6366046210
6366046210
6366046210
6366046210
6366046210
6366046210
6366046210
6366046210
6366046210
6366046210
6366046210
6366046210
6366046210
6366046210
6366046210
6366046210
6366046210
6366046210
6366046210
6366046210
6366046210
6366046210
6366046210
6366046210
6366046210
6366046210
6366046210
6366046210
6366046210
6366046210
6366046210
6366046210
6366046210
6366046210
6366046210
6366046210
6366046210
6366046210
6366046210
6366046210
6366046210
6366046210
6366046210
6366046210
6366046210
6366046210
6366046210
6366046210
6366046210
6366046210
6366046210
6366046210
6366046210
6366046210
6366046210
6366046210
6366046210
6366046210
6366046210
6366046210
6366046210
6366046210
6366046210
6366046210
6366046210
6366046210
6366046210
6366046210
6366046210
6366046210
6366046210
6366046210
6366046210
6366046210
6366046210
6366046210
6366046210
6366046210
6366046210
6366046210
6366046210
6366046210
6366046210
6366046210
6366046210
6366046210
6366046210
6366046210
6366046210
6366046210
6366046210
6366046210
6366046210
6366046210
6366046210
6366046210
6366046210
6366046210
6366046210
6366046210
6366046210
6366046210
6366046210
6366046210
6366046210
6366046210
6366046210
6366046210
6366046210
6366046210
6366046210
6366046210
6366046210
6366046210
6366046210
6366046210
6366046210
6366046210
6366046210
6366046210
6366046210
6366046210
6366046210
6366046210
6366046210
6366046210
6366046210
6366046210
6366046210
6366046210
6366046210
6366046210
6366046210
6366046210
6366046210
6366046210
6366046210
6366046210
6366046210
6366046210
6366046210
6366046210
6366046210
6366046210
6366046210
6366046210
6366046210
6366046210
6366046210
6366046210
6366046210
6366046210
6366046210
6366046210
6366046210
6366046210
6366046210
6366046210
6366046210
6366046210
6366046210
6366046210
6366046210
6366046210
6366046210
6366046210
6366046210
6366046210
6366046210
6366046210
6366046210
6366046210
6366046210
6366046210
6366046210
6366046210
6366046210
6366046210
6366046210
6366046210
6366046210
6366046210
6366046210
6366046210
6366046210
6366046210
6366046210
6366046210
6366046210
6366046210
6366046210
6366046210
6366046210
6366046210
6366046210
6366046210
6366046210
6366046210
6366046210
6366046210
6366046210
6366046210
6366046210
6366046210
6366046210
6366046210
5763329159
5763329159
5763329159
5763329159
5763329159
5763329159
5763329159
5763329159
5763329159
5763329159
5763329159
5763329159
5763329159
5763329159
5763329159
5763329159
5763329159
5763329159
5763329159
5763329159
5763329159
5763329159
5763329159
5763329159
5763329159
5763329159
5763329159
5763329159
5763329159
5763329159
5763329159
5763329159
5763329159
5763329159
5763329159
5763329159
5763329159
5763329159
5763329159
5763329159
5763329159
5763329159
5763329159
5763329159
5763329159
5763329159
5763329159
5763329159
5763329159
5763329159
5763329159
5763329159
5763329159
5763329159
5763329159
5763329159
5763329159
5763329159
5763329159
5763329159
5763329159
5577086429
5577086429
5577086429
5577086429
5577086429
5577086429
5577086429
5577086429
5577086429
5577086429
5577086429
5577086429
5577086429
5577086429
5577086429
5577086429
5577086429
5577086429
5577086429
5577086429
5577086429
5577086429
5577086429
5577086429
5577086429
5577086429
5577086429
5577086429
5577086429
5577086429
5577086429
5577086429
5577086429
5577086429
5577086429
5577086429
5577086429
5577086429
5577086429
5577086429
5577086429
5577086429
5577086429
5577086429
5577086429
5577086429
5577086429
5577086429
5577086429
5577086429
5577086429
5577086429
5577086429
5577086429
5577086429
5577086429
5577086429
5577086429
5577086429
3453696806
3453696806
3453696806
3453696806
3453696806
3453696806
3453696806
3453696806
3453696806
3453696806
3453696806
3453696806
3453696806
3453696806
3453696806
3453696806
3453696806
3453696806
3453696806
3453696806
3453696806
3453696806
3453696806
3453696806
3453696806
3453696806
3453696806
3453696806
3453696806
3453696806
3453696806
3453696806
3453696806
3453696806
3453696806
3453696806
3453696806
3453696806
3453696806
3453696806
3453696806
3453696806
3453696806
3453696806
3453696806
3453696806
3453696806
3453696806
3453696806
3453696806
3453696806
3453696806
3453696806
3453696806
3453696806
3453696806
3453696806
3453696806
3453696806
3453696806
3453696806
3453696806
3453696806
3453696806
3453696806
3453696806
3453696806
3453696806
3453696806
3453696806
3453696806
3453696806
3453696806
3453696806
3453696806
3453696806
3453696806
3453696806
3453696806
3453696806
3453696806
3453696806
3453696806
3453696806
3453696806
3453696806
3453696806
3453696806
3453696806
3453696806
3453696806
3453696806
3453696806
3453696806
3453696806
3453696806
3453696806
3453696806
3453696806
3453696806
3453696806
3453696806
3453696806
3453696806
3453696806
3453696806
3453696806
3453696806
3453696806
3453696806
3453696806
3453696806
3453696806
3453696806
3453696806
3453696806
3453696806
3453696806
3453696806
3453696806
3453696806
3453696806
3453696806
3453696806
3453696806
3453696806
3453696806
3453696806
3453696806
3453696806
3453696806
3453696806
3453696806
3453696806
3453696806
3453696806
3453696806
3453696806
3453696806
2773091787
2773091787
2773091787
2773091787
2773091787
2773091787
2773091787
2773091787
2773091787
2773091787
2773091787
2773091787
2773091787
2773091787
2773091787
2773091787
2773091787
2773091787
2773091787
2773091787
2773091787
2773091787
2773091787
2773091787
2773091787
2773091787
2773091787
2773091787
2773091787
2773091787
2773091787
2773091787
2773091787
2773091787
2773091787
2773091787
2773091787
2773091787
2773091787
2773091787
2773091787
2773091787
2773091787
2773091787
2773091787
2773091787
2773091787
2773091787
2773091787
2773091787
2773091787
2773091787
2773091787
2773091787
2773091787
2773091787
2773091787
2773091787
2773091787
2773091787
2773091787
2773091787
2773091787
2773091787
2773091787
2773091787
2773091787
2773091787
2773091787
2773091787
2773091787
2773091787
2773091787
2773091787
2773091787
2773091787
2773091787
2773091787
2773091787
2773091787
2773091787
2773091787
2773091787
2773091787
2773091787
2773091787
2773091787
2773091787
2773091787
2773091787
2773091787
2773091787
2773091787
2773091787
2773091787
2773091787
2773091787
2773091787
2773091787
2773091787
2773091787
2773091787
2773091787
2773091787
2773091787
2773091787
2773091787
2773091787
2773091787
2773091787
2773091787
2773091787
2773091787
2773091787
2773091787
2773091787
2748398283
2748398283
2748398283
2748398283
2748398283
2748398283
2748398283
2748398283
2748398283
2748398283
2748398283
2748398283
2748398283
2748398283
2748398283
2748398283
2748398283
2748398283
2748398283
2748398283
2748398283
2748398283
2748398283
2748398283
2748398283
2748398283
2362368414
2362368414
2362368414
2362368414
2362368414
2362368414
2362368414
2362368414
2362368414
2362368414
2362368414
2362368414
2362368414
2362368414
2362368414
2362368414
2362368414
2362368414
2362368414
2362368414
2362368414
2362368414
2362368414
2362368414
2362368414
2362368414
2362368414
2362368414
2362368414
2362368414
2362368414
2362368414
2362368414
2362368414
2362368414
2362368414
2362368414
2362368414
2362368414
2362368414
2362368414
2362368414
2362368414
2362368414
2362368414
2362368414
2362368414
2362368414
2362368414
2362368414
2362368414
2362368414
2362368414
2362368414
2362368414
2362368414
2362368414
2362368414
2362368414
2362368414
2362368414
2362368414
2362368414
2362368414
2362368414
2362368414
2362368414
2362368414
2362368414
2362368414
2362368414
2362368414
2362368414
2362368414
2362368414
2362368414
2362368414
2362368414
2362368414
2362368414
2362368414
2362368414
2362368414
2362368414
2362368414
2362368414
2362368414
2362368414
2362368414
2362368414
2362368414
2362368414
2362368414
2362368414
2362368414
2362368414
2362368414
2362368414
2231568087
2231568087
2231568087
2231568087
2231568087
2231568087
2231568087
2231568087
2231568087
2231568087
2231568087
2231568087
2231568087
2231568087
2231568087
2231568087
2231568087
2231568087
2231568087
2231568087
2231568087
2231568087
2231568087
2231568087
2231568087
2231568087
2231568087
2231568087
2231568087
2231568087
2231568087
2231568087
2231568087
2231568087
2231568087
2231568087
2231568087
2231568087
2231568087
2231568087
2231568087
2231568087
2231568087
2231568087
2231568087
2231568087
2231568087
2231568087
2231568087
2231568087
2231568087
1874152043
1874152043
1874152043
1874152043
1874152043
1874152043
1874152043
1874152043
1874152043
1874152043
1874152043
1874152043
1874152043
1874152043
1874152043
1874152043
1874152043
1874152043
1874152043
1874152043
1874152043
1874152043
1874152043
1874152043
1874152043
1874152043
1874152043
1874152043
1874152043
1874152043
1874152043
1874152043
1874152043
1874152043
1874152043
1874152043
1874152043
1874152043
1874152043
1874152043
1874152043
1874152043
1874152043
1874152043
1874152043
1874152043
1874152043
1874152043
1874152043
1874152043
1874152043
1874152043
1874152043
1874152043
1874152043
1874152043
1874152043
1874152043
1874152043
1874152043
1874152043
1874152043
1874152043
1874152043
1874152043
1874152043
1874152043
1874152043
1874152043
1874152043
1874152043
1874152043
1874152043
1874152043
1874152043
1874152043
1874152043
1874152043
1874152043
1874152043
1874152043
1874152043
1874152043
1874152043
1874152043
1874152043
1874152043
1874152043
1874152043
1874152043
1874152043
1874152043
1874152043
1874152043
1874152043
1874152043
1874152043
1874152043
1874152043
1874152043
1874152043
1874152043
1874152043
1874152043
1874152043
1874152043
1874152043
1874152043
1874152043
1874152043
1874152043
1874152043
1874152043
1874152043
1874152043
1874152043
1874152043
1874152043
1874152043
1874152043
1874152043
1874152043
1874152043
1874152043
1874152043
1874152043
1874152043
1874152043
1874152043
1874152043
1874152043
1874152043
1874152043
1874152043
1874152043
1874152043
1874152043
1874152043
1874152043
1874152043
1874152043
1874152043
1874152043
1874152043
1874152043
1874152043
1874152043
1874152043
1874152043
1874152043
1874152043
1874152043
1874152043
1874152043
1874152043
1874152043
1874152043
1874152043
1874152043
1874152043
1874152043
1874152043
1874152043
1874152043
1874152043
1874152043
1874152043
1874152043
1874152043
1874152043
1874152043
1874152043
1874152043
1874152043
1874152043
1874152043
1874152043
1874152043
1874152043
1874152043
1874152043
1874152043
1874152043
1874152043
1874152043
1874152043
1874152043
1874152043
1874152043
1874152043
1874152043
1874152043
1874152043
1874152043
1652593345
1652593345
1652593345
1652593345
1652593345
1652593345
1652593345
1652593345
1652593345
1652593345
1652593345
1652593345
1652593345
1652593345
1652593345
1652593345
1652593345
1652593345
1652593345
1652593345
1652593345
1652593345
1652593345
1652593345
1652593345
1652593345
1652593345
1652593345
1652593345
1652593345
1652593345
1652593345
1652593345
1652593345
1652593345
1652593345
1652593345
1652593345
1652593345
1652593345
1652593345
1652593345
1652593345
1652593345
1652593345
1652593345
1652593345
1652593345
1652593345
992657940
992657940
992657940
992657940
992657940
992657940
992657940
992657940
992657940
992657940
992657940
992657940
992657940
992657940
992657940
992657940
992657940
992657940
992657940
992657940
992657940
992657940
992657940
992657940
992657940
992657940
992657940
992657940
990240230
990240230
990240230
990240230
990240230
990240230
990240230
990240230
990240230
990240230
990240230
990240230
990240230
990240230
990240230
990240230
990240230
990240230
990240230
990240230
990240230
990240230
990240230
876591712
784757458
784757458
784757458
784757458
784757458
784757458
784757458
641777868
594572180
594572180
337839451
337839451
0
