786233164362
786233164362
786233164362
685646392746
471341373216
341184894508
341184894508
341184894508
341184894508
329908829095
329908829095
329908829095
329908829095
278987894591
278987894591
278987894591
278987894591
278987894591
278987894591
278987894591
245639778276
245639778276
245639778276
245639778276
245639778276
245639778276
220797998512
220797998512
220797998512
220797998512
164114625564
164114625564
164114625564
164114625564
164114625564
164114625564
164114625564
164114625564
164114625564
164114625564
164114625564
164114625564
129769337445
129769337445
129769337445
129769337445
129769337445
129769337445
129769337445
120286616353
120286616353
99660742746
99660742746
99660742746
99660742746
99660742746
99660742746
99660742746
99660742746
99660742746
99660742746
99660742746
99660742746
99660742746
99660742746
99660742746
74536175820
74536175820
74536175820
74536175820
74536175820
74536175820
74536175820
62972240394
62972240394
62972240394
62972240394
62972240394
62972240394
62972240394
62972240394
54883087366
54883087366
54883087366
54883087366
54883087366
54883087366
54883087366
54883087366
54883087366
54883087366
54883087366
48810589813
48810589813
48810589813
48810589813
48810589813
48810589813
48810589813
48810589813
48810589813
48810589813
48810589813
48810589813
48810589813
48810589813
48810589813
48810589813
48810589813
48810589813
48810589813
48810589813
48810589813
48810589813
48810589813
48810589813
48810589813
48810589813
48810589813
48810589813
48810589813
48810589813
48810589813
48810589813
48810589813
48810589813
48810589813
48810589813
48810589813
48810589813
48810589813
48810589813
48810589813
48810589813
48810589813
48810589813
48810589813
48810589813
48810589813
48810589813
48810589813
48810589813
48810589813
48810589813
48810589813
48810589813
48810589813
48810589813
48810589813
48810589813
48810589813
48810589813
48810589813
48810589813
48810589813
48810589813
48810589813
48810589813
48810589813
48810589813
48810589813
48810589813
48810589813
48810589813
48810589813
48810589813
48810589813
48810589813
48810589813
48810589813
48810589813
37259697197
36246841153
36246841153
36246841153
36246841153
36246841153
36246841153
36246841153
36246841153
36246841153
36246841153
36246841153
36246841153
35280102599
35280102599
35280102599
35280102599
35280102599
35280102599
35280102599
35280102599
35280102599
35280102599
35280102599
35280102599
35280102599
35280102599
35280102599
35280102599
35280102599
35280102599
35280102599
35280102599
35280102599
35280102599
35280102599
35280102599
35280102599
35280102599
35280102599
35280102599
35280102599
35280102599
35280102599
35280102599
35280102599
35280102599
35280102599
35280102599
35280102599
35280102599
35280102599
35280102599
35280102599
30504653411
30504653411
30504653411
30504653411
30504653411
30504653411
30504653411
30504653411
30504653411
30504653411
30504653411
30504653411
30504653411
30504653411
30504653411
30504653411
30504653411
30504653411
30504653411
30504653411
30504653411
30504653411
30504653411
30504653411
30504653411
30373331902
30373331902
30373331902
30373331902
30373331902
30373331902
30373331902
30373331902
30373331902
30373331902
30373331902
30373331902
30373331902
30373331902
30373331902
30373331902
30373331902
30373331902
30373331902
30373331902
30373331902
30373331902
29145053643
28979577958
28979577958
28979577958
28979577958
28979577958
28979577958
28979577958
28979577958
28979577958
28979577958
28979577958
28979577958
28979577958
28979577958
28979577958
28979577958
28979577958
28979577958
28979577958
28979577958
28979577958
28979577958
28979577958
26690155718
26690155718
26690155718
26690155718
26690155718
26690155718
26690155718
26690155718
26690155718
26690155718
26690155718
26690155718
26690155718
26690155718
26690155718
26690155718
26690155718
26690155718
26690155718
26690155718
26690155718
26690155718
26690155718
26690155718
26690155718
26690155718
26690155718
26690155718
26690155718
26690155718
26690155718
26690155718
26690155718
26690155718
26690155718
26690155718
26690155718
26690155718
26690155718
26690155718
26690155718
26690155718
26690155718
26690155718
26690155718
26690155718
26690155718
26690155718
26690155718
26690155718
26690155718
26690155718
26690155718
26690155718
26690155718
26690155718
26690155718
26690155718
26690155718
26690155718
26690155718
26690155718
26690155718
26690155718
26690155718
26690155718
26690155718
26690155718
26690155718
26690155718
26690155718
26690155718
26690155718
26690155718
26690155718
26690155718
26690155718
26690155718
26690155718
26690155718
26690155718
26690155718
26690155718
26690155718
26690155718
26690155718
26690155718
26690155718
26690155718
26690155718
26690155718
26690155718
26690155718
26690155718
26690155718
26690155718
26690155718
26690155718
26690155718
26690155718
26690155718
26690155718
17057494255
17057494255
17057494255
17057494255
17057494255
17057494255
17057494255
17057494255
17057494255
17057494255
17057494255
17057494255
17057494255
17057494255
17057494255
17057494255
17057494255
17057494255
17057494255
17057494255
17057494255
17057494255
17057494255
17057494255
17057494255
17057494255
17057494255
17057494255
17057494255
17057494255
17057494255
17057494255
17057494255
17057494255
17057494255
17057494255
17057494255
17057494255
17057494255
17057494255
17057494255
17057494255
17057494255
17057494255
17057494255
17057494255
17057494255
17057494255
17057494255
16260491732
16260491732
16260491732
16260491732
16260491732
16260491732
16260491732
16260491732
16260491732
16260491732
16260491732
16260491732
16260491732
16260491732
16260491732
16260491732
16260491732
16260491732
16260491732
16260491732
16260491732
16260491732
16260491732
16260491732
16260491732
16260491732
16260491732
16260491732
16260491732
16260491732
16260491732
16260491732
16260491732
16260491732
16260491732
16260491732
16260491732
16260491732
16260491732
16260491732
16260491732
16260491732
16260491732
16260491732
16260491732
16260491732
16260491732
16260491732
16260491732
16260491732
16260491732
16260491732
16260491732
16260491732
16260491732
16260491732
16260491732
16260491732
16260491732
16260491732
16260491732
16260491732
16260491732
16260491732
16260491732
16260491732
16260491732
16260491732
16260491732
16260491732
16260491732
16260491732
16260491732
16260491732
16260491732
16260491732
16260491732
16260491732
16260491732
16260491732
16260491732
16260491732
16260491732
16260491732
16260491732
16260491732
16260491732
16260491732
16260491732
16260491732
16260491732
16260491732
16260491732
16260491732
16260491732
16260491732
16260491732
16260491732
16260491732
16260491732
16260491732
16260491732
16260491732
16260491732
16260491732
16260491732
16260491732
16260491732
16260491732
16260491732
16260491732
16260491732
16260491732
16260491732
16260491732
16260491732
16260491732
16260491732
16260491732
16260491732
16260491732
16260491732
16260491732
16260491732
16260491732
16260491732
16260491732
16260491732
16260491732
16260491732
16260491732
16260491732
16260491732
16260491732
16217358661
16217358661
16217358661
16217358661
16217358661
16217358661
16217358661
16217358661
16217358661
16217358661
16217358661
16217358661
16217358661
16217358661
16217358661
11945260346
11945260346
11945260346
11945260346
11945260346
11945260346
11945260346
11945260346
11945260346
11945260346
11945260346
11945260346
11945260346
11945260346
11945260346
11945260346
11945260346
11945260346
11945260346
11945260346
11945260346
11945260346
11945260346
11945260346
11945260346
11945260346
11945260346
11945260346
11945260346
11945260346
11945260346
11945260346
11945260346
11945260346
11945260346
11945260346
11945260346
11945260346
11945260346
11945260346
11945260346
11945260346
11945260346
11945260346
11945260346
11945260346
11945260346
11945260346
11945260346
11945260346
11945260346
11945260346
11945260346
11945260346
11945260346
11945260346
11945260346
11945260346
11945260346
11945260346
11945260346
11945260346
11945260346
11945260346
11945260346
11945260346
11945260346
11945260346
11945260346
11945260346
11945260346
11945260346
11945260346
11945260346
11945260346
11945260346
11945260346
11945260346
11945260346
11945260346
11945260346
11945260346
11945260346
11945260346
11945260346
11945260346
11945260346
11945260346
11945260346
11945260346
11945260346
11945260346
11945260346
11945260346
11945260346
11945260346
11945260346
11945260346
11945260346
11945260346
11945260346
11945260346
11945260346
11945260346
11945260346
11945260346
11945260346
11945260346
11945260346
11945260346
11945260346
11945260346
11945260346
11945260346
11945260346
11945260346
11945260346
11945260346
11945260346
11945260346
11945260346
11945260346
11945260346
11945260346
11945260346
11945260346
11945260346
11945260346
11945260346
11945260346
11945260346
11945260346
11945260346
11945260346
11945260346
11945260346
11945260346
11945260346
11945260346
11945260346
11945260346
11945260346
11945260346
11945260346
11945260346
11945260346
11945260346
11945260346
11945260346
11945260346
11945260346
11945260346
11945260346
11945260346
11945260346
11945260346
11945260346
11945260346
11945260346
11945260346
11945260346
11945260346
11945260346
11945260346
11945260346
11945260346
11945260346
11945260346
11945260346
11945260346
11945260346
11945260346
11945260346
11945260346
11945260346
11945260346
11945260346
11945260346
11945260346
11945260346
11945260346
11945260346
11945260346
11945260346
11945260346
11945260346
11945260346
11945260346
11945260346
11945260346
11945260346
11945260346
11945260346
11945260346
11945260346
11945260346
11945260346
11945260346
11945260346
11945260346
11945260346
11945260346
11945260346
11945260346
11945260346
11945260346
11945260346
11945260346
11945260346
11945260346
11945260346
11945260346
11945260346
11945260346
11945260346
11945260346
11945260346
11945260346
9172114964
9172114964
9172114964
9172114964
9172114964
9172114964
9172114964
9172114964
9172114964
9172114964
9172114964
9172114964
9172114964
9172114964
9172114964
9172114964
9172114964
9172114964
9172114964
9172114964
9172114964
9172114964
9172114964
9172114964
9172114964
9172114964
9172114964
9172114964
9172114964
9172114964
9172114964
9172114964
9172114964
9172114964
9172114964
9172114964
9172114964
9172114964
9172114964
9172114964
9172114964
9172114964
9172114964
9172114964
9172114964
9172114964
9172114964
9172114964
9172114964
9172114964
9172114964
9172114964
9172114964
9172114964
9172114964
9172114964
9172114964
9172114964
9172114964
9172114964
9172114964
9172114964
9172114964
9172114964
9172114964
9172114964
9172114964
9172114964
9172114964
9172114964
9172114964
9172114964
9172114964
9172114964
9172114964
9172114964
9172114964
9172114964
9172114964
9172114964
9172114964
9172114964
9172114964
9172114964
9172114964
9172114964
9172114964
9172114964
9172114964
9172114964
9172114964
9172114964
9172114964
9172114964
9172114964
9172114964
9172114964
9172114964
9172114964
6553815216
6553815216
6553815216
6553815216
6553815216
6553815216
6553815216
6553815216
6553815216
6553815216
6290313281
6290313281
6290313281
6290313281
6290313281
6290313281
6290313281
6290313281
6290313281
6290313281
6290313281
6290313281
6290313281
6290313281
6290313281
6290313281
6290313281
6290313281
6290313281
6290313281
6290313281
6290313281
6290313281
6290313281
6290313281
6290313281
6290313281
6290313281
6290313281
6290313281
6290313281
6290313281
6290313281
6290313281
6290313281
6290313281
6290313281
6290313281
6290313281
6290313281
6290313281
6290313281
6290313281
6290313281
6290313281
6290313281
6290313281
6290313281
6290313281
6290313281
6290313281
6290313281
6290313281
6290313281
6290313281
6290313281
6290313281
6290313281
6290313281
6290313281
6290313281
6290313281
6290313281
6290313281
6290313281
6290313281
6290313281
6290313281
6290313281
6290313281
6290313281
6290313281
6290313281
6290313281
6290313281
6290313281
6290313281
6290313281
6290313281
6290313281
6290313281
6290313281
6290313281
6290313281
6290313281
6290313281
6290313281
6290313281
6290313281
6290313281
6290313281
6290313281
6290313281
6290313281
6290313281
6290313281
6290313281
6290313281
6290313281
6290313281
6290313281
6290313281
6290313281
6290313281
6290313281
6290313281
6290313281
6290313281
6290313281
6290313281
6290313281
6290313281
6290313281
6290313281
6290313281
6290313281
6290313281
6290313281
6290313281
5501936885
5501936885
5501936885
5501936885
5501936885
5501936885
5501936885
5501936885
5501936885
5501936885
5501936885
5501936885
5501936885
5501936885
5501936885
5501936885
5501936885
5501936885
5501936885
5501936885
5501936885
5501936885
5501936885
5501936885
5501936885
5501936885
5501936885
5501936885
5501936885
5501936885
5501936885
5501936885
5501936885
5501936885
5501936885
5501936885
5501936885
5501936885
5501936885
5501936885
5501936885
5501936885
5501936885
5501936885
5501936885
5501936885
5501936885
5501936885
5501936885
5501936885
5501936885
5501936885
5501936885
5501936885
5501936885
5501936885
5501936885
5501936885
5501936885
5501936885
5501936885
5501936885
5501936885
5501936885
5501936885
5501936885
5501936885
5501936885
5501936885
5501936885
5501936885
5501936885
5501936885
5501936885
5501936885
5501936885
5501936885
5501936885
5501936885
5501936885
5501936885
5501936885
5501936885
5501936885
5501936885
5501936885
5501936885
5501936885
5501936885
5501936885
5501936885
5501936885
5501936885
5501936885
5501936885
5501936885
5501936885
5501936885
5501936885
5501936885
5501936885
5501936885
5501936885
5501936885
5501936885
5501936885
5501936885
5501936885
5501936885
5501936885
5501936885
5501936885
5501936885
5501936885
5501936885
5501936885
5501936885
5501936885
5501936885
5501936885
5501936885
5501936885
5501936885
5501936885
5501936885
5501936885
5501936885
5501936885
5501936885
5501936885
5501936885
5501936885
5501936885
5501936885
5501936885
5501936885
5501936885
5501936885
5501936885
5501936885
5501936885
5501936885
5501936885
5501936885
5501936885
5501936885
5501936885
5501936885
5501936885
5501936885
5501936885
5501936885
5501936885
5501936885
5501936885
5501936885
5501936885
5501936885
5501936885
5501936885
5501936885
5501936885
5501936885
5501936885
5501936885
5501936885
5501936885
5501936885
5501936885
5501936885
5501936885
5501936885
5501936885
5501936885
5501936885
5501936885
5501936885
5501936885
5501936885
5501936885
5501936885
5501936885
5501936885
5501936885
5501936885
5501936885
5501936885
5501936885
5501936885
5501936885
5501936885
5501936885
5501936885
5501936885
5501936885
5501936885
5501936885
5501936885
5501936885
5501936885
5501936885
5501936885
5501936885
5501936885
5501936885
5501936885
5501936885
5501936885
5501936885
5449267967
5449267967
5449267967
5449267967
5449267967
5449267967
5449267967
5449267967
5449267967
5449267967
5449267967
5449267967
5449267967
5449267967
5449267967
5449267967
5449267967
5449267967
5449267967
5449267967
5449267967
5449267967
5449267967
5449267967
5449267967
5449267967
5449267967
5449267967
5449267967
5449267967
5449267967
5449267967
5449267967
5449267967
5449267967
5449267967
5449267967
5449267967
5449267967
5449267967
5449267967
5449267967
5449267967
5449267967
5449267967
5449267967
5449267967
5449267967
5449267967
5449267967
5449267967
5449267967
5449267967
5449267967
5449267967
5449267967
5449267967
5449267967
5449267967
5449267967
5449267967
5449267967
5449267967
5449267967
5449267967
5449267967
5449267967
5449267967
5449267967
5449267967
5449267967
5449267967
5449267967
5449267967
5449267967
5449267967
5449267967
5449267967
5449267967
5449267967
5449267967
5449267967
5449267967
5449267967
5449267967
5449267967
5449267967
5449267967
5449267967
5449267967
5449267967
5449267967
5449267967
5449267967
5449267967
5449267967
5449267967
5449267967
5449267967
5449267967
5449267967
4691215245
4691215245
4691215245
4691215245
4691215245
4691215245
4691215245
4691215245
4691215245
4691215245
4691215245
4691215245
4691215245
4691215245
4691215245
4691215245
4691215245
4691215245
4691215245
4691215245
4691215245
4691215245
4691215245
4691215245
4691215245
4691215245
4691215245
4691215245
4691215245
4691215245
4691215245
4691215245
4691215245
4691215245
4691215245
4691215245
4691215245
4691215245
4691215245
4691215245
4691215245
4691215245
4691215245
4691215245
4691215245
4691215245
4691215245
4691215245
4691215245
4691215245
4691215245
4691215245
4691215245
4691215245
4691215245
4691215245
4691215245
4691215245
4691215245
4691215245
4691215245
4691215245
4691215245
4691215245
4691215245
4691215245
4691215245
4691215245
4691215245
4691215245
4691215245
4691215245
4691215245
4691215245
4691215245
4691215245
4691215245
4691215245
4691215245
4691215245
4691215245
4691215245
4691215245
4691215245
4691215245
4691215245
4691215245
4691215245
4691215245
4691215245
4691215245
4691215245
4691215245
4691215245
4691215245
4691215245
4691215245
4691215245
4691215245
4691215245
4691215245
4691215245
4691215245
4691215245
4691215245
4691215245
4691215245
4691215245
4691215245
4691215245
4691215245
4691215245
4691215245
4691215245
4691215245
4691215245
4691215245
4691215245
4691215245
4691215245
4691215245
4691215245
4691215245
4691215245
4691215245
4691215245
4691215245
4691215245
4691215245
4691215245
4691215245
4691215245
4691215245
4691215245
4691215245
4691215245
4691215245
4691215245
4691215245
4691215245
4691215245
4691215245
4691215245
4691215245
4691215245
4691215245
4691215245
4691215245
4691215245
4691215245
4691215245
4691215245
4691215245
4691215245
4691215245
4691215245
4691215245
4691215245
4691215245
4691215245
4691215245
4691215245
4691215245
4691215245
4691215245
4691215245
4691215245
4240555371
4240555371
4240555371
4240555371
4240555371
4240555371
4240555371
4240555371
4240555371
4240555371
4240555371
4240555371
4240555371
4240555371
4240555371
4240555371
4240555371
4240555371
4240555371
4240555371
4240555371
4240555371
4240555371
4240555371
4240555371
4240555371
4240555371
4240555371
4240555371
4240555371
4240555371
4240555371
4240555371
4240555371
4240555371
4240555371
4240555371
4240555371
4240555371
4240555371
4240555371
4240555371
4240555371
4240555371
4240555371
4240555371
4240555371
4240555371
4240555371
4240555371
4240555371
4240555371
4240555371
4240555371
4240555371
4240555371
4240555371
4240555371
4240555371
4240555371
4240555371
4240555371
4240555371
4240555371
4240555371
4240555371
4240555371
4240555371
4240555371
4240555371
4240555371
4240555371
4240555371
4240555371
4240555371
4240555371
4240555371
4240555371
4240555371
4240555371
4240555371
4240555371
4240555371
4240555371
4240555371
4240555371
4240555371
4240555371
4240555371
4240555371
4240555371
4240555371
4240555371
4240555371
4240555371
4240555371
4240555371
4082739618
4082739618
4082739618
4082739618
4082739618
4082739618
4082739618
4082739618
4082739618
4082739618
4082739618
4082739618
4082739618
4082739618
4082739618
4082739618
4082739618
4082739618
4082739618
4082739618
4082739618
4082739618
4082739618
4082739618
4082739618
4082739618
4082739618
4082739618
4082739618
4082739618
4082739618
4082739618
4082739618
4082739618
4082739618
4082739618
4082739618
4082739618
4082739618
4082739618
4082739618
4082739618
4082739618
4082739618
4082739618
4082739618
4082739618
4082739618
4082739618
4082739618
4082739618
4082739618
4082739618
4082739618
4082739618
4082739618
4082739618
4082739618
4082739618
4082739618
4082739618
4082739618
4082739618
4082739618
4082739618
4082739618
4082739618
4082739618
4082739618
4082739618
4082739618
4082739618
4082739618
4082739618
4082739618
4082739618
4082739618
4082739618
4082739618
4082739618
4082739618
4082739618
4082739618
4082739618
4082739618
4082739618
4082739618
4082739618
4082739618
4082739618
4082739618
4082739618
4082739618
4082739618
4082739618
4082739618
4082739618
4082739618
4082739618
4082739618
4082739618
4082739618
4082739618
4082739618
4082739618
4082739618
4082739618
4082739618
4082739618
4082739618
4082739618
4082739618
4082739618
4082739618
4082739618
4082739618
4082739618
4082739618
4082739618
4082739618
4082739618
4082739618
4082739618
4082739618
4082739618
4082739618
4082739618
4082739618
4082739618
4082739618
4082739618
4082739618
4082739618
4082739618
4082739618
4082739618
4082739618
4082739618
4082739618
4082739618
4082739618
4082739618
4082739618
4082739618
4082739618
4082739618
4082739618
4082739618
4082739618
4082739618
4082739618
4082739618
4082739618
4082739618
4082739618
4082739618
4082739618
4082739618
4082739618
4082739618
4082739618
4082739618
4082739618
4082739618
4082739618
3348777790
3348777790
3348777790
3348777790
3348777790
3348777790
3348777790
3348777790
3348777790
3348777790
3348777790
3348777790
3348777790
3348777790
3348777790
3348777790
3348777790
3348777790
3348777790
3348777790
3348777790
3348777790
3348777790
3348777790
3348777790
3348777790
3348777790
3348777790
3348777790
3348777790
3348777790
3348777790
3348777790
3348777790
3348777790
3348777790
3348777790
3348777790
3348777790
3348777790
3348777790
3348777790
3348777790
3348777790
2933153712
2933153712
2933153712
2933153712
2933153712
2933153712
2933153712
2795474850
2795474850
2795474850
2795474850
2795474850
2795474850
2739850568
2739850568
2739850568
2739850568
2739850568
2739850568
2739850568
2739850568
2739850568
2739850568
2739850568
2739850568
2739850568
2739850568
2739850568
2739850568
2739850568
2739850568
2739850568
2739850568
2739850568
2739850568
2739850568
2739850568
2739850568
2739850568
2739850568
2739850568
2739850568
2739850568
2739850568
2739850568
2739850568
2739850568
2739850568
2739850568
2739850568
2739850568
2739850568
2739850568
2739850568
2739850568
2739850568
2739850568
2739850568
2739850568
2739850568
2739850568
2739850568
2739850568
2739850568
2739850568
2739850568
2739850568
2739850568
2739850568
2739850568
2739850568
2739850568
2739850568
2739850568
2739850568
2739850568
2739850568
2739850568
2739850568
2739850568
2739850568
2739850568
2739850568
2739850568
2739850568
2739850568
2739850568
2739850568
2739850568
2739850568
2739850568
2739850568
2739850568
2739850568
2739850568
2739850568
2739850568
2739850568
2739850568
2739850568
2739850568
2739850568
2739850568
2739850568
2739850568
2739850568
2739850568
2739850568
2739850568
2739850568
2739850568
2739850568
2739850568
2739850568
2739850568
2739850568
2739850568
2739850568
2739850568
2739850568
2739850568
2739850568
2739850568
2739850568
2739850568
2739850568
2739850568
2739850568
2739850568
2739850568
2739850568
2739850568
2739850568
2739850568
2739850568
2739850568
2739850568
2739850568
2739850568
2739850568
2739850568
2739850568
2739850568
2739850568
2739850568
2739850568
2739850568
2739850568
2739850568
2739850568
2739850568
2739850568
2739850568
2739850568
2739850568
2739850568
2739850568
2739850568
2739850568
2739850568
2739850568
2739850568
2739850568
2739850568
2739850568
2739850568
2739850568
2739850568
2739850568
2739850568
2739850568
2739850568
2739850568
2739850568
2739850568
2739850568
2739850568
2739850568
2739850568
2739850568
2739850568
2739850568
2739850568
2739850568
2739850568
2739850568
2739850568
2739850568
2739850568
2739850568
2739850568
2739850568
2739850568
2739850568
2739850568
2739850568
2739850568
2739850568
2739850568
2739850568
2739850568
2739850568
2739850568
2739850568
2739850568
2739850568
2739850568
2739850568
2739850568
2506858773
2506858773
2506858773
2506858773
2506858773
2506858773
2506858773
2506858773
2506858773
2506858773
2506858773
2506858773
2506858773
2506858773
2506858773
2506858773
2506858773
2506858773
2506858773
2506858773
2506858773
2506858773
2506858773
2506858773
2506858773
2506858773
2506858773
2506858773
2506858773
2506858773
2506858773
2506858773
2506858773
2506858773
2506858773
2506858773
2506858773
2506858773
2506858773
2506858773
2506858773
2506858773
2506858773
2506858773
2506858773
2506858773
2506858773
2506858773
2506858773
2506858773
2506858773
2506858773
2506858773
2506858773
2506858773
2506858773
2506858773
2506858773
2506858773
2506858773
2506858773
2506858773
2506858773
2506858773
2506858773
2506858773
2506858773
2506858773
2506858773
2506858773
2506858773
2506858773
2506858773
2506858773
2506858773
2506858773
2506858773
2506858773
2506858773
2506858773
2506858773
2506858773
2506858773
2506858773
2506858773
2506858773
2506858773
2506858773
2506858773
2506858773
2506858773
2506858773
2506858773
2506858773
2506858773
2506858773
2506858773
2506858773
2506858773
2506858773
2506858773
2506858773
2506858773
2506858773
2506858773
2506858773
2506858773
2506858773
2506858773
2506858773
2506858773
2506858773
2506858773
2506858773
2506858773
2506858773
2506858773
2506858773
2506858773
2506858773
2506858773
2506858773
2506858773
2506858773
2506858773
2506858773
2506858773
2506858773
2506858773
2506858773
2506858773
2506858773
2506858773
2506858773
2506858773
2506858773
2506858773
2506858773
2506858773
2506858773
2506858773
2506858773
2506858773
2506858773
2506858773
2506858773
2506858773
2506858773
2506858773
2506858773
2506858773
2506858773
2506858773
2506858773
2506858773
2506858773
2506858773
2506858773
2506858773
2506858773
2506858773
2506858773
2506858773
2506858773
2506858773
2506858773
2506858773
2506858773
2506858773
2506858773
2506858773
2506858773
2506858773
2506858773
2506858773
2506858773
2506858773
2506858773
2506858773
2506858773
2506858773
2506858773
2506858773
2506858773
2506858773
2506858773
2506858773
2506858773
2506858773
2506858773
2506858773
2506858773
2506858773
2506858773
2506858773
2506858773
2506858773
2506858773
2506858773
2506858773
2506858773
2506858773
2506858773
2506858773
2506858773
2506858773
2506858773
2506858773
2506858773
2506858773
2506858773
2506858773
2506858773
2506858773
2506858773
2506858773
2506858773
2506858773
2506858773
2506858773
2506858773
2506858773
2506858773
2506858773
2506858773
2506858773
2506858773
2506858773
2506858773
2506858773
2506858773
2506858773
2506858773
2506858773
2506858773
2506858773
2506858773
2506858773
2198954511
2198954511
2198954511
2198954511
2198954511
2198954511
2198954511
2198954511
2198954511
2198954511
2198954511
2198954511
2198954511
2198954511
2198954511
2198954511
2198954511
2198954511
2198954511
2198954511
2198954511
2198954511
2198954511
2198954511
2198954511
2198954511
2198954511
2198954511
2198954511
2198954511
2198954511
2198954511
2198954511
2198954511
2198954511
2198954511
2198954511
2198954511
2198954511
2198954511
2198954511
2198954511
2198954511
2198954511
2198954511
2198954511
2198954511
2198954511
2198954511
2198954511
2198954511
2198954511
2198954511
2198954511
2198954511
2198954511
2198954511
2198954511
2198954511
2198954511
2198954511
2198954511
2198954511
2198954511
2198954511
2198954511
2198954511
2198954511
2198954511
2198954511
2198954511
2198954511
2198954511
2198954511
2198954511
2198954511
2198954511
2198954511
2198954511
2198954511
2198954511
2198954511
2198954511
2198954511
2198954511
2198954511
2198954511
2198954511
2198954511
2198954511
2198954511
2198954511
2198954511
2198954511
2198954511
2198954511
2198954511
2198954511
2198954511
2198954511
2198954511
2198954511
2198954511
2198954511
2198954511
2198954511
2198954511
2198954511
2198954511
2198954511
2198954511
2198954511
2198954511
2198954511
2198954511
2198954511
2198954511
2198954511
2198954511
2198954511
2198954511
2198954511
2198954511
2198954511
2198954511
2198954511
2198954511
2198954511
2198954511
2198954511
2198954511
2198954511
2198954511
2198954511
2198954511
2198954511
2198954511
2198954511
2198954511
1688060783
1688060783
1688060783
1688060783
1688060783
1688060783
1688060783
1688060783
1688060783
1688060783
1688060783
1688060783
1688060783
1688060783
1688060783
1688060783
1688060783
1688060783
1688060783
1688060783
1688060783
1688060783
1688060783
1688060783
1688060783
1688060783
1688060783
1688060783
1688060783
1688060783
1688060783
1688060783
1688060783
1688060783
1688060783
1688060783
1688060783
1688060783
1688060783
1688060783
1688060783
1688060783
1688060783
1688060783
1688060783
1688060783
1274002177
1274002177
1274002177
1274002177
1274002177
1274002177
1274002177
1274002177
1274002177
1274002177
1274002177
1274002177
1274002177
1274002177
1274002177
1274002177
1274002177
1274002177
1274002177
1274002177
1274002177
1274002177
1274002177
1274002177
953496652
953496652
953496652
953496652
953496652
953496652
953496652
953496652
953496652
953496652
953496652
953496652
953496652
953496652
953496652
953496652
953496652
953496652
953496652
953496652
953496652
953496652
953496652
953496652
953496652
953496652
953496652
953496652
953496652
953496652
953496652
953496652
953496652
953496652
953496652
953496652
953496652
949515880
949515880
949515880
949515880
949515880
949515880
949515880
949515880
949515880
949515880
949515880
949515880
949515880
949515880
949515880
949515880
949515880
949515880
949515880
949515880
949515880
949515880
949515880
949515880
949515880
822428302
822428302
762723304
252834465
0
