333834780488
333811409704
333811409704
333811409704
309642480618
290176253475
230241633441
193431949524
177215485477
177215485477
177215485477
174193574712
174193574712
174193574712
169218227498
123372902063
123372902063
123372902063
123372902063
123372902063
123372902063
123372902063
123372902063
123372902063
123372902063
123372902063
123372902063
123372902063
123372902063
123372902063
123372902063
123372902063
123372902063
123372902063
123372902063
123372902063
123372902063
123372902063
123372902063
123372902063
78476162720
78476162720
78476162720
77442832207
77442832207
77442832207
77442832207
77442832207
77442832207
77442832207
77442832207
77442832207
77442832207
77442832207
77442832207
77442832207
77442832207
77442832207
77442832207
77442832207
77442832207
77442832207
77442832207
46298508553
46298508553
46298508553
46298508553
46298508553
46298508553
43092137065
43092137065
43092137065
43092137065
43092137065
43092137065
39883898598
39883898598
39883898598
39883898598
39883898598
39883898598
39883898598
39883898598
39883898598
39883898598
39883898598
39883898598
39883898598
39883898598
39883898598
39883898598
39883898598
39883898598
39883898598
39883898598
39883898598
39883898598
39883898598
39883898598
39883898598
39883898598
34545606704
34545606704
34545606704
34545606704
34545606704
34545606704
34545606704
34545606704
34545606704
34545606704
34545606704
34545606704
34545606704
34545606704
34545606704
34545606704
34545606704
34545606704
34545606704
34545606704
34545606704
34545606704
34448601665
34448601665
34448601665
34448601665
34448601665
34448601665
34448601665
34448601665
34448601665
34448601665
34448601665
34448601665
34448601665
34448601665
34448601665
34448601665
34448601665
34448601665
34448601665
34448601665
34448601665
34448601665
34448601665
34448601665
34448601665
34448601665
34448601665
34448601665
34448601665
34448601665
34448601665
34448601665
34448601665
34448601665
34448601665
19892578244
19892578244
19142969887
18871446618
18871446618
18871446618
18871446618
18871446618
18871446618
18871446618
18871446618
18871446618
18871446618
18871446618
18871446618
18871446618
18871446618
18871446618
18871446618
18871446618
18871446618
18871446618
18871446618
16953370953
16953370953
16953370953
16953370953
16953370953
16953370953
16953370953
16953370953
15951221922
15164254456
15164254456
15164254456
15164254456
15164254456
15164254456
15164254456
15136246177
15136246177
15136246177
15136246177
15136246177
15136246177
14322226081
14322226081
14322226081
14322226081
14322226081
14322226081
14322226081
14322226081
14322226081
14322226081
14322226081
14322226081
14322226081
14322226081
14322226081
14322226081
14322226081
14322226081
14322226081
14322226081
12515978362
11351478137
11068855570
10932758395
10932758395
10932758395
10932758395
10932758395
10932758395
10932758395
10932758395
10932758395
10932758395
10932758395
10932758395
10932758395
10932758395
10932758395
10932758395
10932758395
10932758395
10932758395
10932758395
10932758395
10932758395
10932758395
10932758395
10932758395
10932758395
10932758395
10932758395
10932758395
10932758395
10932758395
10932758395
10932758395
10932758395
10932758395
10932758395
10932758395
10932758395
10932758395
10932758395
10932758395
10932758395
10932758395
10932758395
10932758395
10932758395
10932758395
10932758395
10932758395
10932758395
10932758395
10932758395
10932758395
10508186791
10508186791
10508186791
10508186791
10508186791
10508186791
10508186791
10508186791
10508186791
10508186791
10508186791
10508186791
10508186791
10508186791
10508186791
10508186791
10508186791
10508186791
10508186791
10508186791
10508186791
10508186791
10508186791
10508186791
10508186791
10508186791
10508186791
10508186791
10508186791
9385084922
9385084922
9385084922
9385084922
9385084922
9385084922
9385084922
9385084922
9385084922
9385084922
9385084922
9385084922
9385084922
9385084922
9385084922
9385084922
9385084922
9385084922
9385084922
9385084922
9385084922
9385084922
9385084922
9385084922
9385084922
9385084922
9385084922
9385084922
9385084922
9385084922
9385084922
9385084922
9385084922
9385084922
9385084922
9385084922
9385084922
9385084922
9385084922
9385084922
9385084922
9385084922
9385084922
9385084922
9385084922
9385084922
9385084922
9385084922
9385084922
9385084922
9385084922
9385084922
9385084922
9385084922
9385084922
9385084922
9385084922
9385084922
9385084922
9385084922
9385084922
9385084922
9385084922
9385084922
9385084922
9385084922
9385084922
9385084922
9385084922
9385084922
9385084922
9385084922
9385084922
7324910342
7324910342
7324910342
7324910342
7324910342
7324910342
7324910342
7324910342
7324910342
7324910342
7324910342
7324910342
7324910342
7324910342
7324910342
7324910342
7324910342
7324910342
7324910342
7324910342
7324910342
7324910342
7324910342
7324910342
7324910342
7324910342
7324910342
7324910342
7324910342
7324910342
7324910342
7324910342
7324910342
7324910342
7324910342
7324910342
7324910342
7324910342
7324910342
7324910342
7324910342
7324910342
7324910342
7324910342
7324910342
7324910342
7324910342
7324910342
7324910342
7324910342
7324910342
7324910342
7324910342
7324910342
7324910342
7324910342
7324910342
7324910342
7324910342
7324910342
7324910342
7324910342
7324910342
7324910342
7324910342
7324910342
7324910342
7324910342
7324910342
7324910342
7324910342
7324910342
7324910342
7324910342
7324910342
7324910342
7324910342
7324910342
7324910342
7324910342
7324910342
7324910342
7324910342
7324910342
7324910342
7324910342
7324910342
7324910342
7324910342
7324910342
7324910342
7324910342
7324910342
7324910342
7324910342
7324910342
7324910342
7324910342
7324910342
7324910342
7324910342
7324910342
7324910342
7324910342
7324910342
7324910342
7324910342
7324910342
7324910342
7324910342
7324910342
7324910342
7324910342
7324910342
7324910342
7324910342
7324910342
7324910342
7324910342
7324910342
7281465611
7281465611
7281465611
7281465611
7281465611
7281465611
7281465611
7281465611
7281465611
7281465611
7281465611
7281465611
7281465611
7281465611
7281465611
7281465611
7281465611
7281465611
7281465611
7281465611
7281465611
7281465611
7281465611
7281465611
7281465611
7281465611
7281465611
7281465611
7281465611
7281465611
7281465611
7281465611
7281465611
7281465611
7281465611
7281465611
7281465611
7281465611
7281465611
7281465611
7281465611
7281465611
7281465611
7281465611
7281465611
7281465611
7281465611
7281465611
7281465611
7281465611
7281465611
7281465611
7281465611
7281465611
7281465611
7281465611
7281465611
7281465611
7281465611
7281465611
7281465611
7281465611
7281465611
7281465611
7281465611
7281465611
7281465611
7281465611
7281465611
7281465611
7281465611
7281465611
7281465611
7281465611
7281465611
7281465611
7281465611
7281465611
7281465611
7281465611
7281465611
7281465611
7281465611
7281465611
7281465611
7281465611
7281465611
7281465611
7281465611
7281465611
7281465611
7281465611
7281465611
7281465611
7281465611
7281465611
7281465611
7281465611
7281465611
7281465611
7281465611
7281465611
7281465611
7281465611
7281465611
5434024169
5434024169
5434024169
5434024169
5434024169
5434024169
5434024169
5434024169
5434024169
5434024169
5434024169
5434024169
5434024169
5434024169
5434024169
5434024169
5434024169
5434024169
5434024169
5434024169
5434024169
5434024169
5434024169
5434024169
5434024169
5434024169
5434024169
5434024169
5434024169
5434024169
5434024169
5434024169
5434024169
5434024169
5434024169
5434024169
5434024169
5434024169
5434024169
5434024169
5434024169
5434024169
5434024169
5434024169
5434024169
5434024169
5434024169
5434024169
5434024169
5434024169
5434024169
5434024169
5434024169
5434024169
5434024169
5434024169
5434024169
4567031524
4567031524
4567031524
4567031524
4567031524
4567031524
4567031524
4567031524
4567031524
4567031524
4362501733
4362501733
4362501733
4362501733
4362501733
4362501733
4362501733
4362501733
4362501733
4362501733
4362501733
4362501733
4362501733
4112499250
4112499250
4112499250
4112499250
4112499250
4112499250
4112499250
4112499250
4112499250
4112499250
4112499250
4112499250
4112499250
4112499250
4112499250
4112499250
4112499250
4112499250
4112499250
4112499250
4112499250
4112499250
4112499250
4112499250
4112499250
4112499250
4112499250
4112499250
4112499250
4112499250
4112499250
4112499250
4112499250
4112499250
4112499250
4112499250
4112499250
4112499250
4112499250
4112499250
4112499250
4112499250
4112499250
4112499250
4112499250
4112499250
4112499250
4112499250
4112499250
4112499250
4112499250
4112499250
4112499250
4112499250
4112499250
4112499250
4112499250
4112499250
4112499250
4112499250
4112499250
4112499250
4112499250
4112499250
4112499250
4112499250
4112499250
4112499250
4112499250
4112499250
4112499250
4017361843
4017361843
4017361843
4017361843
4017361843
4017361843
4017361843
4017361843
4017361843
4017361843
4017361843
4017361843
4017361843
4017361843
4017361843
4017361843
4017361843
4017361843
4017361843
4017361843
3442557014
3442557014
3442557014
3442557014
3442557014
3442557014
3442557014
3442557014
3442557014
3442557014
3442557014
3442557014
3442557014
3442557014
3442557014
3442557014
3442557014
3442557014
3442557014
3442557014
3442557014
3442557014
3442557014
3442557014
3442557014
3442557014
3442557014
3442557014
3442557014
3442557014
3442557014
3442557014
3442557014
3442557014
3442557014
3442557014
3442557014
3442557014
3442557014
3442557014
2927617361
2927617361
2927617361
2927617361
2927617361
2927617361
2927617361
2927617361
2927617361
2927617361
2927617361
2927617361
2927617361
2927617361
2927617361
2927617361
2927617361
2927617361
2927617361
2927617361
2927617361
2927617361
2927617361
2927617361
2927617361
2927617361
2927617361
2927617361
2927617361
2927617361
2927617361
2927617361
2927617361
2927617361
2927617361
2927617361
2927617361
2927617361
2927617361
2927617361
2927617361
2927617361
2927617361
2927617361
2927617361
2927617361
2927617361
2927617361
2927617361
2927617361
2927617361
2927617361
2927617361
2927617361
2927617361
2927617361
2927617361
2927617361
2927617361
2927617361
2927617361
2927617361
2927617361
2927617361
2927617361
2927617361
2927617361
2927617361
2927617361
2927617361
2927617361
2927617361
2927617361
2927617361
2927617361
2927617361
2927617361
2927617361
2927617361
2927617361
2927617361
2927617361
2927617361
2927617361
2927617361
2927617361
2927617361
2927617361
2927617361
2849761958
2849761958
2849761958
2849761958
2849761958
2849761958
2849761958
2849761958
2849761958
2849761958
2849761958
2849761958
2849761958
2849761958
2849761958
2849761958
2849761958
2849761958
2849761958
2849761958
2849761958
2849761958
2849761958
2849761958
2849761958
2849761958
2849761958
2849761958
2849761958
2849761958
2849761958
2849761958
2849761958
2849761958
2849761958
2849761958
2849761958
2849761958
2849761958
2849761958
2849761958
2849761958
2849761958
2849761958
2849761958
2849761958
2849761958
2849761958
2849761958
2849761958
2849761958
2849761958
2849761958
2849761958
2849761958
2849761958
2849761958
2849761958
2849761958
2849761958
2849761958
2849761958
2849761958
2849761958
2849761958
2849761958
2849761958
2849761958
2849761958
2849761958
2849761958
2849761958
2849761958
2849761958
2849761958
2849761958
2849761958
2849761958
2849761958
2849761958
2849761958
2849761958
2849761958
2849761958
2849761958
2849761958
2849761958
2849761958
2849761958
2849761958
2849761958
2849761958
2849761958
2849761958
2849761958
2849761958
2849761958
2849761958
2849761958
2849761958
2849761958
2849761958
2849761958
2849761958
2849761958
2849761958
2849761958
2849761958
2849761958
2849761958
2849761958
2849761958
2849761958
2849761958
2849761958
2849761958
2849761958
2849761958
2849761958
2729890528
2729890528
2729890528
2729890528
2729890528
2729890528
2729890528
2729890528
2729890528
2729890528
2729890528
2729890528
2729890528
2729890528
2729890528
2729890528
2729890528
2729890528
2729890528
2729890528
2729890528
2729890528
2729890528
2729890528
2729890528
2729890528
2729890528
2729890528
2729890528
2729890528
2729890528
2729890528
2729890528
2729890528
2729890528
2729890528
2729890528
2729890528
2729890528
2729890528
2729890528
2729890528
2729890528
2729890528
2729890528
2729890528
2729890528
2729890528
2729890528
2729890528
2729890528
2729890528
2729890528
2729890528
2729890528
2729890528
2729890528
2729890528
2729890528
2729890528
2729890528
2729890528
2729890528
2729890528
2729890528
2729890528
2729890528
2729890528
2729890528
2729890528
2729890528
2729890528
2729890528
2729890528
2729890528
2729890528
2729890528
2729890528
2729890528
2729890528
2729890528
2729890528
2729890528
2729890528
2729890528
2729890528
2729890528
2729890528
2729890528
2729890528
2729890528
2729890528
2729890528
2729890528
1780214706
1780214706
1696459362
1696459362
1696459362
1696459362
1696459362
1696459362
1696459362
1696459362
1696459362
1696459362
1696459362
1696459362
1696459362
1696459362
1696459362
1696459362
1696459362
1696459362
1696459362
1696459362
1696459362
1696459362
1696459362
1696459362
1696459362
1696459362
1696459362
1696459362
1696459362
1696459362
1696459362
1696459362
1696459362
1696459362
1696459362
1696459362
1696459362
1696459362
1696459362
1696459362
1696459362
1696459362
1696459362
1696459362
1696459362
1696459362
1696459362
1696459362
1696459362
1696459362
1696459362
1696459362
1696459362
1696459362
1696459362
1696459362
1696459362
1696459362
1696459362
1696459362
1696459362
1696459362
1696459362
1696459362
1696459362
1696459362
1696459362
1696459362
1696459362
1696459362
1696459362
1696459362
1696459362
1696459362
1696459362
1696459362
1696459362
1696459362
1696459362
1696459362
1696459362
1696459362
1696459362
1696459362
1696459362
1696459362
1696459362
1696459362
1696459362
1696459362
1696459362
1696459362
1696459362
1696459362
1696459362
1696459362
1696459362
1696459362
1696459362
1696459362
1696459362
1696459362
1696459362
1696459362
1696459362
1696459362
1696459362
1696459362
1696459362
1696459362
1696459362
1696459362
1696459362
1696459362
1696459362
1696459362
1696459362
1696459362
1696459362
1696459362
1696459362
1696459362
1696459362
1696459362
1696459362
1696459362
1696459362
1696459362
1696459362
1696459362
1696459362
1696459362
1696459362
1696459362
1696459362
1696459362
1696459362
1696459362
1696459362
1696459362
1696459362
1696459362
1696459362
1696459362
1696459362
1696459362
1696459362
1696459362
1696459362
1696459362
1696459362
1696459362
1696459362
1696459362
1696459362
1696459362
1696459362
1696459362
1696459362
1696459362
1696459362
1696459362
1696459362
1387293484
1387293484
1387293484
1387293484
1387293484
1387293484
1387293484
1387293484
1387293484
1387293484
1387293484
1387293484
1387293484
1387293484
1387293484
1387293484
927678048
927678048
927678048
927678048
927678048
927678048
927678048
927678048
927678048
927678048
927678048
927678048
927678048
927678048
927678048
927678048
927678048
927678048
927678048
927678048
927678048
927678048
746603452
0
