274829550025
163062317842
163062317842
88812359571
83229750233
77448069948
73936445180
56874354705
56874354705
56874354705
52841614071
52841614071
52841614071
52841614071
52841614071
52841614071
52841614071
41551712344
41551712344
38741558759
38741558759
38741558759
36725795440
36725795440
36725795440
36725795440
36725795440
36725795440
36725795440
36725795440
36725795440
36725795440
36725795440
33543855500
33543855500
33543855500
33543855500
33543855500
33543855500
33543855500
33543855500
33543855500
33543855500
33543855500
33543855500
33543855500
33543855500
33543855500
33543855500
33543855500
33543855500
33543855500
33543855500
33543855500
33543855500
33543855500
33543855500
33543855500
33543855500
33543855500
33543855500
33543855500
25811980640
25811980640
25811980640
25811980640
25811980640
25811980640
25811980640
25811980640
25811980640
25811980640
25811980640
24115657889
24115657889
24115657889
24115657889
24115657889
24115657889
24115657889
24115657889
24115657889
24115657889
24115657889
24115657889
24115657889
20107132095
17586000069
17586000069
17586000069
17586000069
17586000069
17586000069
17586000069
17586000069
17586000069
17586000069
17586000069
17586000069
17586000069
17586000069
17586000069
17586000069
17586000069
17586000069
17586000069
17586000069
17586000069
17586000069
17586000069
17586000069
17586000069
17586000069
17586000069
17586000069
17586000069
17586000069
17586000069
17586000069
17586000069
17586000069
17586000069
17586000069
17586000069
17586000069
17586000069
17586000069
17586000069
17586000069
17586000069
17586000069
17586000069
17586000069
17586000069
17586000069
17586000069
17586000069
16763928859
11478170765
11478170765
11478170765
11478170765
11478170765
11478170765
11478170765
11478170765
11478170765
11478170765
11478170765
11478170765
11478170765
11478170765
11478170765
11478170765
11478170765
11478170765
11478170765
11478170765
11478170765
11478170765
11478170765
11478170765
11478170765
11478170765
11478170765
11478170765
11478170765
11478170765
11478170765
11478170765
11478170765
11478170765
11478170765
11478170765
11478170765
11478170765
11478170765
11478170765
11478170765
11478170765
11478170765
11478170765
11478170765
11478170765
11478170765
11478170765
11478170765
11478170765
11478170765
11478170765
11478170765
11478170765
11478170765
11478170765
11478170765
11478170765
11478170765
11478170765
11478170765
11478170765
11478170765
11478170765
11478170765
11478170765
11478170765
11478170765
11478170765
11478170765
11478170765
11478170765
11478170765
11478170765
11478170765
11478170765
11478170765
11478170765
11478170765
11478170765
11478170765
11478170765
11478170765
11478170765
11478170765
11478170765
11478170765
11478170765
11478170765
11478170765
11478170765
11478170765
11478170765
11478170765
11478170765
11478170765
11478170765
11478170765
11478170765
11478170765
11478170765
11478170765
11478170765
11478170765
11478170765
11478170765
11478170765
11478170765
11478170765
11478170765
11478170765
11478170765
11478170765
11478170765
11478170765
8149930009
8149930009
8149930009
8149930009
8149930009
8149930009
8149930009
8149930009
8149930009
8149930009
8149930009
8149930009
8149930009
8149930009
8149930009
8149930009
8149930009
8149930009
8149930009
8149930009
8149930009
8149930009
8149930009
8149930009
8149930009
8149930009
8149930009
8149930009
8149930009
8149930009
8149930009
8149930009
8149930009
8149930009
8149930009
8149930009
8149930009
8149930009
8149930009
8149930009
8149930009
8149930009
8149930009
8149930009
8149930009
8149930009
8149930009
8149930009
8149930009
4574225702
4574225702
4574225702
4574225702
4574225702
4574225702
4574225702
4574225702
4574225702
4574225702
4574225702
4574225702
4574225702
4574225702
4574225702
4574225702
4574225702
4574225702
4574225702
4574225702
4574225702
4574225702
4574225702
4574225702
4574225702
4574225702
4574225702
4574225702
4574225702
4574225702
4574225702
4574225702
4346060780
4346060780
4346060780
4346060780
4346060780
4346060780
4346060780
4346060780
4346060780
4346060780
4346060780
4346060780
4346060780
4346060780
4346060780
4346060780
4346060780
4346060780
4346060780
4346060780
4346060780
4346060780
4346060780
4346060780
4346060780
4346060780
4346060780
4346060780
4346060780
4346060780
4346060780
4346060780
4346060780
4346060780
4346060780
4346060780
4346060780
4346060780
4346060780
4346060780
4346060780
4346060780
4346060780
4346060780
4346060780
4346060780
4346060780
4346060780
4346060780
4346060780
4346060780
4346060780
4346060780
4346060780
4346060780
4346060780
4346060780
4346060780
4346060780
4346060780
4346060780
4346060780
4346060780
4346060780
4346060780
4346060780
4346060780
4346060780
4346060780
4346060780
4346060780
4346060780
4346060780
4346060780
4346060780
4346060780
4346060780
4346060780
4346060780
4346060780
4346060780
4346060780
4346060780
4346060780
4346060780
4346060780
4346060780
4346060780
4346060780
4346060780
4346060780
4346060780
4346060780
4346060780
4346060780
4346060780
4346060780
4346060780
4346060780
4346060780
4346060780
4346060780
4346060780
4346060780
4346060780
4346060780
4346060780
3474476740
3474476740
3474476740
3474476740
3474476740
3474476740
3474476740
3474476740
3474476740
3474476740
3474476740
3474476740
3474476740
3474476740
3474476740
3474476740
3474476740
3474476740
3474476740
3474476740
2725784065
2725784065
2725784065
2725784065
2725784065
2725784065
2725784065
2725784065
2725784065
2725784065
2725784065
2725784065
2725784065
2725784065
2725784065
2725784065
2725784065
2725784065
2725784065
2725784065
2725784065
2725784065
2725784065
2725784065
2725784065
2659042011
2659042011
2659042011
2659042011
2659042011
2659042011
2659042011
2659042011
2659042011
2659042011
2659042011
2659042011
2659042011
2659042011
2659042011
2659042011
2659042011
2659042011
2659042011
2659042011
2659042011
2659042011
2659042011
2659042011
2659042011
2659042011
2659042011
2659042011
2659042011
2659042011
2659042011
2659042011
2659042011
2659042011
2659042011
2659042011
2659042011
2659042011
2659042011
2659042011
2659042011
2659042011
2659042011
2659042011
2659042011
2659042011
2659042011
2659042011
2659042011
2659042011
2659042011
2659042011
2659042011
2659042011
2659042011
2659042011
2659042011
2659042011
2659042011
2659042011
2659042011
2659042011
2659042011
2659042011
2659042011
2659042011
2659042011
2659042011
2659042011
2659042011
2659042011
2659042011
2659042011
2659042011
2659042011
2659042011
2659042011
2659042011
2659042011
2659042011
2659042011
2659042011
2659042011
2659042011
2659042011
2659042011
2659042011
2659042011
2659042011
2659042011
2659042011
2659042011
2659042011
2659042011
2659042011
2659042011
2659042011
2659042011
2659042011
2659042011
2659042011
2659042011
2659042011
2659042011
2659042011
2659042011
2659042011
2659042011
2659042011
2659042011
2659042011
2659042011
2659042011
2659042011
2659042011
2659042011
2659042011
2659042011
2659042011
2659042011
2659042011
2659042011
2659042011
2659042011
2659042011
2659042011
2659042011
2659042011
2259151408
2259151408
2259151408
2259151408
2259151408
2259151408
2259151408
2259151408
2259151408
2259151408
2259151408
2259151408
2259151408
2259151408
2259151408
2259151408
2259151408
1808166603
1808166603
1808166603
1808166603
1808166603
1808166603
1808166603
1808166603
1808166603
1808166603
1808166603
1808166603
1808166603
1808166603
1808166603
1808166603
1808166603
1808166603
1808166603
1808166603
1808166603
1808166603
1808166603
1808166603
1808166603
1808166603
1808166603
1808166603
1808166603
1808166603
1808166603
1808166603
1808166603
1808166603
1808166603
1808166603
1808166603
1808166603
1808166603
1808166603
1808166603
1808166603
1808166603
1808166603
1808166603
1808166603
1808166603
1808166603
1808166603
1808166603
1808166603
1808166603
1808166603
1808166603
1808166603
1808166603
1808166603
1808166603
1808166603
1808166603
1808166603
1808166603
1808166603
1808166603
1808166603
1808166603
1808166603
1808166603
1808166603
981779349
956090626
956090626
956090626
944556209
657331975
657331975
635600687
351362244
131813371
131813371
0
