127
392
1173
310
543
613
1375
1276
1171
509
61
174
755
544
1095
934
921
499
1472
414
465
941
918
770
532
195
1291
117
155
581
894
904
1364
88
222
1061
516
1084
619
263
1389
1711
67
612
599
167
368
782
355
755
1754
959
778
869
482
1161
972
426
1955
927
80
750
213
1174
435
547
825
973
401
365
752
755
641
369
999
492
751
1255
1344
1355
703
146
554
273
325
473
408
1397
126
1166
842
398
196
529
803
835
325
997
898
937
119
195
393
1368
670
496
585
1275
232
464
422
49
614
1122
1212
507
153
603
818
1314
101
1542
598
1250
989
492
973
375
979
958
835
1420
522
866
1372
817
80
1576
1378
1009
499
1676
301
610
140
229
835
997
881
636
1257
491
717
646
823
938
924
1021
783
1544
985
932
241
1053
909
358
827
1258
626
858
1560
119
907
524
809
691
20
431
474
806
1434
720
823
355
537
1440
604
1221
891
1569
836
887
87
261
1375
751
683
825
1170
1216
508
4
821
1168
517
6
745
1626
957
706
653
878
1419
833
618
895
709
728
210
91
1659
584
798
230
1099
977
1236
594
432
1002
951
622
1262
1331
1654
752
896
952
522
918
785
321
113
920
1373
78
422
429
1542
896
1213
971
64
1495
693
831
1100
1047
660
156
1454
208
71
1035
1263
698
801
511
948
829
675
911
852
604
114
1069
971
953
1247
739
730
1359
1736
801
715
686
419
527
982
1158
1145
487
845
1002
677
908
489
995
1000
585
1368
1096
530
1259
1395
175
510
943
574
681
487
932
490
105
828
965
857
904
93
1186
147
1590
699
1443
690
798
950
768
1157
253
248
605
773
938
899
905
1216
629
886
458
1131
662
521
891
910
1380
705
1244
1513
1188
661
198
297
979
908
222
750
839
1673
118
823
1716
1176
8
1291
749
429
625
414
736
130
1351
1043
597
1436
875
906
67
981
777
1127
629
392
52
438
936
410
627
584
264
1358
786
100
300
817
865
1692
881
639
924
329
1456
348
236
240
851
1179
892
648
490
795
371
728
687
806
259
854
648
368
153
1455
814
872
770
556
798
1594
795
493
439
448
498
1588
960
1718
1300
117
1043
1008
457
908
744
1211
1614
521
720
1399
486
564
625
1454
635
333
1769
1047
1606
607
749
908
1226
422
832
670
467
294
930
1708
590
1528
1370
542
1592
1103
792
1128
1426
754
417
1107
731
1637
1163
88
1170
1165
795
218
1562
136
565
1007
374
657
867
133
707
45
436
1415
463
861
496
964
194
566
143
791
1129
403
989
289
667
1609
580
959
1342
997
909
898
725
570
1208
1136
192
1707
1547
577
1417
414
779
1346
591
308
558
1040
1323
456
675
424
148
757
862
1244
1652
876
909
570
420
37
903
1258
531
1115
987
450
675
877
795
84
1870
179
1226
539
299
22
935
1383
1196
4
631
27
1377
1353
245
771
490
698
768
588
1261
867
1646
546
971
667
603
750
1348
339
254
891
284
914
340
553
202
1349
245
766
116
494
783
1285
893
1439
677
514
613
407
466
1409
89
1567
938
1620
747
1079
1652
59
1034
435
1292
674
536
846
644
746
395
396
455
839
851
433
1068
1215
544
1165
897
118
611
579
1127
759
1027
760
623
28
944
572
604
37
930
900
983
1112
1012
1089
1567
998
1313
655
1146
1614
786
1441
626
296
1174
162
534
89
929
785
1638
499
1428
943
635
1085
240
974
612
1152
506
623
509
503
1509
549
629
140
142
223
863
1362
453
1277
1599
1068
800
81
1659
1391
313
1034
1495
1067
475
870
975
777
1668
1011
948
610
84
255
631
987
533
270
259
1726
443
940
1455
772
283
1267
1416
538
1135
369
795
1437
875
209
617
1056
291
757
492
959
814
762
1003
1290
991
654
713
159
522
729
1883
368
1232
335
30
698
665
326
1502
500
1329
343
862
978
1267
589
1315
741
1051
37
679
422
440
1114
453
724
758
757
774
1217
551
916
1287
1039
722
1009
871
1221
650
561
326
472
1302
1369
1633
1083
559
1371
769
137
760
1174
545
845
615
880
554
178
583
378
1424
618
855
580
738
179
769
391
765
1646
295
782
917
453
1265
519
1014
1123
499
739
849
988
799
281
422
1123
161
385
931
362
1664
723
638
497
618
656
110
1154
680
1346
737
713
787
344
741
926
956
969
1082
732
14
905
1488
105
52
571
1216
997
722
694
897
1194
243
351
242
100
1490
985
673
85
1468
855
433
598
985
504
947
555
90
896
297
675
1081
235
527
948
980
150
1257
306
650
319
81
1370
263
964
38
1267
148
703
954
597
678
726
688
641
927
1549
1165
234
1357
26
726
697
808
88
1226
379
820
9
924
988
1135
666
975
916
48
568
901
856
736
198
735
89
632
1056
599
759
670
462
848
538
1104
1097
865
977
1753
144
1239
432
917
800
932
315
795
411
262
706
992
1111
487
413
87
99
585
527
567
723
521
782
1726
623
892
158
176
487
856
955
386
1010
796
547
737
927
1246
639
748
