249
857
86
1038
633
794
774
32
719
755
763
441
661
357
595
221
1044
744
1221
1376
95
345
396
284
1319
84
112
528
664
398
764
7
1172
941
72
683
708
1338
993
249
354
393
887
390
241
242
338
653
932
936
1335
251
272
419
1092
238
1173
672
33
1248
646
615
734
124
903
489
489
366
37
157
186
868
734
85
695
592
593
727
711
1035
697
779
332
457
937
486
228
1003
463
649
546
758
1078
355
1114
546
768
338
837
987
669
449
1048
142
1304
452
760
668
462
37
731
278
1174
131
1234
719
515
695
1400
176
60
1324
751
1137
1119
978
743
1336
547
1118
106
227
744
1472
597
897
670
600
801
1341
883
470
44
629
281
692
1350
769
227
321
769
1002
250
112
422
480
216
157
538
530
802
963
739
741
392
370
680
1029
1003
548
549
1261
52
972
961
547
590
25
526
155
414
1444
789
365
314
372
966
679
240
197
228
126
370
3
444
783
806
604
1411
284
1115
37
381
539
158
351
120
78
1436
1204
199
376
508
171
1086
771
311
659
636
412
390
918
659
366
99
1270
683
614
593
646
158
471
831
493
1274
250
599
21
484
594
94
441
786
627
1153
592
512
