16
186
740
1228
303
936
119
1358
232
1526
791
498
1244
636
550
770
376
935
1496
274
875
896
804
346
1781
556
790
515
767
1679
766
1558
776
655
275
638
655
1144
626
280
1430
1887
1214
171
631
357
860
238
948
350
786
948
917
84
652
1550
812
800
1705
807
52
572
747
1530
624
671
752
349
1519
439
215
39
1109
398
574
547
292
828
491
1274
849
565
742
6
1175
1010
906
621
559
498
648
332
1101
434
384
668
694
199
1115
976
991
574
1048
228
315
983
600
632
928
235
37
766
386
806
639
162
903
740
812
940
982
35
614
938
428
916
564
364
1599
970
957
919
629
518
936
718
991
166
616
675
166
874
230
800
326
114
916
332
909
796
481
156
230
367
36
1132
1418
1706
1089
492
826
660
431
587
1274
342
543
941
404
1109
924
544
912
217
1819
346
409
269
699
249
1016
185
1944
806
296
385
193
286
847
923
124
350
977
369
926
0
487
297
198
106
195
146
420
380
795
1163
1204
642
1723
1041
866
904
295
607
1928
531
621
980
106
966
428
891
630
284
772
310
784
972
1720
209
1597
179
661
906
1243
584
967
1108
958
813
1264
1394
764
337
726
1472
1182
560
1213
543
1226
1169
360
1083
1047
536
812
1188
452
587
872
187
890
250
118
438
720
143
642
770
63
1645
199
94
252
117
1038
181
788
1235
119
958
343
996
1439
1279
940
280
736
642
933
867
566
1553
486
971
799
391
1551
871
250
300
591
1131
601
1544
542
972
95
332
163
1054
141
198
692
887
458
374
530
724
301
1823
787
596
947
973
602
1260
387
1812
337
671
1336
79
211
1518
1287
1270
1637
630
557
862
796
891
90
316
396
669
726
926
30
568
703
262
639
746
356
226
968
411
1098
1240
824
1902
101
140
1466
447
436
534
324
1630
470
1119
257
826
309
565
600
1889
553
549
156
96
167
772
1586
1376
688
512
371
73
244
876
1322
893
816
81
80
985
712
892
544
314
840
1244
671
271
285
440
727
1368
1599
451
381
580
625
922
498
792
1228
608
261
1476
1226
369
890
1832
489
1175
1595
1212
176
159
820
448
679
666
747
1272
134
532
940
612
913
660
1211
729
1012
63
861
1128
129
354
961
864
73
852
812
754
1126
551
303
735
1325
351
833
482
252
932
436
928
678
1266
1552
601
1012
800
900
233
825
8
103
535
53
843
453
1163
767
427
27
985
1503
970
1442
150
216
30
589
414
1516
943
950
882
1270
676
33
907
507
968
517
498
587
547
1160
1655
759
1345
579
253
76
574
616
702
715
643
852
275
1594
748
940
1539
762
889
1146
152
1028
867
441
972
177
246
929
122
700
48
1811
614
27
262
173
103
328
510
361
528
629
801
137
1439
421
367
776
794
1133
1543
747
1204
78
554
1
1246
813
174
1394
1550
835
1634
550
999
1153
610
555
339
346
1256
572
243
559
342
224
180
696
708
1140
600
97
601
457
1191
450
1019
901
421
800
422
939
802
591
192
290
346
1079
950
812
1368
968
191
637
485
1045
898
664
188
565
713
584
1021
441
992
446
469
621
744
700
847
1482
38
953
653
114
669
1487
279
182
761
556
918
422
629
966
957
1926
583
749
869
574
1185
1472
1151
304
1695
538
404
357
847
315
1070
627
970
820
302
177
799
369
1703
849
1591
813
1771
907
669
572
505
117
442
73
1031
791
942
1702
912
573
1278
581
404
1021
485
34
998
1050
344
716
896
132
127
761
679
536
1374
503
139
264
756
465
657
914
510
1116
336
509
129
72
259
329
151
912
377
936
1200
1341
237
77
498
669
273
280
863
296
425
444
1036
1853
787
1475
244
433
685
18
1836
1238
50
483
1628
51
903
1145
64
20
21
956
886
585
100
661
163
520
605
698
1091
393
804
408
63
871
1820
403
227
431
208
616
1022
1350
1257
558
893
639
713
44
609
135
1770
215
231
396
1010
934
226
1353
339
311
416
1614
187
440
817
757
461
975
764
1033
1767
83
1342
1012
304
1513
1591
1629
160
664
638
857
906
119
485
370
251
1422
389
1095
133
1340
1061
1187
1099
1448
544
895
904
2
460
271
610
800
667
124
1021
884
459
1122
232
519
1772
1254
747
371
1336
1045
282
422
183
308
28
1704
154
1635
375
249
321
1444
814
360
153
686
1182
330
277
1679
725
744
1043
1178
1383
443
1480
887
849
358
514
989
1093
608
948
544
595
835
493
289
776
1595
505
674
940
389
315
760
718
337
199
1717
574
1238
708
606
1488
77
935
302
819
1340
510
180
1428
192
853
449
761
403
1242
353
1001
1690
888
995
535
615
761
843
1168
608
905
793
740
168
831
1025
535
682
966
1123
981
255
75
14
131
786
190
700
697
1233
1080
278
381
899
992
492
777
1266
805
142
691
516
1257
1057
301
981
913
340
406
912
184
870
1184
306
1152
536
930
1041
1444
1374
482
525
1089
1102
386
786
1262
211
595
