320
528
917
800
442
345
1003
13
23
192
1503
505
848
637
717
538
1187
597
929
1169
878
1418
1027
823
1293
508
621
783
1276
1269
995
1383
572
440
557
941
1235
546
953
916
1178
315
1431
701
1413
788
609
343
929
150
168
583
410
18
1191
1525
429
287
394
533
944
998
474
557
1631
146
173
1198
875
1144
183
312
993
308
168
1415
235
50
794
487
343
1389
865
621
1001
74
1712
1497
1652
487
526
928
1004
391
524
845
659
1158
911
1188
1794
1354
1792
131
751
335
860
453
521
1156
976
1009
707
48
86
767
1116
735
552
1230
886
610
938
1092
1231
27
707
1707
795
325
299
27
977
737
961
772
1352
29
531
566
1226
782
1101
469
886
727
983
369
987
572
1108
738
1166
1331
771
1311
607
136
1492
813
410
951
379
840
1033
396
768
181
1595
481
157
163
972
746
541
882
974
1360
868
451
347
409
1467
433
518
745
925
1063
984
1603
304
140
711
510
363
926
1398
728
838
513
896
1060
538
558
251
768
593
817
1486
1479
35
178
558
1331
1564
268
723
850
1484
513
61
680
1704
924
20
900
1235
98
941
322
861
763
1874
486
761
662
1706
600
1068
762
84
210
577
380
1069
424
677
110
563
1603
903
560
289
812
963
667
621
610
646
548
58
754
1365
1
445
627
1360
791
863
1335
1776
851
213
666
834
1475
336
59
891
533
334
1488
968
902
940
101
760
1829
74
721
1733
534
521
1042
910
841
943
175
690
266
596
1052
1813
260
50
559
1057
1273
589
1876
1360
120
786
1699
1895
791
147
1525
1200
494
1287
1123
805
295
1263
483
883
1177
1509
458
739
507
69
304
192
1244
1312
1372
48
374
524
183
575
464
260
966
585
340
355
449
1140
683
1495
1579
856
116
1114
1107
1244
957
556
332
217
488
141
818
874
817
803
1329
734
769
333
437
61
79
494
114
907
649
288
923
212
905
644
876
1173
319
320
1019
443
814
570
965
647
664
765
291
1041
397
888
1105
709
894
925
478
410
1635
278
137
673
790
297
304
1783
1053
768
498
795
964
915
713
307
196
333
1126
379
441
1278
118
234
590
703
178
384
553
1262
603
891
392
843
1027
668
870
1594
548
667
26
785
1175
3
27
331
985
391
199
847
539
609
687
1223
906
1689
933
850
270
943
888
877
160
229
516
354
371
409
762
1524
911
924
1291
1352
1399
1102
910
436
1846
1455
998
1529
1154
241
1238
650
1064
632
797
759
1544
302
1193
644
817
737
236
79
1124
962
569
550
1199
552
411
660
1467
1766
946
1381
1062
1079
767
632
276
1712
91
687
503
900
897
249
426
206
675
928
943
1177
1169
601
1180
1109
13
432
504
1309
1497
295
761
166
369
441
1437
341
129
987
137
1730
249
786
987
1256
817
331
1609
148
1093
246
866
576
1185
435
1284
976
615
1188
939
293
445
1888
1104
0
628
864
1623
292
1327
107
620
1419
566
674
673
1476
408
1156
124
300
839
710
179
1202
339
731
700
412
1911
289
657
657
271
1015
286
861
813
308
1314
259
860
805
22
31
535
865
576
81
768
479
396
6
896
1299
1214
799
974
176
1205
864
45
365
405
81
938
322
363
581
1060
599
1338
882
283
169
326
575
92
811
609
781
1051
1439
622
816
769
460
330
477
707
0
21
918
873
129
86
394
782
334
413
879
610
1616
1431
1655
268
1034
989
1132
44
852
1475
1902
734
1019
361
313
291
740
828
951
1417
156
290
1366
1457
1126
997
847
453
787
870
1370
1361
61
846
174
993
607
1634
651
939
165
1507
414
915
568
1196
237
363
657
877
1430
930
895
825
805
976
1789
1031
434
1840
277
31
161
672
679
681
1898
1115
1370
81
760
715
557
1262
609
1250
607
1505
748
1396
939
226
906
1113
958
899
575
624
973
409
306
977
901
902
1201
141
204
8
1336
1662
470
126
569
543
268
871
397
959
1703
930
228
1638
805
629
482
928
176
994
998
468
839
416
339
1480
283
1429
742
526
660
695
324
1460
1076
1047
884
604
4
170
786
794
1819
925
536
830
715
682
83
56
1056
497
709
503
548
890
1882
1110
1867
96
322
877
1405
841
780
1891
748
565
470
135
207
138
134
833
646
1077
1084
898
91
1237
452
185
1565
559
723
933
1338
666
26
1213
717
729
272
421
1255
430
838
1010
913
255
844
1316
100
325
1273
1513
169
805
738
1493
879
708
980
658
1090
753
544
242
700
406
339
1415
841
398
1525
342
900
769
867
877
1224
166
799
1560
1205
604
1802
475
485
503
365
450
1124
1209
473
124
889
1712
1299
880
640
77
531
1831
1251
687
851
791
93
734
651
1121
845
632
1388
898
851
570
1000
570
632
410
1309
1098
516
1008
870
867
331
1205
569
1712
1734
401
39
865
593
750
1573
611
664
852
1227
408
566
707
1745
1655
1318
453
46
702
1731
734
697
657
1642
867
1070
704
567
455
823
526
639
693
904
88
795
772
1065
584
711
261
1137
715
