437
136
15
202
259
334
151
64
534
178
628
208
341
527
185
398
226
672
114
259
317
329
424
98
545
301
753
675
141
398
340
603
566
272
428
380
133
732
6
25
167
171
232
193
607
357
543
325
165
19
78
431
392
552
100
336
182
111
83
376
557
160
490
257
57
515
432
524
410
623
195
420
315
295
311
156
276
388
422
377
134
723
691
367
47
209
305
65
353
96
547
47
752
684
9
584
494
352
171
142
206
357
225
203
251
621
224
298
447
100
146
425
252
44
349
171
255
397
81
457
182
327
24
411
597
56
228
141
213
321
360
495
444
459
627
256
310
89
263
245
344
561
215
171
48
132
151
448
454
446
50
264
174
331
370
144
306
58
221
518
209
145
334
110
425
500
12
321
393
511
410
190
657
344
737
122
172
584
32
59
375
2
386
507
348
346
650
342
244
190
250
309
201
124
183
574
514
268
422
310
184
205
396
103
294
343
167
510
244
643
468
396
325
497
541
227
249
40
475
25
403
134
41
211
584
264
381
309
152
353
494
661
22
259
613
146
502
510
590
55
685
394
121
310
304
251
762
304
220
514
550
300
288
51
107
431
163
198
345
359
466
67
222
83
220
111
334
233
194
61
398
414
714
175
250
393
20
584
351
544
378
293
330
183
398
222
395
228
64
456
98
306
310
262
334
730
164
74
219
471
241
391
413
484
57
232
661
44
558
89
380
550
337
5
10
531
79
100
344
169
392
398
403
700
254
425
95
361
105
51
545
335
409
438
468
162
583
295
347
206
282
685
443
483
86
344
158
220
648
418
13
99
208
111
340
16
308
569
26
164
93
387
573
114
75
540
68
341
458
464
383
346
182
601
203
723
196
521
243
304
391
405
247
271
448
363
188
44
297
141
433
346
473
198
237
337
443
486
257
16
317
429
97
277
66
754
332
181
51
255
127
454
99
41
341
308
246
228
254
217
291
239
95
121
146
636
375
252
496
134
662
95
20
257
135
338
239
346
322
17
433
140
95
68
186
695
245
174
415
392
503
341
120
415
365
371
276
514
458
376
134
401
327
54
219
129
439
266
667
114
271
252
368
52
515
379
325
64
100
397
202
506
291
464
286
155
421
414
72
84
382
156
260
365
67
335
231
69
218
349
417
452
325
410
355
339
193
269
399
128
451
580
511
259
14
50
94
626
342
309
509
649
362
43
555
92
436
95
219
312
487
95
331
180
302
86
443
640
186
52
388
460
233
359
569
336
181
385
773
84
600
736
121
21
260
635
263
128
371
77
515
293
395
391
577
442
176
278
96
439
497
84
509
390
53
