443
327
562
217
673
209
273
0
764
106
102
507
480
201
430
697
584
468
95
192
482
80
574
487
640
802
136
499
250
264
720
203
180
31
271
378
81
772
295
420
237
486
537
458
330
834
359
635
747
840
377
339
679
272
216
713
22
154
2
467
288
380
551
80
691
365
366
592
432
160
495
305
267
212
205
885
75
179
229
343
96
297
485
157
339
491
170
163
252
500
270
231
621
702
590
498
109
798
262
385
404
469
393
682
164
320
348
232
492
313
243
120
436
581
579
331
136
216
691
79
531
356
564
157
17
371
720
88
528
444
72
269
839
93
541
689
412
425
492
561
212
511
808
163
205
668
242
752
183
406
471
644
163
242
194
67
692
453
680
670
985
341
560
251
49
182
592
882
629
307
5
435
803
873
119
815
188
490
454
801
423
231
161
434
251
487
599
135
63
45
481
271
427
37
413
501
90
896
423
118
594
377
656
426
607
299
486
493
296
702
129
536
491
259
516
231
887
318
22
516
368
394
368
451
152
548
512
475
427
356
748
690
466
378
612
934
63
408
516
401
620
262
506
484
340
519
646
177
420
612
662
385
292
102
187
178
213
35
339
776
328
319
335
15
806
486
252
497
519
318
605
34
474
415
241
621
729
420
176
216
624
510
403
453
418
228
308
374
100
252
