774
1362
39
493
531
1473
766
457
760
594
635
241
497
421
163
315
886
1759
1079
934
970
1640
1161
1230
1053
1558
1510
574
1228
97
710
574
977
366
478
735
462
1297
527
1206
838
1122
897
676
1318
586
699
1620
478
338
894
618
796
819
667
578
1111
1573
827
782
650
170
1779
1350
883
334
1158
769
193
1135
969
1535
1500
1331
474
1382
909
151
394
477
349
1366
901
625
91
1072
456
703
810
1148
954
168
556
435
8
817
1080
616
1150
880
649
1341
119
577
854
957
429
1065
514
979
673
411
1008
975
928
497
1383
752
1027
836
454
1165
1028
714
375
974
412
527
350
212
341
602
723
1629
1443
1350
1596
144
858
317
722
1293
1198
571
50
988
948
571
1294
1447
1425
826
872
992
390
407
286
1082
711
753
1468
1354
423
1169
983
394
810
1108
458
894
1232
1239
1180
828
836
1038
356
402
1153
1176
1128
498
814
427
240
1197
522
56
915
665
239
526
348
876
281
378
727
772
166
895
752
856
700
725
721
289
266
54
1881
755
101
451
391
327
335
920
907
493
944
1059
988
1149
1084
226
709
1381
382
666
884
49
1360
378
332
403
1470
787
36
871
740
1015
1016
224
669
137
36
399
951
1631
1349
390
413
626
262
790
734
334
228
912
867
620
244
933
273
688
638
88
482
645
90
18
814
997
789
1324
564
1481
583
539
727
475
728
24
1109
1862
1201
744
787
676
647
224
712
709
1007
619
239
548
1235
511
957
957
651
480
21
681
1165
740
454
1507
1247
662
258
113
1051
327
527
461
635
173
138
801
625
184
838
1616
705
214
1462
627
461
30
801
916
702
1187
847
226
176
817
8
851
990
587
239
1397
206
933
835
56
848
1643
1070
886
983
325
1304
47
368
350
691
1444
1034
538
298
704
474
1424
670
638
1237
805
27
795
1395
872
317
659
534
326
697
60
960
850
889
1301
691
585
274
928
1253
884
363
432
1124
1494
45
855
423
492
97
108
1425
382
1610
556
1527
412
974
682
999
944
1338
112
902
776
436
334
672
569
623
203
994
1213
283
1132
851
981
322
492
928
691
106
2
52
41
276
573
729
498
401
534
1149
1550
757
745
1269
1177
1370
992
39
235
38
694
455
1602
856
619
251
1228
309
4
780
189
1104
1089
468
1329
583
999
663
857
372
1129
1009
928
512
63
1290
749
714
679
778
624
1324
550
701
225
774
385
183
893
599
691
1160
650
1378
875
282
352
533
712
290
178
1533
512
837
431
1624
986
1038
713
66
100
799
637
583
922
1092
361
837
634
38
294
783
734
445
1497
989
1619
1135
446
971
51
881
1167
227
1372
990
977
407
627
1601
103
1541
661
433
535
230
590
366
1031
440
1872
591
129
1444
961
664
691
354
946
629
1287
587
576
398
1105
1396
986
1727
725
469
1017
845
932
893
512
118
579
89
316
1274
403
279
646
1367
607
785
693
617
824
1152
526
833
262
618
974
509
999
1062
697
100
1673
486
266
63
1437
423
70
833
1170
736
414
612
1373
259
1214
798
391
1797
635
418
718
868
672
375
904
789
530
540
1361
610
1188
865
702
1045
1034
3
1233
1583
589
537
1039
405
411
731
685
1453
1071
1022
1065
567
388
1340
451
115
793
57
784
100
1284
294
1327
878
522
349
469
893
1207
1432
882
228
325
270
975
1164
515
1168
1479
120
687
688
246
1082
827
708
820
673
361
468
673
833
900
740
855
386
1665
225
561
1699
774
102
475
1241
1037
814
141
264
730
878
856
1381
1241
301
653
1332
691
116
140
147
1120
608
952
477
1569
1481
56
30
1233
697
332
563
951
205
1274
1382
965
929
1377
878
1666
1680
540
1900
966
570
1603
81
186
1591
1923
394
314
37
768
889
352
62
1135
824
686
951
569
307
1716
1527
114
1617
299
922
446
760
624
61
422
339
370
1279
686
286
353
1654
969
316
1034
1318
934
712
724
1032
1564
304
546
272
344
525
972
1412
711
60
5
988
513
301
1237
1087
295
142
154
889
715
1094
1017
289
1548
37
762
361
318
582
386
174
161
1205
1372
876
51
623
521
621
786
536
1534
386
214
1428
1700
892
1568
485
1232
1169
1196
1261
723
1071
1119
291
938
464
772
393
178
965
611
141
872
233
788
839
352
1394
1127
1026
718
212
1051
1407
135
1714
954
1079
801
203
30
1045
228
1150
725
814
307
936
707
1163
1544
1154
214
803
769
78
1150
996
376
55
933
582
208
794
368
417
955
765
519
506
1203
1224
12
782
1701
140
935
13
176
789
832
111
589
686
1154
390
1740
231
237
1566
704
898
795
464
636
243
1218
385
887
1042
1026
431
906
1368
151
883
556
1574
868
895
968
1205
165
1361
91
964
1036
631
485
885
1287
1004
283
747
1496
1606
586
887
900
1559
691
732
236
853
817
46
834
1655
1130
938
925
882
1480
868
165
121
187
352
541
9
691
428
1020
1311
316
775
52
256
807
1385
980
1444
45
639
880
788
258
