645
755
668
972
609
759
349
1215
244
1281
545
1159
790
624
968
605
726
408
823
591
9
1021
1270
566
529
421
1360
1584
804
1033
563
263
609
661
175
64
413
639
1121
255
4
555
1276
742
994
893
1762
680
1506
820
1355
371
1069
1102
722
183
573
718
793
386
175
1203
814
1536
333
689
536
262
926
394
1195
902
879
1053
142
746
1245
606
1652
764
1426
777
1262
1356
616
1445
722
854
747
159
22
668
324
1134
1240
1329
436
661
1056
1108
780
1398
795
767
1695
1028
88
401
996
1345
403
50
171
382
836
759
589
726
296
1439
1113
1243
1323
637
290
1404
1887
204
876
603
531
67
987
503
1062
313
921
597
1371
470
229
1146
829
947
131
581
362
624
764
1346
721
987
982
1091
736
583
1426
164
308
1286
475
1188
1093
1569
557
65
1512
935
332
661
291
608
1159
512
862
11
975
1317
1100
304
1337
1315
1536
492
346
573
763
1243
390
821
727
876
514
403
309
116
45
932
573
1075
274
943
436
177
940
588
42
1105
543
547
813
836
297
111
661
805
1081
658
992
646
980
1103
119
1054
1224
987
1171
1218
443
573
938
1631
348
585
1281
1303
964
1129
1433
521
631
647
960
364
1097
1228
656
453
1053
532
57
702
1463
817
621
532
423
509
687
834
750
339
1349
437
546
1189
1066
826
574
1345
40
1825
180
1034
1511
242
612
99
990
1200
991
958
1217
299
850
847
843
1135
337
917
656
46
643
520
224
770
1024
1615
562
179
1740
659
698
1346
873
1063
516
981
1249
463
566
194
1242
566
1442
859
114
154
808
305
291
388
1594
829
415
43
214
896
722
897
622
1886
583
515
891
436
1147
777
1004
938
289
1227
483
71
122
1068
874
715
990
605
403
788
1139
821
1599
833
585
960
534
940
1452
1404
14
1833
559
599
812
1368
908
608
444
256
424
328
814
967
875
944
1657
536
1420
122
800
999
693
1254
222
1141
280
1839
355
983
959
910
832
1811
138
671
190
689
614
779
1919
40
60
669
429
1271
562
780
265
140
490
1223
628
569
958
954
51
477
526
533
1662
1109
754
97
558
371
1646
912
1117
921
1841
1629
797
513
917
276
1184
913
1878
803
627
1495
1137
1263
870
280
283
737
687
533
886
1872
1134
139
100
736
773
568
951
967
627
384
519
769
634
276
28
774
618
1389
782
785
970
882
290
860
785
96
389
716
1324
951
574
463
278
562
660
823
717
276
545
688
1108
691
662
203
1708
891
358
162
1425
557
154
999
1015
960
1299
203
695
472
525
844
1562
72
938
1120
592
190
212
229
1300
469
939
902
412
118
976
9
488
1323
1378
981
1083
821
873
1016
1433
1205
880
935
1375
480
40
256
344
1454
616
227
453
1083
344
907
1490
869
860
959
974
1492
49
638
359
112
481
939
1601
1852
916
1073
1428
580
40
470
327
179
931
1531
1515
827
1253
1134
29
762
882
639
1334
538
806
862
1479
920
177
121
747
1383
155
1124
86
29
230
207
1669
991
518
805
446
270
1432
797
831
622
1042
508
1512
662
1068
603
666
1402
897
807
1117
423
975
439
559
519
147
791
652
552
63
908
1168
723
117
914
510
126
1746
555
1119
760
861
1151
172
880
12
595
415
545
848
396
442
189
866
110
506
8
97
406
1081
65
707
672
1414
1087
987
1454
734
889
693
920
602
447
1706
796
816
1820
733
579
998
120
478
932
540
129
723
1211
890
109
394
298
711
39
318
1328
824
407
797
472
854
1103
513
1367
1406
1092
957
767
621
734
889
17
30
899
294
586
985
662
1508
858
1415
1241
1245
1016
1145
240
982
792
331
1195
566
151
394
1035
948
15
692
609
716
108
710
1010
911
1472
1800
287
1335
510
562
883
943
971
1091
879
32
782
1190
80
1020
536
448
100
644
1342
529
601
778
1766
817
271
1451
249
278
1290
1344
513
749
568
5
49
1300
611
669
851
969
1494
725
832
1320
262
1249
726
730
766
1325
310
749
1108
749
1038
481
399
1466
716
1701
1166
705
973
1154
804
725
703
422
1245
433
1098
923
1335
474
424
6
1161
183
733
11
1375
704
996
969
672
302
982
968
193
987
813
414
1223
301
455
733
1362
1214
144
654
785
416
855
349
841
609
114
397
652
540
533
503
1334
1055
888
953
706
406
58
82
778
307
711
1723
1227
786
661
422
297
375
1527
387
1413
657
849
123
1809
779
1002
1237
509
437
1318
169
19
997
1524
859
152
281
604
1276
96
1476
524
802
1334
507
577
959
682
882
525
826
399
1774
1392
778
178
1057
479
728
163
962
520
827
1230
389
80
347
413
1286
1563
1190
697
794
651
514
1618
257
1223
319
51
153
198
806
1342
145
793
210
443
574
83
299
1558
657
124
679
580
1272
1505
1266
746
1666
1250
604
1307
960
1286
99
1266
516
122
121
161
655
892
1341
57
1148
275
1544
725
824
249
619
1230
393
857
618
970
191
170
866
853
672
1321
660
943
1364
793
1327
691
