280
811
272
47
710
1141
963
744
481
157
135
45
15
341
813
40
1711
1640
512
224
443
847
337
683
1237
337
841
1226
1258
549
798
182
311
316
985
1203
1964
352
335
408
615
44
100
1302
314
597
1133
721
806
1616
721
1003
884
1128
159
543
1580
371
690
582
817
841
3
1019
33
835
467
1191
139
552
552
1614
3
996
101
460
1158
302
550
1732
856
746
202
966
132
585
450
845
130
1466
1552
470
415
1010
671
698
938
661
1684
1553
24
722
843
989
67
1012
963
954
328
1057
592
974
1382
1060
261
1107
691
882
158
1442
147
613
864
142
1376
306
1203
713
523
327
757
741
497
591
1265
1418
771
728
187
555
132
1022
510
961
1435
1773
76
621
710
819
262
949
707
1353
82
128
683
1487
997
1341
629
283
1333
987
48
740
131
1340
842
1106
841
460
550
291
278
749
1270
1196
585
1647
872
1056
1170
339
404
269
800
563
529
482
885
803
997
308
385
258
516
118
1153
881
910
1590
879
1520
512
637
386
795
355
813
520
1641
962
1078
454
1573
1317
650
1762
1387
206
861
1331
535
1538
998
613
1383
635
1207
660
173
397
1116
1113
486
334
1392
810
78
1946
493
293
656
1504
893
255
489
686
1090
523
988
527
93
113
493
592
544
772
474
1271
1109
683
1039
917
245
1623
431
1479
507
610
113
1188
677
687
399
651
1064
279
680
202
762
447
687
1777
945
678
988
1007
1260
994
397
371
891
990
855
306
432
1766
867
579
307
946
719
302
486
307
599
1190
1475
342
931
667
336
1029
584
929
947
1011
933
189
851
583
1045
1198
743
705
1469
773
1038
754
1081
201
606
795
16
993
249
1461
722
911
23
1008
367
202
1191
1046
1477
1197
580
231
992
507
881
1219
384
883
605
832
1212
554
1364
1252
1038
570
555
1549
914
763
1262
1441
354
236
241
537
787
523
440
395
201
230
814
396
926
427
1227
440
203
122
1112
400
469
49
748
988
696
214
752
730
1647
176
398
124
37
754
551
402
382
340
553
943
802
200
511
163
629
638
453
1711
568
369
1130
1120
627
1184
1088
441
470
377
427
887
1190
386
491
141
495
388
48
691
787
175
337
244
998
158
832
994
517
296
450
707
155
360
1271
348
579
262
525
796
734
770
1095
1667
943
975
593
995
527
768
1160
294
235
955
404
524
557
1201
187
593
960
924
1098
710
878
764
61
583
1378
1672
164
570
252
1059
1281
287
1187
380
361
783
140
393
956
1323
662
341
544
878
651
74
44
1156
520
942
502
978
779
873
511
1326
201
738
834
1269
1245
627
915
426
1542
1242
1091
22
104
733
1602
888
587
284
780
1546
1088
458
1001
697
1456
283
496
918
382
1292
418
381
960
320
1836
532
72
376
755
652
1061
506
817
1672
358
1000
815
1764
599
829
632
1090
1475
803
316
203
41
279
545
1142
1124
247
716
105
1304
194
449
437
885
228
1362
247
1138
1075
540
930
394
442
377
878
934
1863
1651
865
1338
866
787
360
563
834
173
899
317
1212
1034
844
289
1411
1178
1065
156
303
305
919
897
977
974
1210
536
1264
1378
522
935
1067
848
803
631
148
463
147
1253
1755
1006
884
1630
648
801
750
998
307
429
236
734
993
666
831
1144
584
1065
915
122
492
572
645
669
813
1533
784
988
774
151
1122
667
624
490
791
496
1183
542
226
1196
458
252
1224
462
526
1335
415
570
982
780
822
1033
884
731
285
321
577
682
432
278
331
835
63
984
1176
380
1388
606
1217
867
52
1198
1526
1329
770
1207
416
1089
631
1725
554
935
231
803
408
305
1282
1730
1264
1245
231
669
401
273
850
85
735
840
752
918
556
1212
204
1007
511
78
906
768
385
654
635
796
981
75
453
721
693
649
989
1447
869
320
1041
60
44
846
417
378
1542
1059
344
457
176
54
1393
578
807
690
593
744
1426
129
333
969
360
601
1653
1342
364
412
935
575
1598
270
781
463
985
554
702
879
813
759
352
783
146
1703
1007
3
788
970
233
470
1229
168
529
706
1103
208
81
595
496
9
228
451
948
1111
1786
910
269
372
442
969
21
383
932
1197
1119
558
713
721
255
1039
957
168
1271
463
505
845
52
430
745
736
971
1394
772
313
1088
617
845
208
542
906
411
495
766
1723
652
1554
937
562
888
593
1581
631
754
653
348
1018
767
967
358
694
963
370
199
517
767
318
980
1834
1103
1556
239
784
635
220
663
891
669
1276
991
778
904
1129
832
33
312
591
616
577
972
803
943
653
242
56
83
213
976
848
973
1710
993
1369
669
1140
750
667
195
744
1081
814
466
578
812
1089
859
837
395
926
489
1113
834
1135
598
796
505
407
775
74
757
704
749
252
947
327
1866
1333
561
80
287
288
1036
575
1286
689
265
800
918
674
998
1081
1419
548
681
719
967
14
841
884
658
732
1392
1559
15
158
925
1361
1194
212
1700
1286
423
1242
546
949
90
235
569
277
