402
636
30
482
538
55
869
699
663
449
42
922
998
656
497
729
578
324
445
12
1007
256
203
757
348
143
1168
81
420
696
249
1053
277
113
488
472
821
477
339
344
90
474
316
1012
340
956
143
51
1127
579
851
343
1113
254
544
702
574
341
303
1098
357
186
672
888
789
1068
782
121
528
383
519
480
257
285
286
868
275
566
1106
339
649
826
135
1099
1243
726
633
532
222
724
54
255
503
196
779
397
413
325
514
547
292
515
913
686
488
1177
961
302
389
906
599
890
495
316
813
410
644
367
115
105
257
647
425
564
444
754
88
373
816
933
673
0
1148
23
618
513
802
557
199
1230
1354
329
845
762
300
638
434
484
140
801
1188
445
841
505
381
1373
821
211
598
331
573
1136
863
734
612
314
516
512
1260
1006
504
746
918
73
177
513
47
218
592
414
1345
3
412
591
562
696
956
487
402
1059
695
39
726
546
922
637
678
487
468
148
3
382
428
63
1125
1035
47
1149
1364
1182
81
444
586
528
169
206
10
874
253
415
491
885
667
1232
247
229
774
447
224
775
306
927
158
299
803
404
1109
755
159
942
262
694
427
1020
782
168
133
570
1155
466
368
700
543
1077
419
775
954
395
161
1244
328
1081
317
5
301
630
556
253
931
580
914
871
148
522
616
533
826
1224
1065
823
304
164
364
507
559
645
255
102
138
921
404
230
149
657
730
718
640
83
415
776
1352
546
2
775
568
639
40
650
242
197
131
195
654
633
1062
146
781
529
849
426
720
172
91
809
193
576
485
798
94
570
207
1110
375
1050
54
714
319
646
1046
381
614
647
147
857
553
1113
76
495
480
588
19
199
354
734
181
292
655
766
731
756
78
574
728
233
684
601
159
661
888
207
751
619
391
914
217
705
166
554
380
970
483
130
937
1031
752
1419
723
824
70
467
669
846
270
234
470
564
972
1174
843
766
633
144
374
222
863
804
795
320
255
598
596
741
1004
675
1033
254
439
1281
122
34
886
1055
579
539
750
343
218
12
149
904
755
1271
45
893
824
25
493
82
714
327
887
179
1038
707
139
125
287
1098
1077
593
1299
83
175
678
177
440
519
81
864
526
288
1110
137
383
573
449
133
476
624
288
526
1056
810
52
996
340
727
358
535
1138
400
1090
739
1189
593
38
290
360
269
180
313
18
282
487
514
738
431
648
379
1394
547
607
246
206
1235
422
521
17
1089
574
556
1149
403
452
399
484
904
474
101
132
273
707
781
972
440
118
347
69
1047
605
787
158
689
659
305
174
232
764
374
