514
745
573
593
1298
622
720
261
463
318
818
382
1113
87
1049
328
645
540
666
769
1004
442
644
1015
658
1403
346
427
329
334
78
910
1183
520
47
502
579
213
419
748
515
474
78
1130
858
735
564
408
1172
512
675
362
666
1
479
8
103
383
1286
453
275
225
592
311
397
627
672
1193
607
303
705
599
533
115
323
419
587
280
415
280
517
35
1109
1116
865
665
752
489
808
664
308
1163
785
1130
39
1171
1057
628
330
173
580
706
868
1299
361
405
621
595
912
208
633
754
930
546
372
176
1227
433
424
528
461
733
676
447
258
1465
494
1367
938
180
92
539
536
239
673
1039
283
570
687
1117
1021
422
884
128
446
246
336
414
494
261
721
473
209
345
46
513
313
581
446
585
172
641
362
163
1422
1035
343
201
673
505
754
445
470
405
419
728
682
667
568
642
457
297
952
506
530
686
356
100
794
130
710
489
805
310
363
600
843
209
569
744
226
1160
11
536
650
628
224
493
620
424
581
1355
19
255
653
170
809
1151
1282
806
255
1301
198
1212
208
630
396
192
486
388
773
1045
1018
595
811
445
562
981
715
541
914
1219
750
426
19
0
384
775
172
48
684
194
962
986
496
1086
668
573
144
1099
472
972
409
553
149
200
455
690
601
655
829
1190
298
1216
859
890
1276
600
313
233
984
242
346
506
508
712
591
1293
670
812
417
543
777
198
588
256
350
581
727
883
186
764
476
115
276
275
166
326
1032
1058
1423
324
1118
1418
862
862
294
224
748
208
518
764
78
903
608
981
159
148
1081
460
603
1032
579
80
911
921
508
291
479
772
516
227
475
474
243
422
708
635
491
16
49
257
953
215
630
307
398
493
875
992
429
1385
836
26
543
888
343
562
1136
1017
1002
580
306
557
1349
711
1117
25
709
1066
436
682
667
526
611
9
455
263
147
921
537
367
1429
57
952
237
499
400
331
485
495
294
139
913
229
486
86
948
523
22
130
443
180
549
745
778
404
256
617
706
706
270
971
550
1105
1070
23
576
1162
828
977
311
1075
606
625
722
294
631
512
653
426
886
544
343
642
307
788
0
575
174
606
518
672
873
1205
1087
1183
506
1162
1363
172
1270
755
228
170
503
467
620
930
301
791
70
166
488
687
618
507
203
1422
709
708
436
29
218
771
1150
1029
556
379
461
738
63
469
84
948
686
600
176
114
387
445
475
1450
269
649
521
771
550
620
410
382
282
323
1481
607
446
323
1158
712
87
1264
627
260
775
665
244
451
419
129
92
443
211
285
520
832
1207
713
1033
422
707
571
182
729
396
531
624
709
462
368
378
311
770
588
168
285
783
613
393
194
959
432
643
833
54
894
1003
1094
140
362
765
713
156
136
506
547
44
654
840
698
226
862
318
703
96
240
541
305
728
382
750
387
780
635
294
164
37
199
20
183
729
1284
593
618
511
683
525
522
128
628
1113
717
693
745
1388
40
437
971
665
838
397
88
704
648
634
625
914
742
574
93
99
222
3
36
119
1160
808
497
609
539
635
454
327
708
63
476
113
718
418
515
943
454
677
591
103
1044
1109
399
136
722
213
399
395
1004
575
723
768
267
909
171
106
56
675
506
387
257
628
1361
713
203
523
199
1489
865
14
584
411
87
537
725
248
596
653
1428
631
797
763
623
828
687
1070
343
596
808
141
862
697
481
652
614
474
977
785
502
541
27
755
601
500
389
857
330
804
907
211
878
656
257
2
764
259
242
320
518
69
734
682
531
1159
1283
563
491
228
278
663
499
1012
810
112
47
161
44
925
920
425
852
283
615
542
125
925
636
195
1405
1251
132
370
234
159
121
1268
401
643
455
148
712
369
595
1206
336
79
451
430
458
204
1274
1157
1206
349
603
96
6
731
53
774
689
622
1055
456
853
605
277
301
729
483
411
471
552
384
320
341
764
304
353
1141
1289
624
346
794
493
301
1318
322
472
249
276
462
440
491
