1089
278
1002
813
420
1197
883
324
430
650
496
1102
1241
782
981
809
598
1395
716
1435
838
343
1732
774
418
827
253
1231
954
133
466
91
983
818
773
663
806
402
224
71
623
1069
1471
197
756
568
1101
1254
320
1141
458
217
78
559
560
1180
399
7
921
690
672
247
1951
1303
519
788
48
385
360
983
852
33
657
998
431
406
612
644
1330
991
1332
1629
337
1183
482
30
593
776
790
200
13
1105
33
158
1084
1477
597
127
724
741
1158
1389
472
895
1435
303
432
778
1116
948
560
465
949
457
1052
969
1647
128
785
564
873
45
968
321
299
1512
547
876
525
969
416
711
543
324
752
243
757
260
766
1203
960
1052
1090
814
657
321
931
1306
712
295
840
1010
307
830
357
743
1403
776
76
459
1712
541
382
950
876
845
962
1593
658
927
741
1329
315
1354
711
1438
571
1028
825
1516
1261
212
117
910
353
965
419
356
856
523
992
1285
1115
800
361
969
118
207
212
489
814
1174
1027
582
626
1155
710
1089
84
702
1345
284
983
737
250
429
836
599
382
564
1319
622
632
853
1074
949
349
437
973
220
425
1162
1457
551
312
599
702
619
631
617
521
799
647
179
1657
843
472
30
1571
984
1326
832
420
837
604
1778
422
1376
1801
1485
884
477
444
1411
598
1786
1281
1520
1728
1756
614
437
812
972
635
983
702
687
704
1529
756
15
823
677
1248
465
137
863
605
295
1424
13
629
884
992
268
322
836
1069
873
121
1683
450
534
141
1574
442
1287
1182
479
816
791
1546
1113
168
1048
1635
710
305
769
785
253
1507
485
1187
1139
265
764
388
1401
1735
918
111
305
220
826
394
558
546
926
277
958
458
243
1170
539
1515
803
682
794
345
755
906
608
782
1305
56
334
150
699
1151
1056
442
452
1071
388
200
432
976
784
496
1378
218
960
1267
1191
431
463
1851
512
323
170
988
694
670
631
1336
1353
1164
1229
719
781
714
253
769
1239
1217
930
181
995
968
819
795
1284
1489
401
1181
800
374
291
565
592
1019
196
30
839
77
231
754
1089
1044
938
505
1037
527
381
957
534
1371
623
432
654
1361
1607
840
804
417
362
1365
875
708
874
984
1115
192
1092
966
473
1179
637
632
592
977
485
9
607
328
607
515
498
588
915
639
772
379
12
581
239
773
1383
1787
426
800
1789
1071
1460
920
1089
880
1350
865
308
624
207
1578
422
892
1405
1339
1160
279
354
619
424
1354
498
646
655
968
1504
1024
810
493
1155
682
761
1077
436
1252
1413
931
537
1470
560
1101
1016
223
732
1179
264
1277
353
342
1262
1105
574
1037
917
626
1404
743
1082
1296
835
1938
803
258
592
773
972
212
704
524
1383
1564
82
897
55
800
357
959
284
98
486
1492
748
546
828
531
684
692
423
1046
601
533
857
663
423
13
1107
1060
769
1749
95
296
179
964
196
568
194
436
448
421
983
1346
372
443
12
88
311
289
333
973
775
555
342
692
901
1183
1419
18
1009
83
635
965
590
192
1724
97
952
929
1103
1381
291
762
1371
897
629
880
595
1242
1289
423
1102
794
506
389
763
923
739
710
369
1118
375
996
779
485
806
927
571
428
697
645
1364
316
366
347
647
573
723
1595
762
1290
522
581
741
1235
252
995
291
1683
296
998
938
2
52
227
370
1495
520
925
729
1594
1020
524
593
897
581
87
562
234
717
957
1438
291
660
879
405
537
609
63
787
778
155
253
242
355
937
480
708
766
1009
1328
1290
243
672
362
719
1062
106
600
840
950
1042
1148
708
379
940
1398
765
1642
1115
1532
95
388
998
1008
411
754
687
940
1281
477
215
867
708
929
415
2
445
293
986
979
1289
24
115
483
207
26
879
1356
1102
38
9
88
620
1336
566
891
11
921
906
984
936
1033
264
1260
946
274
1156
882
620
691
1053
71
926
241
304
167
472
1569
839
175
193
1298
1311
937
729
693
622
329
615
365
997
328
872
591
1423
474
407
1051
688
704
895
273
779
158
1294
1210
895
962
914
692
134
353
1383
1406
1121
770
4
213
258
340
1209
987
1099
778
1729
214
787
886
946
516
737
512
466
1138
706
951
647
678
102
1546
967
833
1164
1254
306
723
144
31
769
544
650
413
809
431
948
841
1064
976
793
755
1275
829
326
1008
739
170
810
306
961
316
805
628
426
689
1184
620
1311
1049
994
231
163
986
367
771
1050
754
639
336
1645
140
212
575
951
690
690
287
560
893
716
1564
552
84
750
995
454
631
1639
1568
178
359
1354
1255
1063
773
481
932
936
504
52
758
803
651
1500
1511
662
172
455
580
794
759
83
325
433
1363
548
1158
1003
515
908
234
1077
1019
1644
927
680
762
1158
1445
610
232
642
521
1307
1056
139
961
1495
708
1329
504
1542
1312
693
983
871
880
1375
1034
802
1106
620
966
1638
42
579
818
861
1055
998
718
131
512
1379
959
822
399
974
428
451
873
540
645
138
216
387
1105
202
