115
477
443
56
1528
507
493
549
5
1573
609
867
534
683
40
853
339
9
832
914
588
993
719
1666
629
817
1184
1062
251
519
670
810
862
458
750
882
1284
551
588
1037
1130
1374
947
1046
404
883
30
1031
868
864
1496
665
214
1368
1553
1032
1866
1153
490
1058
1138
1535
199
155
627
1228
955
394
1215
956
1269
421
464
1166
1530
1161
1119
289
1454
325
599
847
834
1314
434
973
529
956
790
755
206
89
937
315
1681
804
988
485
659
279
363
516
179
407
252
676
1042
132
805
1221
565
615
809
383
1551
448
674
977
916
1363
1131
293
385
1003
1370
1078
241
348
523
797
605
1042
909
256
837
933
521
463
869
816
729
1718
426
620
407
210
489
277
661
447
1571
124
845
1036
666
1032
525
1540
984
444
1658
1189
1535
697
1426
1333
964
729
350
193
991
925
863
1110
675
1732
1144
643
284
328
1139
894
107
802
947
694
108
500
1190
1237
721
551
1882
161
997
1184
646
178
254
668
592
1372
540
2
503
139
387
990
1050
1318
411
519
439
1693
765
735
589
896
836
496
752
564
884
755
385
870
506
985
1864
501
101
899
88
424
1087
384
948
848
325
778
1422
420
794
255
832
465
829
957
515
1393
437
1433
973
658
604
61
1486
413
174
1629
551
31
868
929
442
1030
319
642
864
52
990
1019
966
84
87
955
154
455
822
1080
940
247
821
180
859
755
710
313
1227
830
782
1284
1204
811
762
914
733
220
1254
1055
911
52
119
398
802
1177
994
1378
92
417
195
660
949
338
1081
1587
769
664
314
1556
341
512
366
934
734
429
809
412
669
1462
1224
339
222
1436
1382
1097
615
457
693
846
898
494
1202
1129
1568
1225
1401
731
340
335
902
144
1093
1313
216
632
961
542
973
901
1445
1458
805
463
697
957
351
607
936
78
1072
1865
716
397
1606
1316
987
263
898
500
1121
825
1380
761
1192
89
1035
469
1294
764
1549
517
1278
1046
313
669
76
1634
962
672
274
1240
1132
313
845
391
832
1406
1146
1009
747
698
444
774
608
1764
841
981
543
993
1574
1463
275
1203
886
1454
184
506
334
45
355
141
1464
1793
824
176
642
542
434
480
845
486
203
318
634
96
253
927
363
384
574
40
469
1380
817
1756
512
914
904
689
618
1116
447
467
959
3
685
774
673
584
548
934
3
995
857
1188
708
545
346
15
769
944
1269
439
338
697
658
752
583
632
1540
960
558
455
138
24
1517
1430
646
889
7
281
1197
363
904
133
487
439
152
293
744
1703
1612
1321
1186
1027
712
6
507
972
1315
583
61
970
1202
470
834
1632
113
801
254
664
928
493
677
774
999
853
655
412
1437
1064
1023
804
1496
279
704
555
1297
96
740
1517
789
1162
1069
294
527
411
640
654
1677
961
993
1191
57
542
826
836
1005
864
870
219
761
712
461
686
1544
709
1022
1104
343
549
743
219
257
931
817
1
864
766
620
765
1147
1289
596
78
1229
1038
1213
369
616
634
988
630
695
494
201
1022
1661
714
1005
454
863
1361
1097
276
682
919
248
327
192
167
473
889
157
502
1303
821
404
503
434
999
1094
839
723
291
869
1302
538
858
843
46
740
179
252
824
1039
630
636
303
816
331
367
1410
116
463
631
895
916
1964
183
1292
365
840
457
656
712
1223
376
1143
375
1515
1711
290
645
576
342
682
428
577
426
517
1298
505
789
855
472
325
738
934
109
292
1534
659
688
1318
979
93
695
222
783
902
268
1131
1211
1226
490
424
611
1498
625
332
787
1175
603
745
1223
668
1204
746
515
1500
1221
426
1219
1329
1059
497
740
1729
180
1740
818
85
229
1601
845
393
82
995
616
612
1296
392
298
1016
367
873
542
965
481
1727
621
758
616
707
258
1235
516
411
346
308
480
1073
711
1204
222
619
1448
398
542
1424
840
814
1065
382
1037
650
1771
389
1495
407
556
623
667
696
542
892
224
1133
1288
284
1145
50
204
628
772
1782
352
1261
341
643
1098
1378
311
1131
789
976
339
1380
486
1338
96
1532
328
451
1160
359
232
823
1297
874
375
742
171
675
200
514
926
48
537
941
989
718
1388
589
54
699
1147
425
895
575
374
769
847
909
325
1341
668
972
1266
635
131
776
875
1194
135
312
951
1273
704
728
629
693
130
1423
636
1045
648
1188
107
144
905
19
750
1071
853
925
1660
494
162
783
807
918
948
872
959
889
202
525
496
747
598
1623
1081
871
1052
778
483
1463
604
619
1050
1375
639
1360
1324
1146
1080
938
288
1499
1532
344
857
1201
1440
211
1119
424
692
707
1070
494
1557
828
277
82
1076
1039
679
384
711
5
591
1569
665
1236
1106
1821
597
847
619
634
969
1085
545
1757
786
709
161
697
235
398
1571
1189
397
343
233
61
1143
900
617
119
1284
1075
1166
234
988
645
957
148
1330
251
261
1076
764
655
670
1
408
1217
612
534
472
555
388
179
534
1456
791
233
423
784
796
549
39
750
1415
1545
