814
883
837
429
106
443
147
401
659
784
614
209
112
1385
752
1854
863
952
394
1009
425
1123
667
86
591
206
1740
851
404
660
1260
1703
1002
50
790
594
457
1753
1173
1199
79
1025
922
1400
825
656
976
950
158
1387
504
32
229
951
853
544
1192
1465
1233
1836
730
1118
184
755
823
856
452
911
1180
194
942
976
439
402
450
460
751
780
685
957
1598
1649
716
320
292
1067
918
636
517
965
376
923
644
983
651
1225
778
253
782
235
588
727
400
262
1619
423
718
486
198
449
772
524
416
271
989
1011
1224
1491
1534
856
83
764
944
964
678
1046
1173
740
1808
1168
456
1639
1163
972
880
127
678
555
488
1403
539
929
819
514
855
626
463
797
1179
1882
845
1399
643
132
307
892
490
1238
811
879
102
696
228
1495
866
1517
494
837
1803
878
873
1192
246
761
102
498
1494
337
342
712
1227
1322
29
650
334
272
768
356
754
538
575
295
1624
863
175
962
589
790
615
861
1007
808
246
1211
849
1212
200
405
1379
428
1113
761
902
955
637
135
562
567
8
252
394
1385
519
1122
670
160
541
717
671
1087
60
668
47
885
711
308
608
691
930
793
863
735
664
785
922
1121
640
952
913
951
92
205
56
306
912
1428
973
542
1045
660
451
1374
1008
505
789
75
948
438
422
290
77
1771
1034
939
1013
796
693
150
1141
12
891
657
263
528
366
903
439
945
373
10
1417
1120
653
861
1363
895
1487
954
344
305
1608
459
1024
435
845
702
1680
567
1206
177
671
878
449
663
668
549
296
633
528
561
396
1375
534
1012
240
686
847
684
910
1210
318
398
1047
1268
1183
714
1414
208
155
767
212
1659
1150
480
649
550
265
831
1679
1013
366
1047
333
95
582
1012
940
890
515
874
460
243
995
467
680
365
559
1237
818
940
114
1047
977
651
1234
438
681
814
594
1693
211
391
1313
791
1488
1549
1101
393
652
746
469
1782
296
732
801
551
176
1074
243
99
475
972
981
571
1005
884
595
47
464
282
774
723
679
269
740
92
936
724
64
184
846
991
745
1140
589
533
501
314
685
508
931
1371
275
373
506
880
306
621
69
1062
404
1152
626
110
825
820
910
345
864
757
60
913
594
1119
345
717
432
1149
1261
650
753
1426
426
209
270
561
1404
524
387
990
806
123
275
212
684
701
1118
451
930
1476
1224
966
617
1625
194
1536
1063
1320
191
1180
703
443
645
813
390
822
128
447
352
731
856
846
839
197
1465
1069
674
1112
674
183
1005
172
446
860
556
682
368
991
319
979
1267
1142
361
611
575
639
582
995
1643
504
507
663
1224
911
1654
661
727
107
370
108
1919
934
298
341
856
349
413
756
191
682
561
206
827
1296
34
593
406
823
442
632
1031
1558
504
744
141
1186
397
756
997
770
1145
801
1449
683
1797
67
945
896
1264
1199
1366
211
881
945
1086
480
740
1534
999
398
525
103
1065
28
1828
982
1119
918
509
1256
12
1213
934
352
1527
457
1397
1227
696
275
985
1223
668
843
830
437
872
883
1282
1875
304
673
366
84
897
1400
970
1497
476
565
565
996
1372
711
1354
255
1003
321
663
311
715
158
93
972
1651
683
585
519
548
907
965
162
885
185
630
658
146
500
929
527
278
1011
1574
1481
332
749
357
345
1836
879
18
619
278
701
432
148
854
851
745
73
388
1143
362
758
764
1163
1166
570
255
1243
575
652
81
356
479
942
754
548
45
858
164
429
1413
752
1630
768
587
1196
862
1213
310
1752
1534
409
277
1900
1524
1219
1512
36
542
693
1093
939
537
259
313
102
1362
608
1024
1337
1647
418
594
1004
312
89
1836
17
923
555
1400
441
840
975
817
564
1657
1174
1625
785
409
768
719
489
429
786
524
1510
929
305
732
613
1130
1830
830
340
74
1294
1444
400
904
1284
1084
215
124
888
185
203
700
211
959
984
114
1088
37
588
320
1563
527
489
716
860
136
1060
407
753
521
389
165
28
58
161
113
1064
799
411
560
151
89
596
1193
697
1047
1016
1335
935
777
1357
290
665
1589
382
220
1179
55
860
511
925
996
526
1390
626
516
246
679
1113
1306
1253
1639
939
311
541
690
1444
850
981
217
811
1041
523
474
586
1670
353
830
922
911
96
203
196
237
164
1
522
264
803
519
968
1274
641
61
1262
999
228
515
683
831
1387
367
447
828
807
1405
26
521
1622
352
1251
691
166
835
1179
520
901
1156
127
890
1466
692
422
126
1518
515
779
1375
688
941
251
38
467
781
882
1571
964
49
448
67
1493
675
54
1051
948
209
406
358
964
1270
1589
746
543
371
346
1159
983
1147
878
950
759
618
503
729
1287
1578
1460
743
1244
1431
340
1655
187
561
453
1253
532
18
440
396
984
222
924
376
86
1098
1538
152
1159
392
1189
1369
103
160
1374
321
777
384
957
1286
941
1446
43
265
995
1520
653
1341
1688
895
156
391
143
13
992
469
255
683
248
506
374
