1250
525
641
160
279
1070
186
128
1245
70
248
106
111
638
1065
491
913
602
749
588
70
461
1145
473
676
577
574
745
51
85
35
986
292
577
714
481
492
689
327
259
9
731
641
13
148
301
7
696
542
854
95
519
737
657
24
732
918
97
65
537
779
1006
833
837
740
720
598
1306
859
839
208
74
387
1062
48
9
200
1243
959
340
385
18
1258
524
899
667
909
620
952
168
1081
337
711
512
485
447
796
1033
787
966
673
1004
624
515
609
917
93
691
607
579
620
787
336
178
412
797
421
495
840
920
1164
123
112
28
750
674
280
340
758
566
697
277
283
1313
415
927
1014
246
382
646
683
500
648
1376
630
220
1362
1169
537
681
461
555
81
362
626
1045
398
434
346
1027
508
629
2
610
725
897
458
354
6
751
698
947
541
235
583
625
164
490
292
782
282
554
737
867
747
49
447
78
347
171
849
881
266
928
1121
638
1200
63
199
250
438
829
183
1110
872
97
543
677
80
58
178
180
330
970
684
678
371
125
536
515
743
688
883
633
428
595
486
713
1069
858
1183
668
1040
276
976
1104
25
419
778
252
1236
85
168
443
726
837
630
1090
724
731
859
54
626
405
219
749
686
456
352
585
892
85
386
43
166
312
707
1062
92
77
930
399
240
437
1280
369
623
59
417
320
430
686
834
91
89
513
902
750
1243
1051
487
942
252
610
740
556
1190
619
69
332
78
282
666
536
777
1043
254
712
741
49
77
657
79
276
288
810
416
325
561
600
738
952
232
265
445
889
338
121
628
313
411
372
176
368
650
664
335
460
672
1095
78
410
233
174
608
230
713
178
1190
573
1159
30
275
703
516
72
453
930
645
649
821
1214
795
239
944
461
667
357
887
72
1199
813
170
567
359
734
344
1052
927
642
310
823
639
594
1237
348
35
177
595
2
596
155
1078
0
700
701
271
1082
116
467
411
497
208
443
324
584
223
263
661
858
996
616
292
187
52
244
94
930
1248
80
883
706
725
665
418
235
633
674
446
657
613
766
330
504
941
796
883
261
816
415
1233
727
1076
480
356
538
974
714
1243
584
710
771
495
224
1009
30
583
665
241
359
0
550
544
521
114
29
714
470
167
769
1078
826
730
274
507
650
423
582
845
903
864
577
458
468
402
854
117
623
213
693
126
1442
378
347
539
548
76
675
437
727
740
841
889
786
234
588
67
596
1363
403
606
809
704
483
606
449
325
666
645
1027
601
686
998
264
1240
627
647
466
805
784
510
461
901
1004
1065
1297
417
266
1037
1311
538
547
615
712
579
667
603
664
807
