1782
942
1563
1526
47
1019
574
1392
515
77
1784
130
1281
1762
795
813
1293
502
1391
730
759
518
1093
768
291
764
402
781
612
889
863
481
951
1000
434
731
991
216
700
769
1424
267
580
432
547
841
674
1086
108
1408
52
495
597
37
552
878
748
220
629
1008
93
143
548
776
911
1491
815
932
1333
556
270
799
471
964
1106
192
1780
1190
597
1234
927
88
1431
862
502
1157
108
943
315
151
344
1064
851
144
1099
974
339
500
1401
756
255
825
532
1004
57
192
51
1668
348
394
1048
847
827
951
1519
647
1572
61
780
135
252
230
626
801
702
1961
732
424
563
1742
434
1140
71
1523
1776
1583
1132
722
853
1222
904
1416
99
673
381
631
122
1400
826
356
1152
884
1539
172
1460
1006
965
303
1485
521
264
196
1254
131
796
978
794
814
39
441
60
41
1613
11
389
185
727
614
657
1296
654
814
680
1205
52
1196
383
974
1016
518
993
953
1324
43
682
789
379
1532
69
390
574
138
1427
1367
777
1066
868
885
774
472
644
757
898
336
1285
32
729
883
518
522
1297
373
1347
505
459
297
1359
550
858
295
582
333
942
227
382
399
421
93
904
637
526
432
719
464
1529
641
704
511
1064
1593
1447
447
608
242
932
1043
314
661
338
1510
1415
1043
1288
713
902
961
1157
982
440
791
1327
544
777
412
404
1762
698
882
203
158
1699
441
1019
575
555
50
944
895
1001
1789
872
829
546
1038
1090
1352
1054
1105
581
410
634
36
968
1031
1081
732
598
684
868
244
600
165
1418
1361
165
230
616
720
1172
1069
935
721
535
998
1044
481
928
1128
473
174
293
739
972
952
1286
883
23
661
1643
579
6
891
958
651
1615
683
573
773
485
376
922
465
648
615
457
935
241
935
1035
8
26
461
393
397
109
851
811
1155
1805
452
355
1731
268
84
351
350
1326
395
481
1336
77
584
1754
48
1220
786
331
1740
573
1151
521
603
1136
927
192
126
991
50
869
568
1224
1213
1523
1088
116
1346
1067
601
406
10
899
688
720
550
255
1019
909
915
832
1044
312
206
715
399
843
230
1089
1053
985
274
797
128
1621
1437
613
677
1258
835
200
536
1227
1210
142
510
560
370
94
1016
227
834
1480
940
1295
446
1339
1093
864
401
244
387
137
1187
1189
155
278
206
1419
1097
205
831
436
711
316
819
1406
317
1280
893
594
1137
725
242
769
363
957
1105
941
416
642
732
629
752
1096
382
816
182
389
311
703
638
698
371
880
512
54
611
729
1520
639
799
503
793
671
997
525
1222
693
904
886
457
191
48
905
1167
744
427
876
1357
396
590
445
192
6
1543
662
673
607
534
947
419
230
427
561
886
133
1164
824
232
695
834
967
551
863
361
273
412
61
172
594
834
872
701
1301
1261
1089
831
942
145
781
134
380
1149
1243
728
670
424
601
121
473
901
592
701
736
1025
1158
295
655
639
1731
1698
561
575
27
431
1217
222
143
1586
889
1036
845
1130
372
731
938
565
809
14
556
1636
1211
880
1650
983
874
1130
779
1008
554
407
173
508
1128
650
330
821
614
701
634
1456
457
730
204
872
831
51
137
775
899
812
461
945
161
526
1050
413
737
669
5
794
861
1196
93
0
703
270
177
201
676
670
474
1194
72
778
542
1718
1543
1315
1150
826
777
1658
567
860
1285
356
660
202
150
1561
328
733
1086
737
785
403
1879
214
267
409
112
1533
255
586
1313
747
599
1040
933
932
953
914
1291
186
905
1368
308
932
939
1076
810
1058
268
940
1798
1154
496
370
287
214
777
25
959
856
727
1058
1428
2
353
1286
633
1004
395
235
566
1484
989
637
402
257
303
452
490
993
887
1268
1658
1270
328
1072
1155
1124
1708
1734
573
892
154
992
334
797
995
924
417
978
426
799
918
647
989
237
699
483
323
783
478
325
1437
521
1142
80
392
1302
646
661
1363
116
122
623
407
1131
246
719
909
1097
120
491
240
666
831
880
115
964
109
1002
1798
990
325
1696
962
820
708
1725
1129
822
383
807
325
123
571
1449
873
96
577
1579
1456
1033
997
403
1326
430
899
1470
1492
1683
1354
617
1218
503
41
1498
517
1194
1066
796
1542
803
924
1250
646
412
14
241
1149
240
99
279
634
496
431
89
1375
680
795
204
1042
532
1506
607
874
527
75
1251
816
303
407
638
474
266
556
834
130
950
539
1565
1103
858
1171
246
700
1429
851
1556
724
922
1225
344
511
940
438
368
774
603
660
87
1563
1349
69
61
1375
614
146
323
1729
20
755
1097
82
1602
1153
1144
971
770
1113
868
608
829
242
1384
1062
1231
485
524
1782
264
1510
1378
1663
1931
821
289
763
1268
1828
898
258
1238
907
854
748
1578
1073
344
928
1074
710
568
524
1207
25
1099
1069
106
967
576
779
484
827
99
835
1642
541
1310
796
101
964
151
914
1092
565
513
653
821
404
281
1137
1359
448
929
1262
109
655
1388
135
524
1272
68
498
1176
311
416
