1263
1334
936
1619
1064
28
1050
457
604
884
1446
621
555
1258
877
539
1287
43
496
1179
457
284
184
1202
764
397
156
790
1333
615
1288
988
46
1026
712
64
989
306
843
6
1199
1222
1037
451
1329
103
561
811
289
125
373
1036
1085
933
573
469
4
227
318
575
1671
159
369
1083
35
531
1150
858
435
1545
401
383
1218
900
967
350
1121
440
215
1106
1523
841
1052
769
641
462
559
431
631
420
1064
611
572
439
774
596
352
986
274
904
718
1578
893
850
538
538
136
236
715
253
1534
341
1551
112
1247
1024
727
64
407
977
1007
106
187
312
926
1055
265
1084
1482
729
722
896
736
1209
608
84
625
1180
618
1380
817
471
263
713
1732
107
1269
1438
669
1396
955
1285
170
1613
999
930
73
960
1233
1505
872
1641
730
431
678
482
1370
1823
275
161
52
988
379
678
931
762
967
1422
1067
823
1352
1431
10
130
1461
487
1306
760
535
52
225
943
561
549
938
1391
899
1184
565
153
835
15
1586
1332
1300
415
1302
1036
649
844
967
100
495
773
1004
1046
886
962
1780
479
895
139
1286
292
210
551
394
1564
829
376
678
1735
1713
954
1036
1086
15
1127
374
1439
866
696
1610
1308
1820
753
94
99
551
448
87
688
29
791
889
878
594
509
404
1328
826
1379
477
492
544
1149
322
1067
79
635
983
419
817
716
185
402
320
564
790
50
493
1923
97
508
1884
590
289
902
1278
86
690
1330
955
277
287
936
645
958
1550
642
73
106
834
1500
31
499
597
271
251
646
608
779
967
41
1110
797
1355
293
7
1399
339
1234
66
504
458
1139
725
1055
221
463
1215
1152
475
2
632
666
895
1023
1605
650
438
338
621
267
119
72
1108
1042
469
656
1080
1502
787
698
242
1055
116
982
865
53
1299
789
1134
122
867
1149
929
1271
272
778
1686
662
1257
565
71
1491
575
667
637
229
1246
947
1179
775
742
493
900
1018
104
478
1235
444
301
341
586
699
915
1062
101
264
715
522
1466
186
75
1315
835
631
1352
295
654
373
478
311
644
627
720
540
1042
990
890
74
1322
519
1453
723
259
540
725
252
652
1484
167
296
213
24
177
424
1038
866
43
992
1094
1507
981
116
1227
1534
641
76
918
1563
257
862
118
564
624
1189
857
588
1469
552
829
100
472
727
842
765
863
1207
636
1545
1686
1024
508
997
616
384
571
1386
372
1080
719
439
872
988
942
519
482
700
748
39
915
99
1213
227
220
1362
360
500
268
787
620
971
1116
1289
142
679
770
743
1651
649
1264
512
876
830
159
1206
208
734
813
604
1413
1468
665
1081
1146
215
1471
312
491
1588
877
977
505
208
1056
780
825
387
690
1353
1367
705
242
563
94
587
1246
894
642
419
1748
812
419
684
40
919
353
656
65
567
1748
184
129
314
730
981
1263
945
999
411
821
497
562
271
665
980
1287
1017
1584
220
1363
1088
87
1044
579
992
722
402
855
1722
546
468
550
1641
300
1330
976
609
971
807
824
963
975
642
978
22
323
1569
758
1098
1332
550
982
244
780
1549
631
346
286
925
460
788
1065
686
605
634
619
899
786
1509
8
663
1171
551
602
763
1417
757
85
1778
780
1235
1362
1347
365
864
944
295
206
925
1408
1106
21
776
1398
304
674
1179
669
1518
527
1417
846
594
579
850
900
259
412
349
1158
500
465
159
1697
368
794
808
816
474
1261
1180
995
1689
1284
391
1150
1115
303
879
67
29
44
744
462
344
468
620
868
261
380
989
1559
138
709
442
470
448
1045
875
790
688
921
1127
512
953
892
5
320
1259
913
507
679
636
562
1225
171
52
452
1248
813
720
970
1169
262
296
177
1465
1106
1079
642
1198
569
637
614
497
1546
779
845
1517
944
546
1009
27
239
1393
859
1136
64
788
412
233
672
695
20
985
35
629
1539
1533
156
851
908
1057
726
477
1244
907
46
123
420
597
904
700
152
266
1135
695
233
1040
975
905
60
1130
577
208
346
1680
540
1267
1149
1624
186
125
908
1901
918
26
415
181
511
322
422
1059
812
211
989
627
812
1706
570
193
1646
578
490
570
613
1627
46
500
787
550
729
1752
212
155
27
1669
802
1133
840
276
952
770
1009
455
1379
797
959
808
754
971
1017
497
697
1194
768
800
1065
1032
988
38
1457
531
19
596
801
1682
9
31
287
1615
508
503
696
49
1191
62
830
798
475
758
314
886
888
1655
1518
254
693
666
410
599
1699
910
1268
574
405
1
1032
431
345
198
865
754
174
49
1356
791
928
1273
56
565
1320
485
339
1236
101
563
496
1125
230
642
563
1354
926
407
362
974
493
529
974
987
1735
1790
1244
622
298
762
552
556
432
1380
1340
1599
544
282
410
187
735
353
986
290
993
1617
963
368
732
698
875
1014
1045
836
873
580
1482
878
1041
408
759
862
894
35
191
1027
922
824
164
1394
1028
468
1645
671
1478
285
1343
1790
1247
161
247
685
947
520
1352
1845
1203
1018
725
1286
