275
1549
961
294
235
1515
1224
579
1547
82
1085
615
242
306
169
355
866
1408
1254
319
1300
1603
1339
447
1387
1684
1563
406
859
873
350
475
270
19
632
925
559
825
769
493
295
7
788
915
916
1450
192
861
611
1223
72
9
529
842
399
966
912
821
597
656
775
822
1080
809
217
1385
666
681
595
949
795
736
940
366
557
929
508
1457
878
221
1046
742
844
1145
976
1057
604
1165
491
978
1182
880
841
202
760
1082
191
2
1766
1352
1685
855
944
6
1418
780
66
855
456
1634
608
633
1202
753
1080
233
144
1038
1260
917
135
826
21
562
581
773
298
783
658
1228
947
962
1561
789
1704
552
1051
926
16
1080
1518
583
1834
929
215
1037
1115
438
945
913
168
172
460
810
930
1208
864
1180
941
74
830
254
337
969
1163
1094
51
712
869
64
636
608
835
341
663
521
639
854
944
383
358
310
521
285
1774
949
988
605
865
578
20
122
1199
1390
883
113
953
950
865
569
569
872
552
139
964
543
40
1008
718
1451
930
1584
924
1007
614
125
772
317
790
836
934
79
737
1066
649
79
438
47
920
236
1157
600
670
799
831
1089
387
1318
186
830
382
902
859
355
718
1523
876
409
465
816
557
499
491
332
479
1482
98
336
1128
980
51
672
64
610
646
403
925
942
1017
5
1594
486
500
1387
803
1099
816
885
972
1280
504
569
228
608
530
742
1298
598
68
106
1784
207
917
647
1328
656
544
702
501
563
934
562
541
1325
977
634
330
798
887
98
421
665
353
359
1633
765
973
261
870
270
609
909
911
947
217
490
901
344
876
247
505
631
794
979
1344
387
1043
559
160
565
731
1040
686
431
644
58
361
1482
0
184
782
905
638
965
696
352
1716
1166
871
816
806
1676
1063
938
930
975
85
767
461
333
252
797
1682
317
70
1400
1559
797
106
867
751
798
479
1584
62
1128
928
1006
1256
974
1224
691
540
953
412
549
1118
1622
489
944
601
379
815
977
884
15
979
852
768
361
822
1420
486
481
247
487
357
280
1652
804
1047
1463
1463
430
53
1464
598
1653
1193
851
482
800
708
968
198
1135
546
838
380
1772
792
1626
472
32
1523
975
309
876
1201
468
1116
144
612
736
208
154
762
841
561
79
678
236
332
116
27
628
509
617
1015
728
89
89
1178
505
669
844
471
1218
349
1122
1580
864
756
1309
1277
664
1505
741
291
995
320
40
1342
809
658
443
590
48
1043
1350
522
1128
312
948
85
352
1826
469
887
126
993
304
87
93
719
82
771
118
1197
253
712
167
231
318
557
635
630
911
948
847
492
1814
759
1066
1017
339
556
630
396
1075
1120
1190
801
111
801
349
772
839
423
833
1491
626
723
260
1450
435
1402
189
264
298
713
389
47
949
725
153
1278
931
1586
183
737
257
616
1198
1262
14
591
453
817
873
404
1694
821
790
366
808
966
801
1166
271
973
951
629
834
1205
210
201
56
300
753
203
28
197
1242
482
510
315
242
897
307
824
67
1121
770
446
1266
1178
365
483
742
1507
798
1258
782
810
301
686
1238
1673
1119
627
699
1907
213
1224
719
230
987
1000
484
622
713
11
1299
435
267
829
650
15
672
290
154
970
1359
460
646
1232
967
606
76
1017
977
747
91
836
429
750
759
557
647
505
577
143
936
34
1299
324
626
729
918
870
137
1110
6
304
425
663
556
1046
1107
903
796
678
982
431
394
290
1172
659
250
117
590
701
928
667
735
679
898
707
469
1372
310
1185
435
796
841
579
1562
842
13
801
464
1415
1266
294
823
133
167
650
13
47
1273
816
133
748
1156
580
1068
786
726
539
578
586
1041
771
1084
886
548
342
288
589
572
93
1334
123
781
258
21
680
538
91
230
1584
1520
756
436
580
1148
140
918
1052
1129
1326
364
1293
837
468
332
562
771
470
1245
809
939
523
764
275
576
984
1019
1363
511
1114
826
659
12
323
598
615
771
801
952
713
502
492
1016
466
1646
646
1445
1645
330
577
393
721
601
980
57
10
958
670
1090
533
1141
444
1046
571
1034
943
897
983
646
1445
1221
485
459
288
278
176
313
630
1321
0
313
532
933
243
1687
1627
958
8
883
559
1153
305
583
922
224
1702
975
965
226
853
925
1428
816
79
774
1223
629
415
762
604
758
1388
694
917
19
412
431
156
856
718
1792
831
634
783
1143
512
758
835
848
902
793
165
987
639
449
678
611
1315
811
133
57
1453
600
1198
769
719
488
1258
1374
731
892
874
392
7
518
853
119
739
915
545
357
1238
532
379
1379
1072
797
392
286
40
569
1393
614
639
1116
357
1384
1456
1877
271
1588
771
553
429
247
1076
459
798
703
604
810
844
766
1
608
849
975
1276
664
1292
210
69
901
745
1012
594
935
1225
125
578
