722
355
966
1001
902
628
1042
526
650
130
1166
907
1367
273
750
1371
1500
896
807
106
726
772
856
714
1082
197
1154
893
23
1306
96
744
577
1611
721
1779
1420
1094
901
1777
399
175
1757
1951
402
759
914
542
1830
1573
908
406
795
1597
1298
593
1268
140
771
1099
1620
876
1041
893
823
439
258
860
1150
589
904
788
991
1038
827
113
328
389
363
806
329
930
310
735
1466
1086
536
1142
1616
431
738
1165
112
1504
1920
1140
955
1098
1158
573
1074
192
252
940
382
703
722
765
872
501
1328
1
667
824
1148
1075
699
625
903
349
524
875
337
483
453
76
581
172
753
1678
865
735
108
35
588
545
1563
243
582
743
789
388
853
1236
946
538
668
580
1494
981
148
1038
171
1325
1143
995
750
329
64
600
1315
784
63
994
243
887
816
956
641
311
1182
926
293
62
367
236
679
1290
1484
408
1360
986
532
72
804
792
565
189
671
795
611
1075
390
766
1517
89
874
648
617
945
1328
1187
556
364
1108
211
1023
157
370
714
821
954
408
997
771
586
67
19
1901
681
873
193
1003
642
804
1111
638
825
777
388
912
833
462
635
862
124
529
1385
333
1587
435
919
1550
1500
1688
937
25
486
523
1825
375
872
456
1044
114
669
278
90
22
671
1050
771
908
802
208
971
312
766
864
392
1073
291
321
437
1704
1647
774
664
720
929
1074
822
943
948
721
497
920
661
803
982
840
367
120
1590
651
582
914
386
284
192
165
1207
550
1089
883
764
1482
158
1095
637
505
719
64
938
472
410
568
403
850
79
110
587
924
651
862
1001
798
1348
753
886
898
934
796
1436
353
1717
37
647
798
984
1002
353
869
855
561
1077
24
1915
711
688
835
500
711
508
157
156
223
320
695
939
1402
250
1160
704
513
1513
981
1150
913
494
279
200
67
1080
788
1194
568
61
862
1317
1097
1710
890
1708
831
1184
901
375
361
1183
1377
730
756
52
822
853
1114
489
686
761
879
649
619
384
1185
332
187
493
438
464
143
123
783
1574
967
869
882
629
1114
856
227
978
903
662
42
736
1751
834
896
1568
1120
186
1062
1537
523
1022
645
1880
779
1494
964
505
988
1584
271
1231
1512
727
47
217
1893
975
692
797
811
560
53
231
503
1326
326
1160
924
522
1652
262
1363
1111
1819
227
794
781
81
404
1277
636
529
93
255
777
816
1735
905
385
1258
446
656
374
306
889
891
1193
1091
1409
954
569
806
811
564
816
53
607
508
855
13
652
1476
344
721
543
827
370
778
301
425
1815
155
1780
687
669
194
1341
751
537
1665
82
658
721
888
280
933
244
745
364
945
625
610
571
1141
118
61
397
1328
1091
761
1003
736
957
656
1778
1592
629
971
122
541
931
897
1290
353
578
968
1362
299
579
235
356
929
854
1410
473
1456
738
566
1186
954
570
860
644
617
771
1437
692
1358
308
441
1631
396
1380
368
386
1527
625
880
999
142
291
450
449
1505
448
1687
13
342
453
802
582
889
709
975
160
924
904
932
22
436
586
1927
1950
8
369
199
148
415
271
909
647
219
748
317
27
527
420
868
975
68
1145
256
280
323
632
922
588
488
522
400
637
542
354
272
1585
325
789
664
1386
1344
986
1194
1580
276
703
1882
293
483
819
297
1290
921
240
266
650
951
1001
529
581
118
1429
100
953
1082
226
1121
482
1013
944
776
665
859
730
0
839
562
804
541
809
978
767
632
22
1009
643
1805
617
118
547
1582
1769
1406
385
928
832
176
64
528
474
1481
862
1436
8
290
161
220
268
282
1259
77
94
490
17
706
262
611
87
1009
1476
35
585
256
824
1565
788
788
286
1374
805
1186
519
799
656
449
1139
1229
471
547
731
1683
897
280
784
915
1393
1240
1464
667
1801
1439
182
118
412
130
889
909
72
748
574
731
830
1040
458
1087
868
693
407
908
1085
454
924
204
628
471
459
721
1281
627
770
52
850
417
47
275
542
465
925
371
417
259
799
690
559
966
316
252
241
864
11
437
828
814
932
137
833
858
653
767
903
655
1053
47
557
1343
227
812
882
1074
1419
1123
370
1061
1009
737
1646
1387
551
846
394
427
432
263
1697
1063
882
735
742
382
741
603
136
1338
117
286
953
121
1324
24
788
945
539
222
639
1410
1192
460
427
742
487
1371
518
688
1191
732
352
854
699
258
1159
496
969
475
669
888
1
403
177
485
625
1231
825
748
1061
1485
804
1339
629
367
1201
8
323
579
626
547
1061
95
1608
524
405
946
1066
833
157
657
360
1548
1023
514
956
250
995
830
1605
850
419
454
84
377
763
559
1393
1085
1689
627
1382
443
1121
1308
781
970
1655
427
1019
1646
203
1992
1234
1184
661
794
900
883
546
894
1386
546
1120
894
839
754
1481
658
1076
1006
985
382
1022
703
1153
1485
1838
1368
932
954
280
417
512
930
711
788
135
1443
414
1630
886
640
712
393
1033
72
318
497
986
1765
560
