233
604
608
151
81
489
625
736
570
558
26
763
58
366
246
854
567
728
1039
528
68
890
368
98
429
671
803
629
450
461
387
489
552
638
662
773
253
227
627
515
303
655
567
729
149
40
0
156
518
511
863
55
716
433
885
374
1073
434
595
595
1278
523
37
417
34
454
561
755
809
25
665
337
967
158
603
305
1153
1159
621
442
945
759
119
233
420
361
215
25
858
763
426
546
486
884
672
295
499
561
162
860
538
524
843
390
881
627
281
676
504
820
183
388
279
837
1174
773
552
48
717
181
531
736
658
144
605
279
1031
584
142
476
1023
621
384
655
610
751
416
967
910
262
209
503
811
570
511
368
381
340
272
625
423
552
420
148
318
176
232
514
229
598
367
574
357
430
621
452
387
196
1100
746
22
443
748
28
214
386
517
325
535
483
445
549
427
249
735
98
960
453
641
562
584
53
848
124
454
1093
581
606
359
914
606
634
298
1112
42
496
9
545
624
84
595
50
267
501
619
638
623
520
452
762
438
396
317
923
166
330
553
70
430
115
427
128
659
72
775
802
427
37
321
152
817
558
627
739
625
864
866
88
346
524
930
802
307
252
46
407
423
444
466
379
1049
306
526
952
515
263
714
513
445
904
743
669
689
578
314
503
925
1239
451
833
1030
886
622
485
544
1161
218
746
332
130
230
582
537
798
460
684
900
1044
554
477
627
453
632
745
525
673
154
550
162
326
443
131
395
299
515
429
1053
889
174
649
219
475
433
119
244
632
342
581
386
489
223
16
970
298
173
653
322
995
95
280
457
642
520
190
659
498
975
648
24
477
681
118
166
533
788
426
67
25
1156
199
300
669
48
43
547
227
933
425
197
364
559
961
436
409
497
106
936
960
897
486
490
442
628
1075
545
289
108
305
532
339
197
431
695
958
581
280
515
999
235
349
832
706
104
488
737
234
449
293
266
470
623
107
557
932
750
248
176
740
292
265
730
957
212
447
868
716
913
358
600
436
143
324
454
537
1111
740
190
669
458
58
256
603
780
298
868
612
161
398
121
614
731
224
95
916
248
304
733
133
672
64
504
455
353
577
1108
410
378
624
137
264
360
818
562
1103
182
1212
310
458
185
724
1064
529
643
1307
97
412
604
439
220
575
649
201
624
247
1285
706
793
303
564
385
196
318
576
668
599
739
489
40
31
123
618
94
985
633
628
407
139
1207
367
707
614
493
279
725
589
306
1035
629
522
695
660
510
461
491
563
1032
434
551
911
806
1144
948
140
769
484
420
813
250
539
452
82
1132
964
499
226
555
637
715
586
99
881
662
628
826
318
553
530
137
973
874
561
387
388
151
422
125
632
358
669
644
699
761
766
770
66
383
751
512
113
672
732
472
231
358
797
20
644
120
335
146
1021
173
451
622
796
738
1173
129
595
343
259
161
631
598
1140
649
402
482
460
612
611
323
404
308
212
148
521
142
768
549
607
406
847
241
114
576
205
610
761
377
1003
1136
233
378
894
