206513559
185909110
219880265
156330180
31541937
53516175
72594830
114763885
113370520
108777034
6130230
80855038
203790037
134244333
206679506
96044042
100404597
171728733
49702661
250117867
198869581
26046498
95622061
265808204
213912380
29132259
48181208
127361958
245960875
8823827
168109372
190015435
141055840
150222897
175798945
90933421
182650569
19147829
43845265
65745978
125978462
145602625
114520396
256392671
127942340
154230497
216172078
74011579
193635020
89268923
14531520
131829894
21496057
73928229
186295576
41886032
199042900
28983029
147676783
258324988
277951318
105807111
35690151
186431778
5274754
160065022
15948905
223454805
63895416
135763737
146214914
249654119
4559297
64045235
113469437
241384616
193455570
188126896
82606381
75111930
111925962
230489973
113677397
38568043
180118727
92653234
166321970
101250643
25049014
262605595
259905235
260341244
174443313
259082389
170279490
126208404
134987988
110102566
150859131
107679255
132338158
194705497
19110325
264992251
100736454
204421855
246684896
658090
68283416
217351166
83963310
54235840
61805545
38990449
269035614
175685473
227773561
145914804
119186621
7387476
228864836
114668466
134233273
117230693
154863385
123200107
273556448
98185394
65088804
111899284
41168966
155841850
120535600
141538185
30320634
178165716
51663194
67199215
101875428
220124075
202145786
53630896
209686408
41381735
3253864
35902173
134442193
140239913
240452562
143827816
144468966
97513229
235807857
183292182
236099896
55969391
238031494
109863049
49314130
3178381
216436821
238764408
148395632
134623623
87393926
173853553
205383409
160973406
107479483
237953556
81299323
210165191
153567748
233017816
61928649
272840001
59450321
145831554
80762780
47558012
119675576
221032677
63819786
269608882
237243148
63432864
240434971
227599467
223078156
268564427
138635037
146052866
54422560
135854989
270563942
235123404
153373578
68707022
14976736
189767460
43631257
276550417
200212653
64710779
8001091
191716725
81703770
226215519
104249313
184854155
71690680
248301367
60658171
218633494
32049239
10346728
208872541
49658508
162214356
165512905
118908706
148431984
136251573
202040232
246029279
239225000
73454654
29739817
162224942
200017040
67038954
10601805
50826564
100254589
256793266
49378392
260349578
53535169
227399678
213555953
225990790
200755371
122612147
63215352
249920839
229311265
128380116
233267230
15127579
255355007
110815617
241987384
74375808
97467128
3508285
35970432
229173121
75520300
141144381
145306764
230368908
68749557
186583792
193623644
371834
213079685
144548150
254893351
107203212
145425859
69205908
90619836
172601022
69368389
35993278
186774062
48598816
65738176
272647969
158803289
140463046
269758365
174493905
120829853
276155199
25512383
90858344
251638821
177129458
129712532
151422005
262478241
210019409
132943825
270484082
118245452
217686733
14745025
107710233
245843918
89563689
239168313
187593852
167573806
1984283
204794324
90318155
240150173
157797781
276155632
263022941
138547805
73551573
221297405
22165072
131858866
20631924
39711881
105254449
39885335
108130231
270458304
214135188
235775638
182199038
46611715
208821723
174365629
177668093
153081422
212772415
181229854
86763320
11273054
10916044
80689902
191011619
25376670
278097828
1695685
54483915
173396874
15082109
133213861
77795968
19594361
158723531
98308348
162396894
79546930
22923058
47409956
172456539
262526016
267629903
15419682
91980821
58973546
59068949
16896857
179503738
175904645
52876567
202481380
226104101
13087388
113598292
14582359
200216678
266341493
70621443
151034431
15697958
94974399
173438170
75475809
20031780
10004266
52540414
267315098
64368969
57662768
52019428
93023485
159371972
246783790
29822044
234975109
46986070
252986303
24869687
225452227
7835807
265394470
88365186
222975202
260504101
242110098
11852108
26365045
41288618
64875312
62372212
255106130
93570536
102281501
113656274
135042114
233159081
212142461
4717367
135696145
161288005
164837336
150160220
244386467
197866896
69934034
72191910
177939692
69786856
182990065
4117295
180455701
243472012
56329485
119485904
233687180
129019269
44168005
110147469
205337790
234755714
170846776
259959728
90965320
19731756
78107925
111941232
244351026
69592615
183493701
249707179
37453542
121896007
254816352
86013591
256094705
172972029
227022129
231504785
18362249
159550149
261609785
216301859
167946235
13619612
167064119
106216973
160355985
96305125
271682849
230041135
218298821
36501578
144763999
258048981
208191803
238441903
184264156
121349786
126050889
67522566
72278592
9402364
190934219
162546117
52853610
250132589
197252769
113054670
36546105
193397140
3723218
103886227
94099287
219784506
243928172
182551131
123750442
236810178
135636014
9286640
242922644
6957444
45523727
153125953
148947526
150393987
12920195
147782054
203808595
183112066
259441421
47974398
11312636
196840101
94372291
123904948
135095613
250386359
36381075
17638686
133677281
52803442
141061024
263055508
91237833
150836240
2588082
100222350
7914193
252660881
160761432
24156175
208390569
237322017
248547431
107104655
275986758
46295900
75420442
55675177
236167921
53495452
53347601
121510528
50144989
7292107
52128995
265614409
237829283
54216577
35753164
146485763
65707129
215663258
276702463
133658134
33531218
99688874
166856569
75051508
97802012
58044389
73152714
88383228
7127810
105925473
67227790
54067605
101258023
227667594
207589365
215928131
252181964
274684392
212861593
275776701
56198211
132121600
151669213
65102790
29196743
271008910
212049736
139594438
155343273
248320970
236118501
117197007
142742145
68639574
105649758
110527376
228801547
168480573
110099162
120560062
213006912
252642830
155081539
242272448
102941671
75153053
32701544
46876165
161108183
275599908
142448952
196062057
197199463
64703180
230960924
194986519
122382731
139833350
128665963
126695059
70601123
117868114
87318775
250417906
216992778
117723244
278500415
204779096
261108674
83121709
84678290
166703376
157939257
71369269
75008077
52001262
108338695
162734411
52842559
241327115
263289956
252795219
76990734
164909860
256812797
90173385
7896745
49096883
136166134
176189287
105859696
251749137
239021730
120166284
34062773
132486855
274971145
116514412
146790565
112526056
177093722
27500979
222309147
274245830
258486290
251959147
224711865
157335655
72332988
140739496
127713981
152634299
251137405
194945991
215879570
114025612
58053367
76974080
8627675
60840156
237343534
139799971
238933125
119998239
208466412
115668334
47196906
157146421
233055051
180433397
86486831
98550802
78568022
211030469
4271238
275776273
57855528
36566469
103382955
262346423
38132153
132453632
122515092
211654033
112778943
265506157
135659183
193796319
47735809
17776576
274844960
91418118
51276154
260190860
83477759
91021130
263093855
138259988
213055135
27571819
26826159
101546876
49653076
107484002
5692860
261693494
225127927
195544888
147978067
16579088
112138126
250862342
182063263
267533214
59064078
110115818
96152259
121835369
38454466
9462937
5375504
16111362
132023050
178256727
168442877
119866252
154664794
244339711
123854552
180006560
148538711
166635323
270308957
5337458
182373117
133361564
257739458
40502013
56103001
181409287
260339580
34079744
164900821
200072666
201716165
51094565
181989638
100350644
90853772
206758576
3097659
128557983
10546500
38715282
129963825
234451247
55119188
263941840
134346743
206534790
276656228
142699792
225115481
170962034
15930511
13045350
20674419
251700283
162840298
127209330
148297515
215043370
17919785
188777522
214411469
217482876
43295047
175700764
177064913
39423603
252118335
214163240
18924679
151646862
195013909
47673110
219660793
12216954
241850367
48048422
87320450
157406829
145770902
57219322
204727924
135793350
264859098
154011356
260686923
3401651
202640256
92502579
262568997
177737753
238915851
34858931
213440748
233274371
197787949
88294626
112764206
68609839
190177017
170776416
237907432
112769236
265715238
136152640
250090213
39787792
202095406
23914512
212869709
46528705
114983028
198017114
189371304
278498644
211002514
25809251
99084579
13367191
19511071
36341131
193096192
267184428
257947079
271120366
196132682
27823081
12463254
50580557
52603493
18597521
252106777
84975679
168685753
240036020
21318436
83401732
9945653
192536516
160452648
74605777
110185095
86072421
61575066
185812349
272444201
20424412
56879115
212378843
62610418
154370873
138524768
13521789
166566473
37690809
111444950
142952399
84436009
140404656
242282342
114752541
111525181
142832971
241220013
228785121
108287166
57193806
195753938
200289812
229295492
36654455
166014388
74426345
40993514
120765599
155816533
96235745
144650729
110671445
137433886
179423605
226438432
162845549
232442552
24825210
60565773
36211845
105373513
196709716
142668045
170535162
202102385
111703216
140017331
124434810
99418645
228142263
10640062
61151992
143861285
155753180
40587274
14377176
14291921
116018585
150505671
12779302
169186539
108706214
261181434
147988436
49344649
125480930
239493794
73035768
129582482
237667210
105378464
71699290
233507460
63330351
159773229
141370288
69234513
51726681
277230851
207994625
251525766
141723776
86992568
278361350
223606812
277109449
205927027
135396641
209812000
213684782
44063685
243816467
225855432
182771726
36404889
91218067
16832009
96943630
244398358
203463538
243685569
110638822
10973
23079031
109512640
52266841
128977571
13470144
164722889
1236382
201575147
161278195
104356729
267125325
222707576
4092144
670230
26507599
89104622
177924669
198955334
260480103
29102867
53573719
36176764
179766025
243186058
176386375
116445712
197100528
154969241
69853982
124451665
53214532
209551068
215788407
6705903
170088245
127374311
61454974
76623671
41982385
192579197
192060953
245616359
95516686
265124286
78806902
126209194
196413328
30972089
240863734
276745934
88991549
29240811
136977898
189294571
35180072
98227111
212328714
195809377
203991605
256461622
10739370
24808407
177903154
274026441
57020671
253267019
191706062
2554249
140407690
214276334
161643972
80624393
174846750
78897422
76864529
260437585
74243150
226380386
4943704
107348618
174759768
53970712
146745118
178206994
118515294
94673251
270017682
125058037
135888859
259388517
272391279
193378493
5400004
104040693
148439492
256461603
128308003
101099071
23552010
169220832
75373891
202988539
124311052
196831176
197510482
240720616
263699594
86590769
270634947
196369526
42723270
227615874
208688001
10714377
151478276
186622060
173601661
133554731
232989796
108623634
278634802
181551260
129823955
242321955
31658630
236540396
100759213
114952291
227056496
179004230
14258851
113562721
214609172
15513740
3412778
98776427
118319835
113719187
47768835
49620681
7970928
73770938
109718762
54022564
103331101
239226327
31046727
186776182
18780746
142742585
219937597
235480944
27446317
85086185
195213625
7076844
270117049
67616632
229477755
119774277
18126359
65353810
262723784
264245048
141705107
57827880
23518365
129456600
52201295
159094565
186230457
63843088
84923958
206810720
246058626
30091304
158297352
66605530
215458156
139260535
40826719
47783772
257161050
37620017
214249815
184657989
87448240
66603335
207791179
168815897
7106032
147993859
5288526
177348298
195369009
207489535
34345954
189852635
51031432
219961267
39013164
59093881
253573798
224031682
138940908
223782628
106055614
105734876
153536374
167829983
166378431
41188907
64239756
264506283
226998648
71086646
57045778
50936580
229624327
52080529
243032772
185868972
94104246
33029053
260976043
44783874
225343640
120486727
268755794
269243061
251417625
77882391
272983637
66355707
152871179
275660154
153433405
109775561
219605815
76503384
129015343
190256051
269655293
31487661
257631390
231168184
241413079
6185169
90368989
123322172
1793828
256197828
53813636
118815721
189561312
246999516
274250844
83226091
70373548
113769131
133692391
62651555
24016476
265501484
35243027
213967722
46558252
148393319
165246362
58522703
103385504
228209301
38182713
68058185
234117934
28239856
132942757
265360009
144704598
2893462
72131209
11013907
274075965
30991590
148144601
1729088
247622213
269507809
190275437
216211147
258213748
183542814
31728602
257149621
51092512
102347748
135309913
138325322
245481514
210609812
185556320
265996480
144122921
58353573
241866649
224568324
102355591
48551449
46457359
184530009
54826586
87549127
227067733
256158443
2025031
274911
109117979
67768695
68511844
223660916
5685751
237591527
165429292
126272627
130584091
78958336
77495654
63570952
278575161
180459221
278391059
197448820
37713633
102047868
38056854
276541504
248849724
198007089
187845271
278834453
126725360
37059897
263634496
271552476
217151408
266523722
177107119
115222274
48016253
156391479
11644212
109324488
3715294
98901374
60254003
174662167
260404971
99880748
245337995
274028085
33545213
200832073
53914566
268261356
186638530
203636008
240832618
73312503
12121615
7768533
25978801
118537451
30563334
191913597
189621221
11999661
13534525
158672730
80743131
259066841
182024166
230167316
5978378
203522982
45229144
9673743
261016506
48844410
79502175
248610269
147299070
201133523
135671683
122850125
166643264
176694260
159078015
66324713
129723816
107540829
161235131
233739912
39515355
30738136
15097890
103878973
207534359
192987588
271721921
238269966
77272533
51625957
151425850
196561277
123001186
197491669
45354342
178158031
216727816
38048093
217531127
163388630
183933653
117177587
191350367
216761633
45005490
216160772
100760786
103279425
132333887
73839029
34608104
137553247
35319772
198031110
141131363
130747828
67517165
225707360
44358914
250792403
133461555
250249666
261757521
184304297
190472317
116975184
12850100
41588473
218516393
197276330
164518381
68543006
30680503
210366694
84939780
134379421
62881455
59034247
176728649
140353938
260061540
42656589
162375904
173915871
6446563
178448212
125971074
187482396
103056572
185838332
153323246
190450474
94431211
275067055
45655447
218046848
215582649
251429890
78810050
239877698
56077035
273913418
103230585
41377302
78282202
265442689
111026876
237573551
262460956
267689890
93519647
2670929
250833854
21111505
272127446
226629618
117174024
183450242
188100923
247022009
219978302
117335754
23503826
166155773
256502758
206701749
24492544
178231855
275757696
9002030
95105397
195998476
228449691
58990340
11365723
277140476
75728386
194773067
112627990
84424874
67726862
180429234
258348245
64338737
134317212
202610189
210518187
100215232
134057134
110895799
179923121
209182846
154774194
125246060
64547176
146683051
180212615
102030514
159744483
175894310
165902355
25057112
260331336
147000145
84044954
258010456
210846300
26047208
134703804
109402121
102661007
115307782
174677686
111390437
62679387
46286218
15601848
99975973
132780134
247090088
24181445
145285653
164759752
48401971
44120494
99516290
15871448
192005552
223057295
16612472
190490670
167192746
144200071
42875785
202687701
158989765
56133115
267582553
177721303
150824868
130304041
154266654
227846421
31555974
143199707
12834809
259430899
26567071
124937969
236879593
309588
182674495
37091344
78065057
167279720
108196558
42427655
233246893
72342928
198750390
185187242
96588979
276469367
121633987
197907032
1350281
185378488
143032685
160192266
5651874
21526686
249307637
174468966
191456830
17616358
12391692
257725723
67189648
247344325
228930532
256404594
31056661
7726780
189776019
66150100
126420508
242576212
33424921
208534981
14672832
275379994
221377780
111852380
216469315
122082852
11537699
56846939
22437112
158282477
123101388
135861120
235142809
35286383
87160035
145424282
236312681
23486691
68880053
261557147
242489997
27781541
261719634
118317587
243607947
108818594
107084018
179354441
215802799
41682093
248469678
132242877
180736260
267692562
37236813
165758989
225074856
272980449
253478722
259010214
68489356
227443997
243656484
62119280
117748500
176500964
156991668
269397584
201377478
90455213
176215862
206202307
204479087
48665846
150907940
58357710
140945886
94279059
67055706
122022900
26179184
256062651
77472118
278489201
2616573
131590908
172469778
242950900
90534414
56564856
132351246
198840916
249196520
222658545
119066187
204785016
248094034
182508837
42316874
259218391
106359805
240511065
257211064
43738912
80733215
278670568
198562239
14906454
270920214
172255588
108522952
72766880
132173771
51908448
48052190
220195716
185565141
73229530
76496046
73585034
202093714
124537399
23620655
28860632
221606799
261191971
169009510
269947930
191721076
30412707
263441380
189100237
80596041
175818680
29129914
275095216
72237179
134228198
142866242
94498681
55330647
121351809
255893306
96552295
75770224
197372048
16467174
69514050
80889590
19262779
63802991
202813434
187300723
172326293
50422040
48442426
237871561
10969933
238339971
249128473
66298192
61578450
196554946
92936127
63529701
49477955
108668786
138596009
144639517
146863666
101393353
72830160
16874763
64366626
76804970
31606905
185136811
54255283
155652514
272648172
114040347
7898886
262933626
46809566
189172477
198295726
180155986
39531199
121039824
100351962
178526968
253032555
122053376
119271227
22690987
264689263
249841943
262046305
277460148
236439963
171987095
31562385
271759670
65419230
187554022
224428106
223039993
126660058
265124587
5089922
226304718
165750963
231787577
142001388
124253676
172674299
165638659
273068561
261323149
271944120
6877298
13821493
253083772
61208014
207335559
276391127
257198964
121209329
267554111
151287149
106806485
216407809
110768294
278950855
52178607
169552020
121154236
80238711
35850564
118936966
36765304
151180150
187331653
63899248
28026309
90855397
165858955
276649585
38076301
143263804
220232251
48303029
18789683
199823330
175304578
174474715
153869218
212596473
151684449
271311594
185871015
181479218
156107848
161995094
5643826
60209185
133618238
85867853
269938258
88885934
203391748
32137331
23596072
111099405
54135446
103222567
112185668
209947801
35665960
91329151
229531803
168756805
178058182
49929082
60944640
56217870
106341506
196971463
165093711
57285711
27698510
51984188
156927735
60633028
183799580
243209068
232228829
15693810
103166995
241024379
275333988
246449461
274325788
30041718
98728938
197444879
162345274
240889435
179374630
101943730
94907588
172185244
48565181
117347524
225789514
121308270
184184870
54972288
33957427
177900451
221047959
60071154
166695176
4183657
191225184
125716244
94278591
129078004
179235655
248408471
244977620
26014858
108707101
83501506
153771250
219177566
183875105
49277513
56454823
147936946
36498646
172543512
146768101
67639798
249667072
239826634
78240512
250838256
52309270
87087935
247838545
254983907
218335746
209082651
79150101
273297860
37755368
146797706
216090984
154182110
125531810
266341800
36974895
144868098
278746611
71938708
139004027
6775745
217350409
74947595
73942340
54226325
224949925
38804778
128845616
34282226
14719244
182810427
89108374
34443177
2381948
219567935
203817317
30841299
111339668
45899546
274156390
219391535
266106168
88184188
188822081
192350423
36275015
219641110
35444897
84465774
144213888
70765993
21633164
237767846
277550129
54680550
253052768
75668138
177043950
65582935
248044049
66253176
106262290
212456533
70259438
89390796
252699605
127511089
162910796
24098714
50964259
249863361
172301695
121745982
163741031
258390064
126326266
229820330
35709083
84152331
30013911
95094748
222381178
192429277
161527085
1062294
220903752
190386683
81246218
243808723
211050760
146528987
53446914
168415888
211035802
221240159
56997590
156894229
196428389
57226833
187907534
57356079
100088889
83831949
2944113
205300282
250017030
276878478
41040393
140170126
55714939
32425730
222520781
236886343
105634636
25424499
119842791
14347846
232875645
192220995
168094375
22933513
239382818
146987982
69465864
266001803
99093095
132356197
156284571
28202294
228887217
118790506
254193624
23281539
135915981
231406526
74675931
182219469
176662585
21857925
227953266
156520772
230607476
84490806
106247671
122413912
135988275
87891924
23168317
121946575
253860409
104628206
45663141
147105403
195551129
242793945
142382181
225540242
221216198
166748228
217986998
173040453
228450412
148902935
102734874
57628783
62952640
55068265
48820553
196575512
160788770
197978732
254775999
18671193
15719471
47657372
181335693
88216192
151018845
54474139
242134100
166603540
238432301
42821605
128848166
14250642
207381695
152803014
166251473
123267716
269009123
74575800
112958058
6611349
124122078
95425295
85995956
231397557
13462498
253128097
118024840
179593023
40413643
114285386
217137761
31816306
145075793
201868664
257880643
70631667
206242423
37686171
13058624
80210771
62821224
155113942
228240994
198973240
189205865
15877413
150147267
52790687
125356490
15701179
133330595
117317812
106274926
55117691
133245026
88228415
168125979
118862488
223471910
136782168
33794785
105528614
41097
20599592
40005865
104848608
157819765
94372941
202429462
34025917
246230887
45759172
268199520
55270761
81790785
80054836
2456362
270562573
219257526
135289302
238956125
124597598
14240471
124290187
1574393
20074362
96407199
137924329
179238818
53299498
277438337
228044504
68179624
76348774
124907042
136875918
41238368
181843838
254844034
174958728
11812574
233133055
106875713
120347976
233115487
221665100
174015298
172570729
19147571
57106520
271057783
278352341
55172651
19598045
217901994
14836913
76141267
253129792
56649563
274576344
215207429
233453064
255540547
236602804
129418899
213546670
94424170
197989102
157510508
270263837
40042287
263366195
53307372
47863519
182910946
99077072
161668748
88047291
226535853
53422348
147695005
221686071
8321270
37057091
224773569
247251517
172893861
51173716
75840153
143534611
219731711
157621028
154015862
106185716
262251163
137735716
110224929
83214055
227192475
213787909
269076166
120618978
41960621
19486645
73299360
42340583
138846173
208246624
143163008
145539590
126936902
269611857
138526155
87801591
28299036
200050137
253525592
131382829
79589846
180754729
71808985
189812751
71309831
130281613
229172559
187681742
32384097
160827995
14715974
97519307
215767762
39474456
1733432
17822680
41357670
65371266
213030666
115586890
21711882
108795998
225316751
84193507
41183445
192762609
198955074
164364266
206837064
97287649
96689249
220343135
184550636
69653343
81826452
204665806
24489442
241378878
30308446
214564335
182512627
46764732
205867459
248355437
232929785
83280621
168165263
192281547
11731591
70630226
87087548
260173901
180574131
214311034
100084948
94026348
259424675
92194903
224555
197470948
93807267
94661881
63118876
100585482
261203490
153375741
96444687
51557831
89528085
223739876
127095821
143349291
263245872
265248184
41939881
66472887
232240087
115498237
1426609
132835279
182519778
221522141
47128938
202405947
96447643
222937949
37128520
277761163
217858396
116198176
20459407
44719975
218398799
88140749
144778463
256875982
233281337
55468254
48081819
162116643
75516442
68625175
238008517
171082706
104476687
237215079
199675545
232127823
230595948
114534923
184367844
58905377
262112603
275750447
99989155
160951041
148447834
199505411
192072430
56609903
199935897
70820541
88827506
124080611
74556364
110579736
43966828
264366386
237320134
206389778
171023497
240299062
23486756
212519352
174174942
218702858
81510804
115087887
167497957
85470046
15977032
214040533
177926405
247934603
41172077
55023138
206427354
150001767
6962514
273443111
231137366
22123852
2402967
102457672
51829521
62833842
178296079
92228053
235754291
193882310
210082176
75843967
99085155
92421941
36998156
107113971
51264608
46144367
111873946
94926386
114079992
191061624
183000869
136082242
180734030
65471118
77636254
174749832
278697741
229028334
63842985
145993402
253329438
40358516
25940589
1564180
187485410
274586155
214353216
276017200
86806941
98173168
76645220
118438640
61799125
102145687
93636258
59956615
236197599
23997966
84833377
55774003
71705168
40950101
138725875
206436379
128473058
71423073
78571387
238332159
157144126
153029760
121975320
142253683
11101476
10890035
210418113
255532297
106843555
242235421
32676957
165348435
174655630
172305909
35683298
32758686
130022509
21175551
96369859
52714751
47670701
28686568
137918325
101781617
223574902
67806902
94481450
111905032
58287835
219406477
256247889
169159709
73188736
192362586
131607410
264816620
174958230
228668181
10674708
169092557
233662683
69116314
10446122
97992893
235750922
124717263
163608146
69727875
205898074
212879708
83669202
117523892
135820103
80694818
210832071
139009592
247560360
256026441
73480261
90693028
38546736
176247064
83162296
11918941
193315865
138716549
189886352
230400589
267652055
213552076
110626672
128107136
11284475
90800294
14942541
134095895
262939416
131466494
193132533
174818334
221277747
270942749
188707293
3448220
109329981
256854254
118259463
10490815
176072508
159113632
242861513
134736526
101877932
10701813
119569377
276496770
234033207
204011323
1101603
100104350
15604905
27549888
215682261
39252037
120849515
235383737
142207549
254727704
183533635
21027081
239629915
249745095
195583886
141848604
243263439
17987414
83630606
142893127
98651425
218386115
184798634
31666155
111552140
23823534
163743472
20833868
118513288
154903842
42537239
194018019
159358715
191216261
267867251
205567789
141827274
222000953
254545687
70281330
189068285
11119604
223032582
78467955
44967277
135572550
208274865
169338805
173710986
191439448
104631092
118732420
162570848
87950248
187137516
108446665
205310999
16737197
200342815
6935451
28863396
43653811
209074679
99597258
179600835
2005153
214432116
272451805
143110239
208584705
180875257
270260485
5799331
75674257
144181744
167597404
67801163
133655445
245667306
237462887
29601245
41151649
119634319
26055253
5573589
267318445
57634417
107509428
189085115
109843934
210115589
96643536
53111972
99146872
53414842
11657643
7000065
27247425
28450163
105764017
192977282
119638807
273322940
244399809
6884230
101521923
18910582
22177634
94345802
27548068
173620189
157157135
48451438
151835347
70965607
192772077
143861716
114198615
2819249
89631667
47659546
51076245
189166449
93118849
247890052
102125223
71418419
62741351
144339957
150345490
118014265
29191966
193273346
75572605
22305714
103371031
85783759
39188659
178582646
168885356
202338320
263665297
161043589
99233041
23787393
238911997
275166382
72150123
174168220
17384918
157841491
131683853
14942810
158963144
62812878
252315375
189565136
132865616
194738840
113521579
248936371
143350410
107983992
189260090
196586315
186754545
68195997
250982137
100721038
232827142
215876723
226634631
125262582
8577763
113963185
259409991
224852985
197980843
249741568
14427261
125551188
16921189
227497888
96910700
21651056
110318385
67101662
90825022
117123487
139927828
67817662
155226004
82092080
98814628
242648526
92595503
169563932
195308740
173304689
50523095
22049161
177821843
59243818
50325224
94742476
217103063
111787358
241033369
77925113
144256248
234299684
240410049
89161725
14632029
238272061
271053830
178797512
93098420
253950622
5286065
270586482
104062639
231255037
59344649
210011873
147578075
160008538
39274651
24260575
113216138
92165874
242287923
244191739
246919708
100127400
117272842
74972848
273246017
181043766
156233839
131110446
97457399
122222667
31501142
45622043
163507197
104518871
55657629
1569537
97575741
8810326
77998068
85453908
47677070
27373867
126296632
89403917
212322022
128885186
248555609
29036089
227531762
176487267
41690372
183244763
244980888
118734531
262492718
135518640
146818193
129161295
88230091
214651067
268406958
179968673
41803829
40171845
15640914
81454204
38352056
162083041
5075759
236636681
93008412
72627625
188972307
180306052
172755881
1447378
108294174
269356641
205643098
23383164
33444676
241285978
209099198
205882562
58141659
245366355
100326668
185285768
244370253
80407204
166118401
14158864
195907566
41549862
29774289
203024805
131923810
160838224
199238701
142359632
265213651
148402966
106668995
72379341
14490132
30302905
207541055
156638018
244368954
99631342
34973806
269780738
219761554
246004876
108121464
195142363
162010106
257761642
211901165
52723520
208102995
135271304
176745870
262684551
117270912
230044053
40136946
154820788
113768743
162121344
229091336
232396245
83987100
129194449
154251425
96962575
2158597
196504370
230967970
162110839
174020025
25202779
260426408
35565126
93872120
48327858
129001982
5570393
185468631
23088697
123236899
35529450
58138850
202539431
203657426
161127347
47479428
216784130
204696405
68103982
172156721
133391528
83082714
194847612
154878248
237677669
38437141
272327153
33400056
92401162
15299424
17284853
274358860
209792094
209511609
214377607
214847702
129484381
124082833
252492916
112449112
150834158
201187523
155138444
220784403
21164648
196762938
253955364
227856303
202606720
226988869
25983119
47873257
144187159
223902409
2136794
80259980
91117537
120817666
52934897
9733536
80628628
225982962
19956403
65677088
228139570
60729514
91089972
252709663
76340892
204435177
138505750
259863938
35500851
252831231
88747916
153703217
68300512
217677553
219657519
111993583
28994339
8430957
243293558
55351964
182073532
76867666
80716332
194911707
118594670
54814337
22364647
257573639
57358745
190204523
173694841
120580852
174358346
43668816
138329024
218226783
66913521
94105558
74168277
174704190
140353711
60977227
110072188
265107932
178255296
257211727
123331617
170927257
264077156
275553742
90385964
211067093
155821818
174228655
214106360
124707738
147357854
108224033
8660772
173302248
203006549
88817915
174117021
191149154
111011652
113630240
255936581
130642172
258306353
92479453
117838330
242491780
224951502
53266115
149619695
103320753
84349296
243440286
123711459
200600096
25785667
166141224
259493184
229715431
116501152
37928200
118743232
59398656
251761355
164318466
107215376
152302519
39983094
232130238
250101651
70838826
206832683
47208663
53335700
121155123
85350049
111227872
60766808
263331066
212179781
200976465
30646908
38186989
229014244
126509336
261846143
237280826
122866412
148517535
270195422
70460860
245301531
62176162
85512620
266178607
128190890
197350644
95882032
111270950
239698823
104461397
25118817
58343582
170988504
259506469
65413142
147682235
146305588
65322798
254416062
115114559
90677780
207226912
110371354
8233905
101138085
644913
239516887
222796954
239777662
41069456
85202395
229869771
235892008
178872188
257183998
249862839
237473833
260545860
129924551
233444700
84553813
185198889
112063099
188367217
108867076
33810107
189675508
211745762
510173
228311841
273887057
273040078
254977934
181933444
194827274
124181087
53470920
106020803
259195639
80758565
251100154
155622588
136696120
266745887
274427150
60175472
226126210
245694350
249237141
197010808
17364842
269896184
23031154
221478292
177403824
56419875
82828096
9130337
146499963
79797707
45915456
56370197
171578812
19378383
220828679
97022313
232566518
1362741
126462080
122427946
176601239
78710215
207086289
76990985
195354931
269822800
136296736
6488866
259808908
236883428
181458443
176075836
72178292
160538526
213073100
273142264
275966606
135107761
211792444
96229692
247662429
175653424
35934220
164647187
60279467
186806918
254648755
146930348
144622043
231418742
179142706
197883041
34939450
193001032
199165969
119252151
48611833
114415755
116586457
56338386
257268091
114818637
137831942
47912022
185692946
177505959
220891326
211544244
91372465
246595246
157183016
263684226
268134750
66293084
254850856
28916828
56653168
239272537
212508379
120327352
227053015
270461935
206618171
17888939
189045902
42981777
95693330
81519867
174870839
258513628
263361401
3897270
255503437
133592630
218530509
148485043
226337546
151390931
245576443
194334387
46580891
220728729
195693908
148311324
115330700
128737544
74574082
45159920
106433260
95321149
213686772
21311109
127481263
193983932
262370244
232855520
80735488
147054917
114187939
72037471
197385747
174909286
116733001
74970760
117523741
62593029
229669624
184690034
116309753
250087725
141342012
93295463
110635043
261733884
260183810
179370125
16402414
112337775
121081199
217828804
156198920
152157980
72907458
242901064
263705256
30011484
86503826
132647130
201646572
176808559
219744414
277639614
95946661
256062764
687783
54679180
264189872
154541240
207724173
270820565
64776116
107035384
260916121
138799840
275995366
261227692
62405007
173164695
56776041
54817554
174844883
38212188
40187214
95230862
40067031
231599965
134588467
235265671
43004019
2404573
123562443
88734935
95739467
237402634
50774736
264600103
157957505
35360072
182189308
199214161
229128052
1269975
41072241
51917989
7412216
205840982
220326985
114802142
66780727
5535794
175405674
258877490
272346409
94106337
194888548
156006439
220120237
234345165
57070786
206911593
190321172
101483309
78497808
155381495
185858654
208875115
63912375
83639504
358602
144149754
21003186
220643274
233434715
241886527
232363868
121872423
269474468
56500493
264687421
252446664
117206012
193626533
118597371
15986852
88376720
40301119
176498166
81191053
255001944
211595088
58200064
258309907
75185642
240404444
220640718
262407895
156219805
244559882
127552984
255359152
142792446
212667976
125094503
226572086
237422734
199910395
136494527
198131981
2720479
44624420
240105158
213610514
106939189
233716889
217651006
208881942
42221135
184132440
207392292
208011028
135012843
19880091
216515943
123902437
92913996
35984573
165199877
141577359
101821797
111603555
145864771
57154920
51344473
199956572
163619333
100075726
187029636
124064385
56878786
265407624
39114375
42867272
225512449
96284164
10007495
77524709
127419633
68104448
177298743
108421357
45348195
22373348
232932440
273655301
51019078
165549524
165811924
13072508
8734839
162558636
28388812
107164457
162612803
117387240
205973773
91648001
74934872
271109177
267782705
76894737
169744019
236508209
24803320
8938888
203927481
205658207
1803803
130268707
185258744
165946309
167615518
66329381
179340024
86292203
66176047
84101413
102920545
202300788
190288669
92881486
44555466
32404143
263188984
112534840
51683572
234175607
18070549
30579082
38415079
190638956
72659561
72801870
149372396
267480796
15911265
212474465
211355292
193813419
245073457
197522287
141666324
226095834
7560836
203147555
101715151
187762024
69006875
44551105
208550125
178894188
99189707
62982878
116039475
115876725
239204284
135799261
113780058
12938524
278032801
236566655
96447045
165707114
130964337
268695801
50159479
238024349
154309839
277945062
270872862
27969515
150312958
109755488
134395282
151673881
68114085
52952862
156996422
76493791
147000775
58332239
213618273
216330652
163483571
193080121
10457832
191866793
94569287
81461695
179586233
227913156
40911885
133911653
220371642
266339330
87385640
154421939
157221457
40639174
248586572
33737970
70330984
214802044
166878976
211996155
254459942
253556232
181131936
187621364
140064164
208803478
270195236
91085664
168503410
83714886
140439251
157971032
224607548
9362948
254276022
156206663
43635810
44660615
77695764
117711131
163123599
214111855
43116924
251360896
164347578
27082829
261631936
70586540
52173156
240521954
252697300
44720535
83865266
227871982
97285646
111730891
23684314
118624960
199124086
35837905
268415600
253822697
251595754
111037884
193856630
186780190
120623167
206722143
237706618
97406790
142879953
219434308
118488044
106970104
59534711
272020698
167155791
142640152
125593016
126344047
160695508
196588416
75133123
121912361
200102090
2747828
2161594
44242298
236198819
103064059
113735721
192163261
82883449
224438945
261066191
180538225
29128151
15839257
223578382
94157119
229582427
52224620
89192922
132088306
149669625
22623935
49628925
74737789
183130020
70074894
11479798
239921802
206175898
265054831
32659719
83747031
75718101
180015015
136834687
181960759
11728506
137865708
91165106
150333009
27325340
54696682
108557850
181720465
180780446
274128230
11252499
1686684
152302494
109158421
253753229
217747009
214928938
8740337
197420683
41679843
160519172
53962523
261802964
275490928
209896685
255185078
245709973
215024962
117249594
192671741
249473486
47070154
80720311
92586448
94131417
230846624
128500717
269088970
33657857
233817175
24933703
233699118
98024520
225610138
29615145
170453815
102076995
186959596
30292994
221320128
262871514
23704182
14431433
94205178
221073044
98099484
251548779
23073570
186018602
44079232
115177799
22706098
182211269
36817686
187104351
261279036
37308066
53405494
144077121
210595378
167433422
47098139
121405337
274531332
18400847
238056513
114701634
78638685
202469193
217293872
184368867
136829104
254865511
73488712
40578759
117492719
72752865
55604646
84821097
145689331
176582679
264988517
260910806
60970767
26926496
44230773
220589278
107593493
95284236
61545786
22577639
267829999
68147551
46752967
77666286
60311089
109267221
161321787
254420053
39546286
23555226
244826742
120533318
93706903
165670547
134800195
233449490
178081089
268929784
114221818
3150383
272177964
255639654
222647479
86204340
137493940
245189168
58033168
86518691
170374997
170864122
270500262
192973800
213706863
35502735
90937881
52536777
111365119
58975934
226333018
269905854
16288956
132047389
231850721
35672136
15424756
135944469
112724153
254934744
190133228
212792933
41577780
212326050
159290510
82495207
185223909
108797871
58555577
124058866
119220549
140083974
10521454
7071281
246887690
14628750
3902132
160684033
210173007
274562507
37580104
43666155
95254169
13184119
73041933
247689768
26526048
269636633
902872
127928347
155479986
196481198
259252126
55507197
102188040
226095110
250685776
223728185
138970667
151865997
259564708
111100321
77977247
276421771
237077327
48800769
47037176
235340029
101576719
125706675
240116078
193709356
187275919
153032544
166919760
137479562
232675037
206005693
186368869
114746149
66393809
221578978
245783577
57250541
203834256
271146533
169912312
145180952
257301011
26889938
212811472
135067154
18828458
184434117
250692974
119013311
163694964
131244575
198841408
73771792
186458079
114139203
228129564
54940452
120853014
190065516
19134070
132745869
171813425
49209222
17690115
183437152
44909106
29459545
110594361
76068991
35727210
235808985
148953904
82389873
95572557
228693784
26900107
178243266
35081385
32790224
167038677
78303692
101601808
206972667
188484861
33209227
233744687
82101758
58056077
13975113
146589077
265963240
17701986
148559303
8899322
48113086
242159933
106608469
121814124
255555940
112945385
37098694
24992320
180738485
176509535
130358810
223891950
77225303
137640944
164892108
9546684
238909288
89203916
237742157
235750748
21425718
160000207
223872572
243359896
188222444
66909532
184265618
24250261
182978500
247626646
170840795
50914667
177763631
172855920
243294812
34469374
261357877
100990915
106071973
129776670
61767579
40855758
164096785
51375832
262980428
272525865
45681869
131463978
27348322
201755836
73647682
90228238
259392089
137436101
212162309
126978556
58203106
3015495
96448920
32407292
176832574
249756240
72116018
151672065
266831344
235443703
117668156
72605943
42283639
123712530
88245786
116088084
216376659
216595907
43693570
50416507
54582968
154622785
196219678
125749266
81346854
46243166
32063070
218633966
100912897
269646458
4565257
7382963
270753561
180824551
134611007
270116432
26808574
116913987
77038673
234288210
194093319
115596021
70146559
192175669
53130379
214603772
137955926
209196026
209548377
172111393
86965407
137326330
40022795
77476549
9510664
240579698
30409989
41904011
104784083
182886565
168610179
100483107
44608150
27886378
184424937
150453658
137261982
269879028
112083059
40784882
134175558
271854882
180006227
171407095
206210911
243735938
27028003
158778159
53638872
225263787
223057461
64318486
267054044
122865832
145751199
158265574
262863528
172329618
46880927
267269410
263512654
275248681
63267574
22142651
219874810
58435884
143618468
99718691
209336404
240793330
39664113
49491136
158129354
101882867
23236900
130747408
102068069
214537206
150048499
51123131
123877062
107611738
209459784
153914299
140590032
21477279
149882999
192729782
267363011
228661022
196024180
7843034
99545459
42583275
74137081
216450568
27846126
64385782
242277611
23780050
237432264
35622035
65678581
34404720
50199343
228852023
207172165
183987812
154697352
88976556
250504741
77041783
103088107
250468025
255597404
56452417
45929288
135124949
222185575
205341082
220530150
56984012
88805305
19117514
53145954
1002092
91363694
221702092
137293850
11762326
83017867
183734202
35432570
82793029
6265890
88388225
274818709
1199002
56984839
34862547
253652838
277140265
70265027
248751217
193729580
180645374
154886641
35696124
14010794
84347036
136380678
176458051
103727988
174369600
271782544
173439705
252180522
108925668
7458506
81272090
42091839
193425846
88699221
170036284
194094307
218311144
270821341
105382991
196243713
260165561
21182737
263052881
109644671
120031848
76777114
148502688
53334973
251449068
33195857
24839567
212312192
270342551
49699212
20069749
10584545
187887806
85542196
2788869
62857836
214712511
167557443
254015265
120820124
263012587
159459877
272751765
63153438
61109196
226014704
168992113
118607969
165213186
214152902
131118007
146538674
240423778
152827330
175303401
7870546
106466335
7682268
273234112
256750681
227479785
101565084
158403282
58562526
205060210
211623083
56125611
34853082
212276092
210815628
106585376
119631223
202511651
38913882
225021273
179953358
185209331
65556636
45717670
277028188
189682850
86058640
245382901
181966956
201950125
56928685
243650295
261510000
50128048
109642229
167252190
225345026
7758111
275234066
242511786
159429
13970115
10389205
179728684
160410530
162569153
107713457
132533803
29949467
238198500
262605275
133535472
42639616
103580582
27793809
155073675
76491594
62877419
78441314
5358190
38822068
40437490
174871798
112648060
203539724
48886394
76800690
149140959
83565667
3505315
116641985
76829481
221992776
249071130
184856344
24895382
151840492
230106423
216347143
215148711
180712907
124070790
163484527
242089537
150146285
117488302
211032214
150561737
77707220
238279915
252880660
115724471
109860283
41064433
23354255
126443487
260296668
144267728
180272392
182717591
264888218
256011074
47396797
167619986
144319216
154366881
119522414
192092829
133137520
226726896
94945425
195599375
262897842
113945348
235120315
66345036
167955774
15500998
59841352
161684352
122584729
209823853
214160584
103903106
125726758
102114721
69412017
80301115
195516757
270357527
130866536
33949579
47452665
197317434
182647935
137007819
