413775934
113419271
214332991
81513033
444420163
154109073
261940840
131898024
303152905
41844625
112016583
303186866
84920562
80651386
158262541
166632184
196768756
88045072
33508971
201029471
93200029
60705966
53870692
256586584
177083428
288599840
393837778
201954356
432519636
337181878
226901030
284342340
114283610
111078710
3733659
254243375
255253447
103673781
153085218
283267665
65936860
286374342
120455546
302529408
301826008
156913368
278188109
492267393
162268824
330276158
238102091
313809029
288938104
179033367
229500723
225110754
329674669
115206416
191045574
391157223
3692550
232439219
279025401
99745270
95743962
139187266
33938442
67191142
38995825
355804621
221615613
64039777
203732537
287315615
243920423
272380316
247045353
419723684
130901072
253669158
566707766
162625792
75506865
250764170
327061558
194399383
286040124
129116323
207390679
229456983
439590312
390383914
397122130
241924588
441512911
198510774
19912009
233528756
172519564
178875343
415283364
48872861
233057406
332389923
257951374
7761708
191936962
238617973
191537613
493241164
351237419
3888726
262847106
343090248
198017094
367849222
362143245
461960992
394346161
287690944
23930653
438240378
152694689
155989095
254379909
163071031
285162788
285967519
316420312
162509121
374603567
344599528
243993076
197359760
316157798
481677694
455000612
89949596
234141646
170436998
96333708
233664693
118918705
186161547
325535708
16005160
255305073
351958007
55418015
245777720
171219451
287233374
411677446
70726059
16407518
145099885
487163819
262860933
238300067
55313196
233325406
326123211
193084220
415973659
90026718
426328830
250137351
87132707
360785823
280148416
459587953
340370528
268461923
471370038
448963566
285187589
276910710
177337738
84758531
290381625
430790683
214990845
224219935
428609458
289187330
238571121
155996793
126866106
187386195
24976838
205996099
302202023
37004408
116440053
226707815
231661321
166133478
388995883
87635916
106626958
263379775
285503431
72038933
193726646
337920567
265654965
183692081
236834071
56222721
108575684
205456587
322118672
20264893
218441908
177703468
307834598
106320027
465573381
386314401
258210805
142719732
411056301
248181891
334451295
102180832
284296904
315315428
110943097
59207940
43388124
276775898
24316392
377187163
131116395
97920769
96408193
119563895
507858733
83386666
96852018
102242451
72632140
463719536
258040046
265676713
161918062
388191386
409383670
36119235
359677282
179421906
107685079
198906479
289475026
179429743
41093372
1049039
154890846
60144412
102695963
85441219
328172606
531102411
250355243
28107984
54064660
45094813
246300034
187468509
123570167
113932914
99311404
331694906
194425292
291484540
304181892
355452467
289299781
338003228
432457925
264352946
210445992
344051502
230453721
523057814
296231953
161074255
264408122
38320003
142819635
182619371
236869279
368611002
101861661
197717166
222561887
164514506
302662457
239501682
199552202
171388390
270649879
27171377
310744286
232537792
141195530
158276135
209762955
265935651
125196052
2093398
235968358
13728859
110754866
249919223
293595048
236652773
466975505
151290418
343390788
444365332
282038160
470331334
40575775
54880329
45407589
213689351
461252476
233135291
93613564
218196678
275165452
11869187
59096433
227483636
31137030
246988783
1683871
381064131
159511442
196302158
416050940
189466124
127998040
174688350
86366534
308128998
268085722
42703095
156972046
79669230
36504629
2029725
285727493
210675775
85435834
490910073
379113823
128008003
70611715
156042152
288556978
184419119
131141191
82361567
302461525
236575697
361597152
264059120
146883607
526748141
473583962
348305477
74327768
252791025
279014718
364825467
6542008
258967378
57661228
72480412
7737279
81269606
146928405
143269856
320969706
266205185
457087732
132659427
209379145
225444000
26071789
245862272
129860250
77862175
74678476
180238360
192178711
144407654
253071590
130157646
417502703
45391674
262080477
90759039
199978893
233311904
66217637
22328113
390272966
278966999
15738001
303653440
380974010
241470185
173667527
94306361
262354564
256582072
142880556
531576715
100711024
34405842
36897878
53219066
286493602
30464703
302197879
137691356
2113063
423212536
147676397
139525873
326020676
220147953
176813041
222121486
221208492
362404018
252056033
28214559
355856397
247011587
80457188
210145879
221051447
294981498
215699063
145872582
225403553
235779096
88022068
78879690
54220664
25105459
438992375
303743202
150671729
121367395
366383734
178936935
329035289
163393472
158097266
267123149
141568402
13027913
201614497
56090239
428882765
101277284
218413440
202311501
403206184
253434981
366628870
32064459
342482645
309271154
320549880
146815028
130313263
370630383
336301262
235625003
162365557
135261455
112039290
186187428
338022605
448487574
266121287
71939539
479792083
134170547
227067860
80965300
14547611
212906343
281079992
325738358
254668741
25281880
25542904
398165675
281790519
181485688
43136605
497772450
418146852
170876569
65911825
317124134
100402731
244218391
198228030
135837348
285357782
111036530
23788538
296718355
140723841
210521443
178717504
77405492
199380781
248867721
363115687
47518277
94717504
204748109
118689861
303267098
280225882
104034542
62368461
89971167
333975034
421790816
79713721
229319698
439056961
90272537
222814424
419978462
28220445
68494663
484492885
214688025
347112840
278952550
269950519
96361864
243859848
207218371
269848620
246943917
389906647
362695782
277790803
127651844
210445042
135881934
344535581
72791398
190097817
413096231
150232310
19799304
223226665
197128902
28033668
365576988
323321112
234462503
200249480
551127950
71166223
9771262
401827289
81104233
30401761
18174986
212085202
346810592
67958845
258998598
166154433
164192138
414591221
232877276
395989263
124040045
162542617
287780242
324403736
200924668
204717407
36419530
89162772
267700587
346950484
154885674
410370809
77967185
235093945
79134900
471314240
242870849
312616634
8554338
59768354
229657902
276550008
240988799
244033868
274397459
246954551
307654073
3231170
56795956
111937528
223817956
209349296
403961790
65643231
228527818
204848932
326179192
155243048
246805636
211111822
408801493
355585742
269920797
206393746
93624946
220576129
112093882
145147281
297786610
120851477
22638418
295941629
105131056
374890960
191221272
47768769
126264898
151779983
446873381
226345746
316372386
219397894
269950802
275803141
133536430
113295324
264207480
117739045
210769092
311156307
284420175
253865112
225481883
17206158
151683452
187334677
237111051
95861485
270476026
29214419
18453385
242266527
114284629
334959812
276600297
87221760
182235447
380052643
267823012
380146984
470768922
272895907
278299576
209010417
57637462
189433558
21098414
97615750
266206233
73907929
433759443
243387514
265903757
427123076
322510626
481730268
187983876
214196715
250589254
245574849
79099946
124318630
109519723
58578604
130426120
184108635
269073049
288176348
455382308
221249172
284834183
440906424
253276009
95342197
240877606
224550844
234597979
304627958
185841176
316381168
160794950
57631258
28264053
26111226
275451160
117974775
378929740
274586816
288688706
355104110
317206466
69139950
425173296
168876336
359995205
259018783
229843033
524425566
250579931
148906089
259957051
298465705
300125684
320025090
429433290
75990132
107662756
99441364
98937073
431211312
88473018
130282710
284854173
121391123
261043237
351354116
48967466
249803209
170434058
132201095
534994462
207186368
96782348
283159841
338963984
114122695
106778373
350829823
149327685
113811210
71278725
344437086
231965002
23124047
267668454
185290901
47983735
143402630
340112052
78428378
120199774
223345485
283348284
189744776
282187159
255827578
218030821
34127816
213100771
496940863
101316280
44214765
42439040
176460600
151413476
521153755
219495006
151107865
81375835
382644620
152954840
249560150
20977665
127256183
149735037
283513837
433024577
188771055
148237903
106154716
44766638
324963802
326664194
302675577
240620961
142041893
238137609
227845612
31643769
152887102
333665489
280092077
182152044
63398977
315865101
142273746
186103213
112025247
296532979
120323089
53246485
79296963
97438676
273643514
152967839
16421404
152361303
239628886
316774761
18489382
394226525
294941814
286097531
237298486
141154158
93572093
322231054
253720196
341130503
192071788
183560626
151787056
34548425
250961273
70375680
402958834
258072116
170645222
117939135
174914668
242709748
260215878
225262650
227575644
62891172
523220287
3159189
150911056
208067418
335095084
42712575
167469077
427499819
56900628
289747743
173595496
231937780
51455492
179521967
12021765
364405833
104238263
105321802
206657148
251468838
489016371
261793926
33549719
252265618
192789580
167027335
50680118
241219621
398289267
158603602
302286429
107183022
559233639
259307778
110617722
195977297
85749198
255189646
419698492
262373760
129362658
445590768
139772717
206147929
311088125
95170319
167445649
149252736
458868685
235339210
370986795
283842081
214121176
37378488
60080991
153041215
189982291
45553176
386075006
341809365
175833682
412167915
143973681
64044737
80648774
66757156
105364865
376219679
191573983
14351291
202568334
418485078
276157931
258463897
276563088
173956036
180497749
264613929
87859710
97282574
178387301
792378
99537528
328700930
97428566
281906455
214929726
99969285
439336565
164333778
341446426
75456652
30664469
182143859
91492500
133980496
79327698
277482705
343139469
286821326
252049943
104619414
106702915
21558979
254415748
117865518
28736736
278975483
351250587
40368610
116764550
189210851
171523008
66938734
432719945
348266540
189106173
61958705
203201915
83230842
378580686
173060409
35333027
193205766
1285819
270547175
281660441
479917550
211689091
290904415
247696547
109043038
170888332
63469456
135748460
446235799
191916428
115298480
124073249
233301848
255803256
271974681
219510695
253121413
255403830
171959042
163852988
118933477
88161775
103977431
151574201
121602538
170997422
100909212
146658670
253600123
283807841
282834022
560523083
226377873
482608390
489005770
284490906
263258167
145794148
208878123
327157340
45529648
296481865
208715781
268795926
456711194
364718089
35862010
246612326
209450681
286383140
274249163
159078801
270975172
322213241
287261077
262902556
106878399
245429715
251592913
152356987
122117980
344821958
127232401
107237875
194986224
83092901
262156620
292548203
51036131
166643603
408813547
126679887
459372205
311529461
226427352
28393965
30847149
336685721
142075590
532418272
208670913
213861518
188663351
235852754
187479307
51237396
309863190
267896007
26697171
90727545
304297306
186688113
207708476
65521034
102715926
280351391
180365127
102341924
195607563
109537189
568793955
188503005
144631737
259255957
204442603
288897987
265617454
480482211
41064353
84522167
39080896
80939763
129336894
409650223
135449216
116216163
405994647
185828546
293760210
338873231
142468164
32412143
136230091
158199879
271168188
57172540
267988889
435118998
278626468
408861646
205965269
448718885
228415295
66757620
190832611
259124386
354296423
402304104
259674714
294498349
362585533
515886156
152557907
169473083
268592005
215369822
187240961
527278025
15513930
281457710
476215863
152248323
326909760
434287899
207483080
394702574
67290847
263966570
288555637
54176218
362821540
10743880
218109531
309782488
244701929
199824160
140264381
78010966
256389958
217625269
463013212
360177919
338992579
140151159
37268364
325717714
36590279
355771993
249667193
189026110
127155518
62186287
50669608
160721778
285356234
153781266
386263040
268260238
175981891
243738394
6240190
197832951
46911410
127205121
465422345
227664945
313600674
315880318
137892141
58210761
463731126
166345910
95063633
321424780
459036374
141293679
257205940
220102617
260987683
172417032
197961594
437748144
82773559
120151800
387318865
95544354
207403782
389991802
327310645
165340030
234834093
205480788
310180502
78852744
99515909
310180315
242581411
245862420
205925347
392310119
362912037
235623065
79002353
235708869
394072123
82932338
270167780
159625474
359663513
131877086
230484529
218083581
272036028
145630438
216927982
259079702
104592686
301613568
376712465
149176306
335983361
24518750
90023709
231045659
253382531
315152939
91806035
281408982
414292688
36176416
330501073
403146648
238434494
458802996
480862730
563182382
273855440
230780460
187739621
33707784
209751563
336421553
263475800
108429046
544810708
434786219
178923916
483239746
54537330
340605019
421982088
390861216
121086635
73551132
332302634
507409668
200983671
405692380
179447065
407363620
298455179
156937568
341626669
241268605
163621113
260098442
262558563
116714270
241016810
309416685
308776700
20978737
110170482
234556521
25086989
34562998
273777918
149045834
251365923
336791086
149506076
97623655
335867804
142571936
214295861
283011269
92107414
72263787
288471241
380766839
59997057
35461439
235516638
235877291
499185557
40655878
39805779
289175818
467692412
202400323
273388363
229593360
370300016
476190725
198110418
106505116
396551867
213774811
353499468
340467938
277038089
305023344
277314428
85652451
260105356
437395526
106944682
26954889
419996498
42907223
33865147
96336972
345323553
397696423
79221049
487215288
175272898
416110067
205619410
140856008
455067646
63344424
389223048
266260343
289402896
254723929
45218861
190909162
212189896
168626102
466505554
205964559
448056458
12143790
281999324
226884584
28098674
273814533
94634472
78825603
79447462
310008055
125180646
101869504
139209709
160801067
366073129
302480829
44018211
199792061
486318907
246313499
110732526
153137867
144526262
390399692
342676022
249770852
477357474
307978318
347466253
106281903
491711793
132300255
331894203
213054523
65059147
342582682
146830607
213028799
69997663
269192904
479176584
193641685
239528524
443215970
236296230
299763746
127652524
45353892
262787866
435923480
421972946
223925014
406343678
240156007
114754566
247114718
216598466
265640810
511417761
351299769
319578527
362514274
40301648
275522594
169503867
217727692
21703809
466586508
243702956
95281901
190872492
151668337
66460727
227223890
225420964
489273497
173174068
72926106
15570171
175518795
61086025
250667830
105024789
24476205
293168991
66300386
270838329
243248510
196332555
368556817
287277527
266692794
103366626
197707990
152192940
199932573
309037940
197432915
235696183
345905792
111543710
246357473
461230157
46717037
451636759
150127218
115426068
161169732
256097058
164279403
169562877
40726169
28637355
278692661
44003500
224732306
196204429
239985456
338062319
314449504
88851591
233762553
367727108
119645091
169010285
415828657
30282612
451799759
188734836
272777760
470160050
153474399
128218742
278721928
35039464
238262261
206654833
42928717
244920659
11744935
253507070
233816986
335303656
275661409
59733272
200827902
357221223
2861131
241662271
113108111
374615089
290709410
40513260
404502855
291021953
115852971
297218959
145583616
238452082
261892137
5846873
240425652
136330232
405208720
148777853
117008963
63195287
50231266
262106456
310584415
380522899
130879968
249006107
42442334
138745202
100078466
87256655
61781406
191062925
378825794
160354395
451882998
38393080
44961752
189344543
411676004
134500073
323434502
197626643
194658469
237742894
44007308
127018977
258650956
256214308
393613829
39516901
276996967
326546102
235158079
113361375
37739939
130885938
218343332
207590393
38937386
473817632
275916019
224051171
95965935
269131084
370256060
416786771
148006773
69187074
89798798
277148303
94463712
241419942
254518058
234043459
44395460
288630569
102160622
63772011
299992866
217332030
237780013
298264712
464162292
310859678
90607455
264642227
47186190
46325077
146773309
277641459
514338752
109920742
251945078
253769145
15810832
110265204
260085559
266931379
383873674
301938221
243105095
242543170
154929219
186282467
23523259
232882462
153939882
247697975
84418757
274943025
2822834
319035884
289356051
68496035
319150822
192543558
166448335
64723399
181996714
214505286
188031880
111754845
251095639
2217082
163598116
229676661
29395323
358297599
279995302
18107674
32950464
197613082
159720497
188682664
239116423
392998646
270806802
134492856
324301263
320170126
142371138
492625503
350324707
337800396
168228935
179109204
134692406
192560163
191174545
247732434
315697073
352049535
62601864
282510432
249548337
149060476
169286394
283782933
186212595
360209435
391985396
217303882
86082110
47622970
170135468
217916630
411684822
477164976
161671486
503193122
364372665
344780997
138546274
220660462
445850675
69005543
140918488
289927592
308485861
224947374
484766904
528326725
226802951
265734604
244486102
160322457
137540425
249465257
407629701
98964831
115026001
71409559
411070229
250196096
188328438
221244144
192999497
151091581
218962609
242899912
112624718
90706837
138914730
156257298
325401379
286571039
490146208
167249707
110034114
151880600
96947380
97327147
48419167
133552118
358439933
424778620
103136434
386753581
119717148
196905096
109259401
482010466
94049250
217273241
342347985
187294052
392815567
180581131
238326288
256627041
42701798
262492075
256162825
346653955
273961203
37276012
150423653
283137303
109398541
267242342
238769322
192039550
159852022
81270738
274384016
275920945
182163717
174431002
463288975
275330002
246529841
209838268
318769982
283808353
194504293
268473342
387456093
214106839
252666516
349617222
56882915
46738038
215179091
335721505
227233085
266553689
240613087
192906607
170932700
188567064
296334606
183091812
552735272
438160859
178826979
110477891
180504430
249619463
198286042
130837400
374584269
263849160
157075215
261369749
433622442
361976660
287308963
94844259
165372989
239176604
236115383
73176696
195251170
314871393
278453955
95490547
16245330
356056868
285486907
171406242
81323758
228876361
225732733
366880861
168320617
440701027
102072080
535890344
149768450
166016987
286874322
77642462
336657781
150018506
139363650
282453938
285244672
146115534
342625847
107792970
525908671
171567086
110608845
523205276
292267038
184635075
206833690
71492545
191179521
231591358
261445057
206861533
141719949
256959676
466834770
376524952
292871348
236596000
61873353
277266416
249549567
269313106
415785257
231039699
295669166
202833222
11945119
84239652
444798476
463150736
5638388
258315765
175086088
437942182
424722250
348126651
163556104
109077473
211634142
276472305
92575985
126191012
172861131
346881389
96099011
165204862
339614055
251599297
195668898
44836415
337537936
163458857
215896944
299686570
141825246
364050868
251103997
119301527
168879340
434770318
202744329
91623431
54132037
27525690
167645705
280181510
24151098
313305814
16675214
426416945
118786956
6068996
273932586
253331852
67653709
140949980
200699459
18443881
360318006
235577033
283274428
256539600
135367413
382784030
245519046
97094313
384800372
168673729
104510384
60920048
54311613
213704273
249444949
146310141
132557786
8329225
333999440
286616364
390220615
399106886
169867857
347992130
273014107
446594767
190406296
343111600
180337701
362831400
160549993
42873216
116419681
278881429
270860607
324767468
446484658
314981742
133817782
304195043
307685723
100973742
165925404
269088260
302213712
173353184
191547066
123569997
19486588
380416635
401991834
295396845
105540251
234960705
114780304
387835727
133406258
111620838
135646909
62186152
116202301
254501973
158970490
139842689
123406218
373972496
176179144
191512123
229287896
124896
193646742
392881782
530371903
432775954
405639700
260549135
206749907
292127785
222638205
41803110
237322864
372735846
274377707
188340923
237694719
229806954
153528864
279553980
207668591
281514793
397875091
482327819
426447934
34935525
260771896
283866470
88442267
139291765
505714465
395775590
341226169
201931053
231514304
62215118
325790404
75446426
285619993
133452570
221645909
73398355
450582696
167234386
318150677
156160044
87666588
232506406
390012742
145776017
254318624
146107065
374204898
191135865
17307540
15976584
382620671
196549289
271735185
247962443
412970374
21238557
170523717
159260123
14245051
248873267
347228991
381203496
171139367
435817710
325246663
93120962
431384285
284779752
54921981
119912679
59671711
16395813
32033
198037214
356336710
205333557
101510963
195567295
457800671
77991812
279988174
236175741
65810830
276681419
154465380
146712757
277187426
215826757
112411261
192930344
417753653
1560291
125480383
253572622
364325533
145933109
42446618
133707788
201725279
242278344
135245138
318750822
13698440
215383715
477684776
216020101
236004628
36465501
464485747
328927442
149654117
8042741
48960478
236723039
285222555
368797610
82586915
282684439
193208874
79700653
328391222
93381015
279962292
208645924
85244703
415930335
242907185
343081927
139273225
275393115
78334860
17443379
17124588
243883163
208182787
373514747
216008541
242829364
12361
454033760
143530561
109349720
202480260
32001822
24883923
121937065
217342389
321358345
420716736
76747495
377160892
247378841
473343317
197961818
318339324
276929440
236105355
148130208
84055455
494694942
480841003
189238255
84600098
195775556
506284525
61463289
495242117
273867582
304079252
30221925
138039049
27740512
273644202
236640643
106831597
100701805
172036147
199302778
431528837
262302030
273022025
133890099
197272171
247262404
10685803
98549135
236114924
303308338
93467970
286938821
213337053
485118536
158969587
70279903
261052179
52416389
424324594
212423204
411644098
302461627
120169464
46427487
273194434
234660717
80493424
137356779
183300647
377322223
125571012
3250362
222259045
383563308
71300556
296293765
139664430
69655180
47984819
491611613
382206104
78494649
248327062
47775532
258284452
196054228
246383095
113199965
260059465
138543827
475019170
111955198
226966918
29911444
333969837
289401076
165564459
338204978
259447029
474113875
217996214
18839210
497226330
214938663
166708829
197746791
171148793
34845845
242804562
252020806
484655070
62971996
25820659
280841584
221514600
158674422
170175697
23530845
324656521
37019483
267633430
305087509
309746283
165983603
307751347
328110117
443148725
317309025
272684352
154938759
252945692
9699846
61932171
469468009
243197860
250404020
83404995
125681964
17772145
253391321
185805678
86401092
403135231
191182422
180577898
346927633
336215142
230219087
53557352
332208557
161648479
119747863
154414728
304809090
234287795
513145291
143065755
83283708
273040671
181252016
238623250
437092257
257424991
25043416
185470785
284369297
178947741
267881985
125168953
4102681
422122884
248417961
168988347
47281555
163733745
272743786
73761769
347904257
265009063
199656367
196296472
74881511
61881823
107259820
24530703
402749233
348192041
4674079
70148190
219482842
89385939
162854042
114788848
155659793
151360423
355740136
24510063
282580821
122815580
238792059
26161860
288202159
254286762
171688108
385110248
218083519
315009314
31866027
90555458
272408962
89068367
268805733
147961079
88335718
464309621
285888472
205637920
341627032
201484404
417930649
163153068
259259842
159132994
160566495
263842992
4076465
396641594
22040163
371795778
223695956
425283553
388177923
252513934
277607605
175959500
317038133
55184578
219929192
93734382
326625482
204527659
136224334
101115157
135887101
447284583
293990139
189224684
268200266
30693648
106692572
523701632
412595155
277819905
3906996
283885468
123187321
382421526
177160774
348570599
425895931
263628003
469473081
433925694
91106325
358917355
246349827
62205342
244051571
90915345
89123575
379117990
243584972
168283156
97797121
278764112
267756665
186463550
219971017
90411072
206338961
301715407
189570029
242459338
478283217
296224034
81392627
55902546
331014353
265297721
239350777
296279548
65760560
474584592
39921609
275245230
432915722
75341710
377876835
235709883
140969880
117266998
20532064
341909597
139486130
262121899
261323730
140771333
78943291
151533003
79411481
253653778
116361468
108040487
200545526
136805492
183256228
208770361
370277830
100706005
24753035
68389788
174759885
320719490
353580256
243264848
112838784
35340566
381457386
338870193
183388916
186607571
90477119
23272654
451503264
137257804
219947282
269903830
236679790
276995681
392268474
285157055
187422655
315671346
198657693
381665257
85364179
331665667
440600867
243496425
312541202
280362936
154662480
321402089
38303424
128008103
267175903
230615001
107631603
237214651
106677613
128745460
44365861
46628878
497821206
168470901
294450257
93919244
74220632
68222940
222416162
363962421
323701839
14107316
70036674
276288569
222776141
378884198
291691127
257757570
183936543
8457925
241637938
39660019
323506181
55231260
192979553
259965178
231216535
61062710
340058331
462175347
332734641
236666790
333085195
56792123
173947639
213860599
244575649
210988449
168162286
361059697
309429348
9838765
281849136
133964239
286924153
331598199
316403248
267280201
127691622
276936994
24036730
323033173
296382302
91071730
206055266
481971800
216513927
258773077
100885901
215488195
182670572
114436429
207408735
431832963
399078122
203521862
255468596
210473696
137101335
129595337
